[2026-01-09T12:08:51.553+0000] {processor.py:161} INFO - Started process (PID=198) to work on /home/airflow/.local/lib/python3.8/site-packages/airflow/example_dags/example_external_task_marker_dag.py
[2026-01-09T12:08:51.555+0000] {processor.py:830} INFO - Processing file /home/airflow/.local/lib/python3.8/site-packages/airflow/example_dags/example_external_task_marker_dag.py for tasks to queue
[2026-01-09T12:08:51.556+0000] {logging_mixin.py:188} INFO - [2026-01-09T12:08:51.556+0000] {dagbag.py:538} INFO - Filling up the DagBag from /home/airflow/.local/lib/python3.8/site-packages/airflow/example_dags/example_external_task_marker_dag.py
[2026-01-09T12:08:51.572+0000] {processor.py:840} INFO - DAG(s) 'example_external_task_marker_parent', 'example_external_task_marker_child' retrieved from /home/airflow/.local/lib/python3.8/site-packages/airflow/example_dags/example_external_task_marker_dag.py
[2026-01-09T12:08:51.841+0000] {logging_mixin.py:188} INFO - [2026-01-09T12:08:51.840+0000] {dag.py:3036} INFO - Sync 2 DAGs
[2026-01-09T12:08:51.863+0000] {logging_mixin.py:188} INFO - [2026-01-09T12:08:51.862+0000] {dag.py:3823} INFO - Setting next_dagrun for example_external_task_marker_child to None, run_after=None
[2026-01-09T12:08:51.868+0000] {logging_mixin.py:188} INFO - [2026-01-09T12:08:51.867+0000] {dag.py:3823} INFO - Setting next_dagrun for example_external_task_marker_parent to None, run_after=None
[2026-01-09T12:08:51.919+0000] {processor.py:183} INFO - Processing /home/airflow/.local/lib/python3.8/site-packages/airflow/example_dags/example_external_task_marker_dag.py took 0.372 seconds
[2026-01-09T12:09:22.126+0000] {processor.py:161} INFO - Started process (PID=445) to work on /home/airflow/.local/lib/python3.8/site-packages/airflow/example_dags/example_external_task_marker_dag.py
[2026-01-09T12:09:22.129+0000] {processor.py:830} INFO - Processing file /home/airflow/.local/lib/python3.8/site-packages/airflow/example_dags/example_external_task_marker_dag.py for tasks to queue
[2026-01-09T12:09:22.131+0000] {logging_mixin.py:188} INFO - [2026-01-09T12:09:22.130+0000] {dagbag.py:538} INFO - Filling up the DagBag from /home/airflow/.local/lib/python3.8/site-packages/airflow/example_dags/example_external_task_marker_dag.py
[2026-01-09T12:09:22.145+0000] {processor.py:840} INFO - DAG(s) 'example_external_task_marker_parent', 'example_external_task_marker_child' retrieved from /home/airflow/.local/lib/python3.8/site-packages/airflow/example_dags/example_external_task_marker_dag.py
[2026-01-09T12:09:22.203+0000] {logging_mixin.py:188} INFO - [2026-01-09T12:09:22.202+0000] {dag.py:3036} INFO - Sync 2 DAGs
[2026-01-09T12:09:22.233+0000] {logging_mixin.py:188} INFO - [2026-01-09T12:09:22.232+0000] {dag.py:3823} INFO - Setting next_dagrun for example_external_task_marker_child to None, run_after=None
[2026-01-09T12:09:22.240+0000] {logging_mixin.py:188} INFO - [2026-01-09T12:09:22.240+0000] {dag.py:3823} INFO - Setting next_dagrun for example_external_task_marker_parent to None, run_after=None
[2026-01-09T12:09:22.315+0000] {processor.py:183} INFO - Processing /home/airflow/.local/lib/python3.8/site-packages/airflow/example_dags/example_external_task_marker_dag.py took 0.196 seconds
[2026-01-09T12:09:52.650+0000] {processor.py:161} INFO - Started process (PID=692) to work on /home/airflow/.local/lib/python3.8/site-packages/airflow/example_dags/example_external_task_marker_dag.py
[2026-01-09T12:09:52.652+0000] {processor.py:830} INFO - Processing file /home/airflow/.local/lib/python3.8/site-packages/airflow/example_dags/example_external_task_marker_dag.py for tasks to queue
[2026-01-09T12:09:52.653+0000] {logging_mixin.py:188} INFO - [2026-01-09T12:09:52.653+0000] {dagbag.py:538} INFO - Filling up the DagBag from /home/airflow/.local/lib/python3.8/site-packages/airflow/example_dags/example_external_task_marker_dag.py
[2026-01-09T12:09:52.663+0000] {processor.py:840} INFO - DAG(s) 'example_external_task_marker_parent', 'example_external_task_marker_child' retrieved from /home/airflow/.local/lib/python3.8/site-packages/airflow/example_dags/example_external_task_marker_dag.py
[2026-01-09T12:09:52.716+0000] {logging_mixin.py:188} INFO - [2026-01-09T12:09:52.715+0000] {dag.py:3036} INFO - Sync 2 DAGs
[2026-01-09T12:09:52.748+0000] {logging_mixin.py:188} INFO - [2026-01-09T12:09:52.748+0000] {dag.py:3823} INFO - Setting next_dagrun for example_external_task_marker_child to None, run_after=None
[2026-01-09T12:09:52.755+0000] {logging_mixin.py:188} INFO - [2026-01-09T12:09:52.754+0000] {dag.py:3823} INFO - Setting next_dagrun for example_external_task_marker_parent to None, run_after=None
[2026-01-09T12:09:52.860+0000] {processor.py:183} INFO - Processing /home/airflow/.local/lib/python3.8/site-packages/airflow/example_dags/example_external_task_marker_dag.py took 0.216 seconds
[2026-01-09T12:10:23.349+0000] {processor.py:161} INFO - Started process (PID=939) to work on /home/airflow/.local/lib/python3.8/site-packages/airflow/example_dags/example_external_task_marker_dag.py
[2026-01-09T12:10:23.352+0000] {processor.py:830} INFO - Processing file /home/airflow/.local/lib/python3.8/site-packages/airflow/example_dags/example_external_task_marker_dag.py for tasks to queue
[2026-01-09T12:10:23.354+0000] {logging_mixin.py:188} INFO - [2026-01-09T12:10:23.353+0000] {dagbag.py:538} INFO - Filling up the DagBag from /home/airflow/.local/lib/python3.8/site-packages/airflow/example_dags/example_external_task_marker_dag.py
[2026-01-09T12:10:23.368+0000] {processor.py:840} INFO - DAG(s) 'example_external_task_marker_parent', 'example_external_task_marker_child' retrieved from /home/airflow/.local/lib/python3.8/site-packages/airflow/example_dags/example_external_task_marker_dag.py
[2026-01-09T12:10:23.414+0000] {logging_mixin.py:188} INFO - [2026-01-09T12:10:23.413+0000] {dag.py:3036} INFO - Sync 2 DAGs
[2026-01-09T12:10:23.434+0000] {logging_mixin.py:188} INFO - [2026-01-09T12:10:23.434+0000] {dag.py:3823} INFO - Setting next_dagrun for example_external_task_marker_child to None, run_after=None
[2026-01-09T12:10:23.441+0000] {logging_mixin.py:188} INFO - [2026-01-09T12:10:23.441+0000] {dag.py:3823} INFO - Setting next_dagrun for example_external_task_marker_parent to None, run_after=None
[2026-01-09T12:10:23.475+0000] {processor.py:183} INFO - Processing /home/airflow/.local/lib/python3.8/site-packages/airflow/example_dags/example_external_task_marker_dag.py took 0.132 seconds
[2026-01-09T12:10:53.836+0000] {processor.py:161} INFO - Started process (PID=1192) to work on /home/airflow/.local/lib/python3.8/site-packages/airflow/example_dags/example_external_task_marker_dag.py
[2026-01-09T12:10:53.839+0000] {processor.py:830} INFO - Processing file /home/airflow/.local/lib/python3.8/site-packages/airflow/example_dags/example_external_task_marker_dag.py for tasks to queue
[2026-01-09T12:10:53.841+0000] {logging_mixin.py:188} INFO - [2026-01-09T12:10:53.840+0000] {dagbag.py:538} INFO - Filling up the DagBag from /home/airflow/.local/lib/python3.8/site-packages/airflow/example_dags/example_external_task_marker_dag.py
[2026-01-09T12:10:53.854+0000] {processor.py:840} INFO - DAG(s) 'example_external_task_marker_child', 'example_external_task_marker_parent' retrieved from /home/airflow/.local/lib/python3.8/site-packages/airflow/example_dags/example_external_task_marker_dag.py
[2026-01-09T12:10:53.910+0000] {logging_mixin.py:188} INFO - [2026-01-09T12:10:53.909+0000] {dag.py:3036} INFO - Sync 2 DAGs
[2026-01-09T12:10:53.934+0000] {logging_mixin.py:188} INFO - [2026-01-09T12:10:53.933+0000] {dag.py:3823} INFO - Setting next_dagrun for example_external_task_marker_child to None, run_after=None
[2026-01-09T12:10:53.941+0000] {logging_mixin.py:188} INFO - [2026-01-09T12:10:53.940+0000] {dag.py:3823} INFO - Setting next_dagrun for example_external_task_marker_parent to None, run_after=None
[2026-01-09T12:10:53.990+0000] {processor.py:183} INFO - Processing /home/airflow/.local/lib/python3.8/site-packages/airflow/example_dags/example_external_task_marker_dag.py took 0.161 seconds
[2026-01-09T12:11:24.348+0000] {processor.py:161} INFO - Started process (PID=1439) to work on /home/airflow/.local/lib/python3.8/site-packages/airflow/example_dags/example_external_task_marker_dag.py
[2026-01-09T12:11:24.350+0000] {processor.py:830} INFO - Processing file /home/airflow/.local/lib/python3.8/site-packages/airflow/example_dags/example_external_task_marker_dag.py for tasks to queue
[2026-01-09T12:11:24.352+0000] {logging_mixin.py:188} INFO - [2026-01-09T12:11:24.351+0000] {dagbag.py:538} INFO - Filling up the DagBag from /home/airflow/.local/lib/python3.8/site-packages/airflow/example_dags/example_external_task_marker_dag.py
[2026-01-09T12:11:24.363+0000] {processor.py:840} INFO - DAG(s) 'example_external_task_marker_parent', 'example_external_task_marker_child' retrieved from /home/airflow/.local/lib/python3.8/site-packages/airflow/example_dags/example_external_task_marker_dag.py
[2026-01-09T12:11:24.419+0000] {logging_mixin.py:188} INFO - [2026-01-09T12:11:24.418+0000] {dag.py:3036} INFO - Sync 2 DAGs
[2026-01-09T12:11:24.444+0000] {logging_mixin.py:188} INFO - [2026-01-09T12:11:24.443+0000] {dag.py:3823} INFO - Setting next_dagrun for example_external_task_marker_child to None, run_after=None
[2026-01-09T12:11:24.450+0000] {logging_mixin.py:188} INFO - [2026-01-09T12:11:24.450+0000] {dag.py:3823} INFO - Setting next_dagrun for example_external_task_marker_parent to None, run_after=None
[2026-01-09T12:11:24.496+0000] {processor.py:183} INFO - Processing /home/airflow/.local/lib/python3.8/site-packages/airflow/example_dags/example_external_task_marker_dag.py took 0.154 seconds
[2026-01-09T12:11:54.736+0000] {processor.py:161} INFO - Started process (PID=1687) to work on /home/airflow/.local/lib/python3.8/site-packages/airflow/example_dags/example_external_task_marker_dag.py
[2026-01-09T12:11:54.738+0000] {processor.py:830} INFO - Processing file /home/airflow/.local/lib/python3.8/site-packages/airflow/example_dags/example_external_task_marker_dag.py for tasks to queue
[2026-01-09T12:11:54.739+0000] {logging_mixin.py:188} INFO - [2026-01-09T12:11:54.738+0000] {dagbag.py:538} INFO - Filling up the DagBag from /home/airflow/.local/lib/python3.8/site-packages/airflow/example_dags/example_external_task_marker_dag.py
[2026-01-09T12:11:54.748+0000] {processor.py:840} INFO - DAG(s) 'example_external_task_marker_parent', 'example_external_task_marker_child' retrieved from /home/airflow/.local/lib/python3.8/site-packages/airflow/example_dags/example_external_task_marker_dag.py
[2026-01-09T12:11:54.790+0000] {logging_mixin.py:188} INFO - [2026-01-09T12:11:54.790+0000] {dag.py:3036} INFO - Sync 2 DAGs
[2026-01-09T12:11:54.809+0000] {logging_mixin.py:188} INFO - [2026-01-09T12:11:54.808+0000] {dag.py:3823} INFO - Setting next_dagrun for example_external_task_marker_child to None, run_after=None
[2026-01-09T12:11:54.814+0000] {logging_mixin.py:188} INFO - [2026-01-09T12:11:54.814+0000] {dag.py:3823} INFO - Setting next_dagrun for example_external_task_marker_parent to None, run_after=None
[2026-01-09T12:11:54.852+0000] {processor.py:183} INFO - Processing /home/airflow/.local/lib/python3.8/site-packages/airflow/example_dags/example_external_task_marker_dag.py took 0.121 seconds
[2026-01-09T12:12:25.185+0000] {processor.py:161} INFO - Started process (PID=1934) to work on /home/airflow/.local/lib/python3.8/site-packages/airflow/example_dags/example_external_task_marker_dag.py
[2026-01-09T12:12:25.187+0000] {processor.py:830} INFO - Processing file /home/airflow/.local/lib/python3.8/site-packages/airflow/example_dags/example_external_task_marker_dag.py for tasks to queue
[2026-01-09T12:12:25.189+0000] {logging_mixin.py:188} INFO - [2026-01-09T12:12:25.188+0000] {dagbag.py:538} INFO - Filling up the DagBag from /home/airflow/.local/lib/python3.8/site-packages/airflow/example_dags/example_external_task_marker_dag.py
[2026-01-09T12:12:25.202+0000] {processor.py:840} INFO - DAG(s) 'example_external_task_marker_child', 'example_external_task_marker_parent' retrieved from /home/airflow/.local/lib/python3.8/site-packages/airflow/example_dags/example_external_task_marker_dag.py
[2026-01-09T12:12:25.257+0000] {logging_mixin.py:188} INFO - [2026-01-09T12:12:25.256+0000] {dag.py:3036} INFO - Sync 2 DAGs
[2026-01-09T12:12:25.293+0000] {logging_mixin.py:188} INFO - [2026-01-09T12:12:25.293+0000] {dag.py:3823} INFO - Setting next_dagrun for example_external_task_marker_child to None, run_after=None
[2026-01-09T12:12:25.303+0000] {logging_mixin.py:188} INFO - [2026-01-09T12:12:25.302+0000] {dag.py:3823} INFO - Setting next_dagrun for example_external_task_marker_parent to None, run_after=None
[2026-01-09T12:12:25.587+0000] {processor.py:183} INFO - Processing /home/airflow/.local/lib/python3.8/site-packages/airflow/example_dags/example_external_task_marker_dag.py took 0.412 seconds
[2026-01-09T12:12:56.425+0000] {processor.py:161} INFO - Started process (PID=2181) to work on /home/airflow/.local/lib/python3.8/site-packages/airflow/example_dags/example_external_task_marker_dag.py
[2026-01-09T12:12:56.430+0000] {processor.py:830} INFO - Processing file /home/airflow/.local/lib/python3.8/site-packages/airflow/example_dags/example_external_task_marker_dag.py for tasks to queue
[2026-01-09T12:12:56.432+0000] {logging_mixin.py:188} INFO - [2026-01-09T12:12:56.431+0000] {dagbag.py:538} INFO - Filling up the DagBag from /home/airflow/.local/lib/python3.8/site-packages/airflow/example_dags/example_external_task_marker_dag.py
[2026-01-09T12:12:56.444+0000] {processor.py:840} INFO - DAG(s) 'example_external_task_marker_child', 'example_external_task_marker_parent' retrieved from /home/airflow/.local/lib/python3.8/site-packages/airflow/example_dags/example_external_task_marker_dag.py
[2026-01-09T12:12:56.498+0000] {logging_mixin.py:188} INFO - [2026-01-09T12:12:56.498+0000] {dag.py:3036} INFO - Sync 2 DAGs
[2026-01-09T12:12:56.528+0000] {logging_mixin.py:188} INFO - [2026-01-09T12:12:56.528+0000] {dag.py:3823} INFO - Setting next_dagrun for example_external_task_marker_child to None, run_after=None
[2026-01-09T12:12:56.535+0000] {logging_mixin.py:188} INFO - [2026-01-09T12:12:56.535+0000] {dag.py:3823} INFO - Setting next_dagrun for example_external_task_marker_parent to None, run_after=None
[2026-01-09T12:12:56.583+0000] {processor.py:183} INFO - Processing /home/airflow/.local/lib/python3.8/site-packages/airflow/example_dags/example_external_task_marker_dag.py took 0.165 seconds
[2026-01-09T12:13:26.678+0000] {processor.py:161} INFO - Started process (PID=2428) to work on /home/airflow/.local/lib/python3.8/site-packages/airflow/example_dags/example_external_task_marker_dag.py
[2026-01-09T12:13:26.680+0000] {processor.py:830} INFO - Processing file /home/airflow/.local/lib/python3.8/site-packages/airflow/example_dags/example_external_task_marker_dag.py for tasks to queue
[2026-01-09T12:13:26.681+0000] {logging_mixin.py:188} INFO - [2026-01-09T12:13:26.681+0000] {dagbag.py:538} INFO - Filling up the DagBag from /home/airflow/.local/lib/python3.8/site-packages/airflow/example_dags/example_external_task_marker_dag.py
[2026-01-09T12:13:26.693+0000] {processor.py:840} INFO - DAG(s) 'example_external_task_marker_child', 'example_external_task_marker_parent' retrieved from /home/airflow/.local/lib/python3.8/site-packages/airflow/example_dags/example_external_task_marker_dag.py
[2026-01-09T12:13:26.740+0000] {logging_mixin.py:188} INFO - [2026-01-09T12:13:26.740+0000] {dag.py:3036} INFO - Sync 2 DAGs
[2026-01-09T12:13:26.762+0000] {logging_mixin.py:188} INFO - [2026-01-09T12:13:26.761+0000] {dag.py:3823} INFO - Setting next_dagrun for example_external_task_marker_child to None, run_after=None
[2026-01-09T12:13:26.767+0000] {logging_mixin.py:188} INFO - [2026-01-09T12:13:26.767+0000] {dag.py:3823} INFO - Setting next_dagrun for example_external_task_marker_parent to None, run_after=None
[2026-01-09T12:13:26.808+0000] {processor.py:183} INFO - Processing /home/airflow/.local/lib/python3.8/site-packages/airflow/example_dags/example_external_task_marker_dag.py took 0.137 seconds
[2026-01-09T12:13:56.909+0000] {processor.py:161} INFO - Started process (PID=2675) to work on /home/airflow/.local/lib/python3.8/site-packages/airflow/example_dags/example_external_task_marker_dag.py
[2026-01-09T12:13:56.911+0000] {processor.py:830} INFO - Processing file /home/airflow/.local/lib/python3.8/site-packages/airflow/example_dags/example_external_task_marker_dag.py for tasks to queue
[2026-01-09T12:13:56.913+0000] {logging_mixin.py:188} INFO - [2026-01-09T12:13:56.912+0000] {dagbag.py:538} INFO - Filling up the DagBag from /home/airflow/.local/lib/python3.8/site-packages/airflow/example_dags/example_external_task_marker_dag.py
[2026-01-09T12:13:56.924+0000] {processor.py:840} INFO - DAG(s) 'example_external_task_marker_child', 'example_external_task_marker_parent' retrieved from /home/airflow/.local/lib/python3.8/site-packages/airflow/example_dags/example_external_task_marker_dag.py
[2026-01-09T12:13:57.005+0000] {logging_mixin.py:188} INFO - [2026-01-09T12:13:57.004+0000] {dag.py:3036} INFO - Sync 2 DAGs
[2026-01-09T12:13:57.027+0000] {logging_mixin.py:188} INFO - [2026-01-09T12:13:57.026+0000] {dag.py:3823} INFO - Setting next_dagrun for example_external_task_marker_child to None, run_after=None
[2026-01-09T12:13:57.032+0000] {logging_mixin.py:188} INFO - [2026-01-09T12:13:57.032+0000] {dag.py:3823} INFO - Setting next_dagrun for example_external_task_marker_parent to None, run_after=None
[2026-01-09T12:13:57.121+0000] {processor.py:183} INFO - Processing /home/airflow/.local/lib/python3.8/site-packages/airflow/example_dags/example_external_task_marker_dag.py took 0.220 seconds
[2026-01-09T12:14:27.374+0000] {processor.py:161} INFO - Started process (PID=2922) to work on /home/airflow/.local/lib/python3.8/site-packages/airflow/example_dags/example_external_task_marker_dag.py
[2026-01-09T12:14:27.379+0000] {processor.py:830} INFO - Processing file /home/airflow/.local/lib/python3.8/site-packages/airflow/example_dags/example_external_task_marker_dag.py for tasks to queue
[2026-01-09T12:14:27.380+0000] {logging_mixin.py:188} INFO - [2026-01-09T12:14:27.380+0000] {dagbag.py:538} INFO - Filling up the DagBag from /home/airflow/.local/lib/python3.8/site-packages/airflow/example_dags/example_external_task_marker_dag.py
[2026-01-09T12:14:27.394+0000] {processor.py:840} INFO - DAG(s) 'example_external_task_marker_child', 'example_external_task_marker_parent' retrieved from /home/airflow/.local/lib/python3.8/site-packages/airflow/example_dags/example_external_task_marker_dag.py
[2026-01-09T12:14:27.439+0000] {logging_mixin.py:188} INFO - [2026-01-09T12:14:27.439+0000] {dag.py:3036} INFO - Sync 2 DAGs
[2026-01-09T12:14:27.460+0000] {logging_mixin.py:188} INFO - [2026-01-09T12:14:27.460+0000] {dag.py:3823} INFO - Setting next_dagrun for example_external_task_marker_child to None, run_after=None
[2026-01-09T12:14:27.466+0000] {logging_mixin.py:188} INFO - [2026-01-09T12:14:27.465+0000] {dag.py:3823} INFO - Setting next_dagrun for example_external_task_marker_parent to None, run_after=None
[2026-01-09T12:14:27.509+0000] {processor.py:183} INFO - Processing /home/airflow/.local/lib/python3.8/site-packages/airflow/example_dags/example_external_task_marker_dag.py took 0.142 seconds
[2026-01-09T12:14:57.753+0000] {processor.py:161} INFO - Started process (PID=3169) to work on /home/airflow/.local/lib/python3.8/site-packages/airflow/example_dags/example_external_task_marker_dag.py
[2026-01-09T12:14:57.755+0000] {processor.py:830} INFO - Processing file /home/airflow/.local/lib/python3.8/site-packages/airflow/example_dags/example_external_task_marker_dag.py for tasks to queue
[2026-01-09T12:14:57.757+0000] {logging_mixin.py:188} INFO - [2026-01-09T12:14:57.756+0000] {dagbag.py:538} INFO - Filling up the DagBag from /home/airflow/.local/lib/python3.8/site-packages/airflow/example_dags/example_external_task_marker_dag.py
[2026-01-09T12:14:57.770+0000] {processor.py:840} INFO - DAG(s) 'example_external_task_marker_child', 'example_external_task_marker_parent' retrieved from /home/airflow/.local/lib/python3.8/site-packages/airflow/example_dags/example_external_task_marker_dag.py
[2026-01-09T12:14:57.846+0000] {logging_mixin.py:188} INFO - [2026-01-09T12:14:57.845+0000] {dag.py:3036} INFO - Sync 2 DAGs
[2026-01-09T12:14:57.883+0000] {logging_mixin.py:188} INFO - [2026-01-09T12:14:57.882+0000] {dag.py:3823} INFO - Setting next_dagrun for example_external_task_marker_child to None, run_after=None
[2026-01-09T12:14:57.893+0000] {logging_mixin.py:188} INFO - [2026-01-09T12:14:57.893+0000] {dag.py:3823} INFO - Setting next_dagrun for example_external_task_marker_parent to None, run_after=None
[2026-01-09T12:14:57.943+0000] {processor.py:183} INFO - Processing /home/airflow/.local/lib/python3.8/site-packages/airflow/example_dags/example_external_task_marker_dag.py took 0.199 seconds
[2026-01-09T12:15:28.963+0000] {processor.py:161} INFO - Started process (PID=3416) to work on /home/airflow/.local/lib/python3.8/site-packages/airflow/example_dags/example_external_task_marker_dag.py
[2026-01-09T12:15:28.966+0000] {processor.py:830} INFO - Processing file /home/airflow/.local/lib/python3.8/site-packages/airflow/example_dags/example_external_task_marker_dag.py for tasks to queue
[2026-01-09T12:15:28.968+0000] {logging_mixin.py:188} INFO - [2026-01-09T12:15:28.967+0000] {dagbag.py:538} INFO - Filling up the DagBag from /home/airflow/.local/lib/python3.8/site-packages/airflow/example_dags/example_external_task_marker_dag.py
[2026-01-09T12:15:28.979+0000] {processor.py:840} INFO - DAG(s) 'example_external_task_marker_parent', 'example_external_task_marker_child' retrieved from /home/airflow/.local/lib/python3.8/site-packages/airflow/example_dags/example_external_task_marker_dag.py
[2026-01-09T12:15:29.027+0000] {logging_mixin.py:188} INFO - [2026-01-09T12:15:29.027+0000] {dag.py:3036} INFO - Sync 2 DAGs
[2026-01-09T12:15:29.053+0000] {logging_mixin.py:188} INFO - [2026-01-09T12:15:29.052+0000] {dag.py:3823} INFO - Setting next_dagrun for example_external_task_marker_child to None, run_after=None
[2026-01-09T12:15:29.058+0000] {logging_mixin.py:188} INFO - [2026-01-09T12:15:29.058+0000] {dag.py:3823} INFO - Setting next_dagrun for example_external_task_marker_parent to None, run_after=None
[2026-01-09T12:15:29.096+0000] {processor.py:183} INFO - Processing /home/airflow/.local/lib/python3.8/site-packages/airflow/example_dags/example_external_task_marker_dag.py took 0.139 seconds
[2026-01-09T12:15:59.595+0000] {processor.py:161} INFO - Started process (PID=3662) to work on /home/airflow/.local/lib/python3.8/site-packages/airflow/example_dags/example_external_task_marker_dag.py
[2026-01-09T12:15:59.597+0000] {processor.py:830} INFO - Processing file /home/airflow/.local/lib/python3.8/site-packages/airflow/example_dags/example_external_task_marker_dag.py for tasks to queue
[2026-01-09T12:15:59.598+0000] {logging_mixin.py:188} INFO - [2026-01-09T12:15:59.598+0000] {dagbag.py:538} INFO - Filling up the DagBag from /home/airflow/.local/lib/python3.8/site-packages/airflow/example_dags/example_external_task_marker_dag.py
[2026-01-09T12:15:59.610+0000] {processor.py:840} INFO - DAG(s) 'example_external_task_marker_parent', 'example_external_task_marker_child' retrieved from /home/airflow/.local/lib/python3.8/site-packages/airflow/example_dags/example_external_task_marker_dag.py
[2026-01-09T12:15:59.658+0000] {logging_mixin.py:188} INFO - [2026-01-09T12:15:59.658+0000] {dag.py:3036} INFO - Sync 2 DAGs
[2026-01-09T12:15:59.682+0000] {logging_mixin.py:188} INFO - [2026-01-09T12:15:59.681+0000] {dag.py:3823} INFO - Setting next_dagrun for example_external_task_marker_child to None, run_after=None
[2026-01-09T12:15:59.690+0000] {logging_mixin.py:188} INFO - [2026-01-09T12:15:59.690+0000] {dag.py:3823} INFO - Setting next_dagrun for example_external_task_marker_parent to None, run_after=None
[2026-01-09T12:15:59.733+0000] {processor.py:183} INFO - Processing /home/airflow/.local/lib/python3.8/site-packages/airflow/example_dags/example_external_task_marker_dag.py took 0.144 seconds
[2026-01-09T12:16:30.116+0000] {processor.py:161} INFO - Started process (PID=3909) to work on /home/airflow/.local/lib/python3.8/site-packages/airflow/example_dags/example_external_task_marker_dag.py
[2026-01-09T12:16:30.119+0000] {processor.py:830} INFO - Processing file /home/airflow/.local/lib/python3.8/site-packages/airflow/example_dags/example_external_task_marker_dag.py for tasks to queue
[2026-01-09T12:16:30.122+0000] {logging_mixin.py:188} INFO - [2026-01-09T12:16:30.121+0000] {dagbag.py:538} INFO - Filling up the DagBag from /home/airflow/.local/lib/python3.8/site-packages/airflow/example_dags/example_external_task_marker_dag.py
[2026-01-09T12:16:30.136+0000] {processor.py:840} INFO - DAG(s) 'example_external_task_marker_child', 'example_external_task_marker_parent' retrieved from /home/airflow/.local/lib/python3.8/site-packages/airflow/example_dags/example_external_task_marker_dag.py
[2026-01-09T12:16:30.185+0000] {logging_mixin.py:188} INFO - [2026-01-09T12:16:30.185+0000] {dag.py:3036} INFO - Sync 2 DAGs
[2026-01-09T12:16:30.207+0000] {logging_mixin.py:188} INFO - [2026-01-09T12:16:30.206+0000] {dag.py:3823} INFO - Setting next_dagrun for example_external_task_marker_child to None, run_after=None
[2026-01-09T12:16:30.212+0000] {logging_mixin.py:188} INFO - [2026-01-09T12:16:30.212+0000] {dag.py:3823} INFO - Setting next_dagrun for example_external_task_marker_parent to None, run_after=None
[2026-01-09T12:16:30.251+0000] {processor.py:183} INFO - Processing /home/airflow/.local/lib/python3.8/site-packages/airflow/example_dags/example_external_task_marker_dag.py took 0.145 seconds
[2026-01-09T12:17:00.965+0000] {processor.py:161} INFO - Started process (PID=4156) to work on /home/airflow/.local/lib/python3.8/site-packages/airflow/example_dags/example_external_task_marker_dag.py
[2026-01-09T12:17:00.967+0000] {processor.py:830} INFO - Processing file /home/airflow/.local/lib/python3.8/site-packages/airflow/example_dags/example_external_task_marker_dag.py for tasks to queue
[2026-01-09T12:17:00.968+0000] {logging_mixin.py:188} INFO - [2026-01-09T12:17:00.968+0000] {dagbag.py:538} INFO - Filling up the DagBag from /home/airflow/.local/lib/python3.8/site-packages/airflow/example_dags/example_external_task_marker_dag.py
[2026-01-09T12:17:00.980+0000] {processor.py:840} INFO - DAG(s) 'example_external_task_marker_parent', 'example_external_task_marker_child' retrieved from /home/airflow/.local/lib/python3.8/site-packages/airflow/example_dags/example_external_task_marker_dag.py
[2026-01-09T12:17:01.032+0000] {logging_mixin.py:188} INFO - [2026-01-09T12:17:01.032+0000] {dag.py:3036} INFO - Sync 2 DAGs
[2026-01-09T12:17:01.055+0000] {logging_mixin.py:188} INFO - [2026-01-09T12:17:01.055+0000] {dag.py:3823} INFO - Setting next_dagrun for example_external_task_marker_child to None, run_after=None
[2026-01-09T12:17:01.062+0000] {logging_mixin.py:188} INFO - [2026-01-09T12:17:01.062+0000] {dag.py:3823} INFO - Setting next_dagrun for example_external_task_marker_parent to None, run_after=None
[2026-01-09T12:17:01.098+0000] {processor.py:183} INFO - Processing /home/airflow/.local/lib/python3.8/site-packages/airflow/example_dags/example_external_task_marker_dag.py took 0.140 seconds
[2026-01-09T12:17:31.441+0000] {processor.py:161} INFO - Started process (PID=4403) to work on /home/airflow/.local/lib/python3.8/site-packages/airflow/example_dags/example_external_task_marker_dag.py
[2026-01-09T12:17:31.446+0000] {processor.py:830} INFO - Processing file /home/airflow/.local/lib/python3.8/site-packages/airflow/example_dags/example_external_task_marker_dag.py for tasks to queue
[2026-01-09T12:17:31.448+0000] {logging_mixin.py:188} INFO - [2026-01-09T12:17:31.447+0000] {dagbag.py:538} INFO - Filling up the DagBag from /home/airflow/.local/lib/python3.8/site-packages/airflow/example_dags/example_external_task_marker_dag.py
[2026-01-09T12:17:31.459+0000] {processor.py:840} INFO - DAG(s) 'example_external_task_marker_parent', 'example_external_task_marker_child' retrieved from /home/airflow/.local/lib/python3.8/site-packages/airflow/example_dags/example_external_task_marker_dag.py
[2026-01-09T12:17:31.509+0000] {logging_mixin.py:188} INFO - [2026-01-09T12:17:31.508+0000] {dag.py:3036} INFO - Sync 2 DAGs
[2026-01-09T12:17:31.532+0000] {logging_mixin.py:188} INFO - [2026-01-09T12:17:31.531+0000] {dag.py:3823} INFO - Setting next_dagrun for example_external_task_marker_child to None, run_after=None
[2026-01-09T12:17:31.539+0000] {logging_mixin.py:188} INFO - [2026-01-09T12:17:31.539+0000] {dag.py:3823} INFO - Setting next_dagrun for example_external_task_marker_parent to None, run_after=None
[2026-01-09T12:17:31.578+0000] {processor.py:183} INFO - Processing /home/airflow/.local/lib/python3.8/site-packages/airflow/example_dags/example_external_task_marker_dag.py took 0.144 seconds
[2026-01-09T12:18:02.035+0000] {processor.py:161} INFO - Started process (PID=4650) to work on /home/airflow/.local/lib/python3.8/site-packages/airflow/example_dags/example_external_task_marker_dag.py
[2026-01-09T12:18:02.039+0000] {processor.py:830} INFO - Processing file /home/airflow/.local/lib/python3.8/site-packages/airflow/example_dags/example_external_task_marker_dag.py for tasks to queue
[2026-01-09T12:18:02.042+0000] {logging_mixin.py:188} INFO - [2026-01-09T12:18:02.041+0000] {dagbag.py:538} INFO - Filling up the DagBag from /home/airflow/.local/lib/python3.8/site-packages/airflow/example_dags/example_external_task_marker_dag.py
[2026-01-09T12:18:02.056+0000] {processor.py:840} INFO - DAG(s) 'example_external_task_marker_parent', 'example_external_task_marker_child' retrieved from /home/airflow/.local/lib/python3.8/site-packages/airflow/example_dags/example_external_task_marker_dag.py
[2026-01-09T12:18:02.115+0000] {logging_mixin.py:188} INFO - [2026-01-09T12:18:02.114+0000] {dag.py:3036} INFO - Sync 2 DAGs
[2026-01-09T12:18:02.148+0000] {logging_mixin.py:188} INFO - [2026-01-09T12:18:02.147+0000] {dag.py:3823} INFO - Setting next_dagrun for example_external_task_marker_child to None, run_after=None
[2026-01-09T12:18:02.155+0000] {logging_mixin.py:188} INFO - [2026-01-09T12:18:02.154+0000] {dag.py:3823} INFO - Setting next_dagrun for example_external_task_marker_parent to None, run_after=None
[2026-01-09T12:18:02.212+0000] {processor.py:183} INFO - Processing /home/airflow/.local/lib/python3.8/site-packages/airflow/example_dags/example_external_task_marker_dag.py took 0.192 seconds
[2026-01-09T12:18:32.834+0000] {processor.py:161} INFO - Started process (PID=4897) to work on /home/airflow/.local/lib/python3.8/site-packages/airflow/example_dags/example_external_task_marker_dag.py
[2026-01-09T12:18:32.839+0000] {processor.py:830} INFO - Processing file /home/airflow/.local/lib/python3.8/site-packages/airflow/example_dags/example_external_task_marker_dag.py for tasks to queue
[2026-01-09T12:18:32.842+0000] {logging_mixin.py:188} INFO - [2026-01-09T12:18:32.841+0000] {dagbag.py:538} INFO - Filling up the DagBag from /home/airflow/.local/lib/python3.8/site-packages/airflow/example_dags/example_external_task_marker_dag.py
[2026-01-09T12:18:32.855+0000] {processor.py:840} INFO - DAG(s) 'example_external_task_marker_parent', 'example_external_task_marker_child' retrieved from /home/airflow/.local/lib/python3.8/site-packages/airflow/example_dags/example_external_task_marker_dag.py
[2026-01-09T12:18:32.903+0000] {logging_mixin.py:188} INFO - [2026-01-09T12:18:32.903+0000] {dag.py:3036} INFO - Sync 2 DAGs
[2026-01-09T12:18:32.925+0000] {logging_mixin.py:188} INFO - [2026-01-09T12:18:32.924+0000] {dag.py:3823} INFO - Setting next_dagrun for example_external_task_marker_child to None, run_after=None
[2026-01-09T12:18:32.931+0000] {logging_mixin.py:188} INFO - [2026-01-09T12:18:32.930+0000] {dag.py:3823} INFO - Setting next_dagrun for example_external_task_marker_parent to None, run_after=None
[2026-01-09T12:18:32.975+0000] {processor.py:183} INFO - Processing /home/airflow/.local/lib/python3.8/site-packages/airflow/example_dags/example_external_task_marker_dag.py took 0.160 seconds
[2026-01-09T12:19:03.548+0000] {processor.py:161} INFO - Started process (PID=5144) to work on /home/airflow/.local/lib/python3.8/site-packages/airflow/example_dags/example_external_task_marker_dag.py
[2026-01-09T12:19:03.550+0000] {processor.py:830} INFO - Processing file /home/airflow/.local/lib/python3.8/site-packages/airflow/example_dags/example_external_task_marker_dag.py for tasks to queue
[2026-01-09T12:19:03.551+0000] {logging_mixin.py:188} INFO - [2026-01-09T12:19:03.551+0000] {dagbag.py:538} INFO - Filling up the DagBag from /home/airflow/.local/lib/python3.8/site-packages/airflow/example_dags/example_external_task_marker_dag.py
[2026-01-09T12:19:03.565+0000] {processor.py:840} INFO - DAG(s) 'example_external_task_marker_parent', 'example_external_task_marker_child' retrieved from /home/airflow/.local/lib/python3.8/site-packages/airflow/example_dags/example_external_task_marker_dag.py
[2026-01-09T12:19:03.618+0000] {logging_mixin.py:188} INFO - [2026-01-09T12:19:03.617+0000] {dag.py:3036} INFO - Sync 2 DAGs
[2026-01-09T12:19:03.641+0000] {logging_mixin.py:188} INFO - [2026-01-09T12:19:03.640+0000] {dag.py:3823} INFO - Setting next_dagrun for example_external_task_marker_child to None, run_after=None
[2026-01-09T12:19:03.647+0000] {logging_mixin.py:188} INFO - [2026-01-09T12:19:03.647+0000] {dag.py:3823} INFO - Setting next_dagrun for example_external_task_marker_parent to None, run_after=None
[2026-01-09T12:19:03.687+0000] {processor.py:183} INFO - Processing /home/airflow/.local/lib/python3.8/site-packages/airflow/example_dags/example_external_task_marker_dag.py took 0.147 seconds
[2026-01-09T12:19:33.827+0000] {processor.py:161} INFO - Started process (PID=5391) to work on /home/airflow/.local/lib/python3.8/site-packages/airflow/example_dags/example_external_task_marker_dag.py
[2026-01-09T12:19:33.833+0000] {processor.py:830} INFO - Processing file /home/airflow/.local/lib/python3.8/site-packages/airflow/example_dags/example_external_task_marker_dag.py for tasks to queue
[2026-01-09T12:19:33.836+0000] {logging_mixin.py:188} INFO - [2026-01-09T12:19:33.835+0000] {dagbag.py:538} INFO - Filling up the DagBag from /home/airflow/.local/lib/python3.8/site-packages/airflow/example_dags/example_external_task_marker_dag.py
[2026-01-09T12:19:33.857+0000] {processor.py:840} INFO - DAG(s) 'example_external_task_marker_child', 'example_external_task_marker_parent' retrieved from /home/airflow/.local/lib/python3.8/site-packages/airflow/example_dags/example_external_task_marker_dag.py
[2026-01-09T12:19:33.933+0000] {logging_mixin.py:188} INFO - [2026-01-09T12:19:33.932+0000] {dag.py:3036} INFO - Sync 2 DAGs
[2026-01-09T12:19:33.974+0000] {logging_mixin.py:188} INFO - [2026-01-09T12:19:33.973+0000] {dag.py:3823} INFO - Setting next_dagrun for example_external_task_marker_child to None, run_after=None
[2026-01-09T12:19:33.984+0000] {logging_mixin.py:188} INFO - [2026-01-09T12:19:33.983+0000] {dag.py:3823} INFO - Setting next_dagrun for example_external_task_marker_parent to None, run_after=None
[2026-01-09T12:19:34.045+0000] {processor.py:183} INFO - Processing /home/airflow/.local/lib/python3.8/site-packages/airflow/example_dags/example_external_task_marker_dag.py took 0.226 seconds
[2026-01-09T12:20:05.095+0000] {processor.py:161} INFO - Started process (PID=5638) to work on /home/airflow/.local/lib/python3.8/site-packages/airflow/example_dags/example_external_task_marker_dag.py
[2026-01-09T12:20:05.101+0000] {processor.py:830} INFO - Processing file /home/airflow/.local/lib/python3.8/site-packages/airflow/example_dags/example_external_task_marker_dag.py for tasks to queue
[2026-01-09T12:20:05.103+0000] {logging_mixin.py:188} INFO - [2026-01-09T12:20:05.102+0000] {dagbag.py:538} INFO - Filling up the DagBag from /home/airflow/.local/lib/python3.8/site-packages/airflow/example_dags/example_external_task_marker_dag.py
[2026-01-09T12:20:05.123+0000] {processor.py:840} INFO - DAG(s) 'example_external_task_marker_parent', 'example_external_task_marker_child' retrieved from /home/airflow/.local/lib/python3.8/site-packages/airflow/example_dags/example_external_task_marker_dag.py
[2026-01-09T12:20:05.187+0000] {logging_mixin.py:188} INFO - [2026-01-09T12:20:05.187+0000] {dag.py:3036} INFO - Sync 2 DAGs
[2026-01-09T12:20:05.215+0000] {logging_mixin.py:188} INFO - [2026-01-09T12:20:05.214+0000] {dag.py:3823} INFO - Setting next_dagrun for example_external_task_marker_child to None, run_after=None
[2026-01-09T12:20:05.222+0000] {logging_mixin.py:188} INFO - [2026-01-09T12:20:05.221+0000] {dag.py:3823} INFO - Setting next_dagrun for example_external_task_marker_parent to None, run_after=None
[2026-01-09T12:20:05.268+0000] {processor.py:183} INFO - Processing /home/airflow/.local/lib/python3.8/site-packages/airflow/example_dags/example_external_task_marker_dag.py took 0.181 seconds
[2026-01-09T12:20:35.335+0000] {processor.py:161} INFO - Started process (PID=5885) to work on /home/airflow/.local/lib/python3.8/site-packages/airflow/example_dags/example_external_task_marker_dag.py
[2026-01-09T12:20:35.347+0000] {processor.py:830} INFO - Processing file /home/airflow/.local/lib/python3.8/site-packages/airflow/example_dags/example_external_task_marker_dag.py for tasks to queue
[2026-01-09T12:20:35.350+0000] {logging_mixin.py:188} INFO - [2026-01-09T12:20:35.349+0000] {dagbag.py:538} INFO - Filling up the DagBag from /home/airflow/.local/lib/python3.8/site-packages/airflow/example_dags/example_external_task_marker_dag.py
[2026-01-09T12:20:35.362+0000] {processor.py:840} INFO - DAG(s) 'example_external_task_marker_child', 'example_external_task_marker_parent' retrieved from /home/airflow/.local/lib/python3.8/site-packages/airflow/example_dags/example_external_task_marker_dag.py
[2026-01-09T12:20:35.419+0000] {logging_mixin.py:188} INFO - [2026-01-09T12:20:35.418+0000] {dag.py:3036} INFO - Sync 2 DAGs
[2026-01-09T12:20:35.446+0000] {logging_mixin.py:188} INFO - [2026-01-09T12:20:35.445+0000] {dag.py:3823} INFO - Setting next_dagrun for example_external_task_marker_child to None, run_after=None
[2026-01-09T12:20:35.454+0000] {logging_mixin.py:188} INFO - [2026-01-09T12:20:35.454+0000] {dag.py:3823} INFO - Setting next_dagrun for example_external_task_marker_parent to None, run_after=None
[2026-01-09T12:20:35.499+0000] {processor.py:183} INFO - Processing /home/airflow/.local/lib/python3.8/site-packages/airflow/example_dags/example_external_task_marker_dag.py took 0.169 seconds
[2026-01-09T12:21:05.631+0000] {processor.py:161} INFO - Started process (PID=6132) to work on /home/airflow/.local/lib/python3.8/site-packages/airflow/example_dags/example_external_task_marker_dag.py
[2026-01-09T12:21:05.638+0000] {processor.py:830} INFO - Processing file /home/airflow/.local/lib/python3.8/site-packages/airflow/example_dags/example_external_task_marker_dag.py for tasks to queue
[2026-01-09T12:21:05.640+0000] {logging_mixin.py:188} INFO - [2026-01-09T12:21:05.639+0000] {dagbag.py:538} INFO - Filling up the DagBag from /home/airflow/.local/lib/python3.8/site-packages/airflow/example_dags/example_external_task_marker_dag.py
[2026-01-09T12:21:05.653+0000] {processor.py:840} INFO - DAG(s) 'example_external_task_marker_child', 'example_external_task_marker_parent' retrieved from /home/airflow/.local/lib/python3.8/site-packages/airflow/example_dags/example_external_task_marker_dag.py
[2026-01-09T12:21:05.708+0000] {logging_mixin.py:188} INFO - [2026-01-09T12:21:05.708+0000] {dag.py:3036} INFO - Sync 2 DAGs
[2026-01-09T12:21:05.733+0000] {logging_mixin.py:188} INFO - [2026-01-09T12:21:05.733+0000] {dag.py:3823} INFO - Setting next_dagrun for example_external_task_marker_child to None, run_after=None
[2026-01-09T12:21:05.739+0000] {logging_mixin.py:188} INFO - [2026-01-09T12:21:05.739+0000] {dag.py:3823} INFO - Setting next_dagrun for example_external_task_marker_parent to None, run_after=None
[2026-01-09T12:21:05.779+0000] {processor.py:183} INFO - Processing /home/airflow/.local/lib/python3.8/site-packages/airflow/example_dags/example_external_task_marker_dag.py took 0.155 seconds
[2026-01-09T12:21:35.958+0000] {processor.py:161} INFO - Started process (PID=6379) to work on /home/airflow/.local/lib/python3.8/site-packages/airflow/example_dags/example_external_task_marker_dag.py
[2026-01-09T12:21:35.963+0000] {processor.py:830} INFO - Processing file /home/airflow/.local/lib/python3.8/site-packages/airflow/example_dags/example_external_task_marker_dag.py for tasks to queue
[2026-01-09T12:21:35.965+0000] {logging_mixin.py:188} INFO - [2026-01-09T12:21:35.964+0000] {dagbag.py:538} INFO - Filling up the DagBag from /home/airflow/.local/lib/python3.8/site-packages/airflow/example_dags/example_external_task_marker_dag.py
[2026-01-09T12:21:35.975+0000] {processor.py:840} INFO - DAG(s) 'example_external_task_marker_child', 'example_external_task_marker_parent' retrieved from /home/airflow/.local/lib/python3.8/site-packages/airflow/example_dags/example_external_task_marker_dag.py
[2026-01-09T12:21:36.038+0000] {logging_mixin.py:188} INFO - [2026-01-09T12:21:36.037+0000] {dag.py:3036} INFO - Sync 2 DAGs
[2026-01-09T12:21:36.068+0000] {logging_mixin.py:188} INFO - [2026-01-09T12:21:36.067+0000] {dag.py:3823} INFO - Setting next_dagrun for example_external_task_marker_child to None, run_after=None
[2026-01-09T12:21:36.075+0000] {logging_mixin.py:188} INFO - [2026-01-09T12:21:36.075+0000] {dag.py:3823} INFO - Setting next_dagrun for example_external_task_marker_parent to None, run_after=None
[2026-01-09T12:21:36.142+0000] {processor.py:183} INFO - Processing /home/airflow/.local/lib/python3.8/site-packages/airflow/example_dags/example_external_task_marker_dag.py took 0.192 seconds
[2026-01-09T12:22:06.913+0000] {processor.py:161} INFO - Started process (PID=6627) to work on /home/airflow/.local/lib/python3.8/site-packages/airflow/example_dags/example_external_task_marker_dag.py
[2026-01-09T12:22:06.919+0000] {processor.py:830} INFO - Processing file /home/airflow/.local/lib/python3.8/site-packages/airflow/example_dags/example_external_task_marker_dag.py for tasks to queue
[2026-01-09T12:22:06.921+0000] {logging_mixin.py:188} INFO - [2026-01-09T12:22:06.920+0000] {dagbag.py:538} INFO - Filling up the DagBag from /home/airflow/.local/lib/python3.8/site-packages/airflow/example_dags/example_external_task_marker_dag.py
[2026-01-09T12:22:06.933+0000] {processor.py:840} INFO - DAG(s) 'example_external_task_marker_parent', 'example_external_task_marker_child' retrieved from /home/airflow/.local/lib/python3.8/site-packages/airflow/example_dags/example_external_task_marker_dag.py
[2026-01-09T12:22:06.995+0000] {logging_mixin.py:188} INFO - [2026-01-09T12:22:06.993+0000] {dag.py:3036} INFO - Sync 2 DAGs
[2026-01-09T12:22:07.020+0000] {logging_mixin.py:188} INFO - [2026-01-09T12:22:07.020+0000] {dag.py:3823} INFO - Setting next_dagrun for example_external_task_marker_child to None, run_after=None
[2026-01-09T12:22:07.027+0000] {logging_mixin.py:188} INFO - [2026-01-09T12:22:07.027+0000] {dag.py:3823} INFO - Setting next_dagrun for example_external_task_marker_parent to None, run_after=None
[2026-01-09T12:22:07.076+0000] {processor.py:183} INFO - Processing /home/airflow/.local/lib/python3.8/site-packages/airflow/example_dags/example_external_task_marker_dag.py took 0.175 seconds
[2026-01-09T12:22:37.215+0000] {processor.py:161} INFO - Started process (PID=6874) to work on /home/airflow/.local/lib/python3.8/site-packages/airflow/example_dags/example_external_task_marker_dag.py
[2026-01-09T12:22:37.218+0000] {processor.py:830} INFO - Processing file /home/airflow/.local/lib/python3.8/site-packages/airflow/example_dags/example_external_task_marker_dag.py for tasks to queue
[2026-01-09T12:22:37.220+0000] {logging_mixin.py:188} INFO - [2026-01-09T12:22:37.219+0000] {dagbag.py:538} INFO - Filling up the DagBag from /home/airflow/.local/lib/python3.8/site-packages/airflow/example_dags/example_external_task_marker_dag.py
[2026-01-09T12:22:37.232+0000] {processor.py:840} INFO - DAG(s) 'example_external_task_marker_child', 'example_external_task_marker_parent' retrieved from /home/airflow/.local/lib/python3.8/site-packages/airflow/example_dags/example_external_task_marker_dag.py
[2026-01-09T12:22:37.294+0000] {logging_mixin.py:188} INFO - [2026-01-09T12:22:37.294+0000] {dag.py:3036} INFO - Sync 2 DAGs
[2026-01-09T12:22:37.321+0000] {logging_mixin.py:188} INFO - [2026-01-09T12:22:37.321+0000] {dag.py:3823} INFO - Setting next_dagrun for example_external_task_marker_child to None, run_after=None
[2026-01-09T12:22:37.328+0000] {logging_mixin.py:188} INFO - [2026-01-09T12:22:37.328+0000] {dag.py:3823} INFO - Setting next_dagrun for example_external_task_marker_parent to None, run_after=None
[2026-01-09T12:22:37.381+0000] {processor.py:183} INFO - Processing /home/airflow/.local/lib/python3.8/site-packages/airflow/example_dags/example_external_task_marker_dag.py took 0.173 seconds
[2026-01-09T12:23:07.768+0000] {processor.py:161} INFO - Started process (PID=7115) to work on /home/airflow/.local/lib/python3.8/site-packages/airflow/example_dags/example_external_task_marker_dag.py
[2026-01-09T12:23:07.771+0000] {processor.py:830} INFO - Processing file /home/airflow/.local/lib/python3.8/site-packages/airflow/example_dags/example_external_task_marker_dag.py for tasks to queue
[2026-01-09T12:23:07.774+0000] {logging_mixin.py:188} INFO - [2026-01-09T12:23:07.773+0000] {dagbag.py:538} INFO - Filling up the DagBag from /home/airflow/.local/lib/python3.8/site-packages/airflow/example_dags/example_external_task_marker_dag.py
[2026-01-09T12:23:07.790+0000] {processor.py:840} INFO - DAG(s) 'example_external_task_marker_parent', 'example_external_task_marker_child' retrieved from /home/airflow/.local/lib/python3.8/site-packages/airflow/example_dags/example_external_task_marker_dag.py
[2026-01-09T12:23:07.854+0000] {logging_mixin.py:188} INFO - [2026-01-09T12:23:07.853+0000] {dag.py:3036} INFO - Sync 2 DAGs
[2026-01-09T12:23:07.918+0000] {logging_mixin.py:188} INFO - [2026-01-09T12:23:07.917+0000] {dag.py:3823} INFO - Setting next_dagrun for example_external_task_marker_child to None, run_after=None
[2026-01-09T12:23:07.925+0000] {logging_mixin.py:188} INFO - [2026-01-09T12:23:07.925+0000] {dag.py:3823} INFO - Setting next_dagrun for example_external_task_marker_parent to None, run_after=None
[2026-01-09T12:23:07.972+0000] {processor.py:183} INFO - Processing /home/airflow/.local/lib/python3.8/site-packages/airflow/example_dags/example_external_task_marker_dag.py took 0.212 seconds
[2026-01-09T12:23:38.748+0000] {processor.py:161} INFO - Started process (PID=7362) to work on /home/airflow/.local/lib/python3.8/site-packages/airflow/example_dags/example_external_task_marker_dag.py
[2026-01-09T12:23:38.754+0000] {processor.py:830} INFO - Processing file /home/airflow/.local/lib/python3.8/site-packages/airflow/example_dags/example_external_task_marker_dag.py for tasks to queue
[2026-01-09T12:23:38.756+0000] {logging_mixin.py:188} INFO - [2026-01-09T12:23:38.755+0000] {dagbag.py:538} INFO - Filling up the DagBag from /home/airflow/.local/lib/python3.8/site-packages/airflow/example_dags/example_external_task_marker_dag.py
[2026-01-09T12:23:38.770+0000] {processor.py:840} INFO - DAG(s) 'example_external_task_marker_parent', 'example_external_task_marker_child' retrieved from /home/airflow/.local/lib/python3.8/site-packages/airflow/example_dags/example_external_task_marker_dag.py
[2026-01-09T12:23:38.825+0000] {logging_mixin.py:188} INFO - [2026-01-09T12:23:38.824+0000] {dag.py:3036} INFO - Sync 2 DAGs
[2026-01-09T12:23:38.852+0000] {logging_mixin.py:188} INFO - [2026-01-09T12:23:38.852+0000] {dag.py:3823} INFO - Setting next_dagrun for example_external_task_marker_child to None, run_after=None
[2026-01-09T12:23:38.865+0000] {logging_mixin.py:188} INFO - [2026-01-09T12:23:38.864+0000] {dag.py:3823} INFO - Setting next_dagrun for example_external_task_marker_parent to None, run_after=None
[2026-01-09T12:23:38.950+0000] {processor.py:183} INFO - Processing /home/airflow/.local/lib/python3.8/site-packages/airflow/example_dags/example_external_task_marker_dag.py took 0.210 seconds
[2026-01-09T12:24:09.486+0000] {processor.py:161} INFO - Started process (PID=7610) to work on /home/airflow/.local/lib/python3.8/site-packages/airflow/example_dags/example_external_task_marker_dag.py
[2026-01-09T12:24:09.491+0000] {processor.py:830} INFO - Processing file /home/airflow/.local/lib/python3.8/site-packages/airflow/example_dags/example_external_task_marker_dag.py for tasks to queue
[2026-01-09T12:24:09.494+0000] {logging_mixin.py:188} INFO - [2026-01-09T12:24:09.493+0000] {dagbag.py:538} INFO - Filling up the DagBag from /home/airflow/.local/lib/python3.8/site-packages/airflow/example_dags/example_external_task_marker_dag.py
[2026-01-09T12:24:09.506+0000] {processor.py:840} INFO - DAG(s) 'example_external_task_marker_parent', 'example_external_task_marker_child' retrieved from /home/airflow/.local/lib/python3.8/site-packages/airflow/example_dags/example_external_task_marker_dag.py
[2026-01-09T12:24:09.568+0000] {logging_mixin.py:188} INFO - [2026-01-09T12:24:09.566+0000] {dag.py:3036} INFO - Sync 2 DAGs
[2026-01-09T12:24:09.592+0000] {logging_mixin.py:188} INFO - [2026-01-09T12:24:09.592+0000] {dag.py:3823} INFO - Setting next_dagrun for example_external_task_marker_child to None, run_after=None
[2026-01-09T12:24:09.601+0000] {logging_mixin.py:188} INFO - [2026-01-09T12:24:09.601+0000] {dag.py:3823} INFO - Setting next_dagrun for example_external_task_marker_parent to None, run_after=None
[2026-01-09T12:24:09.651+0000] {processor.py:183} INFO - Processing /home/airflow/.local/lib/python3.8/site-packages/airflow/example_dags/example_external_task_marker_dag.py took 0.174 seconds
[2026-01-09T12:24:39.906+0000] {processor.py:161} INFO - Started process (PID=7857) to work on /home/airflow/.local/lib/python3.8/site-packages/airflow/example_dags/example_external_task_marker_dag.py
[2026-01-09T12:24:39.912+0000] {processor.py:830} INFO - Processing file /home/airflow/.local/lib/python3.8/site-packages/airflow/example_dags/example_external_task_marker_dag.py for tasks to queue
[2026-01-09T12:24:39.915+0000] {logging_mixin.py:188} INFO - [2026-01-09T12:24:39.914+0000] {dagbag.py:538} INFO - Filling up the DagBag from /home/airflow/.local/lib/python3.8/site-packages/airflow/example_dags/example_external_task_marker_dag.py
[2026-01-09T12:24:39.932+0000] {processor.py:840} INFO - DAG(s) 'example_external_task_marker_child', 'example_external_task_marker_parent' retrieved from /home/airflow/.local/lib/python3.8/site-packages/airflow/example_dags/example_external_task_marker_dag.py
[2026-01-09T12:24:39.994+0000] {logging_mixin.py:188} INFO - [2026-01-09T12:24:39.994+0000] {dag.py:3036} INFO - Sync 2 DAGs
[2026-01-09T12:24:40.018+0000] {logging_mixin.py:188} INFO - [2026-01-09T12:24:40.018+0000] {dag.py:3823} INFO - Setting next_dagrun for example_external_task_marker_child to None, run_after=None
[2026-01-09T12:24:40.026+0000] {logging_mixin.py:188} INFO - [2026-01-09T12:24:40.026+0000] {dag.py:3823} INFO - Setting next_dagrun for example_external_task_marker_parent to None, run_after=None
[2026-01-09T12:24:40.072+0000] {processor.py:183} INFO - Processing /home/airflow/.local/lib/python3.8/site-packages/airflow/example_dags/example_external_task_marker_dag.py took 0.175 seconds
[2026-01-09T12:25:10.355+0000] {processor.py:161} INFO - Started process (PID=8104) to work on /home/airflow/.local/lib/python3.8/site-packages/airflow/example_dags/example_external_task_marker_dag.py
[2026-01-09T12:25:10.360+0000] {processor.py:830} INFO - Processing file /home/airflow/.local/lib/python3.8/site-packages/airflow/example_dags/example_external_task_marker_dag.py for tasks to queue
[2026-01-09T12:25:10.366+0000] {logging_mixin.py:188} INFO - [2026-01-09T12:25:10.365+0000] {dagbag.py:538} INFO - Filling up the DagBag from /home/airflow/.local/lib/python3.8/site-packages/airflow/example_dags/example_external_task_marker_dag.py
[2026-01-09T12:25:10.387+0000] {processor.py:840} INFO - DAG(s) 'example_external_task_marker_child', 'example_external_task_marker_parent' retrieved from /home/airflow/.local/lib/python3.8/site-packages/airflow/example_dags/example_external_task_marker_dag.py
[2026-01-09T12:25:10.474+0000] {logging_mixin.py:188} INFO - [2026-01-09T12:25:10.473+0000] {dag.py:3036} INFO - Sync 2 DAGs
[2026-01-09T12:25:10.520+0000] {logging_mixin.py:188} INFO - [2026-01-09T12:25:10.519+0000] {dag.py:3823} INFO - Setting next_dagrun for example_external_task_marker_child to None, run_after=None
[2026-01-09T12:25:10.527+0000] {logging_mixin.py:188} INFO - [2026-01-09T12:25:10.527+0000] {dag.py:3823} INFO - Setting next_dagrun for example_external_task_marker_parent to None, run_after=None
[2026-01-09T12:25:10.627+0000] {processor.py:183} INFO - Processing /home/airflow/.local/lib/python3.8/site-packages/airflow/example_dags/example_external_task_marker_dag.py took 0.405 seconds
[2026-01-09T12:25:40.947+0000] {processor.py:161} INFO - Started process (PID=8352) to work on /home/airflow/.local/lib/python3.8/site-packages/airflow/example_dags/example_external_task_marker_dag.py
[2026-01-09T12:25:40.953+0000] {processor.py:830} INFO - Processing file /home/airflow/.local/lib/python3.8/site-packages/airflow/example_dags/example_external_task_marker_dag.py for tasks to queue
[2026-01-09T12:25:40.954+0000] {logging_mixin.py:188} INFO - [2026-01-09T12:25:40.954+0000] {dagbag.py:538} INFO - Filling up the DagBag from /home/airflow/.local/lib/python3.8/site-packages/airflow/example_dags/example_external_task_marker_dag.py
[2026-01-09T12:25:40.966+0000] {processor.py:840} INFO - DAG(s) 'example_external_task_marker_parent', 'example_external_task_marker_child' retrieved from /home/airflow/.local/lib/python3.8/site-packages/airflow/example_dags/example_external_task_marker_dag.py
[2026-01-09T12:25:41.012+0000] {logging_mixin.py:188} INFO - [2026-01-09T12:25:41.011+0000] {dag.py:3036} INFO - Sync 2 DAGs
[2026-01-09T12:25:41.031+0000] {logging_mixin.py:188} INFO - [2026-01-09T12:25:41.030+0000] {dag.py:3823} INFO - Setting next_dagrun for example_external_task_marker_child to None, run_after=None
[2026-01-09T12:25:41.036+0000] {logging_mixin.py:188} INFO - [2026-01-09T12:25:41.036+0000] {dag.py:3823} INFO - Setting next_dagrun for example_external_task_marker_parent to None, run_after=None
[2026-01-09T12:25:41.071+0000] {processor.py:183} INFO - Processing /home/airflow/.local/lib/python3.8/site-packages/airflow/example_dags/example_external_task_marker_dag.py took 0.130 seconds
[2026-01-09T12:26:11.792+0000] {processor.py:161} INFO - Started process (PID=8599) to work on /home/airflow/.local/lib/python3.8/site-packages/airflow/example_dags/example_external_task_marker_dag.py
[2026-01-09T12:26:11.797+0000] {processor.py:830} INFO - Processing file /home/airflow/.local/lib/python3.8/site-packages/airflow/example_dags/example_external_task_marker_dag.py for tasks to queue
[2026-01-09T12:26:11.798+0000] {logging_mixin.py:188} INFO - [2026-01-09T12:26:11.798+0000] {dagbag.py:538} INFO - Filling up the DagBag from /home/airflow/.local/lib/python3.8/site-packages/airflow/example_dags/example_external_task_marker_dag.py
[2026-01-09T12:26:11.811+0000] {processor.py:840} INFO - DAG(s) 'example_external_task_marker_parent', 'example_external_task_marker_child' retrieved from /home/airflow/.local/lib/python3.8/site-packages/airflow/example_dags/example_external_task_marker_dag.py
[2026-01-09T12:26:11.859+0000] {logging_mixin.py:188} INFO - [2026-01-09T12:26:11.859+0000] {dag.py:3036} INFO - Sync 2 DAGs
[2026-01-09T12:26:11.881+0000] {logging_mixin.py:188} INFO - [2026-01-09T12:26:11.880+0000] {dag.py:3823} INFO - Setting next_dagrun for example_external_task_marker_child to None, run_after=None
[2026-01-09T12:26:11.888+0000] {logging_mixin.py:188} INFO - [2026-01-09T12:26:11.887+0000] {dag.py:3823} INFO - Setting next_dagrun for example_external_task_marker_parent to None, run_after=None
[2026-01-09T12:26:11.935+0000] {processor.py:183} INFO - Processing /home/airflow/.local/lib/python3.8/site-packages/airflow/example_dags/example_external_task_marker_dag.py took 0.150 seconds
[2026-01-09T12:26:42.194+0000] {processor.py:161} INFO - Started process (PID=8846) to work on /home/airflow/.local/lib/python3.8/site-packages/airflow/example_dags/example_external_task_marker_dag.py
[2026-01-09T12:26:42.197+0000] {processor.py:830} INFO - Processing file /home/airflow/.local/lib/python3.8/site-packages/airflow/example_dags/example_external_task_marker_dag.py for tasks to queue
[2026-01-09T12:26:42.200+0000] {logging_mixin.py:188} INFO - [2026-01-09T12:26:42.199+0000] {dagbag.py:538} INFO - Filling up the DagBag from /home/airflow/.local/lib/python3.8/site-packages/airflow/example_dags/example_external_task_marker_dag.py
[2026-01-09T12:26:42.214+0000] {processor.py:840} INFO - DAG(s) 'example_external_task_marker_parent', 'example_external_task_marker_child' retrieved from /home/airflow/.local/lib/python3.8/site-packages/airflow/example_dags/example_external_task_marker_dag.py
[2026-01-09T12:26:42.267+0000] {logging_mixin.py:188} INFO - [2026-01-09T12:26:42.266+0000] {dag.py:3036} INFO - Sync 2 DAGs
[2026-01-09T12:26:42.293+0000] {logging_mixin.py:188} INFO - [2026-01-09T12:26:42.293+0000] {dag.py:3823} INFO - Setting next_dagrun for example_external_task_marker_child to None, run_after=None
[2026-01-09T12:26:42.302+0000] {logging_mixin.py:188} INFO - [2026-01-09T12:26:42.301+0000] {dag.py:3823} INFO - Setting next_dagrun for example_external_task_marker_parent to None, run_after=None
[2026-01-09T12:26:42.345+0000] {processor.py:183} INFO - Processing /home/airflow/.local/lib/python3.8/site-packages/airflow/example_dags/example_external_task_marker_dag.py took 0.161 seconds
[2026-01-09T12:27:13.210+0000] {processor.py:161} INFO - Started process (PID=9093) to work on /home/airflow/.local/lib/python3.8/site-packages/airflow/example_dags/example_external_task_marker_dag.py
[2026-01-09T12:27:13.214+0000] {processor.py:830} INFO - Processing file /home/airflow/.local/lib/python3.8/site-packages/airflow/example_dags/example_external_task_marker_dag.py for tasks to queue
[2026-01-09T12:27:13.216+0000] {logging_mixin.py:188} INFO - [2026-01-09T12:27:13.216+0000] {dagbag.py:538} INFO - Filling up the DagBag from /home/airflow/.local/lib/python3.8/site-packages/airflow/example_dags/example_external_task_marker_dag.py
[2026-01-09T12:27:13.231+0000] {processor.py:840} INFO - DAG(s) 'example_external_task_marker_parent', 'example_external_task_marker_child' retrieved from /home/airflow/.local/lib/python3.8/site-packages/airflow/example_dags/example_external_task_marker_dag.py
[2026-01-09T12:27:13.296+0000] {logging_mixin.py:188} INFO - [2026-01-09T12:27:13.295+0000] {dag.py:3036} INFO - Sync 2 DAGs
[2026-01-09T12:27:13.331+0000] {logging_mixin.py:188} INFO - [2026-01-09T12:27:13.331+0000] {dag.py:3823} INFO - Setting next_dagrun for example_external_task_marker_child to None, run_after=None
[2026-01-09T12:27:13.340+0000] {logging_mixin.py:188} INFO - [2026-01-09T12:27:13.339+0000] {dag.py:3823} INFO - Setting next_dagrun for example_external_task_marker_parent to None, run_after=None
[2026-01-09T12:27:13.395+0000] {processor.py:183} INFO - Processing /home/airflow/.local/lib/python3.8/site-packages/airflow/example_dags/example_external_task_marker_dag.py took 0.198 seconds
[2026-01-09T12:27:43.702+0000] {processor.py:161} INFO - Started process (PID=9340) to work on /home/airflow/.local/lib/python3.8/site-packages/airflow/example_dags/example_external_task_marker_dag.py
[2026-01-09T12:27:43.709+0000] {processor.py:830} INFO - Processing file /home/airflow/.local/lib/python3.8/site-packages/airflow/example_dags/example_external_task_marker_dag.py for tasks to queue
[2026-01-09T12:27:43.711+0000] {logging_mixin.py:188} INFO - [2026-01-09T12:27:43.710+0000] {dagbag.py:538} INFO - Filling up the DagBag from /home/airflow/.local/lib/python3.8/site-packages/airflow/example_dags/example_external_task_marker_dag.py
[2026-01-09T12:27:43.727+0000] {processor.py:840} INFO - DAG(s) 'example_external_task_marker_parent', 'example_external_task_marker_child' retrieved from /home/airflow/.local/lib/python3.8/site-packages/airflow/example_dags/example_external_task_marker_dag.py
[2026-01-09T12:27:43.782+0000] {logging_mixin.py:188} INFO - [2026-01-09T12:27:43.781+0000] {dag.py:3036} INFO - Sync 2 DAGs
[2026-01-09T12:27:43.807+0000] {logging_mixin.py:188} INFO - [2026-01-09T12:27:43.806+0000] {dag.py:3823} INFO - Setting next_dagrun for example_external_task_marker_child to None, run_after=None
[2026-01-09T12:27:43.813+0000] {logging_mixin.py:188} INFO - [2026-01-09T12:27:43.812+0000] {dag.py:3823} INFO - Setting next_dagrun for example_external_task_marker_parent to None, run_after=None
[2026-01-09T12:27:44.177+0000] {processor.py:183} INFO - Processing /home/airflow/.local/lib/python3.8/site-packages/airflow/example_dags/example_external_task_marker_dag.py took 0.481 seconds
[2026-01-09T12:28:14.805+0000] {processor.py:161} INFO - Started process (PID=9587) to work on /home/airflow/.local/lib/python3.8/site-packages/airflow/example_dags/example_external_task_marker_dag.py
[2026-01-09T12:28:14.810+0000] {processor.py:830} INFO - Processing file /home/airflow/.local/lib/python3.8/site-packages/airflow/example_dags/example_external_task_marker_dag.py for tasks to queue
[2026-01-09T12:28:14.812+0000] {logging_mixin.py:188} INFO - [2026-01-09T12:28:14.812+0000] {dagbag.py:538} INFO - Filling up the DagBag from /home/airflow/.local/lib/python3.8/site-packages/airflow/example_dags/example_external_task_marker_dag.py
[2026-01-09T12:28:14.826+0000] {processor.py:840} INFO - DAG(s) 'example_external_task_marker_child', 'example_external_task_marker_parent' retrieved from /home/airflow/.local/lib/python3.8/site-packages/airflow/example_dags/example_external_task_marker_dag.py
[2026-01-09T12:28:14.872+0000] {logging_mixin.py:188} INFO - [2026-01-09T12:28:14.872+0000] {dag.py:3036} INFO - Sync 2 DAGs
[2026-01-09T12:28:14.893+0000] {logging_mixin.py:188} INFO - [2026-01-09T12:28:14.893+0000] {dag.py:3823} INFO - Setting next_dagrun for example_external_task_marker_child to None, run_after=None
[2026-01-09T12:28:14.901+0000] {logging_mixin.py:188} INFO - [2026-01-09T12:28:14.901+0000] {dag.py:3823} INFO - Setting next_dagrun for example_external_task_marker_parent to None, run_after=None
[2026-01-09T12:28:14.938+0000] {processor.py:183} INFO - Processing /home/airflow/.local/lib/python3.8/site-packages/airflow/example_dags/example_external_task_marker_dag.py took 0.140 seconds
[2026-01-09T12:28:45.477+0000] {processor.py:161} INFO - Started process (PID=9834) to work on /home/airflow/.local/lib/python3.8/site-packages/airflow/example_dags/example_external_task_marker_dag.py
[2026-01-09T12:28:45.493+0000] {processor.py:830} INFO - Processing file /home/airflow/.local/lib/python3.8/site-packages/airflow/example_dags/example_external_task_marker_dag.py for tasks to queue
[2026-01-09T12:28:45.495+0000] {logging_mixin.py:188} INFO - [2026-01-09T12:28:45.495+0000] {dagbag.py:538} INFO - Filling up the DagBag from /home/airflow/.local/lib/python3.8/site-packages/airflow/example_dags/example_external_task_marker_dag.py
[2026-01-09T12:28:45.509+0000] {processor.py:840} INFO - DAG(s) 'example_external_task_marker_parent', 'example_external_task_marker_child' retrieved from /home/airflow/.local/lib/python3.8/site-packages/airflow/example_dags/example_external_task_marker_dag.py
[2026-01-09T12:28:45.563+0000] {logging_mixin.py:188} INFO - [2026-01-09T12:28:45.562+0000] {dag.py:3036} INFO - Sync 2 DAGs
[2026-01-09T12:28:45.597+0000] {logging_mixin.py:188} INFO - [2026-01-09T12:28:45.596+0000] {dag.py:3823} INFO - Setting next_dagrun for example_external_task_marker_child to None, run_after=None
[2026-01-09T12:28:45.606+0000] {logging_mixin.py:188} INFO - [2026-01-09T12:28:45.605+0000] {dag.py:3823} INFO - Setting next_dagrun for example_external_task_marker_parent to None, run_after=None
[2026-01-09T12:28:45.658+0000] {processor.py:183} INFO - Processing /home/airflow/.local/lib/python3.8/site-packages/airflow/example_dags/example_external_task_marker_dag.py took 0.190 seconds
[2026-01-09T12:29:16.035+0000] {processor.py:161} INFO - Started process (PID=10081) to work on /home/airflow/.local/lib/python3.8/site-packages/airflow/example_dags/example_external_task_marker_dag.py
[2026-01-09T12:29:16.038+0000] {processor.py:830} INFO - Processing file /home/airflow/.local/lib/python3.8/site-packages/airflow/example_dags/example_external_task_marker_dag.py for tasks to queue
[2026-01-09T12:29:16.040+0000] {logging_mixin.py:188} INFO - [2026-01-09T12:29:16.039+0000] {dagbag.py:538} INFO - Filling up the DagBag from /home/airflow/.local/lib/python3.8/site-packages/airflow/example_dags/example_external_task_marker_dag.py
[2026-01-09T12:29:16.053+0000] {processor.py:840} INFO - DAG(s) 'example_external_task_marker_parent', 'example_external_task_marker_child' retrieved from /home/airflow/.local/lib/python3.8/site-packages/airflow/example_dags/example_external_task_marker_dag.py
[2026-01-09T12:29:16.100+0000] {logging_mixin.py:188} INFO - [2026-01-09T12:29:16.100+0000] {dag.py:3036} INFO - Sync 2 DAGs
[2026-01-09T12:29:16.122+0000] {logging_mixin.py:188} INFO - [2026-01-09T12:29:16.122+0000] {dag.py:3823} INFO - Setting next_dagrun for example_external_task_marker_child to None, run_after=None
[2026-01-09T12:29:16.128+0000] {logging_mixin.py:188} INFO - [2026-01-09T12:29:16.128+0000] {dag.py:3823} INFO - Setting next_dagrun for example_external_task_marker_parent to None, run_after=None
[2026-01-09T12:29:16.165+0000] {processor.py:183} INFO - Processing /home/airflow/.local/lib/python3.8/site-packages/airflow/example_dags/example_external_task_marker_dag.py took 0.137 seconds
[2026-01-09T12:29:46.881+0000] {processor.py:161} INFO - Started process (PID=10328) to work on /home/airflow/.local/lib/python3.8/site-packages/airflow/example_dags/example_external_task_marker_dag.py
[2026-01-09T12:29:46.886+0000] {processor.py:830} INFO - Processing file /home/airflow/.local/lib/python3.8/site-packages/airflow/example_dags/example_external_task_marker_dag.py for tasks to queue
[2026-01-09T12:29:46.889+0000] {logging_mixin.py:188} INFO - [2026-01-09T12:29:46.888+0000] {dagbag.py:538} INFO - Filling up the DagBag from /home/airflow/.local/lib/python3.8/site-packages/airflow/example_dags/example_external_task_marker_dag.py
[2026-01-09T12:29:46.903+0000] {processor.py:840} INFO - DAG(s) 'example_external_task_marker_child', 'example_external_task_marker_parent' retrieved from /home/airflow/.local/lib/python3.8/site-packages/airflow/example_dags/example_external_task_marker_dag.py
[2026-01-09T12:29:46.954+0000] {logging_mixin.py:188} INFO - [2026-01-09T12:29:46.954+0000] {dag.py:3036} INFO - Sync 2 DAGs
[2026-01-09T12:29:46.976+0000] {logging_mixin.py:188} INFO - [2026-01-09T12:29:46.975+0000] {dag.py:3823} INFO - Setting next_dagrun for example_external_task_marker_child to None, run_after=None
[2026-01-09T12:29:46.983+0000] {logging_mixin.py:188} INFO - [2026-01-09T12:29:46.983+0000] {dag.py:3823} INFO - Setting next_dagrun for example_external_task_marker_parent to None, run_after=None
[2026-01-09T12:29:47.024+0000] {processor.py:183} INFO - Processing /home/airflow/.local/lib/python3.8/site-packages/airflow/example_dags/example_external_task_marker_dag.py took 0.153 seconds
[2026-01-09T12:30:17.664+0000] {processor.py:161} INFO - Started process (PID=10576) to work on /home/airflow/.local/lib/python3.8/site-packages/airflow/example_dags/example_external_task_marker_dag.py
[2026-01-09T12:30:17.669+0000] {processor.py:830} INFO - Processing file /home/airflow/.local/lib/python3.8/site-packages/airflow/example_dags/example_external_task_marker_dag.py for tasks to queue
[2026-01-09T12:30:17.671+0000] {logging_mixin.py:188} INFO - [2026-01-09T12:30:17.670+0000] {dagbag.py:538} INFO - Filling up the DagBag from /home/airflow/.local/lib/python3.8/site-packages/airflow/example_dags/example_external_task_marker_dag.py
[2026-01-09T12:30:17.682+0000] {processor.py:840} INFO - DAG(s) 'example_external_task_marker_child', 'example_external_task_marker_parent' retrieved from /home/airflow/.local/lib/python3.8/site-packages/airflow/example_dags/example_external_task_marker_dag.py
[2026-01-09T12:30:17.731+0000] {logging_mixin.py:188} INFO - [2026-01-09T12:30:17.730+0000] {dag.py:3036} INFO - Sync 2 DAGs
[2026-01-09T12:30:17.753+0000] {logging_mixin.py:188} INFO - [2026-01-09T12:30:17.753+0000] {dag.py:3823} INFO - Setting next_dagrun for example_external_task_marker_child to None, run_after=None
[2026-01-09T12:30:17.759+0000] {logging_mixin.py:188} INFO - [2026-01-09T12:30:17.758+0000] {dag.py:3823} INFO - Setting next_dagrun for example_external_task_marker_parent to None, run_after=None
[2026-01-09T12:30:17.802+0000] {processor.py:183} INFO - Processing /home/airflow/.local/lib/python3.8/site-packages/airflow/example_dags/example_external_task_marker_dag.py took 0.145 seconds
[2026-01-09T12:30:48.267+0000] {processor.py:161} INFO - Started process (PID=10823) to work on /home/airflow/.local/lib/python3.8/site-packages/airflow/example_dags/example_external_task_marker_dag.py
[2026-01-09T12:30:48.270+0000] {processor.py:830} INFO - Processing file /home/airflow/.local/lib/python3.8/site-packages/airflow/example_dags/example_external_task_marker_dag.py for tasks to queue
[2026-01-09T12:30:48.271+0000] {logging_mixin.py:188} INFO - [2026-01-09T12:30:48.271+0000] {dagbag.py:538} INFO - Filling up the DagBag from /home/airflow/.local/lib/python3.8/site-packages/airflow/example_dags/example_external_task_marker_dag.py
[2026-01-09T12:30:48.284+0000] {processor.py:840} INFO - DAG(s) 'example_external_task_marker_child', 'example_external_task_marker_parent' retrieved from /home/airflow/.local/lib/python3.8/site-packages/airflow/example_dags/example_external_task_marker_dag.py
[2026-01-09T12:30:48.346+0000] {logging_mixin.py:188} INFO - [2026-01-09T12:30:48.346+0000] {dag.py:3036} INFO - Sync 2 DAGs
[2026-01-09T12:30:48.375+0000] {logging_mixin.py:188} INFO - [2026-01-09T12:30:48.374+0000] {dag.py:3823} INFO - Setting next_dagrun for example_external_task_marker_child to None, run_after=None
[2026-01-09T12:30:48.384+0000] {logging_mixin.py:188} INFO - [2026-01-09T12:30:48.383+0000] {dag.py:3823} INFO - Setting next_dagrun for example_external_task_marker_parent to None, run_after=None
[2026-01-09T12:30:48.444+0000] {processor.py:183} INFO - Processing /home/airflow/.local/lib/python3.8/site-packages/airflow/example_dags/example_external_task_marker_dag.py took 0.185 seconds
[2026-01-09T12:31:18.733+0000] {processor.py:161} INFO - Started process (PID=11070) to work on /home/airflow/.local/lib/python3.8/site-packages/airflow/example_dags/example_external_task_marker_dag.py
[2026-01-09T12:31:18.734+0000] {processor.py:830} INFO - Processing file /home/airflow/.local/lib/python3.8/site-packages/airflow/example_dags/example_external_task_marker_dag.py for tasks to queue
[2026-01-09T12:31:18.736+0000] {logging_mixin.py:188} INFO - [2026-01-09T12:31:18.735+0000] {dagbag.py:538} INFO - Filling up the DagBag from /home/airflow/.local/lib/python3.8/site-packages/airflow/example_dags/example_external_task_marker_dag.py
[2026-01-09T12:31:18.751+0000] {processor.py:840} INFO - DAG(s) 'example_external_task_marker_child', 'example_external_task_marker_parent' retrieved from /home/airflow/.local/lib/python3.8/site-packages/airflow/example_dags/example_external_task_marker_dag.py
[2026-01-09T12:31:18.800+0000] {logging_mixin.py:188} INFO - [2026-01-09T12:31:18.800+0000] {dag.py:3036} INFO - Sync 2 DAGs
[2026-01-09T12:31:18.819+0000] {logging_mixin.py:188} INFO - [2026-01-09T12:31:18.819+0000] {dag.py:3823} INFO - Setting next_dagrun for example_external_task_marker_child to None, run_after=None
[2026-01-09T12:31:18.825+0000] {logging_mixin.py:188} INFO - [2026-01-09T12:31:18.825+0000] {dag.py:3823} INFO - Setting next_dagrun for example_external_task_marker_parent to None, run_after=None
[2026-01-09T12:31:18.859+0000] {processor.py:183} INFO - Processing /home/airflow/.local/lib/python3.8/site-packages/airflow/example_dags/example_external_task_marker_dag.py took 0.134 seconds
[2026-01-09T12:31:49.375+0000] {processor.py:161} INFO - Started process (PID=11316) to work on /home/airflow/.local/lib/python3.8/site-packages/airflow/example_dags/example_external_task_marker_dag.py
[2026-01-09T12:31:49.378+0000] {processor.py:830} INFO - Processing file /home/airflow/.local/lib/python3.8/site-packages/airflow/example_dags/example_external_task_marker_dag.py for tasks to queue
[2026-01-09T12:31:49.380+0000] {logging_mixin.py:188} INFO - [2026-01-09T12:31:49.379+0000] {dagbag.py:538} INFO - Filling up the DagBag from /home/airflow/.local/lib/python3.8/site-packages/airflow/example_dags/example_external_task_marker_dag.py
[2026-01-09T12:31:49.395+0000] {processor.py:840} INFO - DAG(s) 'example_external_task_marker_parent', 'example_external_task_marker_child' retrieved from /home/airflow/.local/lib/python3.8/site-packages/airflow/example_dags/example_external_task_marker_dag.py
[2026-01-09T12:31:49.450+0000] {logging_mixin.py:188} INFO - [2026-01-09T12:31:49.450+0000] {dag.py:3036} INFO - Sync 2 DAGs
[2026-01-09T12:31:49.476+0000] {logging_mixin.py:188} INFO - [2026-01-09T12:31:49.476+0000] {dag.py:3823} INFO - Setting next_dagrun for example_external_task_marker_child to None, run_after=None
[2026-01-09T12:31:49.483+0000] {logging_mixin.py:188} INFO - [2026-01-09T12:31:49.483+0000] {dag.py:3823} INFO - Setting next_dagrun for example_external_task_marker_parent to None, run_after=None
[2026-01-09T12:31:49.523+0000] {processor.py:183} INFO - Processing /home/airflow/.local/lib/python3.8/site-packages/airflow/example_dags/example_external_task_marker_dag.py took 0.158 seconds
[2026-01-09T12:32:19.864+0000] {processor.py:161} INFO - Started process (PID=11563) to work on /home/airflow/.local/lib/python3.8/site-packages/airflow/example_dags/example_external_task_marker_dag.py
[2026-01-09T12:32:19.868+0000] {processor.py:830} INFO - Processing file /home/airflow/.local/lib/python3.8/site-packages/airflow/example_dags/example_external_task_marker_dag.py for tasks to queue
[2026-01-09T12:32:19.870+0000] {logging_mixin.py:188} INFO - [2026-01-09T12:32:19.869+0000] {dagbag.py:538} INFO - Filling up the DagBag from /home/airflow/.local/lib/python3.8/site-packages/airflow/example_dags/example_external_task_marker_dag.py
[2026-01-09T12:32:19.886+0000] {processor.py:840} INFO - DAG(s) 'example_external_task_marker_parent', 'example_external_task_marker_child' retrieved from /home/airflow/.local/lib/python3.8/site-packages/airflow/example_dags/example_external_task_marker_dag.py
[2026-01-09T12:32:19.974+0000] {logging_mixin.py:188} INFO - [2026-01-09T12:32:19.974+0000] {dag.py:3036} INFO - Sync 2 DAGs
[2026-01-09T12:32:20.012+0000] {logging_mixin.py:188} INFO - [2026-01-09T12:32:20.011+0000] {dag.py:3823} INFO - Setting next_dagrun for example_external_task_marker_child to None, run_after=None
[2026-01-09T12:32:20.028+0000] {logging_mixin.py:188} INFO - [2026-01-09T12:32:20.027+0000] {dag.py:3823} INFO - Setting next_dagrun for example_external_task_marker_parent to None, run_after=None
[2026-01-09T12:32:20.099+0000] {processor.py:183} INFO - Processing /home/airflow/.local/lib/python3.8/site-packages/airflow/example_dags/example_external_task_marker_dag.py took 0.243 seconds
[2026-01-09T12:32:50.629+0000] {processor.py:161} INFO - Started process (PID=11810) to work on /home/airflow/.local/lib/python3.8/site-packages/airflow/example_dags/example_external_task_marker_dag.py
[2026-01-09T12:32:50.637+0000] {processor.py:830} INFO - Processing file /home/airflow/.local/lib/python3.8/site-packages/airflow/example_dags/example_external_task_marker_dag.py for tasks to queue
[2026-01-09T12:32:50.639+0000] {logging_mixin.py:188} INFO - [2026-01-09T12:32:50.639+0000] {dagbag.py:538} INFO - Filling up the DagBag from /home/airflow/.local/lib/python3.8/site-packages/airflow/example_dags/example_external_task_marker_dag.py
[2026-01-09T12:32:50.654+0000] {processor.py:840} INFO - DAG(s) 'example_external_task_marker_child', 'example_external_task_marker_parent' retrieved from /home/airflow/.local/lib/python3.8/site-packages/airflow/example_dags/example_external_task_marker_dag.py
[2026-01-09T12:32:50.704+0000] {logging_mixin.py:188} INFO - [2026-01-09T12:32:50.704+0000] {dag.py:3036} INFO - Sync 2 DAGs
[2026-01-09T12:32:50.727+0000] {logging_mixin.py:188} INFO - [2026-01-09T12:32:50.727+0000] {dag.py:3823} INFO - Setting next_dagrun for example_external_task_marker_child to None, run_after=None
[2026-01-09T12:32:50.734+0000] {logging_mixin.py:188} INFO - [2026-01-09T12:32:50.733+0000] {dag.py:3823} INFO - Setting next_dagrun for example_external_task_marker_parent to None, run_after=None
[2026-01-09T12:32:50.776+0000] {processor.py:183} INFO - Processing /home/airflow/.local/lib/python3.8/site-packages/airflow/example_dags/example_external_task_marker_dag.py took 0.155 seconds
[2026-01-09T12:33:21.226+0000] {processor.py:161} INFO - Started process (PID=12057) to work on /home/airflow/.local/lib/python3.8/site-packages/airflow/example_dags/example_external_task_marker_dag.py
[2026-01-09T12:33:21.231+0000] {processor.py:830} INFO - Processing file /home/airflow/.local/lib/python3.8/site-packages/airflow/example_dags/example_external_task_marker_dag.py for tasks to queue
[2026-01-09T12:33:21.233+0000] {logging_mixin.py:188} INFO - [2026-01-09T12:33:21.232+0000] {dagbag.py:538} INFO - Filling up the DagBag from /home/airflow/.local/lib/python3.8/site-packages/airflow/example_dags/example_external_task_marker_dag.py
[2026-01-09T12:33:21.244+0000] {processor.py:840} INFO - DAG(s) 'example_external_task_marker_parent', 'example_external_task_marker_child' retrieved from /home/airflow/.local/lib/python3.8/site-packages/airflow/example_dags/example_external_task_marker_dag.py
[2026-01-09T12:33:21.300+0000] {logging_mixin.py:188} INFO - [2026-01-09T12:33:21.300+0000] {dag.py:3036} INFO - Sync 2 DAGs
[2026-01-09T12:33:21.321+0000] {logging_mixin.py:188} INFO - [2026-01-09T12:33:21.321+0000] {dag.py:3823} INFO - Setting next_dagrun for example_external_task_marker_child to None, run_after=None
[2026-01-09T12:33:21.328+0000] {logging_mixin.py:188} INFO - [2026-01-09T12:33:21.328+0000] {dag.py:3823} INFO - Setting next_dagrun for example_external_task_marker_parent to None, run_after=None
[2026-01-09T12:33:21.369+0000] {processor.py:183} INFO - Processing /home/airflow/.local/lib/python3.8/site-packages/airflow/example_dags/example_external_task_marker_dag.py took 0.148 seconds
[2026-01-09T12:33:51.994+0000] {processor.py:161} INFO - Started process (PID=12304) to work on /home/airflow/.local/lib/python3.8/site-packages/airflow/example_dags/example_external_task_marker_dag.py
[2026-01-09T12:33:51.996+0000] {processor.py:830} INFO - Processing file /home/airflow/.local/lib/python3.8/site-packages/airflow/example_dags/example_external_task_marker_dag.py for tasks to queue
[2026-01-09T12:33:51.998+0000] {logging_mixin.py:188} INFO - [2026-01-09T12:33:51.998+0000] {dagbag.py:538} INFO - Filling up the DagBag from /home/airflow/.local/lib/python3.8/site-packages/airflow/example_dags/example_external_task_marker_dag.py
[2026-01-09T12:33:52.009+0000] {processor.py:840} INFO - DAG(s) 'example_external_task_marker_parent', 'example_external_task_marker_child' retrieved from /home/airflow/.local/lib/python3.8/site-packages/airflow/example_dags/example_external_task_marker_dag.py
[2026-01-09T12:33:52.063+0000] {logging_mixin.py:188} INFO - [2026-01-09T12:33:52.063+0000] {dag.py:3036} INFO - Sync 2 DAGs
[2026-01-09T12:33:52.093+0000] {logging_mixin.py:188} INFO - [2026-01-09T12:33:52.092+0000] {dag.py:3823} INFO - Setting next_dagrun for example_external_task_marker_child to None, run_after=None
[2026-01-09T12:33:52.101+0000] {logging_mixin.py:188} INFO - [2026-01-09T12:33:52.101+0000] {dag.py:3823} INFO - Setting next_dagrun for example_external_task_marker_parent to None, run_after=None
[2026-01-09T12:33:52.145+0000] {processor.py:183} INFO - Processing /home/airflow/.local/lib/python3.8/site-packages/airflow/example_dags/example_external_task_marker_dag.py took 0.160 seconds
[2026-01-09T12:34:22.503+0000] {processor.py:161} INFO - Started process (PID=12551) to work on /home/airflow/.local/lib/python3.8/site-packages/airflow/example_dags/example_external_task_marker_dag.py
[2026-01-09T12:34:22.506+0000] {processor.py:830} INFO - Processing file /home/airflow/.local/lib/python3.8/site-packages/airflow/example_dags/example_external_task_marker_dag.py for tasks to queue
[2026-01-09T12:34:22.508+0000] {logging_mixin.py:188} INFO - [2026-01-09T12:34:22.507+0000] {dagbag.py:538} INFO - Filling up the DagBag from /home/airflow/.local/lib/python3.8/site-packages/airflow/example_dags/example_external_task_marker_dag.py
[2026-01-09T12:34:22.522+0000] {processor.py:840} INFO - DAG(s) 'example_external_task_marker_child', 'example_external_task_marker_parent' retrieved from /home/airflow/.local/lib/python3.8/site-packages/airflow/example_dags/example_external_task_marker_dag.py
[2026-01-09T12:34:22.575+0000] {logging_mixin.py:188} INFO - [2026-01-09T12:34:22.575+0000] {dag.py:3036} INFO - Sync 2 DAGs
[2026-01-09T12:34:22.606+0000] {logging_mixin.py:188} INFO - [2026-01-09T12:34:22.606+0000] {dag.py:3823} INFO - Setting next_dagrun for example_external_task_marker_child to None, run_after=None
[2026-01-09T12:34:22.614+0000] {logging_mixin.py:188} INFO - [2026-01-09T12:34:22.613+0000] {dag.py:3823} INFO - Setting next_dagrun for example_external_task_marker_parent to None, run_after=None
[2026-01-09T12:34:22.660+0000] {processor.py:183} INFO - Processing /home/airflow/.local/lib/python3.8/site-packages/airflow/example_dags/example_external_task_marker_dag.py took 0.166 seconds
[2026-01-09T12:34:53.305+0000] {processor.py:161} INFO - Started process (PID=12804) to work on /home/airflow/.local/lib/python3.8/site-packages/airflow/example_dags/example_external_task_marker_dag.py
[2026-01-09T12:34:53.308+0000] {processor.py:830} INFO - Processing file /home/airflow/.local/lib/python3.8/site-packages/airflow/example_dags/example_external_task_marker_dag.py for tasks to queue
[2026-01-09T12:34:53.309+0000] {logging_mixin.py:188} INFO - [2026-01-09T12:34:53.309+0000] {dagbag.py:538} INFO - Filling up the DagBag from /home/airflow/.local/lib/python3.8/site-packages/airflow/example_dags/example_external_task_marker_dag.py
[2026-01-09T12:34:53.322+0000] {processor.py:840} INFO - DAG(s) 'example_external_task_marker_parent', 'example_external_task_marker_child' retrieved from /home/airflow/.local/lib/python3.8/site-packages/airflow/example_dags/example_external_task_marker_dag.py
[2026-01-09T12:34:53.367+0000] {logging_mixin.py:188} INFO - [2026-01-09T12:34:53.367+0000] {dag.py:3036} INFO - Sync 2 DAGs
[2026-01-09T12:34:53.390+0000] {logging_mixin.py:188} INFO - [2026-01-09T12:34:53.389+0000] {dag.py:3823} INFO - Setting next_dagrun for example_external_task_marker_child to None, run_after=None
[2026-01-09T12:34:53.399+0000] {logging_mixin.py:188} INFO - [2026-01-09T12:34:53.398+0000] {dag.py:3823} INFO - Setting next_dagrun for example_external_task_marker_parent to None, run_after=None
[2026-01-09T12:34:53.447+0000] {processor.py:183} INFO - Processing /home/airflow/.local/lib/python3.8/site-packages/airflow/example_dags/example_external_task_marker_dag.py took 0.148 seconds
[2026-01-09T12:35:23.994+0000] {processor.py:161} INFO - Started process (PID=13051) to work on /home/airflow/.local/lib/python3.8/site-packages/airflow/example_dags/example_external_task_marker_dag.py
[2026-01-09T12:35:23.996+0000] {processor.py:830} INFO - Processing file /home/airflow/.local/lib/python3.8/site-packages/airflow/example_dags/example_external_task_marker_dag.py for tasks to queue
[2026-01-09T12:35:23.998+0000] {logging_mixin.py:188} INFO - [2026-01-09T12:35:23.997+0000] {dagbag.py:538} INFO - Filling up the DagBag from /home/airflow/.local/lib/python3.8/site-packages/airflow/example_dags/example_external_task_marker_dag.py
[2026-01-09T12:35:24.009+0000] {processor.py:840} INFO - DAG(s) 'example_external_task_marker_child', 'example_external_task_marker_parent' retrieved from /home/airflow/.local/lib/python3.8/site-packages/airflow/example_dags/example_external_task_marker_dag.py
[2026-01-09T12:35:24.058+0000] {logging_mixin.py:188} INFO - [2026-01-09T12:35:24.058+0000] {dag.py:3036} INFO - Sync 2 DAGs
[2026-01-09T12:35:24.079+0000] {logging_mixin.py:188} INFO - [2026-01-09T12:35:24.079+0000] {dag.py:3823} INFO - Setting next_dagrun for example_external_task_marker_child to None, run_after=None
[2026-01-09T12:35:24.086+0000] {logging_mixin.py:188} INFO - [2026-01-09T12:35:24.086+0000] {dag.py:3823} INFO - Setting next_dagrun for example_external_task_marker_parent to None, run_after=None
[2026-01-09T12:35:24.127+0000] {processor.py:183} INFO - Processing /home/airflow/.local/lib/python3.8/site-packages/airflow/example_dags/example_external_task_marker_dag.py took 0.140 seconds
[2026-01-09T12:35:54.604+0000] {processor.py:161} INFO - Started process (PID=13298) to work on /home/airflow/.local/lib/python3.8/site-packages/airflow/example_dags/example_external_task_marker_dag.py
[2026-01-09T12:35:54.611+0000] {processor.py:830} INFO - Processing file /home/airflow/.local/lib/python3.8/site-packages/airflow/example_dags/example_external_task_marker_dag.py for tasks to queue
[2026-01-09T12:35:54.613+0000] {logging_mixin.py:188} INFO - [2026-01-09T12:35:54.613+0000] {dagbag.py:538} INFO - Filling up the DagBag from /home/airflow/.local/lib/python3.8/site-packages/airflow/example_dags/example_external_task_marker_dag.py
[2026-01-09T12:35:54.626+0000] {processor.py:840} INFO - DAG(s) 'example_external_task_marker_child', 'example_external_task_marker_parent' retrieved from /home/airflow/.local/lib/python3.8/site-packages/airflow/example_dags/example_external_task_marker_dag.py
[2026-01-09T12:35:54.678+0000] {logging_mixin.py:188} INFO - [2026-01-09T12:35:54.677+0000] {dag.py:3036} INFO - Sync 2 DAGs
[2026-01-09T12:35:54.700+0000] {logging_mixin.py:188} INFO - [2026-01-09T12:35:54.700+0000] {dag.py:3823} INFO - Setting next_dagrun for example_external_task_marker_child to None, run_after=None
[2026-01-09T12:35:54.706+0000] {logging_mixin.py:188} INFO - [2026-01-09T12:35:54.706+0000] {dag.py:3823} INFO - Setting next_dagrun for example_external_task_marker_parent to None, run_after=None
[2026-01-09T12:35:54.741+0000] {processor.py:183} INFO - Processing /home/airflow/.local/lib/python3.8/site-packages/airflow/example_dags/example_external_task_marker_dag.py took 0.144 seconds
[2026-01-09T12:36:25.448+0000] {processor.py:161} INFO - Started process (PID=13545) to work on /home/airflow/.local/lib/python3.8/site-packages/airflow/example_dags/example_external_task_marker_dag.py
[2026-01-09T12:36:25.449+0000] {processor.py:830} INFO - Processing file /home/airflow/.local/lib/python3.8/site-packages/airflow/example_dags/example_external_task_marker_dag.py for tasks to queue
[2026-01-09T12:36:25.451+0000] {logging_mixin.py:188} INFO - [2026-01-09T12:36:25.450+0000] {dagbag.py:538} INFO - Filling up the DagBag from /home/airflow/.local/lib/python3.8/site-packages/airflow/example_dags/example_external_task_marker_dag.py
[2026-01-09T12:36:25.462+0000] {processor.py:840} INFO - DAG(s) 'example_external_task_marker_child', 'example_external_task_marker_parent' retrieved from /home/airflow/.local/lib/python3.8/site-packages/airflow/example_dags/example_external_task_marker_dag.py
[2026-01-09T12:36:25.507+0000] {logging_mixin.py:188} INFO - [2026-01-09T12:36:25.506+0000] {dag.py:3036} INFO - Sync 2 DAGs
[2026-01-09T12:36:25.528+0000] {logging_mixin.py:188} INFO - [2026-01-09T12:36:25.527+0000] {dag.py:3823} INFO - Setting next_dagrun for example_external_task_marker_child to None, run_after=None
[2026-01-09T12:36:25.534+0000] {logging_mixin.py:188} INFO - [2026-01-09T12:36:25.533+0000] {dag.py:3823} INFO - Setting next_dagrun for example_external_task_marker_parent to None, run_after=None
[2026-01-09T12:36:25.574+0000] {processor.py:183} INFO - Processing /home/airflow/.local/lib/python3.8/site-packages/airflow/example_dags/example_external_task_marker_dag.py took 0.133 seconds
[2026-01-09T12:36:55.659+0000] {processor.py:161} INFO - Started process (PID=13792) to work on /home/airflow/.local/lib/python3.8/site-packages/airflow/example_dags/example_external_task_marker_dag.py
[2026-01-09T12:36:55.661+0000] {processor.py:830} INFO - Processing file /home/airflow/.local/lib/python3.8/site-packages/airflow/example_dags/example_external_task_marker_dag.py for tasks to queue
[2026-01-09T12:36:55.663+0000] {logging_mixin.py:188} INFO - [2026-01-09T12:36:55.662+0000] {dagbag.py:538} INFO - Filling up the DagBag from /home/airflow/.local/lib/python3.8/site-packages/airflow/example_dags/example_external_task_marker_dag.py
[2026-01-09T12:36:55.675+0000] {processor.py:840} INFO - DAG(s) 'example_external_task_marker_child', 'example_external_task_marker_parent' retrieved from /home/airflow/.local/lib/python3.8/site-packages/airflow/example_dags/example_external_task_marker_dag.py
[2026-01-09T12:36:55.723+0000] {logging_mixin.py:188} INFO - [2026-01-09T12:36:55.722+0000] {dag.py:3036} INFO - Sync 2 DAGs
[2026-01-09T12:36:55.744+0000] {logging_mixin.py:188} INFO - [2026-01-09T12:36:55.743+0000] {dag.py:3823} INFO - Setting next_dagrun for example_external_task_marker_child to None, run_after=None
[2026-01-09T12:36:55.749+0000] {logging_mixin.py:188} INFO - [2026-01-09T12:36:55.748+0000] {dag.py:3823} INFO - Setting next_dagrun for example_external_task_marker_parent to None, run_after=None
[2026-01-09T12:36:55.786+0000] {processor.py:183} INFO - Processing /home/airflow/.local/lib/python3.8/site-packages/airflow/example_dags/example_external_task_marker_dag.py took 0.133 seconds
[2026-01-09T12:37:26.297+0000] {processor.py:161} INFO - Started process (PID=14039) to work on /home/airflow/.local/lib/python3.8/site-packages/airflow/example_dags/example_external_task_marker_dag.py
[2026-01-09T12:37:26.299+0000] {processor.py:830} INFO - Processing file /home/airflow/.local/lib/python3.8/site-packages/airflow/example_dags/example_external_task_marker_dag.py for tasks to queue
[2026-01-09T12:37:26.301+0000] {logging_mixin.py:188} INFO - [2026-01-09T12:37:26.301+0000] {dagbag.py:538} INFO - Filling up the DagBag from /home/airflow/.local/lib/python3.8/site-packages/airflow/example_dags/example_external_task_marker_dag.py
[2026-01-09T12:37:26.312+0000] {processor.py:840} INFO - DAG(s) 'example_external_task_marker_child', 'example_external_task_marker_parent' retrieved from /home/airflow/.local/lib/python3.8/site-packages/airflow/example_dags/example_external_task_marker_dag.py
[2026-01-09T12:37:26.360+0000] {logging_mixin.py:188} INFO - [2026-01-09T12:37:26.359+0000] {dag.py:3036} INFO - Sync 2 DAGs
[2026-01-09T12:37:26.382+0000] {logging_mixin.py:188} INFO - [2026-01-09T12:37:26.382+0000] {dag.py:3823} INFO - Setting next_dagrun for example_external_task_marker_child to None, run_after=None
[2026-01-09T12:37:26.389+0000] {logging_mixin.py:188} INFO - [2026-01-09T12:37:26.389+0000] {dag.py:3823} INFO - Setting next_dagrun for example_external_task_marker_parent to None, run_after=None
[2026-01-09T12:37:26.429+0000] {processor.py:183} INFO - Processing /home/airflow/.local/lib/python3.8/site-packages/airflow/example_dags/example_external_task_marker_dag.py took 0.138 seconds
[2026-01-09T12:37:56.994+0000] {processor.py:161} INFO - Started process (PID=14286) to work on /home/airflow/.local/lib/python3.8/site-packages/airflow/example_dags/example_external_task_marker_dag.py
[2026-01-09T12:37:56.996+0000] {processor.py:830} INFO - Processing file /home/airflow/.local/lib/python3.8/site-packages/airflow/example_dags/example_external_task_marker_dag.py for tasks to queue
[2026-01-09T12:37:56.997+0000] {logging_mixin.py:188} INFO - [2026-01-09T12:37:56.997+0000] {dagbag.py:538} INFO - Filling up the DagBag from /home/airflow/.local/lib/python3.8/site-packages/airflow/example_dags/example_external_task_marker_dag.py
[2026-01-09T12:37:57.009+0000] {processor.py:840} INFO - DAG(s) 'example_external_task_marker_child', 'example_external_task_marker_parent' retrieved from /home/airflow/.local/lib/python3.8/site-packages/airflow/example_dags/example_external_task_marker_dag.py
[2026-01-09T12:37:57.056+0000] {logging_mixin.py:188} INFO - [2026-01-09T12:37:57.056+0000] {dag.py:3036} INFO - Sync 2 DAGs
[2026-01-09T12:37:57.079+0000] {logging_mixin.py:188} INFO - [2026-01-09T12:37:57.079+0000] {dag.py:3823} INFO - Setting next_dagrun for example_external_task_marker_child to None, run_after=None
[2026-01-09T12:37:57.085+0000] {logging_mixin.py:188} INFO - [2026-01-09T12:37:57.084+0000] {dag.py:3823} INFO - Setting next_dagrun for example_external_task_marker_parent to None, run_after=None
[2026-01-09T12:37:57.121+0000] {processor.py:183} INFO - Processing /home/airflow/.local/lib/python3.8/site-packages/airflow/example_dags/example_external_task_marker_dag.py took 0.134 seconds
[2026-01-09T12:38:27.553+0000] {processor.py:161} INFO - Started process (PID=14533) to work on /home/airflow/.local/lib/python3.8/site-packages/airflow/example_dags/example_external_task_marker_dag.py
[2026-01-09T12:38:27.558+0000] {processor.py:830} INFO - Processing file /home/airflow/.local/lib/python3.8/site-packages/airflow/example_dags/example_external_task_marker_dag.py for tasks to queue
[2026-01-09T12:38:27.559+0000] {logging_mixin.py:188} INFO - [2026-01-09T12:38:27.559+0000] {dagbag.py:538} INFO - Filling up the DagBag from /home/airflow/.local/lib/python3.8/site-packages/airflow/example_dags/example_external_task_marker_dag.py
[2026-01-09T12:38:27.570+0000] {processor.py:840} INFO - DAG(s) 'example_external_task_marker_child', 'example_external_task_marker_parent' retrieved from /home/airflow/.local/lib/python3.8/site-packages/airflow/example_dags/example_external_task_marker_dag.py
[2026-01-09T12:38:27.616+0000] {logging_mixin.py:188} INFO - [2026-01-09T12:38:27.616+0000] {dag.py:3036} INFO - Sync 2 DAGs
[2026-01-09T12:38:27.641+0000] {logging_mixin.py:188} INFO - [2026-01-09T12:38:27.640+0000] {dag.py:3823} INFO - Setting next_dagrun for example_external_task_marker_child to None, run_after=None
[2026-01-09T12:38:27.647+0000] {logging_mixin.py:188} INFO - [2026-01-09T12:38:27.647+0000] {dag.py:3823} INFO - Setting next_dagrun for example_external_task_marker_parent to None, run_after=None
[2026-01-09T12:38:27.686+0000] {processor.py:183} INFO - Processing /home/airflow/.local/lib/python3.8/site-packages/airflow/example_dags/example_external_task_marker_dag.py took 0.140 seconds
[2026-01-09T12:38:58.338+0000] {processor.py:161} INFO - Started process (PID=14780) to work on /home/airflow/.local/lib/python3.8/site-packages/airflow/example_dags/example_external_task_marker_dag.py
[2026-01-09T12:38:58.343+0000] {processor.py:830} INFO - Processing file /home/airflow/.local/lib/python3.8/site-packages/airflow/example_dags/example_external_task_marker_dag.py for tasks to queue
[2026-01-09T12:38:58.345+0000] {logging_mixin.py:188} INFO - [2026-01-09T12:38:58.344+0000] {dagbag.py:538} INFO - Filling up the DagBag from /home/airflow/.local/lib/python3.8/site-packages/airflow/example_dags/example_external_task_marker_dag.py
[2026-01-09T12:38:58.359+0000] {processor.py:840} INFO - DAG(s) 'example_external_task_marker_parent', 'example_external_task_marker_child' retrieved from /home/airflow/.local/lib/python3.8/site-packages/airflow/example_dags/example_external_task_marker_dag.py
[2026-01-09T12:38:58.412+0000] {logging_mixin.py:188} INFO - [2026-01-09T12:38:58.411+0000] {dag.py:3036} INFO - Sync 2 DAGs
[2026-01-09T12:38:58.433+0000] {logging_mixin.py:188} INFO - [2026-01-09T12:38:58.433+0000] {dag.py:3823} INFO - Setting next_dagrun for example_external_task_marker_child to None, run_after=None
[2026-01-09T12:38:58.440+0000] {logging_mixin.py:188} INFO - [2026-01-09T12:38:58.439+0000] {dag.py:3823} INFO - Setting next_dagrun for example_external_task_marker_parent to None, run_after=None
[2026-01-09T12:38:58.480+0000] {processor.py:183} INFO - Processing /home/airflow/.local/lib/python3.8/site-packages/airflow/example_dags/example_external_task_marker_dag.py took 0.148 seconds
[2026-01-09T12:39:28.682+0000] {processor.py:161} INFO - Started process (PID=15027) to work on /home/airflow/.local/lib/python3.8/site-packages/airflow/example_dags/example_external_task_marker_dag.py
[2026-01-09T12:39:28.687+0000] {processor.py:830} INFO - Processing file /home/airflow/.local/lib/python3.8/site-packages/airflow/example_dags/example_external_task_marker_dag.py for tasks to queue
[2026-01-09T12:39:28.688+0000] {logging_mixin.py:188} INFO - [2026-01-09T12:39:28.688+0000] {dagbag.py:538} INFO - Filling up the DagBag from /home/airflow/.local/lib/python3.8/site-packages/airflow/example_dags/example_external_task_marker_dag.py
[2026-01-09T12:39:28.699+0000] {processor.py:840} INFO - DAG(s) 'example_external_task_marker_child', 'example_external_task_marker_parent' retrieved from /home/airflow/.local/lib/python3.8/site-packages/airflow/example_dags/example_external_task_marker_dag.py
[2026-01-09T12:39:28.749+0000] {logging_mixin.py:188} INFO - [2026-01-09T12:39:28.749+0000] {dag.py:3036} INFO - Sync 2 DAGs
[2026-01-09T12:39:28.773+0000] {logging_mixin.py:188} INFO - [2026-01-09T12:39:28.773+0000] {dag.py:3823} INFO - Setting next_dagrun for example_external_task_marker_child to None, run_after=None
[2026-01-09T12:39:28.781+0000] {logging_mixin.py:188} INFO - [2026-01-09T12:39:28.780+0000] {dag.py:3823} INFO - Setting next_dagrun for example_external_task_marker_parent to None, run_after=None
[2026-01-09T12:39:28.819+0000] {processor.py:183} INFO - Processing /home/airflow/.local/lib/python3.8/site-packages/airflow/example_dags/example_external_task_marker_dag.py took 0.143 seconds
