[2026-01-09T12:08:55.452+0000] {processor.py:161} INFO - Started process (PID=287) to work on /home/airflow/.local/lib/python3.8/site-packages/airflow/example_dags/example_params_trigger_ui.py
[2026-01-09T12:08:55.454+0000] {processor.py:830} INFO - Processing file /home/airflow/.local/lib/python3.8/site-packages/airflow/example_dags/example_params_trigger_ui.py for tasks to queue
[2026-01-09T12:08:55.456+0000] {logging_mixin.py:188} INFO - [2026-01-09T12:08:55.455+0000] {dagbag.py:538} INFO - Filling up the DagBag from /home/airflow/.local/lib/python3.8/site-packages/airflow/example_dags/example_params_trigger_ui.py
[2026-01-09T12:08:55.493+0000] {processor.py:840} INFO - DAG(s) 'example_params_trigger_ui' retrieved from /home/airflow/.local/lib/python3.8/site-packages/airflow/example_dags/example_params_trigger_ui.py
[2026-01-09T12:08:55.772+0000] {logging_mixin.py:188} INFO - [2026-01-09T12:08:55.772+0000] {dag.py:3036} INFO - Sync 1 DAGs
[2026-01-09T12:08:55.789+0000] {logging_mixin.py:188} INFO - [2026-01-09T12:08:55.789+0000] {dag.py:3823} INFO - Setting next_dagrun for example_params_trigger_ui to None, run_after=None
[2026-01-09T12:08:55.832+0000] {processor.py:183} INFO - Processing /home/airflow/.local/lib/python3.8/site-packages/airflow/example_dags/example_params_trigger_ui.py took 0.386 seconds
[2026-01-09T12:09:26.287+0000] {processor.py:161} INFO - Started process (PID=536) to work on /home/airflow/.local/lib/python3.8/site-packages/airflow/example_dags/example_params_trigger_ui.py
[2026-01-09T12:09:26.290+0000] {processor.py:830} INFO - Processing file /home/airflow/.local/lib/python3.8/site-packages/airflow/example_dags/example_params_trigger_ui.py for tasks to queue
[2026-01-09T12:09:26.291+0000] {logging_mixin.py:188} INFO - [2026-01-09T12:09:26.290+0000] {dagbag.py:538} INFO - Filling up the DagBag from /home/airflow/.local/lib/python3.8/site-packages/airflow/example_dags/example_params_trigger_ui.py
[2026-01-09T12:09:26.310+0000] {processor.py:840} INFO - DAG(s) 'example_params_trigger_ui' retrieved from /home/airflow/.local/lib/python3.8/site-packages/airflow/example_dags/example_params_trigger_ui.py
[2026-01-09T12:09:26.387+0000] {logging_mixin.py:188} INFO - [2026-01-09T12:09:26.386+0000] {dag.py:3036} INFO - Sync 1 DAGs
[2026-01-09T12:09:26.410+0000] {logging_mixin.py:188} INFO - [2026-01-09T12:09:26.409+0000] {dag.py:3823} INFO - Setting next_dagrun for example_params_trigger_ui to None, run_after=None
[2026-01-09T12:09:26.451+0000] {processor.py:183} INFO - Processing /home/airflow/.local/lib/python3.8/site-packages/airflow/example_dags/example_params_trigger_ui.py took 0.169 seconds
[2026-01-09T12:09:56.809+0000] {processor.py:161} INFO - Started process (PID=783) to work on /home/airflow/.local/lib/python3.8/site-packages/airflow/example_dags/example_params_trigger_ui.py
[2026-01-09T12:09:56.812+0000] {processor.py:830} INFO - Processing file /home/airflow/.local/lib/python3.8/site-packages/airflow/example_dags/example_params_trigger_ui.py for tasks to queue
[2026-01-09T12:09:56.814+0000] {logging_mixin.py:188} INFO - [2026-01-09T12:09:56.814+0000] {dagbag.py:538} INFO - Filling up the DagBag from /home/airflow/.local/lib/python3.8/site-packages/airflow/example_dags/example_params_trigger_ui.py
[2026-01-09T12:09:56.839+0000] {processor.py:840} INFO - DAG(s) 'example_params_trigger_ui' retrieved from /home/airflow/.local/lib/python3.8/site-packages/airflow/example_dags/example_params_trigger_ui.py
[2026-01-09T12:09:56.940+0000] {logging_mixin.py:188} INFO - [2026-01-09T12:09:56.940+0000] {dag.py:3036} INFO - Sync 1 DAGs
[2026-01-09T12:09:56.977+0000] {logging_mixin.py:188} INFO - [2026-01-09T12:09:56.977+0000] {dag.py:3823} INFO - Setting next_dagrun for example_params_trigger_ui to None, run_after=None
[2026-01-09T12:09:57.027+0000] {processor.py:183} INFO - Processing /home/airflow/.local/lib/python3.8/site-packages/airflow/example_dags/example_params_trigger_ui.py took 0.224 seconds
[2026-01-09T12:10:27.217+0000] {processor.py:161} INFO - Started process (PID=1028) to work on /home/airflow/.local/lib/python3.8/site-packages/airflow/example_dags/example_params_trigger_ui.py
[2026-01-09T12:10:27.220+0000] {processor.py:830} INFO - Processing file /home/airflow/.local/lib/python3.8/site-packages/airflow/example_dags/example_params_trigger_ui.py for tasks to queue
[2026-01-09T12:10:27.223+0000] {logging_mixin.py:188} INFO - [2026-01-09T12:10:27.222+0000] {dagbag.py:538} INFO - Filling up the DagBag from /home/airflow/.local/lib/python3.8/site-packages/airflow/example_dags/example_params_trigger_ui.py
[2026-01-09T12:10:27.252+0000] {processor.py:840} INFO - DAG(s) 'example_params_trigger_ui' retrieved from /home/airflow/.local/lib/python3.8/site-packages/airflow/example_dags/example_params_trigger_ui.py
[2026-01-09T12:10:27.357+0000] {logging_mixin.py:188} INFO - [2026-01-09T12:10:27.356+0000] {dag.py:3036} INFO - Sync 1 DAGs
[2026-01-09T12:10:27.378+0000] {logging_mixin.py:188} INFO - [2026-01-09T12:10:27.377+0000] {dag.py:3823} INFO - Setting next_dagrun for example_params_trigger_ui to None, run_after=None
[2026-01-09T12:10:27.422+0000] {processor.py:183} INFO - Processing /home/airflow/.local/lib/python3.8/site-packages/airflow/example_dags/example_params_trigger_ui.py took 0.213 seconds
[2026-01-09T12:10:58.136+0000] {processor.py:161} INFO - Started process (PID=1277) to work on /home/airflow/.local/lib/python3.8/site-packages/airflow/example_dags/example_params_trigger_ui.py
[2026-01-09T12:10:58.138+0000] {processor.py:830} INFO - Processing file /home/airflow/.local/lib/python3.8/site-packages/airflow/example_dags/example_params_trigger_ui.py for tasks to queue
[2026-01-09T12:10:58.140+0000] {logging_mixin.py:188} INFO - [2026-01-09T12:10:58.139+0000] {dagbag.py:538} INFO - Filling up the DagBag from /home/airflow/.local/lib/python3.8/site-packages/airflow/example_dags/example_params_trigger_ui.py
[2026-01-09T12:10:58.171+0000] {processor.py:840} INFO - DAG(s) 'example_params_trigger_ui' retrieved from /home/airflow/.local/lib/python3.8/site-packages/airflow/example_dags/example_params_trigger_ui.py
[2026-01-09T12:10:58.270+0000] {logging_mixin.py:188} INFO - [2026-01-09T12:10:58.270+0000] {dag.py:3036} INFO - Sync 1 DAGs
[2026-01-09T12:10:58.295+0000] {logging_mixin.py:188} INFO - [2026-01-09T12:10:58.295+0000] {dag.py:3823} INFO - Setting next_dagrun for example_params_trigger_ui to None, run_after=None
[2026-01-09T12:10:58.350+0000] {processor.py:183} INFO - Processing /home/airflow/.local/lib/python3.8/site-packages/airflow/example_dags/example_params_trigger_ui.py took 0.222 seconds
[2026-01-09T12:11:28.876+0000] {processor.py:161} INFO - Started process (PID=1522) to work on /home/airflow/.local/lib/python3.8/site-packages/airflow/example_dags/example_params_trigger_ui.py
[2026-01-09T12:11:28.878+0000] {processor.py:830} INFO - Processing file /home/airflow/.local/lib/python3.8/site-packages/airflow/example_dags/example_params_trigger_ui.py for tasks to queue
[2026-01-09T12:11:28.880+0000] {logging_mixin.py:188} INFO - [2026-01-09T12:11:28.879+0000] {dagbag.py:538} INFO - Filling up the DagBag from /home/airflow/.local/lib/python3.8/site-packages/airflow/example_dags/example_params_trigger_ui.py
[2026-01-09T12:11:28.915+0000] {processor.py:840} INFO - DAG(s) 'example_params_trigger_ui' retrieved from /home/airflow/.local/lib/python3.8/site-packages/airflow/example_dags/example_params_trigger_ui.py
[2026-01-09T12:11:29.047+0000] {logging_mixin.py:188} INFO - [2026-01-09T12:11:29.047+0000] {dag.py:3036} INFO - Sync 1 DAGs
[2026-01-09T12:11:29.072+0000] {logging_mixin.py:188} INFO - [2026-01-09T12:11:29.071+0000] {dag.py:3823} INFO - Setting next_dagrun for example_params_trigger_ui to None, run_after=None
[2026-01-09T12:11:29.129+0000] {processor.py:183} INFO - Processing /home/airflow/.local/lib/python3.8/site-packages/airflow/example_dags/example_params_trigger_ui.py took 0.260 seconds
[2026-01-09T12:12:00.115+0000] {processor.py:161} INFO - Started process (PID=1770) to work on /home/airflow/.local/lib/python3.8/site-packages/airflow/example_dags/example_params_trigger_ui.py
[2026-01-09T12:12:00.118+0000] {processor.py:830} INFO - Processing file /home/airflow/.local/lib/python3.8/site-packages/airflow/example_dags/example_params_trigger_ui.py for tasks to queue
[2026-01-09T12:12:00.120+0000] {logging_mixin.py:188} INFO - [2026-01-09T12:12:00.119+0000] {dagbag.py:538} INFO - Filling up the DagBag from /home/airflow/.local/lib/python3.8/site-packages/airflow/example_dags/example_params_trigger_ui.py
[2026-01-09T12:12:00.150+0000] {processor.py:840} INFO - DAG(s) 'example_params_trigger_ui' retrieved from /home/airflow/.local/lib/python3.8/site-packages/airflow/example_dags/example_params_trigger_ui.py
[2026-01-09T12:12:00.243+0000] {logging_mixin.py:188} INFO - [2026-01-09T12:12:00.242+0000] {dag.py:3036} INFO - Sync 1 DAGs
[2026-01-09T12:12:00.266+0000] {logging_mixin.py:188} INFO - [2026-01-09T12:12:00.265+0000] {dag.py:3823} INFO - Setting next_dagrun for example_params_trigger_ui to None, run_after=None
[2026-01-09T12:12:00.318+0000] {processor.py:183} INFO - Processing /home/airflow/.local/lib/python3.8/site-packages/airflow/example_dags/example_params_trigger_ui.py took 0.212 seconds
[2026-01-09T12:12:30.788+0000] {processor.py:161} INFO - Started process (PID=2017) to work on /home/airflow/.local/lib/python3.8/site-packages/airflow/example_dags/example_params_trigger_ui.py
[2026-01-09T12:12:30.799+0000] {processor.py:830} INFO - Processing file /home/airflow/.local/lib/python3.8/site-packages/airflow/example_dags/example_params_trigger_ui.py for tasks to queue
[2026-01-09T12:12:30.801+0000] {logging_mixin.py:188} INFO - [2026-01-09T12:12:30.801+0000] {dagbag.py:538} INFO - Filling up the DagBag from /home/airflow/.local/lib/python3.8/site-packages/airflow/example_dags/example_params_trigger_ui.py
[2026-01-09T12:12:30.830+0000] {processor.py:840} INFO - DAG(s) 'example_params_trigger_ui' retrieved from /home/airflow/.local/lib/python3.8/site-packages/airflow/example_dags/example_params_trigger_ui.py
[2026-01-09T12:12:30.930+0000] {logging_mixin.py:188} INFO - [2026-01-09T12:12:30.929+0000] {dag.py:3036} INFO - Sync 1 DAGs
[2026-01-09T12:12:30.956+0000] {logging_mixin.py:188} INFO - [2026-01-09T12:12:30.955+0000] {dag.py:3823} INFO - Setting next_dagrun for example_params_trigger_ui to None, run_after=None
[2026-01-09T12:12:31.000+0000] {processor.py:183} INFO - Processing /home/airflow/.local/lib/python3.8/site-packages/airflow/example_dags/example_params_trigger_ui.py took 0.219 seconds
[2026-01-09T12:13:01.259+0000] {processor.py:161} INFO - Started process (PID=2266) to work on /home/airflow/.local/lib/python3.8/site-packages/airflow/example_dags/example_params_trigger_ui.py
[2026-01-09T12:13:01.265+0000] {processor.py:830} INFO - Processing file /home/airflow/.local/lib/python3.8/site-packages/airflow/example_dags/example_params_trigger_ui.py for tasks to queue
[2026-01-09T12:13:01.267+0000] {logging_mixin.py:188} INFO - [2026-01-09T12:13:01.266+0000] {dagbag.py:538} INFO - Filling up the DagBag from /home/airflow/.local/lib/python3.8/site-packages/airflow/example_dags/example_params_trigger_ui.py
[2026-01-09T12:13:01.287+0000] {processor.py:840} INFO - DAG(s) 'example_params_trigger_ui' retrieved from /home/airflow/.local/lib/python3.8/site-packages/airflow/example_dags/example_params_trigger_ui.py
[2026-01-09T12:13:01.363+0000] {logging_mixin.py:188} INFO - [2026-01-09T12:13:01.363+0000] {dag.py:3036} INFO - Sync 1 DAGs
[2026-01-09T12:13:01.384+0000] {logging_mixin.py:188} INFO - [2026-01-09T12:13:01.383+0000] {dag.py:3823} INFO - Setting next_dagrun for example_params_trigger_ui to None, run_after=None
[2026-01-09T12:13:01.432+0000] {processor.py:183} INFO - Processing /home/airflow/.local/lib/python3.8/site-packages/airflow/example_dags/example_params_trigger_ui.py took 0.180 seconds
[2026-01-09T12:13:31.686+0000] {processor.py:161} INFO - Started process (PID=2511) to work on /home/airflow/.local/lib/python3.8/site-packages/airflow/example_dags/example_params_trigger_ui.py
[2026-01-09T12:13:31.688+0000] {processor.py:830} INFO - Processing file /home/airflow/.local/lib/python3.8/site-packages/airflow/example_dags/example_params_trigger_ui.py for tasks to queue
[2026-01-09T12:13:31.689+0000] {logging_mixin.py:188} INFO - [2026-01-09T12:13:31.689+0000] {dagbag.py:538} INFO - Filling up the DagBag from /home/airflow/.local/lib/python3.8/site-packages/airflow/example_dags/example_params_trigger_ui.py
[2026-01-09T12:13:31.712+0000] {processor.py:840} INFO - DAG(s) 'example_params_trigger_ui' retrieved from /home/airflow/.local/lib/python3.8/site-packages/airflow/example_dags/example_params_trigger_ui.py
[2026-01-09T12:13:31.812+0000] {logging_mixin.py:188} INFO - [2026-01-09T12:13:31.812+0000] {dag.py:3036} INFO - Sync 1 DAGs
[2026-01-09T12:13:31.833+0000] {logging_mixin.py:188} INFO - [2026-01-09T12:13:31.833+0000] {dag.py:3823} INFO - Setting next_dagrun for example_params_trigger_ui to None, run_after=None
[2026-01-09T12:13:31.877+0000] {processor.py:183} INFO - Processing /home/airflow/.local/lib/python3.8/site-packages/airflow/example_dags/example_params_trigger_ui.py took 0.198 seconds
[2026-01-09T12:14:02.122+0000] {processor.py:161} INFO - Started process (PID=2758) to work on /home/airflow/.local/lib/python3.8/site-packages/airflow/example_dags/example_params_trigger_ui.py
[2026-01-09T12:14:02.125+0000] {processor.py:830} INFO - Processing file /home/airflow/.local/lib/python3.8/site-packages/airflow/example_dags/example_params_trigger_ui.py for tasks to queue
[2026-01-09T12:14:02.127+0000] {logging_mixin.py:188} INFO - [2026-01-09T12:14:02.126+0000] {dagbag.py:538} INFO - Filling up the DagBag from /home/airflow/.local/lib/python3.8/site-packages/airflow/example_dags/example_params_trigger_ui.py
[2026-01-09T12:14:02.151+0000] {processor.py:840} INFO - DAG(s) 'example_params_trigger_ui' retrieved from /home/airflow/.local/lib/python3.8/site-packages/airflow/example_dags/example_params_trigger_ui.py
[2026-01-09T12:14:02.238+0000] {logging_mixin.py:188} INFO - [2026-01-09T12:14:02.237+0000] {dag.py:3036} INFO - Sync 1 DAGs
[2026-01-09T12:14:02.262+0000] {logging_mixin.py:188} INFO - [2026-01-09T12:14:02.262+0000] {dag.py:3823} INFO - Setting next_dagrun for example_params_trigger_ui to None, run_after=None
[2026-01-09T12:14:02.310+0000] {processor.py:183} INFO - Processing /home/airflow/.local/lib/python3.8/site-packages/airflow/example_dags/example_params_trigger_ui.py took 0.195 seconds
[2026-01-09T12:14:32.552+0000] {processor.py:161} INFO - Started process (PID=3005) to work on /home/airflow/.local/lib/python3.8/site-packages/airflow/example_dags/example_params_trigger_ui.py
[2026-01-09T12:14:32.554+0000] {processor.py:830} INFO - Processing file /home/airflow/.local/lib/python3.8/site-packages/airflow/example_dags/example_params_trigger_ui.py for tasks to queue
[2026-01-09T12:14:32.557+0000] {logging_mixin.py:188} INFO - [2026-01-09T12:14:32.556+0000] {dagbag.py:538} INFO - Filling up the DagBag from /home/airflow/.local/lib/python3.8/site-packages/airflow/example_dags/example_params_trigger_ui.py
[2026-01-09T12:14:32.580+0000] {processor.py:840} INFO - DAG(s) 'example_params_trigger_ui' retrieved from /home/airflow/.local/lib/python3.8/site-packages/airflow/example_dags/example_params_trigger_ui.py
[2026-01-09T12:14:32.677+0000] {logging_mixin.py:188} INFO - [2026-01-09T12:14:32.677+0000] {dag.py:3036} INFO - Sync 1 DAGs
[2026-01-09T12:14:32.697+0000] {logging_mixin.py:188} INFO - [2026-01-09T12:14:32.696+0000] {dag.py:3823} INFO - Setting next_dagrun for example_params_trigger_ui to None, run_after=None
[2026-01-09T12:14:32.737+0000] {processor.py:183} INFO - Processing /home/airflow/.local/lib/python3.8/site-packages/airflow/example_dags/example_params_trigger_ui.py took 0.192 seconds
[2026-01-09T12:15:03.008+0000] {processor.py:161} INFO - Started process (PID=3252) to work on /home/airflow/.local/lib/python3.8/site-packages/airflow/example_dags/example_params_trigger_ui.py
[2026-01-09T12:15:03.014+0000] {processor.py:830} INFO - Processing file /home/airflow/.local/lib/python3.8/site-packages/airflow/example_dags/example_params_trigger_ui.py for tasks to queue
[2026-01-09T12:15:03.016+0000] {logging_mixin.py:188} INFO - [2026-01-09T12:15:03.015+0000] {dagbag.py:538} INFO - Filling up the DagBag from /home/airflow/.local/lib/python3.8/site-packages/airflow/example_dags/example_params_trigger_ui.py
[2026-01-09T12:15:03.049+0000] {processor.py:840} INFO - DAG(s) 'example_params_trigger_ui' retrieved from /home/airflow/.local/lib/python3.8/site-packages/airflow/example_dags/example_params_trigger_ui.py
[2026-01-09T12:15:03.169+0000] {logging_mixin.py:188} INFO - [2026-01-09T12:15:03.168+0000] {dag.py:3036} INFO - Sync 1 DAGs
[2026-01-09T12:15:03.195+0000] {logging_mixin.py:188} INFO - [2026-01-09T12:15:03.195+0000] {dag.py:3823} INFO - Setting next_dagrun for example_params_trigger_ui to None, run_after=None
[2026-01-09T12:15:03.240+0000] {processor.py:183} INFO - Processing /home/airflow/.local/lib/python3.8/site-packages/airflow/example_dags/example_params_trigger_ui.py took 0.240 seconds
[2026-01-09T12:15:33.996+0000] {processor.py:161} INFO - Started process (PID=3499) to work on /home/airflow/.local/lib/python3.8/site-packages/airflow/example_dags/example_params_trigger_ui.py
[2026-01-09T12:15:33.998+0000] {processor.py:830} INFO - Processing file /home/airflow/.local/lib/python3.8/site-packages/airflow/example_dags/example_params_trigger_ui.py for tasks to queue
[2026-01-09T12:15:34.000+0000] {logging_mixin.py:188} INFO - [2026-01-09T12:15:33.999+0000] {dagbag.py:538} INFO - Filling up the DagBag from /home/airflow/.local/lib/python3.8/site-packages/airflow/example_dags/example_params_trigger_ui.py
[2026-01-09T12:15:34.024+0000] {processor.py:840} INFO - DAG(s) 'example_params_trigger_ui' retrieved from /home/airflow/.local/lib/python3.8/site-packages/airflow/example_dags/example_params_trigger_ui.py
[2026-01-09T12:15:34.106+0000] {logging_mixin.py:188} INFO - [2026-01-09T12:15:34.105+0000] {dag.py:3036} INFO - Sync 1 DAGs
[2026-01-09T12:15:34.125+0000] {logging_mixin.py:188} INFO - [2026-01-09T12:15:34.125+0000] {dag.py:3823} INFO - Setting next_dagrun for example_params_trigger_ui to None, run_after=None
[2026-01-09T12:15:34.177+0000] {processor.py:183} INFO - Processing /home/airflow/.local/lib/python3.8/site-packages/airflow/example_dags/example_params_trigger_ui.py took 0.189 seconds
[2026-01-09T12:16:04.273+0000] {processor.py:161} INFO - Started process (PID=3745) to work on /home/airflow/.local/lib/python3.8/site-packages/airflow/example_dags/example_params_trigger_ui.py
[2026-01-09T12:16:04.274+0000] {processor.py:830} INFO - Processing file /home/airflow/.local/lib/python3.8/site-packages/airflow/example_dags/example_params_trigger_ui.py for tasks to queue
[2026-01-09T12:16:04.276+0000] {logging_mixin.py:188} INFO - [2026-01-09T12:16:04.275+0000] {dagbag.py:538} INFO - Filling up the DagBag from /home/airflow/.local/lib/python3.8/site-packages/airflow/example_dags/example_params_trigger_ui.py
[2026-01-09T12:16:04.296+0000] {processor.py:840} INFO - DAG(s) 'example_params_trigger_ui' retrieved from /home/airflow/.local/lib/python3.8/site-packages/airflow/example_dags/example_params_trigger_ui.py
[2026-01-09T12:16:04.392+0000] {logging_mixin.py:188} INFO - [2026-01-09T12:16:04.392+0000] {dag.py:3036} INFO - Sync 1 DAGs
[2026-01-09T12:16:04.416+0000] {logging_mixin.py:188} INFO - [2026-01-09T12:16:04.416+0000] {dag.py:3823} INFO - Setting next_dagrun for example_params_trigger_ui to None, run_after=None
[2026-01-09T12:16:04.461+0000] {processor.py:183} INFO - Processing /home/airflow/.local/lib/python3.8/site-packages/airflow/example_dags/example_params_trigger_ui.py took 0.194 seconds
[2026-01-09T12:16:35.072+0000] {processor.py:161} INFO - Started process (PID=3992) to work on /home/airflow/.local/lib/python3.8/site-packages/airflow/example_dags/example_params_trigger_ui.py
[2026-01-09T12:16:35.074+0000] {processor.py:830} INFO - Processing file /home/airflow/.local/lib/python3.8/site-packages/airflow/example_dags/example_params_trigger_ui.py for tasks to queue
[2026-01-09T12:16:35.076+0000] {logging_mixin.py:188} INFO - [2026-01-09T12:16:35.075+0000] {dagbag.py:538} INFO - Filling up the DagBag from /home/airflow/.local/lib/python3.8/site-packages/airflow/example_dags/example_params_trigger_ui.py
[2026-01-09T12:16:35.101+0000] {processor.py:840} INFO - DAG(s) 'example_params_trigger_ui' retrieved from /home/airflow/.local/lib/python3.8/site-packages/airflow/example_dags/example_params_trigger_ui.py
[2026-01-09T12:16:35.204+0000] {logging_mixin.py:188} INFO - [2026-01-09T12:16:35.204+0000] {dag.py:3036} INFO - Sync 1 DAGs
[2026-01-09T12:16:35.226+0000] {logging_mixin.py:188} INFO - [2026-01-09T12:16:35.226+0000] {dag.py:3823} INFO - Setting next_dagrun for example_params_trigger_ui to None, run_after=None
[2026-01-09T12:16:35.289+0000] {processor.py:183} INFO - Processing /home/airflow/.local/lib/python3.8/site-packages/airflow/example_dags/example_params_trigger_ui.py took 0.224 seconds
[2026-01-09T12:17:05.683+0000] {processor.py:161} INFO - Started process (PID=4239) to work on /home/airflow/.local/lib/python3.8/site-packages/airflow/example_dags/example_params_trigger_ui.py
[2026-01-09T12:17:05.686+0000] {processor.py:830} INFO - Processing file /home/airflow/.local/lib/python3.8/site-packages/airflow/example_dags/example_params_trigger_ui.py for tasks to queue
[2026-01-09T12:17:05.688+0000] {logging_mixin.py:188} INFO - [2026-01-09T12:17:05.687+0000] {dagbag.py:538} INFO - Filling up the DagBag from /home/airflow/.local/lib/python3.8/site-packages/airflow/example_dags/example_params_trigger_ui.py
[2026-01-09T12:17:05.715+0000] {processor.py:840} INFO - DAG(s) 'example_params_trigger_ui' retrieved from /home/airflow/.local/lib/python3.8/site-packages/airflow/example_dags/example_params_trigger_ui.py
[2026-01-09T12:17:05.792+0000] {logging_mixin.py:188} INFO - [2026-01-09T12:17:05.791+0000] {dag.py:3036} INFO - Sync 1 DAGs
[2026-01-09T12:17:05.811+0000] {logging_mixin.py:188} INFO - [2026-01-09T12:17:05.810+0000] {dag.py:3823} INFO - Setting next_dagrun for example_params_trigger_ui to None, run_after=None
[2026-01-09T12:17:05.852+0000] {processor.py:183} INFO - Processing /home/airflow/.local/lib/python3.8/site-packages/airflow/example_dags/example_params_trigger_ui.py took 0.177 seconds
[2026-01-09T12:17:36.180+0000] {processor.py:161} INFO - Started process (PID=4486) to work on /home/airflow/.local/lib/python3.8/site-packages/airflow/example_dags/example_params_trigger_ui.py
[2026-01-09T12:17:36.182+0000] {processor.py:830} INFO - Processing file /home/airflow/.local/lib/python3.8/site-packages/airflow/example_dags/example_params_trigger_ui.py for tasks to queue
[2026-01-09T12:17:36.184+0000] {logging_mixin.py:188} INFO - [2026-01-09T12:17:36.183+0000] {dagbag.py:538} INFO - Filling up the DagBag from /home/airflow/.local/lib/python3.8/site-packages/airflow/example_dags/example_params_trigger_ui.py
[2026-01-09T12:17:36.207+0000] {processor.py:840} INFO - DAG(s) 'example_params_trigger_ui' retrieved from /home/airflow/.local/lib/python3.8/site-packages/airflow/example_dags/example_params_trigger_ui.py
[2026-01-09T12:17:36.292+0000] {logging_mixin.py:188} INFO - [2026-01-09T12:17:36.292+0000] {dag.py:3036} INFO - Sync 1 DAGs
[2026-01-09T12:17:36.311+0000] {logging_mixin.py:188} INFO - [2026-01-09T12:17:36.311+0000] {dag.py:3823} INFO - Setting next_dagrun for example_params_trigger_ui to None, run_after=None
[2026-01-09T12:17:36.350+0000] {processor.py:183} INFO - Processing /home/airflow/.local/lib/python3.8/site-packages/airflow/example_dags/example_params_trigger_ui.py took 0.176 seconds
[2026-01-09T12:18:07.231+0000] {processor.py:161} INFO - Started process (PID=4733) to work on /home/airflow/.local/lib/python3.8/site-packages/airflow/example_dags/example_params_trigger_ui.py
[2026-01-09T12:18:07.234+0000] {processor.py:830} INFO - Processing file /home/airflow/.local/lib/python3.8/site-packages/airflow/example_dags/example_params_trigger_ui.py for tasks to queue
[2026-01-09T12:18:07.236+0000] {logging_mixin.py:188} INFO - [2026-01-09T12:18:07.235+0000] {dagbag.py:538} INFO - Filling up the DagBag from /home/airflow/.local/lib/python3.8/site-packages/airflow/example_dags/example_params_trigger_ui.py
[2026-01-09T12:18:07.260+0000] {processor.py:840} INFO - DAG(s) 'example_params_trigger_ui' retrieved from /home/airflow/.local/lib/python3.8/site-packages/airflow/example_dags/example_params_trigger_ui.py
[2026-01-09T12:18:07.364+0000] {logging_mixin.py:188} INFO - [2026-01-09T12:18:07.364+0000] {dag.py:3036} INFO - Sync 1 DAGs
[2026-01-09T12:18:07.388+0000] {logging_mixin.py:188} INFO - [2026-01-09T12:18:07.387+0000] {dag.py:3823} INFO - Setting next_dagrun for example_params_trigger_ui to None, run_after=None
[2026-01-09T12:18:07.443+0000] {processor.py:183} INFO - Processing /home/airflow/.local/lib/python3.8/site-packages/airflow/example_dags/example_params_trigger_ui.py took 0.218 seconds
[2026-01-09T12:18:37.556+0000] {processor.py:161} INFO - Started process (PID=4980) to work on /home/airflow/.local/lib/python3.8/site-packages/airflow/example_dags/example_params_trigger_ui.py
[2026-01-09T12:18:37.559+0000] {processor.py:830} INFO - Processing file /home/airflow/.local/lib/python3.8/site-packages/airflow/example_dags/example_params_trigger_ui.py for tasks to queue
[2026-01-09T12:18:37.561+0000] {logging_mixin.py:188} INFO - [2026-01-09T12:18:37.560+0000] {dagbag.py:538} INFO - Filling up the DagBag from /home/airflow/.local/lib/python3.8/site-packages/airflow/example_dags/example_params_trigger_ui.py
[2026-01-09T12:18:37.595+0000] {processor.py:840} INFO - DAG(s) 'example_params_trigger_ui' retrieved from /home/airflow/.local/lib/python3.8/site-packages/airflow/example_dags/example_params_trigger_ui.py
[2026-01-09T12:18:37.777+0000] {logging_mixin.py:188} INFO - [2026-01-09T12:18:37.776+0000] {dag.py:3036} INFO - Sync 1 DAGs
[2026-01-09T12:18:37.801+0000] {logging_mixin.py:188} INFO - [2026-01-09T12:18:37.801+0000] {dag.py:3823} INFO - Setting next_dagrun for example_params_trigger_ui to None, run_after=None
[2026-01-09T12:18:37.846+0000] {processor.py:183} INFO - Processing /home/airflow/.local/lib/python3.8/site-packages/airflow/example_dags/example_params_trigger_ui.py took 0.297 seconds
[2026-01-09T12:19:08.059+0000] {processor.py:161} INFO - Started process (PID=5222) to work on /home/airflow/.local/lib/python3.8/site-packages/airflow/example_dags/example_params_trigger_ui.py
[2026-01-09T12:19:08.061+0000] {processor.py:830} INFO - Processing file /home/airflow/.local/lib/python3.8/site-packages/airflow/example_dags/example_params_trigger_ui.py for tasks to queue
[2026-01-09T12:19:08.062+0000] {logging_mixin.py:188} INFO - [2026-01-09T12:19:08.062+0000] {dagbag.py:538} INFO - Filling up the DagBag from /home/airflow/.local/lib/python3.8/site-packages/airflow/example_dags/example_params_trigger_ui.py
[2026-01-09T12:19:08.093+0000] {processor.py:840} INFO - DAG(s) 'example_params_trigger_ui' retrieved from /home/airflow/.local/lib/python3.8/site-packages/airflow/example_dags/example_params_trigger_ui.py
[2026-01-09T12:19:08.203+0000] {logging_mixin.py:188} INFO - [2026-01-09T12:19:08.203+0000] {dag.py:3036} INFO - Sync 1 DAGs
[2026-01-09T12:19:08.232+0000] {logging_mixin.py:188} INFO - [2026-01-09T12:19:08.231+0000] {dag.py:3823} INFO - Setting next_dagrun for example_params_trigger_ui to None, run_after=None
[2026-01-09T12:19:08.293+0000] {processor.py:183} INFO - Processing /home/airflow/.local/lib/python3.8/site-packages/airflow/example_dags/example_params_trigger_ui.py took 0.244 seconds
[2026-01-09T12:19:38.759+0000] {processor.py:161} INFO - Started process (PID=5469) to work on /home/airflow/.local/lib/python3.8/site-packages/airflow/example_dags/example_params_trigger_ui.py
[2026-01-09T12:19:38.762+0000] {processor.py:830} INFO - Processing file /home/airflow/.local/lib/python3.8/site-packages/airflow/example_dags/example_params_trigger_ui.py for tasks to queue
[2026-01-09T12:19:38.764+0000] {logging_mixin.py:188} INFO - [2026-01-09T12:19:38.763+0000] {dagbag.py:538} INFO - Filling up the DagBag from /home/airflow/.local/lib/python3.8/site-packages/airflow/example_dags/example_params_trigger_ui.py
[2026-01-09T12:19:38.798+0000] {processor.py:840} INFO - DAG(s) 'example_params_trigger_ui' retrieved from /home/airflow/.local/lib/python3.8/site-packages/airflow/example_dags/example_params_trigger_ui.py
[2026-01-09T12:19:38.902+0000] {logging_mixin.py:188} INFO - [2026-01-09T12:19:38.902+0000] {dag.py:3036} INFO - Sync 1 DAGs
[2026-01-09T12:19:38.938+0000] {logging_mixin.py:188} INFO - [2026-01-09T12:19:38.938+0000] {dag.py:3823} INFO - Setting next_dagrun for example_params_trigger_ui to None, run_after=None
[2026-01-09T12:19:38.991+0000] {processor.py:183} INFO - Processing /home/airflow/.local/lib/python3.8/site-packages/airflow/example_dags/example_params_trigger_ui.py took 0.240 seconds
[2026-01-09T12:20:09.857+0000] {processor.py:161} INFO - Started process (PID=5721) to work on /home/airflow/.local/lib/python3.8/site-packages/airflow/example_dags/example_params_trigger_ui.py
[2026-01-09T12:20:09.862+0000] {processor.py:830} INFO - Processing file /home/airflow/.local/lib/python3.8/site-packages/airflow/example_dags/example_params_trigger_ui.py for tasks to queue
[2026-01-09T12:20:09.864+0000] {logging_mixin.py:188} INFO - [2026-01-09T12:20:09.863+0000] {dagbag.py:538} INFO - Filling up the DagBag from /home/airflow/.local/lib/python3.8/site-packages/airflow/example_dags/example_params_trigger_ui.py
[2026-01-09T12:20:09.892+0000] {processor.py:840} INFO - DAG(s) 'example_params_trigger_ui' retrieved from /home/airflow/.local/lib/python3.8/site-packages/airflow/example_dags/example_params_trigger_ui.py
[2026-01-09T12:20:10.003+0000] {logging_mixin.py:188} INFO - [2026-01-09T12:20:10.003+0000] {dag.py:3036} INFO - Sync 1 DAGs
[2026-01-09T12:20:10.032+0000] {logging_mixin.py:188} INFO - [2026-01-09T12:20:10.032+0000] {dag.py:3823} INFO - Setting next_dagrun for example_params_trigger_ui to None, run_after=None
[2026-01-09T12:20:10.070+0000] {processor.py:183} INFO - Processing /home/airflow/.local/lib/python3.8/site-packages/airflow/example_dags/example_params_trigger_ui.py took 0.221 seconds
[2026-01-09T12:20:40.290+0000] {processor.py:161} INFO - Started process (PID=5968) to work on /home/airflow/.local/lib/python3.8/site-packages/airflow/example_dags/example_params_trigger_ui.py
[2026-01-09T12:20:40.292+0000] {processor.py:830} INFO - Processing file /home/airflow/.local/lib/python3.8/site-packages/airflow/example_dags/example_params_trigger_ui.py for tasks to queue
[2026-01-09T12:20:40.294+0000] {logging_mixin.py:188} INFO - [2026-01-09T12:20:40.293+0000] {dagbag.py:538} INFO - Filling up the DagBag from /home/airflow/.local/lib/python3.8/site-packages/airflow/example_dags/example_params_trigger_ui.py
[2026-01-09T12:20:40.324+0000] {processor.py:840} INFO - DAG(s) 'example_params_trigger_ui' retrieved from /home/airflow/.local/lib/python3.8/site-packages/airflow/example_dags/example_params_trigger_ui.py
[2026-01-09T12:20:40.426+0000] {logging_mixin.py:188} INFO - [2026-01-09T12:20:40.426+0000] {dag.py:3036} INFO - Sync 1 DAGs
[2026-01-09T12:20:40.453+0000] {logging_mixin.py:188} INFO - [2026-01-09T12:20:40.452+0000] {dag.py:3823} INFO - Setting next_dagrun for example_params_trigger_ui to None, run_after=None
[2026-01-09T12:20:40.499+0000] {processor.py:183} INFO - Processing /home/airflow/.local/lib/python3.8/site-packages/airflow/example_dags/example_params_trigger_ui.py took 0.220 seconds
[2026-01-09T12:21:10.803+0000] {processor.py:161} INFO - Started process (PID=6210) to work on /home/airflow/.local/lib/python3.8/site-packages/airflow/example_dags/example_params_trigger_ui.py
[2026-01-09T12:21:10.808+0000] {processor.py:830} INFO - Processing file /home/airflow/.local/lib/python3.8/site-packages/airflow/example_dags/example_params_trigger_ui.py for tasks to queue
[2026-01-09T12:21:10.811+0000] {logging_mixin.py:188} INFO - [2026-01-09T12:21:10.810+0000] {dagbag.py:538} INFO - Filling up the DagBag from /home/airflow/.local/lib/python3.8/site-packages/airflow/example_dags/example_params_trigger_ui.py
[2026-01-09T12:21:10.847+0000] {processor.py:840} INFO - DAG(s) 'example_params_trigger_ui' retrieved from /home/airflow/.local/lib/python3.8/site-packages/airflow/example_dags/example_params_trigger_ui.py
[2026-01-09T12:21:10.945+0000] {logging_mixin.py:188} INFO - [2026-01-09T12:21:10.944+0000] {dag.py:3036} INFO - Sync 1 DAGs
[2026-01-09T12:21:10.973+0000] {logging_mixin.py:188} INFO - [2026-01-09T12:21:10.972+0000] {dag.py:3823} INFO - Setting next_dagrun for example_params_trigger_ui to None, run_after=None
[2026-01-09T12:21:11.064+0000] {processor.py:183} INFO - Processing /home/airflow/.local/lib/python3.8/site-packages/airflow/example_dags/example_params_trigger_ui.py took 0.269 seconds
[2026-01-09T12:21:41.438+0000] {processor.py:161} INFO - Started process (PID=6457) to work on /home/airflow/.local/lib/python3.8/site-packages/airflow/example_dags/example_params_trigger_ui.py
[2026-01-09T12:21:41.446+0000] {processor.py:830} INFO - Processing file /home/airflow/.local/lib/python3.8/site-packages/airflow/example_dags/example_params_trigger_ui.py for tasks to queue
[2026-01-09T12:21:41.448+0000] {logging_mixin.py:188} INFO - [2026-01-09T12:21:41.447+0000] {dagbag.py:538} INFO - Filling up the DagBag from /home/airflow/.local/lib/python3.8/site-packages/airflow/example_dags/example_params_trigger_ui.py
[2026-01-09T12:21:41.514+0000] {processor.py:840} INFO - DAG(s) 'example_params_trigger_ui' retrieved from /home/airflow/.local/lib/python3.8/site-packages/airflow/example_dags/example_params_trigger_ui.py
[2026-01-09T12:21:41.675+0000] {logging_mixin.py:188} INFO - [2026-01-09T12:21:41.674+0000] {dag.py:3036} INFO - Sync 1 DAGs
[2026-01-09T12:21:41.706+0000] {logging_mixin.py:188} INFO - [2026-01-09T12:21:41.705+0000] {dag.py:3823} INFO - Setting next_dagrun for example_params_trigger_ui to None, run_after=None
[2026-01-09T12:21:41.792+0000] {processor.py:183} INFO - Processing /home/airflow/.local/lib/python3.8/site-packages/airflow/example_dags/example_params_trigger_ui.py took 0.487 seconds
[2026-01-09T12:22:11.891+0000] {processor.py:161} INFO - Started process (PID=6707) to work on /home/airflow/.local/lib/python3.8/site-packages/airflow/example_dags/example_params_trigger_ui.py
[2026-01-09T12:22:11.894+0000] {processor.py:830} INFO - Processing file /home/airflow/.local/lib/python3.8/site-packages/airflow/example_dags/example_params_trigger_ui.py for tasks to queue
[2026-01-09T12:22:11.896+0000] {logging_mixin.py:188} INFO - [2026-01-09T12:22:11.896+0000] {dagbag.py:538} INFO - Filling up the DagBag from /home/airflow/.local/lib/python3.8/site-packages/airflow/example_dags/example_params_trigger_ui.py
[2026-01-09T12:22:11.920+0000] {processor.py:840} INFO - DAG(s) 'example_params_trigger_ui' retrieved from /home/airflow/.local/lib/python3.8/site-packages/airflow/example_dags/example_params_trigger_ui.py
[2026-01-09T12:22:12.008+0000] {logging_mixin.py:188} INFO - [2026-01-09T12:22:12.008+0000] {dag.py:3036} INFO - Sync 1 DAGs
[2026-01-09T12:22:12.027+0000] {logging_mixin.py:188} INFO - [2026-01-09T12:22:12.027+0000] {dag.py:3823} INFO - Setting next_dagrun for example_params_trigger_ui to None, run_after=None
[2026-01-09T12:22:12.071+0000] {processor.py:183} INFO - Processing /home/airflow/.local/lib/python3.8/site-packages/airflow/example_dags/example_params_trigger_ui.py took 0.189 seconds
[2026-01-09T12:22:42.193+0000] {processor.py:161} INFO - Started process (PID=6952) to work on /home/airflow/.local/lib/python3.8/site-packages/airflow/example_dags/example_params_trigger_ui.py
[2026-01-09T12:22:42.195+0000] {processor.py:830} INFO - Processing file /home/airflow/.local/lib/python3.8/site-packages/airflow/example_dags/example_params_trigger_ui.py for tasks to queue
[2026-01-09T12:22:42.197+0000] {logging_mixin.py:188} INFO - [2026-01-09T12:22:42.196+0000] {dagbag.py:538} INFO - Filling up the DagBag from /home/airflow/.local/lib/python3.8/site-packages/airflow/example_dags/example_params_trigger_ui.py
[2026-01-09T12:22:42.228+0000] {processor.py:840} INFO - DAG(s) 'example_params_trigger_ui' retrieved from /home/airflow/.local/lib/python3.8/site-packages/airflow/example_dags/example_params_trigger_ui.py
[2026-01-09T12:22:42.342+0000] {logging_mixin.py:188} INFO - [2026-01-09T12:22:42.341+0000] {dag.py:3036} INFO - Sync 1 DAGs
[2026-01-09T12:22:42.369+0000] {logging_mixin.py:188} INFO - [2026-01-09T12:22:42.369+0000] {dag.py:3823} INFO - Setting next_dagrun for example_params_trigger_ui to None, run_after=None
[2026-01-09T12:22:42.417+0000] {processor.py:183} INFO - Processing /home/airflow/.local/lib/python3.8/site-packages/airflow/example_dags/example_params_trigger_ui.py took 0.232 seconds
[2026-01-09T12:23:12.533+0000] {processor.py:161} INFO - Started process (PID=7199) to work on /home/airflow/.local/lib/python3.8/site-packages/airflow/example_dags/example_params_trigger_ui.py
[2026-01-09T12:23:12.556+0000] {processor.py:830} INFO - Processing file /home/airflow/.local/lib/python3.8/site-packages/airflow/example_dags/example_params_trigger_ui.py for tasks to queue
[2026-01-09T12:23:12.558+0000] {logging_mixin.py:188} INFO - [2026-01-09T12:23:12.557+0000] {dagbag.py:538} INFO - Filling up the DagBag from /home/airflow/.local/lib/python3.8/site-packages/airflow/example_dags/example_params_trigger_ui.py
[2026-01-09T12:23:12.585+0000] {processor.py:840} INFO - DAG(s) 'example_params_trigger_ui' retrieved from /home/airflow/.local/lib/python3.8/site-packages/airflow/example_dags/example_params_trigger_ui.py
[2026-01-09T12:23:12.687+0000] {logging_mixin.py:188} INFO - [2026-01-09T12:23:12.687+0000] {dag.py:3036} INFO - Sync 1 DAGs
[2026-01-09T12:23:12.711+0000] {logging_mixin.py:188} INFO - [2026-01-09T12:23:12.711+0000] {dag.py:3823} INFO - Setting next_dagrun for example_params_trigger_ui to None, run_after=None
[2026-01-09T12:23:12.756+0000] {processor.py:183} INFO - Processing /home/airflow/.local/lib/python3.8/site-packages/airflow/example_dags/example_params_trigger_ui.py took 0.232 seconds
[2026-01-09T12:23:42.907+0000] {processor.py:161} INFO - Started process (PID=7446) to work on /home/airflow/.local/lib/python3.8/site-packages/airflow/example_dags/example_params_trigger_ui.py
[2026-01-09T12:23:42.909+0000] {processor.py:830} INFO - Processing file /home/airflow/.local/lib/python3.8/site-packages/airflow/example_dags/example_params_trigger_ui.py for tasks to queue
[2026-01-09T12:23:42.911+0000] {logging_mixin.py:188} INFO - [2026-01-09T12:23:42.910+0000] {dagbag.py:538} INFO - Filling up the DagBag from /home/airflow/.local/lib/python3.8/site-packages/airflow/example_dags/example_params_trigger_ui.py
[2026-01-09T12:23:42.937+0000] {processor.py:840} INFO - DAG(s) 'example_params_trigger_ui' retrieved from /home/airflow/.local/lib/python3.8/site-packages/airflow/example_dags/example_params_trigger_ui.py
[2026-01-09T12:23:43.032+0000] {logging_mixin.py:188} INFO - [2026-01-09T12:23:43.031+0000] {dag.py:3036} INFO - Sync 1 DAGs
[2026-01-09T12:23:43.054+0000] {logging_mixin.py:188} INFO - [2026-01-09T12:23:43.054+0000] {dag.py:3823} INFO - Setting next_dagrun for example_params_trigger_ui to None, run_after=None
[2026-01-09T12:23:43.100+0000] {processor.py:183} INFO - Processing /home/airflow/.local/lib/python3.8/site-packages/airflow/example_dags/example_params_trigger_ui.py took 0.201 seconds
[2026-01-09T12:24:13.657+0000] {processor.py:161} INFO - Started process (PID=7694) to work on /home/airflow/.local/lib/python3.8/site-packages/airflow/example_dags/example_params_trigger_ui.py
[2026-01-09T12:24:13.659+0000] {processor.py:830} INFO - Processing file /home/airflow/.local/lib/python3.8/site-packages/airflow/example_dags/example_params_trigger_ui.py for tasks to queue
[2026-01-09T12:24:13.661+0000] {logging_mixin.py:188} INFO - [2026-01-09T12:24:13.661+0000] {dagbag.py:538} INFO - Filling up the DagBag from /home/airflow/.local/lib/python3.8/site-packages/airflow/example_dags/example_params_trigger_ui.py
[2026-01-09T12:24:13.692+0000] {processor.py:840} INFO - DAG(s) 'example_params_trigger_ui' retrieved from /home/airflow/.local/lib/python3.8/site-packages/airflow/example_dags/example_params_trigger_ui.py
[2026-01-09T12:24:13.798+0000] {logging_mixin.py:188} INFO - [2026-01-09T12:24:13.798+0000] {dag.py:3036} INFO - Sync 1 DAGs
[2026-01-09T12:24:13.824+0000] {logging_mixin.py:188} INFO - [2026-01-09T12:24:13.823+0000] {dag.py:3823} INFO - Setting next_dagrun for example_params_trigger_ui to None, run_after=None
[2026-01-09T12:24:13.871+0000] {processor.py:183} INFO - Processing /home/airflow/.local/lib/python3.8/site-packages/airflow/example_dags/example_params_trigger_ui.py took 0.222 seconds
[2026-01-09T12:24:44.187+0000] {processor.py:161} INFO - Started process (PID=7941) to work on /home/airflow/.local/lib/python3.8/site-packages/airflow/example_dags/example_params_trigger_ui.py
[2026-01-09T12:24:44.189+0000] {processor.py:830} INFO - Processing file /home/airflow/.local/lib/python3.8/site-packages/airflow/example_dags/example_params_trigger_ui.py for tasks to queue
[2026-01-09T12:24:44.191+0000] {logging_mixin.py:188} INFO - [2026-01-09T12:24:44.191+0000] {dagbag.py:538} INFO - Filling up the DagBag from /home/airflow/.local/lib/python3.8/site-packages/airflow/example_dags/example_params_trigger_ui.py
[2026-01-09T12:24:44.220+0000] {processor.py:840} INFO - DAG(s) 'example_params_trigger_ui' retrieved from /home/airflow/.local/lib/python3.8/site-packages/airflow/example_dags/example_params_trigger_ui.py
[2026-01-09T12:24:44.335+0000] {logging_mixin.py:188} INFO - [2026-01-09T12:24:44.335+0000] {dag.py:3036} INFO - Sync 1 DAGs
[2026-01-09T12:24:44.361+0000] {logging_mixin.py:188} INFO - [2026-01-09T12:24:44.360+0000] {dag.py:3823} INFO - Setting next_dagrun for example_params_trigger_ui to None, run_after=None
[2026-01-09T12:24:44.412+0000] {processor.py:183} INFO - Processing /home/airflow/.local/lib/python3.8/site-packages/airflow/example_dags/example_params_trigger_ui.py took 0.233 seconds
[2026-01-09T12:25:15.200+0000] {processor.py:161} INFO - Started process (PID=8188) to work on /home/airflow/.local/lib/python3.8/site-packages/airflow/example_dags/example_params_trigger_ui.py
[2026-01-09T12:25:15.202+0000] {processor.py:830} INFO - Processing file /home/airflow/.local/lib/python3.8/site-packages/airflow/example_dags/example_params_trigger_ui.py for tasks to queue
[2026-01-09T12:25:15.204+0000] {logging_mixin.py:188} INFO - [2026-01-09T12:25:15.203+0000] {dagbag.py:538} INFO - Filling up the DagBag from /home/airflow/.local/lib/python3.8/site-packages/airflow/example_dags/example_params_trigger_ui.py
[2026-01-09T12:25:15.231+0000] {processor.py:840} INFO - DAG(s) 'example_params_trigger_ui' retrieved from /home/airflow/.local/lib/python3.8/site-packages/airflow/example_dags/example_params_trigger_ui.py
[2026-01-09T12:25:15.323+0000] {logging_mixin.py:188} INFO - [2026-01-09T12:25:15.323+0000] {dag.py:3036} INFO - Sync 1 DAGs
[2026-01-09T12:25:15.348+0000] {logging_mixin.py:188} INFO - [2026-01-09T12:25:15.347+0000] {dag.py:3823} INFO - Setting next_dagrun for example_params_trigger_ui to None, run_after=None
[2026-01-09T12:25:15.398+0000] {processor.py:183} INFO - Processing /home/airflow/.local/lib/python3.8/site-packages/airflow/example_dags/example_params_trigger_ui.py took 0.208 seconds
[2026-01-09T12:25:45.964+0000] {processor.py:161} INFO - Started process (PID=8436) to work on /home/airflow/.local/lib/python3.8/site-packages/airflow/example_dags/example_params_trigger_ui.py
[2026-01-09T12:25:45.966+0000] {processor.py:830} INFO - Processing file /home/airflow/.local/lib/python3.8/site-packages/airflow/example_dags/example_params_trigger_ui.py for tasks to queue
[2026-01-09T12:25:45.968+0000] {logging_mixin.py:188} INFO - [2026-01-09T12:25:45.967+0000] {dagbag.py:538} INFO - Filling up the DagBag from /home/airflow/.local/lib/python3.8/site-packages/airflow/example_dags/example_params_trigger_ui.py
[2026-01-09T12:25:45.993+0000] {processor.py:840} INFO - DAG(s) 'example_params_trigger_ui' retrieved from /home/airflow/.local/lib/python3.8/site-packages/airflow/example_dags/example_params_trigger_ui.py
[2026-01-09T12:25:46.079+0000] {logging_mixin.py:188} INFO - [2026-01-09T12:25:46.079+0000] {dag.py:3036} INFO - Sync 1 DAGs
[2026-01-09T12:25:46.100+0000] {logging_mixin.py:188} INFO - [2026-01-09T12:25:46.099+0000] {dag.py:3823} INFO - Setting next_dagrun for example_params_trigger_ui to None, run_after=None
[2026-01-09T12:25:46.162+0000] {processor.py:183} INFO - Processing /home/airflow/.local/lib/python3.8/site-packages/airflow/example_dags/example_params_trigger_ui.py took 0.204 seconds
[2026-01-09T12:26:16.938+0000] {processor.py:161} INFO - Started process (PID=8683) to work on /home/airflow/.local/lib/python3.8/site-packages/airflow/example_dags/example_params_trigger_ui.py
[2026-01-09T12:26:16.948+0000] {processor.py:830} INFO - Processing file /home/airflow/.local/lib/python3.8/site-packages/airflow/example_dags/example_params_trigger_ui.py for tasks to queue
[2026-01-09T12:26:16.950+0000] {logging_mixin.py:188} INFO - [2026-01-09T12:26:16.949+0000] {dagbag.py:538} INFO - Filling up the DagBag from /home/airflow/.local/lib/python3.8/site-packages/airflow/example_dags/example_params_trigger_ui.py
[2026-01-09T12:26:16.976+0000] {processor.py:840} INFO - DAG(s) 'example_params_trigger_ui' retrieved from /home/airflow/.local/lib/python3.8/site-packages/airflow/example_dags/example_params_trigger_ui.py
[2026-01-09T12:26:17.065+0000] {logging_mixin.py:188} INFO - [2026-01-09T12:26:17.065+0000] {dag.py:3036} INFO - Sync 1 DAGs
[2026-01-09T12:26:17.085+0000] {logging_mixin.py:188} INFO - [2026-01-09T12:26:17.085+0000] {dag.py:3823} INFO - Setting next_dagrun for example_params_trigger_ui to None, run_after=None
[2026-01-09T12:26:17.126+0000] {processor.py:183} INFO - Processing /home/airflow/.local/lib/python3.8/site-packages/airflow/example_dags/example_params_trigger_ui.py took 0.194 seconds
[2026-01-09T12:26:48.122+0000] {processor.py:161} INFO - Started process (PID=8930) to work on /home/airflow/.local/lib/python3.8/site-packages/airflow/example_dags/example_params_trigger_ui.py
[2026-01-09T12:26:48.125+0000] {processor.py:830} INFO - Processing file /home/airflow/.local/lib/python3.8/site-packages/airflow/example_dags/example_params_trigger_ui.py for tasks to queue
[2026-01-09T12:26:48.127+0000] {logging_mixin.py:188} INFO - [2026-01-09T12:26:48.126+0000] {dagbag.py:538} INFO - Filling up the DagBag from /home/airflow/.local/lib/python3.8/site-packages/airflow/example_dags/example_params_trigger_ui.py
[2026-01-09T12:26:48.154+0000] {processor.py:840} INFO - DAG(s) 'example_params_trigger_ui' retrieved from /home/airflow/.local/lib/python3.8/site-packages/airflow/example_dags/example_params_trigger_ui.py
[2026-01-09T12:26:48.251+0000] {logging_mixin.py:188} INFO - [2026-01-09T12:26:48.251+0000] {dag.py:3036} INFO - Sync 1 DAGs
[2026-01-09T12:26:48.272+0000] {logging_mixin.py:188} INFO - [2026-01-09T12:26:48.272+0000] {dag.py:3823} INFO - Setting next_dagrun for example_params_trigger_ui to None, run_after=None
[2026-01-09T12:26:48.322+0000] {processor.py:183} INFO - Processing /home/airflow/.local/lib/python3.8/site-packages/airflow/example_dags/example_params_trigger_ui.py took 0.206 seconds
[2026-01-09T12:27:18.597+0000] {processor.py:161} INFO - Started process (PID=9177) to work on /home/airflow/.local/lib/python3.8/site-packages/airflow/example_dags/example_params_trigger_ui.py
[2026-01-09T12:27:18.599+0000] {processor.py:830} INFO - Processing file /home/airflow/.local/lib/python3.8/site-packages/airflow/example_dags/example_params_trigger_ui.py for tasks to queue
[2026-01-09T12:27:18.600+0000] {logging_mixin.py:188} INFO - [2026-01-09T12:27:18.600+0000] {dagbag.py:538} INFO - Filling up the DagBag from /home/airflow/.local/lib/python3.8/site-packages/airflow/example_dags/example_params_trigger_ui.py
[2026-01-09T12:27:18.622+0000] {processor.py:840} INFO - DAG(s) 'example_params_trigger_ui' retrieved from /home/airflow/.local/lib/python3.8/site-packages/airflow/example_dags/example_params_trigger_ui.py
[2026-01-09T12:27:18.708+0000] {logging_mixin.py:188} INFO - [2026-01-09T12:27:18.707+0000] {dag.py:3036} INFO - Sync 1 DAGs
[2026-01-09T12:27:18.735+0000] {logging_mixin.py:188} INFO - [2026-01-09T12:27:18.734+0000] {dag.py:3823} INFO - Setting next_dagrun for example_params_trigger_ui to None, run_after=None
[2026-01-09T12:27:18.783+0000] {processor.py:183} INFO - Processing /home/airflow/.local/lib/python3.8/site-packages/airflow/example_dags/example_params_trigger_ui.py took 0.193 seconds
[2026-01-09T12:27:49.502+0000] {processor.py:161} INFO - Started process (PID=9418) to work on /home/airflow/.local/lib/python3.8/site-packages/airflow/example_dags/example_params_trigger_ui.py
[2026-01-09T12:27:49.504+0000] {processor.py:830} INFO - Processing file /home/airflow/.local/lib/python3.8/site-packages/airflow/example_dags/example_params_trigger_ui.py for tasks to queue
[2026-01-09T12:27:49.506+0000] {logging_mixin.py:188} INFO - [2026-01-09T12:27:49.505+0000] {dagbag.py:538} INFO - Filling up the DagBag from /home/airflow/.local/lib/python3.8/site-packages/airflow/example_dags/example_params_trigger_ui.py
[2026-01-09T12:27:49.535+0000] {processor.py:840} INFO - DAG(s) 'example_params_trigger_ui' retrieved from /home/airflow/.local/lib/python3.8/site-packages/airflow/example_dags/example_params_trigger_ui.py
[2026-01-09T12:27:49.633+0000] {logging_mixin.py:188} INFO - [2026-01-09T12:27:49.633+0000] {dag.py:3036} INFO - Sync 1 DAGs
[2026-01-09T12:27:49.651+0000] {logging_mixin.py:188} INFO - [2026-01-09T12:27:49.651+0000] {dag.py:3823} INFO - Setting next_dagrun for example_params_trigger_ui to None, run_after=None
[2026-01-09T12:27:49.696+0000] {processor.py:183} INFO - Processing /home/airflow/.local/lib/python3.8/site-packages/airflow/example_dags/example_params_trigger_ui.py took 0.201 seconds
[2026-01-09T12:28:20.349+0000] {processor.py:161} INFO - Started process (PID=9665) to work on /home/airflow/.local/lib/python3.8/site-packages/airflow/example_dags/example_params_trigger_ui.py
[2026-01-09T12:28:20.351+0000] {processor.py:830} INFO - Processing file /home/airflow/.local/lib/python3.8/site-packages/airflow/example_dags/example_params_trigger_ui.py for tasks to queue
[2026-01-09T12:28:20.352+0000] {logging_mixin.py:188} INFO - [2026-01-09T12:28:20.352+0000] {dagbag.py:538} INFO - Filling up the DagBag from /home/airflow/.local/lib/python3.8/site-packages/airflow/example_dags/example_params_trigger_ui.py
[2026-01-09T12:28:20.377+0000] {processor.py:840} INFO - DAG(s) 'example_params_trigger_ui' retrieved from /home/airflow/.local/lib/python3.8/site-packages/airflow/example_dags/example_params_trigger_ui.py
[2026-01-09T12:28:20.457+0000] {logging_mixin.py:188} INFO - [2026-01-09T12:28:20.456+0000] {dag.py:3036} INFO - Sync 1 DAGs
[2026-01-09T12:28:20.474+0000] {logging_mixin.py:188} INFO - [2026-01-09T12:28:20.474+0000] {dag.py:3823} INFO - Setting next_dagrun for example_params_trigger_ui to None, run_after=None
[2026-01-09T12:28:20.517+0000] {processor.py:183} INFO - Processing /home/airflow/.local/lib/python3.8/site-packages/airflow/example_dags/example_params_trigger_ui.py took 0.174 seconds
[2026-01-09T12:28:50.826+0000] {processor.py:161} INFO - Started process (PID=9912) to work on /home/airflow/.local/lib/python3.8/site-packages/airflow/example_dags/example_params_trigger_ui.py
[2026-01-09T12:28:50.830+0000] {processor.py:830} INFO - Processing file /home/airflow/.local/lib/python3.8/site-packages/airflow/example_dags/example_params_trigger_ui.py for tasks to queue
[2026-01-09T12:28:50.836+0000] {logging_mixin.py:188} INFO - [2026-01-09T12:28:50.834+0000] {dagbag.py:538} INFO - Filling up the DagBag from /home/airflow/.local/lib/python3.8/site-packages/airflow/example_dags/example_params_trigger_ui.py
[2026-01-09T12:28:50.889+0000] {processor.py:840} INFO - DAG(s) 'example_params_trigger_ui' retrieved from /home/airflow/.local/lib/python3.8/site-packages/airflow/example_dags/example_params_trigger_ui.py
[2026-01-09T12:28:51.008+0000] {logging_mixin.py:188} INFO - [2026-01-09T12:28:51.008+0000] {dag.py:3036} INFO - Sync 1 DAGs
[2026-01-09T12:28:51.048+0000] {logging_mixin.py:188} INFO - [2026-01-09T12:28:51.047+0000] {dag.py:3823} INFO - Setting next_dagrun for example_params_trigger_ui to None, run_after=None
[2026-01-09T12:28:51.141+0000] {processor.py:183} INFO - Processing /home/airflow/.local/lib/python3.8/site-packages/airflow/example_dags/example_params_trigger_ui.py took 0.324 seconds
[2026-01-09T12:29:21.521+0000] {processor.py:161} INFO - Started process (PID=10159) to work on /home/airflow/.local/lib/python3.8/site-packages/airflow/example_dags/example_params_trigger_ui.py
[2026-01-09T12:29:21.525+0000] {processor.py:830} INFO - Processing file /home/airflow/.local/lib/python3.8/site-packages/airflow/example_dags/example_params_trigger_ui.py for tasks to queue
[2026-01-09T12:29:21.527+0000] {logging_mixin.py:188} INFO - [2026-01-09T12:29:21.526+0000] {dagbag.py:538} INFO - Filling up the DagBag from /home/airflow/.local/lib/python3.8/site-packages/airflow/example_dags/example_params_trigger_ui.py
[2026-01-09T12:29:21.556+0000] {processor.py:840} INFO - DAG(s) 'example_params_trigger_ui' retrieved from /home/airflow/.local/lib/python3.8/site-packages/airflow/example_dags/example_params_trigger_ui.py
[2026-01-09T12:29:21.660+0000] {logging_mixin.py:188} INFO - [2026-01-09T12:29:21.660+0000] {dag.py:3036} INFO - Sync 1 DAGs
[2026-01-09T12:29:21.683+0000] {logging_mixin.py:188} INFO - [2026-01-09T12:29:21.682+0000] {dag.py:3823} INFO - Setting next_dagrun for example_params_trigger_ui to None, run_after=None
[2026-01-09T12:29:21.728+0000] {processor.py:183} INFO - Processing /home/airflow/.local/lib/python3.8/site-packages/airflow/example_dags/example_params_trigger_ui.py took 0.215 seconds
[2026-01-09T12:29:52.362+0000] {processor.py:161} INFO - Started process (PID=10406) to work on /home/airflow/.local/lib/python3.8/site-packages/airflow/example_dags/example_params_trigger_ui.py
[2026-01-09T12:29:52.365+0000] {processor.py:830} INFO - Processing file /home/airflow/.local/lib/python3.8/site-packages/airflow/example_dags/example_params_trigger_ui.py for tasks to queue
[2026-01-09T12:29:52.369+0000] {logging_mixin.py:188} INFO - [2026-01-09T12:29:52.368+0000] {dagbag.py:538} INFO - Filling up the DagBag from /home/airflow/.local/lib/python3.8/site-packages/airflow/example_dags/example_params_trigger_ui.py
[2026-01-09T12:29:52.399+0000] {processor.py:840} INFO - DAG(s) 'example_params_trigger_ui' retrieved from /home/airflow/.local/lib/python3.8/site-packages/airflow/example_dags/example_params_trigger_ui.py
[2026-01-09T12:29:52.524+0000] {logging_mixin.py:188} INFO - [2026-01-09T12:29:52.523+0000] {dag.py:3036} INFO - Sync 1 DAGs
[2026-01-09T12:29:52.553+0000] {logging_mixin.py:188} INFO - [2026-01-09T12:29:52.552+0000] {dag.py:3823} INFO - Setting next_dagrun for example_params_trigger_ui to None, run_after=None
[2026-01-09T12:29:52.606+0000] {processor.py:183} INFO - Processing /home/airflow/.local/lib/python3.8/site-packages/airflow/example_dags/example_params_trigger_ui.py took 0.250 seconds
[2026-01-09T12:30:23.399+0000] {processor.py:161} INFO - Started process (PID=10660) to work on /home/airflow/.local/lib/python3.8/site-packages/airflow/example_dags/example_params_trigger_ui.py
[2026-01-09T12:30:23.401+0000] {processor.py:830} INFO - Processing file /home/airflow/.local/lib/python3.8/site-packages/airflow/example_dags/example_params_trigger_ui.py for tasks to queue
[2026-01-09T12:30:23.403+0000] {logging_mixin.py:188} INFO - [2026-01-09T12:30:23.402+0000] {dagbag.py:538} INFO - Filling up the DagBag from /home/airflow/.local/lib/python3.8/site-packages/airflow/example_dags/example_params_trigger_ui.py
[2026-01-09T12:30:23.427+0000] {processor.py:840} INFO - DAG(s) 'example_params_trigger_ui' retrieved from /home/airflow/.local/lib/python3.8/site-packages/airflow/example_dags/example_params_trigger_ui.py
[2026-01-09T12:30:23.524+0000] {logging_mixin.py:188} INFO - [2026-01-09T12:30:23.524+0000] {dag.py:3036} INFO - Sync 1 DAGs
[2026-01-09T12:30:23.542+0000] {logging_mixin.py:188} INFO - [2026-01-09T12:30:23.542+0000] {dag.py:3823} INFO - Setting next_dagrun for example_params_trigger_ui to None, run_after=None
[2026-01-09T12:30:23.587+0000] {processor.py:183} INFO - Processing /home/airflow/.local/lib/python3.8/site-packages/airflow/example_dags/example_params_trigger_ui.py took 0.194 seconds
[2026-01-09T12:30:54.273+0000] {processor.py:161} INFO - Started process (PID=10907) to work on /home/airflow/.local/lib/python3.8/site-packages/airflow/example_dags/example_params_trigger_ui.py
[2026-01-09T12:30:54.279+0000] {processor.py:830} INFO - Processing file /home/airflow/.local/lib/python3.8/site-packages/airflow/example_dags/example_params_trigger_ui.py for tasks to queue
[2026-01-09T12:30:54.281+0000] {logging_mixin.py:188} INFO - [2026-01-09T12:30:54.281+0000] {dagbag.py:538} INFO - Filling up the DagBag from /home/airflow/.local/lib/python3.8/site-packages/airflow/example_dags/example_params_trigger_ui.py
[2026-01-09T12:30:54.307+0000] {processor.py:840} INFO - DAG(s) 'example_params_trigger_ui' retrieved from /home/airflow/.local/lib/python3.8/site-packages/airflow/example_dags/example_params_trigger_ui.py
[2026-01-09T12:30:54.403+0000] {logging_mixin.py:188} INFO - [2026-01-09T12:30:54.403+0000] {dag.py:3036} INFO - Sync 1 DAGs
[2026-01-09T12:30:54.424+0000] {logging_mixin.py:188} INFO - [2026-01-09T12:30:54.424+0000] {dag.py:3823} INFO - Setting next_dagrun for example_params_trigger_ui to None, run_after=None
[2026-01-09T12:30:54.467+0000] {processor.py:183} INFO - Processing /home/airflow/.local/lib/python3.8/site-packages/airflow/example_dags/example_params_trigger_ui.py took 0.203 seconds
[2026-01-09T12:31:25.226+0000] {processor.py:161} INFO - Started process (PID=11153) to work on /home/airflow/.local/lib/python3.8/site-packages/airflow/example_dags/example_params_trigger_ui.py
[2026-01-09T12:31:25.228+0000] {processor.py:830} INFO - Processing file /home/airflow/.local/lib/python3.8/site-packages/airflow/example_dags/example_params_trigger_ui.py for tasks to queue
[2026-01-09T12:31:25.230+0000] {logging_mixin.py:188} INFO - [2026-01-09T12:31:25.229+0000] {dagbag.py:538} INFO - Filling up the DagBag from /home/airflow/.local/lib/python3.8/site-packages/airflow/example_dags/example_params_trigger_ui.py
[2026-01-09T12:31:25.257+0000] {processor.py:840} INFO - DAG(s) 'example_params_trigger_ui' retrieved from /home/airflow/.local/lib/python3.8/site-packages/airflow/example_dags/example_params_trigger_ui.py
[2026-01-09T12:31:25.355+0000] {logging_mixin.py:188} INFO - [2026-01-09T12:31:25.355+0000] {dag.py:3036} INFO - Sync 1 DAGs
[2026-01-09T12:31:25.382+0000] {logging_mixin.py:188} INFO - [2026-01-09T12:31:25.381+0000] {dag.py:3823} INFO - Setting next_dagrun for example_params_trigger_ui to None, run_after=None
[2026-01-09T12:31:25.451+0000] {processor.py:183} INFO - Processing /home/airflow/.local/lib/python3.8/site-packages/airflow/example_dags/example_params_trigger_ui.py took 0.232 seconds
[2026-01-09T12:31:55.876+0000] {processor.py:161} INFO - Started process (PID=11400) to work on /home/airflow/.local/lib/python3.8/site-packages/airflow/example_dags/example_params_trigger_ui.py
[2026-01-09T12:31:55.879+0000] {processor.py:830} INFO - Processing file /home/airflow/.local/lib/python3.8/site-packages/airflow/example_dags/example_params_trigger_ui.py for tasks to queue
[2026-01-09T12:31:55.880+0000] {logging_mixin.py:188} INFO - [2026-01-09T12:31:55.880+0000] {dagbag.py:538} INFO - Filling up the DagBag from /home/airflow/.local/lib/python3.8/site-packages/airflow/example_dags/example_params_trigger_ui.py
[2026-01-09T12:31:55.907+0000] {processor.py:840} INFO - DAG(s) 'example_params_trigger_ui' retrieved from /home/airflow/.local/lib/python3.8/site-packages/airflow/example_dags/example_params_trigger_ui.py
[2026-01-09T12:31:55.999+0000] {logging_mixin.py:188} INFO - [2026-01-09T12:31:55.998+0000] {dag.py:3036} INFO - Sync 1 DAGs
[2026-01-09T12:31:56.021+0000] {logging_mixin.py:188} INFO - [2026-01-09T12:31:56.020+0000] {dag.py:3823} INFO - Setting next_dagrun for example_params_trigger_ui to None, run_after=None
[2026-01-09T12:31:56.061+0000] {processor.py:183} INFO - Processing /home/airflow/.local/lib/python3.8/site-packages/airflow/example_dags/example_params_trigger_ui.py took 0.191 seconds
[2026-01-09T12:32:26.895+0000] {processor.py:161} INFO - Started process (PID=11647) to work on /home/airflow/.local/lib/python3.8/site-packages/airflow/example_dags/example_params_trigger_ui.py
[2026-01-09T12:32:26.897+0000] {processor.py:830} INFO - Processing file /home/airflow/.local/lib/python3.8/site-packages/airflow/example_dags/example_params_trigger_ui.py for tasks to queue
[2026-01-09T12:32:26.899+0000] {logging_mixin.py:188} INFO - [2026-01-09T12:32:26.898+0000] {dagbag.py:538} INFO - Filling up the DagBag from /home/airflow/.local/lib/python3.8/site-packages/airflow/example_dags/example_params_trigger_ui.py
[2026-01-09T12:32:26.930+0000] {processor.py:840} INFO - DAG(s) 'example_params_trigger_ui' retrieved from /home/airflow/.local/lib/python3.8/site-packages/airflow/example_dags/example_params_trigger_ui.py
[2026-01-09T12:32:27.030+0000] {logging_mixin.py:188} INFO - [2026-01-09T12:32:27.030+0000] {dag.py:3036} INFO - Sync 1 DAGs
[2026-01-09T12:32:27.058+0000] {logging_mixin.py:188} INFO - [2026-01-09T12:32:27.058+0000] {dag.py:3823} INFO - Setting next_dagrun for example_params_trigger_ui to None, run_after=None
[2026-01-09T12:32:27.107+0000] {processor.py:183} INFO - Processing /home/airflow/.local/lib/python3.8/site-packages/airflow/example_dags/example_params_trigger_ui.py took 0.218 seconds
[2026-01-09T12:32:57.454+0000] {processor.py:161} INFO - Started process (PID=11894) to work on /home/airflow/.local/lib/python3.8/site-packages/airflow/example_dags/example_params_trigger_ui.py
[2026-01-09T12:32:57.455+0000] {processor.py:830} INFO - Processing file /home/airflow/.local/lib/python3.8/site-packages/airflow/example_dags/example_params_trigger_ui.py for tasks to queue
[2026-01-09T12:32:57.457+0000] {logging_mixin.py:188} INFO - [2026-01-09T12:32:57.456+0000] {dagbag.py:538} INFO - Filling up the DagBag from /home/airflow/.local/lib/python3.8/site-packages/airflow/example_dags/example_params_trigger_ui.py
[2026-01-09T12:32:57.488+0000] {processor.py:840} INFO - DAG(s) 'example_params_trigger_ui' retrieved from /home/airflow/.local/lib/python3.8/site-packages/airflow/example_dags/example_params_trigger_ui.py
[2026-01-09T12:32:57.592+0000] {logging_mixin.py:188} INFO - [2026-01-09T12:32:57.592+0000] {dag.py:3036} INFO - Sync 1 DAGs
[2026-01-09T12:32:57.620+0000] {logging_mixin.py:188} INFO - [2026-01-09T12:32:57.620+0000] {dag.py:3823} INFO - Setting next_dagrun for example_params_trigger_ui to None, run_after=None
[2026-01-09T12:32:57.668+0000] {processor.py:183} INFO - Processing /home/airflow/.local/lib/python3.8/site-packages/airflow/example_dags/example_params_trigger_ui.py took 0.222 seconds
[2026-01-09T12:33:28.012+0000] {processor.py:161} INFO - Started process (PID=12141) to work on /home/airflow/.local/lib/python3.8/site-packages/airflow/example_dags/example_params_trigger_ui.py
[2026-01-09T12:33:28.015+0000] {processor.py:830} INFO - Processing file /home/airflow/.local/lib/python3.8/site-packages/airflow/example_dags/example_params_trigger_ui.py for tasks to queue
[2026-01-09T12:33:28.017+0000] {logging_mixin.py:188} INFO - [2026-01-09T12:33:28.017+0000] {dagbag.py:538} INFO - Filling up the DagBag from /home/airflow/.local/lib/python3.8/site-packages/airflow/example_dags/example_params_trigger_ui.py
[2026-01-09T12:33:28.048+0000] {processor.py:840} INFO - DAG(s) 'example_params_trigger_ui' retrieved from /home/airflow/.local/lib/python3.8/site-packages/airflow/example_dags/example_params_trigger_ui.py
[2026-01-09T12:33:28.152+0000] {logging_mixin.py:188} INFO - [2026-01-09T12:33:28.151+0000] {dag.py:3036} INFO - Sync 1 DAGs
[2026-01-09T12:33:28.180+0000] {logging_mixin.py:188} INFO - [2026-01-09T12:33:28.179+0000] {dag.py:3823} INFO - Setting next_dagrun for example_params_trigger_ui to None, run_after=None
[2026-01-09T12:33:28.223+0000] {processor.py:183} INFO - Processing /home/airflow/.local/lib/python3.8/site-packages/airflow/example_dags/example_params_trigger_ui.py took 0.217 seconds
[2026-01-09T12:33:58.908+0000] {processor.py:161} INFO - Started process (PID=12388) to work on /home/airflow/.local/lib/python3.8/site-packages/airflow/example_dags/example_params_trigger_ui.py
[2026-01-09T12:33:58.911+0000] {processor.py:830} INFO - Processing file /home/airflow/.local/lib/python3.8/site-packages/airflow/example_dags/example_params_trigger_ui.py for tasks to queue
[2026-01-09T12:33:58.913+0000] {logging_mixin.py:188} INFO - [2026-01-09T12:33:58.912+0000] {dagbag.py:538} INFO - Filling up the DagBag from /home/airflow/.local/lib/python3.8/site-packages/airflow/example_dags/example_params_trigger_ui.py
[2026-01-09T12:33:58.948+0000] {processor.py:840} INFO - DAG(s) 'example_params_trigger_ui' retrieved from /home/airflow/.local/lib/python3.8/site-packages/airflow/example_dags/example_params_trigger_ui.py
[2026-01-09T12:33:59.053+0000] {logging_mixin.py:188} INFO - [2026-01-09T12:33:59.052+0000] {dag.py:3036} INFO - Sync 1 DAGs
[2026-01-09T12:33:59.075+0000] {logging_mixin.py:188} INFO - [2026-01-09T12:33:59.075+0000] {dag.py:3823} INFO - Setting next_dagrun for example_params_trigger_ui to None, run_after=None
[2026-01-09T12:33:59.118+0000] {processor.py:183} INFO - Processing /home/airflow/.local/lib/python3.8/site-packages/airflow/example_dags/example_params_trigger_ui.py took 0.220 seconds
[2026-01-09T12:34:29.426+0000] {processor.py:161} INFO - Started process (PID=12635) to work on /home/airflow/.local/lib/python3.8/site-packages/airflow/example_dags/example_params_trigger_ui.py
[2026-01-09T12:34:29.432+0000] {processor.py:830} INFO - Processing file /home/airflow/.local/lib/python3.8/site-packages/airflow/example_dags/example_params_trigger_ui.py for tasks to queue
[2026-01-09T12:34:29.435+0000] {logging_mixin.py:188} INFO - [2026-01-09T12:34:29.434+0000] {dagbag.py:538} INFO - Filling up the DagBag from /home/airflow/.local/lib/python3.8/site-packages/airflow/example_dags/example_params_trigger_ui.py
[2026-01-09T12:34:29.469+0000] {processor.py:840} INFO - DAG(s) 'example_params_trigger_ui' retrieved from /home/airflow/.local/lib/python3.8/site-packages/airflow/example_dags/example_params_trigger_ui.py
[2026-01-09T12:34:29.572+0000] {logging_mixin.py:188} INFO - [2026-01-09T12:34:29.572+0000] {dag.py:3036} INFO - Sync 1 DAGs
[2026-01-09T12:34:29.597+0000] {logging_mixin.py:188} INFO - [2026-01-09T12:34:29.597+0000] {dag.py:3823} INFO - Setting next_dagrun for example_params_trigger_ui to None, run_after=None
[2026-01-09T12:34:29.647+0000] {processor.py:183} INFO - Processing /home/airflow/.local/lib/python3.8/site-packages/airflow/example_dags/example_params_trigger_ui.py took 0.227 seconds
[2026-01-09T12:34:59.997+0000] {processor.py:161} INFO - Started process (PID=12882) to work on /home/airflow/.local/lib/python3.8/site-packages/airflow/example_dags/example_params_trigger_ui.py
[2026-01-09T12:34:59.999+0000] {processor.py:830} INFO - Processing file /home/airflow/.local/lib/python3.8/site-packages/airflow/example_dags/example_params_trigger_ui.py for tasks to queue
[2026-01-09T12:35:00.001+0000] {logging_mixin.py:188} INFO - [2026-01-09T12:35:00.000+0000] {dagbag.py:538} INFO - Filling up the DagBag from /home/airflow/.local/lib/python3.8/site-packages/airflow/example_dags/example_params_trigger_ui.py
[2026-01-09T12:35:00.031+0000] {processor.py:840} INFO - DAG(s) 'example_params_trigger_ui' retrieved from /home/airflow/.local/lib/python3.8/site-packages/airflow/example_dags/example_params_trigger_ui.py
[2026-01-09T12:35:00.125+0000] {logging_mixin.py:188} INFO - [2026-01-09T12:35:00.125+0000] {dag.py:3036} INFO - Sync 1 DAGs
[2026-01-09T12:35:00.150+0000] {logging_mixin.py:188} INFO - [2026-01-09T12:35:00.149+0000] {dag.py:3823} INFO - Setting next_dagrun for example_params_trigger_ui to None, run_after=None
[2026-01-09T12:35:00.193+0000] {processor.py:183} INFO - Processing /home/airflow/.local/lib/python3.8/site-packages/airflow/example_dags/example_params_trigger_ui.py took 0.204 seconds
[2026-01-09T12:35:30.517+0000] {processor.py:161} INFO - Started process (PID=13129) to work on /home/airflow/.local/lib/python3.8/site-packages/airflow/example_dags/example_params_trigger_ui.py
[2026-01-09T12:35:30.519+0000] {processor.py:830} INFO - Processing file /home/airflow/.local/lib/python3.8/site-packages/airflow/example_dags/example_params_trigger_ui.py for tasks to queue
[2026-01-09T12:35:30.521+0000] {logging_mixin.py:188} INFO - [2026-01-09T12:35:30.520+0000] {dagbag.py:538} INFO - Filling up the DagBag from /home/airflow/.local/lib/python3.8/site-packages/airflow/example_dags/example_params_trigger_ui.py
[2026-01-09T12:35:30.546+0000] {processor.py:840} INFO - DAG(s) 'example_params_trigger_ui' retrieved from /home/airflow/.local/lib/python3.8/site-packages/airflow/example_dags/example_params_trigger_ui.py
[2026-01-09T12:35:30.649+0000] {logging_mixin.py:188} INFO - [2026-01-09T12:35:30.648+0000] {dag.py:3036} INFO - Sync 1 DAGs
[2026-01-09T12:35:30.683+0000] {logging_mixin.py:188} INFO - [2026-01-09T12:35:30.683+0000] {dag.py:3823} INFO - Setting next_dagrun for example_params_trigger_ui to None, run_after=None
[2026-01-09T12:35:30.743+0000] {processor.py:183} INFO - Processing /home/airflow/.local/lib/python3.8/site-packages/airflow/example_dags/example_params_trigger_ui.py took 0.231 seconds
[2026-01-09T12:36:01.441+0000] {processor.py:161} INFO - Started process (PID=13376) to work on /home/airflow/.local/lib/python3.8/site-packages/airflow/example_dags/example_params_trigger_ui.py
[2026-01-09T12:36:01.443+0000] {processor.py:830} INFO - Processing file /home/airflow/.local/lib/python3.8/site-packages/airflow/example_dags/example_params_trigger_ui.py for tasks to queue
[2026-01-09T12:36:01.445+0000] {logging_mixin.py:188} INFO - [2026-01-09T12:36:01.444+0000] {dagbag.py:538} INFO - Filling up the DagBag from /home/airflow/.local/lib/python3.8/site-packages/airflow/example_dags/example_params_trigger_ui.py
[2026-01-09T12:36:01.471+0000] {processor.py:840} INFO - DAG(s) 'example_params_trigger_ui' retrieved from /home/airflow/.local/lib/python3.8/site-packages/airflow/example_dags/example_params_trigger_ui.py
[2026-01-09T12:36:01.573+0000] {logging_mixin.py:188} INFO - [2026-01-09T12:36:01.572+0000] {dag.py:3036} INFO - Sync 1 DAGs
[2026-01-09T12:36:01.601+0000] {logging_mixin.py:188} INFO - [2026-01-09T12:36:01.601+0000] {dag.py:3823} INFO - Setting next_dagrun for example_params_trigger_ui to None, run_after=None
[2026-01-09T12:36:01.649+0000] {processor.py:183} INFO - Processing /home/airflow/.local/lib/python3.8/site-packages/airflow/example_dags/example_params_trigger_ui.py took 0.217 seconds
[2026-01-09T12:36:32.020+0000] {processor.py:161} INFO - Started process (PID=13623) to work on /home/airflow/.local/lib/python3.8/site-packages/airflow/example_dags/example_params_trigger_ui.py
[2026-01-09T12:36:32.023+0000] {processor.py:830} INFO - Processing file /home/airflow/.local/lib/python3.8/site-packages/airflow/example_dags/example_params_trigger_ui.py for tasks to queue
[2026-01-09T12:36:32.025+0000] {logging_mixin.py:188} INFO - [2026-01-09T12:36:32.024+0000] {dagbag.py:538} INFO - Filling up the DagBag from /home/airflow/.local/lib/python3.8/site-packages/airflow/example_dags/example_params_trigger_ui.py
[2026-01-09T12:36:32.057+0000] {processor.py:840} INFO - DAG(s) 'example_params_trigger_ui' retrieved from /home/airflow/.local/lib/python3.8/site-packages/airflow/example_dags/example_params_trigger_ui.py
[2026-01-09T12:36:32.141+0000] {logging_mixin.py:188} INFO - [2026-01-09T12:36:32.141+0000] {dag.py:3036} INFO - Sync 1 DAGs
[2026-01-09T12:36:32.161+0000] {logging_mixin.py:188} INFO - [2026-01-09T12:36:32.160+0000] {dag.py:3823} INFO - Setting next_dagrun for example_params_trigger_ui to None, run_after=None
[2026-01-09T12:36:32.209+0000] {processor.py:183} INFO - Processing /home/airflow/.local/lib/python3.8/site-packages/airflow/example_dags/example_params_trigger_ui.py took 0.201 seconds
[2026-01-09T12:37:02.425+0000] {processor.py:161} INFO - Started process (PID=13872) to work on /home/airflow/.local/lib/python3.8/site-packages/airflow/example_dags/example_params_trigger_ui.py
[2026-01-09T12:37:02.426+0000] {processor.py:830} INFO - Processing file /home/airflow/.local/lib/python3.8/site-packages/airflow/example_dags/example_params_trigger_ui.py for tasks to queue
[2026-01-09T12:37:02.428+0000] {logging_mixin.py:188} INFO - [2026-01-09T12:37:02.427+0000] {dagbag.py:538} INFO - Filling up the DagBag from /home/airflow/.local/lib/python3.8/site-packages/airflow/example_dags/example_params_trigger_ui.py
[2026-01-09T12:37:02.449+0000] {processor.py:840} INFO - DAG(s) 'example_params_trigger_ui' retrieved from /home/airflow/.local/lib/python3.8/site-packages/airflow/example_dags/example_params_trigger_ui.py
[2026-01-09T12:37:02.528+0000] {logging_mixin.py:188} INFO - [2026-01-09T12:37:02.527+0000] {dag.py:3036} INFO - Sync 1 DAGs
[2026-01-09T12:37:02.545+0000] {logging_mixin.py:188} INFO - [2026-01-09T12:37:02.545+0000] {dag.py:3823} INFO - Setting next_dagrun for example_params_trigger_ui to None, run_after=None
[2026-01-09T12:37:02.585+0000] {processor.py:183} INFO - Processing /home/airflow/.local/lib/python3.8/site-packages/airflow/example_dags/example_params_trigger_ui.py took 0.166 seconds
[2026-01-09T12:37:32.741+0000] {processor.py:161} INFO - Started process (PID=14117) to work on /home/airflow/.local/lib/python3.8/site-packages/airflow/example_dags/example_params_trigger_ui.py
[2026-01-09T12:37:32.746+0000] {processor.py:830} INFO - Processing file /home/airflow/.local/lib/python3.8/site-packages/airflow/example_dags/example_params_trigger_ui.py for tasks to queue
[2026-01-09T12:37:32.747+0000] {logging_mixin.py:188} INFO - [2026-01-09T12:37:32.747+0000] {dagbag.py:538} INFO - Filling up the DagBag from /home/airflow/.local/lib/python3.8/site-packages/airflow/example_dags/example_params_trigger_ui.py
[2026-01-09T12:37:32.771+0000] {processor.py:840} INFO - DAG(s) 'example_params_trigger_ui' retrieved from /home/airflow/.local/lib/python3.8/site-packages/airflow/example_dags/example_params_trigger_ui.py
[2026-01-09T12:37:32.858+0000] {logging_mixin.py:188} INFO - [2026-01-09T12:37:32.858+0000] {dag.py:3036} INFO - Sync 1 DAGs
[2026-01-09T12:37:32.877+0000] {logging_mixin.py:188} INFO - [2026-01-09T12:37:32.876+0000] {dag.py:3823} INFO - Setting next_dagrun for example_params_trigger_ui to None, run_after=None
[2026-01-09T12:37:32.915+0000] {processor.py:183} INFO - Processing /home/airflow/.local/lib/python3.8/site-packages/airflow/example_dags/example_params_trigger_ui.py took 0.180 seconds
[2026-01-09T12:38:03.418+0000] {processor.py:161} INFO - Started process (PID=14364) to work on /home/airflow/.local/lib/python3.8/site-packages/airflow/example_dags/example_params_trigger_ui.py
[2026-01-09T12:38:03.420+0000] {processor.py:830} INFO - Processing file /home/airflow/.local/lib/python3.8/site-packages/airflow/example_dags/example_params_trigger_ui.py for tasks to queue
[2026-01-09T12:38:03.421+0000] {logging_mixin.py:188} INFO - [2026-01-09T12:38:03.421+0000] {dagbag.py:538} INFO - Filling up the DagBag from /home/airflow/.local/lib/python3.8/site-packages/airflow/example_dags/example_params_trigger_ui.py
[2026-01-09T12:38:03.450+0000] {processor.py:840} INFO - DAG(s) 'example_params_trigger_ui' retrieved from /home/airflow/.local/lib/python3.8/site-packages/airflow/example_dags/example_params_trigger_ui.py
[2026-01-09T12:38:03.568+0000] {logging_mixin.py:188} INFO - [2026-01-09T12:38:03.567+0000] {dag.py:3036} INFO - Sync 1 DAGs
[2026-01-09T12:38:03.595+0000] {logging_mixin.py:188} INFO - [2026-01-09T12:38:03.595+0000] {dag.py:3823} INFO - Setting next_dagrun for example_params_trigger_ui to None, run_after=None
[2026-01-09T12:38:03.644+0000] {processor.py:183} INFO - Processing /home/airflow/.local/lib/python3.8/site-packages/airflow/example_dags/example_params_trigger_ui.py took 0.235 seconds
[2026-01-09T12:38:33.803+0000] {processor.py:161} INFO - Started process (PID=14611) to work on /home/airflow/.local/lib/python3.8/site-packages/airflow/example_dags/example_params_trigger_ui.py
[2026-01-09T12:38:33.805+0000] {processor.py:830} INFO - Processing file /home/airflow/.local/lib/python3.8/site-packages/airflow/example_dags/example_params_trigger_ui.py for tasks to queue
[2026-01-09T12:38:33.806+0000] {logging_mixin.py:188} INFO - [2026-01-09T12:38:33.806+0000] {dagbag.py:538} INFO - Filling up the DagBag from /home/airflow/.local/lib/python3.8/site-packages/airflow/example_dags/example_params_trigger_ui.py
[2026-01-09T12:38:33.832+0000] {processor.py:840} INFO - DAG(s) 'example_params_trigger_ui' retrieved from /home/airflow/.local/lib/python3.8/site-packages/airflow/example_dags/example_params_trigger_ui.py
[2026-01-09T12:38:33.927+0000] {logging_mixin.py:188} INFO - [2026-01-09T12:38:33.926+0000] {dag.py:3036} INFO - Sync 1 DAGs
[2026-01-09T12:38:33.950+0000] {logging_mixin.py:188} INFO - [2026-01-09T12:38:33.949+0000] {dag.py:3823} INFO - Setting next_dagrun for example_params_trigger_ui to None, run_after=None
[2026-01-09T12:38:33.992+0000] {processor.py:183} INFO - Processing /home/airflow/.local/lib/python3.8/site-packages/airflow/example_dags/example_params_trigger_ui.py took 0.196 seconds
[2026-01-09T12:39:04.447+0000] {processor.py:161} INFO - Started process (PID=14858) to work on /home/airflow/.local/lib/python3.8/site-packages/airflow/example_dags/example_params_trigger_ui.py
[2026-01-09T12:39:04.449+0000] {processor.py:830} INFO - Processing file /home/airflow/.local/lib/python3.8/site-packages/airflow/example_dags/example_params_trigger_ui.py for tasks to queue
[2026-01-09T12:39:04.451+0000] {logging_mixin.py:188} INFO - [2026-01-09T12:39:04.450+0000] {dagbag.py:538} INFO - Filling up the DagBag from /home/airflow/.local/lib/python3.8/site-packages/airflow/example_dags/example_params_trigger_ui.py
[2026-01-09T12:39:04.474+0000] {processor.py:840} INFO - DAG(s) 'example_params_trigger_ui' retrieved from /home/airflow/.local/lib/python3.8/site-packages/airflow/example_dags/example_params_trigger_ui.py
[2026-01-09T12:39:04.571+0000] {logging_mixin.py:188} INFO - [2026-01-09T12:39:04.570+0000] {dag.py:3036} INFO - Sync 1 DAGs
[2026-01-09T12:39:04.592+0000] {logging_mixin.py:188} INFO - [2026-01-09T12:39:04.592+0000] {dag.py:3823} INFO - Setting next_dagrun for example_params_trigger_ui to None, run_after=None
[2026-01-09T12:39:04.647+0000] {processor.py:183} INFO - Processing /home/airflow/.local/lib/python3.8/site-packages/airflow/example_dags/example_params_trigger_ui.py took 0.205 seconds
[2026-01-09T12:39:35.398+0000] {processor.py:161} INFO - Started process (PID=15105) to work on /home/airflow/.local/lib/python3.8/site-packages/airflow/example_dags/example_params_trigger_ui.py
[2026-01-09T12:39:35.402+0000] {processor.py:830} INFO - Processing file /home/airflow/.local/lib/python3.8/site-packages/airflow/example_dags/example_params_trigger_ui.py for tasks to queue
[2026-01-09T12:39:35.404+0000] {logging_mixin.py:188} INFO - [2026-01-09T12:39:35.403+0000] {dagbag.py:538} INFO - Filling up the DagBag from /home/airflow/.local/lib/python3.8/site-packages/airflow/example_dags/example_params_trigger_ui.py
[2026-01-09T12:39:35.428+0000] {processor.py:840} INFO - DAG(s) 'example_params_trigger_ui' retrieved from /home/airflow/.local/lib/python3.8/site-packages/airflow/example_dags/example_params_trigger_ui.py
[2026-01-09T12:39:35.511+0000] {logging_mixin.py:188} INFO - [2026-01-09T12:39:35.510+0000] {dag.py:3036} INFO - Sync 1 DAGs
[2026-01-09T12:39:35.535+0000] {logging_mixin.py:188} INFO - [2026-01-09T12:39:35.535+0000] {dag.py:3823} INFO - Setting next_dagrun for example_params_trigger_ui to None, run_after=None
[2026-01-09T12:39:35.578+0000] {processor.py:183} INFO - Processing /home/airflow/.local/lib/python3.8/site-packages/airflow/example_dags/example_params_trigger_ui.py took 0.187 seconds
