[2026-01-09T12:08:57.839+0000] {processor.py:161} INFO - Started process (PID=337) to work on /home/airflow/.local/lib/python3.8/site-packages/airflow/example_dags/example_complex.py
[2026-01-09T12:08:57.841+0000] {processor.py:830} INFO - Processing file /home/airflow/.local/lib/python3.8/site-packages/airflow/example_dags/example_complex.py for tasks to queue
[2026-01-09T12:08:57.843+0000] {logging_mixin.py:188} INFO - [2026-01-09T12:08:57.842+0000] {dagbag.py:538} INFO - Filling up the DagBag from /home/airflow/.local/lib/python3.8/site-packages/airflow/example_dags/example_complex.py
[2026-01-09T12:08:57.867+0000] {processor.py:840} INFO - DAG(s) 'example_complex' retrieved from /home/airflow/.local/lib/python3.8/site-packages/airflow/example_dags/example_complex.py
[2026-01-09T12:08:58.113+0000] {logging_mixin.py:188} INFO - [2026-01-09T12:08:58.112+0000] {dag.py:3036} INFO - Sync 1 DAGs
[2026-01-09T12:08:58.130+0000] {logging_mixin.py:188} INFO - [2026-01-09T12:08:58.130+0000] {dag.py:3823} INFO - Setting next_dagrun for example_complex to None, run_after=None
[2026-01-09T12:08:58.188+0000] {processor.py:183} INFO - Processing /home/airflow/.local/lib/python3.8/site-packages/airflow/example_dags/example_complex.py took 0.357 seconds
[2026-01-09T12:09:28.504+0000] {processor.py:161} INFO - Started process (PID=586) to work on /home/airflow/.local/lib/python3.8/site-packages/airflow/example_dags/example_complex.py
[2026-01-09T12:09:28.506+0000] {processor.py:830} INFO - Processing file /home/airflow/.local/lib/python3.8/site-packages/airflow/example_dags/example_complex.py for tasks to queue
[2026-01-09T12:09:28.508+0000] {logging_mixin.py:188} INFO - [2026-01-09T12:09:28.507+0000] {dagbag.py:538} INFO - Filling up the DagBag from /home/airflow/.local/lib/python3.8/site-packages/airflow/example_dags/example_complex.py
[2026-01-09T12:09:28.523+0000] {processor.py:840} INFO - DAG(s) 'example_complex' retrieved from /home/airflow/.local/lib/python3.8/site-packages/airflow/example_dags/example_complex.py
[2026-01-09T12:09:28.573+0000] {logging_mixin.py:188} INFO - [2026-01-09T12:09:28.573+0000] {dag.py:3036} INFO - Sync 1 DAGs
[2026-01-09T12:09:28.595+0000] {logging_mixin.py:188} INFO - [2026-01-09T12:09:28.594+0000] {dag.py:3823} INFO - Setting next_dagrun for example_complex to None, run_after=None
[2026-01-09T12:09:28.632+0000] {processor.py:183} INFO - Processing /home/airflow/.local/lib/python3.8/site-packages/airflow/example_dags/example_complex.py took 0.133 seconds
[2026-01-09T12:09:59.276+0000] {processor.py:161} INFO - Started process (PID=833) to work on /home/airflow/.local/lib/python3.8/site-packages/airflow/example_dags/example_complex.py
[2026-01-09T12:09:59.278+0000] {processor.py:830} INFO - Processing file /home/airflow/.local/lib/python3.8/site-packages/airflow/example_dags/example_complex.py for tasks to queue
[2026-01-09T12:09:59.281+0000] {logging_mixin.py:188} INFO - [2026-01-09T12:09:59.280+0000] {dagbag.py:538} INFO - Filling up the DagBag from /home/airflow/.local/lib/python3.8/site-packages/airflow/example_dags/example_complex.py
[2026-01-09T12:09:59.305+0000] {processor.py:840} INFO - DAG(s) 'example_complex' retrieved from /home/airflow/.local/lib/python3.8/site-packages/airflow/example_dags/example_complex.py
[2026-01-09T12:09:59.368+0000] {logging_mixin.py:188} INFO - [2026-01-09T12:09:59.367+0000] {dag.py:3036} INFO - Sync 1 DAGs
[2026-01-09T12:09:59.394+0000] {logging_mixin.py:188} INFO - [2026-01-09T12:09:59.394+0000] {dag.py:3823} INFO - Setting next_dagrun for example_complex to None, run_after=None
[2026-01-09T12:09:59.442+0000] {processor.py:183} INFO - Processing /home/airflow/.local/lib/python3.8/site-packages/airflow/example_dags/example_complex.py took 0.174 seconds
[2026-01-09T12:10:29.531+0000] {processor.py:161} INFO - Started process (PID=1080) to work on /home/airflow/.local/lib/python3.8/site-packages/airflow/example_dags/example_complex.py
[2026-01-09T12:10:29.533+0000] {processor.py:830} INFO - Processing file /home/airflow/.local/lib/python3.8/site-packages/airflow/example_dags/example_complex.py for tasks to queue
[2026-01-09T12:10:29.535+0000] {logging_mixin.py:188} INFO - [2026-01-09T12:10:29.535+0000] {dagbag.py:538} INFO - Filling up the DagBag from /home/airflow/.local/lib/python3.8/site-packages/airflow/example_dags/example_complex.py
[2026-01-09T12:10:29.554+0000] {processor.py:840} INFO - DAG(s) 'example_complex' retrieved from /home/airflow/.local/lib/python3.8/site-packages/airflow/example_dags/example_complex.py
[2026-01-09T12:10:29.623+0000] {logging_mixin.py:188} INFO - [2026-01-09T12:10:29.622+0000] {dag.py:3036} INFO - Sync 1 DAGs
[2026-01-09T12:10:29.643+0000] {logging_mixin.py:188} INFO - [2026-01-09T12:10:29.643+0000] {dag.py:3823} INFO - Setting next_dagrun for example_complex to None, run_after=None
[2026-01-09T12:10:29.687+0000] {processor.py:183} INFO - Processing /home/airflow/.local/lib/python3.8/site-packages/airflow/example_dags/example_complex.py took 0.162 seconds
[2026-01-09T12:10:59.817+0000] {processor.py:161} INFO - Started process (PID=1327) to work on /home/airflow/.local/lib/python3.8/site-packages/airflow/example_dags/example_complex.py
[2026-01-09T12:10:59.819+0000] {processor.py:830} INFO - Processing file /home/airflow/.local/lib/python3.8/site-packages/airflow/example_dags/example_complex.py for tasks to queue
[2026-01-09T12:10:59.821+0000] {logging_mixin.py:188} INFO - [2026-01-09T12:10:59.820+0000] {dagbag.py:538} INFO - Filling up the DagBag from /home/airflow/.local/lib/python3.8/site-packages/airflow/example_dags/example_complex.py
[2026-01-09T12:10:59.844+0000] {processor.py:840} INFO - DAG(s) 'example_complex' retrieved from /home/airflow/.local/lib/python3.8/site-packages/airflow/example_dags/example_complex.py
[2026-01-09T12:10:59.904+0000] {logging_mixin.py:188} INFO - [2026-01-09T12:10:59.904+0000] {dag.py:3036} INFO - Sync 1 DAGs
[2026-01-09T12:10:59.932+0000] {logging_mixin.py:188} INFO - [2026-01-09T12:10:59.932+0000] {dag.py:3823} INFO - Setting next_dagrun for example_complex to None, run_after=None
[2026-01-09T12:10:59.993+0000] {processor.py:183} INFO - Processing /home/airflow/.local/lib/python3.8/site-packages/airflow/example_dags/example_complex.py took 0.183 seconds
[2026-01-09T12:11:30.145+0000] {processor.py:161} INFO - Started process (PID=1572) to work on /home/airflow/.local/lib/python3.8/site-packages/airflow/example_dags/example_complex.py
[2026-01-09T12:11:30.152+0000] {processor.py:830} INFO - Processing file /home/airflow/.local/lib/python3.8/site-packages/airflow/example_dags/example_complex.py for tasks to queue
[2026-01-09T12:11:30.154+0000] {logging_mixin.py:188} INFO - [2026-01-09T12:11:30.153+0000] {dagbag.py:538} INFO - Filling up the DagBag from /home/airflow/.local/lib/python3.8/site-packages/airflow/example_dags/example_complex.py
[2026-01-09T12:11:30.177+0000] {processor.py:840} INFO - DAG(s) 'example_complex' retrieved from /home/airflow/.local/lib/python3.8/site-packages/airflow/example_dags/example_complex.py
[2026-01-09T12:11:30.247+0000] {logging_mixin.py:188} INFO - [2026-01-09T12:11:30.247+0000] {dag.py:3036} INFO - Sync 1 DAGs
[2026-01-09T12:11:30.275+0000] {logging_mixin.py:188} INFO - [2026-01-09T12:11:30.275+0000] {dag.py:3823} INFO - Setting next_dagrun for example_complex to None, run_after=None
[2026-01-09T12:11:30.328+0000] {processor.py:183} INFO - Processing /home/airflow/.local/lib/python3.8/site-packages/airflow/example_dags/example_complex.py took 0.193 seconds
[2026-01-09T12:12:01.830+0000] {processor.py:161} INFO - Started process (PID=1822) to work on /home/airflow/.local/lib/python3.8/site-packages/airflow/example_dags/example_complex.py
[2026-01-09T12:12:01.834+0000] {processor.py:830} INFO - Processing file /home/airflow/.local/lib/python3.8/site-packages/airflow/example_dags/example_complex.py for tasks to queue
[2026-01-09T12:12:01.837+0000] {logging_mixin.py:188} INFO - [2026-01-09T12:12:01.836+0000] {dagbag.py:538} INFO - Filling up the DagBag from /home/airflow/.local/lib/python3.8/site-packages/airflow/example_dags/example_complex.py
[2026-01-09T12:12:01.865+0000] {processor.py:840} INFO - DAG(s) 'example_complex' retrieved from /home/airflow/.local/lib/python3.8/site-packages/airflow/example_dags/example_complex.py
[2026-01-09T12:12:01.959+0000] {logging_mixin.py:188} INFO - [2026-01-09T12:12:01.958+0000] {dag.py:3036} INFO - Sync 1 DAGs
[2026-01-09T12:12:01.990+0000] {logging_mixin.py:188} INFO - [2026-01-09T12:12:01.990+0000] {dag.py:3823} INFO - Setting next_dagrun for example_complex to None, run_after=None
[2026-01-09T12:12:02.042+0000] {processor.py:183} INFO - Processing /home/airflow/.local/lib/python3.8/site-packages/airflow/example_dags/example_complex.py took 0.223 seconds
[2026-01-09T12:12:32.963+0000] {processor.py:161} INFO - Started process (PID=2069) to work on /home/airflow/.local/lib/python3.8/site-packages/airflow/example_dags/example_complex.py
[2026-01-09T12:12:32.965+0000] {processor.py:830} INFO - Processing file /home/airflow/.local/lib/python3.8/site-packages/airflow/example_dags/example_complex.py for tasks to queue
[2026-01-09T12:12:32.967+0000] {logging_mixin.py:188} INFO - [2026-01-09T12:12:32.967+0000] {dagbag.py:538} INFO - Filling up the DagBag from /home/airflow/.local/lib/python3.8/site-packages/airflow/example_dags/example_complex.py
[2026-01-09T12:12:32.997+0000] {processor.py:840} INFO - DAG(s) 'example_complex' retrieved from /home/airflow/.local/lib/python3.8/site-packages/airflow/example_dags/example_complex.py
[2026-01-09T12:12:33.064+0000] {logging_mixin.py:188} INFO - [2026-01-09T12:12:33.064+0000] {dag.py:3036} INFO - Sync 1 DAGs
[2026-01-09T12:12:33.086+0000] {logging_mixin.py:188} INFO - [2026-01-09T12:12:33.086+0000] {dag.py:3823} INFO - Setting next_dagrun for example_complex to None, run_after=None
[2026-01-09T12:12:33.131+0000] {processor.py:183} INFO - Processing /home/airflow/.local/lib/python3.8/site-packages/airflow/example_dags/example_complex.py took 0.176 seconds
[2026-01-09T12:13:03.681+0000] {processor.py:161} INFO - Started process (PID=2316) to work on /home/airflow/.local/lib/python3.8/site-packages/airflow/example_dags/example_complex.py
[2026-01-09T12:13:03.683+0000] {processor.py:830} INFO - Processing file /home/airflow/.local/lib/python3.8/site-packages/airflow/example_dags/example_complex.py for tasks to queue
[2026-01-09T12:13:03.685+0000] {logging_mixin.py:188} INFO - [2026-01-09T12:13:03.685+0000] {dagbag.py:538} INFO - Filling up the DagBag from /home/airflow/.local/lib/python3.8/site-packages/airflow/example_dags/example_complex.py
[2026-01-09T12:13:03.706+0000] {processor.py:840} INFO - DAG(s) 'example_complex' retrieved from /home/airflow/.local/lib/python3.8/site-packages/airflow/example_dags/example_complex.py
[2026-01-09T12:13:03.762+0000] {logging_mixin.py:188} INFO - [2026-01-09T12:13:03.762+0000] {dag.py:3036} INFO - Sync 1 DAGs
[2026-01-09T12:13:03.781+0000] {logging_mixin.py:188} INFO - [2026-01-09T12:13:03.781+0000] {dag.py:3823} INFO - Setting next_dagrun for example_complex to None, run_after=None
[2026-01-09T12:13:03.827+0000] {processor.py:183} INFO - Processing /home/airflow/.local/lib/python3.8/site-packages/airflow/example_dags/example_complex.py took 0.152 seconds
[2026-01-09T12:13:33.978+0000] {processor.py:161} INFO - Started process (PID=2563) to work on /home/airflow/.local/lib/python3.8/site-packages/airflow/example_dags/example_complex.py
[2026-01-09T12:13:33.980+0000] {processor.py:830} INFO - Processing file /home/airflow/.local/lib/python3.8/site-packages/airflow/example_dags/example_complex.py for tasks to queue
[2026-01-09T12:13:33.982+0000] {logging_mixin.py:188} INFO - [2026-01-09T12:13:33.981+0000] {dagbag.py:538} INFO - Filling up the DagBag from /home/airflow/.local/lib/python3.8/site-packages/airflow/example_dags/example_complex.py
[2026-01-09T12:13:34.001+0000] {processor.py:840} INFO - DAG(s) 'example_complex' retrieved from /home/airflow/.local/lib/python3.8/site-packages/airflow/example_dags/example_complex.py
[2026-01-09T12:13:34.054+0000] {logging_mixin.py:188} INFO - [2026-01-09T12:13:34.054+0000] {dag.py:3036} INFO - Sync 1 DAGs
[2026-01-09T12:13:34.079+0000] {logging_mixin.py:188} INFO - [2026-01-09T12:13:34.079+0000] {dag.py:3823} INFO - Setting next_dagrun for example_complex to None, run_after=None
[2026-01-09T12:13:34.123+0000] {processor.py:183} INFO - Processing /home/airflow/.local/lib/python3.8/site-packages/airflow/example_dags/example_complex.py took 0.152 seconds
[2026-01-09T12:14:04.223+0000] {processor.py:161} INFO - Started process (PID=2810) to work on /home/airflow/.local/lib/python3.8/site-packages/airflow/example_dags/example_complex.py
[2026-01-09T12:14:04.226+0000] {processor.py:830} INFO - Processing file /home/airflow/.local/lib/python3.8/site-packages/airflow/example_dags/example_complex.py for tasks to queue
[2026-01-09T12:14:04.228+0000] {logging_mixin.py:188} INFO - [2026-01-09T12:14:04.227+0000] {dagbag.py:538} INFO - Filling up the DagBag from /home/airflow/.local/lib/python3.8/site-packages/airflow/example_dags/example_complex.py
[2026-01-09T12:14:04.247+0000] {processor.py:840} INFO - DAG(s) 'example_complex' retrieved from /home/airflow/.local/lib/python3.8/site-packages/airflow/example_dags/example_complex.py
[2026-01-09T12:14:04.307+0000] {logging_mixin.py:188} INFO - [2026-01-09T12:14:04.307+0000] {dag.py:3036} INFO - Sync 1 DAGs
[2026-01-09T12:14:04.336+0000] {logging_mixin.py:188} INFO - [2026-01-09T12:14:04.335+0000] {dag.py:3823} INFO - Setting next_dagrun for example_complex to None, run_after=None
[2026-01-09T12:14:04.382+0000] {processor.py:183} INFO - Processing /home/airflow/.local/lib/python3.8/site-packages/airflow/example_dags/example_complex.py took 0.166 seconds
[2026-01-09T12:14:34.615+0000] {processor.py:161} INFO - Started process (PID=3057) to work on /home/airflow/.local/lib/python3.8/site-packages/airflow/example_dags/example_complex.py
[2026-01-09T12:14:34.621+0000] {processor.py:830} INFO - Processing file /home/airflow/.local/lib/python3.8/site-packages/airflow/example_dags/example_complex.py for tasks to queue
[2026-01-09T12:14:34.622+0000] {logging_mixin.py:188} INFO - [2026-01-09T12:14:34.622+0000] {dagbag.py:538} INFO - Filling up the DagBag from /home/airflow/.local/lib/python3.8/site-packages/airflow/example_dags/example_complex.py
[2026-01-09T12:14:34.643+0000] {processor.py:840} INFO - DAG(s) 'example_complex' retrieved from /home/airflow/.local/lib/python3.8/site-packages/airflow/example_dags/example_complex.py
[2026-01-09T12:14:34.707+0000] {logging_mixin.py:188} INFO - [2026-01-09T12:14:34.707+0000] {dag.py:3036} INFO - Sync 1 DAGs
[2026-01-09T12:14:34.734+0000] {logging_mixin.py:188} INFO - [2026-01-09T12:14:34.734+0000] {dag.py:3823} INFO - Setting next_dagrun for example_complex to None, run_after=None
[2026-01-09T12:14:34.788+0000] {processor.py:183} INFO - Processing /home/airflow/.local/lib/python3.8/site-packages/airflow/example_dags/example_complex.py took 0.181 seconds
[2026-01-09T12:15:05.664+0000] {processor.py:161} INFO - Started process (PID=3304) to work on /home/airflow/.local/lib/python3.8/site-packages/airflow/example_dags/example_complex.py
[2026-01-09T12:15:05.667+0000] {processor.py:830} INFO - Processing file /home/airflow/.local/lib/python3.8/site-packages/airflow/example_dags/example_complex.py for tasks to queue
[2026-01-09T12:15:05.669+0000] {logging_mixin.py:188} INFO - [2026-01-09T12:15:05.668+0000] {dagbag.py:538} INFO - Filling up the DagBag from /home/airflow/.local/lib/python3.8/site-packages/airflow/example_dags/example_complex.py
[2026-01-09T12:15:05.694+0000] {processor.py:840} INFO - DAG(s) 'example_complex' retrieved from /home/airflow/.local/lib/python3.8/site-packages/airflow/example_dags/example_complex.py
[2026-01-09T12:15:05.848+0000] {logging_mixin.py:188} INFO - [2026-01-09T12:15:05.847+0000] {dag.py:3036} INFO - Sync 1 DAGs
[2026-01-09T12:15:05.924+0000] {logging_mixin.py:188} INFO - [2026-01-09T12:15:05.923+0000] {dag.py:3823} INFO - Setting next_dagrun for example_complex to None, run_after=None
[2026-01-09T12:15:06.035+0000] {processor.py:183} INFO - Processing /home/airflow/.local/lib/python3.8/site-packages/airflow/example_dags/example_complex.py took 0.381 seconds
[2026-01-09T12:15:36.430+0000] {processor.py:161} INFO - Started process (PID=3551) to work on /home/airflow/.local/lib/python3.8/site-packages/airflow/example_dags/example_complex.py
[2026-01-09T12:15:36.433+0000] {processor.py:830} INFO - Processing file /home/airflow/.local/lib/python3.8/site-packages/airflow/example_dags/example_complex.py for tasks to queue
[2026-01-09T12:15:36.435+0000] {logging_mixin.py:188} INFO - [2026-01-09T12:15:36.434+0000] {dagbag.py:538} INFO - Filling up the DagBag from /home/airflow/.local/lib/python3.8/site-packages/airflow/example_dags/example_complex.py
[2026-01-09T12:15:36.457+0000] {processor.py:840} INFO - DAG(s) 'example_complex' retrieved from /home/airflow/.local/lib/python3.8/site-packages/airflow/example_dags/example_complex.py
[2026-01-09T12:15:36.520+0000] {logging_mixin.py:188} INFO - [2026-01-09T12:15:36.520+0000] {dag.py:3036} INFO - Sync 1 DAGs
[2026-01-09T12:15:36.540+0000] {logging_mixin.py:188} INFO - [2026-01-09T12:15:36.540+0000] {dag.py:3823} INFO - Setting next_dagrun for example_complex to None, run_after=None
[2026-01-09T12:15:36.594+0000] {processor.py:183} INFO - Processing /home/airflow/.local/lib/python3.8/site-packages/airflow/example_dags/example_complex.py took 0.171 seconds
[2026-01-09T12:16:06.693+0000] {processor.py:161} INFO - Started process (PID=3797) to work on /home/airflow/.local/lib/python3.8/site-packages/airflow/example_dags/example_complex.py
[2026-01-09T12:16:06.695+0000] {processor.py:830} INFO - Processing file /home/airflow/.local/lib/python3.8/site-packages/airflow/example_dags/example_complex.py for tasks to queue
[2026-01-09T12:16:06.697+0000] {logging_mixin.py:188} INFO - [2026-01-09T12:16:06.696+0000] {dagbag.py:538} INFO - Filling up the DagBag from /home/airflow/.local/lib/python3.8/site-packages/airflow/example_dags/example_complex.py
[2026-01-09T12:16:06.716+0000] {processor.py:840} INFO - DAG(s) 'example_complex' retrieved from /home/airflow/.local/lib/python3.8/site-packages/airflow/example_dags/example_complex.py
[2026-01-09T12:16:06.766+0000] {logging_mixin.py:188} INFO - [2026-01-09T12:16:06.766+0000] {dag.py:3036} INFO - Sync 1 DAGs
[2026-01-09T12:16:06.784+0000] {logging_mixin.py:188} INFO - [2026-01-09T12:16:06.783+0000] {dag.py:3823} INFO - Setting next_dagrun for example_complex to None, run_after=None
[2026-01-09T12:16:06.823+0000] {processor.py:183} INFO - Processing /home/airflow/.local/lib/python3.8/site-packages/airflow/example_dags/example_complex.py took 0.137 seconds
[2026-01-09T12:16:37.532+0000] {processor.py:161} INFO - Started process (PID=4042) to work on /home/airflow/.local/lib/python3.8/site-packages/airflow/example_dags/example_complex.py
[2026-01-09T12:16:37.534+0000] {processor.py:830} INFO - Processing file /home/airflow/.local/lib/python3.8/site-packages/airflow/example_dags/example_complex.py for tasks to queue
[2026-01-09T12:16:37.536+0000] {logging_mixin.py:188} INFO - [2026-01-09T12:16:37.535+0000] {dagbag.py:538} INFO - Filling up the DagBag from /home/airflow/.local/lib/python3.8/site-packages/airflow/example_dags/example_complex.py
[2026-01-09T12:16:37.557+0000] {processor.py:840} INFO - DAG(s) 'example_complex' retrieved from /home/airflow/.local/lib/python3.8/site-packages/airflow/example_dags/example_complex.py
[2026-01-09T12:16:37.616+0000] {logging_mixin.py:188} INFO - [2026-01-09T12:16:37.615+0000] {dag.py:3036} INFO - Sync 1 DAGs
[2026-01-09T12:16:37.643+0000] {logging_mixin.py:188} INFO - [2026-01-09T12:16:37.642+0000] {dag.py:3823} INFO - Setting next_dagrun for example_complex to None, run_after=None
[2026-01-09T12:16:37.690+0000] {processor.py:183} INFO - Processing /home/airflow/.local/lib/python3.8/site-packages/airflow/example_dags/example_complex.py took 0.165 seconds
[2026-01-09T12:17:08.047+0000] {processor.py:161} INFO - Started process (PID=4289) to work on /home/airflow/.local/lib/python3.8/site-packages/airflow/example_dags/example_complex.py
[2026-01-09T12:17:08.049+0000] {processor.py:830} INFO - Processing file /home/airflow/.local/lib/python3.8/site-packages/airflow/example_dags/example_complex.py for tasks to queue
[2026-01-09T12:17:08.050+0000] {logging_mixin.py:188} INFO - [2026-01-09T12:17:08.050+0000] {dagbag.py:538} INFO - Filling up the DagBag from /home/airflow/.local/lib/python3.8/site-packages/airflow/example_dags/example_complex.py
[2026-01-09T12:17:08.068+0000] {processor.py:840} INFO - DAG(s) 'example_complex' retrieved from /home/airflow/.local/lib/python3.8/site-packages/airflow/example_dags/example_complex.py
[2026-01-09T12:17:08.126+0000] {logging_mixin.py:188} INFO - [2026-01-09T12:17:08.125+0000] {dag.py:3036} INFO - Sync 1 DAGs
[2026-01-09T12:17:08.147+0000] {logging_mixin.py:188} INFO - [2026-01-09T12:17:08.147+0000] {dag.py:3823} INFO - Setting next_dagrun for example_complex to None, run_after=None
[2026-01-09T12:17:08.197+0000] {processor.py:183} INFO - Processing /home/airflow/.local/lib/python3.8/site-packages/airflow/example_dags/example_complex.py took 0.155 seconds
[2026-01-09T12:17:38.433+0000] {processor.py:161} INFO - Started process (PID=4536) to work on /home/airflow/.local/lib/python3.8/site-packages/airflow/example_dags/example_complex.py
[2026-01-09T12:17:38.436+0000] {processor.py:830} INFO - Processing file /home/airflow/.local/lib/python3.8/site-packages/airflow/example_dags/example_complex.py for tasks to queue
[2026-01-09T12:17:38.438+0000] {logging_mixin.py:188} INFO - [2026-01-09T12:17:38.437+0000] {dagbag.py:538} INFO - Filling up the DagBag from /home/airflow/.local/lib/python3.8/site-packages/airflow/example_dags/example_complex.py
[2026-01-09T12:17:38.456+0000] {processor.py:840} INFO - DAG(s) 'example_complex' retrieved from /home/airflow/.local/lib/python3.8/site-packages/airflow/example_dags/example_complex.py
[2026-01-09T12:17:38.508+0000] {logging_mixin.py:188} INFO - [2026-01-09T12:17:38.507+0000] {dag.py:3036} INFO - Sync 1 DAGs
[2026-01-09T12:17:38.529+0000] {logging_mixin.py:188} INFO - [2026-01-09T12:17:38.528+0000] {dag.py:3823} INFO - Setting next_dagrun for example_complex to None, run_after=None
[2026-01-09T12:17:38.573+0000] {processor.py:183} INFO - Processing /home/airflow/.local/lib/python3.8/site-packages/airflow/example_dags/example_complex.py took 0.146 seconds
[2026-01-09T12:18:09.531+0000] {processor.py:161} INFO - Started process (PID=4783) to work on /home/airflow/.local/lib/python3.8/site-packages/airflow/example_dags/example_complex.py
[2026-01-09T12:18:09.535+0000] {processor.py:830} INFO - Processing file /home/airflow/.local/lib/python3.8/site-packages/airflow/example_dags/example_complex.py for tasks to queue
[2026-01-09T12:18:09.537+0000] {logging_mixin.py:188} INFO - [2026-01-09T12:18:09.536+0000] {dagbag.py:538} INFO - Filling up the DagBag from /home/airflow/.local/lib/python3.8/site-packages/airflow/example_dags/example_complex.py
[2026-01-09T12:18:09.558+0000] {processor.py:840} INFO - DAG(s) 'example_complex' retrieved from /home/airflow/.local/lib/python3.8/site-packages/airflow/example_dags/example_complex.py
[2026-01-09T12:18:09.626+0000] {logging_mixin.py:188} INFO - [2026-01-09T12:18:09.625+0000] {dag.py:3036} INFO - Sync 1 DAGs
[2026-01-09T12:18:09.648+0000] {logging_mixin.py:188} INFO - [2026-01-09T12:18:09.648+0000] {dag.py:3823} INFO - Setting next_dagrun for example_complex to None, run_after=None
[2026-01-09T12:18:09.697+0000] {processor.py:183} INFO - Processing /home/airflow/.local/lib/python3.8/site-packages/airflow/example_dags/example_complex.py took 0.174 seconds
[2026-01-09T12:18:40.187+0000] {processor.py:161} INFO - Started process (PID=5030) to work on /home/airflow/.local/lib/python3.8/site-packages/airflow/example_dags/example_complex.py
[2026-01-09T12:18:40.190+0000] {processor.py:830} INFO - Processing file /home/airflow/.local/lib/python3.8/site-packages/airflow/example_dags/example_complex.py for tasks to queue
[2026-01-09T12:18:40.195+0000] {logging_mixin.py:188} INFO - [2026-01-09T12:18:40.194+0000] {dagbag.py:538} INFO - Filling up the DagBag from /home/airflow/.local/lib/python3.8/site-packages/airflow/example_dags/example_complex.py
[2026-01-09T12:18:40.219+0000] {processor.py:840} INFO - DAG(s) 'example_complex' retrieved from /home/airflow/.local/lib/python3.8/site-packages/airflow/example_dags/example_complex.py
[2026-01-09T12:18:40.281+0000] {logging_mixin.py:188} INFO - [2026-01-09T12:18:40.281+0000] {dag.py:3036} INFO - Sync 1 DAGs
[2026-01-09T12:18:40.304+0000] {logging_mixin.py:188} INFO - [2026-01-09T12:18:40.303+0000] {dag.py:3823} INFO - Setting next_dagrun for example_complex to None, run_after=None
[2026-01-09T12:18:40.361+0000] {processor.py:183} INFO - Processing /home/airflow/.local/lib/python3.8/site-packages/airflow/example_dags/example_complex.py took 0.180 seconds
[2026-01-09T12:19:10.645+0000] {processor.py:161} INFO - Started process (PID=5277) to work on /home/airflow/.local/lib/python3.8/site-packages/airflow/example_dags/example_complex.py
[2026-01-09T12:19:10.646+0000] {processor.py:830} INFO - Processing file /home/airflow/.local/lib/python3.8/site-packages/airflow/example_dags/example_complex.py for tasks to queue
[2026-01-09T12:19:10.648+0000] {logging_mixin.py:188} INFO - [2026-01-09T12:19:10.647+0000] {dagbag.py:538} INFO - Filling up the DagBag from /home/airflow/.local/lib/python3.8/site-packages/airflow/example_dags/example_complex.py
[2026-01-09T12:19:10.666+0000] {processor.py:840} INFO - DAG(s) 'example_complex' retrieved from /home/airflow/.local/lib/python3.8/site-packages/airflow/example_dags/example_complex.py
[2026-01-09T12:19:10.733+0000] {logging_mixin.py:188} INFO - [2026-01-09T12:19:10.732+0000] {dag.py:3036} INFO - Sync 1 DAGs
[2026-01-09T12:19:10.764+0000] {logging_mixin.py:188} INFO - [2026-01-09T12:19:10.763+0000] {dag.py:3823} INFO - Setting next_dagrun for example_complex to None, run_after=None
[2026-01-09T12:19:10.823+0000] {processor.py:183} INFO - Processing /home/airflow/.local/lib/python3.8/site-packages/airflow/example_dags/example_complex.py took 0.184 seconds
[2026-01-09T12:19:41.655+0000] {processor.py:161} INFO - Started process (PID=5526) to work on /home/airflow/.local/lib/python3.8/site-packages/airflow/example_dags/example_complex.py
[2026-01-09T12:19:41.657+0000] {processor.py:830} INFO - Processing file /home/airflow/.local/lib/python3.8/site-packages/airflow/example_dags/example_complex.py for tasks to queue
[2026-01-09T12:19:41.659+0000] {logging_mixin.py:188} INFO - [2026-01-09T12:19:41.658+0000] {dagbag.py:538} INFO - Filling up the DagBag from /home/airflow/.local/lib/python3.8/site-packages/airflow/example_dags/example_complex.py
[2026-01-09T12:19:41.679+0000] {processor.py:840} INFO - DAG(s) 'example_complex' retrieved from /home/airflow/.local/lib/python3.8/site-packages/airflow/example_dags/example_complex.py
[2026-01-09T12:19:41.747+0000] {logging_mixin.py:188} INFO - [2026-01-09T12:19:41.747+0000] {dag.py:3036} INFO - Sync 1 DAGs
[2026-01-09T12:19:41.769+0000] {logging_mixin.py:188} INFO - [2026-01-09T12:19:41.769+0000] {dag.py:3823} INFO - Setting next_dagrun for example_complex to None, run_after=None
[2026-01-09T12:19:41.826+0000] {processor.py:183} INFO - Processing /home/airflow/.local/lib/python3.8/site-packages/airflow/example_dags/example_complex.py took 0.179 seconds
[2026-01-09T12:20:12.164+0000] {processor.py:161} INFO - Started process (PID=5771) to work on /home/airflow/.local/lib/python3.8/site-packages/airflow/example_dags/example_complex.py
[2026-01-09T12:20:12.167+0000] {processor.py:830} INFO - Processing file /home/airflow/.local/lib/python3.8/site-packages/airflow/example_dags/example_complex.py for tasks to queue
[2026-01-09T12:20:12.169+0000] {logging_mixin.py:188} INFO - [2026-01-09T12:20:12.168+0000] {dagbag.py:538} INFO - Filling up the DagBag from /home/airflow/.local/lib/python3.8/site-packages/airflow/example_dags/example_complex.py
[2026-01-09T12:20:12.190+0000] {processor.py:840} INFO - DAG(s) 'example_complex' retrieved from /home/airflow/.local/lib/python3.8/site-packages/airflow/example_dags/example_complex.py
[2026-01-09T12:20:12.254+0000] {logging_mixin.py:188} INFO - [2026-01-09T12:20:12.253+0000] {dag.py:3036} INFO - Sync 1 DAGs
[2026-01-09T12:20:12.278+0000] {logging_mixin.py:188} INFO - [2026-01-09T12:20:12.278+0000] {dag.py:3823} INFO - Setting next_dagrun for example_complex to None, run_after=None
[2026-01-09T12:20:12.316+0000] {processor.py:183} INFO - Processing /home/airflow/.local/lib/python3.8/site-packages/airflow/example_dags/example_complex.py took 0.159 seconds
[2026-01-09T12:20:43.077+0000] {processor.py:161} INFO - Started process (PID=6018) to work on /home/airflow/.local/lib/python3.8/site-packages/airflow/example_dags/example_complex.py
[2026-01-09T12:20:43.079+0000] {processor.py:830} INFO - Processing file /home/airflow/.local/lib/python3.8/site-packages/airflow/example_dags/example_complex.py for tasks to queue
[2026-01-09T12:20:43.081+0000] {logging_mixin.py:188} INFO - [2026-01-09T12:20:43.080+0000] {dagbag.py:538} INFO - Filling up the DagBag from /home/airflow/.local/lib/python3.8/site-packages/airflow/example_dags/example_complex.py
[2026-01-09T12:20:43.100+0000] {processor.py:840} INFO - DAG(s) 'example_complex' retrieved from /home/airflow/.local/lib/python3.8/site-packages/airflow/example_dags/example_complex.py
[2026-01-09T12:20:43.164+0000] {logging_mixin.py:188} INFO - [2026-01-09T12:20:43.164+0000] {dag.py:3036} INFO - Sync 1 DAGs
[2026-01-09T12:20:43.185+0000] {logging_mixin.py:188} INFO - [2026-01-09T12:20:43.185+0000] {dag.py:3823} INFO - Setting next_dagrun for example_complex to None, run_after=None
[2026-01-09T12:20:43.230+0000] {processor.py:183} INFO - Processing /home/airflow/.local/lib/python3.8/site-packages/airflow/example_dags/example_complex.py took 0.159 seconds
[2026-01-09T12:21:13.409+0000] {processor.py:161} INFO - Started process (PID=6265) to work on /home/airflow/.local/lib/python3.8/site-packages/airflow/example_dags/example_complex.py
[2026-01-09T12:21:13.411+0000] {processor.py:830} INFO - Processing file /home/airflow/.local/lib/python3.8/site-packages/airflow/example_dags/example_complex.py for tasks to queue
[2026-01-09T12:21:13.413+0000] {logging_mixin.py:188} INFO - [2026-01-09T12:21:13.413+0000] {dagbag.py:538} INFO - Filling up the DagBag from /home/airflow/.local/lib/python3.8/site-packages/airflow/example_dags/example_complex.py
[2026-01-09T12:21:13.435+0000] {processor.py:840} INFO - DAG(s) 'example_complex' retrieved from /home/airflow/.local/lib/python3.8/site-packages/airflow/example_dags/example_complex.py
[2026-01-09T12:21:13.511+0000] {logging_mixin.py:188} INFO - [2026-01-09T12:21:13.511+0000] {dag.py:3036} INFO - Sync 1 DAGs
[2026-01-09T12:21:13.536+0000] {logging_mixin.py:188} INFO - [2026-01-09T12:21:13.536+0000] {dag.py:3823} INFO - Setting next_dagrun for example_complex to None, run_after=None
[2026-01-09T12:21:13.596+0000] {processor.py:183} INFO - Processing /home/airflow/.local/lib/python3.8/site-packages/airflow/example_dags/example_complex.py took 0.193 seconds
[2026-01-09T12:21:44.488+0000] {processor.py:161} INFO - Started process (PID=6512) to work on /home/airflow/.local/lib/python3.8/site-packages/airflow/example_dags/example_complex.py
[2026-01-09T12:21:44.491+0000] {processor.py:830} INFO - Processing file /home/airflow/.local/lib/python3.8/site-packages/airflow/example_dags/example_complex.py for tasks to queue
[2026-01-09T12:21:44.494+0000] {logging_mixin.py:188} INFO - [2026-01-09T12:21:44.493+0000] {dagbag.py:538} INFO - Filling up the DagBag from /home/airflow/.local/lib/python3.8/site-packages/airflow/example_dags/example_complex.py
[2026-01-09T12:21:44.519+0000] {processor.py:840} INFO - DAG(s) 'example_complex' retrieved from /home/airflow/.local/lib/python3.8/site-packages/airflow/example_dags/example_complex.py
[2026-01-09T12:21:44.591+0000] {logging_mixin.py:188} INFO - [2026-01-09T12:21:44.590+0000] {dag.py:3036} INFO - Sync 1 DAGs
[2026-01-09T12:21:44.616+0000] {logging_mixin.py:188} INFO - [2026-01-09T12:21:44.616+0000] {dag.py:3823} INFO - Setting next_dagrun for example_complex to None, run_after=None
[2026-01-09T12:21:44.672+0000] {processor.py:183} INFO - Processing /home/airflow/.local/lib/python3.8/site-packages/airflow/example_dags/example_complex.py took 0.195 seconds
[2026-01-09T12:22:15.380+0000] {processor.py:161} INFO - Started process (PID=6760) to work on /home/airflow/.local/lib/python3.8/site-packages/airflow/example_dags/example_complex.py
[2026-01-09T12:22:15.384+0000] {processor.py:830} INFO - Processing file /home/airflow/.local/lib/python3.8/site-packages/airflow/example_dags/example_complex.py for tasks to queue
[2026-01-09T12:22:15.386+0000] {logging_mixin.py:188} INFO - [2026-01-09T12:22:15.386+0000] {dagbag.py:538} INFO - Filling up the DagBag from /home/airflow/.local/lib/python3.8/site-packages/airflow/example_dags/example_complex.py
[2026-01-09T12:22:15.405+0000] {processor.py:840} INFO - DAG(s) 'example_complex' retrieved from /home/airflow/.local/lib/python3.8/site-packages/airflow/example_dags/example_complex.py
[2026-01-09T12:22:15.467+0000] {logging_mixin.py:188} INFO - [2026-01-09T12:22:15.466+0000] {dag.py:3036} INFO - Sync 1 DAGs
[2026-01-09T12:22:15.490+0000] {logging_mixin.py:188} INFO - [2026-01-09T12:22:15.490+0000] {dag.py:3823} INFO - Setting next_dagrun for example_complex to None, run_after=None
[2026-01-09T12:22:15.538+0000] {processor.py:183} INFO - Processing /home/airflow/.local/lib/python3.8/site-packages/airflow/example_dags/example_complex.py took 0.165 seconds
[2026-01-09T12:22:45.801+0000] {processor.py:161} INFO - Started process (PID=7007) to work on /home/airflow/.local/lib/python3.8/site-packages/airflow/example_dags/example_complex.py
[2026-01-09T12:22:45.804+0000] {processor.py:830} INFO - Processing file /home/airflow/.local/lib/python3.8/site-packages/airflow/example_dags/example_complex.py for tasks to queue
[2026-01-09T12:22:45.806+0000] {logging_mixin.py:188} INFO - [2026-01-09T12:22:45.805+0000] {dagbag.py:538} INFO - Filling up the DagBag from /home/airflow/.local/lib/python3.8/site-packages/airflow/example_dags/example_complex.py
[2026-01-09T12:22:45.825+0000] {processor.py:840} INFO - DAG(s) 'example_complex' retrieved from /home/airflow/.local/lib/python3.8/site-packages/airflow/example_dags/example_complex.py
[2026-01-09T12:22:45.891+0000] {logging_mixin.py:188} INFO - [2026-01-09T12:22:45.890+0000] {dag.py:3036} INFO - Sync 1 DAGs
[2026-01-09T12:22:45.916+0000] {logging_mixin.py:188} INFO - [2026-01-09T12:22:45.915+0000] {dag.py:3823} INFO - Setting next_dagrun for example_complex to None, run_after=None
[2026-01-09T12:22:45.966+0000] {processor.py:183} INFO - Processing /home/airflow/.local/lib/python3.8/site-packages/airflow/example_dags/example_complex.py took 0.174 seconds
[2026-01-09T12:23:16.237+0000] {processor.py:161} INFO - Started process (PID=7254) to work on /home/airflow/.local/lib/python3.8/site-packages/airflow/example_dags/example_complex.py
[2026-01-09T12:23:16.240+0000] {processor.py:830} INFO - Processing file /home/airflow/.local/lib/python3.8/site-packages/airflow/example_dags/example_complex.py for tasks to queue
[2026-01-09T12:23:16.242+0000] {logging_mixin.py:188} INFO - [2026-01-09T12:23:16.241+0000] {dagbag.py:538} INFO - Filling up the DagBag from /home/airflow/.local/lib/python3.8/site-packages/airflow/example_dags/example_complex.py
[2026-01-09T12:23:16.264+0000] {processor.py:840} INFO - DAG(s) 'example_complex' retrieved from /home/airflow/.local/lib/python3.8/site-packages/airflow/example_dags/example_complex.py
[2026-01-09T12:23:16.334+0000] {logging_mixin.py:188} INFO - [2026-01-09T12:23:16.334+0000] {dag.py:3036} INFO - Sync 1 DAGs
[2026-01-09T12:23:16.358+0000] {logging_mixin.py:188} INFO - [2026-01-09T12:23:16.357+0000] {dag.py:3823} INFO - Setting next_dagrun for example_complex to None, run_after=None
[2026-01-09T12:23:16.412+0000] {processor.py:183} INFO - Processing /home/airflow/.local/lib/python3.8/site-packages/airflow/example_dags/example_complex.py took 0.183 seconds
[2026-01-09T12:23:46.667+0000] {processor.py:161} INFO - Started process (PID=7503) to work on /home/airflow/.local/lib/python3.8/site-packages/airflow/example_dags/example_complex.py
[2026-01-09T12:23:46.669+0000] {processor.py:830} INFO - Processing file /home/airflow/.local/lib/python3.8/site-packages/airflow/example_dags/example_complex.py for tasks to queue
[2026-01-09T12:23:46.671+0000] {logging_mixin.py:188} INFO - [2026-01-09T12:23:46.671+0000] {dagbag.py:538} INFO - Filling up the DagBag from /home/airflow/.local/lib/python3.8/site-packages/airflow/example_dags/example_complex.py
[2026-01-09T12:23:46.690+0000] {processor.py:840} INFO - DAG(s) 'example_complex' retrieved from /home/airflow/.local/lib/python3.8/site-packages/airflow/example_dags/example_complex.py
[2026-01-09T12:23:46.752+0000] {logging_mixin.py:188} INFO - [2026-01-09T12:23:46.752+0000] {dag.py:3036} INFO - Sync 1 DAGs
[2026-01-09T12:23:46.772+0000] {logging_mixin.py:188} INFO - [2026-01-09T12:23:46.772+0000] {dag.py:3823} INFO - Setting next_dagrun for example_complex to None, run_after=None
[2026-01-09T12:23:46.822+0000] {processor.py:183} INFO - Processing /home/airflow/.local/lib/python3.8/site-packages/airflow/example_dags/example_complex.py took 0.162 seconds
[2026-01-09T12:24:16.986+0000] {processor.py:161} INFO - Started process (PID=7749) to work on /home/airflow/.local/lib/python3.8/site-packages/airflow/example_dags/example_complex.py
[2026-01-09T12:24:16.991+0000] {processor.py:830} INFO - Processing file /home/airflow/.local/lib/python3.8/site-packages/airflow/example_dags/example_complex.py for tasks to queue
[2026-01-09T12:24:16.993+0000] {logging_mixin.py:188} INFO - [2026-01-09T12:24:16.992+0000] {dagbag.py:538} INFO - Filling up the DagBag from /home/airflow/.local/lib/python3.8/site-packages/airflow/example_dags/example_complex.py
[2026-01-09T12:24:17.019+0000] {processor.py:840} INFO - DAG(s) 'example_complex' retrieved from /home/airflow/.local/lib/python3.8/site-packages/airflow/example_dags/example_complex.py
[2026-01-09T12:24:17.086+0000] {logging_mixin.py:188} INFO - [2026-01-09T12:24:17.085+0000] {dag.py:3036} INFO - Sync 1 DAGs
[2026-01-09T12:24:17.111+0000] {logging_mixin.py:188} INFO - [2026-01-09T12:24:17.110+0000] {dag.py:3823} INFO - Setting next_dagrun for example_complex to None, run_after=None
[2026-01-09T12:24:17.163+0000] {processor.py:183} INFO - Processing /home/airflow/.local/lib/python3.8/site-packages/airflow/example_dags/example_complex.py took 0.183 seconds
[2026-01-09T12:24:47.672+0000] {processor.py:161} INFO - Started process (PID=7996) to work on /home/airflow/.local/lib/python3.8/site-packages/airflow/example_dags/example_complex.py
[2026-01-09T12:24:47.674+0000] {processor.py:830} INFO - Processing file /home/airflow/.local/lib/python3.8/site-packages/airflow/example_dags/example_complex.py for tasks to queue
[2026-01-09T12:24:47.676+0000] {logging_mixin.py:188} INFO - [2026-01-09T12:24:47.676+0000] {dagbag.py:538} INFO - Filling up the DagBag from /home/airflow/.local/lib/python3.8/site-packages/airflow/example_dags/example_complex.py
[2026-01-09T12:24:47.702+0000] {processor.py:840} INFO - DAG(s) 'example_complex' retrieved from /home/airflow/.local/lib/python3.8/site-packages/airflow/example_dags/example_complex.py
[2026-01-09T12:24:47.766+0000] {logging_mixin.py:188} INFO - [2026-01-09T12:24:47.765+0000] {dag.py:3036} INFO - Sync 1 DAGs
[2026-01-09T12:24:47.791+0000] {logging_mixin.py:188} INFO - [2026-01-09T12:24:47.791+0000] {dag.py:3823} INFO - Setting next_dagrun for example_complex to None, run_after=None
[2026-01-09T12:24:47.839+0000] {processor.py:183} INFO - Processing /home/airflow/.local/lib/python3.8/site-packages/airflow/example_dags/example_complex.py took 0.176 seconds
[2026-01-09T12:25:18.635+0000] {processor.py:161} INFO - Started process (PID=8243) to work on /home/airflow/.local/lib/python3.8/site-packages/airflow/example_dags/example_complex.py
[2026-01-09T12:25:18.638+0000] {processor.py:830} INFO - Processing file /home/airflow/.local/lib/python3.8/site-packages/airflow/example_dags/example_complex.py for tasks to queue
[2026-01-09T12:25:18.640+0000] {logging_mixin.py:188} INFO - [2026-01-09T12:25:18.639+0000] {dagbag.py:538} INFO - Filling up the DagBag from /home/airflow/.local/lib/python3.8/site-packages/airflow/example_dags/example_complex.py
[2026-01-09T12:25:18.659+0000] {processor.py:840} INFO - DAG(s) 'example_complex' retrieved from /home/airflow/.local/lib/python3.8/site-packages/airflow/example_dags/example_complex.py
[2026-01-09T12:25:18.720+0000] {logging_mixin.py:188} INFO - [2026-01-09T12:25:18.720+0000] {dag.py:3036} INFO - Sync 1 DAGs
[2026-01-09T12:25:18.745+0000] {logging_mixin.py:188} INFO - [2026-01-09T12:25:18.745+0000] {dag.py:3823} INFO - Setting next_dagrun for example_complex to None, run_after=None
[2026-01-09T12:25:18.794+0000] {processor.py:183} INFO - Processing /home/airflow/.local/lib/python3.8/site-packages/airflow/example_dags/example_complex.py took 0.168 seconds
[2026-01-09T12:25:49.183+0000] {processor.py:161} INFO - Started process (PID=8491) to work on /home/airflow/.local/lib/python3.8/site-packages/airflow/example_dags/example_complex.py
[2026-01-09T12:25:49.185+0000] {processor.py:830} INFO - Processing file /home/airflow/.local/lib/python3.8/site-packages/airflow/example_dags/example_complex.py for tasks to queue
[2026-01-09T12:25:49.186+0000] {logging_mixin.py:188} INFO - [2026-01-09T12:25:49.186+0000] {dagbag.py:538} INFO - Filling up the DagBag from /home/airflow/.local/lib/python3.8/site-packages/airflow/example_dags/example_complex.py
[2026-01-09T12:25:49.208+0000] {processor.py:840} INFO - DAG(s) 'example_complex' retrieved from /home/airflow/.local/lib/python3.8/site-packages/airflow/example_dags/example_complex.py
[2026-01-09T12:25:49.267+0000] {logging_mixin.py:188} INFO - [2026-01-09T12:25:49.267+0000] {dag.py:3036} INFO - Sync 1 DAGs
[2026-01-09T12:25:49.290+0000] {logging_mixin.py:188} INFO - [2026-01-09T12:25:49.290+0000] {dag.py:3823} INFO - Setting next_dagrun for example_complex to None, run_after=None
[2026-01-09T12:25:49.352+0000] {processor.py:183} INFO - Processing /home/airflow/.local/lib/python3.8/site-packages/airflow/example_dags/example_complex.py took 0.174 seconds
[2026-01-09T12:26:20.093+0000] {processor.py:161} INFO - Started process (PID=8738) to work on /home/airflow/.local/lib/python3.8/site-packages/airflow/example_dags/example_complex.py
[2026-01-09T12:26:20.095+0000] {processor.py:830} INFO - Processing file /home/airflow/.local/lib/python3.8/site-packages/airflow/example_dags/example_complex.py for tasks to queue
[2026-01-09T12:26:20.096+0000] {logging_mixin.py:188} INFO - [2026-01-09T12:26:20.096+0000] {dagbag.py:538} INFO - Filling up the DagBag from /home/airflow/.local/lib/python3.8/site-packages/airflow/example_dags/example_complex.py
[2026-01-09T12:26:20.115+0000] {processor.py:840} INFO - DAG(s) 'example_complex' retrieved from /home/airflow/.local/lib/python3.8/site-packages/airflow/example_dags/example_complex.py
[2026-01-09T12:26:20.172+0000] {logging_mixin.py:188} INFO - [2026-01-09T12:26:20.172+0000] {dag.py:3036} INFO - Sync 1 DAGs
[2026-01-09T12:26:20.194+0000] {logging_mixin.py:188} INFO - [2026-01-09T12:26:20.194+0000] {dag.py:3823} INFO - Setting next_dagrun for example_complex to None, run_after=None
[2026-01-09T12:26:20.236+0000] {processor.py:183} INFO - Processing /home/airflow/.local/lib/python3.8/site-packages/airflow/example_dags/example_complex.py took 0.149 seconds
[2026-01-09T12:26:50.718+0000] {processor.py:161} INFO - Started process (PID=8985) to work on /home/airflow/.local/lib/python3.8/site-packages/airflow/example_dags/example_complex.py
[2026-01-09T12:26:50.809+0000] {processor.py:830} INFO - Processing file /home/airflow/.local/lib/python3.8/site-packages/airflow/example_dags/example_complex.py for tasks to queue
[2026-01-09T12:26:50.810+0000] {logging_mixin.py:188} INFO - [2026-01-09T12:26:50.810+0000] {dagbag.py:538} INFO - Filling up the DagBag from /home/airflow/.local/lib/python3.8/site-packages/airflow/example_dags/example_complex.py
[2026-01-09T12:26:50.831+0000] {processor.py:840} INFO - DAG(s) 'example_complex' retrieved from /home/airflow/.local/lib/python3.8/site-packages/airflow/example_dags/example_complex.py
[2026-01-09T12:26:50.883+0000] {logging_mixin.py:188} INFO - [2026-01-09T12:26:50.883+0000] {dag.py:3036} INFO - Sync 1 DAGs
[2026-01-09T12:26:50.905+0000] {logging_mixin.py:188} INFO - [2026-01-09T12:26:50.904+0000] {dag.py:3823} INFO - Setting next_dagrun for example_complex to None, run_after=None
[2026-01-09T12:26:50.956+0000] {processor.py:183} INFO - Processing /home/airflow/.local/lib/python3.8/site-packages/airflow/example_dags/example_complex.py took 0.244 seconds
[2026-01-09T12:27:21.122+0000] {processor.py:161} INFO - Started process (PID=9232) to work on /home/airflow/.local/lib/python3.8/site-packages/airflow/example_dags/example_complex.py
[2026-01-09T12:27:21.125+0000] {processor.py:830} INFO - Processing file /home/airflow/.local/lib/python3.8/site-packages/airflow/example_dags/example_complex.py for tasks to queue
[2026-01-09T12:27:21.126+0000] {logging_mixin.py:188} INFO - [2026-01-09T12:27:21.126+0000] {dagbag.py:538} INFO - Filling up the DagBag from /home/airflow/.local/lib/python3.8/site-packages/airflow/example_dags/example_complex.py
[2026-01-09T12:27:21.143+0000] {processor.py:840} INFO - DAG(s) 'example_complex' retrieved from /home/airflow/.local/lib/python3.8/site-packages/airflow/example_dags/example_complex.py
[2026-01-09T12:27:21.209+0000] {logging_mixin.py:188} INFO - [2026-01-09T12:27:21.209+0000] {dag.py:3036} INFO - Sync 1 DAGs
[2026-01-09T12:27:21.245+0000] {logging_mixin.py:188} INFO - [2026-01-09T12:27:21.245+0000] {dag.py:3823} INFO - Setting next_dagrun for example_complex to None, run_after=None
[2026-01-09T12:27:21.302+0000] {processor.py:183} INFO - Processing /home/airflow/.local/lib/python3.8/site-packages/airflow/example_dags/example_complex.py took 0.186 seconds
[2026-01-09T12:27:52.204+0000] {processor.py:161} INFO - Started process (PID=9479) to work on /home/airflow/.local/lib/python3.8/site-packages/airflow/example_dags/example_complex.py
[2026-01-09T12:27:52.206+0000] {processor.py:830} INFO - Processing file /home/airflow/.local/lib/python3.8/site-packages/airflow/example_dags/example_complex.py for tasks to queue
[2026-01-09T12:27:52.207+0000] {logging_mixin.py:188} INFO - [2026-01-09T12:27:52.207+0000] {dagbag.py:538} INFO - Filling up the DagBag from /home/airflow/.local/lib/python3.8/site-packages/airflow/example_dags/example_complex.py
[2026-01-09T12:27:52.227+0000] {processor.py:840} INFO - DAG(s) 'example_complex' retrieved from /home/airflow/.local/lib/python3.8/site-packages/airflow/example_dags/example_complex.py
[2026-01-09T12:27:52.286+0000] {logging_mixin.py:188} INFO - [2026-01-09T12:27:52.285+0000] {dag.py:3036} INFO - Sync 1 DAGs
[2026-01-09T12:27:52.310+0000] {logging_mixin.py:188} INFO - [2026-01-09T12:27:52.310+0000] {dag.py:3823} INFO - Setting next_dagrun for example_complex to None, run_after=None
[2026-01-09T12:27:52.354+0000] {processor.py:183} INFO - Processing /home/airflow/.local/lib/python3.8/site-packages/airflow/example_dags/example_complex.py took 0.157 seconds
[2026-01-09T12:28:23.413+0000] {processor.py:161} INFO - Started process (PID=9732) to work on /home/airflow/.local/lib/python3.8/site-packages/airflow/example_dags/example_complex.py
[2026-01-09T12:28:23.416+0000] {processor.py:830} INFO - Processing file /home/airflow/.local/lib/python3.8/site-packages/airflow/example_dags/example_complex.py for tasks to queue
[2026-01-09T12:28:23.418+0000] {logging_mixin.py:188} INFO - [2026-01-09T12:28:23.417+0000] {dagbag.py:538} INFO - Filling up the DagBag from /home/airflow/.local/lib/python3.8/site-packages/airflow/example_dags/example_complex.py
[2026-01-09T12:28:23.438+0000] {processor.py:840} INFO - DAG(s) 'example_complex' retrieved from /home/airflow/.local/lib/python3.8/site-packages/airflow/example_dags/example_complex.py
[2026-01-09T12:28:23.510+0000] {logging_mixin.py:188} INFO - [2026-01-09T12:28:23.510+0000] {dag.py:3036} INFO - Sync 1 DAGs
[2026-01-09T12:28:23.537+0000] {logging_mixin.py:188} INFO - [2026-01-09T12:28:23.536+0000] {dag.py:3823} INFO - Setting next_dagrun for example_complex to None, run_after=None
[2026-01-09T12:28:23.588+0000] {processor.py:183} INFO - Processing /home/airflow/.local/lib/python3.8/site-packages/airflow/example_dags/example_complex.py took 0.181 seconds
[2026-01-09T12:28:54.095+0000] {processor.py:161} INFO - Started process (PID=9979) to work on /home/airflow/.local/lib/python3.8/site-packages/airflow/example_dags/example_complex.py
[2026-01-09T12:28:54.097+0000] {processor.py:830} INFO - Processing file /home/airflow/.local/lib/python3.8/site-packages/airflow/example_dags/example_complex.py for tasks to queue
[2026-01-09T12:28:54.099+0000] {logging_mixin.py:188} INFO - [2026-01-09T12:28:54.099+0000] {dagbag.py:538} INFO - Filling up the DagBag from /home/airflow/.local/lib/python3.8/site-packages/airflow/example_dags/example_complex.py
[2026-01-09T12:28:54.124+0000] {processor.py:840} INFO - DAG(s) 'example_complex' retrieved from /home/airflow/.local/lib/python3.8/site-packages/airflow/example_dags/example_complex.py
[2026-01-09T12:28:54.186+0000] {logging_mixin.py:188} INFO - [2026-01-09T12:28:54.186+0000] {dag.py:3036} INFO - Sync 1 DAGs
[2026-01-09T12:28:54.217+0000] {logging_mixin.py:188} INFO - [2026-01-09T12:28:54.216+0000] {dag.py:3823} INFO - Setting next_dagrun for example_complex to None, run_after=None
[2026-01-09T12:28:54.279+0000] {processor.py:183} INFO - Processing /home/airflow/.local/lib/python3.8/site-packages/airflow/example_dags/example_complex.py took 0.193 seconds
[2026-01-09T12:29:24.384+0000] {processor.py:161} INFO - Started process (PID=10223) to work on /home/airflow/.local/lib/python3.8/site-packages/airflow/example_dags/example_complex.py
[2026-01-09T12:29:24.387+0000] {processor.py:830} INFO - Processing file /home/airflow/.local/lib/python3.8/site-packages/airflow/example_dags/example_complex.py for tasks to queue
[2026-01-09T12:29:24.389+0000] {logging_mixin.py:188} INFO - [2026-01-09T12:29:24.388+0000] {dagbag.py:538} INFO - Filling up the DagBag from /home/airflow/.local/lib/python3.8/site-packages/airflow/example_dags/example_complex.py
[2026-01-09T12:29:24.407+0000] {processor.py:840} INFO - DAG(s) 'example_complex' retrieved from /home/airflow/.local/lib/python3.8/site-packages/airflow/example_dags/example_complex.py
[2026-01-09T12:29:24.475+0000] {logging_mixin.py:188} INFO - [2026-01-09T12:29:24.475+0000] {dag.py:3036} INFO - Sync 1 DAGs
[2026-01-09T12:29:24.499+0000] {logging_mixin.py:188} INFO - [2026-01-09T12:29:24.499+0000] {dag.py:3823} INFO - Setting next_dagrun for example_complex to None, run_after=None
[2026-01-09T12:29:24.562+0000] {processor.py:183} INFO - Processing /home/airflow/.local/lib/python3.8/site-packages/airflow/example_dags/example_complex.py took 0.186 seconds
[2026-01-09T12:29:55.027+0000] {processor.py:161} INFO - Started process (PID=10465) to work on /home/airflow/.local/lib/python3.8/site-packages/airflow/example_dags/example_complex.py
[2026-01-09T12:29:55.030+0000] {processor.py:830} INFO - Processing file /home/airflow/.local/lib/python3.8/site-packages/airflow/example_dags/example_complex.py for tasks to queue
[2026-01-09T12:29:55.032+0000] {logging_mixin.py:188} INFO - [2026-01-09T12:29:55.031+0000] {dagbag.py:538} INFO - Filling up the DagBag from /home/airflow/.local/lib/python3.8/site-packages/airflow/example_dags/example_complex.py
[2026-01-09T12:29:55.060+0000] {processor.py:840} INFO - DAG(s) 'example_complex' retrieved from /home/airflow/.local/lib/python3.8/site-packages/airflow/example_dags/example_complex.py
[2026-01-09T12:29:55.126+0000] {logging_mixin.py:188} INFO - [2026-01-09T12:29:55.125+0000] {dag.py:3036} INFO - Sync 1 DAGs
[2026-01-09T12:29:55.169+0000] {logging_mixin.py:188} INFO - [2026-01-09T12:29:55.168+0000] {dag.py:3823} INFO - Setting next_dagrun for example_complex to None, run_after=None
[2026-01-09T12:29:55.238+0000] {processor.py:183} INFO - Processing /home/airflow/.local/lib/python3.8/site-packages/airflow/example_dags/example_complex.py took 0.219 seconds
[2026-01-09T12:30:25.563+0000] {processor.py:161} INFO - Started process (PID=10712) to work on /home/airflow/.local/lib/python3.8/site-packages/airflow/example_dags/example_complex.py
[2026-01-09T12:30:25.568+0000] {processor.py:830} INFO - Processing file /home/airflow/.local/lib/python3.8/site-packages/airflow/example_dags/example_complex.py for tasks to queue
[2026-01-09T12:30:25.570+0000] {logging_mixin.py:188} INFO - [2026-01-09T12:30:25.569+0000] {dagbag.py:538} INFO - Filling up the DagBag from /home/airflow/.local/lib/python3.8/site-packages/airflow/example_dags/example_complex.py
[2026-01-09T12:30:25.593+0000] {processor.py:840} INFO - DAG(s) 'example_complex' retrieved from /home/airflow/.local/lib/python3.8/site-packages/airflow/example_dags/example_complex.py
[2026-01-09T12:30:25.664+0000] {logging_mixin.py:188} INFO - [2026-01-09T12:30:25.664+0000] {dag.py:3036} INFO - Sync 1 DAGs
[2026-01-09T12:30:25.689+0000] {logging_mixin.py:188} INFO - [2026-01-09T12:30:25.688+0000] {dag.py:3823} INFO - Setting next_dagrun for example_complex to None, run_after=None
[2026-01-09T12:30:25.733+0000] {processor.py:183} INFO - Processing /home/airflow/.local/lib/python3.8/site-packages/airflow/example_dags/example_complex.py took 0.177 seconds
[2026-01-09T12:30:56.572+0000] {processor.py:161} INFO - Started process (PID=10959) to work on /home/airflow/.local/lib/python3.8/site-packages/airflow/example_dags/example_complex.py
[2026-01-09T12:30:56.577+0000] {processor.py:830} INFO - Processing file /home/airflow/.local/lib/python3.8/site-packages/airflow/example_dags/example_complex.py for tasks to queue
[2026-01-09T12:30:56.578+0000] {logging_mixin.py:188} INFO - [2026-01-09T12:30:56.578+0000] {dagbag.py:538} INFO - Filling up the DagBag from /home/airflow/.local/lib/python3.8/site-packages/airflow/example_dags/example_complex.py
[2026-01-09T12:30:56.598+0000] {processor.py:840} INFO - DAG(s) 'example_complex' retrieved from /home/airflow/.local/lib/python3.8/site-packages/airflow/example_dags/example_complex.py
[2026-01-09T12:30:56.653+0000] {logging_mixin.py:188} INFO - [2026-01-09T12:30:56.653+0000] {dag.py:3036} INFO - Sync 1 DAGs
[2026-01-09T12:30:56.674+0000] {logging_mixin.py:188} INFO - [2026-01-09T12:30:56.673+0000] {dag.py:3823} INFO - Setting next_dagrun for example_complex to None, run_after=None
[2026-01-09T12:30:56.714+0000] {processor.py:183} INFO - Processing /home/airflow/.local/lib/python3.8/site-packages/airflow/example_dags/example_complex.py took 0.149 seconds
[2026-01-09T12:31:27.386+0000] {processor.py:161} INFO - Started process (PID=11205) to work on /home/airflow/.local/lib/python3.8/site-packages/airflow/example_dags/example_complex.py
[2026-01-09T12:31:27.388+0000] {processor.py:830} INFO - Processing file /home/airflow/.local/lib/python3.8/site-packages/airflow/example_dags/example_complex.py for tasks to queue
[2026-01-09T12:31:27.389+0000] {logging_mixin.py:188} INFO - [2026-01-09T12:31:27.389+0000] {dagbag.py:538} INFO - Filling up the DagBag from /home/airflow/.local/lib/python3.8/site-packages/airflow/example_dags/example_complex.py
[2026-01-09T12:31:27.409+0000] {processor.py:840} INFO - DAG(s) 'example_complex' retrieved from /home/airflow/.local/lib/python3.8/site-packages/airflow/example_dags/example_complex.py
[2026-01-09T12:31:27.458+0000] {logging_mixin.py:188} INFO - [2026-01-09T12:31:27.458+0000] {dag.py:3036} INFO - Sync 1 DAGs
[2026-01-09T12:31:27.476+0000] {logging_mixin.py:188} INFO - [2026-01-09T12:31:27.475+0000] {dag.py:3823} INFO - Setting next_dagrun for example_complex to None, run_after=None
[2026-01-09T12:31:27.512+0000] {processor.py:183} INFO - Processing /home/airflow/.local/lib/python3.8/site-packages/airflow/example_dags/example_complex.py took 0.132 seconds
[2026-01-09T12:31:57.952+0000] {processor.py:161} INFO - Started process (PID=11452) to work on /home/airflow/.local/lib/python3.8/site-packages/airflow/example_dags/example_complex.py
[2026-01-09T12:31:57.957+0000] {processor.py:830} INFO - Processing file /home/airflow/.local/lib/python3.8/site-packages/airflow/example_dags/example_complex.py for tasks to queue
[2026-01-09T12:31:57.959+0000] {logging_mixin.py:188} INFO - [2026-01-09T12:31:57.958+0000] {dagbag.py:538} INFO - Filling up the DagBag from /home/airflow/.local/lib/python3.8/site-packages/airflow/example_dags/example_complex.py
[2026-01-09T12:31:57.979+0000] {processor.py:840} INFO - DAG(s) 'example_complex' retrieved from /home/airflow/.local/lib/python3.8/site-packages/airflow/example_dags/example_complex.py
[2026-01-09T12:31:58.033+0000] {logging_mixin.py:188} INFO - [2026-01-09T12:31:58.032+0000] {dag.py:3036} INFO - Sync 1 DAGs
[2026-01-09T12:31:58.050+0000] {logging_mixin.py:188} INFO - [2026-01-09T12:31:58.050+0000] {dag.py:3823} INFO - Setting next_dagrun for example_complex to None, run_after=None
[2026-01-09T12:31:58.089+0000] {processor.py:183} INFO - Processing /home/airflow/.local/lib/python3.8/site-packages/airflow/example_dags/example_complex.py took 0.144 seconds
[2026-01-09T12:32:28.269+0000] {processor.py:161} INFO - Started process (PID=11699) to work on /home/airflow/.local/lib/python3.8/site-packages/airflow/example_dags/example_complex.py
[2026-01-09T12:32:28.271+0000] {processor.py:830} INFO - Processing file /home/airflow/.local/lib/python3.8/site-packages/airflow/example_dags/example_complex.py for tasks to queue
[2026-01-09T12:32:28.272+0000] {logging_mixin.py:188} INFO - [2026-01-09T12:32:28.272+0000] {dagbag.py:538} INFO - Filling up the DagBag from /home/airflow/.local/lib/python3.8/site-packages/airflow/example_dags/example_complex.py
[2026-01-09T12:32:28.294+0000] {processor.py:840} INFO - DAG(s) 'example_complex' retrieved from /home/airflow/.local/lib/python3.8/site-packages/airflow/example_dags/example_complex.py
[2026-01-09T12:32:28.357+0000] {logging_mixin.py:188} INFO - [2026-01-09T12:32:28.357+0000] {dag.py:3036} INFO - Sync 1 DAGs
[2026-01-09T12:32:28.379+0000] {logging_mixin.py:188} INFO - [2026-01-09T12:32:28.378+0000] {dag.py:3823} INFO - Setting next_dagrun for example_complex to None, run_after=None
[2026-01-09T12:32:28.426+0000] {processor.py:183} INFO - Processing /home/airflow/.local/lib/python3.8/site-packages/airflow/example_dags/example_complex.py took 0.164 seconds
[2026-01-09T12:32:58.620+0000] {processor.py:161} INFO - Started process (PID=11944) to work on /home/airflow/.local/lib/python3.8/site-packages/airflow/example_dags/example_complex.py
[2026-01-09T12:32:58.622+0000] {processor.py:830} INFO - Processing file /home/airflow/.local/lib/python3.8/site-packages/airflow/example_dags/example_complex.py for tasks to queue
[2026-01-09T12:32:58.623+0000] {logging_mixin.py:188} INFO - [2026-01-09T12:32:58.623+0000] {dagbag.py:538} INFO - Filling up the DagBag from /home/airflow/.local/lib/python3.8/site-packages/airflow/example_dags/example_complex.py
[2026-01-09T12:32:58.653+0000] {processor.py:840} INFO - DAG(s) 'example_complex' retrieved from /home/airflow/.local/lib/python3.8/site-packages/airflow/example_dags/example_complex.py
[2026-01-09T12:32:58.716+0000] {logging_mixin.py:188} INFO - [2026-01-09T12:32:58.715+0000] {dag.py:3036} INFO - Sync 1 DAGs
[2026-01-09T12:32:58.740+0000] {logging_mixin.py:188} INFO - [2026-01-09T12:32:58.740+0000] {dag.py:3823} INFO - Setting next_dagrun for example_complex to None, run_after=None
[2026-01-09T12:32:58.793+0000] {processor.py:183} INFO - Processing /home/airflow/.local/lib/python3.8/site-packages/airflow/example_dags/example_complex.py took 0.179 seconds
[2026-01-09T12:33:29.186+0000] {processor.py:161} INFO - Started process (PID=12191) to work on /home/airflow/.local/lib/python3.8/site-packages/airflow/example_dags/example_complex.py
[2026-01-09T12:33:29.189+0000] {processor.py:830} INFO - Processing file /home/airflow/.local/lib/python3.8/site-packages/airflow/example_dags/example_complex.py for tasks to queue
[2026-01-09T12:33:29.192+0000] {logging_mixin.py:188} INFO - [2026-01-09T12:33:29.191+0000] {dagbag.py:538} INFO - Filling up the DagBag from /home/airflow/.local/lib/python3.8/site-packages/airflow/example_dags/example_complex.py
[2026-01-09T12:33:29.221+0000] {processor.py:840} INFO - DAG(s) 'example_complex' retrieved from /home/airflow/.local/lib/python3.8/site-packages/airflow/example_dags/example_complex.py
[2026-01-09T12:33:29.283+0000] {logging_mixin.py:188} INFO - [2026-01-09T12:33:29.283+0000] {dag.py:3036} INFO - Sync 1 DAGs
[2026-01-09T12:33:29.305+0000] {logging_mixin.py:188} INFO - [2026-01-09T12:33:29.305+0000] {dag.py:3823} INFO - Setting next_dagrun for example_complex to None, run_after=None
[2026-01-09T12:33:29.359+0000] {processor.py:183} INFO - Processing /home/airflow/.local/lib/python3.8/site-packages/airflow/example_dags/example_complex.py took 0.181 seconds
[2026-01-09T12:34:00.106+0000] {processor.py:161} INFO - Started process (PID=12438) to work on /home/airflow/.local/lib/python3.8/site-packages/airflow/example_dags/example_complex.py
[2026-01-09T12:34:00.108+0000] {processor.py:830} INFO - Processing file /home/airflow/.local/lib/python3.8/site-packages/airflow/example_dags/example_complex.py for tasks to queue
[2026-01-09T12:34:00.125+0000] {logging_mixin.py:188} INFO - [2026-01-09T12:34:00.123+0000] {dagbag.py:538} INFO - Filling up the DagBag from /home/airflow/.local/lib/python3.8/site-packages/airflow/example_dags/example_complex.py
[2026-01-09T12:34:00.160+0000] {processor.py:840} INFO - DAG(s) 'example_complex' retrieved from /home/airflow/.local/lib/python3.8/site-packages/airflow/example_dags/example_complex.py
[2026-01-09T12:34:00.233+0000] {logging_mixin.py:188} INFO - [2026-01-09T12:34:00.233+0000] {dag.py:3036} INFO - Sync 1 DAGs
[2026-01-09T12:34:00.254+0000] {logging_mixin.py:188} INFO - [2026-01-09T12:34:00.253+0000] {dag.py:3823} INFO - Setting next_dagrun for example_complex to None, run_after=None
[2026-01-09T12:34:00.291+0000] {processor.py:183} INFO - Processing /home/airflow/.local/lib/python3.8/site-packages/airflow/example_dags/example_complex.py took 0.217 seconds
[2026-01-09T12:34:30.708+0000] {processor.py:161} INFO - Started process (PID=12685) to work on /home/airflow/.local/lib/python3.8/site-packages/airflow/example_dags/example_complex.py
[2026-01-09T12:34:30.710+0000] {processor.py:830} INFO - Processing file /home/airflow/.local/lib/python3.8/site-packages/airflow/example_dags/example_complex.py for tasks to queue
[2026-01-09T12:34:30.712+0000] {logging_mixin.py:188} INFO - [2026-01-09T12:34:30.711+0000] {dagbag.py:538} INFO - Filling up the DagBag from /home/airflow/.local/lib/python3.8/site-packages/airflow/example_dags/example_complex.py
[2026-01-09T12:34:30.730+0000] {processor.py:840} INFO - DAG(s) 'example_complex' retrieved from /home/airflow/.local/lib/python3.8/site-packages/airflow/example_dags/example_complex.py
[2026-01-09T12:34:30.800+0000] {logging_mixin.py:188} INFO - [2026-01-09T12:34:30.799+0000] {dag.py:3036} INFO - Sync 1 DAGs
[2026-01-09T12:34:30.826+0000] {logging_mixin.py:188} INFO - [2026-01-09T12:34:30.825+0000] {dag.py:3823} INFO - Setting next_dagrun for example_complex to None, run_after=None
[2026-01-09T12:34:30.878+0000] {processor.py:183} INFO - Processing /home/airflow/.local/lib/python3.8/site-packages/airflow/example_dags/example_complex.py took 0.177 seconds
[2026-01-09T12:35:01.226+0000] {processor.py:161} INFO - Started process (PID=12932) to work on /home/airflow/.local/lib/python3.8/site-packages/airflow/example_dags/example_complex.py
[2026-01-09T12:35:01.227+0000] {processor.py:830} INFO - Processing file /home/airflow/.local/lib/python3.8/site-packages/airflow/example_dags/example_complex.py for tasks to queue
[2026-01-09T12:35:01.229+0000] {logging_mixin.py:188} INFO - [2026-01-09T12:35:01.228+0000] {dagbag.py:538} INFO - Filling up the DagBag from /home/airflow/.local/lib/python3.8/site-packages/airflow/example_dags/example_complex.py
[2026-01-09T12:35:01.246+0000] {processor.py:840} INFO - DAG(s) 'example_complex' retrieved from /home/airflow/.local/lib/python3.8/site-packages/airflow/example_dags/example_complex.py
[2026-01-09T12:35:01.302+0000] {logging_mixin.py:188} INFO - [2026-01-09T12:35:01.302+0000] {dag.py:3036} INFO - Sync 1 DAGs
[2026-01-09T12:35:01.323+0000] {logging_mixin.py:188} INFO - [2026-01-09T12:35:01.322+0000] {dag.py:3823} INFO - Setting next_dagrun for example_complex to None, run_after=None
[2026-01-09T12:35:01.366+0000] {processor.py:183} INFO - Processing /home/airflow/.local/lib/python3.8/site-packages/airflow/example_dags/example_complex.py took 0.146 seconds
[2026-01-09T12:35:31.714+0000] {processor.py:161} INFO - Started process (PID=13179) to work on /home/airflow/.local/lib/python3.8/site-packages/airflow/example_dags/example_complex.py
[2026-01-09T12:35:31.716+0000] {processor.py:830} INFO - Processing file /home/airflow/.local/lib/python3.8/site-packages/airflow/example_dags/example_complex.py for tasks to queue
[2026-01-09T12:35:31.718+0000] {logging_mixin.py:188} INFO - [2026-01-09T12:35:31.718+0000] {dagbag.py:538} INFO - Filling up the DagBag from /home/airflow/.local/lib/python3.8/site-packages/airflow/example_dags/example_complex.py
[2026-01-09T12:35:31.734+0000] {processor.py:840} INFO - DAG(s) 'example_complex' retrieved from /home/airflow/.local/lib/python3.8/site-packages/airflow/example_dags/example_complex.py
[2026-01-09T12:35:31.793+0000] {logging_mixin.py:188} INFO - [2026-01-09T12:35:31.792+0000] {dag.py:3036} INFO - Sync 1 DAGs
[2026-01-09T12:35:31.815+0000] {logging_mixin.py:188} INFO - [2026-01-09T12:35:31.815+0000] {dag.py:3823} INFO - Setting next_dagrun for example_complex to None, run_after=None
[2026-01-09T12:35:31.852+0000] {processor.py:183} INFO - Processing /home/airflow/.local/lib/python3.8/site-packages/airflow/example_dags/example_complex.py took 0.144 seconds
[2026-01-09T12:36:02.777+0000] {processor.py:161} INFO - Started process (PID=13426) to work on /home/airflow/.local/lib/python3.8/site-packages/airflow/example_dags/example_complex.py
[2026-01-09T12:36:02.779+0000] {processor.py:830} INFO - Processing file /home/airflow/.local/lib/python3.8/site-packages/airflow/example_dags/example_complex.py for tasks to queue
[2026-01-09T12:36:02.781+0000] {logging_mixin.py:188} INFO - [2026-01-09T12:36:02.781+0000] {dagbag.py:538} INFO - Filling up the DagBag from /home/airflow/.local/lib/python3.8/site-packages/airflow/example_dags/example_complex.py
[2026-01-09T12:36:02.802+0000] {processor.py:840} INFO - DAG(s) 'example_complex' retrieved from /home/airflow/.local/lib/python3.8/site-packages/airflow/example_dags/example_complex.py
[2026-01-09T12:36:02.873+0000] {logging_mixin.py:188} INFO - [2026-01-09T12:36:02.872+0000] {dag.py:3036} INFO - Sync 1 DAGs
[2026-01-09T12:36:02.902+0000] {logging_mixin.py:188} INFO - [2026-01-09T12:36:02.902+0000] {dag.py:3823} INFO - Setting next_dagrun for example_complex to None, run_after=None
[2026-01-09T12:36:02.956+0000] {processor.py:183} INFO - Processing /home/airflow/.local/lib/python3.8/site-packages/airflow/example_dags/example_complex.py took 0.187 seconds
[2026-01-09T12:36:33.180+0000] {processor.py:161} INFO - Started process (PID=13673) to work on /home/airflow/.local/lib/python3.8/site-packages/airflow/example_dags/example_complex.py
[2026-01-09T12:36:33.183+0000] {processor.py:830} INFO - Processing file /home/airflow/.local/lib/python3.8/site-packages/airflow/example_dags/example_complex.py for tasks to queue
[2026-01-09T12:36:33.184+0000] {logging_mixin.py:188} INFO - [2026-01-09T12:36:33.184+0000] {dagbag.py:538} INFO - Filling up the DagBag from /home/airflow/.local/lib/python3.8/site-packages/airflow/example_dags/example_complex.py
[2026-01-09T12:36:33.203+0000] {processor.py:840} INFO - DAG(s) 'example_complex' retrieved from /home/airflow/.local/lib/python3.8/site-packages/airflow/example_dags/example_complex.py
[2026-01-09T12:36:33.259+0000] {logging_mixin.py:188} INFO - [2026-01-09T12:36:33.259+0000] {dag.py:3036} INFO - Sync 1 DAGs
[2026-01-09T12:36:33.280+0000] {logging_mixin.py:188} INFO - [2026-01-09T12:36:33.279+0000] {dag.py:3823} INFO - Setting next_dagrun for example_complex to None, run_after=None
[2026-01-09T12:36:33.333+0000] {processor.py:183} INFO - Processing /home/airflow/.local/lib/python3.8/site-packages/airflow/example_dags/example_complex.py took 0.159 seconds
[2026-01-09T12:37:03.984+0000] {processor.py:161} INFO - Started process (PID=13922) to work on /home/airflow/.local/lib/python3.8/site-packages/airflow/example_dags/example_complex.py
[2026-01-09T12:37:03.985+0000] {processor.py:830} INFO - Processing file /home/airflow/.local/lib/python3.8/site-packages/airflow/example_dags/example_complex.py for tasks to queue
[2026-01-09T12:37:03.987+0000] {logging_mixin.py:188} INFO - [2026-01-09T12:37:03.986+0000] {dagbag.py:538} INFO - Filling up the DagBag from /home/airflow/.local/lib/python3.8/site-packages/airflow/example_dags/example_complex.py
[2026-01-09T12:37:04.008+0000] {processor.py:840} INFO - DAG(s) 'example_complex' retrieved from /home/airflow/.local/lib/python3.8/site-packages/airflow/example_dags/example_complex.py
[2026-01-09T12:37:04.064+0000] {logging_mixin.py:188} INFO - [2026-01-09T12:37:04.063+0000] {dag.py:3036} INFO - Sync 1 DAGs
[2026-01-09T12:37:04.087+0000] {logging_mixin.py:188} INFO - [2026-01-09T12:37:04.087+0000] {dag.py:3823} INFO - Setting next_dagrun for example_complex to None, run_after=None
[2026-01-09T12:37:04.137+0000] {processor.py:183} INFO - Processing /home/airflow/.local/lib/python3.8/site-packages/airflow/example_dags/example_complex.py took 0.163 seconds
[2026-01-09T12:37:34.779+0000] {processor.py:161} INFO - Started process (PID=14167) to work on /home/airflow/.local/lib/python3.8/site-packages/airflow/example_dags/example_complex.py
[2026-01-09T12:37:34.781+0000] {processor.py:830} INFO - Processing file /home/airflow/.local/lib/python3.8/site-packages/airflow/example_dags/example_complex.py for tasks to queue
[2026-01-09T12:37:34.782+0000] {logging_mixin.py:188} INFO - [2026-01-09T12:37:34.781+0000] {dagbag.py:538} INFO - Filling up the DagBag from /home/airflow/.local/lib/python3.8/site-packages/airflow/example_dags/example_complex.py
[2026-01-09T12:37:34.800+0000] {processor.py:840} INFO - DAG(s) 'example_complex' retrieved from /home/airflow/.local/lib/python3.8/site-packages/airflow/example_dags/example_complex.py
[2026-01-09T12:37:34.858+0000] {logging_mixin.py:188} INFO - [2026-01-09T12:37:34.858+0000] {dag.py:3036} INFO - Sync 1 DAGs
[2026-01-09T12:37:34.882+0000] {logging_mixin.py:188} INFO - [2026-01-09T12:37:34.882+0000] {dag.py:3823} INFO - Setting next_dagrun for example_complex to None, run_after=None
[2026-01-09T12:37:34.925+0000] {processor.py:183} INFO - Processing /home/airflow/.local/lib/python3.8/site-packages/airflow/example_dags/example_complex.py took 0.152 seconds
[2026-01-09T12:38:06.346+0000] {processor.py:161} INFO - Started process (PID=14416) to work on /home/airflow/.local/lib/python3.8/site-packages/airflow/example_dags/example_complex.py
[2026-01-09T12:38:06.348+0000] {processor.py:830} INFO - Processing file /home/airflow/.local/lib/python3.8/site-packages/airflow/example_dags/example_complex.py for tasks to queue
[2026-01-09T12:38:06.350+0000] {logging_mixin.py:188} INFO - [2026-01-09T12:38:06.349+0000] {dagbag.py:538} INFO - Filling up the DagBag from /home/airflow/.local/lib/python3.8/site-packages/airflow/example_dags/example_complex.py
[2026-01-09T12:38:06.370+0000] {processor.py:840} INFO - DAG(s) 'example_complex' retrieved from /home/airflow/.local/lib/python3.8/site-packages/airflow/example_dags/example_complex.py
[2026-01-09T12:38:06.428+0000] {logging_mixin.py:188} INFO - [2026-01-09T12:38:06.427+0000] {dag.py:3036} INFO - Sync 1 DAGs
[2026-01-09T12:38:06.454+0000] {logging_mixin.py:188} INFO - [2026-01-09T12:38:06.453+0000] {dag.py:3823} INFO - Setting next_dagrun for example_complex to None, run_after=None
[2026-01-09T12:38:06.504+0000] {processor.py:183} INFO - Processing /home/airflow/.local/lib/python3.8/site-packages/airflow/example_dags/example_complex.py took 0.165 seconds
[2026-01-09T12:38:36.796+0000] {processor.py:161} INFO - Started process (PID=14663) to work on /home/airflow/.local/lib/python3.8/site-packages/airflow/example_dags/example_complex.py
[2026-01-09T12:38:36.798+0000] {processor.py:830} INFO - Processing file /home/airflow/.local/lib/python3.8/site-packages/airflow/example_dags/example_complex.py for tasks to queue
[2026-01-09T12:38:36.800+0000] {logging_mixin.py:188} INFO - [2026-01-09T12:38:36.799+0000] {dagbag.py:538} INFO - Filling up the DagBag from /home/airflow/.local/lib/python3.8/site-packages/airflow/example_dags/example_complex.py
[2026-01-09T12:38:36.817+0000] {processor.py:840} INFO - DAG(s) 'example_complex' retrieved from /home/airflow/.local/lib/python3.8/site-packages/airflow/example_dags/example_complex.py
[2026-01-09T12:38:36.878+0000] {logging_mixin.py:188} INFO - [2026-01-09T12:38:36.877+0000] {dag.py:3036} INFO - Sync 1 DAGs
[2026-01-09T12:38:36.898+0000] {logging_mixin.py:188} INFO - [2026-01-09T12:38:36.898+0000] {dag.py:3823} INFO - Setting next_dagrun for example_complex to None, run_after=None
[2026-01-09T12:38:36.939+0000] {processor.py:183} INFO - Processing /home/airflow/.local/lib/python3.8/site-packages/airflow/example_dags/example_complex.py took 0.152 seconds
[2026-01-09T12:39:07.610+0000] {processor.py:161} INFO - Started process (PID=14910) to work on /home/airflow/.local/lib/python3.8/site-packages/airflow/example_dags/example_complex.py
[2026-01-09T12:39:07.612+0000] {processor.py:830} INFO - Processing file /home/airflow/.local/lib/python3.8/site-packages/airflow/example_dags/example_complex.py for tasks to queue
[2026-01-09T12:39:07.613+0000] {logging_mixin.py:188} INFO - [2026-01-09T12:39:07.613+0000] {dagbag.py:538} INFO - Filling up the DagBag from /home/airflow/.local/lib/python3.8/site-packages/airflow/example_dags/example_complex.py
[2026-01-09T12:39:07.628+0000] {processor.py:840} INFO - DAG(s) 'example_complex' retrieved from /home/airflow/.local/lib/python3.8/site-packages/airflow/example_dags/example_complex.py
[2026-01-09T12:39:07.682+0000] {logging_mixin.py:188} INFO - [2026-01-09T12:39:07.682+0000] {dag.py:3036} INFO - Sync 1 DAGs
[2026-01-09T12:39:07.707+0000] {logging_mixin.py:188} INFO - [2026-01-09T12:39:07.707+0000] {dag.py:3823} INFO - Setting next_dagrun for example_complex to None, run_after=None
[2026-01-09T12:39:07.749+0000] {processor.py:183} INFO - Processing /home/airflow/.local/lib/python3.8/site-packages/airflow/example_dags/example_complex.py took 0.144 seconds
[2026-01-09T12:39:38.558+0000] {processor.py:161} INFO - Started process (PID=15157) to work on /home/airflow/.local/lib/python3.8/site-packages/airflow/example_dags/example_complex.py
[2026-01-09T12:39:38.562+0000] {processor.py:830} INFO - Processing file /home/airflow/.local/lib/python3.8/site-packages/airflow/example_dags/example_complex.py for tasks to queue
[2026-01-09T12:39:38.565+0000] {logging_mixin.py:188} INFO - [2026-01-09T12:39:38.564+0000] {dagbag.py:538} INFO - Filling up the DagBag from /home/airflow/.local/lib/python3.8/site-packages/airflow/example_dags/example_complex.py
[2026-01-09T12:39:38.591+0000] {processor.py:840} INFO - DAG(s) 'example_complex' retrieved from /home/airflow/.local/lib/python3.8/site-packages/airflow/example_dags/example_complex.py
[2026-01-09T12:39:38.656+0000] {logging_mixin.py:188} INFO - [2026-01-09T12:39:38.655+0000] {dag.py:3036} INFO - Sync 1 DAGs
[2026-01-09T12:39:38.682+0000] {logging_mixin.py:188} INFO - [2026-01-09T12:39:38.682+0000] {dag.py:3823} INFO - Setting next_dagrun for example_complex to None, run_after=None
[2026-01-09T12:39:38.932+0000] {processor.py:183} INFO - Processing /home/airflow/.local/lib/python3.8/site-packages/airflow/example_dags/example_complex.py took 0.380 seconds
