[2026-01-09T12:08:52.454+0000] {processor.py:161} INFO - Started process (PID=213) to work on /home/airflow/.local/lib/python3.8/site-packages/airflow/example_dags/example_branch_day_of_week_operator.py
[2026-01-09T12:08:52.456+0000] {processor.py:830} INFO - Processing file /home/airflow/.local/lib/python3.8/site-packages/airflow/example_dags/example_branch_day_of_week_operator.py for tasks to queue
[2026-01-09T12:08:52.458+0000] {logging_mixin.py:188} INFO - [2026-01-09T12:08:52.457+0000] {dagbag.py:538} INFO - Filling up the DagBag from /home/airflow/.local/lib/python3.8/site-packages/airflow/example_dags/example_branch_day_of_week_operator.py
[2026-01-09T12:08:52.486+0000] {processor.py:840} INFO - DAG(s) 'example_weekday_branch_operator' retrieved from /home/airflow/.local/lib/python3.8/site-packages/airflow/example_dags/example_branch_day_of_week_operator.py
[2026-01-09T12:08:52.698+0000] {logging_mixin.py:188} INFO - [2026-01-09T12:08:52.697+0000] {dag.py:3036} INFO - Sync 1 DAGs
[2026-01-09T12:08:52.731+0000] {logging_mixin.py:188} INFO - [2026-01-09T12:08:52.731+0000] {dag.py:3823} INFO - Setting next_dagrun for example_weekday_branch_operator to 2026-01-08 00:00:00+00:00, run_after=2026-01-09 00:00:00+00:00
[2026-01-09T12:08:52.777+0000] {processor.py:183} INFO - Processing /home/airflow/.local/lib/python3.8/site-packages/airflow/example_dags/example_branch_day_of_week_operator.py took 0.329 seconds
[2026-01-09T12:09:23.564+0000] {processor.py:161} INFO - Started process (PID=460) to work on /home/airflow/.local/lib/python3.8/site-packages/airflow/example_dags/example_branch_day_of_week_operator.py
[2026-01-09T12:09:23.567+0000] {processor.py:830} INFO - Processing file /home/airflow/.local/lib/python3.8/site-packages/airflow/example_dags/example_branch_day_of_week_operator.py for tasks to queue
[2026-01-09T12:09:23.569+0000] {logging_mixin.py:188} INFO - [2026-01-09T12:09:23.568+0000] {dagbag.py:538} INFO - Filling up the DagBag from /home/airflow/.local/lib/python3.8/site-packages/airflow/example_dags/example_branch_day_of_week_operator.py
[2026-01-09T12:09:23.591+0000] {processor.py:840} INFO - DAG(s) 'example_weekday_branch_operator' retrieved from /home/airflow/.local/lib/python3.8/site-packages/airflow/example_dags/example_branch_day_of_week_operator.py
[2026-01-09T12:09:23.636+0000] {logging_mixin.py:188} INFO - [2026-01-09T12:09:23.635+0000] {dag.py:3036} INFO - Sync 1 DAGs
[2026-01-09T12:09:23.684+0000] {logging_mixin.py:188} INFO - [2026-01-09T12:09:23.683+0000] {dag.py:3823} INFO - Setting next_dagrun for example_weekday_branch_operator to 2026-01-08 00:00:00+00:00, run_after=2026-01-09 00:00:00+00:00
[2026-01-09T12:09:23.732+0000] {processor.py:183} INFO - Processing /home/airflow/.local/lib/python3.8/site-packages/airflow/example_dags/example_branch_day_of_week_operator.py took 0.174 seconds
[2026-01-09T12:09:54.283+0000] {processor.py:161} INFO - Started process (PID=713) to work on /home/airflow/.local/lib/python3.8/site-packages/airflow/example_dags/example_branch_day_of_week_operator.py
[2026-01-09T12:09:54.293+0000] {processor.py:830} INFO - Processing file /home/airflow/.local/lib/python3.8/site-packages/airflow/example_dags/example_branch_day_of_week_operator.py for tasks to queue
[2026-01-09T12:09:54.295+0000] {logging_mixin.py:188} INFO - [2026-01-09T12:09:54.294+0000] {dagbag.py:538} INFO - Filling up the DagBag from /home/airflow/.local/lib/python3.8/site-packages/airflow/example_dags/example_branch_day_of_week_operator.py
[2026-01-09T12:09:54.309+0000] {processor.py:840} INFO - DAG(s) 'example_weekday_branch_operator' retrieved from /home/airflow/.local/lib/python3.8/site-packages/airflow/example_dags/example_branch_day_of_week_operator.py
[2026-01-09T12:09:54.519+0000] {logging_mixin.py:188} INFO - [2026-01-09T12:09:54.519+0000] {dag.py:3036} INFO - Sync 1 DAGs
[2026-01-09T12:09:54.619+0000] {logging_mixin.py:188} INFO - [2026-01-09T12:09:54.618+0000] {dag.py:3823} INFO - Setting next_dagrun for example_weekday_branch_operator to 2026-01-08 00:00:00+00:00, run_after=2026-01-09 00:00:00+00:00
[2026-01-09T12:09:54.664+0000] {processor.py:183} INFO - Processing /home/airflow/.local/lib/python3.8/site-packages/airflow/example_dags/example_branch_day_of_week_operator.py took 0.388 seconds
[2026-01-09T12:10:24.719+0000] {processor.py:161} INFO - Started process (PID=960) to work on /home/airflow/.local/lib/python3.8/site-packages/airflow/example_dags/example_branch_day_of_week_operator.py
[2026-01-09T12:10:24.724+0000] {processor.py:830} INFO - Processing file /home/airflow/.local/lib/python3.8/site-packages/airflow/example_dags/example_branch_day_of_week_operator.py for tasks to queue
[2026-01-09T12:10:24.725+0000] {logging_mixin.py:188} INFO - [2026-01-09T12:10:24.725+0000] {dagbag.py:538} INFO - Filling up the DagBag from /home/airflow/.local/lib/python3.8/site-packages/airflow/example_dags/example_branch_day_of_week_operator.py
[2026-01-09T12:10:24.738+0000] {processor.py:840} INFO - DAG(s) 'example_weekday_branch_operator' retrieved from /home/airflow/.local/lib/python3.8/site-packages/airflow/example_dags/example_branch_day_of_week_operator.py
[2026-01-09T12:10:24.781+0000] {logging_mixin.py:188} INFO - [2026-01-09T12:10:24.781+0000] {dag.py:3036} INFO - Sync 1 DAGs
[2026-01-09T12:10:24.815+0000] {logging_mixin.py:188} INFO - [2026-01-09T12:10:24.815+0000] {dag.py:3823} INFO - Setting next_dagrun for example_weekday_branch_operator to 2026-01-08 00:00:00+00:00, run_after=2026-01-09 00:00:00+00:00
[2026-01-09T12:10:24.859+0000] {processor.py:183} INFO - Processing /home/airflow/.local/lib/python3.8/site-packages/airflow/example_dags/example_branch_day_of_week_operator.py took 0.146 seconds
[2026-01-09T12:10:55.303+0000] {processor.py:161} INFO - Started process (PID=1207) to work on /home/airflow/.local/lib/python3.8/site-packages/airflow/example_dags/example_branch_day_of_week_operator.py
[2026-01-09T12:10:55.306+0000] {processor.py:830} INFO - Processing file /home/airflow/.local/lib/python3.8/site-packages/airflow/example_dags/example_branch_day_of_week_operator.py for tasks to queue
[2026-01-09T12:10:55.309+0000] {logging_mixin.py:188} INFO - [2026-01-09T12:10:55.308+0000] {dagbag.py:538} INFO - Filling up the DagBag from /home/airflow/.local/lib/python3.8/site-packages/airflow/example_dags/example_branch_day_of_week_operator.py
[2026-01-09T12:10:55.335+0000] {processor.py:840} INFO - DAG(s) 'example_weekday_branch_operator' retrieved from /home/airflow/.local/lib/python3.8/site-packages/airflow/example_dags/example_branch_day_of_week_operator.py
[2026-01-09T12:10:55.386+0000] {logging_mixin.py:188} INFO - [2026-01-09T12:10:55.386+0000] {dag.py:3036} INFO - Sync 1 DAGs
[2026-01-09T12:10:55.436+0000] {logging_mixin.py:188} INFO - [2026-01-09T12:10:55.436+0000] {dag.py:3823} INFO - Setting next_dagrun for example_weekday_branch_operator to 2026-01-08 00:00:00+00:00, run_after=2026-01-09 00:00:00+00:00
[2026-01-09T12:10:55.488+0000] {processor.py:183} INFO - Processing /home/airflow/.local/lib/python3.8/site-packages/airflow/example_dags/example_branch_day_of_week_operator.py took 0.195 seconds
[2026-01-09T12:11:25.795+0000] {processor.py:161} INFO - Started process (PID=1454) to work on /home/airflow/.local/lib/python3.8/site-packages/airflow/example_dags/example_branch_day_of_week_operator.py
[2026-01-09T12:11:25.798+0000] {processor.py:830} INFO - Processing file /home/airflow/.local/lib/python3.8/site-packages/airflow/example_dags/example_branch_day_of_week_operator.py for tasks to queue
[2026-01-09T12:11:25.801+0000] {logging_mixin.py:188} INFO - [2026-01-09T12:11:25.800+0000] {dagbag.py:538} INFO - Filling up the DagBag from /home/airflow/.local/lib/python3.8/site-packages/airflow/example_dags/example_branch_day_of_week_operator.py
[2026-01-09T12:11:25.822+0000] {processor.py:840} INFO - DAG(s) 'example_weekday_branch_operator' retrieved from /home/airflow/.local/lib/python3.8/site-packages/airflow/example_dags/example_branch_day_of_week_operator.py
[2026-01-09T12:11:25.869+0000] {logging_mixin.py:188} INFO - [2026-01-09T12:11:25.869+0000] {dag.py:3036} INFO - Sync 1 DAGs
[2026-01-09T12:11:25.913+0000] {logging_mixin.py:188} INFO - [2026-01-09T12:11:25.912+0000] {dag.py:3823} INFO - Setting next_dagrun for example_weekday_branch_operator to 2026-01-08 00:00:00+00:00, run_after=2026-01-09 00:00:00+00:00
[2026-01-09T12:11:25.966+0000] {processor.py:183} INFO - Processing /home/airflow/.local/lib/python3.8/site-packages/airflow/example_dags/example_branch_day_of_week_operator.py took 0.178 seconds
[2026-01-09T12:11:56.117+0000] {processor.py:161} INFO - Started process (PID=1702) to work on /home/airflow/.local/lib/python3.8/site-packages/airflow/example_dags/example_branch_day_of_week_operator.py
[2026-01-09T12:11:56.122+0000] {processor.py:830} INFO - Processing file /home/airflow/.local/lib/python3.8/site-packages/airflow/example_dags/example_branch_day_of_week_operator.py for tasks to queue
[2026-01-09T12:11:56.124+0000] {logging_mixin.py:188} INFO - [2026-01-09T12:11:56.123+0000] {dagbag.py:538} INFO - Filling up the DagBag from /home/airflow/.local/lib/python3.8/site-packages/airflow/example_dags/example_branch_day_of_week_operator.py
[2026-01-09T12:11:56.139+0000] {processor.py:840} INFO - DAG(s) 'example_weekday_branch_operator' retrieved from /home/airflow/.local/lib/python3.8/site-packages/airflow/example_dags/example_branch_day_of_week_operator.py
[2026-01-09T12:11:56.182+0000] {logging_mixin.py:188} INFO - [2026-01-09T12:11:56.181+0000] {dag.py:3036} INFO - Sync 1 DAGs
[2026-01-09T12:11:56.218+0000] {logging_mixin.py:188} INFO - [2026-01-09T12:11:56.217+0000] {dag.py:3823} INFO - Setting next_dagrun for example_weekday_branch_operator to 2026-01-08 00:00:00+00:00, run_after=2026-01-09 00:00:00+00:00
[2026-01-09T12:11:56.258+0000] {processor.py:183} INFO - Processing /home/airflow/.local/lib/python3.8/site-packages/airflow/example_dags/example_branch_day_of_week_operator.py took 0.148 seconds
[2026-01-09T12:12:27.003+0000] {processor.py:161} INFO - Started process (PID=1949) to work on /home/airflow/.local/lib/python3.8/site-packages/airflow/example_dags/example_branch_day_of_week_operator.py
[2026-01-09T12:12:27.024+0000] {processor.py:830} INFO - Processing file /home/airflow/.local/lib/python3.8/site-packages/airflow/example_dags/example_branch_day_of_week_operator.py for tasks to queue
[2026-01-09T12:12:27.026+0000] {logging_mixin.py:188} INFO - [2026-01-09T12:12:27.025+0000] {dagbag.py:538} INFO - Filling up the DagBag from /home/airflow/.local/lib/python3.8/site-packages/airflow/example_dags/example_branch_day_of_week_operator.py
[2026-01-09T12:12:27.050+0000] {processor.py:840} INFO - DAG(s) 'example_weekday_branch_operator' retrieved from /home/airflow/.local/lib/python3.8/site-packages/airflow/example_dags/example_branch_day_of_week_operator.py
[2026-01-09T12:12:27.108+0000] {logging_mixin.py:188} INFO - [2026-01-09T12:12:27.107+0000] {dag.py:3036} INFO - Sync 1 DAGs
[2026-01-09T12:12:27.170+0000] {logging_mixin.py:188} INFO - [2026-01-09T12:12:27.170+0000] {dag.py:3823} INFO - Setting next_dagrun for example_weekday_branch_operator to 2026-01-08 00:00:00+00:00, run_after=2026-01-09 00:00:00+00:00
[2026-01-09T12:12:27.246+0000] {processor.py:183} INFO - Processing /home/airflow/.local/lib/python3.8/site-packages/airflow/example_dags/example_branch_day_of_week_operator.py took 0.250 seconds
[2026-01-09T12:12:57.663+0000] {processor.py:161} INFO - Started process (PID=2196) to work on /home/airflow/.local/lib/python3.8/site-packages/airflow/example_dags/example_branch_day_of_week_operator.py
[2026-01-09T12:12:57.668+0000] {processor.py:830} INFO - Processing file /home/airflow/.local/lib/python3.8/site-packages/airflow/example_dags/example_branch_day_of_week_operator.py for tasks to queue
[2026-01-09T12:12:57.670+0000] {logging_mixin.py:188} INFO - [2026-01-09T12:12:57.669+0000] {dagbag.py:538} INFO - Filling up the DagBag from /home/airflow/.local/lib/python3.8/site-packages/airflow/example_dags/example_branch_day_of_week_operator.py
[2026-01-09T12:12:57.686+0000] {processor.py:840} INFO - DAG(s) 'example_weekday_branch_operator' retrieved from /home/airflow/.local/lib/python3.8/site-packages/airflow/example_dags/example_branch_day_of_week_operator.py
[2026-01-09T12:12:57.739+0000] {logging_mixin.py:188} INFO - [2026-01-09T12:12:57.739+0000] {dag.py:3036} INFO - Sync 1 DAGs
[2026-01-09T12:12:57.785+0000] {logging_mixin.py:188} INFO - [2026-01-09T12:12:57.785+0000] {dag.py:3823} INFO - Setting next_dagrun for example_weekday_branch_operator to 2026-01-08 00:00:00+00:00, run_after=2026-01-09 00:00:00+00:00
[2026-01-09T12:12:57.826+0000] {processor.py:183} INFO - Processing /home/airflow/.local/lib/python3.8/site-packages/airflow/example_dags/example_branch_day_of_week_operator.py took 0.170 seconds
[2026-01-09T12:13:27.900+0000] {processor.py:161} INFO - Started process (PID=2443) to work on /home/airflow/.local/lib/python3.8/site-packages/airflow/example_dags/example_branch_day_of_week_operator.py
[2026-01-09T12:13:27.901+0000] {processor.py:830} INFO - Processing file /home/airflow/.local/lib/python3.8/site-packages/airflow/example_dags/example_branch_day_of_week_operator.py for tasks to queue
[2026-01-09T12:13:27.903+0000] {logging_mixin.py:188} INFO - [2026-01-09T12:13:27.902+0000] {dagbag.py:538} INFO - Filling up the DagBag from /home/airflow/.local/lib/python3.8/site-packages/airflow/example_dags/example_branch_day_of_week_operator.py
[2026-01-09T12:13:27.918+0000] {processor.py:840} INFO - DAG(s) 'example_weekday_branch_operator' retrieved from /home/airflow/.local/lib/python3.8/site-packages/airflow/example_dags/example_branch_day_of_week_operator.py
[2026-01-09T12:13:27.963+0000] {logging_mixin.py:188} INFO - [2026-01-09T12:13:27.963+0000] {dag.py:3036} INFO - Sync 1 DAGs
[2026-01-09T12:13:28.009+0000] {logging_mixin.py:188} INFO - [2026-01-09T12:13:28.008+0000] {dag.py:3823} INFO - Setting next_dagrun for example_weekday_branch_operator to 2026-01-08 00:00:00+00:00, run_after=2026-01-09 00:00:00+00:00
[2026-01-09T12:13:28.054+0000] {processor.py:183} INFO - Processing /home/airflow/.local/lib/python3.8/site-packages/airflow/example_dags/example_branch_day_of_week_operator.py took 0.161 seconds
[2026-01-09T12:13:58.282+0000] {processor.py:161} INFO - Started process (PID=2690) to work on /home/airflow/.local/lib/python3.8/site-packages/airflow/example_dags/example_branch_day_of_week_operator.py
[2026-01-09T12:13:58.284+0000] {processor.py:830} INFO - Processing file /home/airflow/.local/lib/python3.8/site-packages/airflow/example_dags/example_branch_day_of_week_operator.py for tasks to queue
[2026-01-09T12:13:58.286+0000] {logging_mixin.py:188} INFO - [2026-01-09T12:13:58.285+0000] {dagbag.py:538} INFO - Filling up the DagBag from /home/airflow/.local/lib/python3.8/site-packages/airflow/example_dags/example_branch_day_of_week_operator.py
[2026-01-09T12:13:58.299+0000] {processor.py:840} INFO - DAG(s) 'example_weekday_branch_operator' retrieved from /home/airflow/.local/lib/python3.8/site-packages/airflow/example_dags/example_branch_day_of_week_operator.py
[2026-01-09T12:13:58.341+0000] {logging_mixin.py:188} INFO - [2026-01-09T12:13:58.341+0000] {dag.py:3036} INFO - Sync 1 DAGs
[2026-01-09T12:13:58.384+0000] {logging_mixin.py:188} INFO - [2026-01-09T12:13:58.383+0000] {dag.py:3823} INFO - Setting next_dagrun for example_weekday_branch_operator to 2026-01-08 00:00:00+00:00, run_after=2026-01-09 00:00:00+00:00
[2026-01-09T12:13:58.434+0000] {processor.py:183} INFO - Processing /home/airflow/.local/lib/python3.8/site-packages/airflow/example_dags/example_branch_day_of_week_operator.py took 0.159 seconds
[2026-01-09T12:14:28.624+0000] {processor.py:161} INFO - Started process (PID=2937) to work on /home/airflow/.local/lib/python3.8/site-packages/airflow/example_dags/example_branch_day_of_week_operator.py
[2026-01-09T12:14:28.629+0000] {processor.py:830} INFO - Processing file /home/airflow/.local/lib/python3.8/site-packages/airflow/example_dags/example_branch_day_of_week_operator.py for tasks to queue
[2026-01-09T12:14:28.631+0000] {logging_mixin.py:188} INFO - [2026-01-09T12:14:28.630+0000] {dagbag.py:538} INFO - Filling up the DagBag from /home/airflow/.local/lib/python3.8/site-packages/airflow/example_dags/example_branch_day_of_week_operator.py
[2026-01-09T12:14:28.648+0000] {processor.py:840} INFO - DAG(s) 'example_weekday_branch_operator' retrieved from /home/airflow/.local/lib/python3.8/site-packages/airflow/example_dags/example_branch_day_of_week_operator.py
[2026-01-09T12:14:28.704+0000] {logging_mixin.py:188} INFO - [2026-01-09T12:14:28.703+0000] {dag.py:3036} INFO - Sync 1 DAGs
[2026-01-09T12:14:28.745+0000] {logging_mixin.py:188} INFO - [2026-01-09T12:14:28.745+0000] {dag.py:3823} INFO - Setting next_dagrun for example_weekday_branch_operator to 2026-01-08 00:00:00+00:00, run_after=2026-01-09 00:00:00+00:00
[2026-01-09T12:14:28.791+0000] {processor.py:183} INFO - Processing /home/airflow/.local/lib/python3.8/site-packages/airflow/example_dags/example_branch_day_of_week_operator.py took 0.175 seconds
[2026-01-09T12:14:59.037+0000] {processor.py:161} INFO - Started process (PID=3184) to work on /home/airflow/.local/lib/python3.8/site-packages/airflow/example_dags/example_branch_day_of_week_operator.py
[2026-01-09T12:14:59.039+0000] {processor.py:830} INFO - Processing file /home/airflow/.local/lib/python3.8/site-packages/airflow/example_dags/example_branch_day_of_week_operator.py for tasks to queue
[2026-01-09T12:14:59.040+0000] {logging_mixin.py:188} INFO - [2026-01-09T12:14:59.040+0000] {dagbag.py:538} INFO - Filling up the DagBag from /home/airflow/.local/lib/python3.8/site-packages/airflow/example_dags/example_branch_day_of_week_operator.py
[2026-01-09T12:14:59.055+0000] {processor.py:840} INFO - DAG(s) 'example_weekday_branch_operator' retrieved from /home/airflow/.local/lib/python3.8/site-packages/airflow/example_dags/example_branch_day_of_week_operator.py
[2026-01-09T12:14:59.107+0000] {logging_mixin.py:188} INFO - [2026-01-09T12:14:59.106+0000] {dag.py:3036} INFO - Sync 1 DAGs
[2026-01-09T12:14:59.176+0000] {logging_mixin.py:188} INFO - [2026-01-09T12:14:59.176+0000] {dag.py:3823} INFO - Setting next_dagrun for example_weekday_branch_operator to 2026-01-08 00:00:00+00:00, run_after=2026-01-09 00:00:00+00:00
[2026-01-09T12:14:59.245+0000] {processor.py:183} INFO - Processing /home/airflow/.local/lib/python3.8/site-packages/airflow/example_dags/example_branch_day_of_week_operator.py took 0.216 seconds
[2026-01-09T12:15:29.334+0000] {processor.py:161} INFO - Started process (PID=3431) to work on /home/airflow/.local/lib/python3.8/site-packages/airflow/example_dags/example_branch_day_of_week_operator.py
[2026-01-09T12:15:29.337+0000] {processor.py:830} INFO - Processing file /home/airflow/.local/lib/python3.8/site-packages/airflow/example_dags/example_branch_day_of_week_operator.py for tasks to queue
[2026-01-09T12:15:29.338+0000] {logging_mixin.py:188} INFO - [2026-01-09T12:15:29.338+0000] {dagbag.py:538} INFO - Filling up the DagBag from /home/airflow/.local/lib/python3.8/site-packages/airflow/example_dags/example_branch_day_of_week_operator.py
[2026-01-09T12:15:29.350+0000] {processor.py:840} INFO - DAG(s) 'example_weekday_branch_operator' retrieved from /home/airflow/.local/lib/python3.8/site-packages/airflow/example_dags/example_branch_day_of_week_operator.py
[2026-01-09T12:15:29.397+0000] {logging_mixin.py:188} INFO - [2026-01-09T12:15:29.397+0000] {dag.py:3036} INFO - Sync 1 DAGs
[2026-01-09T12:15:29.439+0000] {logging_mixin.py:188} INFO - [2026-01-09T12:15:29.438+0000] {dag.py:3823} INFO - Setting next_dagrun for example_weekday_branch_operator to 2026-01-08 00:00:00+00:00, run_after=2026-01-09 00:00:00+00:00
[2026-01-09T12:15:29.480+0000] {processor.py:183} INFO - Processing /home/airflow/.local/lib/python3.8/site-packages/airflow/example_dags/example_branch_day_of_week_operator.py took 0.154 seconds
[2026-01-09T12:15:59.810+0000] {processor.py:161} INFO - Started process (PID=3675) to work on /home/airflow/.local/lib/python3.8/site-packages/airflow/example_dags/example_branch_day_of_week_operator.py
[2026-01-09T12:15:59.812+0000] {processor.py:830} INFO - Processing file /home/airflow/.local/lib/python3.8/site-packages/airflow/example_dags/example_branch_day_of_week_operator.py for tasks to queue
[2026-01-09T12:15:59.813+0000] {logging_mixin.py:188} INFO - [2026-01-09T12:15:59.813+0000] {dagbag.py:538} INFO - Filling up the DagBag from /home/airflow/.local/lib/python3.8/site-packages/airflow/example_dags/example_branch_day_of_week_operator.py
[2026-01-09T12:15:59.825+0000] {processor.py:840} INFO - DAG(s) 'example_weekday_branch_operator' retrieved from /home/airflow/.local/lib/python3.8/site-packages/airflow/example_dags/example_branch_day_of_week_operator.py
[2026-01-09T12:15:59.863+0000] {logging_mixin.py:188} INFO - [2026-01-09T12:15:59.863+0000] {dag.py:3036} INFO - Sync 1 DAGs
[2026-01-09T12:15:59.898+0000] {logging_mixin.py:188} INFO - [2026-01-09T12:15:59.898+0000] {dag.py:3823} INFO - Setting next_dagrun for example_weekday_branch_operator to 2026-01-08 00:00:00+00:00, run_after=2026-01-09 00:00:00+00:00
[2026-01-09T12:15:59.935+0000] {processor.py:183} INFO - Processing /home/airflow/.local/lib/python3.8/site-packages/airflow/example_dags/example_branch_day_of_week_operator.py took 0.132 seconds
[2026-01-09T12:16:30.336+0000] {processor.py:161} INFO - Started process (PID=3922) to work on /home/airflow/.local/lib/python3.8/site-packages/airflow/example_dags/example_branch_day_of_week_operator.py
[2026-01-09T12:16:30.339+0000] {processor.py:830} INFO - Processing file /home/airflow/.local/lib/python3.8/site-packages/airflow/example_dags/example_branch_day_of_week_operator.py for tasks to queue
[2026-01-09T12:16:30.340+0000] {logging_mixin.py:188} INFO - [2026-01-09T12:16:30.340+0000] {dagbag.py:538} INFO - Filling up the DagBag from /home/airflow/.local/lib/python3.8/site-packages/airflow/example_dags/example_branch_day_of_week_operator.py
[2026-01-09T12:16:30.353+0000] {processor.py:840} INFO - DAG(s) 'example_weekday_branch_operator' retrieved from /home/airflow/.local/lib/python3.8/site-packages/airflow/example_dags/example_branch_day_of_week_operator.py
[2026-01-09T12:16:30.394+0000] {logging_mixin.py:188} INFO - [2026-01-09T12:16:30.394+0000] {dag.py:3036} INFO - Sync 1 DAGs
[2026-01-09T12:16:30.430+0000] {logging_mixin.py:188} INFO - [2026-01-09T12:16:30.429+0000] {dag.py:3823} INFO - Setting next_dagrun for example_weekday_branch_operator to 2026-01-08 00:00:00+00:00, run_after=2026-01-09 00:00:00+00:00
[2026-01-09T12:16:30.469+0000] {processor.py:183} INFO - Processing /home/airflow/.local/lib/python3.8/site-packages/airflow/example_dags/example_branch_day_of_week_operator.py took 0.141 seconds
[2026-01-09T12:17:01.353+0000] {processor.py:161} INFO - Started process (PID=4171) to work on /home/airflow/.local/lib/python3.8/site-packages/airflow/example_dags/example_branch_day_of_week_operator.py
[2026-01-09T12:17:01.355+0000] {processor.py:830} INFO - Processing file /home/airflow/.local/lib/python3.8/site-packages/airflow/example_dags/example_branch_day_of_week_operator.py for tasks to queue
[2026-01-09T12:17:01.357+0000] {logging_mixin.py:188} INFO - [2026-01-09T12:17:01.356+0000] {dagbag.py:538} INFO - Filling up the DagBag from /home/airflow/.local/lib/python3.8/site-packages/airflow/example_dags/example_branch_day_of_week_operator.py
[2026-01-09T12:17:01.374+0000] {processor.py:840} INFO - DAG(s) 'example_weekday_branch_operator' retrieved from /home/airflow/.local/lib/python3.8/site-packages/airflow/example_dags/example_branch_day_of_week_operator.py
[2026-01-09T12:17:01.424+0000] {logging_mixin.py:188} INFO - [2026-01-09T12:17:01.424+0000] {dag.py:3036} INFO - Sync 1 DAGs
[2026-01-09T12:17:01.461+0000] {logging_mixin.py:188} INFO - [2026-01-09T12:17:01.461+0000] {dag.py:3823} INFO - Setting next_dagrun for example_weekday_branch_operator to 2026-01-08 00:00:00+00:00, run_after=2026-01-09 00:00:00+00:00
[2026-01-09T12:17:01.505+0000] {processor.py:183} INFO - Processing /home/airflow/.local/lib/python3.8/site-packages/airflow/example_dags/example_branch_day_of_week_operator.py took 0.161 seconds
[2026-01-09T12:17:31.833+0000] {processor.py:161} INFO - Started process (PID=4418) to work on /home/airflow/.local/lib/python3.8/site-packages/airflow/example_dags/example_branch_day_of_week_operator.py
[2026-01-09T12:17:31.836+0000] {processor.py:830} INFO - Processing file /home/airflow/.local/lib/python3.8/site-packages/airflow/example_dags/example_branch_day_of_week_operator.py for tasks to queue
[2026-01-09T12:17:31.838+0000] {logging_mixin.py:188} INFO - [2026-01-09T12:17:31.837+0000] {dagbag.py:538} INFO - Filling up the DagBag from /home/airflow/.local/lib/python3.8/site-packages/airflow/example_dags/example_branch_day_of_week_operator.py
[2026-01-09T12:17:31.854+0000] {processor.py:840} INFO - DAG(s) 'example_weekday_branch_operator' retrieved from /home/airflow/.local/lib/python3.8/site-packages/airflow/example_dags/example_branch_day_of_week_operator.py
[2026-01-09T12:17:31.897+0000] {logging_mixin.py:188} INFO - [2026-01-09T12:17:31.896+0000] {dag.py:3036} INFO - Sync 1 DAGs
[2026-01-09T12:17:31.935+0000] {logging_mixin.py:188} INFO - [2026-01-09T12:17:31.935+0000] {dag.py:3823} INFO - Setting next_dagrun for example_weekday_branch_operator to 2026-01-08 00:00:00+00:00, run_after=2026-01-09 00:00:00+00:00
[2026-01-09T12:17:31.981+0000] {processor.py:183} INFO - Processing /home/airflow/.local/lib/python3.8/site-packages/airflow/example_dags/example_branch_day_of_week_operator.py took 0.156 seconds
[2026-01-09T12:18:02.629+0000] {processor.py:161} INFO - Started process (PID=4665) to work on /home/airflow/.local/lib/python3.8/site-packages/airflow/example_dags/example_branch_day_of_week_operator.py
[2026-01-09T12:18:02.633+0000] {processor.py:830} INFO - Processing file /home/airflow/.local/lib/python3.8/site-packages/airflow/example_dags/example_branch_day_of_week_operator.py for tasks to queue
[2026-01-09T12:18:02.635+0000] {logging_mixin.py:188} INFO - [2026-01-09T12:18:02.634+0000] {dagbag.py:538} INFO - Filling up the DagBag from /home/airflow/.local/lib/python3.8/site-packages/airflow/example_dags/example_branch_day_of_week_operator.py
[2026-01-09T12:18:02.652+0000] {processor.py:840} INFO - DAG(s) 'example_weekday_branch_operator' retrieved from /home/airflow/.local/lib/python3.8/site-packages/airflow/example_dags/example_branch_day_of_week_operator.py
[2026-01-09T12:18:02.702+0000] {logging_mixin.py:188} INFO - [2026-01-09T12:18:02.701+0000] {dag.py:3036} INFO - Sync 1 DAGs
[2026-01-09T12:18:02.746+0000] {logging_mixin.py:188} INFO - [2026-01-09T12:18:02.746+0000] {dag.py:3823} INFO - Setting next_dagrun for example_weekday_branch_operator to 2026-01-08 00:00:00+00:00, run_after=2026-01-09 00:00:00+00:00
[2026-01-09T12:18:02.804+0000] {processor.py:183} INFO - Processing /home/airflow/.local/lib/python3.8/site-packages/airflow/example_dags/example_branch_day_of_week_operator.py took 0.184 seconds
[2026-01-09T12:18:33.062+0000] {processor.py:161} INFO - Started process (PID=4910) to work on /home/airflow/.local/lib/python3.8/site-packages/airflow/example_dags/example_branch_day_of_week_operator.py
[2026-01-09T12:18:33.064+0000] {processor.py:830} INFO - Processing file /home/airflow/.local/lib/python3.8/site-packages/airflow/example_dags/example_branch_day_of_week_operator.py for tasks to queue
[2026-01-09T12:18:33.066+0000] {logging_mixin.py:188} INFO - [2026-01-09T12:18:33.065+0000] {dagbag.py:538} INFO - Filling up the DagBag from /home/airflow/.local/lib/python3.8/site-packages/airflow/example_dags/example_branch_day_of_week_operator.py
[2026-01-09T12:18:33.080+0000] {processor.py:840} INFO - DAG(s) 'example_weekday_branch_operator' retrieved from /home/airflow/.local/lib/python3.8/site-packages/airflow/example_dags/example_branch_day_of_week_operator.py
[2026-01-09T12:18:33.122+0000] {logging_mixin.py:188} INFO - [2026-01-09T12:18:33.121+0000] {dag.py:3036} INFO - Sync 1 DAGs
[2026-01-09T12:18:33.164+0000] {logging_mixin.py:188} INFO - [2026-01-09T12:18:33.164+0000] {dag.py:3823} INFO - Setting next_dagrun for example_weekday_branch_operator to 2026-01-08 00:00:00+00:00, run_after=2026-01-09 00:00:00+00:00
[2026-01-09T12:18:33.206+0000] {processor.py:183} INFO - Processing /home/airflow/.local/lib/python3.8/site-packages/airflow/example_dags/example_branch_day_of_week_operator.py took 0.150 seconds
[2026-01-09T12:19:03.953+0000] {processor.py:161} INFO - Started process (PID=5159) to work on /home/airflow/.local/lib/python3.8/site-packages/airflow/example_dags/example_branch_day_of_week_operator.py
[2026-01-09T12:19:03.954+0000] {processor.py:830} INFO - Processing file /home/airflow/.local/lib/python3.8/site-packages/airflow/example_dags/example_branch_day_of_week_operator.py for tasks to queue
[2026-01-09T12:19:03.956+0000] {logging_mixin.py:188} INFO - [2026-01-09T12:19:03.955+0000] {dagbag.py:538} INFO - Filling up the DagBag from /home/airflow/.local/lib/python3.8/site-packages/airflow/example_dags/example_branch_day_of_week_operator.py
[2026-01-09T12:19:03.970+0000] {processor.py:840} INFO - DAG(s) 'example_weekday_branch_operator' retrieved from /home/airflow/.local/lib/python3.8/site-packages/airflow/example_dags/example_branch_day_of_week_operator.py
[2026-01-09T12:19:04.022+0000] {logging_mixin.py:188} INFO - [2026-01-09T12:19:04.021+0000] {dag.py:3036} INFO - Sync 1 DAGs
[2026-01-09T12:19:04.065+0000] {logging_mixin.py:188} INFO - [2026-01-09T12:19:04.065+0000] {dag.py:3823} INFO - Setting next_dagrun for example_weekday_branch_operator to 2026-01-08 00:00:00+00:00, run_after=2026-01-09 00:00:00+00:00
[2026-01-09T12:19:04.127+0000] {processor.py:183} INFO - Processing /home/airflow/.local/lib/python3.8/site-packages/airflow/example_dags/example_branch_day_of_week_operator.py took 0.182 seconds
[2026-01-09T12:19:34.205+0000] {processor.py:161} INFO - Started process (PID=5404) to work on /home/airflow/.local/lib/python3.8/site-packages/airflow/example_dags/example_branch_day_of_week_operator.py
[2026-01-09T12:19:34.214+0000] {processor.py:830} INFO - Processing file /home/airflow/.local/lib/python3.8/site-packages/airflow/example_dags/example_branch_day_of_week_operator.py for tasks to queue
[2026-01-09T12:19:34.216+0000] {logging_mixin.py:188} INFO - [2026-01-09T12:19:34.215+0000] {dagbag.py:538} INFO - Filling up the DagBag from /home/airflow/.local/lib/python3.8/site-packages/airflow/example_dags/example_branch_day_of_week_operator.py
[2026-01-09T12:19:34.238+0000] {processor.py:840} INFO - DAG(s) 'example_weekday_branch_operator' retrieved from /home/airflow/.local/lib/python3.8/site-packages/airflow/example_dags/example_branch_day_of_week_operator.py
[2026-01-09T12:19:34.314+0000] {logging_mixin.py:188} INFO - [2026-01-09T12:19:34.314+0000] {dag.py:3036} INFO - Sync 1 DAGs
[2026-01-09T12:19:34.387+0000] {logging_mixin.py:188} INFO - [2026-01-09T12:19:34.386+0000] {dag.py:3823} INFO - Setting next_dagrun for example_weekday_branch_operator to 2026-01-08 00:00:00+00:00, run_after=2026-01-09 00:00:00+00:00
[2026-01-09T12:19:34.464+0000] {processor.py:183} INFO - Processing /home/airflow/.local/lib/python3.8/site-packages/airflow/example_dags/example_branch_day_of_week_operator.py took 0.266 seconds
[2026-01-09T12:20:05.563+0000] {processor.py:161} INFO - Started process (PID=5653) to work on /home/airflow/.local/lib/python3.8/site-packages/airflow/example_dags/example_branch_day_of_week_operator.py
[2026-01-09T12:20:05.566+0000] {processor.py:830} INFO - Processing file /home/airflow/.local/lib/python3.8/site-packages/airflow/example_dags/example_branch_day_of_week_operator.py for tasks to queue
[2026-01-09T12:20:05.568+0000] {logging_mixin.py:188} INFO - [2026-01-09T12:20:05.567+0000] {dagbag.py:538} INFO - Filling up the DagBag from /home/airflow/.local/lib/python3.8/site-packages/airflow/example_dags/example_branch_day_of_week_operator.py
[2026-01-09T12:20:05.584+0000] {processor.py:840} INFO - DAG(s) 'example_weekday_branch_operator' retrieved from /home/airflow/.local/lib/python3.8/site-packages/airflow/example_dags/example_branch_day_of_week_operator.py
[2026-01-09T12:20:05.633+0000] {logging_mixin.py:188} INFO - [2026-01-09T12:20:05.633+0000] {dag.py:3036} INFO - Sync 1 DAGs
[2026-01-09T12:20:05.685+0000] {logging_mixin.py:188} INFO - [2026-01-09T12:20:05.685+0000] {dag.py:3823} INFO - Setting next_dagrun for example_weekday_branch_operator to 2026-01-08 00:00:00+00:00, run_after=2026-01-09 00:00:00+00:00
[2026-01-09T12:20:05.734+0000] {processor.py:183} INFO - Processing /home/airflow/.local/lib/python3.8/site-packages/airflow/example_dags/example_branch_day_of_week_operator.py took 0.179 seconds
[2026-01-09T12:20:36.620+0000] {processor.py:161} INFO - Started process (PID=5900) to work on /home/airflow/.local/lib/python3.8/site-packages/airflow/example_dags/example_branch_day_of_week_operator.py
[2026-01-09T12:20:36.626+0000] {processor.py:830} INFO - Processing file /home/airflow/.local/lib/python3.8/site-packages/airflow/example_dags/example_branch_day_of_week_operator.py for tasks to queue
[2026-01-09T12:20:36.628+0000] {logging_mixin.py:188} INFO - [2026-01-09T12:20:36.628+0000] {dagbag.py:538} INFO - Filling up the DagBag from /home/airflow/.local/lib/python3.8/site-packages/airflow/example_dags/example_branch_day_of_week_operator.py
[2026-01-09T12:20:36.653+0000] {processor.py:840} INFO - DAG(s) 'example_weekday_branch_operator' retrieved from /home/airflow/.local/lib/python3.8/site-packages/airflow/example_dags/example_branch_day_of_week_operator.py
[2026-01-09T12:20:36.706+0000] {logging_mixin.py:188} INFO - [2026-01-09T12:20:36.705+0000] {dag.py:3036} INFO - Sync 1 DAGs
[2026-01-09T12:20:36.751+0000] {logging_mixin.py:188} INFO - [2026-01-09T12:20:36.750+0000] {dag.py:3823} INFO - Setting next_dagrun for example_weekday_branch_operator to 2026-01-08 00:00:00+00:00, run_after=2026-01-09 00:00:00+00:00
[2026-01-09T12:20:36.828+0000] {processor.py:183} INFO - Processing /home/airflow/.local/lib/python3.8/site-packages/airflow/example_dags/example_branch_day_of_week_operator.py took 0.220 seconds
[2026-01-09T12:21:07.097+0000] {processor.py:161} INFO - Started process (PID=6147) to work on /home/airflow/.local/lib/python3.8/site-packages/airflow/example_dags/example_branch_day_of_week_operator.py
[2026-01-09T12:21:07.102+0000] {processor.py:830} INFO - Processing file /home/airflow/.local/lib/python3.8/site-packages/airflow/example_dags/example_branch_day_of_week_operator.py for tasks to queue
[2026-01-09T12:21:07.104+0000] {logging_mixin.py:188} INFO - [2026-01-09T12:21:07.104+0000] {dagbag.py:538} INFO - Filling up the DagBag from /home/airflow/.local/lib/python3.8/site-packages/airflow/example_dags/example_branch_day_of_week_operator.py
[2026-01-09T12:21:07.128+0000] {processor.py:840} INFO - DAG(s) 'example_weekday_branch_operator' retrieved from /home/airflow/.local/lib/python3.8/site-packages/airflow/example_dags/example_branch_day_of_week_operator.py
[2026-01-09T12:21:07.189+0000] {logging_mixin.py:188} INFO - [2026-01-09T12:21:07.188+0000] {dag.py:3036} INFO - Sync 1 DAGs
[2026-01-09T12:21:07.249+0000] {logging_mixin.py:188} INFO - [2026-01-09T12:21:07.244+0000] {dag.py:3823} INFO - Setting next_dagrun for example_weekday_branch_operator to 2026-01-08 00:00:00+00:00, run_after=2026-01-09 00:00:00+00:00
[2026-01-09T12:21:07.321+0000] {processor.py:183} INFO - Processing /home/airflow/.local/lib/python3.8/site-packages/airflow/example_dags/example_branch_day_of_week_operator.py took 0.234 seconds
[2026-01-09T12:21:37.477+0000] {processor.py:161} INFO - Started process (PID=6394) to work on /home/airflow/.local/lib/python3.8/site-packages/airflow/example_dags/example_branch_day_of_week_operator.py
[2026-01-09T12:21:37.484+0000] {processor.py:830} INFO - Processing file /home/airflow/.local/lib/python3.8/site-packages/airflow/example_dags/example_branch_day_of_week_operator.py for tasks to queue
[2026-01-09T12:21:37.486+0000] {logging_mixin.py:188} INFO - [2026-01-09T12:21:37.485+0000] {dagbag.py:538} INFO - Filling up the DagBag from /home/airflow/.local/lib/python3.8/site-packages/airflow/example_dags/example_branch_day_of_week_operator.py
[2026-01-09T12:21:37.505+0000] {processor.py:840} INFO - DAG(s) 'example_weekday_branch_operator' retrieved from /home/airflow/.local/lib/python3.8/site-packages/airflow/example_dags/example_branch_day_of_week_operator.py
[2026-01-09T12:21:37.558+0000] {logging_mixin.py:188} INFO - [2026-01-09T12:21:37.557+0000] {dag.py:3036} INFO - Sync 1 DAGs
[2026-01-09T12:21:37.637+0000] {logging_mixin.py:188} INFO - [2026-01-09T12:21:37.636+0000] {dag.py:3823} INFO - Setting next_dagrun for example_weekday_branch_operator to 2026-01-08 00:00:00+00:00, run_after=2026-01-09 00:00:00+00:00
[2026-01-09T12:21:37.722+0000] {processor.py:183} INFO - Processing /home/airflow/.local/lib/python3.8/site-packages/airflow/example_dags/example_branch_day_of_week_operator.py took 0.270 seconds
[2026-01-09T12:22:08.194+0000] {processor.py:161} INFO - Started process (PID=6642) to work on /home/airflow/.local/lib/python3.8/site-packages/airflow/example_dags/example_branch_day_of_week_operator.py
[2026-01-09T12:22:08.199+0000] {processor.py:830} INFO - Processing file /home/airflow/.local/lib/python3.8/site-packages/airflow/example_dags/example_branch_day_of_week_operator.py for tasks to queue
[2026-01-09T12:22:08.201+0000] {logging_mixin.py:188} INFO - [2026-01-09T12:22:08.200+0000] {dagbag.py:538} INFO - Filling up the DagBag from /home/airflow/.local/lib/python3.8/site-packages/airflow/example_dags/example_branch_day_of_week_operator.py
[2026-01-09T12:22:08.223+0000] {processor.py:840} INFO - DAG(s) 'example_weekday_branch_operator' retrieved from /home/airflow/.local/lib/python3.8/site-packages/airflow/example_dags/example_branch_day_of_week_operator.py
[2026-01-09T12:22:08.281+0000] {logging_mixin.py:188} INFO - [2026-01-09T12:22:08.280+0000] {dag.py:3036} INFO - Sync 1 DAGs
[2026-01-09T12:22:08.330+0000] {logging_mixin.py:188} INFO - [2026-01-09T12:22:08.330+0000] {dag.py:3823} INFO - Setting next_dagrun for example_weekday_branch_operator to 2026-01-08 00:00:00+00:00, run_after=2026-01-09 00:00:00+00:00
[2026-01-09T12:22:08.393+0000] {processor.py:183} INFO - Processing /home/airflow/.local/lib/python3.8/site-packages/airflow/example_dags/example_branch_day_of_week_operator.py took 0.206 seconds
[2026-01-09T12:22:38.484+0000] {processor.py:161} INFO - Started process (PID=6889) to work on /home/airflow/.local/lib/python3.8/site-packages/airflow/example_dags/example_branch_day_of_week_operator.py
[2026-01-09T12:22:38.489+0000] {processor.py:830} INFO - Processing file /home/airflow/.local/lib/python3.8/site-packages/airflow/example_dags/example_branch_day_of_week_operator.py for tasks to queue
[2026-01-09T12:22:38.491+0000] {logging_mixin.py:188} INFO - [2026-01-09T12:22:38.491+0000] {dagbag.py:538} INFO - Filling up the DagBag from /home/airflow/.local/lib/python3.8/site-packages/airflow/example_dags/example_branch_day_of_week_operator.py
[2026-01-09T12:22:38.506+0000] {processor.py:840} INFO - DAG(s) 'example_weekday_branch_operator' retrieved from /home/airflow/.local/lib/python3.8/site-packages/airflow/example_dags/example_branch_day_of_week_operator.py
[2026-01-09T12:22:38.560+0000] {logging_mixin.py:188} INFO - [2026-01-09T12:22:38.560+0000] {dag.py:3036} INFO - Sync 1 DAGs
[2026-01-09T12:22:38.630+0000] {logging_mixin.py:188} INFO - [2026-01-09T12:22:38.629+0000] {dag.py:3823} INFO - Setting next_dagrun for example_weekday_branch_operator to 2026-01-08 00:00:00+00:00, run_after=2026-01-09 00:00:00+00:00
[2026-01-09T12:22:38.773+0000] {processor.py:183} INFO - Processing /home/airflow/.local/lib/python3.8/site-packages/airflow/example_dags/example_branch_day_of_week_operator.py took 0.300 seconds
[2026-01-09T12:23:09.092+0000] {processor.py:161} INFO - Started process (PID=7136) to work on /home/airflow/.local/lib/python3.8/site-packages/airflow/example_dags/example_branch_day_of_week_operator.py
[2026-01-09T12:23:09.096+0000] {processor.py:830} INFO - Processing file /home/airflow/.local/lib/python3.8/site-packages/airflow/example_dags/example_branch_day_of_week_operator.py for tasks to queue
[2026-01-09T12:23:09.098+0000] {logging_mixin.py:188} INFO - [2026-01-09T12:23:09.098+0000] {dagbag.py:538} INFO - Filling up the DagBag from /home/airflow/.local/lib/python3.8/site-packages/airflow/example_dags/example_branch_day_of_week_operator.py
[2026-01-09T12:23:09.115+0000] {processor.py:840} INFO - DAG(s) 'example_weekday_branch_operator' retrieved from /home/airflow/.local/lib/python3.8/site-packages/airflow/example_dags/example_branch_day_of_week_operator.py
[2026-01-09T12:23:09.166+0000] {logging_mixin.py:188} INFO - [2026-01-09T12:23:09.166+0000] {dag.py:3036} INFO - Sync 1 DAGs
[2026-01-09T12:23:09.215+0000] {logging_mixin.py:188} INFO - [2026-01-09T12:23:09.215+0000] {dag.py:3823} INFO - Setting next_dagrun for example_weekday_branch_operator to 2026-01-08 00:00:00+00:00, run_after=2026-01-09 00:00:00+00:00
[2026-01-09T12:23:09.267+0000] {processor.py:183} INFO - Processing /home/airflow/.local/lib/python3.8/site-packages/airflow/example_dags/example_branch_day_of_week_operator.py took 0.182 seconds
[2026-01-09T12:23:40.247+0000] {processor.py:161} INFO - Started process (PID=7381) to work on /home/airflow/.local/lib/python3.8/site-packages/airflow/example_dags/example_branch_day_of_week_operator.py
[2026-01-09T12:23:40.283+0000] {processor.py:830} INFO - Processing file /home/airflow/.local/lib/python3.8/site-packages/airflow/example_dags/example_branch_day_of_week_operator.py for tasks to queue
[2026-01-09T12:23:40.288+0000] {logging_mixin.py:188} INFO - [2026-01-09T12:23:40.286+0000] {dagbag.py:538} INFO - Filling up the DagBag from /home/airflow/.local/lib/python3.8/site-packages/airflow/example_dags/example_branch_day_of_week_operator.py
[2026-01-09T12:23:40.355+0000] {processor.py:840} INFO - DAG(s) 'example_weekday_branch_operator' retrieved from /home/airflow/.local/lib/python3.8/site-packages/airflow/example_dags/example_branch_day_of_week_operator.py
[2026-01-09T12:23:40.623+0000] {logging_mixin.py:188} INFO - [2026-01-09T12:23:40.622+0000] {dag.py:3036} INFO - Sync 1 DAGs
[2026-01-09T12:23:40.708+0000] {logging_mixin.py:188} INFO - [2026-01-09T12:23:40.708+0000] {dag.py:3823} INFO - Setting next_dagrun for example_weekday_branch_operator to 2026-01-08 00:00:00+00:00, run_after=2026-01-09 00:00:00+00:00
[2026-01-09T12:23:40.759+0000] {processor.py:183} INFO - Processing /home/airflow/.local/lib/python3.8/site-packages/airflow/example_dags/example_branch_day_of_week_operator.py took 0.629 seconds
[2026-01-09T12:24:10.934+0000] {processor.py:161} INFO - Started process (PID=7625) to work on /home/airflow/.local/lib/python3.8/site-packages/airflow/example_dags/example_branch_day_of_week_operator.py
[2026-01-09T12:24:10.941+0000] {processor.py:830} INFO - Processing file /home/airflow/.local/lib/python3.8/site-packages/airflow/example_dags/example_branch_day_of_week_operator.py for tasks to queue
[2026-01-09T12:24:10.812+0000] {logging_mixin.py:188} INFO - [2026-01-09T12:24:10.810+0000] {dagbag.py:538} INFO - Filling up the DagBag from /home/airflow/.local/lib/python3.8/site-packages/airflow/example_dags/example_branch_day_of_week_operator.py
[2026-01-09T12:24:10.833+0000] {processor.py:840} INFO - DAG(s) 'example_weekday_branch_operator' retrieved from /home/airflow/.local/lib/python3.8/site-packages/airflow/example_dags/example_branch_day_of_week_operator.py
[2026-01-09T12:24:10.888+0000] {logging_mixin.py:188} INFO - [2026-01-09T12:24:10.887+0000] {dag.py:3036} INFO - Sync 1 DAGs
[2026-01-09T12:24:10.937+0000] {logging_mixin.py:188} INFO - [2026-01-09T12:24:10.937+0000] {dag.py:3823} INFO - Setting next_dagrun for example_weekday_branch_operator to 2026-01-08 00:00:00+00:00, run_after=2026-01-09 00:00:00+00:00
[2026-01-09T12:24:10.994+0000] {processor.py:183} INFO - Processing /home/airflow/.local/lib/python3.8/site-packages/airflow/example_dags/example_branch_day_of_week_operator.py took 0.200 seconds
[2026-01-09T12:24:41.249+0000] {processor.py:161} INFO - Started process (PID=7872) to work on /home/airflow/.local/lib/python3.8/site-packages/airflow/example_dags/example_branch_day_of_week_operator.py
[2026-01-09T12:24:41.254+0000] {processor.py:830} INFO - Processing file /home/airflow/.local/lib/python3.8/site-packages/airflow/example_dags/example_branch_day_of_week_operator.py for tasks to queue
[2026-01-09T12:24:41.256+0000] {logging_mixin.py:188} INFO - [2026-01-09T12:24:41.256+0000] {dagbag.py:538} INFO - Filling up the DagBag from /home/airflow/.local/lib/python3.8/site-packages/airflow/example_dags/example_branch_day_of_week_operator.py
[2026-01-09T12:24:41.272+0000] {processor.py:840} INFO - DAG(s) 'example_weekday_branch_operator' retrieved from /home/airflow/.local/lib/python3.8/site-packages/airflow/example_dags/example_branch_day_of_week_operator.py
[2026-01-09T12:24:41.317+0000] {logging_mixin.py:188} INFO - [2026-01-09T12:24:41.317+0000] {dag.py:3036} INFO - Sync 1 DAGs
[2026-01-09T12:24:41.362+0000] {logging_mixin.py:188} INFO - [2026-01-09T12:24:41.361+0000] {dag.py:3823} INFO - Setting next_dagrun for example_weekday_branch_operator to 2026-01-08 00:00:00+00:00, run_after=2026-01-09 00:00:00+00:00
[2026-01-09T12:24:41.407+0000] {processor.py:183} INFO - Processing /home/airflow/.local/lib/python3.8/site-packages/airflow/example_dags/example_branch_day_of_week_operator.py took 0.167 seconds
[2026-01-09T12:25:11.719+0000] {processor.py:161} INFO - Started process (PID=8119) to work on /home/airflow/.local/lib/python3.8/site-packages/airflow/example_dags/example_branch_day_of_week_operator.py
[2026-01-09T12:25:11.734+0000] {processor.py:830} INFO - Processing file /home/airflow/.local/lib/python3.8/site-packages/airflow/example_dags/example_branch_day_of_week_operator.py for tasks to queue
[2026-01-09T12:25:11.737+0000] {logging_mixin.py:188} INFO - [2026-01-09T12:25:11.735+0000] {dagbag.py:538} INFO - Filling up the DagBag from /home/airflow/.local/lib/python3.8/site-packages/airflow/example_dags/example_branch_day_of_week_operator.py
[2026-01-09T12:25:11.757+0000] {processor.py:840} INFO - DAG(s) 'example_weekday_branch_operator' retrieved from /home/airflow/.local/lib/python3.8/site-packages/airflow/example_dags/example_branch_day_of_week_operator.py
[2026-01-09T12:25:11.810+0000] {logging_mixin.py:188} INFO - [2026-01-09T12:25:11.810+0000] {dag.py:3036} INFO - Sync 1 DAGs
[2026-01-09T12:25:11.860+0000] {logging_mixin.py:188} INFO - [2026-01-09T12:25:11.859+0000] {dag.py:3823} INFO - Setting next_dagrun for example_weekday_branch_operator to 2026-01-08 00:00:00+00:00, run_after=2026-01-09 00:00:00+00:00
[2026-01-09T12:25:11.910+0000] {processor.py:183} INFO - Processing /home/airflow/.local/lib/python3.8/site-packages/airflow/example_dags/example_branch_day_of_week_operator.py took 0.199 seconds
[2026-01-09T12:25:42.170+0000] {processor.py:161} INFO - Started process (PID=8367) to work on /home/airflow/.local/lib/python3.8/site-packages/airflow/example_dags/example_branch_day_of_week_operator.py
[2026-01-09T12:25:42.212+0000] {processor.py:830} INFO - Processing file /home/airflow/.local/lib/python3.8/site-packages/airflow/example_dags/example_branch_day_of_week_operator.py for tasks to queue
[2026-01-09T12:25:42.214+0000] {logging_mixin.py:188} INFO - [2026-01-09T12:25:42.214+0000] {dagbag.py:538} INFO - Filling up the DagBag from /home/airflow/.local/lib/python3.8/site-packages/airflow/example_dags/example_branch_day_of_week_operator.py
[2026-01-09T12:25:42.251+0000] {processor.py:840} INFO - DAG(s) 'example_weekday_branch_operator' retrieved from /home/airflow/.local/lib/python3.8/site-packages/airflow/example_dags/example_branch_day_of_week_operator.py
[2026-01-09T12:25:42.302+0000] {logging_mixin.py:188} INFO - [2026-01-09T12:25:42.301+0000] {dag.py:3036} INFO - Sync 1 DAGs
[2026-01-09T12:25:42.340+0000] {logging_mixin.py:188} INFO - [2026-01-09T12:25:42.340+0000] {dag.py:3823} INFO - Setting next_dagrun for example_weekday_branch_operator to 2026-01-08 00:00:00+00:00, run_after=2026-01-09 00:00:00+00:00
[2026-01-09T12:25:42.379+0000] {processor.py:183} INFO - Processing /home/airflow/.local/lib/python3.8/site-packages/airflow/example_dags/example_branch_day_of_week_operator.py took 0.215 seconds
[2026-01-09T12:26:13.018+0000] {processor.py:161} INFO - Started process (PID=8614) to work on /home/airflow/.local/lib/python3.8/site-packages/airflow/example_dags/example_branch_day_of_week_operator.py
[2026-01-09T12:26:13.029+0000] {processor.py:830} INFO - Processing file /home/airflow/.local/lib/python3.8/site-packages/airflow/example_dags/example_branch_day_of_week_operator.py for tasks to queue
[2026-01-09T12:26:13.031+0000] {logging_mixin.py:188} INFO - [2026-01-09T12:26:13.030+0000] {dagbag.py:538} INFO - Filling up the DagBag from /home/airflow/.local/lib/python3.8/site-packages/airflow/example_dags/example_branch_day_of_week_operator.py
[2026-01-09T12:26:13.046+0000] {processor.py:840} INFO - DAG(s) 'example_weekday_branch_operator' retrieved from /home/airflow/.local/lib/python3.8/site-packages/airflow/example_dags/example_branch_day_of_week_operator.py
[2026-01-09T12:26:13.088+0000] {logging_mixin.py:188} INFO - [2026-01-09T12:26:13.088+0000] {dag.py:3036} INFO - Sync 1 DAGs
[2026-01-09T12:26:13.124+0000] {logging_mixin.py:188} INFO - [2026-01-09T12:26:13.124+0000] {dag.py:3823} INFO - Setting next_dagrun for example_weekday_branch_operator to 2026-01-08 00:00:00+00:00, run_after=2026-01-09 00:00:00+00:00
[2026-01-09T12:26:13.171+0000] {processor.py:183} INFO - Processing /home/airflow/.local/lib/python3.8/site-packages/airflow/example_dags/example_branch_day_of_week_operator.py took 0.160 seconds
[2026-01-09T12:26:43.423+0000] {processor.py:161} INFO - Started process (PID=8861) to work on /home/airflow/.local/lib/python3.8/site-packages/airflow/example_dags/example_branch_day_of_week_operator.py
[2026-01-09T12:26:43.426+0000] {processor.py:830} INFO - Processing file /home/airflow/.local/lib/python3.8/site-packages/airflow/example_dags/example_branch_day_of_week_operator.py for tasks to queue
[2026-01-09T12:26:43.428+0000] {logging_mixin.py:188} INFO - [2026-01-09T12:26:43.427+0000] {dagbag.py:538} INFO - Filling up the DagBag from /home/airflow/.local/lib/python3.8/site-packages/airflow/example_dags/example_branch_day_of_week_operator.py
[2026-01-09T12:26:43.444+0000] {processor.py:840} INFO - DAG(s) 'example_weekday_branch_operator' retrieved from /home/airflow/.local/lib/python3.8/site-packages/airflow/example_dags/example_branch_day_of_week_operator.py
[2026-01-09T12:26:43.494+0000] {logging_mixin.py:188} INFO - [2026-01-09T12:26:43.494+0000] {dag.py:3036} INFO - Sync 1 DAGs
[2026-01-09T12:26:43.541+0000] {logging_mixin.py:188} INFO - [2026-01-09T12:26:43.540+0000] {dag.py:3823} INFO - Setting next_dagrun for example_weekday_branch_operator to 2026-01-08 00:00:00+00:00, run_after=2026-01-09 00:00:00+00:00
[2026-01-09T12:26:43.672+0000] {processor.py:183} INFO - Processing /home/airflow/.local/lib/python3.8/site-packages/airflow/example_dags/example_branch_day_of_week_operator.py took 0.258 seconds
[2026-01-09T12:27:14.501+0000] {processor.py:161} INFO - Started process (PID=9108) to work on /home/airflow/.local/lib/python3.8/site-packages/airflow/example_dags/example_branch_day_of_week_operator.py
[2026-01-09T12:27:14.506+0000] {processor.py:830} INFO - Processing file /home/airflow/.local/lib/python3.8/site-packages/airflow/example_dags/example_branch_day_of_week_operator.py for tasks to queue
[2026-01-09T12:27:14.507+0000] {logging_mixin.py:188} INFO - [2026-01-09T12:27:14.507+0000] {dagbag.py:538} INFO - Filling up the DagBag from /home/airflow/.local/lib/python3.8/site-packages/airflow/example_dags/example_branch_day_of_week_operator.py
[2026-01-09T12:27:14.521+0000] {processor.py:840} INFO - DAG(s) 'example_weekday_branch_operator' retrieved from /home/airflow/.local/lib/python3.8/site-packages/airflow/example_dags/example_branch_day_of_week_operator.py
[2026-01-09T12:27:14.566+0000] {logging_mixin.py:188} INFO - [2026-01-09T12:27:14.565+0000] {dag.py:3036} INFO - Sync 1 DAGs
[2026-01-09T12:27:14.609+0000] {logging_mixin.py:188} INFO - [2026-01-09T12:27:14.609+0000] {dag.py:3823} INFO - Setting next_dagrun for example_weekday_branch_operator to 2026-01-08 00:00:00+00:00, run_after=2026-01-09 00:00:00+00:00
[2026-01-09T12:27:14.650+0000] {processor.py:183} INFO - Processing /home/airflow/.local/lib/python3.8/site-packages/airflow/example_dags/example_branch_day_of_week_operator.py took 0.156 seconds
[2026-01-09T12:27:45.266+0000] {processor.py:161} INFO - Started process (PID=9355) to work on /home/airflow/.local/lib/python3.8/site-packages/airflow/example_dags/example_branch_day_of_week_operator.py
[2026-01-09T12:27:45.275+0000] {processor.py:830} INFO - Processing file /home/airflow/.local/lib/python3.8/site-packages/airflow/example_dags/example_branch_day_of_week_operator.py for tasks to queue
[2026-01-09T12:27:45.277+0000] {logging_mixin.py:188} INFO - [2026-01-09T12:27:45.276+0000] {dagbag.py:538} INFO - Filling up the DagBag from /home/airflow/.local/lib/python3.8/site-packages/airflow/example_dags/example_branch_day_of_week_operator.py
[2026-01-09T12:27:45.291+0000] {processor.py:840} INFO - DAG(s) 'example_weekday_branch_operator' retrieved from /home/airflow/.local/lib/python3.8/site-packages/airflow/example_dags/example_branch_day_of_week_operator.py
[2026-01-09T12:27:45.342+0000] {logging_mixin.py:188} INFO - [2026-01-09T12:27:45.342+0000] {dag.py:3036} INFO - Sync 1 DAGs
[2026-01-09T12:27:45.388+0000] {logging_mixin.py:188} INFO - [2026-01-09T12:27:45.387+0000] {dag.py:3823} INFO - Setting next_dagrun for example_weekday_branch_operator to 2026-01-08 00:00:00+00:00, run_after=2026-01-09 00:00:00+00:00
[2026-01-09T12:27:45.437+0000] {processor.py:183} INFO - Processing /home/airflow/.local/lib/python3.8/site-packages/airflow/example_dags/example_branch_day_of_week_operator.py took 0.179 seconds
[2026-01-09T12:28:16.039+0000] {processor.py:161} INFO - Started process (PID=9602) to work on /home/airflow/.local/lib/python3.8/site-packages/airflow/example_dags/example_branch_day_of_week_operator.py
[2026-01-09T12:28:16.046+0000] {processor.py:830} INFO - Processing file /home/airflow/.local/lib/python3.8/site-packages/airflow/example_dags/example_branch_day_of_week_operator.py for tasks to queue
[2026-01-09T12:28:16.050+0000] {logging_mixin.py:188} INFO - [2026-01-09T12:28:16.049+0000] {dagbag.py:538} INFO - Filling up the DagBag from /home/airflow/.local/lib/python3.8/site-packages/airflow/example_dags/example_branch_day_of_week_operator.py
[2026-01-09T12:28:16.068+0000] {processor.py:840} INFO - DAG(s) 'example_weekday_branch_operator' retrieved from /home/airflow/.local/lib/python3.8/site-packages/airflow/example_dags/example_branch_day_of_week_operator.py
[2026-01-09T12:28:16.113+0000] {logging_mixin.py:188} INFO - [2026-01-09T12:28:16.113+0000] {dag.py:3036} INFO - Sync 1 DAGs
[2026-01-09T12:28:16.158+0000] {logging_mixin.py:188} INFO - [2026-01-09T12:28:16.157+0000] {dag.py:3823} INFO - Setting next_dagrun for example_weekday_branch_operator to 2026-01-08 00:00:00+00:00, run_after=2026-01-09 00:00:00+00:00
[2026-01-09T12:28:16.205+0000] {processor.py:183} INFO - Processing /home/airflow/.local/lib/python3.8/site-packages/airflow/example_dags/example_branch_day_of_week_operator.py took 0.175 seconds
[2026-01-09T12:28:46.754+0000] {processor.py:161} INFO - Started process (PID=9849) to work on /home/airflow/.local/lib/python3.8/site-packages/airflow/example_dags/example_branch_day_of_week_operator.py
[2026-01-09T12:28:46.757+0000] {processor.py:830} INFO - Processing file /home/airflow/.local/lib/python3.8/site-packages/airflow/example_dags/example_branch_day_of_week_operator.py for tasks to queue
[2026-01-09T12:28:46.760+0000] {logging_mixin.py:188} INFO - [2026-01-09T12:28:46.758+0000] {dagbag.py:538} INFO - Filling up the DagBag from /home/airflow/.local/lib/python3.8/site-packages/airflow/example_dags/example_branch_day_of_week_operator.py
[2026-01-09T12:28:46.780+0000] {processor.py:840} INFO - DAG(s) 'example_weekday_branch_operator' retrieved from /home/airflow/.local/lib/python3.8/site-packages/airflow/example_dags/example_branch_day_of_week_operator.py
[2026-01-09T12:28:46.860+0000] {logging_mixin.py:188} INFO - [2026-01-09T12:28:46.859+0000] {dag.py:3036} INFO - Sync 1 DAGs
[2026-01-09T12:28:46.937+0000] {logging_mixin.py:188} INFO - [2026-01-09T12:28:46.937+0000] {dag.py:3823} INFO - Setting next_dagrun for example_weekday_branch_operator to 2026-01-08 00:00:00+00:00, run_after=2026-01-09 00:00:00+00:00
[2026-01-09T12:28:47.020+0000] {processor.py:183} INFO - Processing /home/airflow/.local/lib/python3.8/site-packages/airflow/example_dags/example_branch_day_of_week_operator.py took 0.275 seconds
[2026-01-09T12:29:17.239+0000] {processor.py:161} INFO - Started process (PID=10096) to work on /home/airflow/.local/lib/python3.8/site-packages/airflow/example_dags/example_branch_day_of_week_operator.py
[2026-01-09T12:29:17.242+0000] {processor.py:830} INFO - Processing file /home/airflow/.local/lib/python3.8/site-packages/airflow/example_dags/example_branch_day_of_week_operator.py for tasks to queue
[2026-01-09T12:29:17.244+0000] {logging_mixin.py:188} INFO - [2026-01-09T12:29:17.243+0000] {dagbag.py:538} INFO - Filling up the DagBag from /home/airflow/.local/lib/python3.8/site-packages/airflow/example_dags/example_branch_day_of_week_operator.py
[2026-01-09T12:29:17.258+0000] {processor.py:840} INFO - DAG(s) 'example_weekday_branch_operator' retrieved from /home/airflow/.local/lib/python3.8/site-packages/airflow/example_dags/example_branch_day_of_week_operator.py
[2026-01-09T12:29:17.305+0000] {logging_mixin.py:188} INFO - [2026-01-09T12:29:17.304+0000] {dag.py:3036} INFO - Sync 1 DAGs
[2026-01-09T12:29:17.347+0000] {logging_mixin.py:188} INFO - [2026-01-09T12:29:17.347+0000] {dag.py:3823} INFO - Setting next_dagrun for example_weekday_branch_operator to 2026-01-08 00:00:00+00:00, run_after=2026-01-09 00:00:00+00:00
[2026-01-09T12:29:17.386+0000] {processor.py:183} INFO - Processing /home/airflow/.local/lib/python3.8/site-packages/airflow/example_dags/example_branch_day_of_week_operator.py took 0.156 seconds
[2026-01-09T12:29:48.102+0000] {processor.py:161} INFO - Started process (PID=10343) to work on /home/airflow/.local/lib/python3.8/site-packages/airflow/example_dags/example_branch_day_of_week_operator.py
[2026-01-09T12:29:48.107+0000] {processor.py:830} INFO - Processing file /home/airflow/.local/lib/python3.8/site-packages/airflow/example_dags/example_branch_day_of_week_operator.py for tasks to queue
[2026-01-09T12:29:48.108+0000] {logging_mixin.py:188} INFO - [2026-01-09T12:29:48.108+0000] {dagbag.py:538} INFO - Filling up the DagBag from /home/airflow/.local/lib/python3.8/site-packages/airflow/example_dags/example_branch_day_of_week_operator.py
[2026-01-09T12:29:48.122+0000] {processor.py:840} INFO - DAG(s) 'example_weekday_branch_operator' retrieved from /home/airflow/.local/lib/python3.8/site-packages/airflow/example_dags/example_branch_day_of_week_operator.py
[2026-01-09T12:29:48.166+0000] {logging_mixin.py:188} INFO - [2026-01-09T12:29:48.166+0000] {dag.py:3036} INFO - Sync 1 DAGs
[2026-01-09T12:29:48.227+0000] {logging_mixin.py:188} INFO - [2026-01-09T12:29:48.227+0000] {dag.py:3823} INFO - Setting next_dagrun for example_weekday_branch_operator to 2026-01-08 00:00:00+00:00, run_after=2026-01-09 00:00:00+00:00
[2026-01-09T12:29:48.285+0000] {processor.py:183} INFO - Processing /home/airflow/.local/lib/python3.8/site-packages/airflow/example_dags/example_branch_day_of_week_operator.py took 0.190 seconds
[2026-01-09T12:30:18.885+0000] {processor.py:161} INFO - Started process (PID=10591) to work on /home/airflow/.local/lib/python3.8/site-packages/airflow/example_dags/example_branch_day_of_week_operator.py
[2026-01-09T12:30:18.890+0000] {processor.py:830} INFO - Processing file /home/airflow/.local/lib/python3.8/site-packages/airflow/example_dags/example_branch_day_of_week_operator.py for tasks to queue
[2026-01-09T12:30:18.891+0000] {logging_mixin.py:188} INFO - [2026-01-09T12:30:18.891+0000] {dagbag.py:538} INFO - Filling up the DagBag from /home/airflow/.local/lib/python3.8/site-packages/airflow/example_dags/example_branch_day_of_week_operator.py
[2026-01-09T12:30:18.905+0000] {processor.py:840} INFO - DAG(s) 'example_weekday_branch_operator' retrieved from /home/airflow/.local/lib/python3.8/site-packages/airflow/example_dags/example_branch_day_of_week_operator.py
[2026-01-09T12:30:18.955+0000] {logging_mixin.py:188} INFO - [2026-01-09T12:30:18.954+0000] {dag.py:3036} INFO - Sync 1 DAGs
[2026-01-09T12:30:19.006+0000] {logging_mixin.py:188} INFO - [2026-01-09T12:30:19.005+0000] {dag.py:3823} INFO - Setting next_dagrun for example_weekday_branch_operator to 2026-01-08 00:00:00+00:00, run_after=2026-01-09 00:00:00+00:00
[2026-01-09T12:30:19.050+0000] {processor.py:183} INFO - Processing /home/airflow/.local/lib/python3.8/site-packages/airflow/example_dags/example_branch_day_of_week_operator.py took 0.172 seconds
[2026-01-09T12:30:49.558+0000] {processor.py:161} INFO - Started process (PID=10838) to work on /home/airflow/.local/lib/python3.8/site-packages/airflow/example_dags/example_branch_day_of_week_operator.py
[2026-01-09T12:30:49.563+0000] {processor.py:830} INFO - Processing file /home/airflow/.local/lib/python3.8/site-packages/airflow/example_dags/example_branch_day_of_week_operator.py for tasks to queue
[2026-01-09T12:30:49.565+0000] {logging_mixin.py:188} INFO - [2026-01-09T12:30:49.564+0000] {dagbag.py:538} INFO - Filling up the DagBag from /home/airflow/.local/lib/python3.8/site-packages/airflow/example_dags/example_branch_day_of_week_operator.py
[2026-01-09T12:30:49.579+0000] {processor.py:840} INFO - DAG(s) 'example_weekday_branch_operator' retrieved from /home/airflow/.local/lib/python3.8/site-packages/airflow/example_dags/example_branch_day_of_week_operator.py
[2026-01-09T12:30:49.625+0000] {logging_mixin.py:188} INFO - [2026-01-09T12:30:49.624+0000] {dag.py:3036} INFO - Sync 1 DAGs
[2026-01-09T12:30:49.667+0000] {logging_mixin.py:188} INFO - [2026-01-09T12:30:49.667+0000] {dag.py:3823} INFO - Setting next_dagrun for example_weekday_branch_operator to 2026-01-08 00:00:00+00:00, run_after=2026-01-09 00:00:00+00:00
[2026-01-09T12:30:49.708+0000] {processor.py:183} INFO - Processing /home/airflow/.local/lib/python3.8/site-packages/airflow/example_dags/example_branch_day_of_week_operator.py took 0.156 seconds
[2026-01-09T12:31:19.956+0000] {processor.py:161} INFO - Started process (PID=11085) to work on /home/airflow/.local/lib/python3.8/site-packages/airflow/example_dags/example_branch_day_of_week_operator.py
[2026-01-09T12:31:19.958+0000] {processor.py:830} INFO - Processing file /home/airflow/.local/lib/python3.8/site-packages/airflow/example_dags/example_branch_day_of_week_operator.py for tasks to queue
[2026-01-09T12:31:19.960+0000] {logging_mixin.py:188} INFO - [2026-01-09T12:31:19.959+0000] {dagbag.py:538} INFO - Filling up the DagBag from /home/airflow/.local/lib/python3.8/site-packages/airflow/example_dags/example_branch_day_of_week_operator.py
[2026-01-09T12:31:19.976+0000] {processor.py:840} INFO - DAG(s) 'example_weekday_branch_operator' retrieved from /home/airflow/.local/lib/python3.8/site-packages/airflow/example_dags/example_branch_day_of_week_operator.py
[2026-01-09T12:31:20.028+0000] {logging_mixin.py:188} INFO - [2026-01-09T12:31:20.027+0000] {dag.py:3036} INFO - Sync 1 DAGs
[2026-01-09T12:31:20.074+0000] {logging_mixin.py:188} INFO - [2026-01-09T12:31:20.074+0000] {dag.py:3823} INFO - Setting next_dagrun for example_weekday_branch_operator to 2026-01-08 00:00:00+00:00, run_after=2026-01-09 00:00:00+00:00
[2026-01-09T12:31:20.125+0000] {processor.py:183} INFO - Processing /home/airflow/.local/lib/python3.8/site-packages/airflow/example_dags/example_branch_day_of_week_operator.py took 0.179 seconds
[2026-01-09T12:31:50.605+0000] {processor.py:161} INFO - Started process (PID=11331) to work on /home/airflow/.local/lib/python3.8/site-packages/airflow/example_dags/example_branch_day_of_week_operator.py
[2026-01-09T12:31:50.610+0000] {processor.py:830} INFO - Processing file /home/airflow/.local/lib/python3.8/site-packages/airflow/example_dags/example_branch_day_of_week_operator.py for tasks to queue
[2026-01-09T12:31:50.612+0000] {logging_mixin.py:188} INFO - [2026-01-09T12:31:50.611+0000] {dagbag.py:538} INFO - Filling up the DagBag from /home/airflow/.local/lib/python3.8/site-packages/airflow/example_dags/example_branch_day_of_week_operator.py
[2026-01-09T12:31:50.626+0000] {processor.py:840} INFO - DAG(s) 'example_weekday_branch_operator' retrieved from /home/airflow/.local/lib/python3.8/site-packages/airflow/example_dags/example_branch_day_of_week_operator.py
[2026-01-09T12:31:50.669+0000] {logging_mixin.py:188} INFO - [2026-01-09T12:31:50.668+0000] {dag.py:3036} INFO - Sync 1 DAGs
[2026-01-09T12:31:50.711+0000] {logging_mixin.py:188} INFO - [2026-01-09T12:31:50.710+0000] {dag.py:3823} INFO - Setting next_dagrun for example_weekday_branch_operator to 2026-01-08 00:00:00+00:00, run_after=2026-01-09 00:00:00+00:00
[2026-01-09T12:31:50.749+0000] {processor.py:183} INFO - Processing /home/airflow/.local/lib/python3.8/site-packages/airflow/example_dags/example_branch_day_of_week_operator.py took 0.150 seconds
[2026-01-09T12:32:21.257+0000] {processor.py:161} INFO - Started process (PID=11578) to work on /home/airflow/.local/lib/python3.8/site-packages/airflow/example_dags/example_branch_day_of_week_operator.py
[2026-01-09T12:32:21.264+0000] {processor.py:830} INFO - Processing file /home/airflow/.local/lib/python3.8/site-packages/airflow/example_dags/example_branch_day_of_week_operator.py for tasks to queue
[2026-01-09T12:32:21.267+0000] {logging_mixin.py:188} INFO - [2026-01-09T12:32:21.266+0000] {dagbag.py:538} INFO - Filling up the DagBag from /home/airflow/.local/lib/python3.8/site-packages/airflow/example_dags/example_branch_day_of_week_operator.py
[2026-01-09T12:32:21.303+0000] {processor.py:840} INFO - DAG(s) 'example_weekday_branch_operator' retrieved from /home/airflow/.local/lib/python3.8/site-packages/airflow/example_dags/example_branch_day_of_week_operator.py
[2026-01-09T12:32:21.404+0000] {logging_mixin.py:188} INFO - [2026-01-09T12:32:21.403+0000] {dag.py:3036} INFO - Sync 1 DAGs
[2026-01-09T12:32:21.480+0000] {logging_mixin.py:188} INFO - [2026-01-09T12:32:21.479+0000] {dag.py:3823} INFO - Setting next_dagrun for example_weekday_branch_operator to 2026-01-08 00:00:00+00:00, run_after=2026-01-09 00:00:00+00:00
[2026-01-09T12:32:21.602+0000] {processor.py:183} INFO - Processing /home/airflow/.local/lib/python3.8/site-packages/airflow/example_dags/example_branch_day_of_week_operator.py took 0.355 seconds
[2026-01-09T12:32:51.871+0000] {processor.py:161} INFO - Started process (PID=11825) to work on /home/airflow/.local/lib/python3.8/site-packages/airflow/example_dags/example_branch_day_of_week_operator.py
[2026-01-09T12:32:51.874+0000] {processor.py:830} INFO - Processing file /home/airflow/.local/lib/python3.8/site-packages/airflow/example_dags/example_branch_day_of_week_operator.py for tasks to queue
[2026-01-09T12:32:51.876+0000] {logging_mixin.py:188} INFO - [2026-01-09T12:32:51.875+0000] {dagbag.py:538} INFO - Filling up the DagBag from /home/airflow/.local/lib/python3.8/site-packages/airflow/example_dags/example_branch_day_of_week_operator.py
[2026-01-09T12:32:51.892+0000] {processor.py:840} INFO - DAG(s) 'example_weekday_branch_operator' retrieved from /home/airflow/.local/lib/python3.8/site-packages/airflow/example_dags/example_branch_day_of_week_operator.py
[2026-01-09T12:32:51.939+0000] {logging_mixin.py:188} INFO - [2026-01-09T12:32:51.938+0000] {dag.py:3036} INFO - Sync 1 DAGs
[2026-01-09T12:32:51.987+0000] {logging_mixin.py:188} INFO - [2026-01-09T12:32:51.986+0000] {dag.py:3823} INFO - Setting next_dagrun for example_weekday_branch_operator to 2026-01-08 00:00:00+00:00, run_after=2026-01-09 00:00:00+00:00
[2026-01-09T12:32:52.035+0000] {processor.py:183} INFO - Processing /home/airflow/.local/lib/python3.8/site-packages/airflow/example_dags/example_branch_day_of_week_operator.py took 0.171 seconds
[2026-01-09T12:33:22.469+0000] {processor.py:161} INFO - Started process (PID=12072) to work on /home/airflow/.local/lib/python3.8/site-packages/airflow/example_dags/example_branch_day_of_week_operator.py
[2026-01-09T12:33:22.471+0000] {processor.py:830} INFO - Processing file /home/airflow/.local/lib/python3.8/site-packages/airflow/example_dags/example_branch_day_of_week_operator.py for tasks to queue
[2026-01-09T12:33:22.473+0000] {logging_mixin.py:188} INFO - [2026-01-09T12:33:22.472+0000] {dagbag.py:538} INFO - Filling up the DagBag from /home/airflow/.local/lib/python3.8/site-packages/airflow/example_dags/example_branch_day_of_week_operator.py
[2026-01-09T12:33:22.487+0000] {processor.py:840} INFO - DAG(s) 'example_weekday_branch_operator' retrieved from /home/airflow/.local/lib/python3.8/site-packages/airflow/example_dags/example_branch_day_of_week_operator.py
[2026-01-09T12:33:22.532+0000] {logging_mixin.py:188} INFO - [2026-01-09T12:33:22.531+0000] {dag.py:3036} INFO - Sync 1 DAGs
[2026-01-09T12:33:22.579+0000] {logging_mixin.py:188} INFO - [2026-01-09T12:33:22.578+0000] {dag.py:3823} INFO - Setting next_dagrun for example_weekday_branch_operator to 2026-01-08 00:00:00+00:00, run_after=2026-01-09 00:00:00+00:00
[2026-01-09T12:33:22.626+0000] {processor.py:183} INFO - Processing /home/airflow/.local/lib/python3.8/site-packages/airflow/example_dags/example_branch_day_of_week_operator.py took 0.164 seconds
[2026-01-09T12:33:53.264+0000] {processor.py:161} INFO - Started process (PID=12325) to work on /home/airflow/.local/lib/python3.8/site-packages/airflow/example_dags/example_branch_day_of_week_operator.py
[2026-01-09T12:33:53.269+0000] {processor.py:830} INFO - Processing file /home/airflow/.local/lib/python3.8/site-packages/airflow/example_dags/example_branch_day_of_week_operator.py for tasks to queue
[2026-01-09T12:33:53.271+0000] {logging_mixin.py:188} INFO - [2026-01-09T12:33:53.271+0000] {dagbag.py:538} INFO - Filling up the DagBag from /home/airflow/.local/lib/python3.8/site-packages/airflow/example_dags/example_branch_day_of_week_operator.py
[2026-01-09T12:33:53.289+0000] {processor.py:840} INFO - DAG(s) 'example_weekday_branch_operator' retrieved from /home/airflow/.local/lib/python3.8/site-packages/airflow/example_dags/example_branch_day_of_week_operator.py
[2026-01-09T12:33:53.351+0000] {logging_mixin.py:188} INFO - [2026-01-09T12:33:53.351+0000] {dag.py:3036} INFO - Sync 1 DAGs
[2026-01-09T12:33:53.398+0000] {logging_mixin.py:188} INFO - [2026-01-09T12:33:53.398+0000] {dag.py:3823} INFO - Setting next_dagrun for example_weekday_branch_operator to 2026-01-08 00:00:00+00:00, run_after=2026-01-09 00:00:00+00:00
[2026-01-09T12:33:53.444+0000] {processor.py:183} INFO - Processing /home/airflow/.local/lib/python3.8/site-packages/airflow/example_dags/example_branch_day_of_week_operator.py took 0.186 seconds
[2026-01-09T12:34:23.751+0000] {processor.py:161} INFO - Started process (PID=12572) to work on /home/airflow/.local/lib/python3.8/site-packages/airflow/example_dags/example_branch_day_of_week_operator.py
[2026-01-09T12:34:23.753+0000] {processor.py:830} INFO - Processing file /home/airflow/.local/lib/python3.8/site-packages/airflow/example_dags/example_branch_day_of_week_operator.py for tasks to queue
[2026-01-09T12:34:23.754+0000] {logging_mixin.py:188} INFO - [2026-01-09T12:34:23.754+0000] {dagbag.py:538} INFO - Filling up the DagBag from /home/airflow/.local/lib/python3.8/site-packages/airflow/example_dags/example_branch_day_of_week_operator.py
[2026-01-09T12:34:23.772+0000] {processor.py:840} INFO - DAG(s) 'example_weekday_branch_operator' retrieved from /home/airflow/.local/lib/python3.8/site-packages/airflow/example_dags/example_branch_day_of_week_operator.py
[2026-01-09T12:34:23.821+0000] {logging_mixin.py:188} INFO - [2026-01-09T12:34:23.820+0000] {dag.py:3036} INFO - Sync 1 DAGs
[2026-01-09T12:34:23.864+0000] {logging_mixin.py:188} INFO - [2026-01-09T12:34:23.863+0000] {dag.py:3823} INFO - Setting next_dagrun for example_weekday_branch_operator to 2026-01-08 00:00:00+00:00, run_after=2026-01-09 00:00:00+00:00
[2026-01-09T12:34:23.913+0000] {processor.py:183} INFO - Processing /home/airflow/.local/lib/python3.8/site-packages/airflow/example_dags/example_branch_day_of_week_operator.py took 0.171 seconds
[2026-01-09T12:34:54.559+0000] {processor.py:161} INFO - Started process (PID=12819) to work on /home/airflow/.local/lib/python3.8/site-packages/airflow/example_dags/example_branch_day_of_week_operator.py
[2026-01-09T12:34:54.562+0000] {processor.py:830} INFO - Processing file /home/airflow/.local/lib/python3.8/site-packages/airflow/example_dags/example_branch_day_of_week_operator.py for tasks to queue
[2026-01-09T12:34:54.563+0000] {logging_mixin.py:188} INFO - [2026-01-09T12:34:54.563+0000] {dagbag.py:538} INFO - Filling up the DagBag from /home/airflow/.local/lib/python3.8/site-packages/airflow/example_dags/example_branch_day_of_week_operator.py
[2026-01-09T12:34:54.579+0000] {processor.py:840} INFO - DAG(s) 'example_weekday_branch_operator' retrieved from /home/airflow/.local/lib/python3.8/site-packages/airflow/example_dags/example_branch_day_of_week_operator.py
[2026-01-09T12:34:54.622+0000] {logging_mixin.py:188} INFO - [2026-01-09T12:34:54.622+0000] {dag.py:3036} INFO - Sync 1 DAGs
[2026-01-09T12:34:54.662+0000] {logging_mixin.py:188} INFO - [2026-01-09T12:34:54.662+0000] {dag.py:3823} INFO - Setting next_dagrun for example_weekday_branch_operator to 2026-01-08 00:00:00+00:00, run_after=2026-01-09 00:00:00+00:00
[2026-01-09T12:34:54.710+0000] {processor.py:183} INFO - Processing /home/airflow/.local/lib/python3.8/site-packages/airflow/example_dags/example_branch_day_of_week_operator.py took 0.161 seconds
[2026-01-09T12:35:25.214+0000] {processor.py:161} INFO - Started process (PID=13066) to work on /home/airflow/.local/lib/python3.8/site-packages/airflow/example_dags/example_branch_day_of_week_operator.py
[2026-01-09T12:35:25.217+0000] {processor.py:830} INFO - Processing file /home/airflow/.local/lib/python3.8/site-packages/airflow/example_dags/example_branch_day_of_week_operator.py for tasks to queue
[2026-01-09T12:35:25.219+0000] {logging_mixin.py:188} INFO - [2026-01-09T12:35:25.218+0000] {dagbag.py:538} INFO - Filling up the DagBag from /home/airflow/.local/lib/python3.8/site-packages/airflow/example_dags/example_branch_day_of_week_operator.py
[2026-01-09T12:35:25.237+0000] {processor.py:840} INFO - DAG(s) 'example_weekday_branch_operator' retrieved from /home/airflow/.local/lib/python3.8/site-packages/airflow/example_dags/example_branch_day_of_week_operator.py
[2026-01-09T12:35:25.299+0000] {logging_mixin.py:188} INFO - [2026-01-09T12:35:25.298+0000] {dag.py:3036} INFO - Sync 1 DAGs
[2026-01-09T12:35:25.355+0000] {logging_mixin.py:188} INFO - [2026-01-09T12:35:25.355+0000] {dag.py:3823} INFO - Setting next_dagrun for example_weekday_branch_operator to 2026-01-08 00:00:00+00:00, run_after=2026-01-09 00:00:00+00:00
[2026-01-09T12:35:25.419+0000] {processor.py:183} INFO - Processing /home/airflow/.local/lib/python3.8/site-packages/airflow/example_dags/example_branch_day_of_week_operator.py took 0.213 seconds
[2026-01-09T12:35:55.823+0000] {processor.py:161} INFO - Started process (PID=13313) to work on /home/airflow/.local/lib/python3.8/site-packages/airflow/example_dags/example_branch_day_of_week_operator.py
[2026-01-09T12:35:55.828+0000] {processor.py:830} INFO - Processing file /home/airflow/.local/lib/python3.8/site-packages/airflow/example_dags/example_branch_day_of_week_operator.py for tasks to queue
[2026-01-09T12:35:55.830+0000] {logging_mixin.py:188} INFO - [2026-01-09T12:35:55.829+0000] {dagbag.py:538} INFO - Filling up the DagBag from /home/airflow/.local/lib/python3.8/site-packages/airflow/example_dags/example_branch_day_of_week_operator.py
[2026-01-09T12:35:55.845+0000] {processor.py:840} INFO - DAG(s) 'example_weekday_branch_operator' retrieved from /home/airflow/.local/lib/python3.8/site-packages/airflow/example_dags/example_branch_day_of_week_operator.py
[2026-01-09T12:35:55.888+0000] {logging_mixin.py:188} INFO - [2026-01-09T12:35:55.887+0000] {dag.py:3036} INFO - Sync 1 DAGs
[2026-01-09T12:35:55.931+0000] {logging_mixin.py:188} INFO - [2026-01-09T12:35:55.930+0000] {dag.py:3823} INFO - Setting next_dagrun for example_weekday_branch_operator to 2026-01-08 00:00:00+00:00, run_after=2026-01-09 00:00:00+00:00
[2026-01-09T12:35:55.983+0000] {processor.py:183} INFO - Processing /home/airflow/.local/lib/python3.8/site-packages/airflow/example_dags/example_branch_day_of_week_operator.py took 0.169 seconds
[2026-01-09T12:36:26.677+0000] {processor.py:161} INFO - Started process (PID=13560) to work on /home/airflow/.local/lib/python3.8/site-packages/airflow/example_dags/example_branch_day_of_week_operator.py
[2026-01-09T12:36:26.678+0000] {processor.py:830} INFO - Processing file /home/airflow/.local/lib/python3.8/site-packages/airflow/example_dags/example_branch_day_of_week_operator.py for tasks to queue
[2026-01-09T12:36:26.680+0000] {logging_mixin.py:188} INFO - [2026-01-09T12:36:26.679+0000] {dagbag.py:538} INFO - Filling up the DagBag from /home/airflow/.local/lib/python3.8/site-packages/airflow/example_dags/example_branch_day_of_week_operator.py
[2026-01-09T12:36:26.694+0000] {processor.py:840} INFO - DAG(s) 'example_weekday_branch_operator' retrieved from /home/airflow/.local/lib/python3.8/site-packages/airflow/example_dags/example_branch_day_of_week_operator.py
[2026-01-09T12:36:26.741+0000] {logging_mixin.py:188} INFO - [2026-01-09T12:36:26.741+0000] {dag.py:3036} INFO - Sync 1 DAGs
[2026-01-09T12:36:26.777+0000] {logging_mixin.py:188} INFO - [2026-01-09T12:36:26.777+0000] {dag.py:3823} INFO - Setting next_dagrun for example_weekday_branch_operator to 2026-01-08 00:00:00+00:00, run_after=2026-01-09 00:00:00+00:00
[2026-01-09T12:36:26.817+0000] {processor.py:183} INFO - Processing /home/airflow/.local/lib/python3.8/site-packages/airflow/example_dags/example_branch_day_of_week_operator.py took 0.147 seconds
[2026-01-09T12:36:56.895+0000] {processor.py:161} INFO - Started process (PID=13807) to work on /home/airflow/.local/lib/python3.8/site-packages/airflow/example_dags/example_branch_day_of_week_operator.py
[2026-01-09T12:36:56.898+0000] {processor.py:830} INFO - Processing file /home/airflow/.local/lib/python3.8/site-packages/airflow/example_dags/example_branch_day_of_week_operator.py for tasks to queue
[2026-01-09T12:36:56.900+0000] {logging_mixin.py:188} INFO - [2026-01-09T12:36:56.899+0000] {dagbag.py:538} INFO - Filling up the DagBag from /home/airflow/.local/lib/python3.8/site-packages/airflow/example_dags/example_branch_day_of_week_operator.py
[2026-01-09T12:36:56.914+0000] {processor.py:840} INFO - DAG(s) 'example_weekday_branch_operator' retrieved from /home/airflow/.local/lib/python3.8/site-packages/airflow/example_dags/example_branch_day_of_week_operator.py
[2026-01-09T12:36:56.955+0000] {logging_mixin.py:188} INFO - [2026-01-09T12:36:56.954+0000] {dag.py:3036} INFO - Sync 1 DAGs
[2026-01-09T12:36:56.992+0000] {logging_mixin.py:188} INFO - [2026-01-09T12:36:56.991+0000] {dag.py:3823} INFO - Setting next_dagrun for example_weekday_branch_operator to 2026-01-08 00:00:00+00:00, run_after=2026-01-09 00:00:00+00:00
[2026-01-09T12:36:57.032+0000] {processor.py:183} INFO - Processing /home/airflow/.local/lib/python3.8/site-packages/airflow/example_dags/example_branch_day_of_week_operator.py took 0.144 seconds
[2026-01-09T12:37:27.503+0000] {processor.py:161} INFO - Started process (PID=14054) to work on /home/airflow/.local/lib/python3.8/site-packages/airflow/example_dags/example_branch_day_of_week_operator.py
[2026-01-09T12:37:27.505+0000] {processor.py:830} INFO - Processing file /home/airflow/.local/lib/python3.8/site-packages/airflow/example_dags/example_branch_day_of_week_operator.py for tasks to queue
[2026-01-09T12:37:27.506+0000] {logging_mixin.py:188} INFO - [2026-01-09T12:37:27.506+0000] {dagbag.py:538} INFO - Filling up the DagBag from /home/airflow/.local/lib/python3.8/site-packages/airflow/example_dags/example_branch_day_of_week_operator.py
[2026-01-09T12:37:27.525+0000] {processor.py:840} INFO - DAG(s) 'example_weekday_branch_operator' retrieved from /home/airflow/.local/lib/python3.8/site-packages/airflow/example_dags/example_branch_day_of_week_operator.py
[2026-01-09T12:37:27.567+0000] {logging_mixin.py:188} INFO - [2026-01-09T12:37:27.566+0000] {dag.py:3036} INFO - Sync 1 DAGs
[2026-01-09T12:37:27.604+0000] {logging_mixin.py:188} INFO - [2026-01-09T12:37:27.603+0000] {dag.py:3823} INFO - Setting next_dagrun for example_weekday_branch_operator to 2026-01-08 00:00:00+00:00, run_after=2026-01-09 00:00:00+00:00
[2026-01-09T12:37:27.649+0000] {processor.py:183} INFO - Processing /home/airflow/.local/lib/python3.8/site-packages/airflow/example_dags/example_branch_day_of_week_operator.py took 0.153 seconds
[2026-01-09T12:37:58.194+0000] {processor.py:161} INFO - Started process (PID=14301) to work on /home/airflow/.local/lib/python3.8/site-packages/airflow/example_dags/example_branch_day_of_week_operator.py
[2026-01-09T12:37:58.199+0000] {processor.py:830} INFO - Processing file /home/airflow/.local/lib/python3.8/site-packages/airflow/example_dags/example_branch_day_of_week_operator.py for tasks to queue
[2026-01-09T12:37:58.201+0000] {logging_mixin.py:188} INFO - [2026-01-09T12:37:58.200+0000] {dagbag.py:538} INFO - Filling up the DagBag from /home/airflow/.local/lib/python3.8/site-packages/airflow/example_dags/example_branch_day_of_week_operator.py
[2026-01-09T12:37:58.214+0000] {processor.py:840} INFO - DAG(s) 'example_weekday_branch_operator' retrieved from /home/airflow/.local/lib/python3.8/site-packages/airflow/example_dags/example_branch_day_of_week_operator.py
[2026-01-09T12:37:58.259+0000] {logging_mixin.py:188} INFO - [2026-01-09T12:37:58.258+0000] {dag.py:3036} INFO - Sync 1 DAGs
[2026-01-09T12:37:58.301+0000] {logging_mixin.py:188} INFO - [2026-01-09T12:37:58.301+0000] {dag.py:3823} INFO - Setting next_dagrun for example_weekday_branch_operator to 2026-01-08 00:00:00+00:00, run_after=2026-01-09 00:00:00+00:00
[2026-01-09T12:37:58.342+0000] {processor.py:183} INFO - Processing /home/airflow/.local/lib/python3.8/site-packages/airflow/example_dags/example_branch_day_of_week_operator.py took 0.154 seconds
[2026-01-09T12:38:28.965+0000] {processor.py:161} INFO - Started process (PID=14548) to work on /home/airflow/.local/lib/python3.8/site-packages/airflow/example_dags/example_branch_day_of_week_operator.py
[2026-01-09T12:38:28.970+0000] {processor.py:830} INFO - Processing file /home/airflow/.local/lib/python3.8/site-packages/airflow/example_dags/example_branch_day_of_week_operator.py for tasks to queue
[2026-01-09T12:38:28.971+0000] {logging_mixin.py:188} INFO - [2026-01-09T12:38:28.971+0000] {dagbag.py:538} INFO - Filling up the DagBag from /home/airflow/.local/lib/python3.8/site-packages/airflow/example_dags/example_branch_day_of_week_operator.py
[2026-01-09T12:38:28.988+0000] {processor.py:840} INFO - DAG(s) 'example_weekday_branch_operator' retrieved from /home/airflow/.local/lib/python3.8/site-packages/airflow/example_dags/example_branch_day_of_week_operator.py
[2026-01-09T12:38:29.035+0000] {logging_mixin.py:188} INFO - [2026-01-09T12:38:29.035+0000] {dag.py:3036} INFO - Sync 1 DAGs
[2026-01-09T12:38:29.081+0000] {logging_mixin.py:188} INFO - [2026-01-09T12:38:29.081+0000] {dag.py:3823} INFO - Setting next_dagrun for example_weekday_branch_operator to 2026-01-08 00:00:00+00:00, run_after=2026-01-09 00:00:00+00:00
[2026-01-09T12:38:29.129+0000] {processor.py:183} INFO - Processing /home/airflow/.local/lib/python3.8/site-packages/airflow/example_dags/example_branch_day_of_week_operator.py took 0.170 seconds
[2026-01-09T12:38:59.562+0000] {processor.py:161} INFO - Started process (PID=14795) to work on /home/airflow/.local/lib/python3.8/site-packages/airflow/example_dags/example_branch_day_of_week_operator.py
[2026-01-09T12:38:59.568+0000] {processor.py:830} INFO - Processing file /home/airflow/.local/lib/python3.8/site-packages/airflow/example_dags/example_branch_day_of_week_operator.py for tasks to queue
[2026-01-09T12:38:59.570+0000] {logging_mixin.py:188} INFO - [2026-01-09T12:38:59.570+0000] {dagbag.py:538} INFO - Filling up the DagBag from /home/airflow/.local/lib/python3.8/site-packages/airflow/example_dags/example_branch_day_of_week_operator.py
[2026-01-09T12:38:59.586+0000] {processor.py:840} INFO - DAG(s) 'example_weekday_branch_operator' retrieved from /home/airflow/.local/lib/python3.8/site-packages/airflow/example_dags/example_branch_day_of_week_operator.py
[2026-01-09T12:38:59.627+0000] {logging_mixin.py:188} INFO - [2026-01-09T12:38:59.627+0000] {dag.py:3036} INFO - Sync 1 DAGs
[2026-01-09T12:38:59.666+0000] {logging_mixin.py:188} INFO - [2026-01-09T12:38:59.666+0000] {dag.py:3823} INFO - Setting next_dagrun for example_weekday_branch_operator to 2026-01-08 00:00:00+00:00, run_after=2026-01-09 00:00:00+00:00
[2026-01-09T12:38:59.705+0000] {processor.py:183} INFO - Processing /home/airflow/.local/lib/python3.8/site-packages/airflow/example_dags/example_branch_day_of_week_operator.py took 0.152 seconds
[2026-01-09T12:39:29.891+0000] {processor.py:161} INFO - Started process (PID=15042) to work on /home/airflow/.local/lib/python3.8/site-packages/airflow/example_dags/example_branch_day_of_week_operator.py
[2026-01-09T12:39:29.896+0000] {processor.py:830} INFO - Processing file /home/airflow/.local/lib/python3.8/site-packages/airflow/example_dags/example_branch_day_of_week_operator.py for tasks to queue
[2026-01-09T12:39:29.897+0000] {logging_mixin.py:188} INFO - [2026-01-09T12:39:29.897+0000] {dagbag.py:538} INFO - Filling up the DagBag from /home/airflow/.local/lib/python3.8/site-packages/airflow/example_dags/example_branch_day_of_week_operator.py
[2026-01-09T12:39:29.909+0000] {processor.py:840} INFO - DAG(s) 'example_weekday_branch_operator' retrieved from /home/airflow/.local/lib/python3.8/site-packages/airflow/example_dags/example_branch_day_of_week_operator.py
[2026-01-09T12:39:29.958+0000] {logging_mixin.py:188} INFO - [2026-01-09T12:39:29.957+0000] {dag.py:3036} INFO - Sync 1 DAGs
[2026-01-09T12:39:30.006+0000] {logging_mixin.py:188} INFO - [2026-01-09T12:39:30.006+0000] {dag.py:3823} INFO - Setting next_dagrun for example_weekday_branch_operator to 2026-01-08 00:00:00+00:00, run_after=2026-01-09 00:00:00+00:00
[2026-01-09T12:39:30.048+0000] {processor.py:183} INFO - Processing /home/airflow/.local/lib/python3.8/site-packages/airflow/example_dags/example_branch_day_of_week_operator.py took 0.165 seconds
