[2026-01-09T12:08:53.524+0000] {processor.py:161} INFO - Started process (PID=247) to work on /home/airflow/.local/lib/python3.8/site-packages/airflow/example_dags/example_local_kubernetes_executor.py
[2026-01-09T12:08:53.526+0000] {processor.py:830} INFO - Processing file /home/airflow/.local/lib/python3.8/site-packages/airflow/example_dags/example_local_kubernetes_executor.py for tasks to queue
[2026-01-09T12:08:53.527+0000] {logging_mixin.py:188} INFO - [2026-01-09T12:08:53.527+0000] {dagbag.py:538} INFO - Filling up the DagBag from /home/airflow/.local/lib/python3.8/site-packages/airflow/example_dags/example_local_kubernetes_executor.py
[2026-01-09T12:08:53.564+0000] {processor.py:840} INFO - DAG(s) 'example_local_kubernetes_executor' retrieved from /home/airflow/.local/lib/python3.8/site-packages/airflow/example_dags/example_local_kubernetes_executor.py
[2026-01-09T12:08:53.870+0000] {logging_mixin.py:188} INFO - [2026-01-09T12:08:53.870+0000] {dag.py:3036} INFO - Sync 1 DAGs
[2026-01-09T12:08:53.889+0000] {logging_mixin.py:188} INFO - [2026-01-09T12:08:53.889+0000] {dag.py:3823} INFO - Setting next_dagrun for example_local_kubernetes_executor to None, run_after=None
[2026-01-09T12:08:53.944+0000] {processor.py:183} INFO - Processing /home/airflow/.local/lib/python3.8/site-packages/airflow/example_dags/example_local_kubernetes_executor.py took 0.426 seconds
[2026-01-09T12:09:24.179+0000] {processor.py:161} INFO - Started process (PID=494) to work on /home/airflow/.local/lib/python3.8/site-packages/airflow/example_dags/example_local_kubernetes_executor.py
[2026-01-09T12:09:24.181+0000] {processor.py:830} INFO - Processing file /home/airflow/.local/lib/python3.8/site-packages/airflow/example_dags/example_local_kubernetes_executor.py for tasks to queue
[2026-01-09T12:09:24.183+0000] {logging_mixin.py:188} INFO - [2026-01-09T12:09:24.183+0000] {dagbag.py:538} INFO - Filling up the DagBag from /home/airflow/.local/lib/python3.8/site-packages/airflow/example_dags/example_local_kubernetes_executor.py
[2026-01-09T12:09:24.196+0000] {processor.py:840} INFO - DAG(s) 'example_local_kubernetes_executor' retrieved from /home/airflow/.local/lib/python3.8/site-packages/airflow/example_dags/example_local_kubernetes_executor.py
[2026-01-09T12:09:24.254+0000] {logging_mixin.py:188} INFO - [2026-01-09T12:09:24.253+0000] {dag.py:3036} INFO - Sync 1 DAGs
[2026-01-09T12:09:24.272+0000] {logging_mixin.py:188} INFO - [2026-01-09T12:09:24.271+0000] {dag.py:3823} INFO - Setting next_dagrun for example_local_kubernetes_executor to None, run_after=None
[2026-01-09T12:09:24.310+0000] {processor.py:183} INFO - Processing /home/airflow/.local/lib/python3.8/site-packages/airflow/example_dags/example_local_kubernetes_executor.py took 0.138 seconds
[2026-01-09T12:09:55.197+0000] {processor.py:161} INFO - Started process (PID=741) to work on /home/airflow/.local/lib/python3.8/site-packages/airflow/example_dags/example_local_kubernetes_executor.py
[2026-01-09T12:09:55.209+0000] {processor.py:830} INFO - Processing file /home/airflow/.local/lib/python3.8/site-packages/airflow/example_dags/example_local_kubernetes_executor.py for tasks to queue
[2026-01-09T12:09:55.212+0000] {logging_mixin.py:188} INFO - [2026-01-09T12:09:55.211+0000] {dagbag.py:538} INFO - Filling up the DagBag from /home/airflow/.local/lib/python3.8/site-packages/airflow/example_dags/example_local_kubernetes_executor.py
[2026-01-09T12:09:55.225+0000] {processor.py:840} INFO - DAG(s) 'example_local_kubernetes_executor' retrieved from /home/airflow/.local/lib/python3.8/site-packages/airflow/example_dags/example_local_kubernetes_executor.py
[2026-01-09T12:09:55.430+0000] {logging_mixin.py:188} INFO - [2026-01-09T12:09:55.429+0000] {dag.py:3036} INFO - Sync 1 DAGs
[2026-01-09T12:09:55.512+0000] {logging_mixin.py:188} INFO - [2026-01-09T12:09:55.511+0000] {dag.py:3823} INFO - Setting next_dagrun for example_local_kubernetes_executor to None, run_after=None
[2026-01-09T12:09:55.580+0000] {processor.py:183} INFO - Processing /home/airflow/.local/lib/python3.8/site-packages/airflow/example_dags/example_local_kubernetes_executor.py took 0.389 seconds
[2026-01-09T12:10:26.280+0000] {processor.py:161} INFO - Started process (PID=988) to work on /home/airflow/.local/lib/python3.8/site-packages/airflow/example_dags/example_local_kubernetes_executor.py
[2026-01-09T12:10:26.282+0000] {processor.py:830} INFO - Processing file /home/airflow/.local/lib/python3.8/site-packages/airflow/example_dags/example_local_kubernetes_executor.py for tasks to queue
[2026-01-09T12:10:26.284+0000] {logging_mixin.py:188} INFO - [2026-01-09T12:10:26.283+0000] {dagbag.py:538} INFO - Filling up the DagBag from /home/airflow/.local/lib/python3.8/site-packages/airflow/example_dags/example_local_kubernetes_executor.py
[2026-01-09T12:10:26.296+0000] {processor.py:840} INFO - DAG(s) 'example_local_kubernetes_executor' retrieved from /home/airflow/.local/lib/python3.8/site-packages/airflow/example_dags/example_local_kubernetes_executor.py
[2026-01-09T12:10:26.363+0000] {logging_mixin.py:188} INFO - [2026-01-09T12:10:26.362+0000] {dag.py:3036} INFO - Sync 1 DAGs
[2026-01-09T12:10:26.384+0000] {logging_mixin.py:188} INFO - [2026-01-09T12:10:26.384+0000] {dag.py:3823} INFO - Setting next_dagrun for example_local_kubernetes_executor to None, run_after=None
[2026-01-09T12:10:26.427+0000] {processor.py:183} INFO - Processing /home/airflow/.local/lib/python3.8/site-packages/airflow/example_dags/example_local_kubernetes_executor.py took 0.155 seconds
[2026-01-09T12:10:56.960+0000] {processor.py:161} INFO - Started process (PID=1235) to work on /home/airflow/.local/lib/python3.8/site-packages/airflow/example_dags/example_local_kubernetes_executor.py
[2026-01-09T12:10:56.962+0000] {processor.py:830} INFO - Processing file /home/airflow/.local/lib/python3.8/site-packages/airflow/example_dags/example_local_kubernetes_executor.py for tasks to queue
[2026-01-09T12:10:56.964+0000] {logging_mixin.py:188} INFO - [2026-01-09T12:10:56.963+0000] {dagbag.py:538} INFO - Filling up the DagBag from /home/airflow/.local/lib/python3.8/site-packages/airflow/example_dags/example_local_kubernetes_executor.py
[2026-01-09T12:10:56.980+0000] {processor.py:840} INFO - DAG(s) 'example_local_kubernetes_executor' retrieved from /home/airflow/.local/lib/python3.8/site-packages/airflow/example_dags/example_local_kubernetes_executor.py
[2026-01-09T12:10:57.050+0000] {logging_mixin.py:188} INFO - [2026-01-09T12:10:57.049+0000] {dag.py:3036} INFO - Sync 1 DAGs
[2026-01-09T12:10:57.073+0000] {logging_mixin.py:188} INFO - [2026-01-09T12:10:57.073+0000] {dag.py:3823} INFO - Setting next_dagrun for example_local_kubernetes_executor to None, run_after=None
[2026-01-09T12:10:57.130+0000] {processor.py:183} INFO - Processing /home/airflow/.local/lib/python3.8/site-packages/airflow/example_dags/example_local_kubernetes_executor.py took 0.179 seconds
[2026-01-09T12:11:27.481+0000] {processor.py:161} INFO - Started process (PID=1482) to work on /home/airflow/.local/lib/python3.8/site-packages/airflow/example_dags/example_local_kubernetes_executor.py
[2026-01-09T12:11:27.484+0000] {processor.py:830} INFO - Processing file /home/airflow/.local/lib/python3.8/site-packages/airflow/example_dags/example_local_kubernetes_executor.py for tasks to queue
[2026-01-09T12:11:27.486+0000] {logging_mixin.py:188} INFO - [2026-01-09T12:11:27.485+0000] {dagbag.py:538} INFO - Filling up the DagBag from /home/airflow/.local/lib/python3.8/site-packages/airflow/example_dags/example_local_kubernetes_executor.py
[2026-01-09T12:11:27.503+0000] {processor.py:840} INFO - DAG(s) 'example_local_kubernetes_executor' retrieved from /home/airflow/.local/lib/python3.8/site-packages/airflow/example_dags/example_local_kubernetes_executor.py
[2026-01-09T12:11:27.583+0000] {logging_mixin.py:188} INFO - [2026-01-09T12:11:27.582+0000] {dag.py:3036} INFO - Sync 1 DAGs
[2026-01-09T12:11:27.605+0000] {logging_mixin.py:188} INFO - [2026-01-09T12:11:27.604+0000] {dag.py:3823} INFO - Setting next_dagrun for example_local_kubernetes_executor to None, run_after=None
[2026-01-09T12:11:27.658+0000] {processor.py:183} INFO - Processing /home/airflow/.local/lib/python3.8/site-packages/airflow/example_dags/example_local_kubernetes_executor.py took 0.184 seconds
[2026-01-09T12:11:57.783+0000] {processor.py:161} INFO - Started process (PID=1730) to work on /home/airflow/.local/lib/python3.8/site-packages/airflow/example_dags/example_local_kubernetes_executor.py
[2026-01-09T12:11:57.786+0000] {processor.py:830} INFO - Processing file /home/airflow/.local/lib/python3.8/site-packages/airflow/example_dags/example_local_kubernetes_executor.py for tasks to queue
[2026-01-09T12:11:57.788+0000] {logging_mixin.py:188} INFO - [2026-01-09T12:11:57.787+0000] {dagbag.py:538} INFO - Filling up the DagBag from /home/airflow/.local/lib/python3.8/site-packages/airflow/example_dags/example_local_kubernetes_executor.py
[2026-01-09T12:11:57.802+0000] {processor.py:840} INFO - DAG(s) 'example_local_kubernetes_executor' retrieved from /home/airflow/.local/lib/python3.8/site-packages/airflow/example_dags/example_local_kubernetes_executor.py
[2026-01-09T12:11:57.864+0000] {logging_mixin.py:188} INFO - [2026-01-09T12:11:57.863+0000] {dag.py:3036} INFO - Sync 1 DAGs
[2026-01-09T12:11:57.882+0000] {logging_mixin.py:188} INFO - [2026-01-09T12:11:57.881+0000] {dag.py:3823} INFO - Setting next_dagrun for example_local_kubernetes_executor to None, run_after=None
[2026-01-09T12:11:57.923+0000] {processor.py:183} INFO - Processing /home/airflow/.local/lib/python3.8/site-packages/airflow/example_dags/example_local_kubernetes_executor.py took 0.148 seconds
[2026-01-09T12:12:28.664+0000] {processor.py:161} INFO - Started process (PID=1977) to work on /home/airflow/.local/lib/python3.8/site-packages/airflow/example_dags/example_local_kubernetes_executor.py
[2026-01-09T12:12:28.667+0000] {processor.py:830} INFO - Processing file /home/airflow/.local/lib/python3.8/site-packages/airflow/example_dags/example_local_kubernetes_executor.py for tasks to queue
[2026-01-09T12:12:28.669+0000] {logging_mixin.py:188} INFO - [2026-01-09T12:12:28.668+0000] {dagbag.py:538} INFO - Filling up the DagBag from /home/airflow/.local/lib/python3.8/site-packages/airflow/example_dags/example_local_kubernetes_executor.py
[2026-01-09T12:12:28.684+0000] {processor.py:840} INFO - DAG(s) 'example_local_kubernetes_executor' retrieved from /home/airflow/.local/lib/python3.8/site-packages/airflow/example_dags/example_local_kubernetes_executor.py
[2026-01-09T12:12:28.749+0000] {logging_mixin.py:188} INFO - [2026-01-09T12:12:28.748+0000] {dag.py:3036} INFO - Sync 1 DAGs
[2026-01-09T12:12:28.770+0000] {logging_mixin.py:188} INFO - [2026-01-09T12:12:28.770+0000] {dag.py:3823} INFO - Setting next_dagrun for example_local_kubernetes_executor to None, run_after=None
[2026-01-09T12:12:28.815+0000] {processor.py:183} INFO - Processing /home/airflow/.local/lib/python3.8/site-packages/airflow/example_dags/example_local_kubernetes_executor.py took 0.157 seconds
[2026-01-09T12:12:59.282+0000] {processor.py:161} INFO - Started process (PID=2224) to work on /home/airflow/.local/lib/python3.8/site-packages/airflow/example_dags/example_local_kubernetes_executor.py
[2026-01-09T12:12:59.289+0000] {processor.py:830} INFO - Processing file /home/airflow/.local/lib/python3.8/site-packages/airflow/example_dags/example_local_kubernetes_executor.py for tasks to queue
[2026-01-09T12:12:59.291+0000] {logging_mixin.py:188} INFO - [2026-01-09T12:12:59.290+0000] {dagbag.py:538} INFO - Filling up the DagBag from /home/airflow/.local/lib/python3.8/site-packages/airflow/example_dags/example_local_kubernetes_executor.py
[2026-01-09T12:12:59.307+0000] {processor.py:840} INFO - DAG(s) 'example_local_kubernetes_executor' retrieved from /home/airflow/.local/lib/python3.8/site-packages/airflow/example_dags/example_local_kubernetes_executor.py
[2026-01-09T12:12:59.370+0000] {logging_mixin.py:188} INFO - [2026-01-09T12:12:59.370+0000] {dag.py:3036} INFO - Sync 1 DAGs
[2026-01-09T12:12:59.390+0000] {logging_mixin.py:188} INFO - [2026-01-09T12:12:59.390+0000] {dag.py:3823} INFO - Setting next_dagrun for example_local_kubernetes_executor to None, run_after=None
[2026-01-09T12:12:59.434+0000] {processor.py:183} INFO - Processing /home/airflow/.local/lib/python3.8/site-packages/airflow/example_dags/example_local_kubernetes_executor.py took 0.159 seconds
[2026-01-09T12:13:29.681+0000] {processor.py:161} INFO - Started process (PID=2473) to work on /home/airflow/.local/lib/python3.8/site-packages/airflow/example_dags/example_local_kubernetes_executor.py
[2026-01-09T12:13:29.683+0000] {processor.py:830} INFO - Processing file /home/airflow/.local/lib/python3.8/site-packages/airflow/example_dags/example_local_kubernetes_executor.py for tasks to queue
[2026-01-09T12:13:29.684+0000] {logging_mixin.py:188} INFO - [2026-01-09T12:13:29.684+0000] {dagbag.py:538} INFO - Filling up the DagBag from /home/airflow/.local/lib/python3.8/site-packages/airflow/example_dags/example_local_kubernetes_executor.py
[2026-01-09T12:13:29.696+0000] {processor.py:840} INFO - DAG(s) 'example_local_kubernetes_executor' retrieved from /home/airflow/.local/lib/python3.8/site-packages/airflow/example_dags/example_local_kubernetes_executor.py
[2026-01-09T12:13:29.759+0000] {logging_mixin.py:188} INFO - [2026-01-09T12:13:29.758+0000] {dag.py:3036} INFO - Sync 1 DAGs
[2026-01-09T12:13:29.780+0000] {logging_mixin.py:188} INFO - [2026-01-09T12:13:29.780+0000] {dag.py:3823} INFO - Setting next_dagrun for example_local_kubernetes_executor to None, run_after=None
[2026-01-09T12:13:29.822+0000] {processor.py:183} INFO - Processing /home/airflow/.local/lib/python3.8/site-packages/airflow/example_dags/example_local_kubernetes_executor.py took 0.146 seconds
[2026-01-09T12:13:59.878+0000] {processor.py:161} INFO - Started process (PID=2718) to work on /home/airflow/.local/lib/python3.8/site-packages/airflow/example_dags/example_local_kubernetes_executor.py
[2026-01-09T12:13:59.880+0000] {processor.py:830} INFO - Processing file /home/airflow/.local/lib/python3.8/site-packages/airflow/example_dags/example_local_kubernetes_executor.py for tasks to queue
[2026-01-09T12:13:59.882+0000] {logging_mixin.py:188} INFO - [2026-01-09T12:13:59.881+0000] {dagbag.py:538} INFO - Filling up the DagBag from /home/airflow/.local/lib/python3.8/site-packages/airflow/example_dags/example_local_kubernetes_executor.py
[2026-01-09T12:13:59.895+0000] {processor.py:840} INFO - DAG(s) 'example_local_kubernetes_executor' retrieved from /home/airflow/.local/lib/python3.8/site-packages/airflow/example_dags/example_local_kubernetes_executor.py
[2026-01-09T12:13:59.957+0000] {logging_mixin.py:188} INFO - [2026-01-09T12:13:59.956+0000] {dag.py:3036} INFO - Sync 1 DAGs
[2026-01-09T12:13:59.978+0000] {logging_mixin.py:188} INFO - [2026-01-09T12:13:59.977+0000] {dag.py:3823} INFO - Setting next_dagrun for example_local_kubernetes_executor to None, run_after=None
[2026-01-09T12:14:00.023+0000] {processor.py:183} INFO - Processing /home/airflow/.local/lib/python3.8/site-packages/airflow/example_dags/example_local_kubernetes_executor.py took 0.153 seconds
[2026-01-09T12:14:30.279+0000] {processor.py:161} INFO - Started process (PID=2965) to work on /home/airflow/.local/lib/python3.8/site-packages/airflow/example_dags/example_local_kubernetes_executor.py
[2026-01-09T12:14:30.281+0000] {processor.py:830} INFO - Processing file /home/airflow/.local/lib/python3.8/site-packages/airflow/example_dags/example_local_kubernetes_executor.py for tasks to queue
[2026-01-09T12:14:30.282+0000] {logging_mixin.py:188} INFO - [2026-01-09T12:14:30.282+0000] {dagbag.py:538} INFO - Filling up the DagBag from /home/airflow/.local/lib/python3.8/site-packages/airflow/example_dags/example_local_kubernetes_executor.py
[2026-01-09T12:14:30.298+0000] {processor.py:840} INFO - DAG(s) 'example_local_kubernetes_executor' retrieved from /home/airflow/.local/lib/python3.8/site-packages/airflow/example_dags/example_local_kubernetes_executor.py
[2026-01-09T12:14:30.357+0000] {logging_mixin.py:188} INFO - [2026-01-09T12:14:30.357+0000] {dag.py:3036} INFO - Sync 1 DAGs
[2026-01-09T12:14:30.379+0000] {logging_mixin.py:188} INFO - [2026-01-09T12:14:30.378+0000] {dag.py:3823} INFO - Setting next_dagrun for example_local_kubernetes_executor to None, run_after=None
[2026-01-09T12:14:30.419+0000] {processor.py:183} INFO - Processing /home/airflow/.local/lib/python3.8/site-packages/airflow/example_dags/example_local_kubernetes_executor.py took 0.146 seconds
[2026-01-09T12:15:00.687+0000] {processor.py:161} INFO - Started process (PID=3212) to work on /home/airflow/.local/lib/python3.8/site-packages/airflow/example_dags/example_local_kubernetes_executor.py
[2026-01-09T12:15:00.690+0000] {processor.py:830} INFO - Processing file /home/airflow/.local/lib/python3.8/site-packages/airflow/example_dags/example_local_kubernetes_executor.py for tasks to queue
[2026-01-09T12:15:00.691+0000] {logging_mixin.py:188} INFO - [2026-01-09T12:15:00.691+0000] {dagbag.py:538} INFO - Filling up the DagBag from /home/airflow/.local/lib/python3.8/site-packages/airflow/example_dags/example_local_kubernetes_executor.py
[2026-01-09T12:15:00.705+0000] {processor.py:840} INFO - DAG(s) 'example_local_kubernetes_executor' retrieved from /home/airflow/.local/lib/python3.8/site-packages/airflow/example_dags/example_local_kubernetes_executor.py
[2026-01-09T12:15:00.765+0000] {logging_mixin.py:188} INFO - [2026-01-09T12:15:00.765+0000] {dag.py:3036} INFO - Sync 1 DAGs
[2026-01-09T12:15:00.788+0000] {logging_mixin.py:188} INFO - [2026-01-09T12:15:00.787+0000] {dag.py:3823} INFO - Setting next_dagrun for example_local_kubernetes_executor to None, run_after=None
[2026-01-09T12:15:00.834+0000] {processor.py:183} INFO - Processing /home/airflow/.local/lib/python3.8/site-packages/airflow/example_dags/example_local_kubernetes_executor.py took 0.154 seconds
[2026-01-09T12:15:30.941+0000] {processor.py:161} INFO - Started process (PID=3459) to work on /home/airflow/.local/lib/python3.8/site-packages/airflow/example_dags/example_local_kubernetes_executor.py
[2026-01-09T12:15:30.944+0000] {processor.py:830} INFO - Processing file /home/airflow/.local/lib/python3.8/site-packages/airflow/example_dags/example_local_kubernetes_executor.py for tasks to queue
[2026-01-09T12:15:30.946+0000] {logging_mixin.py:188} INFO - [2026-01-09T12:15:30.945+0000] {dagbag.py:538} INFO - Filling up the DagBag from /home/airflow/.local/lib/python3.8/site-packages/airflow/example_dags/example_local_kubernetes_executor.py
[2026-01-09T12:15:30.959+0000] {processor.py:840} INFO - DAG(s) 'example_local_kubernetes_executor' retrieved from /home/airflow/.local/lib/python3.8/site-packages/airflow/example_dags/example_local_kubernetes_executor.py
[2026-01-09T12:15:31.029+0000] {logging_mixin.py:188} INFO - [2026-01-09T12:15:31.028+0000] {dag.py:3036} INFO - Sync 1 DAGs
[2026-01-09T12:15:31.050+0000] {logging_mixin.py:188} INFO - [2026-01-09T12:15:31.049+0000] {dag.py:3823} INFO - Setting next_dagrun for example_local_kubernetes_executor to None, run_after=None
[2026-01-09T12:15:31.093+0000] {processor.py:183} INFO - Processing /home/airflow/.local/lib/python3.8/site-packages/airflow/example_dags/example_local_kubernetes_executor.py took 0.158 seconds
[2026-01-09T12:16:01.364+0000] {processor.py:161} INFO - Started process (PID=3705) to work on /home/airflow/.local/lib/python3.8/site-packages/airflow/example_dags/example_local_kubernetes_executor.py
[2026-01-09T12:16:01.365+0000] {processor.py:830} INFO - Processing file /home/airflow/.local/lib/python3.8/site-packages/airflow/example_dags/example_local_kubernetes_executor.py for tasks to queue
[2026-01-09T12:16:01.367+0000] {logging_mixin.py:188} INFO - [2026-01-09T12:16:01.366+0000] {dagbag.py:538} INFO - Filling up the DagBag from /home/airflow/.local/lib/python3.8/site-packages/airflow/example_dags/example_local_kubernetes_executor.py
[2026-01-09T12:16:01.384+0000] {processor.py:840} INFO - DAG(s) 'example_local_kubernetes_executor' retrieved from /home/airflow/.local/lib/python3.8/site-packages/airflow/example_dags/example_local_kubernetes_executor.py
[2026-01-09T12:16:01.445+0000] {logging_mixin.py:188} INFO - [2026-01-09T12:16:01.445+0000] {dag.py:3036} INFO - Sync 1 DAGs
[2026-01-09T12:16:01.465+0000] {logging_mixin.py:188} INFO - [2026-01-09T12:16:01.465+0000] {dag.py:3823} INFO - Setting next_dagrun for example_local_kubernetes_executor to None, run_after=None
[2026-01-09T12:16:01.508+0000] {processor.py:183} INFO - Processing /home/airflow/.local/lib/python3.8/site-packages/airflow/example_dags/example_local_kubernetes_executor.py took 0.150 seconds
[2026-01-09T12:16:32.129+0000] {processor.py:161} INFO - Started process (PID=3952) to work on /home/airflow/.local/lib/python3.8/site-packages/airflow/example_dags/example_local_kubernetes_executor.py
[2026-01-09T12:16:32.134+0000] {processor.py:830} INFO - Processing file /home/airflow/.local/lib/python3.8/site-packages/airflow/example_dags/example_local_kubernetes_executor.py for tasks to queue
[2026-01-09T12:16:32.136+0000] {logging_mixin.py:188} INFO - [2026-01-09T12:16:32.135+0000] {dagbag.py:538} INFO - Filling up the DagBag from /home/airflow/.local/lib/python3.8/site-packages/airflow/example_dags/example_local_kubernetes_executor.py
[2026-01-09T12:16:32.152+0000] {processor.py:840} INFO - DAG(s) 'example_local_kubernetes_executor' retrieved from /home/airflow/.local/lib/python3.8/site-packages/airflow/example_dags/example_local_kubernetes_executor.py
[2026-01-09T12:16:32.241+0000] {logging_mixin.py:188} INFO - [2026-01-09T12:16:32.241+0000] {dag.py:3036} INFO - Sync 1 DAGs
[2026-01-09T12:16:32.279+0000] {logging_mixin.py:188} INFO - [2026-01-09T12:16:32.278+0000] {dag.py:3823} INFO - Setting next_dagrun for example_local_kubernetes_executor to None, run_after=None
[2026-01-09T12:16:32.331+0000] {processor.py:183} INFO - Processing /home/airflow/.local/lib/python3.8/site-packages/airflow/example_dags/example_local_kubernetes_executor.py took 0.218 seconds
[2026-01-09T12:17:02.929+0000] {processor.py:161} INFO - Started process (PID=4199) to work on /home/airflow/.local/lib/python3.8/site-packages/airflow/example_dags/example_local_kubernetes_executor.py
[2026-01-09T12:17:02.933+0000] {processor.py:830} INFO - Processing file /home/airflow/.local/lib/python3.8/site-packages/airflow/example_dags/example_local_kubernetes_executor.py for tasks to queue
[2026-01-09T12:17:02.935+0000] {logging_mixin.py:188} INFO - [2026-01-09T12:17:02.934+0000] {dagbag.py:538} INFO - Filling up the DagBag from /home/airflow/.local/lib/python3.8/site-packages/airflow/example_dags/example_local_kubernetes_executor.py
[2026-01-09T12:17:02.948+0000] {processor.py:840} INFO - DAG(s) 'example_local_kubernetes_executor' retrieved from /home/airflow/.local/lib/python3.8/site-packages/airflow/example_dags/example_local_kubernetes_executor.py
[2026-01-09T12:17:03.006+0000] {logging_mixin.py:188} INFO - [2026-01-09T12:17:03.006+0000] {dag.py:3036} INFO - Sync 1 DAGs
[2026-01-09T12:17:03.025+0000] {logging_mixin.py:188} INFO - [2026-01-09T12:17:03.025+0000] {dag.py:3823} INFO - Setting next_dagrun for example_local_kubernetes_executor to None, run_after=None
[2026-01-09T12:17:03.065+0000] {processor.py:183} INFO - Processing /home/airflow/.local/lib/python3.8/site-packages/airflow/example_dags/example_local_kubernetes_executor.py took 0.142 seconds
[2026-01-09T12:17:33.410+0000] {processor.py:161} INFO - Started process (PID=4446) to work on /home/airflow/.local/lib/python3.8/site-packages/airflow/example_dags/example_local_kubernetes_executor.py
[2026-01-09T12:17:33.412+0000] {processor.py:830} INFO - Processing file /home/airflow/.local/lib/python3.8/site-packages/airflow/example_dags/example_local_kubernetes_executor.py for tasks to queue
[2026-01-09T12:17:33.414+0000] {logging_mixin.py:188} INFO - [2026-01-09T12:17:33.413+0000] {dagbag.py:538} INFO - Filling up the DagBag from /home/airflow/.local/lib/python3.8/site-packages/airflow/example_dags/example_local_kubernetes_executor.py
[2026-01-09T12:17:33.428+0000] {processor.py:840} INFO - DAG(s) 'example_local_kubernetes_executor' retrieved from /home/airflow/.local/lib/python3.8/site-packages/airflow/example_dags/example_local_kubernetes_executor.py
[2026-01-09T12:17:33.487+0000] {logging_mixin.py:188} INFO - [2026-01-09T12:17:33.487+0000] {dag.py:3036} INFO - Sync 1 DAGs
[2026-01-09T12:17:33.510+0000] {logging_mixin.py:188} INFO - [2026-01-09T12:17:33.510+0000] {dag.py:3823} INFO - Setting next_dagrun for example_local_kubernetes_executor to None, run_after=None
[2026-01-09T12:17:33.554+0000] {processor.py:183} INFO - Processing /home/airflow/.local/lib/python3.8/site-packages/airflow/example_dags/example_local_kubernetes_executor.py took 0.152 seconds
[2026-01-09T12:18:04.328+0000] {processor.py:161} INFO - Started process (PID=4693) to work on /home/airflow/.local/lib/python3.8/site-packages/airflow/example_dags/example_local_kubernetes_executor.py
[2026-01-09T12:18:04.333+0000] {processor.py:830} INFO - Processing file /home/airflow/.local/lib/python3.8/site-packages/airflow/example_dags/example_local_kubernetes_executor.py for tasks to queue
[2026-01-09T12:18:04.335+0000] {logging_mixin.py:188} INFO - [2026-01-09T12:18:04.334+0000] {dagbag.py:538} INFO - Filling up the DagBag from /home/airflow/.local/lib/python3.8/site-packages/airflow/example_dags/example_local_kubernetes_executor.py
[2026-01-09T12:18:04.364+0000] {processor.py:840} INFO - DAG(s) 'example_local_kubernetes_executor' retrieved from /home/airflow/.local/lib/python3.8/site-packages/airflow/example_dags/example_local_kubernetes_executor.py
[2026-01-09T12:18:04.444+0000] {logging_mixin.py:188} INFO - [2026-01-09T12:18:04.444+0000] {dag.py:3036} INFO - Sync 1 DAGs
[2026-01-09T12:18:04.472+0000] {logging_mixin.py:188} INFO - [2026-01-09T12:18:04.472+0000] {dag.py:3823} INFO - Setting next_dagrun for example_local_kubernetes_executor to None, run_after=None
[2026-01-09T12:18:04.517+0000] {processor.py:183} INFO - Processing /home/airflow/.local/lib/python3.8/site-packages/airflow/example_dags/example_local_kubernetes_executor.py took 0.210 seconds
[2026-01-09T12:18:34.653+0000] {processor.py:161} INFO - Started process (PID=4940) to work on /home/airflow/.local/lib/python3.8/site-packages/airflow/example_dags/example_local_kubernetes_executor.py
[2026-01-09T12:18:34.655+0000] {processor.py:830} INFO - Processing file /home/airflow/.local/lib/python3.8/site-packages/airflow/example_dags/example_local_kubernetes_executor.py for tasks to queue
[2026-01-09T12:18:34.656+0000] {logging_mixin.py:188} INFO - [2026-01-09T12:18:34.656+0000] {dagbag.py:538} INFO - Filling up the DagBag from /home/airflow/.local/lib/python3.8/site-packages/airflow/example_dags/example_local_kubernetes_executor.py
[2026-01-09T12:18:34.669+0000] {processor.py:840} INFO - DAG(s) 'example_local_kubernetes_executor' retrieved from /home/airflow/.local/lib/python3.8/site-packages/airflow/example_dags/example_local_kubernetes_executor.py
[2026-01-09T12:18:34.728+0000] {logging_mixin.py:188} INFO - [2026-01-09T12:18:34.728+0000] {dag.py:3036} INFO - Sync 1 DAGs
[2026-01-09T12:18:34.749+0000] {logging_mixin.py:188} INFO - [2026-01-09T12:18:34.748+0000] {dag.py:3823} INFO - Setting next_dagrun for example_local_kubernetes_executor to None, run_after=None
[2026-01-09T12:18:34.788+0000] {processor.py:183} INFO - Processing /home/airflow/.local/lib/python3.8/site-packages/airflow/example_dags/example_local_kubernetes_executor.py took 0.142 seconds
[2026-01-09T12:19:05.361+0000] {processor.py:161} INFO - Started process (PID=5187) to work on /home/airflow/.local/lib/python3.8/site-packages/airflow/example_dags/example_local_kubernetes_executor.py
[2026-01-09T12:19:05.363+0000] {processor.py:830} INFO - Processing file /home/airflow/.local/lib/python3.8/site-packages/airflow/example_dags/example_local_kubernetes_executor.py for tasks to queue
[2026-01-09T12:19:05.364+0000] {logging_mixin.py:188} INFO - [2026-01-09T12:19:05.364+0000] {dagbag.py:538} INFO - Filling up the DagBag from /home/airflow/.local/lib/python3.8/site-packages/airflow/example_dags/example_local_kubernetes_executor.py
[2026-01-09T12:19:05.380+0000] {processor.py:840} INFO - DAG(s) 'example_local_kubernetes_executor' retrieved from /home/airflow/.local/lib/python3.8/site-packages/airflow/example_dags/example_local_kubernetes_executor.py
[2026-01-09T12:19:05.450+0000] {logging_mixin.py:188} INFO - [2026-01-09T12:19:05.449+0000] {dag.py:3036} INFO - Sync 1 DAGs
[2026-01-09T12:19:05.476+0000] {logging_mixin.py:188} INFO - [2026-01-09T12:19:05.476+0000] {dag.py:3823} INFO - Setting next_dagrun for example_local_kubernetes_executor to None, run_after=None
[2026-01-09T12:19:05.531+0000] {processor.py:183} INFO - Processing /home/airflow/.local/lib/python3.8/site-packages/airflow/example_dags/example_local_kubernetes_executor.py took 0.177 seconds
[2026-01-09T12:19:36.061+0000] {processor.py:161} INFO - Started process (PID=5434) to work on /home/airflow/.local/lib/python3.8/site-packages/airflow/example_dags/example_local_kubernetes_executor.py
[2026-01-09T12:19:36.063+0000] {processor.py:830} INFO - Processing file /home/airflow/.local/lib/python3.8/site-packages/airflow/example_dags/example_local_kubernetes_executor.py for tasks to queue
[2026-01-09T12:19:36.065+0000] {logging_mixin.py:188} INFO - [2026-01-09T12:19:36.064+0000] {dagbag.py:538} INFO - Filling up the DagBag from /home/airflow/.local/lib/python3.8/site-packages/airflow/example_dags/example_local_kubernetes_executor.py
[2026-01-09T12:19:36.081+0000] {processor.py:840} INFO - DAG(s) 'example_local_kubernetes_executor' retrieved from /home/airflow/.local/lib/python3.8/site-packages/airflow/example_dags/example_local_kubernetes_executor.py
[2026-01-09T12:19:36.157+0000] {logging_mixin.py:188} INFO - [2026-01-09T12:19:36.156+0000] {dag.py:3036} INFO - Sync 1 DAGs
[2026-01-09T12:19:36.180+0000] {logging_mixin.py:188} INFO - [2026-01-09T12:19:36.179+0000] {dag.py:3823} INFO - Setting next_dagrun for example_local_kubernetes_executor to None, run_after=None
[2026-01-09T12:19:36.228+0000] {processor.py:183} INFO - Processing /home/airflow/.local/lib/python3.8/site-packages/airflow/example_dags/example_local_kubernetes_executor.py took 0.175 seconds
[2026-01-09T12:20:06.990+0000] {processor.py:161} INFO - Started process (PID=5681) to work on /home/airflow/.local/lib/python3.8/site-packages/airflow/example_dags/example_local_kubernetes_executor.py
[2026-01-09T12:20:06.998+0000] {processor.py:830} INFO - Processing file /home/airflow/.local/lib/python3.8/site-packages/airflow/example_dags/example_local_kubernetes_executor.py for tasks to queue
[2026-01-09T12:20:07.000+0000] {logging_mixin.py:188} INFO - [2026-01-09T12:20:06.999+0000] {dagbag.py:538} INFO - Filling up the DagBag from /home/airflow/.local/lib/python3.8/site-packages/airflow/example_dags/example_local_kubernetes_executor.py
[2026-01-09T12:20:07.015+0000] {processor.py:840} INFO - DAG(s) 'example_local_kubernetes_executor' retrieved from /home/airflow/.local/lib/python3.8/site-packages/airflow/example_dags/example_local_kubernetes_executor.py
[2026-01-09T12:20:07.091+0000] {logging_mixin.py:188} INFO - [2026-01-09T12:20:07.090+0000] {dag.py:3036} INFO - Sync 1 DAGs
[2026-01-09T12:20:07.113+0000] {logging_mixin.py:188} INFO - [2026-01-09T12:20:07.112+0000] {dag.py:3823} INFO - Setting next_dagrun for example_local_kubernetes_executor to None, run_after=None
[2026-01-09T12:20:07.154+0000] {processor.py:183} INFO - Processing /home/airflow/.local/lib/python3.8/site-packages/airflow/example_dags/example_local_kubernetes_executor.py took 0.171 seconds
[2026-01-09T12:20:37.510+0000] {processor.py:161} INFO - Started process (PID=5930) to work on /home/airflow/.local/lib/python3.8/site-packages/airflow/example_dags/example_local_kubernetes_executor.py
[2026-01-09T12:20:37.512+0000] {processor.py:830} INFO - Processing file /home/airflow/.local/lib/python3.8/site-packages/airflow/example_dags/example_local_kubernetes_executor.py for tasks to queue
[2026-01-09T12:20:37.515+0000] {logging_mixin.py:188} INFO - [2026-01-09T12:20:37.514+0000] {dagbag.py:538} INFO - Filling up the DagBag from /home/airflow/.local/lib/python3.8/site-packages/airflow/example_dags/example_local_kubernetes_executor.py
[2026-01-09T12:20:37.534+0000] {processor.py:840} INFO - DAG(s) 'example_local_kubernetes_executor' retrieved from /home/airflow/.local/lib/python3.8/site-packages/airflow/example_dags/example_local_kubernetes_executor.py
[2026-01-09T12:20:37.609+0000] {logging_mixin.py:188} INFO - [2026-01-09T12:20:37.608+0000] {dag.py:3036} INFO - Sync 1 DAGs
[2026-01-09T12:20:37.635+0000] {logging_mixin.py:188} INFO - [2026-01-09T12:20:37.635+0000] {dag.py:3823} INFO - Setting next_dagrun for example_local_kubernetes_executor to None, run_after=None
[2026-01-09T12:20:37.677+0000] {processor.py:183} INFO - Processing /home/airflow/.local/lib/python3.8/site-packages/airflow/example_dags/example_local_kubernetes_executor.py took 0.175 seconds
[2026-01-09T12:21:08.186+0000] {processor.py:161} INFO - Started process (PID=6177) to work on /home/airflow/.local/lib/python3.8/site-packages/airflow/example_dags/example_local_kubernetes_executor.py
[2026-01-09T12:21:08.189+0000] {processor.py:830} INFO - Processing file /home/airflow/.local/lib/python3.8/site-packages/airflow/example_dags/example_local_kubernetes_executor.py for tasks to queue
[2026-01-09T12:21:08.190+0000] {logging_mixin.py:188} INFO - [2026-01-09T12:21:08.190+0000] {dagbag.py:538} INFO - Filling up the DagBag from /home/airflow/.local/lib/python3.8/site-packages/airflow/example_dags/example_local_kubernetes_executor.py
[2026-01-09T12:21:08.211+0000] {processor.py:840} INFO - DAG(s) 'example_local_kubernetes_executor' retrieved from /home/airflow/.local/lib/python3.8/site-packages/airflow/example_dags/example_local_kubernetes_executor.py
[2026-01-09T12:21:08.300+0000] {logging_mixin.py:188} INFO - [2026-01-09T12:21:08.300+0000] {dag.py:3036} INFO - Sync 1 DAGs
[2026-01-09T12:21:08.330+0000] {logging_mixin.py:188} INFO - [2026-01-09T12:21:08.328+0000] {dag.py:3823} INFO - Setting next_dagrun for example_local_kubernetes_executor to None, run_after=None
[2026-01-09T12:21:08.376+0000] {processor.py:183} INFO - Processing /home/airflow/.local/lib/python3.8/site-packages/airflow/example_dags/example_local_kubernetes_executor.py took 0.197 seconds
[2026-01-09T12:21:38.507+0000] {processor.py:161} INFO - Started process (PID=6422) to work on /home/airflow/.local/lib/python3.8/site-packages/airflow/example_dags/example_local_kubernetes_executor.py
[2026-01-09T12:21:38.510+0000] {processor.py:830} INFO - Processing file /home/airflow/.local/lib/python3.8/site-packages/airflow/example_dags/example_local_kubernetes_executor.py for tasks to queue
[2026-01-09T12:21:38.513+0000] {logging_mixin.py:188} INFO - [2026-01-09T12:21:38.512+0000] {dagbag.py:538} INFO - Filling up the DagBag from /home/airflow/.local/lib/python3.8/site-packages/airflow/example_dags/example_local_kubernetes_executor.py
[2026-01-09T12:21:38.537+0000] {processor.py:840} INFO - DAG(s) 'example_local_kubernetes_executor' retrieved from /home/airflow/.local/lib/python3.8/site-packages/airflow/example_dags/example_local_kubernetes_executor.py
[2026-01-09T12:21:38.639+0000] {logging_mixin.py:188} INFO - [2026-01-09T12:21:38.639+0000] {dag.py:3036} INFO - Sync 1 DAGs
[2026-01-09T12:21:38.680+0000] {logging_mixin.py:188} INFO - [2026-01-09T12:21:38.679+0000] {dag.py:3823} INFO - Setting next_dagrun for example_local_kubernetes_executor to None, run_after=None
[2026-01-09T12:21:38.750+0000] {processor.py:183} INFO - Processing /home/airflow/.local/lib/python3.8/site-packages/airflow/example_dags/example_local_kubernetes_executor.py took 0.251 seconds
[2026-01-09T12:22:08.870+0000] {processor.py:161} INFO - Started process (PID=6670) to work on /home/airflow/.local/lib/python3.8/site-packages/airflow/example_dags/example_local_kubernetes_executor.py
[2026-01-09T12:22:08.873+0000] {processor.py:830} INFO - Processing file /home/airflow/.local/lib/python3.8/site-packages/airflow/example_dags/example_local_kubernetes_executor.py for tasks to queue
[2026-01-09T12:22:08.875+0000] {logging_mixin.py:188} INFO - [2026-01-09T12:22:08.874+0000] {dagbag.py:538} INFO - Filling up the DagBag from /home/airflow/.local/lib/python3.8/site-packages/airflow/example_dags/example_local_kubernetes_executor.py
[2026-01-09T12:22:08.889+0000] {processor.py:840} INFO - DAG(s) 'example_local_kubernetes_executor' retrieved from /home/airflow/.local/lib/python3.8/site-packages/airflow/example_dags/example_local_kubernetes_executor.py
[2026-01-09T12:22:08.956+0000] {logging_mixin.py:188} INFO - [2026-01-09T12:22:08.956+0000] {dag.py:3036} INFO - Sync 1 DAGs
[2026-01-09T12:22:08.981+0000] {logging_mixin.py:188} INFO - [2026-01-09T12:22:08.980+0000] {dag.py:3823} INFO - Setting next_dagrun for example_local_kubernetes_executor to None, run_after=None
[2026-01-09T12:22:09.022+0000] {processor.py:183} INFO - Processing /home/airflow/.local/lib/python3.8/site-packages/airflow/example_dags/example_local_kubernetes_executor.py took 0.159 seconds
[2026-01-09T12:22:39.614+0000] {processor.py:161} INFO - Started process (PID=6919) to work on /home/airflow/.local/lib/python3.8/site-packages/airflow/example_dags/example_local_kubernetes_executor.py
[2026-01-09T12:22:39.618+0000] {processor.py:830} INFO - Processing file /home/airflow/.local/lib/python3.8/site-packages/airflow/example_dags/example_local_kubernetes_executor.py for tasks to queue
[2026-01-09T12:22:39.620+0000] {logging_mixin.py:188} INFO - [2026-01-09T12:22:39.619+0000] {dagbag.py:538} INFO - Filling up the DagBag from /home/airflow/.local/lib/python3.8/site-packages/airflow/example_dags/example_local_kubernetes_executor.py
[2026-01-09T12:22:39.637+0000] {processor.py:840} INFO - DAG(s) 'example_local_kubernetes_executor' retrieved from /home/airflow/.local/lib/python3.8/site-packages/airflow/example_dags/example_local_kubernetes_executor.py
[2026-01-09T12:22:39.723+0000] {logging_mixin.py:188} INFO - [2026-01-09T12:22:39.723+0000] {dag.py:3036} INFO - Sync 1 DAGs
[2026-01-09T12:22:39.754+0000] {logging_mixin.py:188} INFO - [2026-01-09T12:22:39.754+0000] {dag.py:3823} INFO - Setting next_dagrun for example_local_kubernetes_executor to None, run_after=None
[2026-01-09T12:22:39.813+0000] {processor.py:183} INFO - Processing /home/airflow/.local/lib/python3.8/site-packages/airflow/example_dags/example_local_kubernetes_executor.py took 0.209 seconds
[2026-01-09T12:23:09.946+0000] {processor.py:161} INFO - Started process (PID=7164) to work on /home/airflow/.local/lib/python3.8/site-packages/airflow/example_dags/example_local_kubernetes_executor.py
[2026-01-09T12:23:09.952+0000] {processor.py:830} INFO - Processing file /home/airflow/.local/lib/python3.8/site-packages/airflow/example_dags/example_local_kubernetes_executor.py for tasks to queue
[2026-01-09T12:23:09.954+0000] {logging_mixin.py:188} INFO - [2026-01-09T12:23:09.954+0000] {dagbag.py:538} INFO - Filling up the DagBag from /home/airflow/.local/lib/python3.8/site-packages/airflow/example_dags/example_local_kubernetes_executor.py
[2026-01-09T12:23:09.974+0000] {processor.py:840} INFO - DAG(s) 'example_local_kubernetes_executor' retrieved from /home/airflow/.local/lib/python3.8/site-packages/airflow/example_dags/example_local_kubernetes_executor.py
[2026-01-09T12:23:10.051+0000] {logging_mixin.py:188} INFO - [2026-01-09T12:23:10.050+0000] {dag.py:3036} INFO - Sync 1 DAGs
[2026-01-09T12:23:10.076+0000] {logging_mixin.py:188} INFO - [2026-01-09T12:23:10.076+0000] {dag.py:3823} INFO - Setting next_dagrun for example_local_kubernetes_executor to None, run_after=None
[2026-01-09T12:23:10.121+0000] {processor.py:183} INFO - Processing /home/airflow/.local/lib/python3.8/site-packages/airflow/example_dags/example_local_kubernetes_executor.py took 0.184 seconds
[2026-01-09T12:23:41.174+0000] {processor.py:161} INFO - Started process (PID=7411) to work on /home/airflow/.local/lib/python3.8/site-packages/airflow/example_dags/example_local_kubernetes_executor.py
[2026-01-09T12:23:41.178+0000] {processor.py:830} INFO - Processing file /home/airflow/.local/lib/python3.8/site-packages/airflow/example_dags/example_local_kubernetes_executor.py for tasks to queue
[2026-01-09T12:23:41.180+0000] {logging_mixin.py:188} INFO - [2026-01-09T12:23:41.179+0000] {dagbag.py:538} INFO - Filling up the DagBag from /home/airflow/.local/lib/python3.8/site-packages/airflow/example_dags/example_local_kubernetes_executor.py
[2026-01-09T12:23:41.198+0000] {processor.py:840} INFO - DAG(s) 'example_local_kubernetes_executor' retrieved from /home/airflow/.local/lib/python3.8/site-packages/airflow/example_dags/example_local_kubernetes_executor.py
[2026-01-09T12:23:41.275+0000] {logging_mixin.py:188} INFO - [2026-01-09T12:23:41.275+0000] {dag.py:3036} INFO - Sync 1 DAGs
[2026-01-09T12:23:41.302+0000] {logging_mixin.py:188} INFO - [2026-01-09T12:23:41.302+0000] {dag.py:3823} INFO - Setting next_dagrun for example_local_kubernetes_executor to None, run_after=None
[2026-01-09T12:23:41.358+0000] {processor.py:183} INFO - Processing /home/airflow/.local/lib/python3.8/site-packages/airflow/example_dags/example_local_kubernetes_executor.py took 0.192 seconds
[2026-01-09T12:24:11.890+0000] {processor.py:161} INFO - Started process (PID=7659) to work on /home/airflow/.local/lib/python3.8/site-packages/airflow/example_dags/example_local_kubernetes_executor.py
[2026-01-09T12:24:11.893+0000] {processor.py:830} INFO - Processing file /home/airflow/.local/lib/python3.8/site-packages/airflow/example_dags/example_local_kubernetes_executor.py for tasks to queue
[2026-01-09T12:24:11.895+0000] {logging_mixin.py:188} INFO - [2026-01-09T12:24:11.894+0000] {dagbag.py:538} INFO - Filling up the DagBag from /home/airflow/.local/lib/python3.8/site-packages/airflow/example_dags/example_local_kubernetes_executor.py
[2026-01-09T12:24:11.916+0000] {processor.py:840} INFO - DAG(s) 'example_local_kubernetes_executor' retrieved from /home/airflow/.local/lib/python3.8/site-packages/airflow/example_dags/example_local_kubernetes_executor.py
[2026-01-09T12:24:11.987+0000] {logging_mixin.py:188} INFO - [2026-01-09T12:24:11.986+0000] {dag.py:3036} INFO - Sync 1 DAGs
[2026-01-09T12:24:12.015+0000] {logging_mixin.py:188} INFO - [2026-01-09T12:24:12.014+0000] {dag.py:3823} INFO - Setting next_dagrun for example_local_kubernetes_executor to None, run_after=None
[2026-01-09T12:24:12.066+0000] {processor.py:183} INFO - Processing /home/airflow/.local/lib/python3.8/site-packages/airflow/example_dags/example_local_kubernetes_executor.py took 0.186 seconds
[2026-01-09T12:24:42.511+0000] {processor.py:161} INFO - Started process (PID=7906) to work on /home/airflow/.local/lib/python3.8/site-packages/airflow/example_dags/example_local_kubernetes_executor.py
[2026-01-09T12:24:42.514+0000] {processor.py:830} INFO - Processing file /home/airflow/.local/lib/python3.8/site-packages/airflow/example_dags/example_local_kubernetes_executor.py for tasks to queue
[2026-01-09T12:24:42.516+0000] {logging_mixin.py:188} INFO - [2026-01-09T12:24:42.515+0000] {dagbag.py:538} INFO - Filling up the DagBag from /home/airflow/.local/lib/python3.8/site-packages/airflow/example_dags/example_local_kubernetes_executor.py
[2026-01-09T12:24:42.533+0000] {processor.py:840} INFO - DAG(s) 'example_local_kubernetes_executor' retrieved from /home/airflow/.local/lib/python3.8/site-packages/airflow/example_dags/example_local_kubernetes_executor.py
[2026-01-09T12:24:42.606+0000] {logging_mixin.py:188} INFO - [2026-01-09T12:24:42.605+0000] {dag.py:3036} INFO - Sync 1 DAGs
[2026-01-09T12:24:42.631+0000] {logging_mixin.py:188} INFO - [2026-01-09T12:24:42.630+0000] {dag.py:3823} INFO - Setting next_dagrun for example_local_kubernetes_executor to None, run_after=None
[2026-01-09T12:24:42.683+0000] {processor.py:183} INFO - Processing /home/airflow/.local/lib/python3.8/site-packages/airflow/example_dags/example_local_kubernetes_executor.py took 0.179 seconds
[2026-01-09T12:25:13.312+0000] {processor.py:161} INFO - Started process (PID=8153) to work on /home/airflow/.local/lib/python3.8/site-packages/airflow/example_dags/example_local_kubernetes_executor.py
[2026-01-09T12:25:13.315+0000] {processor.py:830} INFO - Processing file /home/airflow/.local/lib/python3.8/site-packages/airflow/example_dags/example_local_kubernetes_executor.py for tasks to queue
[2026-01-09T12:25:13.319+0000] {logging_mixin.py:188} INFO - [2026-01-09T12:25:13.319+0000] {dagbag.py:538} INFO - Filling up the DagBag from /home/airflow/.local/lib/python3.8/site-packages/airflow/example_dags/example_local_kubernetes_executor.py
[2026-01-09T12:25:13.337+0000] {processor.py:840} INFO - DAG(s) 'example_local_kubernetes_executor' retrieved from /home/airflow/.local/lib/python3.8/site-packages/airflow/example_dags/example_local_kubernetes_executor.py
[2026-01-09T12:25:13.414+0000] {logging_mixin.py:188} INFO - [2026-01-09T12:25:13.413+0000] {dag.py:3036} INFO - Sync 1 DAGs
[2026-01-09T12:25:13.435+0000] {logging_mixin.py:188} INFO - [2026-01-09T12:25:13.434+0000] {dag.py:3823} INFO - Setting next_dagrun for example_local_kubernetes_executor to None, run_after=None
[2026-01-09T12:25:13.481+0000] {processor.py:183} INFO - Processing /home/airflow/.local/lib/python3.8/site-packages/airflow/example_dags/example_local_kubernetes_executor.py took 0.176 seconds
[2026-01-09T12:25:43.634+0000] {processor.py:161} INFO - Started process (PID=8395) to work on /home/airflow/.local/lib/python3.8/site-packages/airflow/example_dags/example_local_kubernetes_executor.py
[2026-01-09T12:25:43.636+0000] {processor.py:830} INFO - Processing file /home/airflow/.local/lib/python3.8/site-packages/airflow/example_dags/example_local_kubernetes_executor.py for tasks to queue
[2026-01-09T12:25:43.638+0000] {logging_mixin.py:188} INFO - [2026-01-09T12:25:43.637+0000] {dagbag.py:538} INFO - Filling up the DagBag from /home/airflow/.local/lib/python3.8/site-packages/airflow/example_dags/example_local_kubernetes_executor.py
[2026-01-09T12:25:43.652+0000] {processor.py:840} INFO - DAG(s) 'example_local_kubernetes_executor' retrieved from /home/airflow/.local/lib/python3.8/site-packages/airflow/example_dags/example_local_kubernetes_executor.py
[2026-01-09T12:25:43.717+0000] {logging_mixin.py:188} INFO - [2026-01-09T12:25:43.716+0000] {dag.py:3036} INFO - Sync 1 DAGs
[2026-01-09T12:25:43.735+0000] {logging_mixin.py:188} INFO - [2026-01-09T12:25:43.734+0000] {dag.py:3823} INFO - Setting next_dagrun for example_local_kubernetes_executor to None, run_after=None
[2026-01-09T12:25:43.781+0000] {processor.py:183} INFO - Processing /home/airflow/.local/lib/python3.8/site-packages/airflow/example_dags/example_local_kubernetes_executor.py took 0.154 seconds
[2026-01-09T12:26:14.623+0000] {processor.py:161} INFO - Started process (PID=8642) to work on /home/airflow/.local/lib/python3.8/site-packages/airflow/example_dags/example_local_kubernetes_executor.py
[2026-01-09T12:26:14.632+0000] {processor.py:830} INFO - Processing file /home/airflow/.local/lib/python3.8/site-packages/airflow/example_dags/example_local_kubernetes_executor.py for tasks to queue
[2026-01-09T12:26:14.635+0000] {logging_mixin.py:188} INFO - [2026-01-09T12:26:14.634+0000] {dagbag.py:538} INFO - Filling up the DagBag from /home/airflow/.local/lib/python3.8/site-packages/airflow/example_dags/example_local_kubernetes_executor.py
[2026-01-09T12:26:14.686+0000] {processor.py:840} INFO - DAG(s) 'example_local_kubernetes_executor' retrieved from /home/airflow/.local/lib/python3.8/site-packages/airflow/example_dags/example_local_kubernetes_executor.py
[2026-01-09T12:26:14.767+0000] {logging_mixin.py:188} INFO - [2026-01-09T12:26:14.767+0000] {dag.py:3036} INFO - Sync 1 DAGs
[2026-01-09T12:26:14.786+0000] {logging_mixin.py:188} INFO - [2026-01-09T12:26:14.785+0000] {dag.py:3823} INFO - Setting next_dagrun for example_local_kubernetes_executor to None, run_after=None
[2026-01-09T12:26:14.832+0000] {processor.py:183} INFO - Processing /home/airflow/.local/lib/python3.8/site-packages/airflow/example_dags/example_local_kubernetes_executor.py took 0.225 seconds
[2026-01-09T12:26:45.157+0000] {processor.py:161} INFO - Started process (PID=8889) to work on /home/airflow/.local/lib/python3.8/site-packages/airflow/example_dags/example_local_kubernetes_executor.py
[2026-01-09T12:26:45.160+0000] {processor.py:830} INFO - Processing file /home/airflow/.local/lib/python3.8/site-packages/airflow/example_dags/example_local_kubernetes_executor.py for tasks to queue
[2026-01-09T12:26:45.162+0000] {logging_mixin.py:188} INFO - [2026-01-09T12:26:45.161+0000] {dagbag.py:538} INFO - Filling up the DagBag from /home/airflow/.local/lib/python3.8/site-packages/airflow/example_dags/example_local_kubernetes_executor.py
[2026-01-09T12:26:45.180+0000] {processor.py:840} INFO - DAG(s) 'example_local_kubernetes_executor' retrieved from /home/airflow/.local/lib/python3.8/site-packages/airflow/example_dags/example_local_kubernetes_executor.py
[2026-01-09T12:26:45.245+0000] {logging_mixin.py:188} INFO - [2026-01-09T12:26:45.245+0000] {dag.py:3036} INFO - Sync 1 DAGs
[2026-01-09T12:26:45.267+0000] {logging_mixin.py:188} INFO - [2026-01-09T12:26:45.266+0000] {dag.py:3823} INFO - Setting next_dagrun for example_local_kubernetes_executor to None, run_after=None
[2026-01-09T12:26:45.318+0000] {processor.py:183} INFO - Processing /home/airflow/.local/lib/python3.8/site-packages/airflow/example_dags/example_local_kubernetes_executor.py took 0.169 seconds
[2026-01-09T12:27:16.070+0000] {processor.py:161} INFO - Started process (PID=9136) to work on /home/airflow/.local/lib/python3.8/site-packages/airflow/example_dags/example_local_kubernetes_executor.py
[2026-01-09T12:27:16.073+0000] {processor.py:830} INFO - Processing file /home/airflow/.local/lib/python3.8/site-packages/airflow/example_dags/example_local_kubernetes_executor.py for tasks to queue
[2026-01-09T12:27:16.075+0000] {logging_mixin.py:188} INFO - [2026-01-09T12:27:16.074+0000] {dagbag.py:538} INFO - Filling up the DagBag from /home/airflow/.local/lib/python3.8/site-packages/airflow/example_dags/example_local_kubernetes_executor.py
[2026-01-09T12:27:16.094+0000] {processor.py:840} INFO - DAG(s) 'example_local_kubernetes_executor' retrieved from /home/airflow/.local/lib/python3.8/site-packages/airflow/example_dags/example_local_kubernetes_executor.py
[2026-01-09T12:27:16.159+0000] {logging_mixin.py:188} INFO - [2026-01-09T12:27:16.158+0000] {dag.py:3036} INFO - Sync 1 DAGs
[2026-01-09T12:27:16.180+0000] {logging_mixin.py:188} INFO - [2026-01-09T12:27:16.180+0000] {dag.py:3823} INFO - Setting next_dagrun for example_local_kubernetes_executor to None, run_after=None
[2026-01-09T12:27:16.222+0000] {processor.py:183} INFO - Processing /home/airflow/.local/lib/python3.8/site-packages/airflow/example_dags/example_local_kubernetes_executor.py took 0.158 seconds
[2026-01-09T12:27:46.719+0000] {processor.py:161} INFO - Started process (PID=9383) to work on /home/airflow/.local/lib/python3.8/site-packages/airflow/example_dags/example_local_kubernetes_executor.py
[2026-01-09T12:27:46.737+0000] {processor.py:830} INFO - Processing file /home/airflow/.local/lib/python3.8/site-packages/airflow/example_dags/example_local_kubernetes_executor.py for tasks to queue
[2026-01-09T12:27:46.739+0000] {logging_mixin.py:188} INFO - [2026-01-09T12:27:46.738+0000] {dagbag.py:538} INFO - Filling up the DagBag from /home/airflow/.local/lib/python3.8/site-packages/airflow/example_dags/example_local_kubernetes_executor.py
[2026-01-09T12:27:46.756+0000] {processor.py:840} INFO - DAG(s) 'example_local_kubernetes_executor' retrieved from /home/airflow/.local/lib/python3.8/site-packages/airflow/example_dags/example_local_kubernetes_executor.py
[2026-01-09T12:27:46.829+0000] {logging_mixin.py:188} INFO - [2026-01-09T12:27:46.828+0000] {dag.py:3036} INFO - Sync 1 DAGs
[2026-01-09T12:27:46.854+0000] {logging_mixin.py:188} INFO - [2026-01-09T12:27:46.853+0000] {dag.py:3823} INFO - Setting next_dagrun for example_local_kubernetes_executor to None, run_after=None
[2026-01-09T12:27:46.901+0000] {processor.py:183} INFO - Processing /home/airflow/.local/lib/python3.8/site-packages/airflow/example_dags/example_local_kubernetes_executor.py took 0.188 seconds
[2026-01-09T12:28:17.637+0000] {processor.py:161} INFO - Started process (PID=9630) to work on /home/airflow/.local/lib/python3.8/site-packages/airflow/example_dags/example_local_kubernetes_executor.py
[2026-01-09T12:28:17.639+0000] {processor.py:830} INFO - Processing file /home/airflow/.local/lib/python3.8/site-packages/airflow/example_dags/example_local_kubernetes_executor.py for tasks to queue
[2026-01-09T12:28:17.641+0000] {logging_mixin.py:188} INFO - [2026-01-09T12:28:17.640+0000] {dagbag.py:538} INFO - Filling up the DagBag from /home/airflow/.local/lib/python3.8/site-packages/airflow/example_dags/example_local_kubernetes_executor.py
[2026-01-09T12:28:17.655+0000] {processor.py:840} INFO - DAG(s) 'example_local_kubernetes_executor' retrieved from /home/airflow/.local/lib/python3.8/site-packages/airflow/example_dags/example_local_kubernetes_executor.py
[2026-01-09T12:28:17.718+0000] {logging_mixin.py:188} INFO - [2026-01-09T12:28:17.717+0000] {dag.py:3036} INFO - Sync 1 DAGs
[2026-01-09T12:28:17.743+0000] {logging_mixin.py:188} INFO - [2026-01-09T12:28:17.743+0000] {dag.py:3823} INFO - Setting next_dagrun for example_local_kubernetes_executor to None, run_after=None
[2026-01-09T12:28:17.797+0000] {processor.py:183} INFO - Processing /home/airflow/.local/lib/python3.8/site-packages/airflow/example_dags/example_local_kubernetes_executor.py took 0.166 seconds
[2026-01-09T12:28:48.530+0000] {processor.py:161} INFO - Started process (PID=9877) to work on /home/airflow/.local/lib/python3.8/site-packages/airflow/example_dags/example_local_kubernetes_executor.py
[2026-01-09T12:28:48.532+0000] {processor.py:830} INFO - Processing file /home/airflow/.local/lib/python3.8/site-packages/airflow/example_dags/example_local_kubernetes_executor.py for tasks to queue
[2026-01-09T12:28:48.535+0000] {logging_mixin.py:188} INFO - [2026-01-09T12:28:48.534+0000] {dagbag.py:538} INFO - Filling up the DagBag from /home/airflow/.local/lib/python3.8/site-packages/airflow/example_dags/example_local_kubernetes_executor.py
[2026-01-09T12:28:48.552+0000] {processor.py:840} INFO - DAG(s) 'example_local_kubernetes_executor' retrieved from /home/airflow/.local/lib/python3.8/site-packages/airflow/example_dags/example_local_kubernetes_executor.py
[2026-01-09T12:28:48.641+0000] {logging_mixin.py:188} INFO - [2026-01-09T12:28:48.640+0000] {dag.py:3036} INFO - Sync 1 DAGs
[2026-01-09T12:28:48.680+0000] {logging_mixin.py:188} INFO - [2026-01-09T12:28:48.679+0000] {dag.py:3823} INFO - Setting next_dagrun for example_local_kubernetes_executor to None, run_after=None
[2026-01-09T12:28:48.749+0000] {processor.py:183} INFO - Processing /home/airflow/.local/lib/python3.8/site-packages/airflow/example_dags/example_local_kubernetes_executor.py took 0.224 seconds
[2026-01-09T12:29:19.012+0000] {processor.py:161} INFO - Started process (PID=10126) to work on /home/airflow/.local/lib/python3.8/site-packages/airflow/example_dags/example_local_kubernetes_executor.py
[2026-01-09T12:29:19.016+0000] {processor.py:830} INFO - Processing file /home/airflow/.local/lib/python3.8/site-packages/airflow/example_dags/example_local_kubernetes_executor.py for tasks to queue
[2026-01-09T12:29:19.019+0000] {logging_mixin.py:188} INFO - [2026-01-09T12:29:19.018+0000] {dagbag.py:538} INFO - Filling up the DagBag from /home/airflow/.local/lib/python3.8/site-packages/airflow/example_dags/example_local_kubernetes_executor.py
[2026-01-09T12:29:19.035+0000] {processor.py:840} INFO - DAG(s) 'example_local_kubernetes_executor' retrieved from /home/airflow/.local/lib/python3.8/site-packages/airflow/example_dags/example_local_kubernetes_executor.py
[2026-01-09T12:29:19.091+0000] {logging_mixin.py:188} INFO - [2026-01-09T12:29:19.091+0000] {dag.py:3036} INFO - Sync 1 DAGs
[2026-01-09T12:29:19.110+0000] {logging_mixin.py:188} INFO - [2026-01-09T12:29:19.109+0000] {dag.py:3823} INFO - Setting next_dagrun for example_local_kubernetes_executor to None, run_after=None
[2026-01-09T12:29:19.150+0000] {processor.py:183} INFO - Processing /home/airflow/.local/lib/python3.8/site-packages/airflow/example_dags/example_local_kubernetes_executor.py took 0.146 seconds
[2026-01-09T12:29:49.560+0000] {processor.py:161} INFO - Started process (PID=10371) to work on /home/airflow/.local/lib/python3.8/site-packages/airflow/example_dags/example_local_kubernetes_executor.py
[2026-01-09T12:29:49.563+0000] {processor.py:830} INFO - Processing file /home/airflow/.local/lib/python3.8/site-packages/airflow/example_dags/example_local_kubernetes_executor.py for tasks to queue
[2026-01-09T12:29:49.564+0000] {logging_mixin.py:188} INFO - [2026-01-09T12:29:49.564+0000] {dagbag.py:538} INFO - Filling up the DagBag from /home/airflow/.local/lib/python3.8/site-packages/airflow/example_dags/example_local_kubernetes_executor.py
[2026-01-09T12:29:49.579+0000] {processor.py:840} INFO - DAG(s) 'example_local_kubernetes_executor' retrieved from /home/airflow/.local/lib/python3.8/site-packages/airflow/example_dags/example_local_kubernetes_executor.py
[2026-01-09T12:29:49.642+0000] {logging_mixin.py:188} INFO - [2026-01-09T12:29:49.642+0000] {dag.py:3036} INFO - Sync 1 DAGs
[2026-01-09T12:29:49.661+0000] {logging_mixin.py:188} INFO - [2026-01-09T12:29:49.660+0000] {dag.py:3823} INFO - Setting next_dagrun for example_local_kubernetes_executor to None, run_after=None
[2026-01-09T12:29:49.698+0000] {processor.py:183} INFO - Processing /home/airflow/.local/lib/python3.8/site-packages/airflow/example_dags/example_local_kubernetes_executor.py took 0.144 seconds
[2026-01-09T12:30:20.485+0000] {processor.py:161} INFO - Started process (PID=10619) to work on /home/airflow/.local/lib/python3.8/site-packages/airflow/example_dags/example_local_kubernetes_executor.py
[2026-01-09T12:30:20.497+0000] {processor.py:830} INFO - Processing file /home/airflow/.local/lib/python3.8/site-packages/airflow/example_dags/example_local_kubernetes_executor.py for tasks to queue
[2026-01-09T12:30:20.498+0000] {logging_mixin.py:188} INFO - [2026-01-09T12:30:20.498+0000] {dagbag.py:538} INFO - Filling up the DagBag from /home/airflow/.local/lib/python3.8/site-packages/airflow/example_dags/example_local_kubernetes_executor.py
[2026-01-09T12:30:20.513+0000] {processor.py:840} INFO - DAG(s) 'example_local_kubernetes_executor' retrieved from /home/airflow/.local/lib/python3.8/site-packages/airflow/example_dags/example_local_kubernetes_executor.py
[2026-01-09T12:30:20.572+0000] {logging_mixin.py:188} INFO - [2026-01-09T12:30:20.572+0000] {dag.py:3036} INFO - Sync 1 DAGs
[2026-01-09T12:30:20.588+0000] {logging_mixin.py:188} INFO - [2026-01-09T12:30:20.588+0000] {dag.py:3823} INFO - Setting next_dagrun for example_local_kubernetes_executor to None, run_after=None
[2026-01-09T12:30:20.632+0000] {processor.py:183} INFO - Processing /home/airflow/.local/lib/python3.8/site-packages/airflow/example_dags/example_local_kubernetes_executor.py took 0.153 seconds
[2026-01-09T12:30:51.242+0000] {processor.py:161} INFO - Started process (PID=10866) to work on /home/airflow/.local/lib/python3.8/site-packages/airflow/example_dags/example_local_kubernetes_executor.py
[2026-01-09T12:30:51.245+0000] {processor.py:830} INFO - Processing file /home/airflow/.local/lib/python3.8/site-packages/airflow/example_dags/example_local_kubernetes_executor.py for tasks to queue
[2026-01-09T12:30:51.247+0000] {logging_mixin.py:188} INFO - [2026-01-09T12:30:51.246+0000] {dagbag.py:538} INFO - Filling up the DagBag from /home/airflow/.local/lib/python3.8/site-packages/airflow/example_dags/example_local_kubernetes_executor.py
[2026-01-09T12:30:51.263+0000] {processor.py:840} INFO - DAG(s) 'example_local_kubernetes_executor' retrieved from /home/airflow/.local/lib/python3.8/site-packages/airflow/example_dags/example_local_kubernetes_executor.py
[2026-01-09T12:30:51.337+0000] {logging_mixin.py:188} INFO - [2026-01-09T12:30:51.336+0000] {dag.py:3036} INFO - Sync 1 DAGs
[2026-01-09T12:30:51.363+0000] {logging_mixin.py:188} INFO - [2026-01-09T12:30:51.362+0000] {dag.py:3823} INFO - Setting next_dagrun for example_local_kubernetes_executor to None, run_after=None
[2026-01-09T12:30:51.414+0000] {processor.py:183} INFO - Processing /home/airflow/.local/lib/python3.8/site-packages/airflow/example_dags/example_local_kubernetes_executor.py took 0.179 seconds
[2026-01-09T12:31:21.587+0000] {processor.py:161} INFO - Started process (PID=11113) to work on /home/airflow/.local/lib/python3.8/site-packages/airflow/example_dags/example_local_kubernetes_executor.py
[2026-01-09T12:31:21.589+0000] {processor.py:830} INFO - Processing file /home/airflow/.local/lib/python3.8/site-packages/airflow/example_dags/example_local_kubernetes_executor.py for tasks to queue
[2026-01-09T12:31:21.590+0000] {logging_mixin.py:188} INFO - [2026-01-09T12:31:21.590+0000] {dagbag.py:538} INFO - Filling up the DagBag from /home/airflow/.local/lib/python3.8/site-packages/airflow/example_dags/example_local_kubernetes_executor.py
[2026-01-09T12:31:21.606+0000] {processor.py:840} INFO - DAG(s) 'example_local_kubernetes_executor' retrieved from /home/airflow/.local/lib/python3.8/site-packages/airflow/example_dags/example_local_kubernetes_executor.py
[2026-01-09T12:31:21.670+0000] {logging_mixin.py:188} INFO - [2026-01-09T12:31:21.669+0000] {dag.py:3036} INFO - Sync 1 DAGs
[2026-01-09T12:31:21.691+0000] {logging_mixin.py:188} INFO - [2026-01-09T12:31:21.691+0000] {dag.py:3823} INFO - Setting next_dagrun for example_local_kubernetes_executor to None, run_after=None
[2026-01-09T12:31:21.741+0000] {processor.py:183} INFO - Processing /home/airflow/.local/lib/python3.8/site-packages/airflow/example_dags/example_local_kubernetes_executor.py took 0.160 seconds
[2026-01-09T12:31:52.162+0000] {processor.py:161} INFO - Started process (PID=11359) to work on /home/airflow/.local/lib/python3.8/site-packages/airflow/example_dags/example_local_kubernetes_executor.py
[2026-01-09T12:31:52.171+0000] {processor.py:830} INFO - Processing file /home/airflow/.local/lib/python3.8/site-packages/airflow/example_dags/example_local_kubernetes_executor.py for tasks to queue
[2026-01-09T12:31:52.173+0000] {logging_mixin.py:188} INFO - [2026-01-09T12:31:52.172+0000] {dagbag.py:538} INFO - Filling up the DagBag from /home/airflow/.local/lib/python3.8/site-packages/airflow/example_dags/example_local_kubernetes_executor.py
[2026-01-09T12:31:52.188+0000] {processor.py:840} INFO - DAG(s) 'example_local_kubernetes_executor' retrieved from /home/airflow/.local/lib/python3.8/site-packages/airflow/example_dags/example_local_kubernetes_executor.py
[2026-01-09T12:31:52.249+0000] {logging_mixin.py:188} INFO - [2026-01-09T12:31:52.249+0000] {dag.py:3036} INFO - Sync 1 DAGs
[2026-01-09T12:31:52.267+0000] {logging_mixin.py:188} INFO - [2026-01-09T12:31:52.267+0000] {dag.py:3823} INFO - Setting next_dagrun for example_local_kubernetes_executor to None, run_after=None
[2026-01-09T12:31:52.315+0000] {processor.py:183} INFO - Processing /home/airflow/.local/lib/python3.8/site-packages/airflow/example_dags/example_local_kubernetes_executor.py took 0.159 seconds
[2026-01-09T12:32:23.374+0000] {processor.py:161} INFO - Started process (PID=11612) to work on /home/airflow/.local/lib/python3.8/site-packages/airflow/example_dags/example_local_kubernetes_executor.py
[2026-01-09T12:32:23.378+0000] {processor.py:830} INFO - Processing file /home/airflow/.local/lib/python3.8/site-packages/airflow/example_dags/example_local_kubernetes_executor.py for tasks to queue
[2026-01-09T12:32:23.392+0000] {logging_mixin.py:188} INFO - [2026-01-09T12:32:23.389+0000] {dagbag.py:538} INFO - Filling up the DagBag from /home/airflow/.local/lib/python3.8/site-packages/airflow/example_dags/example_local_kubernetes_executor.py
[2026-01-09T12:32:23.462+0000] {processor.py:840} INFO - DAG(s) 'example_local_kubernetes_executor' retrieved from /home/airflow/.local/lib/python3.8/site-packages/airflow/example_dags/example_local_kubernetes_executor.py
[2026-01-09T12:32:23.624+0000] {logging_mixin.py:188} INFO - [2026-01-09T12:32:23.619+0000] {dag.py:3036} INFO - Sync 1 DAGs
[2026-01-09T12:32:23.690+0000] {logging_mixin.py:188} INFO - [2026-01-09T12:32:23.689+0000] {dag.py:3823} INFO - Setting next_dagrun for example_local_kubernetes_executor to None, run_after=None
[2026-01-09T12:32:23.796+0000] {processor.py:183} INFO - Processing /home/airflow/.local/lib/python3.8/site-packages/airflow/example_dags/example_local_kubernetes_executor.py took 0.438 seconds
[2026-01-09T12:32:54.531+0000] {processor.py:161} INFO - Started process (PID=11859) to work on /home/airflow/.local/lib/python3.8/site-packages/airflow/example_dags/example_local_kubernetes_executor.py
[2026-01-09T12:32:54.538+0000] {processor.py:830} INFO - Processing file /home/airflow/.local/lib/python3.8/site-packages/airflow/example_dags/example_local_kubernetes_executor.py for tasks to queue
[2026-01-09T12:32:54.540+0000] {logging_mixin.py:188} INFO - [2026-01-09T12:32:54.540+0000] {dagbag.py:538} INFO - Filling up the DagBag from /home/airflow/.local/lib/python3.8/site-packages/airflow/example_dags/example_local_kubernetes_executor.py
[2026-01-09T12:32:54.560+0000] {processor.py:840} INFO - DAG(s) 'example_local_kubernetes_executor' retrieved from /home/airflow/.local/lib/python3.8/site-packages/airflow/example_dags/example_local_kubernetes_executor.py
[2026-01-09T12:32:54.624+0000] {logging_mixin.py:188} INFO - [2026-01-09T12:32:54.624+0000] {dag.py:3036} INFO - Sync 1 DAGs
[2026-01-09T12:32:54.652+0000] {logging_mixin.py:188} INFO - [2026-01-09T12:32:54.652+0000] {dag.py:3823} INFO - Setting next_dagrun for example_local_kubernetes_executor to None, run_after=None
[2026-01-09T12:32:54.700+0000] {processor.py:183} INFO - Processing /home/airflow/.local/lib/python3.8/site-packages/airflow/example_dags/example_local_kubernetes_executor.py took 0.177 seconds
[2026-01-09T12:33:25.101+0000] {processor.py:161} INFO - Started process (PID=12106) to work on /home/airflow/.local/lib/python3.8/site-packages/airflow/example_dags/example_local_kubernetes_executor.py
[2026-01-09T12:33:25.104+0000] {processor.py:830} INFO - Processing file /home/airflow/.local/lib/python3.8/site-packages/airflow/example_dags/example_local_kubernetes_executor.py for tasks to queue
[2026-01-09T12:33:25.107+0000] {logging_mixin.py:188} INFO - [2026-01-09T12:33:25.105+0000] {dagbag.py:538} INFO - Filling up the DagBag from /home/airflow/.local/lib/python3.8/site-packages/airflow/example_dags/example_local_kubernetes_executor.py
[2026-01-09T12:33:25.134+0000] {processor.py:840} INFO - DAG(s) 'example_local_kubernetes_executor' retrieved from /home/airflow/.local/lib/python3.8/site-packages/airflow/example_dags/example_local_kubernetes_executor.py
[2026-01-09T12:33:25.206+0000] {logging_mixin.py:188} INFO - [2026-01-09T12:33:25.206+0000] {dag.py:3036} INFO - Sync 1 DAGs
[2026-01-09T12:33:25.230+0000] {logging_mixin.py:188} INFO - [2026-01-09T12:33:25.230+0000] {dag.py:3823} INFO - Setting next_dagrun for example_local_kubernetes_executor to None, run_after=None
[2026-01-09T12:33:25.275+0000] {processor.py:183} INFO - Processing /home/airflow/.local/lib/python3.8/site-packages/airflow/example_dags/example_local_kubernetes_executor.py took 0.185 seconds
[2026-01-09T12:33:55.936+0000] {processor.py:161} INFO - Started process (PID=12353) to work on /home/airflow/.local/lib/python3.8/site-packages/airflow/example_dags/example_local_kubernetes_executor.py
[2026-01-09T12:33:55.939+0000] {processor.py:830} INFO - Processing file /home/airflow/.local/lib/python3.8/site-packages/airflow/example_dags/example_local_kubernetes_executor.py for tasks to queue
[2026-01-09T12:33:55.942+0000] {logging_mixin.py:188} INFO - [2026-01-09T12:33:55.941+0000] {dagbag.py:538} INFO - Filling up the DagBag from /home/airflow/.local/lib/python3.8/site-packages/airflow/example_dags/example_local_kubernetes_executor.py
[2026-01-09T12:33:56.016+0000] {processor.py:840} INFO - DAG(s) 'example_local_kubernetes_executor' retrieved from /home/airflow/.local/lib/python3.8/site-packages/airflow/example_dags/example_local_kubernetes_executor.py
[2026-01-09T12:33:56.136+0000] {logging_mixin.py:188} INFO - [2026-01-09T12:33:56.135+0000] {dag.py:3036} INFO - Sync 1 DAGs
[2026-01-09T12:33:56.161+0000] {logging_mixin.py:188} INFO - [2026-01-09T12:33:56.161+0000] {dag.py:3823} INFO - Setting next_dagrun for example_local_kubernetes_executor to None, run_after=None
[2026-01-09T12:33:56.204+0000] {processor.py:183} INFO - Processing /home/airflow/.local/lib/python3.8/site-packages/airflow/example_dags/example_local_kubernetes_executor.py took 0.276 seconds
[2026-01-09T12:34:26.482+0000] {processor.py:161} INFO - Started process (PID=12600) to work on /home/airflow/.local/lib/python3.8/site-packages/airflow/example_dags/example_local_kubernetes_executor.py
[2026-01-09T12:34:26.484+0000] {processor.py:830} INFO - Processing file /home/airflow/.local/lib/python3.8/site-packages/airflow/example_dags/example_local_kubernetes_executor.py for tasks to queue
[2026-01-09T12:34:26.487+0000] {logging_mixin.py:188} INFO - [2026-01-09T12:34:26.486+0000] {dagbag.py:538} INFO - Filling up the DagBag from /home/airflow/.local/lib/python3.8/site-packages/airflow/example_dags/example_local_kubernetes_executor.py
[2026-01-09T12:34:26.506+0000] {processor.py:840} INFO - DAG(s) 'example_local_kubernetes_executor' retrieved from /home/airflow/.local/lib/python3.8/site-packages/airflow/example_dags/example_local_kubernetes_executor.py
[2026-01-09T12:34:26.611+0000] {logging_mixin.py:188} INFO - [2026-01-09T12:34:26.610+0000] {dag.py:3036} INFO - Sync 1 DAGs
[2026-01-09T12:34:26.644+0000] {logging_mixin.py:188} INFO - [2026-01-09T12:34:26.644+0000] {dag.py:3823} INFO - Setting next_dagrun for example_local_kubernetes_executor to None, run_after=None
[2026-01-09T12:34:26.692+0000] {processor.py:183} INFO - Processing /home/airflow/.local/lib/python3.8/site-packages/airflow/example_dags/example_local_kubernetes_executor.py took 0.220 seconds
[2026-01-09T12:34:57.154+0000] {processor.py:161} INFO - Started process (PID=12847) to work on /home/airflow/.local/lib/python3.8/site-packages/airflow/example_dags/example_local_kubernetes_executor.py
[2026-01-09T12:34:57.156+0000] {processor.py:830} INFO - Processing file /home/airflow/.local/lib/python3.8/site-packages/airflow/example_dags/example_local_kubernetes_executor.py for tasks to queue
[2026-01-09T12:34:57.157+0000] {logging_mixin.py:188} INFO - [2026-01-09T12:34:57.157+0000] {dagbag.py:538} INFO - Filling up the DagBag from /home/airflow/.local/lib/python3.8/site-packages/airflow/example_dags/example_local_kubernetes_executor.py
[2026-01-09T12:34:57.171+0000] {processor.py:840} INFO - DAG(s) 'example_local_kubernetes_executor' retrieved from /home/airflow/.local/lib/python3.8/site-packages/airflow/example_dags/example_local_kubernetes_executor.py
[2026-01-09T12:34:57.237+0000] {logging_mixin.py:188} INFO - [2026-01-09T12:34:57.236+0000] {dag.py:3036} INFO - Sync 1 DAGs
[2026-01-09T12:34:57.257+0000] {logging_mixin.py:188} INFO - [2026-01-09T12:34:57.256+0000] {dag.py:3823} INFO - Setting next_dagrun for example_local_kubernetes_executor to None, run_after=None
[2026-01-09T12:34:57.299+0000] {processor.py:183} INFO - Processing /home/airflow/.local/lib/python3.8/site-packages/airflow/example_dags/example_local_kubernetes_executor.py took 0.151 seconds
[2026-01-09T12:35:27.874+0000] {processor.py:161} INFO - Started process (PID=13094) to work on /home/airflow/.local/lib/python3.8/site-packages/airflow/example_dags/example_local_kubernetes_executor.py
[2026-01-09T12:35:27.876+0000] {processor.py:830} INFO - Processing file /home/airflow/.local/lib/python3.8/site-packages/airflow/example_dags/example_local_kubernetes_executor.py for tasks to queue
[2026-01-09T12:35:27.877+0000] {logging_mixin.py:188} INFO - [2026-01-09T12:35:27.877+0000] {dagbag.py:538} INFO - Filling up the DagBag from /home/airflow/.local/lib/python3.8/site-packages/airflow/example_dags/example_local_kubernetes_executor.py
[2026-01-09T12:35:27.890+0000] {processor.py:840} INFO - DAG(s) 'example_local_kubernetes_executor' retrieved from /home/airflow/.local/lib/python3.8/site-packages/airflow/example_dags/example_local_kubernetes_executor.py
[2026-01-09T12:35:27.950+0000] {logging_mixin.py:188} INFO - [2026-01-09T12:35:27.949+0000] {dag.py:3036} INFO - Sync 1 DAGs
[2026-01-09T12:35:27.968+0000] {logging_mixin.py:188} INFO - [2026-01-09T12:35:27.968+0000] {dag.py:3823} INFO - Setting next_dagrun for example_local_kubernetes_executor to None, run_after=None
[2026-01-09T12:35:28.006+0000] {processor.py:183} INFO - Processing /home/airflow/.local/lib/python3.8/site-packages/airflow/example_dags/example_local_kubernetes_executor.py took 0.138 seconds
[2026-01-09T12:35:58.470+0000] {processor.py:161} INFO - Started process (PID=13340) to work on /home/airflow/.local/lib/python3.8/site-packages/airflow/example_dags/example_local_kubernetes_executor.py
[2026-01-09T12:35:58.477+0000] {processor.py:830} INFO - Processing file /home/airflow/.local/lib/python3.8/site-packages/airflow/example_dags/example_local_kubernetes_executor.py for tasks to queue
[2026-01-09T12:35:58.479+0000] {logging_mixin.py:188} INFO - [2026-01-09T12:35:58.478+0000] {dagbag.py:538} INFO - Filling up the DagBag from /home/airflow/.local/lib/python3.8/site-packages/airflow/example_dags/example_local_kubernetes_executor.py
[2026-01-09T12:35:58.505+0000] {processor.py:840} INFO - DAG(s) 'example_local_kubernetes_executor' retrieved from /home/airflow/.local/lib/python3.8/site-packages/airflow/example_dags/example_local_kubernetes_executor.py
[2026-01-09T12:35:58.576+0000] {logging_mixin.py:188} INFO - [2026-01-09T12:35:58.575+0000] {dag.py:3036} INFO - Sync 1 DAGs
[2026-01-09T12:35:58.597+0000] {logging_mixin.py:188} INFO - [2026-01-09T12:35:58.597+0000] {dag.py:3823} INFO - Setting next_dagrun for example_local_kubernetes_executor to None, run_after=None
[2026-01-09T12:35:58.642+0000] {processor.py:183} INFO - Processing /home/airflow/.local/lib/python3.8/site-packages/airflow/example_dags/example_local_kubernetes_executor.py took 0.191 seconds
[2026-01-09T12:36:29.150+0000] {processor.py:161} INFO - Started process (PID=13588) to work on /home/airflow/.local/lib/python3.8/site-packages/airflow/example_dags/example_local_kubernetes_executor.py
[2026-01-09T12:36:29.152+0000] {processor.py:830} INFO - Processing file /home/airflow/.local/lib/python3.8/site-packages/airflow/example_dags/example_local_kubernetes_executor.py for tasks to queue
[2026-01-09T12:36:29.154+0000] {logging_mixin.py:188} INFO - [2026-01-09T12:36:29.153+0000] {dagbag.py:538} INFO - Filling up the DagBag from /home/airflow/.local/lib/python3.8/site-packages/airflow/example_dags/example_local_kubernetes_executor.py
[2026-01-09T12:36:29.171+0000] {processor.py:840} INFO - DAG(s) 'example_local_kubernetes_executor' retrieved from /home/airflow/.local/lib/python3.8/site-packages/airflow/example_dags/example_local_kubernetes_executor.py
[2026-01-09T12:36:29.240+0000] {logging_mixin.py:188} INFO - [2026-01-09T12:36:29.239+0000] {dag.py:3036} INFO - Sync 1 DAGs
[2026-01-09T12:36:29.261+0000] {logging_mixin.py:188} INFO - [2026-01-09T12:36:29.260+0000] {dag.py:3823} INFO - Setting next_dagrun for example_local_kubernetes_executor to None, run_after=None
[2026-01-09T12:36:29.308+0000] {processor.py:183} INFO - Processing /home/airflow/.local/lib/python3.8/site-packages/airflow/example_dags/example_local_kubernetes_executor.py took 0.168 seconds
[2026-01-09T12:36:59.444+0000] {processor.py:161} INFO - Started process (PID=13835) to work on /home/airflow/.local/lib/python3.8/site-packages/airflow/example_dags/example_local_kubernetes_executor.py
[2026-01-09T12:36:59.446+0000] {processor.py:830} INFO - Processing file /home/airflow/.local/lib/python3.8/site-packages/airflow/example_dags/example_local_kubernetes_executor.py for tasks to queue
[2026-01-09T12:36:59.448+0000] {logging_mixin.py:188} INFO - [2026-01-09T12:36:59.447+0000] {dagbag.py:538} INFO - Filling up the DagBag from /home/airflow/.local/lib/python3.8/site-packages/airflow/example_dags/example_local_kubernetes_executor.py
[2026-01-09T12:36:59.462+0000] {processor.py:840} INFO - DAG(s) 'example_local_kubernetes_executor' retrieved from /home/airflow/.local/lib/python3.8/site-packages/airflow/example_dags/example_local_kubernetes_executor.py
[2026-01-09T12:36:59.522+0000] {logging_mixin.py:188} INFO - [2026-01-09T12:36:59.522+0000] {dag.py:3036} INFO - Sync 1 DAGs
[2026-01-09T12:36:59.542+0000] {logging_mixin.py:188} INFO - [2026-01-09T12:36:59.542+0000] {dag.py:3823} INFO - Setting next_dagrun for example_local_kubernetes_executor to None, run_after=None
[2026-01-09T12:36:59.586+0000] {processor.py:183} INFO - Processing /home/airflow/.local/lib/python3.8/site-packages/airflow/example_dags/example_local_kubernetes_executor.py took 0.148 seconds
[2026-01-09T12:37:30.085+0000] {processor.py:161} INFO - Started process (PID=14082) to work on /home/airflow/.local/lib/python3.8/site-packages/airflow/example_dags/example_local_kubernetes_executor.py
[2026-01-09T12:37:30.086+0000] {processor.py:830} INFO - Processing file /home/airflow/.local/lib/python3.8/site-packages/airflow/example_dags/example_local_kubernetes_executor.py for tasks to queue
[2026-01-09T12:37:30.087+0000] {logging_mixin.py:188} INFO - [2026-01-09T12:37:30.087+0000] {dagbag.py:538} INFO - Filling up the DagBag from /home/airflow/.local/lib/python3.8/site-packages/airflow/example_dags/example_local_kubernetes_executor.py
[2026-01-09T12:37:30.101+0000] {processor.py:840} INFO - DAG(s) 'example_local_kubernetes_executor' retrieved from /home/airflow/.local/lib/python3.8/site-packages/airflow/example_dags/example_local_kubernetes_executor.py
[2026-01-09T12:37:30.163+0000] {logging_mixin.py:188} INFO - [2026-01-09T12:37:30.163+0000] {dag.py:3036} INFO - Sync 1 DAGs
[2026-01-09T12:37:30.181+0000] {logging_mixin.py:188} INFO - [2026-01-09T12:37:30.181+0000] {dag.py:3823} INFO - Setting next_dagrun for example_local_kubernetes_executor to None, run_after=None
[2026-01-09T12:37:30.221+0000] {processor.py:183} INFO - Processing /home/airflow/.local/lib/python3.8/site-packages/airflow/example_dags/example_local_kubernetes_executor.py took 0.142 seconds
[2026-01-09T12:38:00.612+0000] {processor.py:161} INFO - Started process (PID=14329) to work on /home/airflow/.local/lib/python3.8/site-packages/airflow/example_dags/example_local_kubernetes_executor.py
[2026-01-09T12:38:00.615+0000] {processor.py:830} INFO - Processing file /home/airflow/.local/lib/python3.8/site-packages/airflow/example_dags/example_local_kubernetes_executor.py for tasks to queue
[2026-01-09T12:38:00.616+0000] {logging_mixin.py:188} INFO - [2026-01-09T12:38:00.616+0000] {dagbag.py:538} INFO - Filling up the DagBag from /home/airflow/.local/lib/python3.8/site-packages/airflow/example_dags/example_local_kubernetes_executor.py
[2026-01-09T12:38:00.631+0000] {processor.py:840} INFO - DAG(s) 'example_local_kubernetes_executor' retrieved from /home/airflow/.local/lib/python3.8/site-packages/airflow/example_dags/example_local_kubernetes_executor.py
[2026-01-09T12:38:00.700+0000] {logging_mixin.py:188} INFO - [2026-01-09T12:38:00.699+0000] {dag.py:3036} INFO - Sync 1 DAGs
[2026-01-09T12:38:00.722+0000] {logging_mixin.py:188} INFO - [2026-01-09T12:38:00.721+0000] {dag.py:3823} INFO - Setting next_dagrun for example_local_kubernetes_executor to None, run_after=None
[2026-01-09T12:38:00.774+0000] {processor.py:183} INFO - Processing /home/airflow/.local/lib/python3.8/site-packages/airflow/example_dags/example_local_kubernetes_executor.py took 0.168 seconds
[2026-01-09T12:38:31.758+0000] {processor.py:161} INFO - Started process (PID=14576) to work on /home/airflow/.local/lib/python3.8/site-packages/airflow/example_dags/example_local_kubernetes_executor.py
[2026-01-09T12:38:31.760+0000] {processor.py:830} INFO - Processing file /home/airflow/.local/lib/python3.8/site-packages/airflow/example_dags/example_local_kubernetes_executor.py for tasks to queue
[2026-01-09T12:38:31.761+0000] {logging_mixin.py:188} INFO - [2026-01-09T12:38:31.761+0000] {dagbag.py:538} INFO - Filling up the DagBag from /home/airflow/.local/lib/python3.8/site-packages/airflow/example_dags/example_local_kubernetes_executor.py
[2026-01-09T12:38:31.775+0000] {processor.py:840} INFO - DAG(s) 'example_local_kubernetes_executor' retrieved from /home/airflow/.local/lib/python3.8/site-packages/airflow/example_dags/example_local_kubernetes_executor.py
[2026-01-09T12:38:31.837+0000] {logging_mixin.py:188} INFO - [2026-01-09T12:38:31.837+0000] {dag.py:3036} INFO - Sync 1 DAGs
[2026-01-09T12:38:31.857+0000] {logging_mixin.py:188} INFO - [2026-01-09T12:38:31.857+0000] {dag.py:3823} INFO - Setting next_dagrun for example_local_kubernetes_executor to None, run_after=None
[2026-01-09T12:38:31.904+0000] {processor.py:183} INFO - Processing /home/airflow/.local/lib/python3.8/site-packages/airflow/example_dags/example_local_kubernetes_executor.py took 0.151 seconds
[2026-01-09T12:39:02.138+0000] {processor.py:161} INFO - Started process (PID=14820) to work on /home/airflow/.local/lib/python3.8/site-packages/airflow/example_dags/example_local_kubernetes_executor.py
[2026-01-09T12:39:02.140+0000] {processor.py:830} INFO - Processing file /home/airflow/.local/lib/python3.8/site-packages/airflow/example_dags/example_local_kubernetes_executor.py for tasks to queue
[2026-01-09T12:39:02.142+0000] {logging_mixin.py:188} INFO - [2026-01-09T12:39:02.141+0000] {dagbag.py:538} INFO - Filling up the DagBag from /home/airflow/.local/lib/python3.8/site-packages/airflow/example_dags/example_local_kubernetes_executor.py
[2026-01-09T12:39:02.157+0000] {processor.py:840} INFO - DAG(s) 'example_local_kubernetes_executor' retrieved from /home/airflow/.local/lib/python3.8/site-packages/airflow/example_dags/example_local_kubernetes_executor.py
[2026-01-09T12:39:02.226+0000] {logging_mixin.py:188} INFO - [2026-01-09T12:39:02.225+0000] {dag.py:3036} INFO - Sync 1 DAGs
[2026-01-09T12:39:02.247+0000] {logging_mixin.py:188} INFO - [2026-01-09T12:39:02.247+0000] {dag.py:3823} INFO - Setting next_dagrun for example_local_kubernetes_executor to None, run_after=None
[2026-01-09T12:39:02.287+0000] {processor.py:183} INFO - Processing /home/airflow/.local/lib/python3.8/site-packages/airflow/example_dags/example_local_kubernetes_executor.py took 0.157 seconds
[2026-01-09T12:39:32.463+0000] {processor.py:161} INFO - Started process (PID=15067) to work on /home/airflow/.local/lib/python3.8/site-packages/airflow/example_dags/example_local_kubernetes_executor.py
[2026-01-09T12:39:32.468+0000] {processor.py:830} INFO - Processing file /home/airflow/.local/lib/python3.8/site-packages/airflow/example_dags/example_local_kubernetes_executor.py for tasks to queue
[2026-01-09T12:39:32.471+0000] {logging_mixin.py:188} INFO - [2026-01-09T12:39:32.470+0000] {dagbag.py:538} INFO - Filling up the DagBag from /home/airflow/.local/lib/python3.8/site-packages/airflow/example_dags/example_local_kubernetes_executor.py
[2026-01-09T12:39:32.487+0000] {processor.py:840} INFO - DAG(s) 'example_local_kubernetes_executor' retrieved from /home/airflow/.local/lib/python3.8/site-packages/airflow/example_dags/example_local_kubernetes_executor.py
[2026-01-09T12:39:32.560+0000] {logging_mixin.py:188} INFO - [2026-01-09T12:39:32.560+0000] {dag.py:3036} INFO - Sync 1 DAGs
[2026-01-09T12:39:32.586+0000] {logging_mixin.py:188} INFO - [2026-01-09T12:39:32.585+0000] {dag.py:3823} INFO - Setting next_dagrun for example_local_kubernetes_executor to None, run_after=None
[2026-01-09T12:39:32.635+0000] {processor.py:183} INFO - Processing /home/airflow/.local/lib/python3.8/site-packages/airflow/example_dags/example_local_kubernetes_executor.py took 0.179 seconds
