[2026-01-09T12:08:53.199+0000] {processor.py:161} INFO - Started process (PID=236) to work on /home/airflow/.local/lib/python3.8/site-packages/airflow/example_dags/example_bash_operator.py
[2026-01-09T12:08:53.200+0000] {processor.py:830} INFO - Processing file /home/airflow/.local/lib/python3.8/site-packages/airflow/example_dags/example_bash_operator.py for tasks to queue
[2026-01-09T12:08:53.202+0000] {logging_mixin.py:188} INFO - [2026-01-09T12:08:53.201+0000] {dagbag.py:538} INFO - Filling up the DagBag from /home/airflow/.local/lib/python3.8/site-packages/airflow/example_dags/example_bash_operator.py
[2026-01-09T12:08:53.231+0000] {processor.py:840} INFO - DAG(s) 'example_bash_operator' retrieved from /home/airflow/.local/lib/python3.8/site-packages/airflow/example_dags/example_bash_operator.py
[2026-01-09T12:08:53.433+0000] {logging_mixin.py:188} INFO - [2026-01-09T12:08:53.433+0000] {dag.py:3036} INFO - Sync 1 DAGs
[2026-01-09T12:08:53.470+0000] {logging_mixin.py:188} INFO - [2026-01-09T12:08:53.470+0000] {dag.py:3823} INFO - Setting next_dagrun for example_bash_operator to 2026-01-08 00:00:00+00:00, run_after=2026-01-09 00:00:00+00:00
[2026-01-09T12:08:53.517+0000] {processor.py:183} INFO - Processing /home/airflow/.local/lib/python3.8/site-packages/airflow/example_dags/example_bash_operator.py took 0.325 seconds
[2026-01-09T12:09:24.034+0000] {processor.py:161} INFO - Started process (PID=489) to work on /home/airflow/.local/lib/python3.8/site-packages/airflow/example_dags/example_bash_operator.py
[2026-01-09T12:09:24.038+0000] {processor.py:830} INFO - Processing file /home/airflow/.local/lib/python3.8/site-packages/airflow/example_dags/example_bash_operator.py for tasks to queue
[2026-01-09T12:09:24.040+0000] {logging_mixin.py:188} INFO - [2026-01-09T12:09:24.039+0000] {dagbag.py:538} INFO - Filling up the DagBag from /home/airflow/.local/lib/python3.8/site-packages/airflow/example_dags/example_bash_operator.py
[2026-01-09T12:09:24.076+0000] {processor.py:840} INFO - DAG(s) 'example_bash_operator' retrieved from /home/airflow/.local/lib/python3.8/site-packages/airflow/example_dags/example_bash_operator.py
[2026-01-09T12:09:24.129+0000] {logging_mixin.py:188} INFO - [2026-01-09T12:09:24.129+0000] {dag.py:3036} INFO - Sync 1 DAGs
[2026-01-09T12:09:24.177+0000] {logging_mixin.py:188} INFO - [2026-01-09T12:09:24.177+0000] {dag.py:3823} INFO - Setting next_dagrun for example_bash_operator to 2026-01-08 00:00:00+00:00, run_after=2026-01-09 00:00:00+00:00
[2026-01-09T12:09:24.222+0000] {processor.py:183} INFO - Processing /home/airflow/.local/lib/python3.8/site-packages/airflow/example_dags/example_bash_operator.py took 0.196 seconds
[2026-01-09T12:09:55.065+0000] {processor.py:161} INFO - Started process (PID=736) to work on /home/airflow/.local/lib/python3.8/site-packages/airflow/example_dags/example_bash_operator.py
[2026-01-09T12:09:55.073+0000] {processor.py:830} INFO - Processing file /home/airflow/.local/lib/python3.8/site-packages/airflow/example_dags/example_bash_operator.py for tasks to queue
[2026-01-09T12:09:55.075+0000] {logging_mixin.py:188} INFO - [2026-01-09T12:09:55.074+0000] {dagbag.py:538} INFO - Filling up the DagBag from /home/airflow/.local/lib/python3.8/site-packages/airflow/example_dags/example_bash_operator.py
[2026-01-09T12:09:55.096+0000] {processor.py:840} INFO - DAG(s) 'example_bash_operator' retrieved from /home/airflow/.local/lib/python3.8/site-packages/airflow/example_dags/example_bash_operator.py
[2026-01-09T12:09:55.162+0000] {logging_mixin.py:188} INFO - [2026-01-09T12:09:55.162+0000] {dag.py:3036} INFO - Sync 1 DAGs
[2026-01-09T12:09:55.209+0000] {logging_mixin.py:188} INFO - [2026-01-09T12:09:55.208+0000] {dag.py:3823} INFO - Setting next_dagrun for example_bash_operator to 2026-01-08 00:00:00+00:00, run_after=2026-01-09 00:00:00+00:00
[2026-01-09T12:09:55.265+0000] {processor.py:183} INFO - Processing /home/airflow/.local/lib/python3.8/site-packages/airflow/example_dags/example_bash_operator.py took 0.206 seconds
[2026-01-09T12:10:26.135+0000] {processor.py:161} INFO - Started process (PID=983) to work on /home/airflow/.local/lib/python3.8/site-packages/airflow/example_dags/example_bash_operator.py
[2026-01-09T12:10:26.138+0000] {processor.py:830} INFO - Processing file /home/airflow/.local/lib/python3.8/site-packages/airflow/example_dags/example_bash_operator.py for tasks to queue
[2026-01-09T12:10:26.141+0000] {logging_mixin.py:188} INFO - [2026-01-09T12:10:26.140+0000] {dagbag.py:538} INFO - Filling up the DagBag from /home/airflow/.local/lib/python3.8/site-packages/airflow/example_dags/example_bash_operator.py
[2026-01-09T12:10:26.166+0000] {processor.py:840} INFO - DAG(s) 'example_bash_operator' retrieved from /home/airflow/.local/lib/python3.8/site-packages/airflow/example_dags/example_bash_operator.py
[2026-01-09T12:10:26.220+0000] {logging_mixin.py:188} INFO - [2026-01-09T12:10:26.220+0000] {dag.py:3036} INFO - Sync 1 DAGs
[2026-01-09T12:10:26.260+0000] {logging_mixin.py:188} INFO - [2026-01-09T12:10:26.260+0000] {dag.py:3823} INFO - Setting next_dagrun for example_bash_operator to 2026-01-08 00:00:00+00:00, run_after=2026-01-09 00:00:00+00:00
[2026-01-09T12:10:26.307+0000] {processor.py:183} INFO - Processing /home/airflow/.local/lib/python3.8/site-packages/airflow/example_dags/example_bash_operator.py took 0.179 seconds
[2026-01-09T12:10:56.780+0000] {processor.py:161} INFO - Started process (PID=1230) to work on /home/airflow/.local/lib/python3.8/site-packages/airflow/example_dags/example_bash_operator.py
[2026-01-09T12:10:56.817+0000] {processor.py:830} INFO - Processing file /home/airflow/.local/lib/python3.8/site-packages/airflow/example_dags/example_bash_operator.py for tasks to queue
[2026-01-09T12:10:56.819+0000] {logging_mixin.py:188} INFO - [2026-01-09T12:10:56.818+0000] {dagbag.py:538} INFO - Filling up the DagBag from /home/airflow/.local/lib/python3.8/site-packages/airflow/example_dags/example_bash_operator.py
[2026-01-09T12:10:56.843+0000] {processor.py:840} INFO - DAG(s) 'example_bash_operator' retrieved from /home/airflow/.local/lib/python3.8/site-packages/airflow/example_dags/example_bash_operator.py
[2026-01-09T12:10:56.906+0000] {logging_mixin.py:188} INFO - [2026-01-09T12:10:56.906+0000] {dag.py:3036} INFO - Sync 1 DAGs
[2026-01-09T12:10:56.950+0000] {logging_mixin.py:188} INFO - [2026-01-09T12:10:56.949+0000] {dag.py:3823} INFO - Setting next_dagrun for example_bash_operator to 2026-01-08 00:00:00+00:00, run_after=2026-01-09 00:00:00+00:00
[2026-01-09T12:10:56.996+0000] {processor.py:183} INFO - Processing /home/airflow/.local/lib/python3.8/site-packages/airflow/example_dags/example_bash_operator.py took 0.225 seconds
[2026-01-09T12:11:27.460+0000] {processor.py:161} INFO - Started process (PID=1479) to work on /home/airflow/.local/lib/python3.8/site-packages/airflow/example_dags/example_bash_operator.py
[2026-01-09T12:11:27.463+0000] {processor.py:830} INFO - Processing file /home/airflow/.local/lib/python3.8/site-packages/airflow/example_dags/example_bash_operator.py for tasks to queue
[2026-01-09T12:11:27.466+0000] {logging_mixin.py:188} INFO - [2026-01-09T12:11:27.465+0000] {dagbag.py:538} INFO - Filling up the DagBag from /home/airflow/.local/lib/python3.8/site-packages/airflow/example_dags/example_bash_operator.py
[2026-01-09T12:11:27.490+0000] {processor.py:840} INFO - DAG(s) 'example_bash_operator' retrieved from /home/airflow/.local/lib/python3.8/site-packages/airflow/example_dags/example_bash_operator.py
[2026-01-09T12:11:27.555+0000] {logging_mixin.py:188} INFO - [2026-01-09T12:11:27.555+0000] {dag.py:3036} INFO - Sync 1 DAGs
[2026-01-09T12:11:27.608+0000] {logging_mixin.py:188} INFO - [2026-01-09T12:11:27.608+0000] {dag.py:3823} INFO - Setting next_dagrun for example_bash_operator to 2026-01-08 00:00:00+00:00, run_after=2026-01-09 00:00:00+00:00
[2026-01-09T12:11:27.665+0000] {processor.py:183} INFO - Processing /home/airflow/.local/lib/python3.8/site-packages/airflow/example_dags/example_bash_operator.py took 0.211 seconds
[2026-01-09T12:11:57.767+0000] {processor.py:161} INFO - Started process (PID=1727) to work on /home/airflow/.local/lib/python3.8/site-packages/airflow/example_dags/example_bash_operator.py
[2026-01-09T12:11:57.769+0000] {processor.py:830} INFO - Processing file /home/airflow/.local/lib/python3.8/site-packages/airflow/example_dags/example_bash_operator.py for tasks to queue
[2026-01-09T12:11:57.771+0000] {logging_mixin.py:188} INFO - [2026-01-09T12:11:57.770+0000] {dagbag.py:538} INFO - Filling up the DagBag from /home/airflow/.local/lib/python3.8/site-packages/airflow/example_dags/example_bash_operator.py
[2026-01-09T12:11:57.791+0000] {processor.py:840} INFO - DAG(s) 'example_bash_operator' retrieved from /home/airflow/.local/lib/python3.8/site-packages/airflow/example_dags/example_bash_operator.py
[2026-01-09T12:11:57.847+0000] {logging_mixin.py:188} INFO - [2026-01-09T12:11:57.847+0000] {dag.py:3036} INFO - Sync 1 DAGs
[2026-01-09T12:11:57.888+0000] {logging_mixin.py:188} INFO - [2026-01-09T12:11:57.888+0000] {dag.py:3823} INFO - Setting next_dagrun for example_bash_operator to 2026-01-08 00:00:00+00:00, run_after=2026-01-09 00:00:00+00:00
[2026-01-09T12:11:57.940+0000] {processor.py:183} INFO - Processing /home/airflow/.local/lib/python3.8/site-packages/airflow/example_dags/example_bash_operator.py took 0.180 seconds
[2026-01-09T12:12:28.508+0000] {processor.py:161} INFO - Started process (PID=1972) to work on /home/airflow/.local/lib/python3.8/site-packages/airflow/example_dags/example_bash_operator.py
[2026-01-09T12:12:28.514+0000] {processor.py:830} INFO - Processing file /home/airflow/.local/lib/python3.8/site-packages/airflow/example_dags/example_bash_operator.py for tasks to queue
[2026-01-09T12:12:28.517+0000] {logging_mixin.py:188} INFO - [2026-01-09T12:12:28.516+0000] {dagbag.py:538} INFO - Filling up the DagBag from /home/airflow/.local/lib/python3.8/site-packages/airflow/example_dags/example_bash_operator.py
[2026-01-09T12:12:28.538+0000] {processor.py:840} INFO - DAG(s) 'example_bash_operator' retrieved from /home/airflow/.local/lib/python3.8/site-packages/airflow/example_dags/example_bash_operator.py
[2026-01-09T12:12:28.593+0000] {logging_mixin.py:188} INFO - [2026-01-09T12:12:28.593+0000] {dag.py:3036} INFO - Sync 1 DAGs
[2026-01-09T12:12:28.635+0000] {logging_mixin.py:188} INFO - [2026-01-09T12:12:28.634+0000] {dag.py:3823} INFO - Setting next_dagrun for example_bash_operator to 2026-01-08 00:00:00+00:00, run_after=2026-01-09 00:00:00+00:00
[2026-01-09T12:12:28.682+0000] {processor.py:183} INFO - Processing /home/airflow/.local/lib/python3.8/site-packages/airflow/example_dags/example_bash_operator.py took 0.182 seconds
[2026-01-09T12:12:59.133+0000] {processor.py:161} INFO - Started process (PID=2219) to work on /home/airflow/.local/lib/python3.8/site-packages/airflow/example_dags/example_bash_operator.py
[2026-01-09T12:12:59.136+0000] {processor.py:830} INFO - Processing file /home/airflow/.local/lib/python3.8/site-packages/airflow/example_dags/example_bash_operator.py for tasks to queue
[2026-01-09T12:12:59.138+0000] {logging_mixin.py:188} INFO - [2026-01-09T12:12:59.137+0000] {dagbag.py:538} INFO - Filling up the DagBag from /home/airflow/.local/lib/python3.8/site-packages/airflow/example_dags/example_bash_operator.py
[2026-01-09T12:12:59.167+0000] {processor.py:840} INFO - DAG(s) 'example_bash_operator' retrieved from /home/airflow/.local/lib/python3.8/site-packages/airflow/example_dags/example_bash_operator.py
[2026-01-09T12:12:59.225+0000] {logging_mixin.py:188} INFO - [2026-01-09T12:12:59.224+0000] {dag.py:3036} INFO - Sync 1 DAGs
[2026-01-09T12:12:59.267+0000] {logging_mixin.py:188} INFO - [2026-01-09T12:12:59.266+0000] {dag.py:3823} INFO - Setting next_dagrun for example_bash_operator to 2026-01-08 00:00:00+00:00, run_after=2026-01-09 00:00:00+00:00
[2026-01-09T12:12:59.305+0000] {processor.py:183} INFO - Processing /home/airflow/.local/lib/python3.8/site-packages/airflow/example_dags/example_bash_operator.py took 0.181 seconds
[2026-01-09T12:13:29.485+0000] {processor.py:161} INFO - Started process (PID=2468) to work on /home/airflow/.local/lib/python3.8/site-packages/airflow/example_dags/example_bash_operator.py
[2026-01-09T12:13:29.486+0000] {processor.py:830} INFO - Processing file /home/airflow/.local/lib/python3.8/site-packages/airflow/example_dags/example_bash_operator.py for tasks to queue
[2026-01-09T12:13:29.487+0000] {logging_mixin.py:188} INFO - [2026-01-09T12:13:29.487+0000] {dagbag.py:538} INFO - Filling up the DagBag from /home/airflow/.local/lib/python3.8/site-packages/airflow/example_dags/example_bash_operator.py
[2026-01-09T12:13:29.505+0000] {processor.py:840} INFO - DAG(s) 'example_bash_operator' retrieved from /home/airflow/.local/lib/python3.8/site-packages/airflow/example_dags/example_bash_operator.py
[2026-01-09T12:13:29.555+0000] {logging_mixin.py:188} INFO - [2026-01-09T12:13:29.554+0000] {dag.py:3036} INFO - Sync 1 DAGs
[2026-01-09T12:13:29.591+0000] {logging_mixin.py:188} INFO - [2026-01-09T12:13:29.591+0000] {dag.py:3823} INFO - Setting next_dagrun for example_bash_operator to 2026-01-08 00:00:00+00:00, run_after=2026-01-09 00:00:00+00:00
[2026-01-09T12:13:29.627+0000] {processor.py:183} INFO - Processing /home/airflow/.local/lib/python3.8/site-packages/airflow/example_dags/example_bash_operator.py took 0.147 seconds
[2026-01-09T12:13:59.724+0000] {processor.py:161} INFO - Started process (PID=2713) to work on /home/airflow/.local/lib/python3.8/site-packages/airflow/example_dags/example_bash_operator.py
[2026-01-09T12:13:59.726+0000] {processor.py:830} INFO - Processing file /home/airflow/.local/lib/python3.8/site-packages/airflow/example_dags/example_bash_operator.py for tasks to queue
[2026-01-09T12:13:59.728+0000] {logging_mixin.py:188} INFO - [2026-01-09T12:13:59.728+0000] {dagbag.py:538} INFO - Filling up the DagBag from /home/airflow/.local/lib/python3.8/site-packages/airflow/example_dags/example_bash_operator.py
[2026-01-09T12:13:59.746+0000] {processor.py:840} INFO - DAG(s) 'example_bash_operator' retrieved from /home/airflow/.local/lib/python3.8/site-packages/airflow/example_dags/example_bash_operator.py
[2026-01-09T12:13:59.801+0000] {logging_mixin.py:188} INFO - [2026-01-09T12:13:59.800+0000] {dag.py:3036} INFO - Sync 1 DAGs
[2026-01-09T12:13:59.838+0000] {logging_mixin.py:188} INFO - [2026-01-09T12:13:59.838+0000] {dag.py:3823} INFO - Setting next_dagrun for example_bash_operator to 2026-01-08 00:00:00+00:00, run_after=2026-01-09 00:00:00+00:00
[2026-01-09T12:13:59.879+0000] {processor.py:183} INFO - Processing /home/airflow/.local/lib/python3.8/site-packages/airflow/example_dags/example_bash_operator.py took 0.160 seconds
[2026-01-09T12:14:30.269+0000] {processor.py:161} INFO - Started process (PID=2962) to work on /home/airflow/.local/lib/python3.8/site-packages/airflow/example_dags/example_bash_operator.py
[2026-01-09T12:14:30.272+0000] {processor.py:830} INFO - Processing file /home/airflow/.local/lib/python3.8/site-packages/airflow/example_dags/example_bash_operator.py for tasks to queue
[2026-01-09T12:14:30.274+0000] {logging_mixin.py:188} INFO - [2026-01-09T12:14:30.273+0000] {dagbag.py:538} INFO - Filling up the DagBag from /home/airflow/.local/lib/python3.8/site-packages/airflow/example_dags/example_bash_operator.py
[2026-01-09T12:14:30.298+0000] {processor.py:840} INFO - DAG(s) 'example_bash_operator' retrieved from /home/airflow/.local/lib/python3.8/site-packages/airflow/example_dags/example_bash_operator.py
[2026-01-09T12:14:30.360+0000] {logging_mixin.py:188} INFO - [2026-01-09T12:14:30.359+0000] {dag.py:3036} INFO - Sync 1 DAGs
[2026-01-09T12:14:30.399+0000] {logging_mixin.py:188} INFO - [2026-01-09T12:14:30.398+0000] {dag.py:3823} INFO - Setting next_dagrun for example_bash_operator to 2026-01-08 00:00:00+00:00, run_after=2026-01-09 00:00:00+00:00
[2026-01-09T12:14:30.455+0000] {processor.py:183} INFO - Processing /home/airflow/.local/lib/python3.8/site-packages/airflow/example_dags/example_bash_operator.py took 0.194 seconds
[2026-01-09T12:15:00.518+0000] {processor.py:161} INFO - Started process (PID=3207) to work on /home/airflow/.local/lib/python3.8/site-packages/airflow/example_dags/example_bash_operator.py
[2026-01-09T12:15:00.521+0000] {processor.py:830} INFO - Processing file /home/airflow/.local/lib/python3.8/site-packages/airflow/example_dags/example_bash_operator.py for tasks to queue
[2026-01-09T12:15:00.523+0000] {logging_mixin.py:188} INFO - [2026-01-09T12:15:00.522+0000] {dagbag.py:538} INFO - Filling up the DagBag from /home/airflow/.local/lib/python3.8/site-packages/airflow/example_dags/example_bash_operator.py
[2026-01-09T12:15:00.543+0000] {processor.py:840} INFO - DAG(s) 'example_bash_operator' retrieved from /home/airflow/.local/lib/python3.8/site-packages/airflow/example_dags/example_bash_operator.py
[2026-01-09T12:15:00.600+0000] {logging_mixin.py:188} INFO - [2026-01-09T12:15:00.600+0000] {dag.py:3036} INFO - Sync 1 DAGs
[2026-01-09T12:15:00.640+0000] {logging_mixin.py:188} INFO - [2026-01-09T12:15:00.640+0000] {dag.py:3823} INFO - Setting next_dagrun for example_bash_operator to 2026-01-08 00:00:00+00:00, run_after=2026-01-09 00:00:00+00:00
[2026-01-09T12:15:00.682+0000] {processor.py:183} INFO - Processing /home/airflow/.local/lib/python3.8/site-packages/airflow/example_dags/example_bash_operator.py took 0.170 seconds
[2026-01-09T12:15:30.766+0000] {processor.py:161} INFO - Started process (PID=3454) to work on /home/airflow/.local/lib/python3.8/site-packages/airflow/example_dags/example_bash_operator.py
[2026-01-09T12:15:30.769+0000] {processor.py:830} INFO - Processing file /home/airflow/.local/lib/python3.8/site-packages/airflow/example_dags/example_bash_operator.py for tasks to queue
[2026-01-09T12:15:30.771+0000] {logging_mixin.py:188} INFO - [2026-01-09T12:15:30.771+0000] {dagbag.py:538} INFO - Filling up the DagBag from /home/airflow/.local/lib/python3.8/site-packages/airflow/example_dags/example_bash_operator.py
[2026-01-09T12:15:30.791+0000] {processor.py:840} INFO - DAG(s) 'example_bash_operator' retrieved from /home/airflow/.local/lib/python3.8/site-packages/airflow/example_dags/example_bash_operator.py
[2026-01-09T12:15:30.848+0000] {logging_mixin.py:188} INFO - [2026-01-09T12:15:30.847+0000] {dag.py:3036} INFO - Sync 1 DAGs
[2026-01-09T12:15:30.893+0000] {logging_mixin.py:188} INFO - [2026-01-09T12:15:30.892+0000] {dag.py:3823} INFO - Setting next_dagrun for example_bash_operator to 2026-01-08 00:00:00+00:00, run_after=2026-01-09 00:00:00+00:00
[2026-01-09T12:15:30.944+0000] {processor.py:183} INFO - Processing /home/airflow/.local/lib/python3.8/site-packages/airflow/example_dags/example_bash_operator.py took 0.184 seconds
[2026-01-09T12:16:01.215+0000] {processor.py:161} INFO - Started process (PID=3700) to work on /home/airflow/.local/lib/python3.8/site-packages/airflow/example_dags/example_bash_operator.py
[2026-01-09T12:16:01.217+0000] {processor.py:830} INFO - Processing file /home/airflow/.local/lib/python3.8/site-packages/airflow/example_dags/example_bash_operator.py for tasks to queue
[2026-01-09T12:16:01.218+0000] {logging_mixin.py:188} INFO - [2026-01-09T12:16:01.218+0000] {dagbag.py:538} INFO - Filling up the DagBag from /home/airflow/.local/lib/python3.8/site-packages/airflow/example_dags/example_bash_operator.py
[2026-01-09T12:16:01.238+0000] {processor.py:840} INFO - DAG(s) 'example_bash_operator' retrieved from /home/airflow/.local/lib/python3.8/site-packages/airflow/example_dags/example_bash_operator.py
[2026-01-09T12:16:01.288+0000] {logging_mixin.py:188} INFO - [2026-01-09T12:16:01.288+0000] {dag.py:3036} INFO - Sync 1 DAGs
[2026-01-09T12:16:01.329+0000] {logging_mixin.py:188} INFO - [2026-01-09T12:16:01.328+0000] {dag.py:3823} INFO - Setting next_dagrun for example_bash_operator to 2026-01-08 00:00:00+00:00, run_after=2026-01-09 00:00:00+00:00
[2026-01-09T12:16:01.376+0000] {processor.py:183} INFO - Processing /home/airflow/.local/lib/python3.8/site-packages/airflow/example_dags/example_bash_operator.py took 0.167 seconds
[2026-01-09T12:16:31.889+0000] {processor.py:161} INFO - Started process (PID=3947) to work on /home/airflow/.local/lib/python3.8/site-packages/airflow/example_dags/example_bash_operator.py
[2026-01-09T12:16:31.903+0000] {processor.py:830} INFO - Processing file /home/airflow/.local/lib/python3.8/site-packages/airflow/example_dags/example_bash_operator.py for tasks to queue
[2026-01-09T12:16:31.906+0000] {logging_mixin.py:188} INFO - [2026-01-09T12:16:31.905+0000] {dagbag.py:538} INFO - Filling up the DagBag from /home/airflow/.local/lib/python3.8/site-packages/airflow/example_dags/example_bash_operator.py
[2026-01-09T12:16:31.930+0000] {processor.py:840} INFO - DAG(s) 'example_bash_operator' retrieved from /home/airflow/.local/lib/python3.8/site-packages/airflow/example_dags/example_bash_operator.py
[2026-01-09T12:16:32.043+0000] {logging_mixin.py:188} INFO - [2026-01-09T12:16:32.043+0000] {dag.py:3036} INFO - Sync 1 DAGs
[2026-01-09T12:16:32.101+0000] {logging_mixin.py:188} INFO - [2026-01-09T12:16:32.101+0000] {dag.py:3823} INFO - Setting next_dagrun for example_bash_operator to 2026-01-08 00:00:00+00:00, run_after=2026-01-09 00:00:00+00:00
[2026-01-09T12:16:32.167+0000] {processor.py:183} INFO - Processing /home/airflow/.local/lib/python3.8/site-packages/airflow/example_dags/example_bash_operator.py took 0.290 seconds
[2026-01-09T12:17:02.758+0000] {processor.py:161} INFO - Started process (PID=4194) to work on /home/airflow/.local/lib/python3.8/site-packages/airflow/example_dags/example_bash_operator.py
[2026-01-09T12:17:02.761+0000] {processor.py:830} INFO - Processing file /home/airflow/.local/lib/python3.8/site-packages/airflow/example_dags/example_bash_operator.py for tasks to queue
[2026-01-09T12:17:02.762+0000] {logging_mixin.py:188} INFO - [2026-01-09T12:17:02.762+0000] {dagbag.py:538} INFO - Filling up the DagBag from /home/airflow/.local/lib/python3.8/site-packages/airflow/example_dags/example_bash_operator.py
[2026-01-09T12:17:02.782+0000] {processor.py:840} INFO - DAG(s) 'example_bash_operator' retrieved from /home/airflow/.local/lib/python3.8/site-packages/airflow/example_dags/example_bash_operator.py
[2026-01-09T12:17:02.835+0000] {logging_mixin.py:188} INFO - [2026-01-09T12:17:02.835+0000] {dag.py:3036} INFO - Sync 1 DAGs
[2026-01-09T12:17:02.874+0000] {logging_mixin.py:188} INFO - [2026-01-09T12:17:02.874+0000] {dag.py:3823} INFO - Setting next_dagrun for example_bash_operator to 2026-01-08 00:00:00+00:00, run_after=2026-01-09 00:00:00+00:00
[2026-01-09T12:17:02.930+0000] {processor.py:183} INFO - Processing /home/airflow/.local/lib/python3.8/site-packages/airflow/example_dags/example_bash_operator.py took 0.180 seconds
[2026-01-09T12:17:33.243+0000] {processor.py:161} INFO - Started process (PID=4441) to work on /home/airflow/.local/lib/python3.8/site-packages/airflow/example_dags/example_bash_operator.py
[2026-01-09T12:17:33.245+0000] {processor.py:830} INFO - Processing file /home/airflow/.local/lib/python3.8/site-packages/airflow/example_dags/example_bash_operator.py for tasks to queue
[2026-01-09T12:17:33.246+0000] {logging_mixin.py:188} INFO - [2026-01-09T12:17:33.246+0000] {dagbag.py:538} INFO - Filling up the DagBag from /home/airflow/.local/lib/python3.8/site-packages/airflow/example_dags/example_bash_operator.py
[2026-01-09T12:17:33.266+0000] {processor.py:840} INFO - DAG(s) 'example_bash_operator' retrieved from /home/airflow/.local/lib/python3.8/site-packages/airflow/example_dags/example_bash_operator.py
[2026-01-09T12:17:33.320+0000] {logging_mixin.py:188} INFO - [2026-01-09T12:17:33.320+0000] {dag.py:3036} INFO - Sync 1 DAGs
[2026-01-09T12:17:33.360+0000] {logging_mixin.py:188} INFO - [2026-01-09T12:17:33.359+0000] {dag.py:3823} INFO - Setting next_dagrun for example_bash_operator to 2026-01-08 00:00:00+00:00, run_after=2026-01-09 00:00:00+00:00
[2026-01-09T12:17:33.405+0000] {processor.py:183} INFO - Processing /home/airflow/.local/lib/python3.8/site-packages/airflow/example_dags/example_bash_operator.py took 0.168 seconds
[2026-01-09T12:18:04.107+0000] {processor.py:161} INFO - Started process (PID=4688) to work on /home/airflow/.local/lib/python3.8/site-packages/airflow/example_dags/example_bash_operator.py
[2026-01-09T12:18:04.112+0000] {processor.py:830} INFO - Processing file /home/airflow/.local/lib/python3.8/site-packages/airflow/example_dags/example_bash_operator.py for tasks to queue
[2026-01-09T12:18:04.114+0000] {logging_mixin.py:188} INFO - [2026-01-09T12:18:04.113+0000] {dagbag.py:538} INFO - Filling up the DagBag from /home/airflow/.local/lib/python3.8/site-packages/airflow/example_dags/example_bash_operator.py
[2026-01-09T12:18:04.136+0000] {processor.py:840} INFO - DAG(s) 'example_bash_operator' retrieved from /home/airflow/.local/lib/python3.8/site-packages/airflow/example_dags/example_bash_operator.py
[2026-01-09T12:18:04.197+0000] {logging_mixin.py:188} INFO - [2026-01-09T12:18:04.196+0000] {dag.py:3036} INFO - Sync 1 DAGs
[2026-01-09T12:18:04.244+0000] {logging_mixin.py:188} INFO - [2026-01-09T12:18:04.243+0000] {dag.py:3823} INFO - Setting next_dagrun for example_bash_operator to 2026-01-08 00:00:00+00:00, run_after=2026-01-09 00:00:00+00:00
[2026-01-09T12:18:04.360+0000] {processor.py:183} INFO - Processing /home/airflow/.local/lib/python3.8/site-packages/airflow/example_dags/example_bash_operator.py took 0.260 seconds
[2026-01-09T12:18:34.496+0000] {processor.py:161} INFO - Started process (PID=4935) to work on /home/airflow/.local/lib/python3.8/site-packages/airflow/example_dags/example_bash_operator.py
[2026-01-09T12:18:34.502+0000] {processor.py:830} INFO - Processing file /home/airflow/.local/lib/python3.8/site-packages/airflow/example_dags/example_bash_operator.py for tasks to queue
[2026-01-09T12:18:34.504+0000] {logging_mixin.py:188} INFO - [2026-01-09T12:18:34.503+0000] {dagbag.py:538} INFO - Filling up the DagBag from /home/airflow/.local/lib/python3.8/site-packages/airflow/example_dags/example_bash_operator.py
[2026-01-09T12:18:34.523+0000] {processor.py:840} INFO - DAG(s) 'example_bash_operator' retrieved from /home/airflow/.local/lib/python3.8/site-packages/airflow/example_dags/example_bash_operator.py
[2026-01-09T12:18:34.575+0000] {logging_mixin.py:188} INFO - [2026-01-09T12:18:34.574+0000] {dag.py:3036} INFO - Sync 1 DAGs
[2026-01-09T12:18:34.618+0000] {logging_mixin.py:188} INFO - [2026-01-09T12:18:34.617+0000] {dag.py:3823} INFO - Setting next_dagrun for example_bash_operator to 2026-01-08 00:00:00+00:00, run_after=2026-01-09 00:00:00+00:00
[2026-01-09T12:18:34.663+0000] {processor.py:183} INFO - Processing /home/airflow/.local/lib/python3.8/site-packages/airflow/example_dags/example_bash_operator.py took 0.174 seconds
[2026-01-09T12:19:05.204+0000] {processor.py:161} INFO - Started process (PID=5182) to work on /home/airflow/.local/lib/python3.8/site-packages/airflow/example_dags/example_bash_operator.py
[2026-01-09T12:19:05.206+0000] {processor.py:830} INFO - Processing file /home/airflow/.local/lib/python3.8/site-packages/airflow/example_dags/example_bash_operator.py for tasks to queue
[2026-01-09T12:19:05.207+0000] {logging_mixin.py:188} INFO - [2026-01-09T12:19:05.207+0000] {dagbag.py:538} INFO - Filling up the DagBag from /home/airflow/.local/lib/python3.8/site-packages/airflow/example_dags/example_bash_operator.py
[2026-01-09T12:19:05.232+0000] {processor.py:840} INFO - DAG(s) 'example_bash_operator' retrieved from /home/airflow/.local/lib/python3.8/site-packages/airflow/example_dags/example_bash_operator.py
[2026-01-09T12:19:05.285+0000] {logging_mixin.py:188} INFO - [2026-01-09T12:19:05.285+0000] {dag.py:3036} INFO - Sync 1 DAGs
[2026-01-09T12:19:05.329+0000] {logging_mixin.py:188} INFO - [2026-01-09T12:19:05.329+0000] {dag.py:3823} INFO - Setting next_dagrun for example_bash_operator to 2026-01-08 00:00:00+00:00, run_after=2026-01-09 00:00:00+00:00
[2026-01-09T12:19:05.382+0000] {processor.py:183} INFO - Processing /home/airflow/.local/lib/python3.8/site-packages/airflow/example_dags/example_bash_operator.py took 0.187 seconds
[2026-01-09T12:19:35.868+0000] {processor.py:161} INFO - Started process (PID=5429) to work on /home/airflow/.local/lib/python3.8/site-packages/airflow/example_dags/example_bash_operator.py
[2026-01-09T12:19:35.871+0000] {processor.py:830} INFO - Processing file /home/airflow/.local/lib/python3.8/site-packages/airflow/example_dags/example_bash_operator.py for tasks to queue
[2026-01-09T12:19:35.873+0000] {logging_mixin.py:188} INFO - [2026-01-09T12:19:35.872+0000] {dagbag.py:538} INFO - Filling up the DagBag from /home/airflow/.local/lib/python3.8/site-packages/airflow/example_dags/example_bash_operator.py
[2026-01-09T12:19:35.896+0000] {processor.py:840} INFO - DAG(s) 'example_bash_operator' retrieved from /home/airflow/.local/lib/python3.8/site-packages/airflow/example_dags/example_bash_operator.py
[2026-01-09T12:19:35.956+0000] {logging_mixin.py:188} INFO - [2026-01-09T12:19:35.955+0000] {dag.py:3036} INFO - Sync 1 DAGs
[2026-01-09T12:19:36.014+0000] {logging_mixin.py:188} INFO - [2026-01-09T12:19:36.014+0000] {dag.py:3823} INFO - Setting next_dagrun for example_bash_operator to 2026-01-08 00:00:00+00:00, run_after=2026-01-09 00:00:00+00:00
[2026-01-09T12:19:36.064+0000] {processor.py:183} INFO - Processing /home/airflow/.local/lib/python3.8/site-packages/airflow/example_dags/example_bash_operator.py took 0.203 seconds
[2026-01-09T12:20:06.834+0000] {processor.py:161} INFO - Started process (PID=5676) to work on /home/airflow/.local/lib/python3.8/site-packages/airflow/example_dags/example_bash_operator.py
[2026-01-09T12:20:06.837+0000] {processor.py:830} INFO - Processing file /home/airflow/.local/lib/python3.8/site-packages/airflow/example_dags/example_bash_operator.py for tasks to queue
[2026-01-09T12:20:06.839+0000] {logging_mixin.py:188} INFO - [2026-01-09T12:20:06.838+0000] {dagbag.py:538} INFO - Filling up the DagBag from /home/airflow/.local/lib/python3.8/site-packages/airflow/example_dags/example_bash_operator.py
[2026-01-09T12:20:06.863+0000] {processor.py:840} INFO - DAG(s) 'example_bash_operator' retrieved from /home/airflow/.local/lib/python3.8/site-packages/airflow/example_dags/example_bash_operator.py
[2026-01-09T12:20:06.925+0000] {logging_mixin.py:188} INFO - [2026-01-09T12:20:06.924+0000] {dag.py:3036} INFO - Sync 1 DAGs
[2026-01-09T12:20:06.972+0000] {logging_mixin.py:188} INFO - [2026-01-09T12:20:06.971+0000] {dag.py:3823} INFO - Setting next_dagrun for example_bash_operator to 2026-01-08 00:00:00+00:00, run_after=2026-01-09 00:00:00+00:00
[2026-01-09T12:20:07.018+0000] {processor.py:183} INFO - Processing /home/airflow/.local/lib/python3.8/site-packages/airflow/example_dags/example_bash_operator.py took 0.192 seconds
[2026-01-09T12:20:37.272+0000] {processor.py:161} INFO - Started process (PID=5925) to work on /home/airflow/.local/lib/python3.8/site-packages/airflow/example_dags/example_bash_operator.py
[2026-01-09T12:20:37.274+0000] {processor.py:830} INFO - Processing file /home/airflow/.local/lib/python3.8/site-packages/airflow/example_dags/example_bash_operator.py for tasks to queue
[2026-01-09T12:20:37.276+0000] {logging_mixin.py:188} INFO - [2026-01-09T12:20:37.275+0000] {dagbag.py:538} INFO - Filling up the DagBag from /home/airflow/.local/lib/python3.8/site-packages/airflow/example_dags/example_bash_operator.py
[2026-01-09T12:20:37.296+0000] {processor.py:840} INFO - DAG(s) 'example_bash_operator' retrieved from /home/airflow/.local/lib/python3.8/site-packages/airflow/example_dags/example_bash_operator.py
[2026-01-09T12:20:37.357+0000] {logging_mixin.py:188} INFO - [2026-01-09T12:20:37.356+0000] {dag.py:3036} INFO - Sync 1 DAGs
[2026-01-09T12:20:37.401+0000] {logging_mixin.py:188} INFO - [2026-01-09T12:20:37.400+0000] {dag.py:3823} INFO - Setting next_dagrun for example_bash_operator to 2026-01-08 00:00:00+00:00, run_after=2026-01-09 00:00:00+00:00
[2026-01-09T12:20:37.442+0000] {processor.py:183} INFO - Processing /home/airflow/.local/lib/python3.8/site-packages/airflow/example_dags/example_bash_operator.py took 0.177 seconds
[2026-01-09T12:21:07.908+0000] {processor.py:161} INFO - Started process (PID=6172) to work on /home/airflow/.local/lib/python3.8/site-packages/airflow/example_dags/example_bash_operator.py
[2026-01-09T12:21:07.911+0000] {processor.py:830} INFO - Processing file /home/airflow/.local/lib/python3.8/site-packages/airflow/example_dags/example_bash_operator.py for tasks to queue
[2026-01-09T12:21:07.913+0000] {logging_mixin.py:188} INFO - [2026-01-09T12:21:07.912+0000] {dagbag.py:538} INFO - Filling up the DagBag from /home/airflow/.local/lib/python3.8/site-packages/airflow/example_dags/example_bash_operator.py
[2026-01-09T12:21:07.940+0000] {processor.py:840} INFO - DAG(s) 'example_bash_operator' retrieved from /home/airflow/.local/lib/python3.8/site-packages/airflow/example_dags/example_bash_operator.py
[2026-01-09T12:21:08.016+0000] {logging_mixin.py:188} INFO - [2026-01-09T12:21:08.015+0000] {dag.py:3036} INFO - Sync 1 DAGs
[2026-01-09T12:21:08.074+0000] {logging_mixin.py:188} INFO - [2026-01-09T12:21:08.073+0000] {dag.py:3823} INFO - Setting next_dagrun for example_bash_operator to 2026-01-08 00:00:00+00:00, run_after=2026-01-09 00:00:00+00:00
[2026-01-09T12:21:08.122+0000] {processor.py:183} INFO - Processing /home/airflow/.local/lib/python3.8/site-packages/airflow/example_dags/example_bash_operator.py took 0.221 seconds
[2026-01-09T12:21:38.463+0000] {processor.py:161} INFO - Started process (PID=6419) to work on /home/airflow/.local/lib/python3.8/site-packages/airflow/example_dags/example_bash_operator.py
[2026-01-09T12:21:38.477+0000] {processor.py:830} INFO - Processing file /home/airflow/.local/lib/python3.8/site-packages/airflow/example_dags/example_bash_operator.py for tasks to queue
[2026-01-09T12:21:38.481+0000] {logging_mixin.py:188} INFO - [2026-01-09T12:21:38.479+0000] {dagbag.py:538} INFO - Filling up the DagBag from /home/airflow/.local/lib/python3.8/site-packages/airflow/example_dags/example_bash_operator.py
[2026-01-09T12:21:38.518+0000] {processor.py:840} INFO - DAG(s) 'example_bash_operator' retrieved from /home/airflow/.local/lib/python3.8/site-packages/airflow/example_dags/example_bash_operator.py
[2026-01-09T12:21:38.597+0000] {logging_mixin.py:188} INFO - [2026-01-09T12:21:38.597+0000] {dag.py:3036} INFO - Sync 1 DAGs
[2026-01-09T12:21:38.660+0000] {logging_mixin.py:188} INFO - [2026-01-09T12:21:38.659+0000] {dag.py:3823} INFO - Setting next_dagrun for example_bash_operator to 2026-01-08 00:00:00+00:00, run_after=2026-01-09 00:00:00+00:00
[2026-01-09T12:21:38.719+0000] {processor.py:183} INFO - Processing /home/airflow/.local/lib/python3.8/site-packages/airflow/example_dags/example_bash_operator.py took 0.265 seconds
[2026-01-09T12:22:08.857+0000] {processor.py:161} INFO - Started process (PID=6667) to work on /home/airflow/.local/lib/python3.8/site-packages/airflow/example_dags/example_bash_operator.py
[2026-01-09T12:22:08.859+0000] {processor.py:830} INFO - Processing file /home/airflow/.local/lib/python3.8/site-packages/airflow/example_dags/example_bash_operator.py for tasks to queue
[2026-01-09T12:22:08.861+0000] {logging_mixin.py:188} INFO - [2026-01-09T12:22:08.860+0000] {dagbag.py:538} INFO - Filling up the DagBag from /home/airflow/.local/lib/python3.8/site-packages/airflow/example_dags/example_bash_operator.py
[2026-01-09T12:22:08.886+0000] {processor.py:840} INFO - DAG(s) 'example_bash_operator' retrieved from /home/airflow/.local/lib/python3.8/site-packages/airflow/example_dags/example_bash_operator.py
[2026-01-09T12:22:08.945+0000] {logging_mixin.py:188} INFO - [2026-01-09T12:22:08.945+0000] {dag.py:3036} INFO - Sync 1 DAGs
[2026-01-09T12:22:08.990+0000] {logging_mixin.py:188} INFO - [2026-01-09T12:22:08.989+0000] {dag.py:3823} INFO - Setting next_dagrun for example_bash_operator to 2026-01-08 00:00:00+00:00, run_after=2026-01-09 00:00:00+00:00
[2026-01-09T12:22:09.036+0000] {processor.py:183} INFO - Processing /home/airflow/.local/lib/python3.8/site-packages/airflow/example_dags/example_bash_operator.py took 0.186 seconds
[2026-01-09T12:22:39.301+0000] {processor.py:161} INFO - Started process (PID=6912) to work on /home/airflow/.local/lib/python3.8/site-packages/airflow/example_dags/example_bash_operator.py
[2026-01-09T12:22:39.305+0000] {processor.py:830} INFO - Processing file /home/airflow/.local/lib/python3.8/site-packages/airflow/example_dags/example_bash_operator.py for tasks to queue
[2026-01-09T12:22:39.309+0000] {logging_mixin.py:188} INFO - [2026-01-09T12:22:39.307+0000] {dagbag.py:538} INFO - Filling up the DagBag from /home/airflow/.local/lib/python3.8/site-packages/airflow/example_dags/example_bash_operator.py
[2026-01-09T12:22:39.350+0000] {processor.py:840} INFO - DAG(s) 'example_bash_operator' retrieved from /home/airflow/.local/lib/python3.8/site-packages/airflow/example_dags/example_bash_operator.py
[2026-01-09T12:22:39.418+0000] {logging_mixin.py:188} INFO - [2026-01-09T12:22:39.417+0000] {dag.py:3036} INFO - Sync 1 DAGs
[2026-01-09T12:22:39.476+0000] {logging_mixin.py:188} INFO - [2026-01-09T12:22:39.475+0000] {dag.py:3823} INFO - Setting next_dagrun for example_bash_operator to 2026-01-08 00:00:00+00:00, run_after=2026-01-09 00:00:00+00:00
[2026-01-09T12:22:39.563+0000] {processor.py:183} INFO - Processing /home/airflow/.local/lib/python3.8/site-packages/airflow/example_dags/example_bash_operator.py took 0.275 seconds
[2026-01-09T12:23:09.736+0000] {processor.py:161} INFO - Started process (PID=7159) to work on /home/airflow/.local/lib/python3.8/site-packages/airflow/example_dags/example_bash_operator.py
[2026-01-09T12:23:09.741+0000] {processor.py:830} INFO - Processing file /home/airflow/.local/lib/python3.8/site-packages/airflow/example_dags/example_bash_operator.py for tasks to queue
[2026-01-09T12:23:09.744+0000] {logging_mixin.py:188} INFO - [2026-01-09T12:23:09.743+0000] {dagbag.py:538} INFO - Filling up the DagBag from /home/airflow/.local/lib/python3.8/site-packages/airflow/example_dags/example_bash_operator.py
[2026-01-09T12:23:09.767+0000] {processor.py:840} INFO - DAG(s) 'example_bash_operator' retrieved from /home/airflow/.local/lib/python3.8/site-packages/airflow/example_dags/example_bash_operator.py
[2026-01-09T12:23:09.825+0000] {logging_mixin.py:188} INFO - [2026-01-09T12:23:09.824+0000] {dag.py:3036} INFO - Sync 1 DAGs
[2026-01-09T12:23:09.873+0000] {logging_mixin.py:188} INFO - [2026-01-09T12:23:09.873+0000] {dag.py:3823} INFO - Setting next_dagrun for example_bash_operator to 2026-01-08 00:00:00+00:00, run_after=2026-01-09 00:00:00+00:00
[2026-01-09T12:23:09.921+0000] {processor.py:183} INFO - Processing /home/airflow/.local/lib/python3.8/site-packages/airflow/example_dags/example_bash_operator.py took 0.193 seconds
[2026-01-09T12:23:41.101+0000] {processor.py:161} INFO - Started process (PID=7406) to work on /home/airflow/.local/lib/python3.8/site-packages/airflow/example_dags/example_bash_operator.py
[2026-01-09T12:23:41.108+0000] {processor.py:830} INFO - Processing file /home/airflow/.local/lib/python3.8/site-packages/airflow/example_dags/example_bash_operator.py for tasks to queue
[2026-01-09T12:23:41.111+0000] {logging_mixin.py:188} INFO - [2026-01-09T12:23:41.110+0000] {dagbag.py:538} INFO - Filling up the DagBag from /home/airflow/.local/lib/python3.8/site-packages/airflow/example_dags/example_bash_operator.py
[2026-01-09T12:23:41.138+0000] {processor.py:840} INFO - DAG(s) 'example_bash_operator' retrieved from /home/airflow/.local/lib/python3.8/site-packages/airflow/example_dags/example_bash_operator.py
[2026-01-09T12:23:41.198+0000] {logging_mixin.py:188} INFO - [2026-01-09T12:23:41.198+0000] {dag.py:3036} INFO - Sync 1 DAGs
[2026-01-09T12:23:41.244+0000] {logging_mixin.py:188} INFO - [2026-01-09T12:23:41.244+0000] {dag.py:3823} INFO - Setting next_dagrun for example_bash_operator to 2026-01-08 00:00:00+00:00, run_after=2026-01-09 00:00:00+00:00
[2026-01-09T12:23:41.288+0000] {processor.py:183} INFO - Processing /home/airflow/.local/lib/python3.8/site-packages/airflow/example_dags/example_bash_operator.py took 0.197 seconds
[2026-01-09T12:24:11.694+0000] {processor.py:161} INFO - Started process (PID=7654) to work on /home/airflow/.local/lib/python3.8/site-packages/airflow/example_dags/example_bash_operator.py
[2026-01-09T12:24:11.697+0000] {processor.py:830} INFO - Processing file /home/airflow/.local/lib/python3.8/site-packages/airflow/example_dags/example_bash_operator.py for tasks to queue
[2026-01-09T12:24:11.699+0000] {logging_mixin.py:188} INFO - [2026-01-09T12:24:11.698+0000] {dagbag.py:538} INFO - Filling up the DagBag from /home/airflow/.local/lib/python3.8/site-packages/airflow/example_dags/example_bash_operator.py
[2026-01-09T12:24:11.725+0000] {processor.py:840} INFO - DAG(s) 'example_bash_operator' retrieved from /home/airflow/.local/lib/python3.8/site-packages/airflow/example_dags/example_bash_operator.py
[2026-01-09T12:24:11.788+0000] {logging_mixin.py:188} INFO - [2026-01-09T12:24:11.788+0000] {dag.py:3036} INFO - Sync 1 DAGs
[2026-01-09T12:24:11.830+0000] {logging_mixin.py:188} INFO - [2026-01-09T12:24:11.829+0000] {dag.py:3823} INFO - Setting next_dagrun for example_bash_operator to 2026-01-08 00:00:00+00:00, run_after=2026-01-09 00:00:00+00:00
[2026-01-09T12:24:11.872+0000] {processor.py:183} INFO - Processing /home/airflow/.local/lib/python3.8/site-packages/airflow/example_dags/example_bash_operator.py took 0.185 seconds
[2026-01-09T12:24:42.331+0000] {processor.py:161} INFO - Started process (PID=7901) to work on /home/airflow/.local/lib/python3.8/site-packages/airflow/example_dags/example_bash_operator.py
[2026-01-09T12:24:42.334+0000] {processor.py:830} INFO - Processing file /home/airflow/.local/lib/python3.8/site-packages/airflow/example_dags/example_bash_operator.py for tasks to queue
[2026-01-09T12:24:42.336+0000] {logging_mixin.py:188} INFO - [2026-01-09T12:24:42.335+0000] {dagbag.py:538} INFO - Filling up the DagBag from /home/airflow/.local/lib/python3.8/site-packages/airflow/example_dags/example_bash_operator.py
[2026-01-09T12:24:42.355+0000] {processor.py:840} INFO - DAG(s) 'example_bash_operator' retrieved from /home/airflow/.local/lib/python3.8/site-packages/airflow/example_dags/example_bash_operator.py
[2026-01-09T12:24:42.414+0000] {logging_mixin.py:188} INFO - [2026-01-09T12:24:42.414+0000] {dag.py:3036} INFO - Sync 1 DAGs
[2026-01-09T12:24:42.457+0000] {logging_mixin.py:188} INFO - [2026-01-09T12:24:42.456+0000] {dag.py:3823} INFO - Setting next_dagrun for example_bash_operator to 2026-01-08 00:00:00+00:00, run_after=2026-01-09 00:00:00+00:00
[2026-01-09T12:24:42.509+0000] {processor.py:183} INFO - Processing /home/airflow/.local/lib/python3.8/site-packages/airflow/example_dags/example_bash_operator.py took 0.185 seconds
[2026-01-09T12:25:13.293+0000] {processor.py:161} INFO - Started process (PID=8150) to work on /home/airflow/.local/lib/python3.8/site-packages/airflow/example_dags/example_bash_operator.py
[2026-01-09T12:25:13.300+0000] {processor.py:830} INFO - Processing file /home/airflow/.local/lib/python3.8/site-packages/airflow/example_dags/example_bash_operator.py for tasks to queue
[2026-01-09T12:25:13.301+0000] {logging_mixin.py:188} INFO - [2026-01-09T12:25:13.301+0000] {dagbag.py:538} INFO - Filling up the DagBag from /home/airflow/.local/lib/python3.8/site-packages/airflow/example_dags/example_bash_operator.py
[2026-01-09T12:25:13.326+0000] {processor.py:840} INFO - DAG(s) 'example_bash_operator' retrieved from /home/airflow/.local/lib/python3.8/site-packages/airflow/example_dags/example_bash_operator.py
[2026-01-09T12:25:13.395+0000] {logging_mixin.py:188} INFO - [2026-01-09T12:25:13.395+0000] {dag.py:3036} INFO - Sync 1 DAGs
[2026-01-09T12:25:13.438+0000] {logging_mixin.py:188} INFO - [2026-01-09T12:25:13.437+0000] {dag.py:3823} INFO - Setting next_dagrun for example_bash_operator to 2026-01-08 00:00:00+00:00, run_after=2026-01-09 00:00:00+00:00
[2026-01-09T12:25:13.501+0000] {processor.py:183} INFO - Processing /home/airflow/.local/lib/python3.8/site-packages/airflow/example_dags/example_bash_operator.py took 0.215 seconds
[2026-01-09T12:25:43.619+0000] {processor.py:161} INFO - Started process (PID=8392) to work on /home/airflow/.local/lib/python3.8/site-packages/airflow/example_dags/example_bash_operator.py
[2026-01-09T12:25:43.624+0000] {processor.py:830} INFO - Processing file /home/airflow/.local/lib/python3.8/site-packages/airflow/example_dags/example_bash_operator.py for tasks to queue
[2026-01-09T12:25:43.625+0000] {logging_mixin.py:188} INFO - [2026-01-09T12:25:43.625+0000] {dagbag.py:538} INFO - Filling up the DagBag from /home/airflow/.local/lib/python3.8/site-packages/airflow/example_dags/example_bash_operator.py
[2026-01-09T12:25:43.646+0000] {processor.py:840} INFO - DAG(s) 'example_bash_operator' retrieved from /home/airflow/.local/lib/python3.8/site-packages/airflow/example_dags/example_bash_operator.py
[2026-01-09T12:25:43.702+0000] {logging_mixin.py:188} INFO - [2026-01-09T12:25:43.702+0000] {dag.py:3036} INFO - Sync 1 DAGs
[2026-01-09T12:25:43.746+0000] {logging_mixin.py:188} INFO - [2026-01-09T12:25:43.745+0000] {dag.py:3823} INFO - Setting next_dagrun for example_bash_operator to 2026-01-08 00:00:00+00:00, run_after=2026-01-09 00:00:00+00:00
[2026-01-09T12:25:43.788+0000] {processor.py:183} INFO - Processing /home/airflow/.local/lib/python3.8/site-packages/airflow/example_dags/example_bash_operator.py took 0.176 seconds
[2026-01-09T12:26:14.599+0000] {processor.py:161} INFO - Started process (PID=8639) to work on /home/airflow/.local/lib/python3.8/site-packages/airflow/example_dags/example_bash_operator.py
[2026-01-09T12:26:14.611+0000] {processor.py:830} INFO - Processing file /home/airflow/.local/lib/python3.8/site-packages/airflow/example_dags/example_bash_operator.py for tasks to queue
[2026-01-09T12:26:14.613+0000] {logging_mixin.py:188} INFO - [2026-01-09T12:26:14.612+0000] {dagbag.py:538} INFO - Filling up the DagBag from /home/airflow/.local/lib/python3.8/site-packages/airflow/example_dags/example_bash_operator.py
[2026-01-09T12:26:14.682+0000] {processor.py:840} INFO - DAG(s) 'example_bash_operator' retrieved from /home/airflow/.local/lib/python3.8/site-packages/airflow/example_dags/example_bash_operator.py
[2026-01-09T12:26:14.757+0000] {logging_mixin.py:188} INFO - [2026-01-09T12:26:14.756+0000] {dag.py:3036} INFO - Sync 1 DAGs
[2026-01-09T12:26:14.798+0000] {logging_mixin.py:188} INFO - [2026-01-09T12:26:14.797+0000] {dag.py:3823} INFO - Setting next_dagrun for example_bash_operator to 2026-01-08 00:00:00+00:00, run_after=2026-01-09 00:00:00+00:00
[2026-01-09T12:26:14.845+0000] {processor.py:183} INFO - Processing /home/airflow/.local/lib/python3.8/site-packages/airflow/example_dags/example_bash_operator.py took 0.252 seconds
[2026-01-09T12:26:45.142+0000] {processor.py:161} INFO - Started process (PID=8886) to work on /home/airflow/.local/lib/python3.8/site-packages/airflow/example_dags/example_bash_operator.py
[2026-01-09T12:26:45.159+0000] {processor.py:830} INFO - Processing file /home/airflow/.local/lib/python3.8/site-packages/airflow/example_dags/example_bash_operator.py for tasks to queue
[2026-01-09T12:26:45.161+0000] {logging_mixin.py:188} INFO - [2026-01-09T12:26:45.160+0000] {dagbag.py:538} INFO - Filling up the DagBag from /home/airflow/.local/lib/python3.8/site-packages/airflow/example_dags/example_bash_operator.py
[2026-01-09T12:26:45.185+0000] {processor.py:840} INFO - DAG(s) 'example_bash_operator' retrieved from /home/airflow/.local/lib/python3.8/site-packages/airflow/example_dags/example_bash_operator.py
[2026-01-09T12:26:45.240+0000] {logging_mixin.py:188} INFO - [2026-01-09T12:26:45.240+0000] {dag.py:3036} INFO - Sync 1 DAGs
[2026-01-09T12:26:45.284+0000] {logging_mixin.py:188} INFO - [2026-01-09T12:26:45.283+0000] {dag.py:3823} INFO - Setting next_dagrun for example_bash_operator to 2026-01-08 00:00:00+00:00, run_after=2026-01-09 00:00:00+00:00
[2026-01-09T12:26:45.333+0000] {processor.py:183} INFO - Processing /home/airflow/.local/lib/python3.8/site-packages/airflow/example_dags/example_bash_operator.py took 0.200 seconds
[2026-01-09T12:27:16.056+0000] {processor.py:161} INFO - Started process (PID=9133) to work on /home/airflow/.local/lib/python3.8/site-packages/airflow/example_dags/example_bash_operator.py
[2026-01-09T12:27:16.061+0000] {processor.py:830} INFO - Processing file /home/airflow/.local/lib/python3.8/site-packages/airflow/example_dags/example_bash_operator.py for tasks to queue
[2026-01-09T12:27:16.063+0000] {logging_mixin.py:188} INFO - [2026-01-09T12:27:16.062+0000] {dagbag.py:538} INFO - Filling up the DagBag from /home/airflow/.local/lib/python3.8/site-packages/airflow/example_dags/example_bash_operator.py
[2026-01-09T12:27:16.086+0000] {processor.py:840} INFO - DAG(s) 'example_bash_operator' retrieved from /home/airflow/.local/lib/python3.8/site-packages/airflow/example_dags/example_bash_operator.py
[2026-01-09T12:27:16.145+0000] {logging_mixin.py:188} INFO - [2026-01-09T12:27:16.144+0000] {dag.py:3036} INFO - Sync 1 DAGs
[2026-01-09T12:27:16.185+0000] {logging_mixin.py:188} INFO - [2026-01-09T12:27:16.184+0000] {dag.py:3823} INFO - Setting next_dagrun for example_bash_operator to 2026-01-08 00:00:00+00:00, run_after=2026-01-09 00:00:00+00:00
[2026-01-09T12:27:16.227+0000] {processor.py:183} INFO - Processing /home/airflow/.local/lib/python3.8/site-packages/airflow/example_dags/example_bash_operator.py took 0.181 seconds
[2026-01-09T12:27:46.707+0000] {processor.py:161} INFO - Started process (PID=9380) to work on /home/airflow/.local/lib/python3.8/site-packages/airflow/example_dags/example_bash_operator.py
[2026-01-09T12:27:46.737+0000] {processor.py:830} INFO - Processing file /home/airflow/.local/lib/python3.8/site-packages/airflow/example_dags/example_bash_operator.py for tasks to queue
[2026-01-09T12:27:46.739+0000] {logging_mixin.py:188} INFO - [2026-01-09T12:27:46.738+0000] {dagbag.py:538} INFO - Filling up the DagBag from /home/airflow/.local/lib/python3.8/site-packages/airflow/example_dags/example_bash_operator.py
[2026-01-09T12:27:46.762+0000] {processor.py:840} INFO - DAG(s) 'example_bash_operator' retrieved from /home/airflow/.local/lib/python3.8/site-packages/airflow/example_dags/example_bash_operator.py
[2026-01-09T12:27:46.828+0000] {logging_mixin.py:188} INFO - [2026-01-09T12:27:46.828+0000] {dag.py:3036} INFO - Sync 1 DAGs
[2026-01-09T12:27:46.872+0000] {logging_mixin.py:188} INFO - [2026-01-09T12:27:46.872+0000] {dag.py:3823} INFO - Setting next_dagrun for example_bash_operator to 2026-01-08 00:00:00+00:00, run_after=2026-01-09 00:00:00+00:00
[2026-01-09T12:27:46.920+0000] {processor.py:183} INFO - Processing /home/airflow/.local/lib/python3.8/site-packages/airflow/example_dags/example_bash_operator.py took 0.222 seconds
[2026-01-09T12:28:17.624+0000] {processor.py:161} INFO - Started process (PID=9627) to work on /home/airflow/.local/lib/python3.8/site-packages/airflow/example_dags/example_bash_operator.py
[2026-01-09T12:28:17.629+0000] {processor.py:830} INFO - Processing file /home/airflow/.local/lib/python3.8/site-packages/airflow/example_dags/example_bash_operator.py for tasks to queue
[2026-01-09T12:28:17.631+0000] {logging_mixin.py:188} INFO - [2026-01-09T12:28:17.630+0000] {dagbag.py:538} INFO - Filling up the DagBag from /home/airflow/.local/lib/python3.8/site-packages/airflow/example_dags/example_bash_operator.py
[2026-01-09T12:28:17.652+0000] {processor.py:840} INFO - DAG(s) 'example_bash_operator' retrieved from /home/airflow/.local/lib/python3.8/site-packages/airflow/example_dags/example_bash_operator.py
[2026-01-09T12:28:17.703+0000] {logging_mixin.py:188} INFO - [2026-01-09T12:28:17.703+0000] {dag.py:3036} INFO - Sync 1 DAGs
[2026-01-09T12:28:17.740+0000] {logging_mixin.py:188} INFO - [2026-01-09T12:28:17.740+0000] {dag.py:3823} INFO - Setting next_dagrun for example_bash_operator to 2026-01-08 00:00:00+00:00, run_after=2026-01-09 00:00:00+00:00
[2026-01-09T12:28:17.786+0000] {processor.py:183} INFO - Processing /home/airflow/.local/lib/python3.8/site-packages/airflow/example_dags/example_bash_operator.py took 0.168 seconds
[2026-01-09T12:28:48.513+0000] {processor.py:161} INFO - Started process (PID=9874) to work on /home/airflow/.local/lib/python3.8/site-packages/airflow/example_dags/example_bash_operator.py
[2026-01-09T12:28:48.515+0000] {processor.py:830} INFO - Processing file /home/airflow/.local/lib/python3.8/site-packages/airflow/example_dags/example_bash_operator.py for tasks to queue
[2026-01-09T12:28:48.517+0000] {logging_mixin.py:188} INFO - [2026-01-09T12:28:48.517+0000] {dagbag.py:538} INFO - Filling up the DagBag from /home/airflow/.local/lib/python3.8/site-packages/airflow/example_dags/example_bash_operator.py
[2026-01-09T12:28:48.549+0000] {processor.py:840} INFO - DAG(s) 'example_bash_operator' retrieved from /home/airflow/.local/lib/python3.8/site-packages/airflow/example_dags/example_bash_operator.py
[2026-01-09T12:28:48.617+0000] {logging_mixin.py:188} INFO - [2026-01-09T12:28:48.617+0000] {dag.py:3036} INFO - Sync 1 DAGs
[2026-01-09T12:28:48.674+0000] {logging_mixin.py:188} INFO - [2026-01-09T12:28:48.673+0000] {dag.py:3823} INFO - Setting next_dagrun for example_bash_operator to 2026-01-08 00:00:00+00:00, run_after=2026-01-09 00:00:00+00:00
[2026-01-09T12:28:48.734+0000] {processor.py:183} INFO - Processing /home/airflow/.local/lib/python3.8/site-packages/airflow/example_dags/example_bash_operator.py took 0.227 seconds
[2026-01-09T12:29:18.803+0000] {processor.py:161} INFO - Started process (PID=10121) to work on /home/airflow/.local/lib/python3.8/site-packages/airflow/example_dags/example_bash_operator.py
[2026-01-09T12:29:18.805+0000] {processor.py:830} INFO - Processing file /home/airflow/.local/lib/python3.8/site-packages/airflow/example_dags/example_bash_operator.py for tasks to queue
[2026-01-09T12:29:18.807+0000] {logging_mixin.py:188} INFO - [2026-01-09T12:29:18.806+0000] {dagbag.py:538} INFO - Filling up the DagBag from /home/airflow/.local/lib/python3.8/site-packages/airflow/example_dags/example_bash_operator.py
[2026-01-09T12:29:18.828+0000] {processor.py:840} INFO - DAG(s) 'example_bash_operator' retrieved from /home/airflow/.local/lib/python3.8/site-packages/airflow/example_dags/example_bash_operator.py
[2026-01-09T12:29:18.880+0000] {logging_mixin.py:188} INFO - [2026-01-09T12:29:18.880+0000] {dag.py:3036} INFO - Sync 1 DAGs
[2026-01-09T12:29:18.917+0000] {logging_mixin.py:188} INFO - [2026-01-09T12:29:18.917+0000] {dag.py:3823} INFO - Setting next_dagrun for example_bash_operator to 2026-01-08 00:00:00+00:00, run_after=2026-01-09 00:00:00+00:00
[2026-01-09T12:29:18.954+0000] {processor.py:183} INFO - Processing /home/airflow/.local/lib/python3.8/site-packages/airflow/example_dags/example_bash_operator.py took 0.157 seconds
[2026-01-09T12:29:49.547+0000] {processor.py:161} INFO - Started process (PID=10368) to work on /home/airflow/.local/lib/python3.8/site-packages/airflow/example_dags/example_bash_operator.py
[2026-01-09T12:29:49.553+0000] {processor.py:830} INFO - Processing file /home/airflow/.local/lib/python3.8/site-packages/airflow/example_dags/example_bash_operator.py for tasks to queue
[2026-01-09T12:29:49.554+0000] {logging_mixin.py:188} INFO - [2026-01-09T12:29:49.554+0000] {dagbag.py:538} INFO - Filling up the DagBag from /home/airflow/.local/lib/python3.8/site-packages/airflow/example_dags/example_bash_operator.py
[2026-01-09T12:29:49.576+0000] {processor.py:840} INFO - DAG(s) 'example_bash_operator' retrieved from /home/airflow/.local/lib/python3.8/site-packages/airflow/example_dags/example_bash_operator.py
[2026-01-09T12:29:49.638+0000] {logging_mixin.py:188} INFO - [2026-01-09T12:29:49.637+0000] {dag.py:3036} INFO - Sync 1 DAGs
[2026-01-09T12:29:49.685+0000] {logging_mixin.py:188} INFO - [2026-01-09T12:29:49.685+0000] {dag.py:3823} INFO - Setting next_dagrun for example_bash_operator to 2026-01-08 00:00:00+00:00, run_after=2026-01-09 00:00:00+00:00
[2026-01-09T12:29:49.727+0000] {processor.py:183} INFO - Processing /home/airflow/.local/lib/python3.8/site-packages/airflow/example_dags/example_bash_operator.py took 0.186 seconds
[2026-01-09T12:30:20.472+0000] {processor.py:161} INFO - Started process (PID=10616) to work on /home/airflow/.local/lib/python3.8/site-packages/airflow/example_dags/example_bash_operator.py
[2026-01-09T12:30:20.474+0000] {processor.py:830} INFO - Processing file /home/airflow/.local/lib/python3.8/site-packages/airflow/example_dags/example_bash_operator.py for tasks to queue
[2026-01-09T12:30:20.476+0000] {logging_mixin.py:188} INFO - [2026-01-09T12:30:20.475+0000] {dagbag.py:538} INFO - Filling up the DagBag from /home/airflow/.local/lib/python3.8/site-packages/airflow/example_dags/example_bash_operator.py
[2026-01-09T12:30:20.497+0000] {processor.py:840} INFO - DAG(s) 'example_bash_operator' retrieved from /home/airflow/.local/lib/python3.8/site-packages/airflow/example_dags/example_bash_operator.py
[2026-01-09T12:30:20.554+0000] {logging_mixin.py:188} INFO - [2026-01-09T12:30:20.554+0000] {dag.py:3036} INFO - Sync 1 DAGs
[2026-01-09T12:30:20.595+0000] {logging_mixin.py:188} INFO - [2026-01-09T12:30:20.595+0000] {dag.py:3823} INFO - Setting next_dagrun for example_bash_operator to 2026-01-08 00:00:00+00:00, run_after=2026-01-09 00:00:00+00:00
[2026-01-09T12:30:20.648+0000] {processor.py:183} INFO - Processing /home/airflow/.local/lib/python3.8/site-packages/airflow/example_dags/example_bash_operator.py took 0.183 seconds
[2026-01-09T12:30:51.224+0000] {processor.py:161} INFO - Started process (PID=10863) to work on /home/airflow/.local/lib/python3.8/site-packages/airflow/example_dags/example_bash_operator.py
[2026-01-09T12:30:51.229+0000] {processor.py:830} INFO - Processing file /home/airflow/.local/lib/python3.8/site-packages/airflow/example_dags/example_bash_operator.py for tasks to queue
[2026-01-09T12:30:51.231+0000] {logging_mixin.py:188} INFO - [2026-01-09T12:30:51.230+0000] {dagbag.py:538} INFO - Filling up the DagBag from /home/airflow/.local/lib/python3.8/site-packages/airflow/example_dags/example_bash_operator.py
[2026-01-09T12:30:51.261+0000] {processor.py:840} INFO - DAG(s) 'example_bash_operator' retrieved from /home/airflow/.local/lib/python3.8/site-packages/airflow/example_dags/example_bash_operator.py
[2026-01-09T12:30:51.323+0000] {logging_mixin.py:188} INFO - [2026-01-09T12:30:51.322+0000] {dag.py:3036} INFO - Sync 1 DAGs
[2026-01-09T12:30:51.370+0000] {logging_mixin.py:188} INFO - [2026-01-09T12:30:51.370+0000] {dag.py:3823} INFO - Setting next_dagrun for example_bash_operator to 2026-01-08 00:00:00+00:00, run_after=2026-01-09 00:00:00+00:00
[2026-01-09T12:30:51.424+0000] {processor.py:183} INFO - Processing /home/airflow/.local/lib/python3.8/site-packages/airflow/example_dags/example_bash_operator.py took 0.209 seconds
[2026-01-09T12:31:21.574+0000] {processor.py:161} INFO - Started process (PID=11110) to work on /home/airflow/.local/lib/python3.8/site-packages/airflow/example_dags/example_bash_operator.py
[2026-01-09T12:31:21.576+0000] {processor.py:830} INFO - Processing file /home/airflow/.local/lib/python3.8/site-packages/airflow/example_dags/example_bash_operator.py for tasks to queue
[2026-01-09T12:31:21.578+0000] {logging_mixin.py:188} INFO - [2026-01-09T12:31:21.577+0000] {dagbag.py:538} INFO - Filling up the DagBag from /home/airflow/.local/lib/python3.8/site-packages/airflow/example_dags/example_bash_operator.py
[2026-01-09T12:31:21.600+0000] {processor.py:840} INFO - DAG(s) 'example_bash_operator' retrieved from /home/airflow/.local/lib/python3.8/site-packages/airflow/example_dags/example_bash_operator.py
[2026-01-09T12:31:21.652+0000] {logging_mixin.py:188} INFO - [2026-01-09T12:31:21.652+0000] {dag.py:3036} INFO - Sync 1 DAGs
[2026-01-09T12:31:21.688+0000] {logging_mixin.py:188} INFO - [2026-01-09T12:31:21.687+0000] {dag.py:3823} INFO - Setting next_dagrun for example_bash_operator to 2026-01-08 00:00:00+00:00, run_after=2026-01-09 00:00:00+00:00
[2026-01-09T12:31:21.727+0000] {processor.py:183} INFO - Processing /home/airflow/.local/lib/python3.8/site-packages/airflow/example_dags/example_bash_operator.py took 0.161 seconds
[2026-01-09T12:31:52.154+0000] {processor.py:161} INFO - Started process (PID=11356) to work on /home/airflow/.local/lib/python3.8/site-packages/airflow/example_dags/example_bash_operator.py
[2026-01-09T12:31:52.156+0000] {processor.py:830} INFO - Processing file /home/airflow/.local/lib/python3.8/site-packages/airflow/example_dags/example_bash_operator.py for tasks to queue
[2026-01-09T12:31:52.158+0000] {logging_mixin.py:188} INFO - [2026-01-09T12:31:52.157+0000] {dagbag.py:538} INFO - Filling up the DagBag from /home/airflow/.local/lib/python3.8/site-packages/airflow/example_dags/example_bash_operator.py
[2026-01-09T12:31:52.180+0000] {processor.py:840} INFO - DAG(s) 'example_bash_operator' retrieved from /home/airflow/.local/lib/python3.8/site-packages/airflow/example_dags/example_bash_operator.py
[2026-01-09T12:31:52.229+0000] {logging_mixin.py:188} INFO - [2026-01-09T12:31:52.228+0000] {dag.py:3036} INFO - Sync 1 DAGs
[2026-01-09T12:31:52.265+0000] {logging_mixin.py:188} INFO - [2026-01-09T12:31:52.265+0000] {dag.py:3823} INFO - Setting next_dagrun for example_bash_operator to 2026-01-08 00:00:00+00:00, run_after=2026-01-09 00:00:00+00:00
[2026-01-09T12:31:52.307+0000] {processor.py:183} INFO - Processing /home/airflow/.local/lib/python3.8/site-packages/airflow/example_dags/example_bash_operator.py took 0.161 seconds
[2026-01-09T12:32:23.317+0000] {processor.py:161} INFO - Started process (PID=11609) to work on /home/airflow/.local/lib/python3.8/site-packages/airflow/example_dags/example_bash_operator.py
[2026-01-09T12:32:23.334+0000] {processor.py:830} INFO - Processing file /home/airflow/.local/lib/python3.8/site-packages/airflow/example_dags/example_bash_operator.py for tasks to queue
[2026-01-09T12:32:23.337+0000] {logging_mixin.py:188} INFO - [2026-01-09T12:32:23.336+0000] {dagbag.py:538} INFO - Filling up the DagBag from /home/airflow/.local/lib/python3.8/site-packages/airflow/example_dags/example_bash_operator.py
[2026-01-09T12:32:23.420+0000] {processor.py:840} INFO - DAG(s) 'example_bash_operator' retrieved from /home/airflow/.local/lib/python3.8/site-packages/airflow/example_dags/example_bash_operator.py
[2026-01-09T12:32:23.609+0000] {logging_mixin.py:188} INFO - [2026-01-09T12:32:23.608+0000] {dag.py:3036} INFO - Sync 1 DAGs
[2026-01-09T12:32:23.734+0000] {logging_mixin.py:188} INFO - [2026-01-09T12:32:23.733+0000] {dag.py:3823} INFO - Setting next_dagrun for example_bash_operator to 2026-01-08 00:00:00+00:00, run_after=2026-01-09 00:00:00+00:00
[2026-01-09T12:32:23.833+0000] {processor.py:183} INFO - Processing /home/airflow/.local/lib/python3.8/site-packages/airflow/example_dags/example_bash_operator.py took 0.533 seconds
[2026-01-09T12:32:54.504+0000] {processor.py:161} INFO - Started process (PID=11856) to work on /home/airflow/.local/lib/python3.8/site-packages/airflow/example_dags/example_bash_operator.py
[2026-01-09T12:32:54.510+0000] {processor.py:830} INFO - Processing file /home/airflow/.local/lib/python3.8/site-packages/airflow/example_dags/example_bash_operator.py for tasks to queue
[2026-01-09T12:32:54.512+0000] {logging_mixin.py:188} INFO - [2026-01-09T12:32:54.512+0000] {dagbag.py:538} INFO - Filling up the DagBag from /home/airflow/.local/lib/python3.8/site-packages/airflow/example_dags/example_bash_operator.py
[2026-01-09T12:32:54.545+0000] {processor.py:840} INFO - DAG(s) 'example_bash_operator' retrieved from /home/airflow/.local/lib/python3.8/site-packages/airflow/example_dags/example_bash_operator.py
[2026-01-09T12:32:54.611+0000] {logging_mixin.py:188} INFO - [2026-01-09T12:32:54.611+0000] {dag.py:3036} INFO - Sync 1 DAGs
[2026-01-09T12:32:54.654+0000] {logging_mixin.py:188} INFO - [2026-01-09T12:32:54.654+0000] {dag.py:3823} INFO - Setting next_dagrun for example_bash_operator to 2026-01-08 00:00:00+00:00, run_after=2026-01-09 00:00:00+00:00
[2026-01-09T12:32:54.708+0000] {processor.py:183} INFO - Processing /home/airflow/.local/lib/python3.8/site-packages/airflow/example_dags/example_bash_operator.py took 0.212 seconds
[2026-01-09T12:33:25.084+0000] {processor.py:161} INFO - Started process (PID=12103) to work on /home/airflow/.local/lib/python3.8/site-packages/airflow/example_dags/example_bash_operator.py
[2026-01-09T12:33:25.095+0000] {processor.py:830} INFO - Processing file /home/airflow/.local/lib/python3.8/site-packages/airflow/example_dags/example_bash_operator.py for tasks to queue
[2026-01-09T12:33:25.098+0000] {logging_mixin.py:188} INFO - [2026-01-09T12:33:25.097+0000] {dagbag.py:538} INFO - Filling up the DagBag from /home/airflow/.local/lib/python3.8/site-packages/airflow/example_dags/example_bash_operator.py
[2026-01-09T12:33:25.134+0000] {processor.py:840} INFO - DAG(s) 'example_bash_operator' retrieved from /home/airflow/.local/lib/python3.8/site-packages/airflow/example_dags/example_bash_operator.py
[2026-01-09T12:33:25.196+0000] {logging_mixin.py:188} INFO - [2026-01-09T12:33:25.196+0000] {dag.py:3036} INFO - Sync 1 DAGs
[2026-01-09T12:33:25.234+0000] {logging_mixin.py:188} INFO - [2026-01-09T12:33:25.234+0000] {dag.py:3823} INFO - Setting next_dagrun for example_bash_operator to 2026-01-08 00:00:00+00:00, run_after=2026-01-09 00:00:00+00:00
[2026-01-09T12:33:25.281+0000] {processor.py:183} INFO - Processing /home/airflow/.local/lib/python3.8/site-packages/airflow/example_dags/example_bash_operator.py took 0.212 seconds
[2026-01-09T12:33:55.905+0000] {processor.py:161} INFO - Started process (PID=12350) to work on /home/airflow/.local/lib/python3.8/site-packages/airflow/example_dags/example_bash_operator.py
[2026-01-09T12:33:55.913+0000] {processor.py:830} INFO - Processing file /home/airflow/.local/lib/python3.8/site-packages/airflow/example_dags/example_bash_operator.py for tasks to queue
[2026-01-09T12:33:55.916+0000] {logging_mixin.py:188} INFO - [2026-01-09T12:33:55.915+0000] {dagbag.py:538} INFO - Filling up the DagBag from /home/airflow/.local/lib/python3.8/site-packages/airflow/example_dags/example_bash_operator.py
[2026-01-09T12:33:55.976+0000] {processor.py:840} INFO - DAG(s) 'example_bash_operator' retrieved from /home/airflow/.local/lib/python3.8/site-packages/airflow/example_dags/example_bash_operator.py
[2026-01-09T12:33:56.119+0000] {logging_mixin.py:188} INFO - [2026-01-09T12:33:56.118+0000] {dag.py:3036} INFO - Sync 1 DAGs
[2026-01-09T12:33:56.163+0000] {logging_mixin.py:188} INFO - [2026-01-09T12:33:56.162+0000] {dag.py:3823} INFO - Setting next_dagrun for example_bash_operator to 2026-01-08 00:00:00+00:00, run_after=2026-01-09 00:00:00+00:00
[2026-01-09T12:33:56.211+0000] {processor.py:183} INFO - Processing /home/airflow/.local/lib/python3.8/site-packages/airflow/example_dags/example_bash_operator.py took 0.317 seconds
[2026-01-09T12:34:26.453+0000] {processor.py:161} INFO - Started process (PID=12597) to work on /home/airflow/.local/lib/python3.8/site-packages/airflow/example_dags/example_bash_operator.py
[2026-01-09T12:34:26.455+0000] {processor.py:830} INFO - Processing file /home/airflow/.local/lib/python3.8/site-packages/airflow/example_dags/example_bash_operator.py for tasks to queue
[2026-01-09T12:34:26.457+0000] {logging_mixin.py:188} INFO - [2026-01-09T12:34:26.456+0000] {dagbag.py:538} INFO - Filling up the DagBag from /home/airflow/.local/lib/python3.8/site-packages/airflow/example_dags/example_bash_operator.py
[2026-01-09T12:34:26.490+0000] {processor.py:840} INFO - DAG(s) 'example_bash_operator' retrieved from /home/airflow/.local/lib/python3.8/site-packages/airflow/example_dags/example_bash_operator.py
[2026-01-09T12:34:26.560+0000] {logging_mixin.py:188} INFO - [2026-01-09T12:34:26.560+0000] {dag.py:3036} INFO - Sync 1 DAGs
[2026-01-09T12:34:26.606+0000] {logging_mixin.py:188} INFO - [2026-01-09T12:34:26.606+0000] {dag.py:3823} INFO - Setting next_dagrun for example_bash_operator to 2026-01-08 00:00:00+00:00, run_after=2026-01-09 00:00:00+00:00
[2026-01-09T12:34:26.673+0000] {processor.py:183} INFO - Processing /home/airflow/.local/lib/python3.8/site-packages/airflow/example_dags/example_bash_operator.py took 0.230 seconds
[2026-01-09T12:34:57.139+0000] {processor.py:161} INFO - Started process (PID=12844) to work on /home/airflow/.local/lib/python3.8/site-packages/airflow/example_dags/example_bash_operator.py
[2026-01-09T12:34:57.144+0000] {processor.py:830} INFO - Processing file /home/airflow/.local/lib/python3.8/site-packages/airflow/example_dags/example_bash_operator.py for tasks to queue
[2026-01-09T12:34:57.145+0000] {logging_mixin.py:188} INFO - [2026-01-09T12:34:57.145+0000] {dagbag.py:538} INFO - Filling up the DagBag from /home/airflow/.local/lib/python3.8/site-packages/airflow/example_dags/example_bash_operator.py
[2026-01-09T12:34:57.167+0000] {processor.py:840} INFO - DAG(s) 'example_bash_operator' retrieved from /home/airflow/.local/lib/python3.8/site-packages/airflow/example_dags/example_bash_operator.py
[2026-01-09T12:34:57.227+0000] {logging_mixin.py:188} INFO - [2026-01-09T12:34:57.227+0000] {dag.py:3036} INFO - Sync 1 DAGs
[2026-01-09T12:34:57.265+0000] {logging_mixin.py:188} INFO - [2026-01-09T12:34:57.264+0000] {dag.py:3823} INFO - Setting next_dagrun for example_bash_operator to 2026-01-08 00:00:00+00:00, run_after=2026-01-09 00:00:00+00:00
[2026-01-09T12:34:57.308+0000] {processor.py:183} INFO - Processing /home/airflow/.local/lib/python3.8/site-packages/airflow/example_dags/example_bash_operator.py took 0.175 seconds
[2026-01-09T12:35:27.857+0000] {processor.py:161} INFO - Started process (PID=13091) to work on /home/airflow/.local/lib/python3.8/site-packages/airflow/example_dags/example_bash_operator.py
[2026-01-09T12:35:27.859+0000] {processor.py:830} INFO - Processing file /home/airflow/.local/lib/python3.8/site-packages/airflow/example_dags/example_bash_operator.py for tasks to queue
[2026-01-09T12:35:27.860+0000] {logging_mixin.py:188} INFO - [2026-01-09T12:35:27.860+0000] {dagbag.py:538} INFO - Filling up the DagBag from /home/airflow/.local/lib/python3.8/site-packages/airflow/example_dags/example_bash_operator.py
[2026-01-09T12:35:27.883+0000] {processor.py:840} INFO - DAG(s) 'example_bash_operator' retrieved from /home/airflow/.local/lib/python3.8/site-packages/airflow/example_dags/example_bash_operator.py
[2026-01-09T12:35:27.944+0000] {logging_mixin.py:188} INFO - [2026-01-09T12:35:27.944+0000] {dag.py:3036} INFO - Sync 1 DAGs
[2026-01-09T12:35:27.990+0000] {logging_mixin.py:188} INFO - [2026-01-09T12:35:27.989+0000] {dag.py:3823} INFO - Setting next_dagrun for example_bash_operator to 2026-01-08 00:00:00+00:00, run_after=2026-01-09 00:00:00+00:00
[2026-01-09T12:35:28.035+0000] {processor.py:183} INFO - Processing /home/airflow/.local/lib/python3.8/site-packages/airflow/example_dags/example_bash_operator.py took 0.185 seconds
[2026-01-09T12:35:58.470+0000] {processor.py:161} INFO - Started process (PID=13338) to work on /home/airflow/.local/lib/python3.8/site-packages/airflow/example_dags/example_bash_operator.py
[2026-01-09T12:35:58.477+0000] {processor.py:830} INFO - Processing file /home/airflow/.local/lib/python3.8/site-packages/airflow/example_dags/example_bash_operator.py for tasks to queue
[2026-01-09T12:35:58.479+0000] {logging_mixin.py:188} INFO - [2026-01-09T12:35:58.478+0000] {dagbag.py:538} INFO - Filling up the DagBag from /home/airflow/.local/lib/python3.8/site-packages/airflow/example_dags/example_bash_operator.py
[2026-01-09T12:35:58.512+0000] {processor.py:840} INFO - DAG(s) 'example_bash_operator' retrieved from /home/airflow/.local/lib/python3.8/site-packages/airflow/example_dags/example_bash_operator.py
[2026-01-09T12:35:58.568+0000] {logging_mixin.py:188} INFO - [2026-01-09T12:35:58.568+0000] {dag.py:3036} INFO - Sync 1 DAGs
[2026-01-09T12:35:58.611+0000] {logging_mixin.py:188} INFO - [2026-01-09T12:35:58.610+0000] {dag.py:3823} INFO - Setting next_dagrun for example_bash_operator to 2026-01-08 00:00:00+00:00, run_after=2026-01-09 00:00:00+00:00
[2026-01-09T12:35:58.653+0000] {processor.py:183} INFO - Processing /home/airflow/.local/lib/python3.8/site-packages/airflow/example_dags/example_bash_operator.py took 0.212 seconds
[2026-01-09T12:36:29.123+0000] {processor.py:161} INFO - Started process (PID=13585) to work on /home/airflow/.local/lib/python3.8/site-packages/airflow/example_dags/example_bash_operator.py
[2026-01-09T12:36:29.125+0000] {processor.py:830} INFO - Processing file /home/airflow/.local/lib/python3.8/site-packages/airflow/example_dags/example_bash_operator.py for tasks to queue
[2026-01-09T12:36:29.126+0000] {logging_mixin.py:188} INFO - [2026-01-09T12:36:29.126+0000] {dagbag.py:538} INFO - Filling up the DagBag from /home/airflow/.local/lib/python3.8/site-packages/airflow/example_dags/example_bash_operator.py
[2026-01-09T12:36:29.155+0000] {processor.py:840} INFO - DAG(s) 'example_bash_operator' retrieved from /home/airflow/.local/lib/python3.8/site-packages/airflow/example_dags/example_bash_operator.py
[2026-01-09T12:36:29.218+0000] {logging_mixin.py:188} INFO - [2026-01-09T12:36:29.218+0000] {dag.py:3036} INFO - Sync 1 DAGs
[2026-01-09T12:36:29.260+0000] {logging_mixin.py:188} INFO - [2026-01-09T12:36:29.259+0000] {dag.py:3823} INFO - Setting next_dagrun for example_bash_operator to 2026-01-08 00:00:00+00:00, run_after=2026-01-09 00:00:00+00:00
[2026-01-09T12:36:29.323+0000] {processor.py:183} INFO - Processing /home/airflow/.local/lib/python3.8/site-packages/airflow/example_dags/example_bash_operator.py took 0.207 seconds
[2026-01-09T12:36:59.431+0000] {processor.py:161} INFO - Started process (PID=13832) to work on /home/airflow/.local/lib/python3.8/site-packages/airflow/example_dags/example_bash_operator.py
[2026-01-09T12:36:59.433+0000] {processor.py:830} INFO - Processing file /home/airflow/.local/lib/python3.8/site-packages/airflow/example_dags/example_bash_operator.py for tasks to queue
[2026-01-09T12:36:59.434+0000] {logging_mixin.py:188} INFO - [2026-01-09T12:36:59.434+0000] {dagbag.py:538} INFO - Filling up the DagBag from /home/airflow/.local/lib/python3.8/site-packages/airflow/example_dags/example_bash_operator.py
[2026-01-09T12:36:59.455+0000] {processor.py:840} INFO - DAG(s) 'example_bash_operator' retrieved from /home/airflow/.local/lib/python3.8/site-packages/airflow/example_dags/example_bash_operator.py
[2026-01-09T12:36:59.512+0000] {logging_mixin.py:188} INFO - [2026-01-09T12:36:59.511+0000] {dag.py:3036} INFO - Sync 1 DAGs
[2026-01-09T12:36:59.554+0000] {logging_mixin.py:188} INFO - [2026-01-09T12:36:59.553+0000] {dag.py:3823} INFO - Setting next_dagrun for example_bash_operator to 2026-01-08 00:00:00+00:00, run_after=2026-01-09 00:00:00+00:00
[2026-01-09T12:36:59.595+0000] {processor.py:183} INFO - Processing /home/airflow/.local/lib/python3.8/site-packages/airflow/example_dags/example_bash_operator.py took 0.171 seconds
[2026-01-09T12:37:30.069+0000] {processor.py:161} INFO - Started process (PID=14079) to work on /home/airflow/.local/lib/python3.8/site-packages/airflow/example_dags/example_bash_operator.py
[2026-01-09T12:37:30.071+0000] {processor.py:830} INFO - Processing file /home/airflow/.local/lib/python3.8/site-packages/airflow/example_dags/example_bash_operator.py for tasks to queue
[2026-01-09T12:37:30.072+0000] {logging_mixin.py:188} INFO - [2026-01-09T12:37:30.072+0000] {dagbag.py:538} INFO - Filling up the DagBag from /home/airflow/.local/lib/python3.8/site-packages/airflow/example_dags/example_bash_operator.py
[2026-01-09T12:37:30.094+0000] {processor.py:840} INFO - DAG(s) 'example_bash_operator' retrieved from /home/airflow/.local/lib/python3.8/site-packages/airflow/example_dags/example_bash_operator.py
[2026-01-09T12:37:30.154+0000] {logging_mixin.py:188} INFO - [2026-01-09T12:37:30.154+0000] {dag.py:3036} INFO - Sync 1 DAGs
[2026-01-09T12:37:30.199+0000] {logging_mixin.py:188} INFO - [2026-01-09T12:37:30.199+0000] {dag.py:3823} INFO - Setting next_dagrun for example_bash_operator to 2026-01-08 00:00:00+00:00, run_after=2026-01-09 00:00:00+00:00
[2026-01-09T12:37:30.243+0000] {processor.py:183} INFO - Processing /home/airflow/.local/lib/python3.8/site-packages/airflow/example_dags/example_bash_operator.py took 0.181 seconds
[2026-01-09T12:38:00.599+0000] {processor.py:161} INFO - Started process (PID=14326) to work on /home/airflow/.local/lib/python3.8/site-packages/airflow/example_dags/example_bash_operator.py
[2026-01-09T12:38:00.601+0000] {processor.py:830} INFO - Processing file /home/airflow/.local/lib/python3.8/site-packages/airflow/example_dags/example_bash_operator.py for tasks to queue
[2026-01-09T12:38:00.603+0000] {logging_mixin.py:188} INFO - [2026-01-09T12:38:00.602+0000] {dagbag.py:538} INFO - Filling up the DagBag from /home/airflow/.local/lib/python3.8/site-packages/airflow/example_dags/example_bash_operator.py
[2026-01-09T12:38:00.624+0000] {processor.py:840} INFO - DAG(s) 'example_bash_operator' retrieved from /home/airflow/.local/lib/python3.8/site-packages/airflow/example_dags/example_bash_operator.py
[2026-01-09T12:38:00.682+0000] {logging_mixin.py:188} INFO - [2026-01-09T12:38:00.682+0000] {dag.py:3036} INFO - Sync 1 DAGs
[2026-01-09T12:38:00.723+0000] {logging_mixin.py:188} INFO - [2026-01-09T12:38:00.723+0000] {dag.py:3823} INFO - Setting next_dagrun for example_bash_operator to 2026-01-08 00:00:00+00:00, run_after=2026-01-09 00:00:00+00:00
[2026-01-09T12:38:00.764+0000] {processor.py:183} INFO - Processing /home/airflow/.local/lib/python3.8/site-packages/airflow/example_dags/example_bash_operator.py took 0.172 seconds
[2026-01-09T12:38:31.742+0000] {processor.py:161} INFO - Started process (PID=14573) to work on /home/airflow/.local/lib/python3.8/site-packages/airflow/example_dags/example_bash_operator.py
[2026-01-09T12:38:31.744+0000] {processor.py:830} INFO - Processing file /home/airflow/.local/lib/python3.8/site-packages/airflow/example_dags/example_bash_operator.py for tasks to queue
[2026-01-09T12:38:31.746+0000] {logging_mixin.py:188} INFO - [2026-01-09T12:38:31.745+0000] {dagbag.py:538} INFO - Filling up the DagBag from /home/airflow/.local/lib/python3.8/site-packages/airflow/example_dags/example_bash_operator.py
[2026-01-09T12:38:31.767+0000] {processor.py:840} INFO - DAG(s) 'example_bash_operator' retrieved from /home/airflow/.local/lib/python3.8/site-packages/airflow/example_dags/example_bash_operator.py
[2026-01-09T12:38:31.827+0000] {logging_mixin.py:188} INFO - [2026-01-09T12:38:31.827+0000] {dag.py:3036} INFO - Sync 1 DAGs
[2026-01-09T12:38:31.876+0000] {logging_mixin.py:188} INFO - [2026-01-09T12:38:31.876+0000] {dag.py:3823} INFO - Setting next_dagrun for example_bash_operator to 2026-01-08 00:00:00+00:00, run_after=2026-01-09 00:00:00+00:00
[2026-01-09T12:38:32.121+0000] {processor.py:183} INFO - Processing /home/airflow/.local/lib/python3.8/site-packages/airflow/example_dags/example_bash_operator.py took 0.385 seconds
[2026-01-09T12:39:02.344+0000] {processor.py:161} INFO - Started process (PID=14825) to work on /home/airflow/.local/lib/python3.8/site-packages/airflow/example_dags/example_bash_operator.py
[2026-01-09T12:39:02.347+0000] {processor.py:830} INFO - Processing file /home/airflow/.local/lib/python3.8/site-packages/airflow/example_dags/example_bash_operator.py for tasks to queue
[2026-01-09T12:39:02.349+0000] {logging_mixin.py:188} INFO - [2026-01-09T12:39:02.348+0000] {dagbag.py:538} INFO - Filling up the DagBag from /home/airflow/.local/lib/python3.8/site-packages/airflow/example_dags/example_bash_operator.py
[2026-01-09T12:39:02.372+0000] {processor.py:840} INFO - DAG(s) 'example_bash_operator' retrieved from /home/airflow/.local/lib/python3.8/site-packages/airflow/example_dags/example_bash_operator.py
[2026-01-09T12:39:02.427+0000] {logging_mixin.py:188} INFO - [2026-01-09T12:39:02.427+0000] {dag.py:3036} INFO - Sync 1 DAGs
[2026-01-09T12:39:02.461+0000] {logging_mixin.py:188} INFO - [2026-01-09T12:39:02.461+0000] {dag.py:3823} INFO - Setting next_dagrun for example_bash_operator to 2026-01-08 00:00:00+00:00, run_after=2026-01-09 00:00:00+00:00
[2026-01-09T12:39:02.500+0000] {processor.py:183} INFO - Processing /home/airflow/.local/lib/python3.8/site-packages/airflow/example_dags/example_bash_operator.py took 0.163 seconds
[2026-01-09T12:39:32.698+0000] {processor.py:161} INFO - Started process (PID=15072) to work on /home/airflow/.local/lib/python3.8/site-packages/airflow/example_dags/example_bash_operator.py
[2026-01-09T12:39:32.700+0000] {processor.py:830} INFO - Processing file /home/airflow/.local/lib/python3.8/site-packages/airflow/example_dags/example_bash_operator.py for tasks to queue
[2026-01-09T12:39:32.703+0000] {logging_mixin.py:188} INFO - [2026-01-09T12:39:32.702+0000] {dagbag.py:538} INFO - Filling up the DagBag from /home/airflow/.local/lib/python3.8/site-packages/airflow/example_dags/example_bash_operator.py
[2026-01-09T12:39:32.726+0000] {processor.py:840} INFO - DAG(s) 'example_bash_operator' retrieved from /home/airflow/.local/lib/python3.8/site-packages/airflow/example_dags/example_bash_operator.py
[2026-01-09T12:39:32.792+0000] {logging_mixin.py:188} INFO - [2026-01-09T12:39:32.791+0000] {dag.py:3036} INFO - Sync 1 DAGs
[2026-01-09T12:39:32.835+0000] {logging_mixin.py:188} INFO - [2026-01-09T12:39:32.835+0000] {dag.py:3823} INFO - Setting next_dagrun for example_bash_operator to 2026-01-08 00:00:00+00:00, run_after=2026-01-09 00:00:00+00:00
[2026-01-09T12:39:32.886+0000] {processor.py:183} INFO - Processing /home/airflow/.local/lib/python3.8/site-packages/airflow/example_dags/example_bash_operator.py took 0.197 seconds
