[2026-01-09T12:08:56.230+0000] {processor.py:161} INFO - Started process (PID=307) to work on /home/airflow/.local/lib/python3.8/site-packages/airflow/example_dags/example_latest_only_with_trigger.py
[2026-01-09T12:08:56.232+0000] {processor.py:830} INFO - Processing file /home/airflow/.local/lib/python3.8/site-packages/airflow/example_dags/example_latest_only_with_trigger.py for tasks to queue
[2026-01-09T12:08:56.234+0000] {logging_mixin.py:188} INFO - [2026-01-09T12:08:56.233+0000] {dagbag.py:538} INFO - Filling up the DagBag from /home/airflow/.local/lib/python3.8/site-packages/airflow/example_dags/example_latest_only_with_trigger.py
[2026-01-09T12:08:56.249+0000] {processor.py:840} INFO - DAG(s) 'latest_only_with_trigger' retrieved from /home/airflow/.local/lib/python3.8/site-packages/airflow/example_dags/example_latest_only_with_trigger.py
[2026-01-09T12:08:56.417+0000] {logging_mixin.py:188} INFO - [2026-01-09T12:08:56.417+0000] {dag.py:3036} INFO - Sync 1 DAGs
[2026-01-09T12:08:56.453+0000] {logging_mixin.py:188} INFO - [2026-01-09T12:08:56.453+0000] {dag.py:3823} INFO - Setting next_dagrun for latest_only_with_trigger to 2026-01-09 08:00:00+00:00, run_after=2026-01-09 12:00:00+00:00
[2026-01-09T12:08:56.509+0000] {processor.py:183} INFO - Processing /home/airflow/.local/lib/python3.8/site-packages/airflow/example_dags/example_latest_only_with_trigger.py took 0.285 seconds
[2026-01-09T12:09:26.913+0000] {processor.py:161} INFO - Started process (PID=556) to work on /home/airflow/.local/lib/python3.8/site-packages/airflow/example_dags/example_latest_only_with_trigger.py
[2026-01-09T12:09:26.916+0000] {processor.py:830} INFO - Processing file /home/airflow/.local/lib/python3.8/site-packages/airflow/example_dags/example_latest_only_with_trigger.py for tasks to queue
[2026-01-09T12:09:26.918+0000] {logging_mixin.py:188} INFO - [2026-01-09T12:09:26.917+0000] {dagbag.py:538} INFO - Filling up the DagBag from /home/airflow/.local/lib/python3.8/site-packages/airflow/example_dags/example_latest_only_with_trigger.py
[2026-01-09T12:09:26.931+0000] {processor.py:840} INFO - DAG(s) 'latest_only_with_trigger' retrieved from /home/airflow/.local/lib/python3.8/site-packages/airflow/example_dags/example_latest_only_with_trigger.py
[2026-01-09T12:09:26.972+0000] {logging_mixin.py:188} INFO - [2026-01-09T12:09:26.972+0000] {dag.py:3036} INFO - Sync 1 DAGs
[2026-01-09T12:09:27.005+0000] {logging_mixin.py:188} INFO - [2026-01-09T12:09:27.005+0000] {dag.py:3823} INFO - Setting next_dagrun for latest_only_with_trigger to 2026-01-09 08:00:00+00:00, run_after=2026-01-09 12:00:00+00:00
[2026-01-09T12:09:27.039+0000] {processor.py:183} INFO - Processing /home/airflow/.local/lib/python3.8/site-packages/airflow/example_dags/example_latest_only_with_trigger.py took 0.134 seconds
[2026-01-09T12:09:57.319+0000] {processor.py:161} INFO - Started process (PID=801) to work on /home/airflow/.local/lib/python3.8/site-packages/airflow/example_dags/example_latest_only_with_trigger.py
[2026-01-09T12:09:57.321+0000] {processor.py:830} INFO - Processing file /home/airflow/.local/lib/python3.8/site-packages/airflow/example_dags/example_latest_only_with_trigger.py for tasks to queue
[2026-01-09T12:09:57.323+0000] {logging_mixin.py:188} INFO - [2026-01-09T12:09:57.323+0000] {dagbag.py:538} INFO - Filling up the DagBag from /home/airflow/.local/lib/python3.8/site-packages/airflow/example_dags/example_latest_only_with_trigger.py
[2026-01-09T12:09:57.337+0000] {processor.py:840} INFO - DAG(s) 'latest_only_with_trigger' retrieved from /home/airflow/.local/lib/python3.8/site-packages/airflow/example_dags/example_latest_only_with_trigger.py
[2026-01-09T12:09:57.377+0000] {logging_mixin.py:188} INFO - [2026-01-09T12:09:57.376+0000] {dag.py:3036} INFO - Sync 1 DAGs
[2026-01-09T12:09:57.427+0000] {logging_mixin.py:188} INFO - [2026-01-09T12:09:57.426+0000] {dag.py:3823} INFO - Setting next_dagrun for latest_only_with_trigger to 2026-01-09 08:00:00+00:00, run_after=2026-01-09 12:00:00+00:00
[2026-01-09T12:09:57.510+0000] {processor.py:183} INFO - Processing /home/airflow/.local/lib/python3.8/site-packages/airflow/example_dags/example_latest_only_with_trigger.py took 0.201 seconds
[2026-01-09T12:10:27.692+0000] {processor.py:161} INFO - Started process (PID=1048) to work on /home/airflow/.local/lib/python3.8/site-packages/airflow/example_dags/example_latest_only_with_trigger.py
[2026-01-09T12:10:27.697+0000] {processor.py:830} INFO - Processing file /home/airflow/.local/lib/python3.8/site-packages/airflow/example_dags/example_latest_only_with_trigger.py for tasks to queue
[2026-01-09T12:10:27.698+0000] {logging_mixin.py:188} INFO - [2026-01-09T12:10:27.698+0000] {dagbag.py:538} INFO - Filling up the DagBag from /home/airflow/.local/lib/python3.8/site-packages/airflow/example_dags/example_latest_only_with_trigger.py
[2026-01-09T12:10:27.709+0000] {processor.py:840} INFO - DAG(s) 'latest_only_with_trigger' retrieved from /home/airflow/.local/lib/python3.8/site-packages/airflow/example_dags/example_latest_only_with_trigger.py
[2026-01-09T12:10:27.752+0000] {logging_mixin.py:188} INFO - [2026-01-09T12:10:27.751+0000] {dag.py:3036} INFO - Sync 1 DAGs
[2026-01-09T12:10:27.791+0000] {logging_mixin.py:188} INFO - [2026-01-09T12:10:27.790+0000] {dag.py:3823} INFO - Setting next_dagrun for latest_only_with_trigger to 2026-01-09 08:00:00+00:00, run_after=2026-01-09 12:00:00+00:00
[2026-01-09T12:10:27.833+0000] {processor.py:183} INFO - Processing /home/airflow/.local/lib/python3.8/site-packages/airflow/example_dags/example_latest_only_with_trigger.py took 0.147 seconds
[2026-01-09T12:10:58.878+0000] {processor.py:161} INFO - Started process (PID=1295) to work on /home/airflow/.local/lib/python3.8/site-packages/airflow/example_dags/example_latest_only_with_trigger.py
[2026-01-09T12:10:58.881+0000] {processor.py:830} INFO - Processing file /home/airflow/.local/lib/python3.8/site-packages/airflow/example_dags/example_latest_only_with_trigger.py for tasks to queue
[2026-01-09T12:10:58.883+0000] {logging_mixin.py:188} INFO - [2026-01-09T12:10:58.882+0000] {dagbag.py:538} INFO - Filling up the DagBag from /home/airflow/.local/lib/python3.8/site-packages/airflow/example_dags/example_latest_only_with_trigger.py
[2026-01-09T12:10:58.894+0000] {processor.py:840} INFO - DAG(s) 'latest_only_with_trigger' retrieved from /home/airflow/.local/lib/python3.8/site-packages/airflow/example_dags/example_latest_only_with_trigger.py
[2026-01-09T12:10:58.940+0000] {logging_mixin.py:188} INFO - [2026-01-09T12:10:58.940+0000] {dag.py:3036} INFO - Sync 1 DAGs
[2026-01-09T12:10:58.981+0000] {logging_mixin.py:188} INFO - [2026-01-09T12:10:58.981+0000] {dag.py:3823} INFO - Setting next_dagrun for latest_only_with_trigger to 2026-01-09 08:00:00+00:00, run_after=2026-01-09 12:00:00+00:00
[2026-01-09T12:10:59.032+0000] {processor.py:183} INFO - Processing /home/airflow/.local/lib/python3.8/site-packages/airflow/example_dags/example_latest_only_with_trigger.py took 0.161 seconds
[2026-01-09T12:11:29.466+0000] {processor.py:161} INFO - Started process (PID=1542) to work on /home/airflow/.local/lib/python3.8/site-packages/airflow/example_dags/example_latest_only_with_trigger.py
[2026-01-09T12:11:29.469+0000] {processor.py:830} INFO - Processing file /home/airflow/.local/lib/python3.8/site-packages/airflow/example_dags/example_latest_only_with_trigger.py for tasks to queue
[2026-01-09T12:11:29.471+0000] {logging_mixin.py:188} INFO - [2026-01-09T12:11:29.470+0000] {dagbag.py:538} INFO - Filling up the DagBag from /home/airflow/.local/lib/python3.8/site-packages/airflow/example_dags/example_latest_only_with_trigger.py
[2026-01-09T12:11:29.482+0000] {processor.py:840} INFO - DAG(s) 'latest_only_with_trigger' retrieved from /home/airflow/.local/lib/python3.8/site-packages/airflow/example_dags/example_latest_only_with_trigger.py
[2026-01-09T12:11:29.528+0000] {logging_mixin.py:188} INFO - [2026-01-09T12:11:29.528+0000] {dag.py:3036} INFO - Sync 1 DAGs
[2026-01-09T12:11:29.575+0000] {logging_mixin.py:188} INFO - [2026-01-09T12:11:29.574+0000] {dag.py:3823} INFO - Setting next_dagrun for latest_only_with_trigger to 2026-01-09 08:00:00+00:00, run_after=2026-01-09 12:00:00+00:00
[2026-01-09T12:11:29.622+0000] {processor.py:183} INFO - Processing /home/airflow/.local/lib/python3.8/site-packages/airflow/example_dags/example_latest_only_with_trigger.py took 0.165 seconds
[2026-01-09T12:12:00.629+0000] {processor.py:161} INFO - Started process (PID=1790) to work on /home/airflow/.local/lib/python3.8/site-packages/airflow/example_dags/example_latest_only_with_trigger.py
[2026-01-09T12:12:00.631+0000] {processor.py:830} INFO - Processing file /home/airflow/.local/lib/python3.8/site-packages/airflow/example_dags/example_latest_only_with_trigger.py for tasks to queue
[2026-01-09T12:12:00.633+0000] {logging_mixin.py:188} INFO - [2026-01-09T12:12:00.632+0000] {dagbag.py:538} INFO - Filling up the DagBag from /home/airflow/.local/lib/python3.8/site-packages/airflow/example_dags/example_latest_only_with_trigger.py
[2026-01-09T12:12:00.646+0000] {processor.py:840} INFO - DAG(s) 'latest_only_with_trigger' retrieved from /home/airflow/.local/lib/python3.8/site-packages/airflow/example_dags/example_latest_only_with_trigger.py
[2026-01-09T12:12:00.705+0000] {logging_mixin.py:188} INFO - [2026-01-09T12:12:00.704+0000] {dag.py:3036} INFO - Sync 1 DAGs
[2026-01-09T12:12:00.753+0000] {logging_mixin.py:188} INFO - [2026-01-09T12:12:00.753+0000] {dag.py:3823} INFO - Setting next_dagrun for latest_only_with_trigger to 2026-01-09 08:00:00+00:00, run_after=2026-01-09 12:00:00+00:00
[2026-01-09T12:12:00.825+0000] {processor.py:183} INFO - Processing /home/airflow/.local/lib/python3.8/site-packages/airflow/example_dags/example_latest_only_with_trigger.py took 0.204 seconds
[2026-01-09T12:12:31.311+0000] {processor.py:161} INFO - Started process (PID=2037) to work on /home/airflow/.local/lib/python3.8/site-packages/airflow/example_dags/example_latest_only_with_trigger.py
[2026-01-09T12:12:31.314+0000] {processor.py:830} INFO - Processing file /home/airflow/.local/lib/python3.8/site-packages/airflow/example_dags/example_latest_only_with_trigger.py for tasks to queue
[2026-01-09T12:12:31.316+0000] {logging_mixin.py:188} INFO - [2026-01-09T12:12:31.315+0000] {dagbag.py:538} INFO - Filling up the DagBag from /home/airflow/.local/lib/python3.8/site-packages/airflow/example_dags/example_latest_only_with_trigger.py
[2026-01-09T12:12:31.328+0000] {processor.py:840} INFO - DAG(s) 'latest_only_with_trigger' retrieved from /home/airflow/.local/lib/python3.8/site-packages/airflow/example_dags/example_latest_only_with_trigger.py
[2026-01-09T12:12:31.371+0000] {logging_mixin.py:188} INFO - [2026-01-09T12:12:31.371+0000] {dag.py:3036} INFO - Sync 1 DAGs
[2026-01-09T12:12:31.410+0000] {logging_mixin.py:188} INFO - [2026-01-09T12:12:31.409+0000] {dag.py:3823} INFO - Setting next_dagrun for latest_only_with_trigger to 2026-01-09 08:00:00+00:00, run_after=2026-01-09 12:00:00+00:00
[2026-01-09T12:12:31.453+0000] {processor.py:183} INFO - Processing /home/airflow/.local/lib/python3.8/site-packages/airflow/example_dags/example_latest_only_with_trigger.py took 0.149 seconds
[2026-01-09T12:13:01.905+0000] {processor.py:161} INFO - Started process (PID=2286) to work on /home/airflow/.local/lib/python3.8/site-packages/airflow/example_dags/example_latest_only_with_trigger.py
[2026-01-09T12:13:01.908+0000] {processor.py:830} INFO - Processing file /home/airflow/.local/lib/python3.8/site-packages/airflow/example_dags/example_latest_only_with_trigger.py for tasks to queue
[2026-01-09T12:13:01.909+0000] {logging_mixin.py:188} INFO - [2026-01-09T12:13:01.909+0000] {dagbag.py:538} INFO - Filling up the DagBag from /home/airflow/.local/lib/python3.8/site-packages/airflow/example_dags/example_latest_only_with_trigger.py
[2026-01-09T12:13:01.919+0000] {processor.py:840} INFO - DAG(s) 'latest_only_with_trigger' retrieved from /home/airflow/.local/lib/python3.8/site-packages/airflow/example_dags/example_latest_only_with_trigger.py
[2026-01-09T12:13:01.962+0000] {logging_mixin.py:188} INFO - [2026-01-09T12:13:01.961+0000] {dag.py:3036} INFO - Sync 1 DAGs
[2026-01-09T12:13:01.994+0000] {logging_mixin.py:188} INFO - [2026-01-09T12:13:01.994+0000] {dag.py:3823} INFO - Setting next_dagrun for latest_only_with_trigger to 2026-01-09 08:00:00+00:00, run_after=2026-01-09 12:00:00+00:00
[2026-01-09T12:13:02.033+0000] {processor.py:183} INFO - Processing /home/airflow/.local/lib/python3.8/site-packages/airflow/example_dags/example_latest_only_with_trigger.py took 0.134 seconds
[2026-01-09T12:13:32.164+0000] {processor.py:161} INFO - Started process (PID=2531) to work on /home/airflow/.local/lib/python3.8/site-packages/airflow/example_dags/example_latest_only_with_trigger.py
[2026-01-09T12:13:32.165+0000] {processor.py:830} INFO - Processing file /home/airflow/.local/lib/python3.8/site-packages/airflow/example_dags/example_latest_only_with_trigger.py for tasks to queue
[2026-01-09T12:13:32.167+0000] {logging_mixin.py:188} INFO - [2026-01-09T12:13:32.166+0000] {dagbag.py:538} INFO - Filling up the DagBag from /home/airflow/.local/lib/python3.8/site-packages/airflow/example_dags/example_latest_only_with_trigger.py
[2026-01-09T12:13:32.177+0000] {processor.py:840} INFO - DAG(s) 'latest_only_with_trigger' retrieved from /home/airflow/.local/lib/python3.8/site-packages/airflow/example_dags/example_latest_only_with_trigger.py
[2026-01-09T12:13:32.218+0000] {logging_mixin.py:188} INFO - [2026-01-09T12:13:32.218+0000] {dag.py:3036} INFO - Sync 1 DAGs
[2026-01-09T12:13:32.255+0000] {logging_mixin.py:188} INFO - [2026-01-09T12:13:32.255+0000] {dag.py:3823} INFO - Setting next_dagrun for latest_only_with_trigger to 2026-01-09 08:00:00+00:00, run_after=2026-01-09 12:00:00+00:00
[2026-01-09T12:13:32.292+0000] {processor.py:183} INFO - Processing /home/airflow/.local/lib/python3.8/site-packages/airflow/example_dags/example_latest_only_with_trigger.py took 0.134 seconds
[2026-01-09T12:14:02.594+0000] {processor.py:161} INFO - Started process (PID=2778) to work on /home/airflow/.local/lib/python3.8/site-packages/airflow/example_dags/example_latest_only_with_trigger.py
[2026-01-09T12:14:02.596+0000] {processor.py:830} INFO - Processing file /home/airflow/.local/lib/python3.8/site-packages/airflow/example_dags/example_latest_only_with_trigger.py for tasks to queue
[2026-01-09T12:14:02.598+0000] {logging_mixin.py:188} INFO - [2026-01-09T12:14:02.598+0000] {dagbag.py:538} INFO - Filling up the DagBag from /home/airflow/.local/lib/python3.8/site-packages/airflow/example_dags/example_latest_only_with_trigger.py
[2026-01-09T12:14:02.609+0000] {processor.py:840} INFO - DAG(s) 'latest_only_with_trigger' retrieved from /home/airflow/.local/lib/python3.8/site-packages/airflow/example_dags/example_latest_only_with_trigger.py
[2026-01-09T12:14:02.651+0000] {logging_mixin.py:188} INFO - [2026-01-09T12:14:02.650+0000] {dag.py:3036} INFO - Sync 1 DAGs
[2026-01-09T12:14:02.690+0000] {logging_mixin.py:188} INFO - [2026-01-09T12:14:02.690+0000] {dag.py:3823} INFO - Setting next_dagrun for latest_only_with_trigger to 2026-01-09 08:00:00+00:00, run_after=2026-01-09 12:00:00+00:00
[2026-01-09T12:14:02.740+0000] {processor.py:183} INFO - Processing /home/airflow/.local/lib/python3.8/site-packages/airflow/example_dags/example_latest_only_with_trigger.py took 0.155 seconds
[2026-01-09T12:14:33.010+0000] {processor.py:161} INFO - Started process (PID=3025) to work on /home/airflow/.local/lib/python3.8/site-packages/airflow/example_dags/example_latest_only_with_trigger.py
[2026-01-09T12:14:33.012+0000] {processor.py:830} INFO - Processing file /home/airflow/.local/lib/python3.8/site-packages/airflow/example_dags/example_latest_only_with_trigger.py for tasks to queue
[2026-01-09T12:14:33.015+0000] {logging_mixin.py:188} INFO - [2026-01-09T12:14:33.014+0000] {dagbag.py:538} INFO - Filling up the DagBag from /home/airflow/.local/lib/python3.8/site-packages/airflow/example_dags/example_latest_only_with_trigger.py
[2026-01-09T12:14:33.027+0000] {processor.py:840} INFO - DAG(s) 'latest_only_with_trigger' retrieved from /home/airflow/.local/lib/python3.8/site-packages/airflow/example_dags/example_latest_only_with_trigger.py
[2026-01-09T12:14:33.070+0000] {logging_mixin.py:188} INFO - [2026-01-09T12:14:33.070+0000] {dag.py:3036} INFO - Sync 1 DAGs
[2026-01-09T12:14:33.115+0000] {logging_mixin.py:188} INFO - [2026-01-09T12:14:33.114+0000] {dag.py:3823} INFO - Setting next_dagrun for latest_only_with_trigger to 2026-01-09 08:00:00+00:00, run_after=2026-01-09 12:00:00+00:00
[2026-01-09T12:14:33.159+0000] {processor.py:183} INFO - Processing /home/airflow/.local/lib/python3.8/site-packages/airflow/example_dags/example_latest_only_with_trigger.py took 0.156 seconds
[2026-01-09T12:15:03.730+0000] {processor.py:161} INFO - Started process (PID=3272) to work on /home/airflow/.local/lib/python3.8/site-packages/airflow/example_dags/example_latest_only_with_trigger.py
[2026-01-09T12:15:03.738+0000] {processor.py:830} INFO - Processing file /home/airflow/.local/lib/python3.8/site-packages/airflow/example_dags/example_latest_only_with_trigger.py for tasks to queue
[2026-01-09T12:15:03.741+0000] {logging_mixin.py:188} INFO - [2026-01-09T12:15:03.740+0000] {dagbag.py:538} INFO - Filling up the DagBag from /home/airflow/.local/lib/python3.8/site-packages/airflow/example_dags/example_latest_only_with_trigger.py
[2026-01-09T12:15:03.766+0000] {processor.py:840} INFO - DAG(s) 'latest_only_with_trigger' retrieved from /home/airflow/.local/lib/python3.8/site-packages/airflow/example_dags/example_latest_only_with_trigger.py
[2026-01-09T12:15:03.843+0000] {logging_mixin.py:188} INFO - [2026-01-09T12:15:03.843+0000] {dag.py:3036} INFO - Sync 1 DAGs
[2026-01-09T12:15:03.966+0000] {logging_mixin.py:188} INFO - [2026-01-09T12:15:03.964+0000] {dag.py:3823} INFO - Setting next_dagrun for latest_only_with_trigger to 2026-01-09 08:00:00+00:00, run_after=2026-01-09 12:00:00+00:00
[2026-01-09T12:15:04.081+0000] {processor.py:183} INFO - Processing /home/airflow/.local/lib/python3.8/site-packages/airflow/example_dags/example_latest_only_with_trigger.py took 0.366 seconds
[2026-01-09T12:15:34.640+0000] {processor.py:161} INFO - Started process (PID=3519) to work on /home/airflow/.local/lib/python3.8/site-packages/airflow/example_dags/example_latest_only_with_trigger.py
[2026-01-09T12:15:34.641+0000] {processor.py:830} INFO - Processing file /home/airflow/.local/lib/python3.8/site-packages/airflow/example_dags/example_latest_only_with_trigger.py for tasks to queue
[2026-01-09T12:15:34.643+0000] {logging_mixin.py:188} INFO - [2026-01-09T12:15:34.642+0000] {dagbag.py:538} INFO - Filling up the DagBag from /home/airflow/.local/lib/python3.8/site-packages/airflow/example_dags/example_latest_only_with_trigger.py
[2026-01-09T12:15:34.654+0000] {processor.py:840} INFO - DAG(s) 'latest_only_with_trigger' retrieved from /home/airflow/.local/lib/python3.8/site-packages/airflow/example_dags/example_latest_only_with_trigger.py
[2026-01-09T12:15:34.700+0000] {logging_mixin.py:188} INFO - [2026-01-09T12:15:34.699+0000] {dag.py:3036} INFO - Sync 1 DAGs
[2026-01-09T12:15:34.741+0000] {logging_mixin.py:188} INFO - [2026-01-09T12:15:34.740+0000] {dag.py:3823} INFO - Setting next_dagrun for latest_only_with_trigger to 2026-01-09 08:00:00+00:00, run_after=2026-01-09 12:00:00+00:00
[2026-01-09T12:15:34.782+0000] {processor.py:183} INFO - Processing /home/airflow/.local/lib/python3.8/site-packages/airflow/example_dags/example_latest_only_with_trigger.py took 0.151 seconds
[2026-01-09T12:16:04.915+0000] {processor.py:161} INFO - Started process (PID=3765) to work on /home/airflow/.local/lib/python3.8/site-packages/airflow/example_dags/example_latest_only_with_trigger.py
[2026-01-09T12:16:04.918+0000] {processor.py:830} INFO - Processing file /home/airflow/.local/lib/python3.8/site-packages/airflow/example_dags/example_latest_only_with_trigger.py for tasks to queue
[2026-01-09T12:16:04.920+0000] {logging_mixin.py:188} INFO - [2026-01-09T12:16:04.919+0000] {dagbag.py:538} INFO - Filling up the DagBag from /home/airflow/.local/lib/python3.8/site-packages/airflow/example_dags/example_latest_only_with_trigger.py
[2026-01-09T12:16:04.932+0000] {processor.py:840} INFO - DAG(s) 'latest_only_with_trigger' retrieved from /home/airflow/.local/lib/python3.8/site-packages/airflow/example_dags/example_latest_only_with_trigger.py
[2026-01-09T12:16:04.974+0000] {logging_mixin.py:188} INFO - [2026-01-09T12:16:04.974+0000] {dag.py:3036} INFO - Sync 1 DAGs
[2026-01-09T12:16:05.010+0000] {logging_mixin.py:188} INFO - [2026-01-09T12:16:05.010+0000] {dag.py:3823} INFO - Setting next_dagrun for latest_only_with_trigger to 2026-01-09 08:00:00+00:00, run_after=2026-01-09 12:00:00+00:00
[2026-01-09T12:16:05.068+0000] {processor.py:183} INFO - Processing /home/airflow/.local/lib/python3.8/site-packages/airflow/example_dags/example_latest_only_with_trigger.py took 0.161 seconds
[2026-01-09T12:16:35.796+0000] {processor.py:161} INFO - Started process (PID=4014) to work on /home/airflow/.local/lib/python3.8/site-packages/airflow/example_dags/example_latest_only_with_trigger.py
[2026-01-09T12:16:35.798+0000] {processor.py:830} INFO - Processing file /home/airflow/.local/lib/python3.8/site-packages/airflow/example_dags/example_latest_only_with_trigger.py for tasks to queue
[2026-01-09T12:16:35.801+0000] {logging_mixin.py:188} INFO - [2026-01-09T12:16:35.800+0000] {dagbag.py:538} INFO - Filling up the DagBag from /home/airflow/.local/lib/python3.8/site-packages/airflow/example_dags/example_latest_only_with_trigger.py
[2026-01-09T12:16:35.815+0000] {processor.py:840} INFO - DAG(s) 'latest_only_with_trigger' retrieved from /home/airflow/.local/lib/python3.8/site-packages/airflow/example_dags/example_latest_only_with_trigger.py
[2026-01-09T12:16:35.867+0000] {logging_mixin.py:188} INFO - [2026-01-09T12:16:35.867+0000] {dag.py:3036} INFO - Sync 1 DAGs
[2026-01-09T12:16:35.911+0000] {logging_mixin.py:188} INFO - [2026-01-09T12:16:35.910+0000] {dag.py:3823} INFO - Setting next_dagrun for latest_only_with_trigger to 2026-01-09 08:00:00+00:00, run_after=2026-01-09 12:00:00+00:00
[2026-01-09T12:16:35.955+0000] {processor.py:183} INFO - Processing /home/airflow/.local/lib/python3.8/site-packages/airflow/example_dags/example_latest_only_with_trigger.py took 0.167 seconds
[2026-01-09T12:17:06.382+0000] {processor.py:161} INFO - Started process (PID=4261) to work on /home/airflow/.local/lib/python3.8/site-packages/airflow/example_dags/example_latest_only_with_trigger.py
[2026-01-09T12:17:06.385+0000] {processor.py:830} INFO - Processing file /home/airflow/.local/lib/python3.8/site-packages/airflow/example_dags/example_latest_only_with_trigger.py for tasks to queue
[2026-01-09T12:17:06.387+0000] {logging_mixin.py:188} INFO - [2026-01-09T12:17:06.386+0000] {dagbag.py:538} INFO - Filling up the DagBag from /home/airflow/.local/lib/python3.8/site-packages/airflow/example_dags/example_latest_only_with_trigger.py
[2026-01-09T12:17:06.401+0000] {processor.py:840} INFO - DAG(s) 'latest_only_with_trigger' retrieved from /home/airflow/.local/lib/python3.8/site-packages/airflow/example_dags/example_latest_only_with_trigger.py
[2026-01-09T12:17:06.451+0000] {logging_mixin.py:188} INFO - [2026-01-09T12:17:06.450+0000] {dag.py:3036} INFO - Sync 1 DAGs
[2026-01-09T12:17:06.493+0000] {logging_mixin.py:188} INFO - [2026-01-09T12:17:06.493+0000] {dag.py:3823} INFO - Setting next_dagrun for latest_only_with_trigger to 2026-01-09 08:00:00+00:00, run_after=2026-01-09 12:00:00+00:00
[2026-01-09T12:17:06.537+0000] {processor.py:183} INFO - Processing /home/airflow/.local/lib/python3.8/site-packages/airflow/example_dags/example_latest_only_with_trigger.py took 0.164 seconds
[2026-01-09T12:17:36.824+0000] {processor.py:161} INFO - Started process (PID=4508) to work on /home/airflow/.local/lib/python3.8/site-packages/airflow/example_dags/example_latest_only_with_trigger.py
[2026-01-09T12:17:36.826+0000] {processor.py:830} INFO - Processing file /home/airflow/.local/lib/python3.8/site-packages/airflow/example_dags/example_latest_only_with_trigger.py for tasks to queue
[2026-01-09T12:17:36.828+0000] {logging_mixin.py:188} INFO - [2026-01-09T12:17:36.828+0000] {dagbag.py:538} INFO - Filling up the DagBag from /home/airflow/.local/lib/python3.8/site-packages/airflow/example_dags/example_latest_only_with_trigger.py
[2026-01-09T12:17:36.841+0000] {processor.py:840} INFO - DAG(s) 'latest_only_with_trigger' retrieved from /home/airflow/.local/lib/python3.8/site-packages/airflow/example_dags/example_latest_only_with_trigger.py
[2026-01-09T12:17:36.883+0000] {logging_mixin.py:188} INFO - [2026-01-09T12:17:36.883+0000] {dag.py:3036} INFO - Sync 1 DAGs
[2026-01-09T12:17:36.920+0000] {logging_mixin.py:188} INFO - [2026-01-09T12:17:36.920+0000] {dag.py:3823} INFO - Setting next_dagrun for latest_only_with_trigger to 2026-01-09 08:00:00+00:00, run_after=2026-01-09 12:00:00+00:00
[2026-01-09T12:17:36.968+0000] {processor.py:183} INFO - Processing /home/airflow/.local/lib/python3.8/site-packages/airflow/example_dags/example_latest_only_with_trigger.py took 0.150 seconds
[2026-01-09T12:18:07.798+0000] {processor.py:161} INFO - Started process (PID=4753) to work on /home/airflow/.local/lib/python3.8/site-packages/airflow/example_dags/example_latest_only_with_trigger.py
[2026-01-09T12:18:07.802+0000] {processor.py:830} INFO - Processing file /home/airflow/.local/lib/python3.8/site-packages/airflow/example_dags/example_latest_only_with_trigger.py for tasks to queue
[2026-01-09T12:18:07.804+0000] {logging_mixin.py:188} INFO - [2026-01-09T12:18:07.803+0000] {dagbag.py:538} INFO - Filling up the DagBag from /home/airflow/.local/lib/python3.8/site-packages/airflow/example_dags/example_latest_only_with_trigger.py
[2026-01-09T12:18:07.816+0000] {processor.py:840} INFO - DAG(s) 'latest_only_with_trigger' retrieved from /home/airflow/.local/lib/python3.8/site-packages/airflow/example_dags/example_latest_only_with_trigger.py
[2026-01-09T12:18:07.863+0000] {logging_mixin.py:188} INFO - [2026-01-09T12:18:07.862+0000] {dag.py:3036} INFO - Sync 1 DAGs
[2026-01-09T12:18:07.907+0000] {logging_mixin.py:188} INFO - [2026-01-09T12:18:07.907+0000] {dag.py:3823} INFO - Setting next_dagrun for latest_only_with_trigger to 2026-01-09 08:00:00+00:00, run_after=2026-01-09 12:00:00+00:00
[2026-01-09T12:18:07.955+0000] {processor.py:183} INFO - Processing /home/airflow/.local/lib/python3.8/site-packages/airflow/example_dags/example_latest_only_with_trigger.py took 0.163 seconds
[2026-01-09T12:18:38.378+0000] {processor.py:161} INFO - Started process (PID=5000) to work on /home/airflow/.local/lib/python3.8/site-packages/airflow/example_dags/example_latest_only_with_trigger.py
[2026-01-09T12:18:38.380+0000] {processor.py:830} INFO - Processing file /home/airflow/.local/lib/python3.8/site-packages/airflow/example_dags/example_latest_only_with_trigger.py for tasks to queue
[2026-01-09T12:18:38.382+0000] {logging_mixin.py:188} INFO - [2026-01-09T12:18:38.381+0000] {dagbag.py:538} INFO - Filling up the DagBag from /home/airflow/.local/lib/python3.8/site-packages/airflow/example_dags/example_latest_only_with_trigger.py
[2026-01-09T12:18:38.393+0000] {processor.py:840} INFO - DAG(s) 'latest_only_with_trigger' retrieved from /home/airflow/.local/lib/python3.8/site-packages/airflow/example_dags/example_latest_only_with_trigger.py
[2026-01-09T12:18:38.470+0000] {logging_mixin.py:188} INFO - [2026-01-09T12:18:38.460+0000] {dag.py:3036} INFO - Sync 1 DAGs
[2026-01-09T12:18:38.537+0000] {logging_mixin.py:188} INFO - [2026-01-09T12:18:38.536+0000] {dag.py:3823} INFO - Setting next_dagrun for latest_only_with_trigger to 2026-01-09 08:00:00+00:00, run_after=2026-01-09 12:00:00+00:00
[2026-01-09T12:18:38.594+0000] {processor.py:183} INFO - Processing /home/airflow/.local/lib/python3.8/site-packages/airflow/example_dags/example_latest_only_with_trigger.py took 0.224 seconds
[2026-01-09T12:19:08.896+0000] {processor.py:161} INFO - Started process (PID=5247) to work on /home/airflow/.local/lib/python3.8/site-packages/airflow/example_dags/example_latest_only_with_trigger.py
[2026-01-09T12:19:08.898+0000] {processor.py:830} INFO - Processing file /home/airflow/.local/lib/python3.8/site-packages/airflow/example_dags/example_latest_only_with_trigger.py for tasks to queue
[2026-01-09T12:19:08.900+0000] {logging_mixin.py:188} INFO - [2026-01-09T12:19:08.899+0000] {dagbag.py:538} INFO - Filling up the DagBag from /home/airflow/.local/lib/python3.8/site-packages/airflow/example_dags/example_latest_only_with_trigger.py
[2026-01-09T12:19:08.916+0000] {processor.py:840} INFO - DAG(s) 'latest_only_with_trigger' retrieved from /home/airflow/.local/lib/python3.8/site-packages/airflow/example_dags/example_latest_only_with_trigger.py
[2026-01-09T12:19:08.967+0000] {logging_mixin.py:188} INFO - [2026-01-09T12:19:08.967+0000] {dag.py:3036} INFO - Sync 1 DAGs
[2026-01-09T12:19:09.014+0000] {logging_mixin.py:188} INFO - [2026-01-09T12:19:09.013+0000] {dag.py:3823} INFO - Setting next_dagrun for latest_only_with_trigger to 2026-01-09 08:00:00+00:00, run_after=2026-01-09 12:00:00+00:00
[2026-01-09T12:19:09.070+0000] {processor.py:183} INFO - Processing /home/airflow/.local/lib/python3.8/site-packages/airflow/example_dags/example_latest_only_with_trigger.py took 0.184 seconds
[2026-01-09T12:19:39.601+0000] {processor.py:161} INFO - Started process (PID=5494) to work on /home/airflow/.local/lib/python3.8/site-packages/airflow/example_dags/example_latest_only_with_trigger.py
[2026-01-09T12:19:39.603+0000] {processor.py:830} INFO - Processing file /home/airflow/.local/lib/python3.8/site-packages/airflow/example_dags/example_latest_only_with_trigger.py for tasks to queue
[2026-01-09T12:19:39.605+0000] {logging_mixin.py:188} INFO - [2026-01-09T12:19:39.605+0000] {dagbag.py:538} INFO - Filling up the DagBag from /home/airflow/.local/lib/python3.8/site-packages/airflow/example_dags/example_latest_only_with_trigger.py
[2026-01-09T12:19:39.618+0000] {processor.py:840} INFO - DAG(s) 'latest_only_with_trigger' retrieved from /home/airflow/.local/lib/python3.8/site-packages/airflow/example_dags/example_latest_only_with_trigger.py
[2026-01-09T12:19:39.666+0000] {logging_mixin.py:188} INFO - [2026-01-09T12:19:39.665+0000] {dag.py:3036} INFO - Sync 1 DAGs
[2026-01-09T12:19:39.712+0000] {logging_mixin.py:188} INFO - [2026-01-09T12:19:39.712+0000] {dag.py:3823} INFO - Setting next_dagrun for latest_only_with_trigger to 2026-01-09 08:00:00+00:00, run_after=2026-01-09 12:00:00+00:00
[2026-01-09T12:19:39.758+0000] {processor.py:183} INFO - Processing /home/airflow/.local/lib/python3.8/site-packages/airflow/example_dags/example_latest_only_with_trigger.py took 0.164 seconds
[2026-01-09T12:20:10.636+0000] {processor.py:161} INFO - Started process (PID=5743) to work on /home/airflow/.local/lib/python3.8/site-packages/airflow/example_dags/example_latest_only_with_trigger.py
[2026-01-09T12:20:10.638+0000] {processor.py:830} INFO - Processing file /home/airflow/.local/lib/python3.8/site-packages/airflow/example_dags/example_latest_only_with_trigger.py for tasks to queue
[2026-01-09T12:20:10.640+0000] {logging_mixin.py:188} INFO - [2026-01-09T12:20:10.639+0000] {dagbag.py:538} INFO - Filling up the DagBag from /home/airflow/.local/lib/python3.8/site-packages/airflow/example_dags/example_latest_only_with_trigger.py
[2026-01-09T12:20:10.650+0000] {processor.py:840} INFO - DAG(s) 'latest_only_with_trigger' retrieved from /home/airflow/.local/lib/python3.8/site-packages/airflow/example_dags/example_latest_only_with_trigger.py
[2026-01-09T12:20:10.696+0000] {logging_mixin.py:188} INFO - [2026-01-09T12:20:10.696+0000] {dag.py:3036} INFO - Sync 1 DAGs
[2026-01-09T12:20:10.746+0000] {logging_mixin.py:188} INFO - [2026-01-09T12:20:10.745+0000] {dag.py:3823} INFO - Setting next_dagrun for latest_only_with_trigger to 2026-01-09 08:00:00+00:00, run_after=2026-01-09 12:00:00+00:00
[2026-01-09T12:20:10.792+0000] {processor.py:183} INFO - Processing /home/airflow/.local/lib/python3.8/site-packages/airflow/example_dags/example_latest_only_with_trigger.py took 0.164 seconds
[2026-01-09T12:20:41.371+0000] {processor.py:161} INFO - Started process (PID=5988) to work on /home/airflow/.local/lib/python3.8/site-packages/airflow/example_dags/example_latest_only_with_trigger.py
[2026-01-09T12:20:41.379+0000] {processor.py:830} INFO - Processing file /home/airflow/.local/lib/python3.8/site-packages/airflow/example_dags/example_latest_only_with_trigger.py for tasks to queue
[2026-01-09T12:20:41.381+0000] {logging_mixin.py:188} INFO - [2026-01-09T12:20:41.380+0000] {dagbag.py:538} INFO - Filling up the DagBag from /home/airflow/.local/lib/python3.8/site-packages/airflow/example_dags/example_latest_only_with_trigger.py
[2026-01-09T12:20:41.400+0000] {processor.py:840} INFO - DAG(s) 'latest_only_with_trigger' retrieved from /home/airflow/.local/lib/python3.8/site-packages/airflow/example_dags/example_latest_only_with_trigger.py
[2026-01-09T12:20:41.467+0000] {logging_mixin.py:188} INFO - [2026-01-09T12:20:41.467+0000] {dag.py:3036} INFO - Sync 1 DAGs
[2026-01-09T12:20:41.535+0000] {logging_mixin.py:188} INFO - [2026-01-09T12:20:41.534+0000] {dag.py:3823} INFO - Setting next_dagrun for latest_only_with_trigger to 2026-01-09 08:00:00+00:00, run_after=2026-01-09 12:00:00+00:00
[2026-01-09T12:20:41.611+0000] {processor.py:183} INFO - Processing /home/airflow/.local/lib/python3.8/site-packages/airflow/example_dags/example_latest_only_with_trigger.py took 0.253 seconds
[2026-01-09T12:21:11.730+0000] {processor.py:161} INFO - Started process (PID=6237) to work on /home/airflow/.local/lib/python3.8/site-packages/airflow/example_dags/example_latest_only_with_trigger.py
[2026-01-09T12:21:11.733+0000] {processor.py:830} INFO - Processing file /home/airflow/.local/lib/python3.8/site-packages/airflow/example_dags/example_latest_only_with_trigger.py for tasks to queue
[2026-01-09T12:21:11.735+0000] {logging_mixin.py:188} INFO - [2026-01-09T12:21:11.735+0000] {dagbag.py:538} INFO - Filling up the DagBag from /home/airflow/.local/lib/python3.8/site-packages/airflow/example_dags/example_latest_only_with_trigger.py
[2026-01-09T12:21:11.746+0000] {processor.py:840} INFO - DAG(s) 'latest_only_with_trigger' retrieved from /home/airflow/.local/lib/python3.8/site-packages/airflow/example_dags/example_latest_only_with_trigger.py
[2026-01-09T12:21:11.799+0000] {logging_mixin.py:188} INFO - [2026-01-09T12:21:11.798+0000] {dag.py:3036} INFO - Sync 1 DAGs
[2026-01-09T12:21:11.842+0000] {logging_mixin.py:188} INFO - [2026-01-09T12:21:11.842+0000] {dag.py:3823} INFO - Setting next_dagrun for latest_only_with_trigger to 2026-01-09 08:00:00+00:00, run_after=2026-01-09 12:00:00+00:00
[2026-01-09T12:21:11.888+0000] {processor.py:183} INFO - Processing /home/airflow/.local/lib/python3.8/site-packages/airflow/example_dags/example_latest_only_with_trigger.py took 0.165 seconds
[2026-01-09T12:21:42.685+0000] {processor.py:161} INFO - Started process (PID=6482) to work on /home/airflow/.local/lib/python3.8/site-packages/airflow/example_dags/example_latest_only_with_trigger.py
[2026-01-09T12:21:42.688+0000] {processor.py:830} INFO - Processing file /home/airflow/.local/lib/python3.8/site-packages/airflow/example_dags/example_latest_only_with_trigger.py for tasks to queue
[2026-01-09T12:21:42.691+0000] {logging_mixin.py:188} INFO - [2026-01-09T12:21:42.690+0000] {dagbag.py:538} INFO - Filling up the DagBag from /home/airflow/.local/lib/python3.8/site-packages/airflow/example_dags/example_latest_only_with_trigger.py
[2026-01-09T12:21:42.709+0000] {processor.py:840} INFO - DAG(s) 'latest_only_with_trigger' retrieved from /home/airflow/.local/lib/python3.8/site-packages/airflow/example_dags/example_latest_only_with_trigger.py
[2026-01-09T12:21:42.763+0000] {logging_mixin.py:188} INFO - [2026-01-09T12:21:42.762+0000] {dag.py:3036} INFO - Sync 1 DAGs
[2026-01-09T12:21:42.822+0000] {logging_mixin.py:188} INFO - [2026-01-09T12:21:42.821+0000] {dag.py:3823} INFO - Setting next_dagrun for latest_only_with_trigger to 2026-01-09 08:00:00+00:00, run_after=2026-01-09 12:00:00+00:00
[2026-01-09T12:21:42.876+0000] {processor.py:183} INFO - Processing /home/airflow/.local/lib/python3.8/site-packages/airflow/example_dags/example_latest_only_with_trigger.py took 0.200 seconds
[2026-01-09T12:22:13.633+0000] {processor.py:161} INFO - Started process (PID=6732) to work on /home/airflow/.local/lib/python3.8/site-packages/airflow/example_dags/example_latest_only_with_trigger.py
[2026-01-09T12:22:13.636+0000] {processor.py:830} INFO - Processing file /home/airflow/.local/lib/python3.8/site-packages/airflow/example_dags/example_latest_only_with_trigger.py for tasks to queue
[2026-01-09T12:22:13.638+0000] {logging_mixin.py:188} INFO - [2026-01-09T12:22:13.637+0000] {dagbag.py:538} INFO - Filling up the DagBag from /home/airflow/.local/lib/python3.8/site-packages/airflow/example_dags/example_latest_only_with_trigger.py
[2026-01-09T12:22:13.649+0000] {processor.py:840} INFO - DAG(s) 'latest_only_with_trigger' retrieved from /home/airflow/.local/lib/python3.8/site-packages/airflow/example_dags/example_latest_only_with_trigger.py
[2026-01-09T12:22:13.698+0000] {logging_mixin.py:188} INFO - [2026-01-09T12:22:13.697+0000] {dag.py:3036} INFO - Sync 1 DAGs
[2026-01-09T12:22:13.736+0000] {logging_mixin.py:188} INFO - [2026-01-09T12:22:13.735+0000] {dag.py:3823} INFO - Setting next_dagrun for latest_only_with_trigger to 2026-01-09 08:00:00+00:00, run_after=2026-01-09 12:00:00+00:00
[2026-01-09T12:22:13.779+0000] {processor.py:183} INFO - Processing /home/airflow/.local/lib/python3.8/site-packages/airflow/example_dags/example_latest_only_with_trigger.py took 0.151 seconds
[2026-01-09T12:22:44.022+0000] {processor.py:161} INFO - Started process (PID=6977) to work on /home/airflow/.local/lib/python3.8/site-packages/airflow/example_dags/example_latest_only_with_trigger.py
[2026-01-09T12:22:44.024+0000] {processor.py:830} INFO - Processing file /home/airflow/.local/lib/python3.8/site-packages/airflow/example_dags/example_latest_only_with_trigger.py for tasks to queue
[2026-01-09T12:22:44.026+0000] {logging_mixin.py:188} INFO - [2026-01-09T12:22:44.026+0000] {dagbag.py:538} INFO - Filling up the DagBag from /home/airflow/.local/lib/python3.8/site-packages/airflow/example_dags/example_latest_only_with_trigger.py
[2026-01-09T12:22:44.038+0000] {processor.py:840} INFO - DAG(s) 'latest_only_with_trigger' retrieved from /home/airflow/.local/lib/python3.8/site-packages/airflow/example_dags/example_latest_only_with_trigger.py
[2026-01-09T12:22:44.085+0000] {logging_mixin.py:188} INFO - [2026-01-09T12:22:44.085+0000] {dag.py:3036} INFO - Sync 1 DAGs
[2026-01-09T12:22:44.130+0000] {logging_mixin.py:188} INFO - [2026-01-09T12:22:44.130+0000] {dag.py:3823} INFO - Setting next_dagrun for latest_only_with_trigger to 2026-01-09 08:00:00+00:00, run_after=2026-01-09 12:00:00+00:00
[2026-01-09T12:22:44.201+0000] {processor.py:183} INFO - Processing /home/airflow/.local/lib/python3.8/site-packages/airflow/example_dags/example_latest_only_with_trigger.py took 0.186 seconds
[2026-01-09T12:23:14.328+0000] {processor.py:161} INFO - Started process (PID=7224) to work on /home/airflow/.local/lib/python3.8/site-packages/airflow/example_dags/example_latest_only_with_trigger.py
[2026-01-09T12:23:14.331+0000] {processor.py:830} INFO - Processing file /home/airflow/.local/lib/python3.8/site-packages/airflow/example_dags/example_latest_only_with_trigger.py for tasks to queue
[2026-01-09T12:23:14.333+0000] {logging_mixin.py:188} INFO - [2026-01-09T12:23:14.332+0000] {dagbag.py:538} INFO - Filling up the DagBag from /home/airflow/.local/lib/python3.8/site-packages/airflow/example_dags/example_latest_only_with_trigger.py
[2026-01-09T12:23:14.344+0000] {processor.py:840} INFO - DAG(s) 'latest_only_with_trigger' retrieved from /home/airflow/.local/lib/python3.8/site-packages/airflow/example_dags/example_latest_only_with_trigger.py
[2026-01-09T12:23:14.391+0000] {logging_mixin.py:188} INFO - [2026-01-09T12:23:14.390+0000] {dag.py:3036} INFO - Sync 1 DAGs
[2026-01-09T12:23:14.439+0000] {logging_mixin.py:188} INFO - [2026-01-09T12:23:14.439+0000] {dag.py:3823} INFO - Setting next_dagrun for latest_only_with_trigger to 2026-01-09 08:00:00+00:00, run_after=2026-01-09 12:00:00+00:00
[2026-01-09T12:23:14.486+0000] {processor.py:183} INFO - Processing /home/airflow/.local/lib/python3.8/site-packages/airflow/example_dags/example_latest_only_with_trigger.py took 0.167 seconds
[2026-01-09T12:23:44.575+0000] {processor.py:161} INFO - Started process (PID=7468) to work on /home/airflow/.local/lib/python3.8/site-packages/airflow/example_dags/example_latest_only_with_trigger.py
[2026-01-09T12:23:44.577+0000] {processor.py:830} INFO - Processing file /home/airflow/.local/lib/python3.8/site-packages/airflow/example_dags/example_latest_only_with_trigger.py for tasks to queue
[2026-01-09T12:23:44.579+0000] {logging_mixin.py:188} INFO - [2026-01-09T12:23:44.579+0000] {dagbag.py:538} INFO - Filling up the DagBag from /home/airflow/.local/lib/python3.8/site-packages/airflow/example_dags/example_latest_only_with_trigger.py
[2026-01-09T12:23:44.592+0000] {processor.py:840} INFO - DAG(s) 'latest_only_with_trigger' retrieved from /home/airflow/.local/lib/python3.8/site-packages/airflow/example_dags/example_latest_only_with_trigger.py
[2026-01-09T12:23:44.632+0000] {logging_mixin.py:188} INFO - [2026-01-09T12:23:44.632+0000] {dag.py:3036} INFO - Sync 1 DAGs
[2026-01-09T12:23:44.670+0000] {logging_mixin.py:188} INFO - [2026-01-09T12:23:44.669+0000] {dag.py:3823} INFO - Setting next_dagrun for latest_only_with_trigger to 2026-01-09 08:00:00+00:00, run_after=2026-01-09 12:00:00+00:00
[2026-01-09T12:23:44.709+0000] {processor.py:183} INFO - Processing /home/airflow/.local/lib/python3.8/site-packages/airflow/example_dags/example_latest_only_with_trigger.py took 0.141 seconds
[2026-01-09T12:24:15.194+0000] {processor.py:161} INFO - Started process (PID=7714) to work on /home/airflow/.local/lib/python3.8/site-packages/airflow/example_dags/example_latest_only_with_trigger.py
[2026-01-09T12:24:15.196+0000] {processor.py:830} INFO - Processing file /home/airflow/.local/lib/python3.8/site-packages/airflow/example_dags/example_latest_only_with_trigger.py for tasks to queue
[2026-01-09T12:24:15.197+0000] {logging_mixin.py:188} INFO - [2026-01-09T12:24:15.197+0000] {dagbag.py:538} INFO - Filling up the DagBag from /home/airflow/.local/lib/python3.8/site-packages/airflow/example_dags/example_latest_only_with_trigger.py
[2026-01-09T12:24:15.210+0000] {processor.py:840} INFO - DAG(s) 'latest_only_with_trigger' retrieved from /home/airflow/.local/lib/python3.8/site-packages/airflow/example_dags/example_latest_only_with_trigger.py
[2026-01-09T12:24:15.258+0000] {logging_mixin.py:188} INFO - [2026-01-09T12:24:15.258+0000] {dag.py:3036} INFO - Sync 1 DAGs
[2026-01-09T12:24:15.304+0000] {logging_mixin.py:188} INFO - [2026-01-09T12:24:15.303+0000] {dag.py:3823} INFO - Setting next_dagrun for latest_only_with_trigger to 2026-01-09 08:00:00+00:00, run_after=2026-01-09 12:00:00+00:00
[2026-01-09T12:24:15.357+0000] {processor.py:183} INFO - Processing /home/airflow/.local/lib/python3.8/site-packages/airflow/example_dags/example_latest_only_with_trigger.py took 0.172 seconds
[2026-01-09T12:24:45.728+0000] {processor.py:161} INFO - Started process (PID=7963) to work on /home/airflow/.local/lib/python3.8/site-packages/airflow/example_dags/example_latest_only_with_trigger.py
[2026-01-09T12:24:45.730+0000] {processor.py:830} INFO - Processing file /home/airflow/.local/lib/python3.8/site-packages/airflow/example_dags/example_latest_only_with_trigger.py for tasks to queue
[2026-01-09T12:24:45.732+0000] {logging_mixin.py:188} INFO - [2026-01-09T12:24:45.731+0000] {dagbag.py:538} INFO - Filling up the DagBag from /home/airflow/.local/lib/python3.8/site-packages/airflow/example_dags/example_latest_only_with_trigger.py
[2026-01-09T12:24:45.741+0000] {processor.py:840} INFO - DAG(s) 'latest_only_with_trigger' retrieved from /home/airflow/.local/lib/python3.8/site-packages/airflow/example_dags/example_latest_only_with_trigger.py
[2026-01-09T12:24:45.786+0000] {logging_mixin.py:188} INFO - [2026-01-09T12:24:45.785+0000] {dag.py:3036} INFO - Sync 1 DAGs
[2026-01-09T12:24:45.829+0000] {logging_mixin.py:188} INFO - [2026-01-09T12:24:45.829+0000] {dag.py:3823} INFO - Setting next_dagrun for latest_only_with_trigger to 2026-01-09 08:00:00+00:00, run_after=2026-01-09 12:00:00+00:00
[2026-01-09T12:24:45.873+0000] {processor.py:183} INFO - Processing /home/airflow/.local/lib/python3.8/site-packages/airflow/example_dags/example_latest_only_with_trigger.py took 0.152 seconds
[2026-01-09T12:25:16.699+0000] {processor.py:161} INFO - Started process (PID=8208) to work on /home/airflow/.local/lib/python3.8/site-packages/airflow/example_dags/example_latest_only_with_trigger.py
[2026-01-09T12:25:16.701+0000] {processor.py:830} INFO - Processing file /home/airflow/.local/lib/python3.8/site-packages/airflow/example_dags/example_latest_only_with_trigger.py for tasks to queue
[2026-01-09T12:25:16.704+0000] {logging_mixin.py:188} INFO - [2026-01-09T12:25:16.703+0000] {dagbag.py:538} INFO - Filling up the DagBag from /home/airflow/.local/lib/python3.8/site-packages/airflow/example_dags/example_latest_only_with_trigger.py
[2026-01-09T12:25:16.716+0000] {processor.py:840} INFO - DAG(s) 'latest_only_with_trigger' retrieved from /home/airflow/.local/lib/python3.8/site-packages/airflow/example_dags/example_latest_only_with_trigger.py
[2026-01-09T12:25:16.761+0000] {logging_mixin.py:188} INFO - [2026-01-09T12:25:16.761+0000] {dag.py:3036} INFO - Sync 1 DAGs
[2026-01-09T12:25:16.805+0000] {logging_mixin.py:188} INFO - [2026-01-09T12:25:16.804+0000] {dag.py:3823} INFO - Setting next_dagrun for latest_only_with_trigger to 2026-01-09 08:00:00+00:00, run_after=2026-01-09 12:00:00+00:00
[2026-01-09T12:25:16.870+0000] {processor.py:183} INFO - Processing /home/airflow/.local/lib/python3.8/site-packages/airflow/example_dags/example_latest_only_with_trigger.py took 0.179 seconds
[2026-01-09T12:25:47.455+0000] {processor.py:161} INFO - Started process (PID=8458) to work on /home/airflow/.local/lib/python3.8/site-packages/airflow/example_dags/example_latest_only_with_trigger.py
[2026-01-09T12:25:47.456+0000] {processor.py:830} INFO - Processing file /home/airflow/.local/lib/python3.8/site-packages/airflow/example_dags/example_latest_only_with_trigger.py for tasks to queue
[2026-01-09T12:25:47.457+0000] {logging_mixin.py:188} INFO - [2026-01-09T12:25:47.457+0000] {dagbag.py:538} INFO - Filling up the DagBag from /home/airflow/.local/lib/python3.8/site-packages/airflow/example_dags/example_latest_only_with_trigger.py
[2026-01-09T12:25:47.466+0000] {processor.py:840} INFO - DAG(s) 'latest_only_with_trigger' retrieved from /home/airflow/.local/lib/python3.8/site-packages/airflow/example_dags/example_latest_only_with_trigger.py
[2026-01-09T12:25:47.502+0000] {logging_mixin.py:188} INFO - [2026-01-09T12:25:47.502+0000] {dag.py:3036} INFO - Sync 1 DAGs
[2026-01-09T12:25:47.548+0000] {logging_mixin.py:188} INFO - [2026-01-09T12:25:47.547+0000] {dag.py:3823} INFO - Setting next_dagrun for latest_only_with_trigger to 2026-01-09 08:00:00+00:00, run_after=2026-01-09 12:00:00+00:00
[2026-01-09T12:25:47.598+0000] {processor.py:183} INFO - Processing /home/airflow/.local/lib/python3.8/site-packages/airflow/example_dags/example_latest_only_with_trigger.py took 0.148 seconds
[2026-01-09T12:26:18.395+0000] {processor.py:161} INFO - Started process (PID=8703) to work on /home/airflow/.local/lib/python3.8/site-packages/airflow/example_dags/example_latest_only_with_trigger.py
[2026-01-09T12:26:18.398+0000] {processor.py:830} INFO - Processing file /home/airflow/.local/lib/python3.8/site-packages/airflow/example_dags/example_latest_only_with_trigger.py for tasks to queue
[2026-01-09T12:26:18.400+0000] {logging_mixin.py:188} INFO - [2026-01-09T12:26:18.399+0000] {dagbag.py:538} INFO - Filling up the DagBag from /home/airflow/.local/lib/python3.8/site-packages/airflow/example_dags/example_latest_only_with_trigger.py
[2026-01-09T12:26:18.411+0000] {processor.py:840} INFO - DAG(s) 'latest_only_with_trigger' retrieved from /home/airflow/.local/lib/python3.8/site-packages/airflow/example_dags/example_latest_only_with_trigger.py
[2026-01-09T12:26:18.453+0000] {logging_mixin.py:188} INFO - [2026-01-09T12:26:18.453+0000] {dag.py:3036} INFO - Sync 1 DAGs
[2026-01-09T12:26:18.489+0000] {logging_mixin.py:188} INFO - [2026-01-09T12:26:18.488+0000] {dag.py:3823} INFO - Setting next_dagrun for latest_only_with_trigger to 2026-01-09 08:00:00+00:00, run_after=2026-01-09 12:00:00+00:00
[2026-01-09T12:26:18.529+0000] {processor.py:183} INFO - Processing /home/airflow/.local/lib/python3.8/site-packages/airflow/example_dags/example_latest_only_with_trigger.py took 0.142 seconds
[2026-01-09T12:26:48.774+0000] {processor.py:161} INFO - Started process (PID=8951) to work on /home/airflow/.local/lib/python3.8/site-packages/airflow/example_dags/example_latest_only_with_trigger.py
[2026-01-09T12:26:48.777+0000] {processor.py:830} INFO - Processing file /home/airflow/.local/lib/python3.8/site-packages/airflow/example_dags/example_latest_only_with_trigger.py for tasks to queue
[2026-01-09T12:26:48.779+0000] {logging_mixin.py:188} INFO - [2026-01-09T12:26:48.779+0000] {dagbag.py:538} INFO - Filling up the DagBag from /home/airflow/.local/lib/python3.8/site-packages/airflow/example_dags/example_latest_only_with_trigger.py
[2026-01-09T12:26:48.790+0000] {processor.py:840} INFO - DAG(s) 'latest_only_with_trigger' retrieved from /home/airflow/.local/lib/python3.8/site-packages/airflow/example_dags/example_latest_only_with_trigger.py
[2026-01-09T12:26:48.832+0000] {logging_mixin.py:188} INFO - [2026-01-09T12:26:48.831+0000] {dag.py:3036} INFO - Sync 1 DAGs
[2026-01-09T12:26:48.887+0000] {logging_mixin.py:188} INFO - [2026-01-09T12:26:48.886+0000] {dag.py:3823} INFO - Setting next_dagrun for latest_only_with_trigger to 2026-01-09 08:00:00+00:00, run_after=2026-01-09 12:00:00+00:00
[2026-01-09T12:26:48.930+0000] {processor.py:183} INFO - Processing /home/airflow/.local/lib/python3.8/site-packages/airflow/example_dags/example_latest_only_with_trigger.py took 0.162 seconds
[2026-01-09T12:27:19.120+0000] {processor.py:161} INFO - Started process (PID=9197) to work on /home/airflow/.local/lib/python3.8/site-packages/airflow/example_dags/example_latest_only_with_trigger.py
[2026-01-09T12:27:19.122+0000] {processor.py:830} INFO - Processing file /home/airflow/.local/lib/python3.8/site-packages/airflow/example_dags/example_latest_only_with_trigger.py for tasks to queue
[2026-01-09T12:27:19.124+0000] {logging_mixin.py:188} INFO - [2026-01-09T12:27:19.123+0000] {dagbag.py:538} INFO - Filling up the DagBag from /home/airflow/.local/lib/python3.8/site-packages/airflow/example_dags/example_latest_only_with_trigger.py
[2026-01-09T12:27:19.134+0000] {processor.py:840} INFO - DAG(s) 'latest_only_with_trigger' retrieved from /home/airflow/.local/lib/python3.8/site-packages/airflow/example_dags/example_latest_only_with_trigger.py
[2026-01-09T12:27:19.176+0000] {logging_mixin.py:188} INFO - [2026-01-09T12:27:19.176+0000] {dag.py:3036} INFO - Sync 1 DAGs
[2026-01-09T12:27:19.216+0000] {logging_mixin.py:188} INFO - [2026-01-09T12:27:19.216+0000] {dag.py:3823} INFO - Setting next_dagrun for latest_only_with_trigger to 2026-01-09 08:00:00+00:00, run_after=2026-01-09 12:00:00+00:00
[2026-01-09T12:27:19.258+0000] {processor.py:183} INFO - Processing /home/airflow/.local/lib/python3.8/site-packages/airflow/example_dags/example_latest_only_with_trigger.py took 0.144 seconds
[2026-01-09T12:27:49.946+0000] {processor.py:161} INFO - Started process (PID=9438) to work on /home/airflow/.local/lib/python3.8/site-packages/airflow/example_dags/example_latest_only_with_trigger.py
[2026-01-09T12:27:49.948+0000] {processor.py:830} INFO - Processing file /home/airflow/.local/lib/python3.8/site-packages/airflow/example_dags/example_latest_only_with_trigger.py for tasks to queue
[2026-01-09T12:27:49.950+0000] {logging_mixin.py:188} INFO - [2026-01-09T12:27:49.949+0000] {dagbag.py:538} INFO - Filling up the DagBag from /home/airflow/.local/lib/python3.8/site-packages/airflow/example_dags/example_latest_only_with_trigger.py
[2026-01-09T12:27:49.960+0000] {processor.py:840} INFO - DAG(s) 'latest_only_with_trigger' retrieved from /home/airflow/.local/lib/python3.8/site-packages/airflow/example_dags/example_latest_only_with_trigger.py
[2026-01-09T12:27:49.998+0000] {logging_mixin.py:188} INFO - [2026-01-09T12:27:49.997+0000] {dag.py:3036} INFO - Sync 1 DAGs
[2026-01-09T12:27:50.038+0000] {logging_mixin.py:188} INFO - [2026-01-09T12:27:50.037+0000] {dag.py:3823} INFO - Setting next_dagrun for latest_only_with_trigger to 2026-01-09 08:00:00+00:00, run_after=2026-01-09 12:00:00+00:00
[2026-01-09T12:27:50.084+0000] {processor.py:183} INFO - Processing /home/airflow/.local/lib/python3.8/site-packages/airflow/example_dags/example_latest_only_with_trigger.py took 0.143 seconds
[2026-01-09T12:28:20.772+0000] {processor.py:161} INFO - Started process (PID=9685) to work on /home/airflow/.local/lib/python3.8/site-packages/airflow/example_dags/example_latest_only_with_trigger.py
[2026-01-09T12:28:20.779+0000] {processor.py:830} INFO - Processing file /home/airflow/.local/lib/python3.8/site-packages/airflow/example_dags/example_latest_only_with_trigger.py for tasks to queue
[2026-01-09T12:28:20.781+0000] {logging_mixin.py:188} INFO - [2026-01-09T12:28:20.781+0000] {dagbag.py:538} INFO - Filling up the DagBag from /home/airflow/.local/lib/python3.8/site-packages/airflow/example_dags/example_latest_only_with_trigger.py
[2026-01-09T12:28:20.794+0000] {processor.py:840} INFO - DAG(s) 'latest_only_with_trigger' retrieved from /home/airflow/.local/lib/python3.8/site-packages/airflow/example_dags/example_latest_only_with_trigger.py
[2026-01-09T12:28:20.835+0000] {logging_mixin.py:188} INFO - [2026-01-09T12:28:20.835+0000] {dag.py:3036} INFO - Sync 1 DAGs
[2026-01-09T12:28:20.870+0000] {logging_mixin.py:188} INFO - [2026-01-09T12:28:20.869+0000] {dag.py:3823} INFO - Setting next_dagrun for latest_only_with_trigger to 2026-01-09 08:00:00+00:00, run_after=2026-01-09 12:00:00+00:00
[2026-01-09T12:28:20.908+0000] {processor.py:183} INFO - Processing /home/airflow/.local/lib/python3.8/site-packages/airflow/example_dags/example_latest_only_with_trigger.py took 0.142 seconds
[2026-01-09T12:28:51.569+0000] {processor.py:161} INFO - Started process (PID=9932) to work on /home/airflow/.local/lib/python3.8/site-packages/airflow/example_dags/example_latest_only_with_trigger.py
[2026-01-09T12:28:51.572+0000] {processor.py:830} INFO - Processing file /home/airflow/.local/lib/python3.8/site-packages/airflow/example_dags/example_latest_only_with_trigger.py for tasks to queue
[2026-01-09T12:28:51.574+0000] {logging_mixin.py:188} INFO - [2026-01-09T12:28:51.574+0000] {dagbag.py:538} INFO - Filling up the DagBag from /home/airflow/.local/lib/python3.8/site-packages/airflow/example_dags/example_latest_only_with_trigger.py
[2026-01-09T12:28:51.589+0000] {processor.py:840} INFO - DAG(s) 'latest_only_with_trigger' retrieved from /home/airflow/.local/lib/python3.8/site-packages/airflow/example_dags/example_latest_only_with_trigger.py
[2026-01-09T12:28:51.650+0000] {logging_mixin.py:188} INFO - [2026-01-09T12:28:51.650+0000] {dag.py:3036} INFO - Sync 1 DAGs
[2026-01-09T12:28:51.704+0000] {logging_mixin.py:188} INFO - [2026-01-09T12:28:51.704+0000] {dag.py:3823} INFO - Setting next_dagrun for latest_only_with_trigger to 2026-01-09 08:00:00+00:00, run_after=2026-01-09 12:00:00+00:00
[2026-01-09T12:28:51.763+0000] {processor.py:183} INFO - Processing /home/airflow/.local/lib/python3.8/site-packages/airflow/example_dags/example_latest_only_with_trigger.py took 0.203 seconds
[2026-01-09T12:29:22.029+0000] {processor.py:161} INFO - Started process (PID=10179) to work on /home/airflow/.local/lib/python3.8/site-packages/airflow/example_dags/example_latest_only_with_trigger.py
[2026-01-09T12:29:22.032+0000] {processor.py:830} INFO - Processing file /home/airflow/.local/lib/python3.8/site-packages/airflow/example_dags/example_latest_only_with_trigger.py for tasks to queue
[2026-01-09T12:29:22.033+0000] {logging_mixin.py:188} INFO - [2026-01-09T12:29:22.033+0000] {dagbag.py:538} INFO - Filling up the DagBag from /home/airflow/.local/lib/python3.8/site-packages/airflow/example_dags/example_latest_only_with_trigger.py
[2026-01-09T12:29:22.044+0000] {processor.py:840} INFO - DAG(s) 'latest_only_with_trigger' retrieved from /home/airflow/.local/lib/python3.8/site-packages/airflow/example_dags/example_latest_only_with_trigger.py
[2026-01-09T12:29:22.082+0000] {logging_mixin.py:188} INFO - [2026-01-09T12:29:22.082+0000] {dag.py:3036} INFO - Sync 1 DAGs
[2026-01-09T12:29:22.119+0000] {logging_mixin.py:188} INFO - [2026-01-09T12:29:22.118+0000] {dag.py:3823} INFO - Setting next_dagrun for latest_only_with_trigger to 2026-01-09 08:00:00+00:00, run_after=2026-01-09 12:00:00+00:00
[2026-01-09T12:29:22.162+0000] {processor.py:183} INFO - Processing /home/airflow/.local/lib/python3.8/site-packages/airflow/example_dags/example_latest_only_with_trigger.py took 0.141 seconds
[2026-01-09T12:29:52.949+0000] {processor.py:161} INFO - Started process (PID=10426) to work on /home/airflow/.local/lib/python3.8/site-packages/airflow/example_dags/example_latest_only_with_trigger.py
[2026-01-09T12:29:52.954+0000] {processor.py:830} INFO - Processing file /home/airflow/.local/lib/python3.8/site-packages/airflow/example_dags/example_latest_only_with_trigger.py for tasks to queue
[2026-01-09T12:29:52.957+0000] {logging_mixin.py:188} INFO - [2026-01-09T12:29:52.956+0000] {dagbag.py:538} INFO - Filling up the DagBag from /home/airflow/.local/lib/python3.8/site-packages/airflow/example_dags/example_latest_only_with_trigger.py
[2026-01-09T12:29:52.973+0000] {processor.py:840} INFO - DAG(s) 'latest_only_with_trigger' retrieved from /home/airflow/.local/lib/python3.8/site-packages/airflow/example_dags/example_latest_only_with_trigger.py
[2026-01-09T12:29:53.034+0000] {logging_mixin.py:188} INFO - [2026-01-09T12:29:53.033+0000] {dag.py:3036} INFO - Sync 1 DAGs
[2026-01-09T12:29:53.098+0000] {logging_mixin.py:188} INFO - [2026-01-09T12:29:53.098+0000] {dag.py:3823} INFO - Setting next_dagrun for latest_only_with_trigger to 2026-01-09 08:00:00+00:00, run_after=2026-01-09 12:00:00+00:00
[2026-01-09T12:29:53.158+0000] {processor.py:183} INFO - Processing /home/airflow/.local/lib/python3.8/site-packages/airflow/example_dags/example_latest_only_with_trigger.py took 0.216 seconds
[2026-01-09T12:30:23.918+0000] {processor.py:161} INFO - Started process (PID=10680) to work on /home/airflow/.local/lib/python3.8/site-packages/airflow/example_dags/example_latest_only_with_trigger.py
[2026-01-09T12:30:23.922+0000] {processor.py:830} INFO - Processing file /home/airflow/.local/lib/python3.8/site-packages/airflow/example_dags/example_latest_only_with_trigger.py for tasks to queue
[2026-01-09T12:30:23.924+0000] {logging_mixin.py:188} INFO - [2026-01-09T12:30:23.923+0000] {dagbag.py:538} INFO - Filling up the DagBag from /home/airflow/.local/lib/python3.8/site-packages/airflow/example_dags/example_latest_only_with_trigger.py
[2026-01-09T12:30:23.936+0000] {processor.py:840} INFO - DAG(s) 'latest_only_with_trigger' retrieved from /home/airflow/.local/lib/python3.8/site-packages/airflow/example_dags/example_latest_only_with_trigger.py
[2026-01-09T12:30:23.980+0000] {logging_mixin.py:188} INFO - [2026-01-09T12:30:23.979+0000] {dag.py:3036} INFO - Sync 1 DAGs
[2026-01-09T12:30:24.023+0000] {logging_mixin.py:188} INFO - [2026-01-09T12:30:24.022+0000] {dag.py:3823} INFO - Setting next_dagrun for latest_only_with_trigger to 2026-01-09 08:00:00+00:00, run_after=2026-01-09 12:00:00+00:00
[2026-01-09T12:30:24.069+0000] {processor.py:183} INFO - Processing /home/airflow/.local/lib/python3.8/site-packages/airflow/example_dags/example_latest_only_with_trigger.py took 0.159 seconds
[2026-01-09T12:30:54.741+0000] {processor.py:161} INFO - Started process (PID=10927) to work on /home/airflow/.local/lib/python3.8/site-packages/airflow/example_dags/example_latest_only_with_trigger.py
[2026-01-09T12:30:54.745+0000] {processor.py:830} INFO - Processing file /home/airflow/.local/lib/python3.8/site-packages/airflow/example_dags/example_latest_only_with_trigger.py for tasks to queue
[2026-01-09T12:30:54.747+0000] {logging_mixin.py:188} INFO - [2026-01-09T12:30:54.747+0000] {dagbag.py:538} INFO - Filling up the DagBag from /home/airflow/.local/lib/python3.8/site-packages/airflow/example_dags/example_latest_only_with_trigger.py
[2026-01-09T12:30:54.761+0000] {processor.py:840} INFO - DAG(s) 'latest_only_with_trigger' retrieved from /home/airflow/.local/lib/python3.8/site-packages/airflow/example_dags/example_latest_only_with_trigger.py
[2026-01-09T12:30:54.810+0000] {logging_mixin.py:188} INFO - [2026-01-09T12:30:54.809+0000] {dag.py:3036} INFO - Sync 1 DAGs
[2026-01-09T12:30:54.853+0000] {logging_mixin.py:188} INFO - [2026-01-09T12:30:54.852+0000] {dag.py:3823} INFO - Setting next_dagrun for latest_only_with_trigger to 2026-01-09 08:00:00+00:00, run_after=2026-01-09 12:00:00+00:00
[2026-01-09T12:30:54.906+0000] {processor.py:183} INFO - Processing /home/airflow/.local/lib/python3.8/site-packages/airflow/example_dags/example_latest_only_with_trigger.py took 0.173 seconds
[2026-01-09T12:31:25.757+0000] {processor.py:161} INFO - Started process (PID=11173) to work on /home/airflow/.local/lib/python3.8/site-packages/airflow/example_dags/example_latest_only_with_trigger.py
[2026-01-09T12:31:25.759+0000] {processor.py:830} INFO - Processing file /home/airflow/.local/lib/python3.8/site-packages/airflow/example_dags/example_latest_only_with_trigger.py for tasks to queue
[2026-01-09T12:31:25.761+0000] {logging_mixin.py:188} INFO - [2026-01-09T12:31:25.760+0000] {dagbag.py:538} INFO - Filling up the DagBag from /home/airflow/.local/lib/python3.8/site-packages/airflow/example_dags/example_latest_only_with_trigger.py
[2026-01-09T12:31:25.771+0000] {processor.py:840} INFO - DAG(s) 'latest_only_with_trigger' retrieved from /home/airflow/.local/lib/python3.8/site-packages/airflow/example_dags/example_latest_only_with_trigger.py
[2026-01-09T12:31:25.815+0000] {logging_mixin.py:188} INFO - [2026-01-09T12:31:25.815+0000] {dag.py:3036} INFO - Sync 1 DAGs
[2026-01-09T12:31:25.852+0000] {logging_mixin.py:188} INFO - [2026-01-09T12:31:25.852+0000] {dag.py:3823} INFO - Setting next_dagrun for latest_only_with_trigger to 2026-01-09 08:00:00+00:00, run_after=2026-01-09 12:00:00+00:00
[2026-01-09T12:31:25.897+0000] {processor.py:183} INFO - Processing /home/airflow/.local/lib/python3.8/site-packages/airflow/example_dags/example_latest_only_with_trigger.py took 0.149 seconds
[2026-01-09T12:31:56.339+0000] {processor.py:161} INFO - Started process (PID=11420) to work on /home/airflow/.local/lib/python3.8/site-packages/airflow/example_dags/example_latest_only_with_trigger.py
[2026-01-09T12:31:56.342+0000] {processor.py:830} INFO - Processing file /home/airflow/.local/lib/python3.8/site-packages/airflow/example_dags/example_latest_only_with_trigger.py for tasks to queue
[2026-01-09T12:31:56.343+0000] {logging_mixin.py:188} INFO - [2026-01-09T12:31:56.343+0000] {dagbag.py:538} INFO - Filling up the DagBag from /home/airflow/.local/lib/python3.8/site-packages/airflow/example_dags/example_latest_only_with_trigger.py
[2026-01-09T12:31:56.354+0000] {processor.py:840} INFO - DAG(s) 'latest_only_with_trigger' retrieved from /home/airflow/.local/lib/python3.8/site-packages/airflow/example_dags/example_latest_only_with_trigger.py
[2026-01-09T12:31:56.395+0000] {logging_mixin.py:188} INFO - [2026-01-09T12:31:56.395+0000] {dag.py:3036} INFO - Sync 1 DAGs
[2026-01-09T12:31:56.430+0000] {logging_mixin.py:188} INFO - [2026-01-09T12:31:56.429+0000] {dag.py:3823} INFO - Setting next_dagrun for latest_only_with_trigger to 2026-01-09 08:00:00+00:00, run_after=2026-01-09 12:00:00+00:00
[2026-01-09T12:31:56.472+0000] {processor.py:183} INFO - Processing /home/airflow/.local/lib/python3.8/site-packages/airflow/example_dags/example_latest_only_with_trigger.py took 0.139 seconds
[2026-01-09T12:32:27.436+0000] {processor.py:161} INFO - Started process (PID=11667) to work on /home/airflow/.local/lib/python3.8/site-packages/airflow/example_dags/example_latest_only_with_trigger.py
[2026-01-09T12:32:27.439+0000] {processor.py:830} INFO - Processing file /home/airflow/.local/lib/python3.8/site-packages/airflow/example_dags/example_latest_only_with_trigger.py for tasks to queue
[2026-01-09T12:32:27.442+0000] {logging_mixin.py:188} INFO - [2026-01-09T12:32:27.441+0000] {dagbag.py:538} INFO - Filling up the DagBag from /home/airflow/.local/lib/python3.8/site-packages/airflow/example_dags/example_latest_only_with_trigger.py
[2026-01-09T12:32:27.458+0000] {processor.py:840} INFO - DAG(s) 'latest_only_with_trigger' retrieved from /home/airflow/.local/lib/python3.8/site-packages/airflow/example_dags/example_latest_only_with_trigger.py
[2026-01-09T12:32:27.514+0000] {logging_mixin.py:188} INFO - [2026-01-09T12:32:27.514+0000] {dag.py:3036} INFO - Sync 1 DAGs
[2026-01-09T12:32:27.562+0000] {logging_mixin.py:188} INFO - [2026-01-09T12:32:27.561+0000] {dag.py:3823} INFO - Setting next_dagrun for latest_only_with_trigger to 2026-01-09 08:00:00+00:00, run_after=2026-01-09 12:00:00+00:00
[2026-01-09T12:32:27.609+0000] {processor.py:183} INFO - Processing /home/airflow/.local/lib/python3.8/site-packages/airflow/example_dags/example_latest_only_with_trigger.py took 0.183 seconds
[2026-01-09T12:32:57.959+0000] {processor.py:161} INFO - Started process (PID=11914) to work on /home/airflow/.local/lib/python3.8/site-packages/airflow/example_dags/example_latest_only_with_trigger.py
[2026-01-09T12:32:57.960+0000] {processor.py:830} INFO - Processing file /home/airflow/.local/lib/python3.8/site-packages/airflow/example_dags/example_latest_only_with_trigger.py for tasks to queue
[2026-01-09T12:32:57.962+0000] {logging_mixin.py:188} INFO - [2026-01-09T12:32:57.961+0000] {dagbag.py:538} INFO - Filling up the DagBag from /home/airflow/.local/lib/python3.8/site-packages/airflow/example_dags/example_latest_only_with_trigger.py
[2026-01-09T12:32:57.974+0000] {processor.py:840} INFO - DAG(s) 'latest_only_with_trigger' retrieved from /home/airflow/.local/lib/python3.8/site-packages/airflow/example_dags/example_latest_only_with_trigger.py
[2026-01-09T12:32:58.020+0000] {logging_mixin.py:188} INFO - [2026-01-09T12:32:58.020+0000] {dag.py:3036} INFO - Sync 1 DAGs
[2026-01-09T12:32:58.061+0000] {logging_mixin.py:188} INFO - [2026-01-09T12:32:58.061+0000] {dag.py:3823} INFO - Setting next_dagrun for latest_only_with_trigger to 2026-01-09 08:00:00+00:00, run_after=2026-01-09 12:00:00+00:00
[2026-01-09T12:32:58.106+0000] {processor.py:183} INFO - Processing /home/airflow/.local/lib/python3.8/site-packages/airflow/example_dags/example_latest_only_with_trigger.py took 0.155 seconds
[2026-01-09T12:33:28.491+0000] {processor.py:161} INFO - Started process (PID=12161) to work on /home/airflow/.local/lib/python3.8/site-packages/airflow/example_dags/example_latest_only_with_trigger.py
[2026-01-09T12:33:28.494+0000] {processor.py:830} INFO - Processing file /home/airflow/.local/lib/python3.8/site-packages/airflow/example_dags/example_latest_only_with_trigger.py for tasks to queue
[2026-01-09T12:33:28.495+0000] {logging_mixin.py:188} INFO - [2026-01-09T12:33:28.495+0000] {dagbag.py:538} INFO - Filling up the DagBag from /home/airflow/.local/lib/python3.8/site-packages/airflow/example_dags/example_latest_only_with_trigger.py
[2026-01-09T12:33:28.507+0000] {processor.py:840} INFO - DAG(s) 'latest_only_with_trigger' retrieved from /home/airflow/.local/lib/python3.8/site-packages/airflow/example_dags/example_latest_only_with_trigger.py
[2026-01-09T12:33:28.548+0000] {logging_mixin.py:188} INFO - [2026-01-09T12:33:28.548+0000] {dag.py:3036} INFO - Sync 1 DAGs
[2026-01-09T12:33:28.584+0000] {logging_mixin.py:188} INFO - [2026-01-09T12:33:28.584+0000] {dag.py:3823} INFO - Setting next_dagrun for latest_only_with_trigger to 2026-01-09 08:00:00+00:00, run_after=2026-01-09 12:00:00+00:00
[2026-01-09T12:33:28.627+0000] {processor.py:183} INFO - Processing /home/airflow/.local/lib/python3.8/site-packages/airflow/example_dags/example_latest_only_with_trigger.py took 0.141 seconds
[2026-01-09T12:33:59.406+0000] {processor.py:161} INFO - Started process (PID=12408) to work on /home/airflow/.local/lib/python3.8/site-packages/airflow/example_dags/example_latest_only_with_trigger.py
[2026-01-09T12:33:59.408+0000] {processor.py:830} INFO - Processing file /home/airflow/.local/lib/python3.8/site-packages/airflow/example_dags/example_latest_only_with_trigger.py for tasks to queue
[2026-01-09T12:33:59.410+0000] {logging_mixin.py:188} INFO - [2026-01-09T12:33:59.409+0000] {dagbag.py:538} INFO - Filling up the DagBag from /home/airflow/.local/lib/python3.8/site-packages/airflow/example_dags/example_latest_only_with_trigger.py
[2026-01-09T12:33:59.422+0000] {processor.py:840} INFO - DAG(s) 'latest_only_with_trigger' retrieved from /home/airflow/.local/lib/python3.8/site-packages/airflow/example_dags/example_latest_only_with_trigger.py
[2026-01-09T12:33:59.466+0000] {logging_mixin.py:188} INFO - [2026-01-09T12:33:59.465+0000] {dag.py:3036} INFO - Sync 1 DAGs
[2026-01-09T12:33:59.509+0000] {logging_mixin.py:188} INFO - [2026-01-09T12:33:59.508+0000] {dag.py:3823} INFO - Setting next_dagrun for latest_only_with_trigger to 2026-01-09 08:00:00+00:00, run_after=2026-01-09 12:00:00+00:00
[2026-01-09T12:33:59.553+0000] {processor.py:183} INFO - Processing /home/airflow/.local/lib/python3.8/site-packages/airflow/example_dags/example_latest_only_with_trigger.py took 0.156 seconds
[2026-01-09T12:34:29.989+0000] {processor.py:161} INFO - Started process (PID=12655) to work on /home/airflow/.local/lib/python3.8/site-packages/airflow/example_dags/example_latest_only_with_trigger.py
[2026-01-09T12:34:29.992+0000] {processor.py:830} INFO - Processing file /home/airflow/.local/lib/python3.8/site-packages/airflow/example_dags/example_latest_only_with_trigger.py for tasks to queue
[2026-01-09T12:34:29.994+0000] {logging_mixin.py:188} INFO - [2026-01-09T12:34:29.993+0000] {dagbag.py:538} INFO - Filling up the DagBag from /home/airflow/.local/lib/python3.8/site-packages/airflow/example_dags/example_latest_only_with_trigger.py
[2026-01-09T12:34:30.007+0000] {processor.py:840} INFO - DAG(s) 'latest_only_with_trigger' retrieved from /home/airflow/.local/lib/python3.8/site-packages/airflow/example_dags/example_latest_only_with_trigger.py
[2026-01-09T12:34:30.055+0000] {logging_mixin.py:188} INFO - [2026-01-09T12:34:30.055+0000] {dag.py:3036} INFO - Sync 1 DAGs
[2026-01-09T12:34:30.108+0000] {logging_mixin.py:188} INFO - [2026-01-09T12:34:30.107+0000] {dag.py:3823} INFO - Setting next_dagrun for latest_only_with_trigger to 2026-01-09 08:00:00+00:00, run_after=2026-01-09 12:00:00+00:00
[2026-01-09T12:34:30.157+0000] {processor.py:183} INFO - Processing /home/airflow/.local/lib/python3.8/site-packages/airflow/example_dags/example_latest_only_with_trigger.py took 0.174 seconds
[2026-01-09T12:35:00.503+0000] {processor.py:161} INFO - Started process (PID=12902) to work on /home/airflow/.local/lib/python3.8/site-packages/airflow/example_dags/example_latest_only_with_trigger.py
[2026-01-09T12:35:00.505+0000] {processor.py:830} INFO - Processing file /home/airflow/.local/lib/python3.8/site-packages/airflow/example_dags/example_latest_only_with_trigger.py for tasks to queue
[2026-01-09T12:35:00.506+0000] {logging_mixin.py:188} INFO - [2026-01-09T12:35:00.506+0000] {dagbag.py:538} INFO - Filling up the DagBag from /home/airflow/.local/lib/python3.8/site-packages/airflow/example_dags/example_latest_only_with_trigger.py
[2026-01-09T12:35:00.522+0000] {processor.py:840} INFO - DAG(s) 'latest_only_with_trigger' retrieved from /home/airflow/.local/lib/python3.8/site-packages/airflow/example_dags/example_latest_only_with_trigger.py
[2026-01-09T12:35:00.588+0000] {logging_mixin.py:188} INFO - [2026-01-09T12:35:00.587+0000] {dag.py:3036} INFO - Sync 1 DAGs
[2026-01-09T12:35:00.627+0000] {logging_mixin.py:188} INFO - [2026-01-09T12:35:00.627+0000] {dag.py:3823} INFO - Setting next_dagrun for latest_only_with_trigger to 2026-01-09 08:00:00+00:00, run_after=2026-01-09 12:00:00+00:00
[2026-01-09T12:35:00.683+0000] {processor.py:183} INFO - Processing /home/airflow/.local/lib/python3.8/site-packages/airflow/example_dags/example_latest_only_with_trigger.py took 0.188 seconds
[2026-01-09T12:35:31.038+0000] {processor.py:161} INFO - Started process (PID=13149) to work on /home/airflow/.local/lib/python3.8/site-packages/airflow/example_dags/example_latest_only_with_trigger.py
[2026-01-09T12:35:31.040+0000] {processor.py:830} INFO - Processing file /home/airflow/.local/lib/python3.8/site-packages/airflow/example_dags/example_latest_only_with_trigger.py for tasks to queue
[2026-01-09T12:35:31.042+0000] {logging_mixin.py:188} INFO - [2026-01-09T12:35:31.042+0000] {dagbag.py:538} INFO - Filling up the DagBag from /home/airflow/.local/lib/python3.8/site-packages/airflow/example_dags/example_latest_only_with_trigger.py
[2026-01-09T12:35:31.055+0000] {processor.py:840} INFO - DAG(s) 'latest_only_with_trigger' retrieved from /home/airflow/.local/lib/python3.8/site-packages/airflow/example_dags/example_latest_only_with_trigger.py
[2026-01-09T12:35:31.099+0000] {logging_mixin.py:188} INFO - [2026-01-09T12:35:31.099+0000] {dag.py:3036} INFO - Sync 1 DAGs
[2026-01-09T12:35:31.139+0000] {logging_mixin.py:188} INFO - [2026-01-09T12:35:31.138+0000] {dag.py:3823} INFO - Setting next_dagrun for latest_only_with_trigger to 2026-01-09 08:00:00+00:00, run_after=2026-01-09 12:00:00+00:00
[2026-01-09T12:35:31.181+0000] {processor.py:183} INFO - Processing /home/airflow/.local/lib/python3.8/site-packages/airflow/example_dags/example_latest_only_with_trigger.py took 0.150 seconds
[2026-01-09T12:36:02.016+0000] {processor.py:161} INFO - Started process (PID=13396) to work on /home/airflow/.local/lib/python3.8/site-packages/airflow/example_dags/example_latest_only_with_trigger.py
[2026-01-09T12:36:02.017+0000] {processor.py:830} INFO - Processing file /home/airflow/.local/lib/python3.8/site-packages/airflow/example_dags/example_latest_only_with_trigger.py for tasks to queue
[2026-01-09T12:36:02.019+0000] {logging_mixin.py:188} INFO - [2026-01-09T12:36:02.018+0000] {dagbag.py:538} INFO - Filling up the DagBag from /home/airflow/.local/lib/python3.8/site-packages/airflow/example_dags/example_latest_only_with_trigger.py
[2026-01-09T12:36:02.029+0000] {processor.py:840} INFO - DAG(s) 'latest_only_with_trigger' retrieved from /home/airflow/.local/lib/python3.8/site-packages/airflow/example_dags/example_latest_only_with_trigger.py
[2026-01-09T12:36:02.097+0000] {logging_mixin.py:188} INFO - [2026-01-09T12:36:02.096+0000] {dag.py:3036} INFO - Sync 1 DAGs
[2026-01-09T12:36:02.150+0000] {logging_mixin.py:188} INFO - [2026-01-09T12:36:02.149+0000] {dag.py:3823} INFO - Setting next_dagrun for latest_only_with_trigger to 2026-01-09 08:00:00+00:00, run_after=2026-01-09 12:00:00+00:00
[2026-01-09T12:36:02.202+0000] {processor.py:183} INFO - Processing /home/airflow/.local/lib/python3.8/site-packages/airflow/example_dags/example_latest_only_with_trigger.py took 0.192 seconds
[2026-01-09T12:36:32.507+0000] {processor.py:161} INFO - Started process (PID=13643) to work on /home/airflow/.local/lib/python3.8/site-packages/airflow/example_dags/example_latest_only_with_trigger.py
[2026-01-09T12:36:32.509+0000] {processor.py:830} INFO - Processing file /home/airflow/.local/lib/python3.8/site-packages/airflow/example_dags/example_latest_only_with_trigger.py for tasks to queue
[2026-01-09T12:36:32.510+0000] {logging_mixin.py:188} INFO - [2026-01-09T12:36:32.510+0000] {dagbag.py:538} INFO - Filling up the DagBag from /home/airflow/.local/lib/python3.8/site-packages/airflow/example_dags/example_latest_only_with_trigger.py
[2026-01-09T12:36:32.521+0000] {processor.py:840} INFO - DAG(s) 'latest_only_with_trigger' retrieved from /home/airflow/.local/lib/python3.8/site-packages/airflow/example_dags/example_latest_only_with_trigger.py
[2026-01-09T12:36:32.566+0000] {logging_mixin.py:188} INFO - [2026-01-09T12:36:32.565+0000] {dag.py:3036} INFO - Sync 1 DAGs
[2026-01-09T12:36:32.605+0000] {logging_mixin.py:188} INFO - [2026-01-09T12:36:32.604+0000] {dag.py:3823} INFO - Setting next_dagrun for latest_only_with_trigger to 2026-01-09 08:00:00+00:00, run_after=2026-01-09 12:00:00+00:00
[2026-01-09T12:36:32.654+0000] {processor.py:183} INFO - Processing /home/airflow/.local/lib/python3.8/site-packages/airflow/example_dags/example_latest_only_with_trigger.py took 0.153 seconds
[2026-01-09T12:37:02.891+0000] {processor.py:161} INFO - Started process (PID=13890) to work on /home/airflow/.local/lib/python3.8/site-packages/airflow/example_dags/example_latest_only_with_trigger.py
[2026-01-09T12:37:02.893+0000] {processor.py:830} INFO - Processing file /home/airflow/.local/lib/python3.8/site-packages/airflow/example_dags/example_latest_only_with_trigger.py for tasks to queue
[2026-01-09T12:37:02.894+0000] {logging_mixin.py:188} INFO - [2026-01-09T12:37:02.894+0000] {dagbag.py:538} INFO - Filling up the DagBag from /home/airflow/.local/lib/python3.8/site-packages/airflow/example_dags/example_latest_only_with_trigger.py
[2026-01-09T12:37:02.906+0000] {processor.py:840} INFO - DAG(s) 'latest_only_with_trigger' retrieved from /home/airflow/.local/lib/python3.8/site-packages/airflow/example_dags/example_latest_only_with_trigger.py
[2026-01-09T12:37:02.946+0000] {logging_mixin.py:188} INFO - [2026-01-09T12:37:02.945+0000] {dag.py:3036} INFO - Sync 1 DAGs
[2026-01-09T12:37:02.988+0000] {logging_mixin.py:188} INFO - [2026-01-09T12:37:02.987+0000] {dag.py:3823} INFO - Setting next_dagrun for latest_only_with_trigger to 2026-01-09 08:00:00+00:00, run_after=2026-01-09 12:00:00+00:00
[2026-01-09T12:37:03.031+0000] {processor.py:183} INFO - Processing /home/airflow/.local/lib/python3.8/site-packages/airflow/example_dags/example_latest_only_with_trigger.py took 0.146 seconds
[2026-01-09T12:37:33.189+0000] {processor.py:161} INFO - Started process (PID=14137) to work on /home/airflow/.local/lib/python3.8/site-packages/airflow/example_dags/example_latest_only_with_trigger.py
[2026-01-09T12:37:33.192+0000] {processor.py:830} INFO - Processing file /home/airflow/.local/lib/python3.8/site-packages/airflow/example_dags/example_latest_only_with_trigger.py for tasks to queue
[2026-01-09T12:37:33.194+0000] {logging_mixin.py:188} INFO - [2026-01-09T12:37:33.193+0000] {dagbag.py:538} INFO - Filling up the DagBag from /home/airflow/.local/lib/python3.8/site-packages/airflow/example_dags/example_latest_only_with_trigger.py
[2026-01-09T12:37:33.204+0000] {processor.py:840} INFO - DAG(s) 'latest_only_with_trigger' retrieved from /home/airflow/.local/lib/python3.8/site-packages/airflow/example_dags/example_latest_only_with_trigger.py
[2026-01-09T12:37:33.249+0000] {logging_mixin.py:188} INFO - [2026-01-09T12:37:33.249+0000] {dag.py:3036} INFO - Sync 1 DAGs
[2026-01-09T12:37:33.287+0000] {logging_mixin.py:188} INFO - [2026-01-09T12:37:33.286+0000] {dag.py:3823} INFO - Setting next_dagrun for latest_only_with_trigger to 2026-01-09 08:00:00+00:00, run_after=2026-01-09 12:00:00+00:00
[2026-01-09T12:37:33.330+0000] {processor.py:183} INFO - Processing /home/airflow/.local/lib/python3.8/site-packages/airflow/example_dags/example_latest_only_with_trigger.py took 0.146 seconds
[2026-01-09T12:38:03.920+0000] {processor.py:161} INFO - Started process (PID=14384) to work on /home/airflow/.local/lib/python3.8/site-packages/airflow/example_dags/example_latest_only_with_trigger.py
[2026-01-09T12:38:03.921+0000] {processor.py:830} INFO - Processing file /home/airflow/.local/lib/python3.8/site-packages/airflow/example_dags/example_latest_only_with_trigger.py for tasks to queue
[2026-01-09T12:38:03.923+0000] {logging_mixin.py:188} INFO - [2026-01-09T12:38:03.922+0000] {dagbag.py:538} INFO - Filling up the DagBag from /home/airflow/.local/lib/python3.8/site-packages/airflow/example_dags/example_latest_only_with_trigger.py
[2026-01-09T12:38:03.934+0000] {processor.py:840} INFO - DAG(s) 'latest_only_with_trigger' retrieved from /home/airflow/.local/lib/python3.8/site-packages/airflow/example_dags/example_latest_only_with_trigger.py
[2026-01-09T12:38:03.976+0000] {logging_mixin.py:188} INFO - [2026-01-09T12:38:03.976+0000] {dag.py:3036} INFO - Sync 1 DAGs
[2026-01-09T12:38:04.012+0000] {logging_mixin.py:188} INFO - [2026-01-09T12:38:04.012+0000] {dag.py:3823} INFO - Setting next_dagrun for latest_only_with_trigger to 2026-01-09 08:00:00+00:00, run_after=2026-01-09 12:00:00+00:00
[2026-01-09T12:38:04.052+0000] {processor.py:183} INFO - Processing /home/airflow/.local/lib/python3.8/site-packages/airflow/example_dags/example_latest_only_with_trigger.py took 0.140 seconds
[2026-01-09T12:38:34.244+0000] {processor.py:161} INFO - Started process (PID=14631) to work on /home/airflow/.local/lib/python3.8/site-packages/airflow/example_dags/example_latest_only_with_trigger.py
[2026-01-09T12:38:34.246+0000] {processor.py:830} INFO - Processing file /home/airflow/.local/lib/python3.8/site-packages/airflow/example_dags/example_latest_only_with_trigger.py for tasks to queue
[2026-01-09T12:38:34.248+0000] {logging_mixin.py:188} INFO - [2026-01-09T12:38:34.247+0000] {dagbag.py:538} INFO - Filling up the DagBag from /home/airflow/.local/lib/python3.8/site-packages/airflow/example_dags/example_latest_only_with_trigger.py
[2026-01-09T12:38:34.257+0000] {processor.py:840} INFO - DAG(s) 'latest_only_with_trigger' retrieved from /home/airflow/.local/lib/python3.8/site-packages/airflow/example_dags/example_latest_only_with_trigger.py
[2026-01-09T12:38:34.294+0000] {logging_mixin.py:188} INFO - [2026-01-09T12:38:34.293+0000] {dag.py:3036} INFO - Sync 1 DAGs
[2026-01-09T12:38:34.332+0000] {logging_mixin.py:188} INFO - [2026-01-09T12:38:34.332+0000] {dag.py:3823} INFO - Setting next_dagrun for latest_only_with_trigger to 2026-01-09 08:00:00+00:00, run_after=2026-01-09 12:00:00+00:00
[2026-01-09T12:38:34.378+0000] {processor.py:183} INFO - Processing /home/airflow/.local/lib/python3.8/site-packages/airflow/example_dags/example_latest_only_with_trigger.py took 0.139 seconds
[2026-01-09T12:39:05.158+0000] {processor.py:161} INFO - Started process (PID=14878) to work on /home/airflow/.local/lib/python3.8/site-packages/airflow/example_dags/example_latest_only_with_trigger.py
[2026-01-09T12:39:05.161+0000] {processor.py:830} INFO - Processing file /home/airflow/.local/lib/python3.8/site-packages/airflow/example_dags/example_latest_only_with_trigger.py for tasks to queue
[2026-01-09T12:39:05.163+0000] {logging_mixin.py:188} INFO - [2026-01-09T12:39:05.162+0000] {dagbag.py:538} INFO - Filling up the DagBag from /home/airflow/.local/lib/python3.8/site-packages/airflow/example_dags/example_latest_only_with_trigger.py
[2026-01-09T12:39:05.173+0000] {processor.py:840} INFO - DAG(s) 'latest_only_with_trigger' retrieved from /home/airflow/.local/lib/python3.8/site-packages/airflow/example_dags/example_latest_only_with_trigger.py
[2026-01-09T12:39:05.217+0000] {logging_mixin.py:188} INFO - [2026-01-09T12:39:05.216+0000] {dag.py:3036} INFO - Sync 1 DAGs
[2026-01-09T12:39:05.256+0000] {logging_mixin.py:188} INFO - [2026-01-09T12:39:05.256+0000] {dag.py:3823} INFO - Setting next_dagrun for latest_only_with_trigger to 2026-01-09 08:00:00+00:00, run_after=2026-01-09 12:00:00+00:00
[2026-01-09T12:39:05.295+0000] {processor.py:183} INFO - Processing /home/airflow/.local/lib/python3.8/site-packages/airflow/example_dags/example_latest_only_with_trigger.py took 0.144 seconds
[2026-01-09T12:39:35.827+0000] {processor.py:161} INFO - Started process (PID=15125) to work on /home/airflow/.local/lib/python3.8/site-packages/airflow/example_dags/example_latest_only_with_trigger.py
[2026-01-09T12:39:35.830+0000] {processor.py:830} INFO - Processing file /home/airflow/.local/lib/python3.8/site-packages/airflow/example_dags/example_latest_only_with_trigger.py for tasks to queue
[2026-01-09T12:39:35.831+0000] {logging_mixin.py:188} INFO - [2026-01-09T12:39:35.831+0000] {dagbag.py:538} INFO - Filling up the DagBag from /home/airflow/.local/lib/python3.8/site-packages/airflow/example_dags/example_latest_only_with_trigger.py
[2026-01-09T12:39:35.840+0000] {processor.py:840} INFO - DAG(s) 'latest_only_with_trigger' retrieved from /home/airflow/.local/lib/python3.8/site-packages/airflow/example_dags/example_latest_only_with_trigger.py
[2026-01-09T12:39:35.881+0000] {logging_mixin.py:188} INFO - [2026-01-09T12:39:35.881+0000] {dag.py:3036} INFO - Sync 1 DAGs
[2026-01-09T12:39:35.921+0000] {logging_mixin.py:188} INFO - [2026-01-09T12:39:35.921+0000] {dag.py:3823} INFO - Setting next_dagrun for latest_only_with_trigger to 2026-01-09 08:00:00+00:00, run_after=2026-01-09 12:00:00+00:00
[2026-01-09T12:39:35.966+0000] {processor.py:183} INFO - Processing /home/airflow/.local/lib/python3.8/site-packages/airflow/example_dags/example_latest_only_with_trigger.py took 0.144 seconds
