[2026-01-09T12:08:54.344+0000] {processor.py:161} INFO - Started process (PID=264) to work on /home/airflow/.local/lib/python3.8/site-packages/airflow/example_dags/example_sensor_decorator.py
[2026-01-09T12:08:54.345+0000] {processor.py:830} INFO - Processing file /home/airflow/.local/lib/python3.8/site-packages/airflow/example_dags/example_sensor_decorator.py for tasks to queue
[2026-01-09T12:08:54.346+0000] {logging_mixin.py:188} INFO - [2026-01-09T12:08:54.346+0000] {dagbag.py:538} INFO - Filling up the DagBag from /home/airflow/.local/lib/python3.8/site-packages/airflow/example_dags/example_sensor_decorator.py
[2026-01-09T12:08:54.360+0000] {processor.py:840} INFO - DAG(s) 'example_sensor_decorator' retrieved from /home/airflow/.local/lib/python3.8/site-packages/airflow/example_dags/example_sensor_decorator.py
[2026-01-09T12:08:54.510+0000] {logging_mixin.py:188} INFO - [2026-01-09T12:08:54.510+0000] {dag.py:3036} INFO - Sync 1 DAGs
[2026-01-09T12:08:54.525+0000] {logging_mixin.py:188} INFO - [2026-01-09T12:08:54.524+0000] {dag.py:3823} INFO - Setting next_dagrun for example_sensor_decorator to None, run_after=None
[2026-01-09T12:08:54.563+0000] {processor.py:183} INFO - Processing /home/airflow/.local/lib/python3.8/site-packages/airflow/example_dags/example_sensor_decorator.py took 0.225 seconds
[2026-01-09T12:09:24.635+0000] {processor.py:161} INFO - Started process (PID=509) to work on /home/airflow/.local/lib/python3.8/site-packages/airflow/example_dags/example_sensor_decorator.py
[2026-01-09T12:09:24.638+0000] {processor.py:830} INFO - Processing file /home/airflow/.local/lib/python3.8/site-packages/airflow/example_dags/example_sensor_decorator.py for tasks to queue
[2026-01-09T12:09:24.640+0000] {logging_mixin.py:188} INFO - [2026-01-09T12:09:24.639+0000] {dagbag.py:538} INFO - Filling up the DagBag from /home/airflow/.local/lib/python3.8/site-packages/airflow/example_dags/example_sensor_decorator.py
[2026-01-09T12:09:24.652+0000] {processor.py:840} INFO - DAG(s) 'example_sensor_decorator' retrieved from /home/airflow/.local/lib/python3.8/site-packages/airflow/example_dags/example_sensor_decorator.py
[2026-01-09T12:09:24.693+0000] {logging_mixin.py:188} INFO - [2026-01-09T12:09:24.693+0000] {dag.py:3036} INFO - Sync 1 DAGs
[2026-01-09T12:09:24.714+0000] {logging_mixin.py:188} INFO - [2026-01-09T12:09:24.714+0000] {dag.py:3823} INFO - Setting next_dagrun for example_sensor_decorator to None, run_after=None
[2026-01-09T12:09:24.757+0000] {processor.py:183} INFO - Processing /home/airflow/.local/lib/python3.8/site-packages/airflow/example_dags/example_sensor_decorator.py took 0.131 seconds
[2026-01-09T12:09:55.896+0000] {processor.py:161} INFO - Started process (PID=756) to work on /home/airflow/.local/lib/python3.8/site-packages/airflow/example_dags/example_sensor_decorator.py
[2026-01-09T12:09:55.898+0000] {processor.py:830} INFO - Processing file /home/airflow/.local/lib/python3.8/site-packages/airflow/example_dags/example_sensor_decorator.py for tasks to queue
[2026-01-09T12:09:55.900+0000] {logging_mixin.py:188} INFO - [2026-01-09T12:09:55.900+0000] {dagbag.py:538} INFO - Filling up the DagBag from /home/airflow/.local/lib/python3.8/site-packages/airflow/example_dags/example_sensor_decorator.py
[2026-01-09T12:09:55.915+0000] {processor.py:840} INFO - DAG(s) 'example_sensor_decorator' retrieved from /home/airflow/.local/lib/python3.8/site-packages/airflow/example_dags/example_sensor_decorator.py
[2026-01-09T12:09:55.985+0000] {logging_mixin.py:188} INFO - [2026-01-09T12:09:55.985+0000] {dag.py:3036} INFO - Sync 1 DAGs
[2026-01-09T12:09:56.018+0000] {logging_mixin.py:188} INFO - [2026-01-09T12:09:56.017+0000] {dag.py:3823} INFO - Setting next_dagrun for example_sensor_decorator to None, run_after=None
[2026-01-09T12:09:56.057+0000] {processor.py:183} INFO - Processing /home/airflow/.local/lib/python3.8/site-packages/airflow/example_dags/example_sensor_decorator.py took 0.167 seconds
[2026-01-09T12:10:26.574+0000] {processor.py:161} INFO - Started process (PID=1003) to work on /home/airflow/.local/lib/python3.8/site-packages/airflow/example_dags/example_sensor_decorator.py
[2026-01-09T12:10:26.577+0000] {processor.py:830} INFO - Processing file /home/airflow/.local/lib/python3.8/site-packages/airflow/example_dags/example_sensor_decorator.py for tasks to queue
[2026-01-09T12:10:26.578+0000] {logging_mixin.py:188} INFO - [2026-01-09T12:10:26.578+0000] {dagbag.py:538} INFO - Filling up the DagBag from /home/airflow/.local/lib/python3.8/site-packages/airflow/example_dags/example_sensor_decorator.py
[2026-01-09T12:10:26.588+0000] {processor.py:840} INFO - DAG(s) 'example_sensor_decorator' retrieved from /home/airflow/.local/lib/python3.8/site-packages/airflow/example_dags/example_sensor_decorator.py
[2026-01-09T12:10:26.629+0000] {logging_mixin.py:188} INFO - [2026-01-09T12:10:26.629+0000] {dag.py:3036} INFO - Sync 1 DAGs
[2026-01-09T12:10:26.650+0000] {logging_mixin.py:188} INFO - [2026-01-09T12:10:26.649+0000] {dag.py:3823} INFO - Setting next_dagrun for example_sensor_decorator to None, run_after=None
[2026-01-09T12:10:26.696+0000] {processor.py:183} INFO - Processing /home/airflow/.local/lib/python3.8/site-packages/airflow/example_dags/example_sensor_decorator.py took 0.127 seconds
[2026-01-09T12:10:57.435+0000] {processor.py:161} INFO - Started process (PID=1250) to work on /home/airflow/.local/lib/python3.8/site-packages/airflow/example_dags/example_sensor_decorator.py
[2026-01-09T12:10:57.437+0000] {processor.py:830} INFO - Processing file /home/airflow/.local/lib/python3.8/site-packages/airflow/example_dags/example_sensor_decorator.py for tasks to queue
[2026-01-09T12:10:57.439+0000] {logging_mixin.py:188} INFO - [2026-01-09T12:10:57.438+0000] {dagbag.py:538} INFO - Filling up the DagBag from /home/airflow/.local/lib/python3.8/site-packages/airflow/example_dags/example_sensor_decorator.py
[2026-01-09T12:10:57.452+0000] {processor.py:840} INFO - DAG(s) 'example_sensor_decorator' retrieved from /home/airflow/.local/lib/python3.8/site-packages/airflow/example_dags/example_sensor_decorator.py
[2026-01-09T12:10:57.495+0000] {logging_mixin.py:188} INFO - [2026-01-09T12:10:57.494+0000] {dag.py:3036} INFO - Sync 1 DAGs
[2026-01-09T12:10:57.521+0000] {logging_mixin.py:188} INFO - [2026-01-09T12:10:57.521+0000] {dag.py:3823} INFO - Setting next_dagrun for example_sensor_decorator to None, run_after=None
[2026-01-09T12:10:57.571+0000] {processor.py:183} INFO - Processing /home/airflow/.local/lib/python3.8/site-packages/airflow/example_dags/example_sensor_decorator.py took 0.144 seconds
[2026-01-09T12:11:27.981+0000] {processor.py:161} INFO - Started process (PID=1497) to work on /home/airflow/.local/lib/python3.8/site-packages/airflow/example_dags/example_sensor_decorator.py
[2026-01-09T12:11:27.984+0000] {processor.py:830} INFO - Processing file /home/airflow/.local/lib/python3.8/site-packages/airflow/example_dags/example_sensor_decorator.py for tasks to queue
[2026-01-09T12:11:27.986+0000] {logging_mixin.py:188} INFO - [2026-01-09T12:11:27.985+0000] {dagbag.py:538} INFO - Filling up the DagBag from /home/airflow/.local/lib/python3.8/site-packages/airflow/example_dags/example_sensor_decorator.py
[2026-01-09T12:11:28.001+0000] {processor.py:840} INFO - DAG(s) 'example_sensor_decorator' retrieved from /home/airflow/.local/lib/python3.8/site-packages/airflow/example_dags/example_sensor_decorator.py
[2026-01-09T12:11:28.051+0000] {logging_mixin.py:188} INFO - [2026-01-09T12:11:28.051+0000] {dag.py:3036} INFO - Sync 1 DAGs
[2026-01-09T12:11:28.075+0000] {logging_mixin.py:188} INFO - [2026-01-09T12:11:28.075+0000] {dag.py:3823} INFO - Setting next_dagrun for example_sensor_decorator to None, run_after=None
[2026-01-09T12:11:28.126+0000] {processor.py:183} INFO - Processing /home/airflow/.local/lib/python3.8/site-packages/airflow/example_dags/example_sensor_decorator.py took 0.154 seconds
[2026-01-09T12:11:58.267+0000] {processor.py:161} INFO - Started process (PID=1742) to work on /home/airflow/.local/lib/python3.8/site-packages/airflow/example_dags/example_sensor_decorator.py
[2026-01-09T12:11:58.269+0000] {processor.py:830} INFO - Processing file /home/airflow/.local/lib/python3.8/site-packages/airflow/example_dags/example_sensor_decorator.py for tasks to queue
[2026-01-09T12:11:58.271+0000] {logging_mixin.py:188} INFO - [2026-01-09T12:11:58.270+0000] {dagbag.py:538} INFO - Filling up the DagBag from /home/airflow/.local/lib/python3.8/site-packages/airflow/example_dags/example_sensor_decorator.py
[2026-01-09T12:11:58.282+0000] {processor.py:840} INFO - DAG(s) 'example_sensor_decorator' retrieved from /home/airflow/.local/lib/python3.8/site-packages/airflow/example_dags/example_sensor_decorator.py
[2026-01-09T12:11:58.331+0000] {logging_mixin.py:188} INFO - [2026-01-09T12:11:58.331+0000] {dag.py:3036} INFO - Sync 1 DAGs
[2026-01-09T12:11:58.360+0000] {logging_mixin.py:188} INFO - [2026-01-09T12:11:58.359+0000] {dag.py:3823} INFO - Setting next_dagrun for example_sensor_decorator to None, run_after=None
[2026-01-09T12:11:58.415+0000] {processor.py:183} INFO - Processing /home/airflow/.local/lib/python3.8/site-packages/airflow/example_dags/example_sensor_decorator.py took 0.156 seconds
[2026-01-09T12:12:28.874+0000] {processor.py:161} INFO - Started process (PID=1987) to work on /home/airflow/.local/lib/python3.8/site-packages/airflow/example_dags/example_sensor_decorator.py
[2026-01-09T12:12:28.882+0000] {processor.py:830} INFO - Processing file /home/airflow/.local/lib/python3.8/site-packages/airflow/example_dags/example_sensor_decorator.py for tasks to queue
[2026-01-09T12:12:28.884+0000] {logging_mixin.py:188} INFO - [2026-01-09T12:12:28.884+0000] {dagbag.py:538} INFO - Filling up the DagBag from /home/airflow/.local/lib/python3.8/site-packages/airflow/example_dags/example_sensor_decorator.py
[2026-01-09T12:12:28.898+0000] {processor.py:840} INFO - DAG(s) 'example_sensor_decorator' retrieved from /home/airflow/.local/lib/python3.8/site-packages/airflow/example_dags/example_sensor_decorator.py
[2026-01-09T12:12:28.938+0000] {logging_mixin.py:188} INFO - [2026-01-09T12:12:28.938+0000] {dag.py:3036} INFO - Sync 1 DAGs
[2026-01-09T12:12:28.960+0000] {logging_mixin.py:188} INFO - [2026-01-09T12:12:28.960+0000] {dag.py:3823} INFO - Setting next_dagrun for example_sensor_decorator to None, run_after=None
[2026-01-09T12:12:29.011+0000] {processor.py:183} INFO - Processing /home/airflow/.local/lib/python3.8/site-packages/airflow/example_dags/example_sensor_decorator.py took 0.144 seconds
[2026-01-09T12:12:59.491+0000] {processor.py:161} INFO - Started process (PID=2234) to work on /home/airflow/.local/lib/python3.8/site-packages/airflow/example_dags/example_sensor_decorator.py
[2026-01-09T12:12:59.493+0000] {processor.py:830} INFO - Processing file /home/airflow/.local/lib/python3.8/site-packages/airflow/example_dags/example_sensor_decorator.py for tasks to queue
[2026-01-09T12:12:59.494+0000] {logging_mixin.py:188} INFO - [2026-01-09T12:12:59.494+0000] {dagbag.py:538} INFO - Filling up the DagBag from /home/airflow/.local/lib/python3.8/site-packages/airflow/example_dags/example_sensor_decorator.py
[2026-01-09T12:12:59.505+0000] {processor.py:840} INFO - DAG(s) 'example_sensor_decorator' retrieved from /home/airflow/.local/lib/python3.8/site-packages/airflow/example_dags/example_sensor_decorator.py
[2026-01-09T12:12:59.543+0000] {logging_mixin.py:188} INFO - [2026-01-09T12:12:59.542+0000] {dag.py:3036} INFO - Sync 1 DAGs
[2026-01-09T12:12:59.560+0000] {logging_mixin.py:188} INFO - [2026-01-09T12:12:59.560+0000] {dag.py:3823} INFO - Setting next_dagrun for example_sensor_decorator to None, run_after=None
[2026-01-09T12:12:59.596+0000] {processor.py:183} INFO - Processing /home/airflow/.local/lib/python3.8/site-packages/airflow/example_dags/example_sensor_decorator.py took 0.111 seconds
[2026-01-09T12:13:29.885+0000] {processor.py:161} INFO - Started process (PID=2481) to work on /home/airflow/.local/lib/python3.8/site-packages/airflow/example_dags/example_sensor_decorator.py
[2026-01-09T12:13:29.888+0000] {processor.py:830} INFO - Processing file /home/airflow/.local/lib/python3.8/site-packages/airflow/example_dags/example_sensor_decorator.py for tasks to queue
[2026-01-09T12:13:29.890+0000] {logging_mixin.py:188} INFO - [2026-01-09T12:13:29.889+0000] {dagbag.py:538} INFO - Filling up the DagBag from /home/airflow/.local/lib/python3.8/site-packages/airflow/example_dags/example_sensor_decorator.py
[2026-01-09T12:13:29.904+0000] {processor.py:840} INFO - DAG(s) 'example_sensor_decorator' retrieved from /home/airflow/.local/lib/python3.8/site-packages/airflow/example_dags/example_sensor_decorator.py
[2026-01-09T12:13:29.944+0000] {logging_mixin.py:188} INFO - [2026-01-09T12:13:29.944+0000] {dag.py:3036} INFO - Sync 1 DAGs
[2026-01-09T12:13:29.964+0000] {logging_mixin.py:188} INFO - [2026-01-09T12:13:29.963+0000] {dag.py:3823} INFO - Setting next_dagrun for example_sensor_decorator to None, run_after=None
[2026-01-09T12:13:30.003+0000] {processor.py:183} INFO - Processing /home/airflow/.local/lib/python3.8/site-packages/airflow/example_dags/example_sensor_decorator.py took 0.128 seconds
[2026-01-09T12:14:00.079+0000] {processor.py:161} INFO - Started process (PID=2728) to work on /home/airflow/.local/lib/python3.8/site-packages/airflow/example_dags/example_sensor_decorator.py
[2026-01-09T12:14:00.081+0000] {processor.py:830} INFO - Processing file /home/airflow/.local/lib/python3.8/site-packages/airflow/example_dags/example_sensor_decorator.py for tasks to queue
[2026-01-09T12:14:00.083+0000] {logging_mixin.py:188} INFO - [2026-01-09T12:14:00.082+0000] {dagbag.py:538} INFO - Filling up the DagBag from /home/airflow/.local/lib/python3.8/site-packages/airflow/example_dags/example_sensor_decorator.py
[2026-01-09T12:14:00.094+0000] {processor.py:840} INFO - DAG(s) 'example_sensor_decorator' retrieved from /home/airflow/.local/lib/python3.8/site-packages/airflow/example_dags/example_sensor_decorator.py
[2026-01-09T12:14:00.130+0000] {logging_mixin.py:188} INFO - [2026-01-09T12:14:00.130+0000] {dag.py:3036} INFO - Sync 1 DAGs
[2026-01-09T12:14:00.152+0000] {logging_mixin.py:188} INFO - [2026-01-09T12:14:00.151+0000] {dag.py:3823} INFO - Setting next_dagrun for example_sensor_decorator to None, run_after=None
[2026-01-09T12:14:00.193+0000] {processor.py:183} INFO - Processing /home/airflow/.local/lib/python3.8/site-packages/airflow/example_dags/example_sensor_decorator.py took 0.120 seconds
[2026-01-09T12:14:30.521+0000] {processor.py:161} INFO - Started process (PID=2975) to work on /home/airflow/.local/lib/python3.8/site-packages/airflow/example_dags/example_sensor_decorator.py
[2026-01-09T12:14:30.523+0000] {processor.py:830} INFO - Processing file /home/airflow/.local/lib/python3.8/site-packages/airflow/example_dags/example_sensor_decorator.py for tasks to queue
[2026-01-09T12:14:30.526+0000] {logging_mixin.py:188} INFO - [2026-01-09T12:14:30.525+0000] {dagbag.py:538} INFO - Filling up the DagBag from /home/airflow/.local/lib/python3.8/site-packages/airflow/example_dags/example_sensor_decorator.py
[2026-01-09T12:14:30.538+0000] {processor.py:840} INFO - DAG(s) 'example_sensor_decorator' retrieved from /home/airflow/.local/lib/python3.8/site-packages/airflow/example_dags/example_sensor_decorator.py
[2026-01-09T12:14:30.578+0000] {logging_mixin.py:188} INFO - [2026-01-09T12:14:30.578+0000] {dag.py:3036} INFO - Sync 1 DAGs
[2026-01-09T12:14:30.599+0000] {logging_mixin.py:188} INFO - [2026-01-09T12:14:30.599+0000] {dag.py:3823} INFO - Setting next_dagrun for example_sensor_decorator to None, run_after=None
[2026-01-09T12:14:30.644+0000] {processor.py:183} INFO - Processing /home/airflow/.local/lib/python3.8/site-packages/airflow/example_dags/example_sensor_decorator.py took 0.130 seconds
[2026-01-09T12:15:00.892+0000] {processor.py:161} INFO - Started process (PID=3222) to work on /home/airflow/.local/lib/python3.8/site-packages/airflow/example_dags/example_sensor_decorator.py
[2026-01-09T12:15:00.894+0000] {processor.py:830} INFO - Processing file /home/airflow/.local/lib/python3.8/site-packages/airflow/example_dags/example_sensor_decorator.py for tasks to queue
[2026-01-09T12:15:00.896+0000] {logging_mixin.py:188} INFO - [2026-01-09T12:15:00.895+0000] {dagbag.py:538} INFO - Filling up the DagBag from /home/airflow/.local/lib/python3.8/site-packages/airflow/example_dags/example_sensor_decorator.py
[2026-01-09T12:15:00.908+0000] {processor.py:840} INFO - DAG(s) 'example_sensor_decorator' retrieved from /home/airflow/.local/lib/python3.8/site-packages/airflow/example_dags/example_sensor_decorator.py
[2026-01-09T12:15:00.946+0000] {logging_mixin.py:188} INFO - [2026-01-09T12:15:00.946+0000] {dag.py:3036} INFO - Sync 1 DAGs
[2026-01-09T12:15:00.967+0000] {logging_mixin.py:188} INFO - [2026-01-09T12:15:00.967+0000] {dag.py:3823} INFO - Setting next_dagrun for example_sensor_decorator to None, run_after=None
[2026-01-09T12:15:01.004+0000] {processor.py:183} INFO - Processing /home/airflow/.local/lib/python3.8/site-packages/airflow/example_dags/example_sensor_decorator.py took 0.118 seconds
[2026-01-09T12:15:31.149+0000] {processor.py:161} INFO - Started process (PID=3469) to work on /home/airflow/.local/lib/python3.8/site-packages/airflow/example_dags/example_sensor_decorator.py
[2026-01-09T12:15:31.151+0000] {processor.py:830} INFO - Processing file /home/airflow/.local/lib/python3.8/site-packages/airflow/example_dags/example_sensor_decorator.py for tasks to queue
[2026-01-09T12:15:31.152+0000] {logging_mixin.py:188} INFO - [2026-01-09T12:15:31.152+0000] {dagbag.py:538} INFO - Filling up the DagBag from /home/airflow/.local/lib/python3.8/site-packages/airflow/example_dags/example_sensor_decorator.py
[2026-01-09T12:15:31.164+0000] {processor.py:840} INFO - DAG(s) 'example_sensor_decorator' retrieved from /home/airflow/.local/lib/python3.8/site-packages/airflow/example_dags/example_sensor_decorator.py
[2026-01-09T12:15:31.200+0000] {logging_mixin.py:188} INFO - [2026-01-09T12:15:31.200+0000] {dag.py:3036} INFO - Sync 1 DAGs
[2026-01-09T12:15:31.219+0000] {logging_mixin.py:188} INFO - [2026-01-09T12:15:31.218+0000] {dag.py:3823} INFO - Setting next_dagrun for example_sensor_decorator to None, run_after=None
[2026-01-09T12:15:31.255+0000] {processor.py:183} INFO - Processing /home/airflow/.local/lib/python3.8/site-packages/airflow/example_dags/example_sensor_decorator.py took 0.113 seconds
[2026-01-09T12:16:01.566+0000] {processor.py:161} INFO - Started process (PID=3715) to work on /home/airflow/.local/lib/python3.8/site-packages/airflow/example_dags/example_sensor_decorator.py
[2026-01-09T12:16:01.568+0000] {processor.py:830} INFO - Processing file /home/airflow/.local/lib/python3.8/site-packages/airflow/example_dags/example_sensor_decorator.py for tasks to queue
[2026-01-09T12:16:01.569+0000] {logging_mixin.py:188} INFO - [2026-01-09T12:16:01.568+0000] {dagbag.py:538} INFO - Filling up the DagBag from /home/airflow/.local/lib/python3.8/site-packages/airflow/example_dags/example_sensor_decorator.py
[2026-01-09T12:16:01.582+0000] {processor.py:840} INFO - DAG(s) 'example_sensor_decorator' retrieved from /home/airflow/.local/lib/python3.8/site-packages/airflow/example_dags/example_sensor_decorator.py
[2026-01-09T12:16:01.619+0000] {logging_mixin.py:188} INFO - [2026-01-09T12:16:01.618+0000] {dag.py:3036} INFO - Sync 1 DAGs
[2026-01-09T12:16:01.637+0000] {logging_mixin.py:188} INFO - [2026-01-09T12:16:01.636+0000] {dag.py:3823} INFO - Setting next_dagrun for example_sensor_decorator to None, run_after=None
[2026-01-09T12:16:01.674+0000] {processor.py:183} INFO - Processing /home/airflow/.local/lib/python3.8/site-packages/airflow/example_dags/example_sensor_decorator.py took 0.114 seconds
[2026-01-09T12:16:32.394+0000] {processor.py:161} INFO - Started process (PID=3962) to work on /home/airflow/.local/lib/python3.8/site-packages/airflow/example_dags/example_sensor_decorator.py
[2026-01-09T12:16:32.396+0000] {processor.py:830} INFO - Processing file /home/airflow/.local/lib/python3.8/site-packages/airflow/example_dags/example_sensor_decorator.py for tasks to queue
[2026-01-09T12:16:32.397+0000] {logging_mixin.py:188} INFO - [2026-01-09T12:16:32.397+0000] {dagbag.py:538} INFO - Filling up the DagBag from /home/airflow/.local/lib/python3.8/site-packages/airflow/example_dags/example_sensor_decorator.py
[2026-01-09T12:16:32.409+0000] {processor.py:840} INFO - DAG(s) 'example_sensor_decorator' retrieved from /home/airflow/.local/lib/python3.8/site-packages/airflow/example_dags/example_sensor_decorator.py
[2026-01-09T12:16:32.449+0000] {logging_mixin.py:188} INFO - [2026-01-09T12:16:32.448+0000] {dag.py:3036} INFO - Sync 1 DAGs
[2026-01-09T12:16:32.469+0000] {logging_mixin.py:188} INFO - [2026-01-09T12:16:32.469+0000] {dag.py:3823} INFO - Setting next_dagrun for example_sensor_decorator to None, run_after=None
[2026-01-09T12:16:32.511+0000] {processor.py:183} INFO - Processing /home/airflow/.local/lib/python3.8/site-packages/airflow/example_dags/example_sensor_decorator.py took 0.124 seconds
[2026-01-09T12:17:03.121+0000] {processor.py:161} INFO - Started process (PID=4209) to work on /home/airflow/.local/lib/python3.8/site-packages/airflow/example_dags/example_sensor_decorator.py
[2026-01-09T12:17:03.123+0000] {processor.py:830} INFO - Processing file /home/airflow/.local/lib/python3.8/site-packages/airflow/example_dags/example_sensor_decorator.py for tasks to queue
[2026-01-09T12:17:03.124+0000] {logging_mixin.py:188} INFO - [2026-01-09T12:17:03.123+0000] {dagbag.py:538} INFO - Filling up the DagBag from /home/airflow/.local/lib/python3.8/site-packages/airflow/example_dags/example_sensor_decorator.py
[2026-01-09T12:17:03.135+0000] {processor.py:840} INFO - DAG(s) 'example_sensor_decorator' retrieved from /home/airflow/.local/lib/python3.8/site-packages/airflow/example_dags/example_sensor_decorator.py
[2026-01-09T12:17:03.174+0000] {logging_mixin.py:188} INFO - [2026-01-09T12:17:03.173+0000] {dag.py:3036} INFO - Sync 1 DAGs
[2026-01-09T12:17:03.194+0000] {logging_mixin.py:188} INFO - [2026-01-09T12:17:03.193+0000] {dag.py:3823} INFO - Setting next_dagrun for example_sensor_decorator to None, run_after=None
[2026-01-09T12:17:03.232+0000] {processor.py:183} INFO - Processing /home/airflow/.local/lib/python3.8/site-packages/airflow/example_dags/example_sensor_decorator.py took 0.119 seconds
[2026-01-09T12:17:33.609+0000] {processor.py:161} INFO - Started process (PID=4456) to work on /home/airflow/.local/lib/python3.8/site-packages/airflow/example_dags/example_sensor_decorator.py
[2026-01-09T12:17:33.611+0000] {processor.py:830} INFO - Processing file /home/airflow/.local/lib/python3.8/site-packages/airflow/example_dags/example_sensor_decorator.py for tasks to queue
[2026-01-09T12:17:33.613+0000] {logging_mixin.py:188} INFO - [2026-01-09T12:17:33.612+0000] {dagbag.py:538} INFO - Filling up the DagBag from /home/airflow/.local/lib/python3.8/site-packages/airflow/example_dags/example_sensor_decorator.py
[2026-01-09T12:17:33.623+0000] {processor.py:840} INFO - DAG(s) 'example_sensor_decorator' retrieved from /home/airflow/.local/lib/python3.8/site-packages/airflow/example_dags/example_sensor_decorator.py
[2026-01-09T12:17:33.658+0000] {logging_mixin.py:188} INFO - [2026-01-09T12:17:33.657+0000] {dag.py:3036} INFO - Sync 1 DAGs
[2026-01-09T12:17:33.676+0000] {logging_mixin.py:188} INFO - [2026-01-09T12:17:33.676+0000] {dag.py:3823} INFO - Setting next_dagrun for example_sensor_decorator to None, run_after=None
[2026-01-09T12:17:33.712+0000] {processor.py:183} INFO - Processing /home/airflow/.local/lib/python3.8/site-packages/airflow/example_dags/example_sensor_decorator.py took 0.109 seconds
[2026-01-09T12:18:04.582+0000] {processor.py:161} INFO - Started process (PID=4703) to work on /home/airflow/.local/lib/python3.8/site-packages/airflow/example_dags/example_sensor_decorator.py
[2026-01-09T12:18:04.584+0000] {processor.py:830} INFO - Processing file /home/airflow/.local/lib/python3.8/site-packages/airflow/example_dags/example_sensor_decorator.py for tasks to queue
[2026-01-09T12:18:04.585+0000] {logging_mixin.py:188} INFO - [2026-01-09T12:18:04.585+0000] {dagbag.py:538} INFO - Filling up the DagBag from /home/airflow/.local/lib/python3.8/site-packages/airflow/example_dags/example_sensor_decorator.py
[2026-01-09T12:18:04.599+0000] {processor.py:840} INFO - DAG(s) 'example_sensor_decorator' retrieved from /home/airflow/.local/lib/python3.8/site-packages/airflow/example_dags/example_sensor_decorator.py
[2026-01-09T12:18:04.646+0000] {logging_mixin.py:188} INFO - [2026-01-09T12:18:04.645+0000] {dag.py:3036} INFO - Sync 1 DAGs
[2026-01-09T12:18:04.668+0000] {logging_mixin.py:188} INFO - [2026-01-09T12:18:04.667+0000] {dag.py:3823} INFO - Setting next_dagrun for example_sensor_decorator to None, run_after=None
[2026-01-09T12:18:04.717+0000] {processor.py:183} INFO - Processing /home/airflow/.local/lib/python3.8/site-packages/airflow/example_dags/example_sensor_decorator.py took 0.142 seconds
[2026-01-09T12:18:34.846+0000] {processor.py:161} INFO - Started process (PID=4950) to work on /home/airflow/.local/lib/python3.8/site-packages/airflow/example_dags/example_sensor_decorator.py
[2026-01-09T12:18:34.849+0000] {processor.py:830} INFO - Processing file /home/airflow/.local/lib/python3.8/site-packages/airflow/example_dags/example_sensor_decorator.py for tasks to queue
[2026-01-09T12:18:34.851+0000] {logging_mixin.py:188} INFO - [2026-01-09T12:18:34.850+0000] {dagbag.py:538} INFO - Filling up the DagBag from /home/airflow/.local/lib/python3.8/site-packages/airflow/example_dags/example_sensor_decorator.py
[2026-01-09T12:18:34.862+0000] {processor.py:840} INFO - DAG(s) 'example_sensor_decorator' retrieved from /home/airflow/.local/lib/python3.8/site-packages/airflow/example_dags/example_sensor_decorator.py
[2026-01-09T12:18:34.919+0000] {logging_mixin.py:188} INFO - [2026-01-09T12:18:34.919+0000] {dag.py:3036} INFO - Sync 1 DAGs
[2026-01-09T12:18:34.945+0000] {logging_mixin.py:188} INFO - [2026-01-09T12:18:34.944+0000] {dag.py:3823} INFO - Setting next_dagrun for example_sensor_decorator to None, run_after=None
[2026-01-09T12:18:35.000+0000] {processor.py:183} INFO - Processing /home/airflow/.local/lib/python3.8/site-packages/airflow/example_dags/example_sensor_decorator.py took 0.159 seconds
[2026-01-09T12:19:05.598+0000] {processor.py:161} INFO - Started process (PID=5197) to work on /home/airflow/.local/lib/python3.8/site-packages/airflow/example_dags/example_sensor_decorator.py
[2026-01-09T12:19:05.600+0000] {processor.py:830} INFO - Processing file /home/airflow/.local/lib/python3.8/site-packages/airflow/example_dags/example_sensor_decorator.py for tasks to queue
[2026-01-09T12:19:05.601+0000] {logging_mixin.py:188} INFO - [2026-01-09T12:19:05.601+0000] {dagbag.py:538} INFO - Filling up the DagBag from /home/airflow/.local/lib/python3.8/site-packages/airflow/example_dags/example_sensor_decorator.py
[2026-01-09T12:19:05.616+0000] {processor.py:840} INFO - DAG(s) 'example_sensor_decorator' retrieved from /home/airflow/.local/lib/python3.8/site-packages/airflow/example_dags/example_sensor_decorator.py
[2026-01-09T12:19:05.660+0000] {logging_mixin.py:188} INFO - [2026-01-09T12:19:05.660+0000] {dag.py:3036} INFO - Sync 1 DAGs
[2026-01-09T12:19:05.683+0000] {logging_mixin.py:188} INFO - [2026-01-09T12:19:05.682+0000] {dag.py:3823} INFO - Setting next_dagrun for example_sensor_decorator to None, run_after=None
[2026-01-09T12:19:05.725+0000] {processor.py:183} INFO - Processing /home/airflow/.local/lib/python3.8/site-packages/airflow/example_dags/example_sensor_decorator.py took 0.134 seconds
[2026-01-09T12:19:36.289+0000] {processor.py:161} INFO - Started process (PID=5444) to work on /home/airflow/.local/lib/python3.8/site-packages/airflow/example_dags/example_sensor_decorator.py
[2026-01-09T12:19:36.307+0000] {processor.py:830} INFO - Processing file /home/airflow/.local/lib/python3.8/site-packages/airflow/example_dags/example_sensor_decorator.py for tasks to queue
[2026-01-09T12:19:36.309+0000] {logging_mixin.py:188} INFO - [2026-01-09T12:19:36.309+0000] {dagbag.py:538} INFO - Filling up the DagBag from /home/airflow/.local/lib/python3.8/site-packages/airflow/example_dags/example_sensor_decorator.py
[2026-01-09T12:19:36.327+0000] {processor.py:840} INFO - DAG(s) 'example_sensor_decorator' retrieved from /home/airflow/.local/lib/python3.8/site-packages/airflow/example_dags/example_sensor_decorator.py
[2026-01-09T12:19:36.367+0000] {logging_mixin.py:188} INFO - [2026-01-09T12:19:36.367+0000] {dag.py:3036} INFO - Sync 1 DAGs
[2026-01-09T12:19:36.399+0000] {logging_mixin.py:188} INFO - [2026-01-09T12:19:36.398+0000] {dag.py:3823} INFO - Setting next_dagrun for example_sensor_decorator to None, run_after=None
[2026-01-09T12:19:36.442+0000] {processor.py:183} INFO - Processing /home/airflow/.local/lib/python3.8/site-packages/airflow/example_dags/example_sensor_decorator.py took 0.161 seconds
[2026-01-09T12:20:07.221+0000] {processor.py:161} INFO - Started process (PID=5691) to work on /home/airflow/.local/lib/python3.8/site-packages/airflow/example_dags/example_sensor_decorator.py
[2026-01-09T12:20:07.224+0000] {processor.py:830} INFO - Processing file /home/airflow/.local/lib/python3.8/site-packages/airflow/example_dags/example_sensor_decorator.py for tasks to queue
[2026-01-09T12:20:07.227+0000] {logging_mixin.py:188} INFO - [2026-01-09T12:20:07.226+0000] {dagbag.py:538} INFO - Filling up the DagBag from /home/airflow/.local/lib/python3.8/site-packages/airflow/example_dags/example_sensor_decorator.py
[2026-01-09T12:20:07.238+0000] {processor.py:840} INFO - DAG(s) 'example_sensor_decorator' retrieved from /home/airflow/.local/lib/python3.8/site-packages/airflow/example_dags/example_sensor_decorator.py
[2026-01-09T12:20:07.280+0000] {logging_mixin.py:188} INFO - [2026-01-09T12:20:07.279+0000] {dag.py:3036} INFO - Sync 1 DAGs
[2026-01-09T12:20:07.304+0000] {logging_mixin.py:188} INFO - [2026-01-09T12:20:07.303+0000] {dag.py:3823} INFO - Setting next_dagrun for example_sensor_decorator to None, run_after=None
[2026-01-09T12:20:07.343+0000] {processor.py:183} INFO - Processing /home/airflow/.local/lib/python3.8/site-packages/airflow/example_dags/example_sensor_decorator.py took 0.129 seconds
[2026-01-09T12:20:37.739+0000] {processor.py:161} INFO - Started process (PID=5940) to work on /home/airflow/.local/lib/python3.8/site-packages/airflow/example_dags/example_sensor_decorator.py
[2026-01-09T12:20:37.742+0000] {processor.py:830} INFO - Processing file /home/airflow/.local/lib/python3.8/site-packages/airflow/example_dags/example_sensor_decorator.py for tasks to queue
[2026-01-09T12:20:37.744+0000] {logging_mixin.py:188} INFO - [2026-01-09T12:20:37.743+0000] {dagbag.py:538} INFO - Filling up the DagBag from /home/airflow/.local/lib/python3.8/site-packages/airflow/example_dags/example_sensor_decorator.py
[2026-01-09T12:20:37.756+0000] {processor.py:840} INFO - DAG(s) 'example_sensor_decorator' retrieved from /home/airflow/.local/lib/python3.8/site-packages/airflow/example_dags/example_sensor_decorator.py
[2026-01-09T12:20:37.800+0000] {logging_mixin.py:188} INFO - [2026-01-09T12:20:37.800+0000] {dag.py:3036} INFO - Sync 1 DAGs
[2026-01-09T12:20:37.822+0000] {logging_mixin.py:188} INFO - [2026-01-09T12:20:37.822+0000] {dag.py:3823} INFO - Setting next_dagrun for example_sensor_decorator to None, run_after=None
[2026-01-09T12:20:37.859+0000] {processor.py:183} INFO - Processing /home/airflow/.local/lib/python3.8/site-packages/airflow/example_dags/example_sensor_decorator.py took 0.128 seconds
[2026-01-09T12:21:08.446+0000] {processor.py:161} INFO - Started process (PID=6187) to work on /home/airflow/.local/lib/python3.8/site-packages/airflow/example_dags/example_sensor_decorator.py
[2026-01-09T12:21:08.448+0000] {processor.py:830} INFO - Processing file /home/airflow/.local/lib/python3.8/site-packages/airflow/example_dags/example_sensor_decorator.py for tasks to queue
[2026-01-09T12:21:08.450+0000] {logging_mixin.py:188} INFO - [2026-01-09T12:21:08.449+0000] {dagbag.py:538} INFO - Filling up the DagBag from /home/airflow/.local/lib/python3.8/site-packages/airflow/example_dags/example_sensor_decorator.py
[2026-01-09T12:21:08.462+0000] {processor.py:840} INFO - DAG(s) 'example_sensor_decorator' retrieved from /home/airflow/.local/lib/python3.8/site-packages/airflow/example_dags/example_sensor_decorator.py
[2026-01-09T12:21:08.505+0000] {logging_mixin.py:188} INFO - [2026-01-09T12:21:08.504+0000] {dag.py:3036} INFO - Sync 1 DAGs
[2026-01-09T12:21:08.527+0000] {logging_mixin.py:188} INFO - [2026-01-09T12:21:08.526+0000] {dag.py:3823} INFO - Setting next_dagrun for example_sensor_decorator to None, run_after=None
[2026-01-09T12:21:08.567+0000] {processor.py:183} INFO - Processing /home/airflow/.local/lib/python3.8/site-packages/airflow/example_dags/example_sensor_decorator.py took 0.127 seconds
[2026-01-09T12:21:39.076+0000] {processor.py:161} INFO - Started process (PID=6434) to work on /home/airflow/.local/lib/python3.8/site-packages/airflow/example_dags/example_sensor_decorator.py
[2026-01-09T12:21:39.079+0000] {processor.py:830} INFO - Processing file /home/airflow/.local/lib/python3.8/site-packages/airflow/example_dags/example_sensor_decorator.py for tasks to queue
[2026-01-09T12:21:39.081+0000] {logging_mixin.py:188} INFO - [2026-01-09T12:21:39.080+0000] {dagbag.py:538} INFO - Filling up the DagBag from /home/airflow/.local/lib/python3.8/site-packages/airflow/example_dags/example_sensor_decorator.py
[2026-01-09T12:21:39.094+0000] {processor.py:840} INFO - DAG(s) 'example_sensor_decorator' retrieved from /home/airflow/.local/lib/python3.8/site-packages/airflow/example_dags/example_sensor_decorator.py
[2026-01-09T12:21:39.140+0000] {logging_mixin.py:188} INFO - [2026-01-09T12:21:39.139+0000] {dag.py:3036} INFO - Sync 1 DAGs
[2026-01-09T12:21:39.162+0000] {logging_mixin.py:188} INFO - [2026-01-09T12:21:39.162+0000] {dag.py:3823} INFO - Setting next_dagrun for example_sensor_decorator to None, run_after=None
[2026-01-09T12:21:39.208+0000] {processor.py:183} INFO - Processing /home/airflow/.local/lib/python3.8/site-packages/airflow/example_dags/example_sensor_decorator.py took 0.138 seconds
[2026-01-09T12:22:09.309+0000] {processor.py:161} INFO - Started process (PID=6682) to work on /home/airflow/.local/lib/python3.8/site-packages/airflow/example_dags/example_sensor_decorator.py
[2026-01-09T12:22:09.312+0000] {processor.py:830} INFO - Processing file /home/airflow/.local/lib/python3.8/site-packages/airflow/example_dags/example_sensor_decorator.py for tasks to queue
[2026-01-09T12:22:09.314+0000] {logging_mixin.py:188} INFO - [2026-01-09T12:22:09.313+0000] {dagbag.py:538} INFO - Filling up the DagBag from /home/airflow/.local/lib/python3.8/site-packages/airflow/example_dags/example_sensor_decorator.py
[2026-01-09T12:22:09.327+0000] {processor.py:840} INFO - DAG(s) 'example_sensor_decorator' retrieved from /home/airflow/.local/lib/python3.8/site-packages/airflow/example_dags/example_sensor_decorator.py
[2026-01-09T12:22:09.366+0000] {logging_mixin.py:188} INFO - [2026-01-09T12:22:09.366+0000] {dag.py:3036} INFO - Sync 1 DAGs
[2026-01-09T12:22:09.397+0000] {logging_mixin.py:188} INFO - [2026-01-09T12:22:09.397+0000] {dag.py:3823} INFO - Setting next_dagrun for example_sensor_decorator to None, run_after=None
[2026-01-09T12:22:09.444+0000] {processor.py:183} INFO - Processing /home/airflow/.local/lib/python3.8/site-packages/airflow/example_dags/example_sensor_decorator.py took 0.144 seconds
[2026-01-09T12:22:39.892+0000] {processor.py:161} INFO - Started process (PID=6927) to work on /home/airflow/.local/lib/python3.8/site-packages/airflow/example_dags/example_sensor_decorator.py
[2026-01-09T12:22:39.895+0000] {processor.py:830} INFO - Processing file /home/airflow/.local/lib/python3.8/site-packages/airflow/example_dags/example_sensor_decorator.py for tasks to queue
[2026-01-09T12:22:39.897+0000] {logging_mixin.py:188} INFO - [2026-01-09T12:22:39.896+0000] {dagbag.py:538} INFO - Filling up the DagBag from /home/airflow/.local/lib/python3.8/site-packages/airflow/example_dags/example_sensor_decorator.py
[2026-01-09T12:22:39.915+0000] {processor.py:840} INFO - DAG(s) 'example_sensor_decorator' retrieved from /home/airflow/.local/lib/python3.8/site-packages/airflow/example_dags/example_sensor_decorator.py
[2026-01-09T12:22:39.967+0000] {logging_mixin.py:188} INFO - [2026-01-09T12:22:39.966+0000] {dag.py:3036} INFO - Sync 1 DAGs
[2026-01-09T12:22:40.001+0000] {logging_mixin.py:188} INFO - [2026-01-09T12:22:40.001+0000] {dag.py:3823} INFO - Setting next_dagrun for example_sensor_decorator to None, run_after=None
[2026-01-09T12:22:40.056+0000] {processor.py:183} INFO - Processing /home/airflow/.local/lib/python3.8/site-packages/airflow/example_dags/example_sensor_decorator.py took 0.174 seconds
[2026-01-09T12:23:10.185+0000] {processor.py:161} INFO - Started process (PID=7174) to work on /home/airflow/.local/lib/python3.8/site-packages/airflow/example_dags/example_sensor_decorator.py
[2026-01-09T12:23:10.188+0000] {processor.py:830} INFO - Processing file /home/airflow/.local/lib/python3.8/site-packages/airflow/example_dags/example_sensor_decorator.py for tasks to queue
[2026-01-09T12:23:10.190+0000] {logging_mixin.py:188} INFO - [2026-01-09T12:23:10.189+0000] {dagbag.py:538} INFO - Filling up the DagBag from /home/airflow/.local/lib/python3.8/site-packages/airflow/example_dags/example_sensor_decorator.py
[2026-01-09T12:23:10.204+0000] {processor.py:840} INFO - DAG(s) 'example_sensor_decorator' retrieved from /home/airflow/.local/lib/python3.8/site-packages/airflow/example_dags/example_sensor_decorator.py
[2026-01-09T12:23:10.251+0000] {logging_mixin.py:188} INFO - [2026-01-09T12:23:10.251+0000] {dag.py:3036} INFO - Sync 1 DAGs
[2026-01-09T12:23:10.274+0000] {logging_mixin.py:188} INFO - [2026-01-09T12:23:10.274+0000] {dag.py:3823} INFO - Setting next_dagrun for example_sensor_decorator to None, run_after=None
[2026-01-09T12:23:10.326+0000] {processor.py:183} INFO - Processing /home/airflow/.local/lib/python3.8/site-packages/airflow/example_dags/example_sensor_decorator.py took 0.149 seconds
[2026-01-09T12:23:41.426+0000] {processor.py:161} INFO - Started process (PID=7421) to work on /home/airflow/.local/lib/python3.8/site-packages/airflow/example_dags/example_sensor_decorator.py
[2026-01-09T12:23:41.429+0000] {processor.py:830} INFO - Processing file /home/airflow/.local/lib/python3.8/site-packages/airflow/example_dags/example_sensor_decorator.py for tasks to queue
[2026-01-09T12:23:41.430+0000] {logging_mixin.py:188} INFO - [2026-01-09T12:23:41.430+0000] {dagbag.py:538} INFO - Filling up the DagBag from /home/airflow/.local/lib/python3.8/site-packages/airflow/example_dags/example_sensor_decorator.py
[2026-01-09T12:23:41.449+0000] {processor.py:840} INFO - DAG(s) 'example_sensor_decorator' retrieved from /home/airflow/.local/lib/python3.8/site-packages/airflow/example_dags/example_sensor_decorator.py
[2026-01-09T12:23:41.502+0000] {logging_mixin.py:188} INFO - [2026-01-09T12:23:41.501+0000] {dag.py:3036} INFO - Sync 1 DAGs
[2026-01-09T12:23:41.525+0000] {logging_mixin.py:188} INFO - [2026-01-09T12:23:41.525+0000] {dag.py:3823} INFO - Setting next_dagrun for example_sensor_decorator to None, run_after=None
[2026-01-09T12:23:41.574+0000] {processor.py:183} INFO - Processing /home/airflow/.local/lib/python3.8/site-packages/airflow/example_dags/example_sensor_decorator.py took 0.154 seconds
[2026-01-09T12:24:12.134+0000] {processor.py:161} INFO - Started process (PID=7669) to work on /home/airflow/.local/lib/python3.8/site-packages/airflow/example_dags/example_sensor_decorator.py
[2026-01-09T12:24:12.137+0000] {processor.py:830} INFO - Processing file /home/airflow/.local/lib/python3.8/site-packages/airflow/example_dags/example_sensor_decorator.py for tasks to queue
[2026-01-09T12:24:12.138+0000] {logging_mixin.py:188} INFO - [2026-01-09T12:24:12.138+0000] {dagbag.py:538} INFO - Filling up the DagBag from /home/airflow/.local/lib/python3.8/site-packages/airflow/example_dags/example_sensor_decorator.py
[2026-01-09T12:24:12.152+0000] {processor.py:840} INFO - DAG(s) 'example_sensor_decorator' retrieved from /home/airflow/.local/lib/python3.8/site-packages/airflow/example_dags/example_sensor_decorator.py
[2026-01-09T12:24:12.199+0000] {logging_mixin.py:188} INFO - [2026-01-09T12:24:12.199+0000] {dag.py:3036} INFO - Sync 1 DAGs
[2026-01-09T12:24:12.224+0000] {logging_mixin.py:188} INFO - [2026-01-09T12:24:12.223+0000] {dag.py:3823} INFO - Setting next_dagrun for example_sensor_decorator to None, run_after=None
[2026-01-09T12:24:12.276+0000] {processor.py:183} INFO - Processing /home/airflow/.local/lib/python3.8/site-packages/airflow/example_dags/example_sensor_decorator.py took 0.149 seconds
[2026-01-09T12:24:42.749+0000] {processor.py:161} INFO - Started process (PID=7916) to work on /home/airflow/.local/lib/python3.8/site-packages/airflow/example_dags/example_sensor_decorator.py
[2026-01-09T12:24:42.751+0000] {processor.py:830} INFO - Processing file /home/airflow/.local/lib/python3.8/site-packages/airflow/example_dags/example_sensor_decorator.py for tasks to queue
[2026-01-09T12:24:42.753+0000] {logging_mixin.py:188} INFO - [2026-01-09T12:24:42.752+0000] {dagbag.py:538} INFO - Filling up the DagBag from /home/airflow/.local/lib/python3.8/site-packages/airflow/example_dags/example_sensor_decorator.py
[2026-01-09T12:24:42.766+0000] {processor.py:840} INFO - DAG(s) 'example_sensor_decorator' retrieved from /home/airflow/.local/lib/python3.8/site-packages/airflow/example_dags/example_sensor_decorator.py
[2026-01-09T12:24:42.812+0000] {logging_mixin.py:188} INFO - [2026-01-09T12:24:42.811+0000] {dag.py:3036} INFO - Sync 1 DAGs
[2026-01-09T12:24:42.838+0000] {logging_mixin.py:188} INFO - [2026-01-09T12:24:42.838+0000] {dag.py:3823} INFO - Setting next_dagrun for example_sensor_decorator to None, run_after=None
[2026-01-09T12:24:42.883+0000] {processor.py:183} INFO - Processing /home/airflow/.local/lib/python3.8/site-packages/airflow/example_dags/example_sensor_decorator.py took 0.141 seconds
[2026-01-09T12:25:13.762+0000] {processor.py:161} INFO - Started process (PID=8165) to work on /home/airflow/.local/lib/python3.8/site-packages/airflow/example_dags/example_sensor_decorator.py
[2026-01-09T12:25:13.764+0000] {processor.py:830} INFO - Processing file /home/airflow/.local/lib/python3.8/site-packages/airflow/example_dags/example_sensor_decorator.py for tasks to queue
[2026-01-09T12:25:13.766+0000] {logging_mixin.py:188} INFO - [2026-01-09T12:25:13.765+0000] {dagbag.py:538} INFO - Filling up the DagBag from /home/airflow/.local/lib/python3.8/site-packages/airflow/example_dags/example_sensor_decorator.py
[2026-01-09T12:25:13.780+0000] {processor.py:840} INFO - DAG(s) 'example_sensor_decorator' retrieved from /home/airflow/.local/lib/python3.8/site-packages/airflow/example_dags/example_sensor_decorator.py
[2026-01-09T12:25:13.830+0000] {logging_mixin.py:188} INFO - [2026-01-09T12:25:13.830+0000] {dag.py:3036} INFO - Sync 1 DAGs
[2026-01-09T12:25:13.855+0000] {logging_mixin.py:188} INFO - [2026-01-09T12:25:13.855+0000] {dag.py:3823} INFO - Setting next_dagrun for example_sensor_decorator to None, run_after=None
[2026-01-09T12:25:13.902+0000] {processor.py:183} INFO - Processing /home/airflow/.local/lib/python3.8/site-packages/airflow/example_dags/example_sensor_decorator.py took 0.146 seconds
[2026-01-09T12:25:44.483+0000] {processor.py:161} INFO - Started process (PID=8411) to work on /home/airflow/.local/lib/python3.8/site-packages/airflow/example_dags/example_sensor_decorator.py
[2026-01-09T12:25:44.485+0000] {processor.py:830} INFO - Processing file /home/airflow/.local/lib/python3.8/site-packages/airflow/example_dags/example_sensor_decorator.py for tasks to queue
[2026-01-09T12:25:44.487+0000] {logging_mixin.py:188} INFO - [2026-01-09T12:25:44.486+0000] {dagbag.py:538} INFO - Filling up the DagBag from /home/airflow/.local/lib/python3.8/site-packages/airflow/example_dags/example_sensor_decorator.py
[2026-01-09T12:25:44.498+0000] {processor.py:840} INFO - DAG(s) 'example_sensor_decorator' retrieved from /home/airflow/.local/lib/python3.8/site-packages/airflow/example_dags/example_sensor_decorator.py
[2026-01-09T12:25:44.534+0000] {logging_mixin.py:188} INFO - [2026-01-09T12:25:44.534+0000] {dag.py:3036} INFO - Sync 1 DAGs
[2026-01-09T12:25:44.553+0000] {logging_mixin.py:188} INFO - [2026-01-09T12:25:44.553+0000] {dag.py:3823} INFO - Setting next_dagrun for example_sensor_decorator to None, run_after=None
[2026-01-09T12:25:44.595+0000] {processor.py:183} INFO - Processing /home/airflow/.local/lib/python3.8/site-packages/airflow/example_dags/example_sensor_decorator.py took 0.119 seconds
[2026-01-09T12:26:15.107+0000] {processor.py:161} INFO - Started process (PID=8658) to work on /home/airflow/.local/lib/python3.8/site-packages/airflow/example_dags/example_sensor_decorator.py
[2026-01-09T12:26:15.109+0000] {processor.py:830} INFO - Processing file /home/airflow/.local/lib/python3.8/site-packages/airflow/example_dags/example_sensor_decorator.py for tasks to queue
[2026-01-09T12:26:15.110+0000] {logging_mixin.py:188} INFO - [2026-01-09T12:26:15.110+0000] {dagbag.py:538} INFO - Filling up the DagBag from /home/airflow/.local/lib/python3.8/site-packages/airflow/example_dags/example_sensor_decorator.py
[2026-01-09T12:26:15.121+0000] {processor.py:840} INFO - DAG(s) 'example_sensor_decorator' retrieved from /home/airflow/.local/lib/python3.8/site-packages/airflow/example_dags/example_sensor_decorator.py
[2026-01-09T12:26:15.169+0000] {logging_mixin.py:188} INFO - [2026-01-09T12:26:15.169+0000] {dag.py:3036} INFO - Sync 1 DAGs
[2026-01-09T12:26:15.194+0000] {logging_mixin.py:188} INFO - [2026-01-09T12:26:15.193+0000] {dag.py:3823} INFO - Setting next_dagrun for example_sensor_decorator to None, run_after=None
[2026-01-09T12:26:15.269+0000] {processor.py:183} INFO - Processing /home/airflow/.local/lib/python3.8/site-packages/airflow/example_dags/example_sensor_decorator.py took 0.169 seconds
[2026-01-09T12:26:45.657+0000] {processor.py:161} INFO - Started process (PID=8901) to work on /home/airflow/.local/lib/python3.8/site-packages/airflow/example_dags/example_sensor_decorator.py
[2026-01-09T12:26:45.662+0000] {processor.py:830} INFO - Processing file /home/airflow/.local/lib/python3.8/site-packages/airflow/example_dags/example_sensor_decorator.py for tasks to queue
[2026-01-09T12:26:45.664+0000] {logging_mixin.py:188} INFO - [2026-01-09T12:26:45.663+0000] {dagbag.py:538} INFO - Filling up the DagBag from /home/airflow/.local/lib/python3.8/site-packages/airflow/example_dags/example_sensor_decorator.py
[2026-01-09T12:26:45.678+0000] {processor.py:840} INFO - DAG(s) 'example_sensor_decorator' retrieved from /home/airflow/.local/lib/python3.8/site-packages/airflow/example_dags/example_sensor_decorator.py
[2026-01-09T12:26:45.726+0000] {logging_mixin.py:188} INFO - [2026-01-09T12:26:45.725+0000] {dag.py:3036} INFO - Sync 1 DAGs
[2026-01-09T12:26:45.749+0000] {logging_mixin.py:188} INFO - [2026-01-09T12:26:45.748+0000] {dag.py:3823} INFO - Setting next_dagrun for example_sensor_decorator to None, run_after=None
[2026-01-09T12:26:45.805+0000] {processor.py:183} INFO - Processing /home/airflow/.local/lib/python3.8/site-packages/airflow/example_dags/example_sensor_decorator.py took 0.161 seconds
[2026-01-09T12:27:16.464+0000] {processor.py:161} INFO - Started process (PID=9148) to work on /home/airflow/.local/lib/python3.8/site-packages/airflow/example_dags/example_sensor_decorator.py
[2026-01-09T12:27:16.469+0000] {processor.py:830} INFO - Processing file /home/airflow/.local/lib/python3.8/site-packages/airflow/example_dags/example_sensor_decorator.py for tasks to queue
[2026-01-09T12:27:16.471+0000] {logging_mixin.py:188} INFO - [2026-01-09T12:27:16.470+0000] {dagbag.py:538} INFO - Filling up the DagBag from /home/airflow/.local/lib/python3.8/site-packages/airflow/example_dags/example_sensor_decorator.py
[2026-01-09T12:27:16.481+0000] {processor.py:840} INFO - DAG(s) 'example_sensor_decorator' retrieved from /home/airflow/.local/lib/python3.8/site-packages/airflow/example_dags/example_sensor_decorator.py
[2026-01-09T12:27:16.519+0000] {logging_mixin.py:188} INFO - [2026-01-09T12:27:16.518+0000] {dag.py:3036} INFO - Sync 1 DAGs
[2026-01-09T12:27:16.540+0000] {logging_mixin.py:188} INFO - [2026-01-09T12:27:16.540+0000] {dag.py:3823} INFO - Setting next_dagrun for example_sensor_decorator to None, run_after=None
[2026-01-09T12:27:16.579+0000] {processor.py:183} INFO - Processing /home/airflow/.local/lib/python3.8/site-packages/airflow/example_dags/example_sensor_decorator.py took 0.121 seconds
[2026-01-09T12:27:47.197+0000] {processor.py:161} INFO - Started process (PID=9395) to work on /home/airflow/.local/lib/python3.8/site-packages/airflow/example_dags/example_sensor_decorator.py
[2026-01-09T12:27:47.200+0000] {processor.py:830} INFO - Processing file /home/airflow/.local/lib/python3.8/site-packages/airflow/example_dags/example_sensor_decorator.py for tasks to queue
[2026-01-09T12:27:47.202+0000] {logging_mixin.py:188} INFO - [2026-01-09T12:27:47.202+0000] {dagbag.py:538} INFO - Filling up the DagBag from /home/airflow/.local/lib/python3.8/site-packages/airflow/example_dags/example_sensor_decorator.py
[2026-01-09T12:27:47.221+0000] {processor.py:840} INFO - DAG(s) 'example_sensor_decorator' retrieved from /home/airflow/.local/lib/python3.8/site-packages/airflow/example_dags/example_sensor_decorator.py
[2026-01-09T12:27:47.265+0000] {logging_mixin.py:188} INFO - [2026-01-09T12:27:47.264+0000] {dag.py:3036} INFO - Sync 1 DAGs
[2026-01-09T12:27:47.286+0000] {logging_mixin.py:188} INFO - [2026-01-09T12:27:47.286+0000] {dag.py:3823} INFO - Setting next_dagrun for example_sensor_decorator to None, run_after=None
[2026-01-09T12:27:47.332+0000] {processor.py:183} INFO - Processing /home/airflow/.local/lib/python3.8/site-packages/airflow/example_dags/example_sensor_decorator.py took 0.153 seconds
[2026-01-09T12:28:17.868+0000] {processor.py:161} INFO - Started process (PID=9640) to work on /home/airflow/.local/lib/python3.8/site-packages/airflow/example_dags/example_sensor_decorator.py
[2026-01-09T12:28:17.871+0000] {processor.py:830} INFO - Processing file /home/airflow/.local/lib/python3.8/site-packages/airflow/example_dags/example_sensor_decorator.py for tasks to queue
[2026-01-09T12:28:17.873+0000] {logging_mixin.py:188} INFO - [2026-01-09T12:28:17.872+0000] {dagbag.py:538} INFO - Filling up the DagBag from /home/airflow/.local/lib/python3.8/site-packages/airflow/example_dags/example_sensor_decorator.py
[2026-01-09T12:28:17.884+0000] {processor.py:840} INFO - DAG(s) 'example_sensor_decorator' retrieved from /home/airflow/.local/lib/python3.8/site-packages/airflow/example_dags/example_sensor_decorator.py
[2026-01-09T12:28:17.926+0000] {logging_mixin.py:188} INFO - [2026-01-09T12:28:17.925+0000] {dag.py:3036} INFO - Sync 1 DAGs
[2026-01-09T12:28:17.947+0000] {logging_mixin.py:188} INFO - [2026-01-09T12:28:17.947+0000] {dag.py:3823} INFO - Setting next_dagrun for example_sensor_decorator to None, run_after=None
[2026-01-09T12:28:17.990+0000] {processor.py:183} INFO - Processing /home/airflow/.local/lib/python3.8/site-packages/airflow/example_dags/example_sensor_decorator.py took 0.128 seconds
[2026-01-09T12:28:49.231+0000] {processor.py:161} INFO - Started process (PID=9889) to work on /home/airflow/.local/lib/python3.8/site-packages/airflow/example_dags/example_sensor_decorator.py
[2026-01-09T12:28:49.236+0000] {processor.py:830} INFO - Processing file /home/airflow/.local/lib/python3.8/site-packages/airflow/example_dags/example_sensor_decorator.py for tasks to queue
[2026-01-09T12:28:49.238+0000] {logging_mixin.py:188} INFO - [2026-01-09T12:28:49.238+0000] {dagbag.py:538} INFO - Filling up the DagBag from /home/airflow/.local/lib/python3.8/site-packages/airflow/example_dags/example_sensor_decorator.py
[2026-01-09T12:28:49.258+0000] {processor.py:840} INFO - DAG(s) 'example_sensor_decorator' retrieved from /home/airflow/.local/lib/python3.8/site-packages/airflow/example_dags/example_sensor_decorator.py
[2026-01-09T12:28:49.307+0000] {logging_mixin.py:188} INFO - [2026-01-09T12:28:49.307+0000] {dag.py:3036} INFO - Sync 1 DAGs
[2026-01-09T12:28:49.330+0000] {logging_mixin.py:188} INFO - [2026-01-09T12:28:49.329+0000] {dag.py:3823} INFO - Setting next_dagrun for example_sensor_decorator to None, run_after=None
[2026-01-09T12:28:49.376+0000] {processor.py:183} INFO - Processing /home/airflow/.local/lib/python3.8/site-packages/airflow/example_dags/example_sensor_decorator.py took 0.155 seconds
[2026-01-09T12:29:20.046+0000] {processor.py:161} INFO - Started process (PID=10134) to work on /home/airflow/.local/lib/python3.8/site-packages/airflow/example_dags/example_sensor_decorator.py
[2026-01-09T12:29:20.049+0000] {processor.py:830} INFO - Processing file /home/airflow/.local/lib/python3.8/site-packages/airflow/example_dags/example_sensor_decorator.py for tasks to queue
[2026-01-09T12:29:20.050+0000] {logging_mixin.py:188} INFO - [2026-01-09T12:29:20.050+0000] {dagbag.py:538} INFO - Filling up the DagBag from /home/airflow/.local/lib/python3.8/site-packages/airflow/example_dags/example_sensor_decorator.py
[2026-01-09T12:29:20.065+0000] {processor.py:840} INFO - DAG(s) 'example_sensor_decorator' retrieved from /home/airflow/.local/lib/python3.8/site-packages/airflow/example_dags/example_sensor_decorator.py
[2026-01-09T12:29:20.111+0000] {logging_mixin.py:188} INFO - [2026-01-09T12:29:20.110+0000] {dag.py:3036} INFO - Sync 1 DAGs
[2026-01-09T12:29:20.133+0000] {logging_mixin.py:188} INFO - [2026-01-09T12:29:20.132+0000] {dag.py:3823} INFO - Setting next_dagrun for example_sensor_decorator to None, run_after=None
[2026-01-09T12:29:20.175+0000] {processor.py:183} INFO - Processing /home/airflow/.local/lib/python3.8/site-packages/airflow/example_dags/example_sensor_decorator.py took 0.136 seconds
[2026-01-09T12:29:50.776+0000] {processor.py:161} INFO - Started process (PID=10381) to work on /home/airflow/.local/lib/python3.8/site-packages/airflow/example_dags/example_sensor_decorator.py
[2026-01-09T12:29:50.778+0000] {processor.py:830} INFO - Processing file /home/airflow/.local/lib/python3.8/site-packages/airflow/example_dags/example_sensor_decorator.py for tasks to queue
[2026-01-09T12:29:50.780+0000] {logging_mixin.py:188} INFO - [2026-01-09T12:29:50.779+0000] {dagbag.py:538} INFO - Filling up the DagBag from /home/airflow/.local/lib/python3.8/site-packages/airflow/example_dags/example_sensor_decorator.py
[2026-01-09T12:29:50.791+0000] {processor.py:840} INFO - DAG(s) 'example_sensor_decorator' retrieved from /home/airflow/.local/lib/python3.8/site-packages/airflow/example_dags/example_sensor_decorator.py
[2026-01-09T12:29:50.830+0000] {logging_mixin.py:188} INFO - [2026-01-09T12:29:50.829+0000] {dag.py:3036} INFO - Sync 1 DAGs
[2026-01-09T12:29:50.850+0000] {logging_mixin.py:188} INFO - [2026-01-09T12:29:50.850+0000] {dag.py:3823} INFO - Setting next_dagrun for example_sensor_decorator to None, run_after=None
[2026-01-09T12:29:50.912+0000] {processor.py:183} INFO - Processing /home/airflow/.local/lib/python3.8/site-packages/airflow/example_dags/example_sensor_decorator.py took 0.142 seconds
[2026-01-09T12:30:21.718+0000] {processor.py:161} INFO - Started process (PID=10629) to work on /home/airflow/.local/lib/python3.8/site-packages/airflow/example_dags/example_sensor_decorator.py
[2026-01-09T12:30:21.720+0000] {processor.py:830} INFO - Processing file /home/airflow/.local/lib/python3.8/site-packages/airflow/example_dags/example_sensor_decorator.py for tasks to queue
[2026-01-09T12:30:21.721+0000] {logging_mixin.py:188} INFO - [2026-01-09T12:30:21.721+0000] {dagbag.py:538} INFO - Filling up the DagBag from /home/airflow/.local/lib/python3.8/site-packages/airflow/example_dags/example_sensor_decorator.py
[2026-01-09T12:30:21.733+0000] {processor.py:840} INFO - DAG(s) 'example_sensor_decorator' retrieved from /home/airflow/.local/lib/python3.8/site-packages/airflow/example_dags/example_sensor_decorator.py
[2026-01-09T12:30:21.772+0000] {logging_mixin.py:188} INFO - [2026-01-09T12:30:21.771+0000] {dag.py:3036} INFO - Sync 1 DAGs
[2026-01-09T12:30:21.793+0000] {logging_mixin.py:188} INFO - [2026-01-09T12:30:21.792+0000] {dag.py:3823} INFO - Setting next_dagrun for example_sensor_decorator to None, run_after=None
[2026-01-09T12:30:21.840+0000] {processor.py:183} INFO - Processing /home/airflow/.local/lib/python3.8/site-packages/airflow/example_dags/example_sensor_decorator.py took 0.127 seconds
[2026-01-09T12:30:52.500+0000] {processor.py:161} INFO - Started process (PID=10876) to work on /home/airflow/.local/lib/python3.8/site-packages/airflow/example_dags/example_sensor_decorator.py
[2026-01-09T12:30:52.502+0000] {processor.py:830} INFO - Processing file /home/airflow/.local/lib/python3.8/site-packages/airflow/example_dags/example_sensor_decorator.py for tasks to queue
[2026-01-09T12:30:52.503+0000] {logging_mixin.py:188} INFO - [2026-01-09T12:30:52.503+0000] {dagbag.py:538} INFO - Filling up the DagBag from /home/airflow/.local/lib/python3.8/site-packages/airflow/example_dags/example_sensor_decorator.py
[2026-01-09T12:30:52.517+0000] {processor.py:840} INFO - DAG(s) 'example_sensor_decorator' retrieved from /home/airflow/.local/lib/python3.8/site-packages/airflow/example_dags/example_sensor_decorator.py
[2026-01-09T12:30:52.568+0000] {logging_mixin.py:188} INFO - [2026-01-09T12:30:52.568+0000] {dag.py:3036} INFO - Sync 1 DAGs
[2026-01-09T12:30:52.594+0000] {logging_mixin.py:188} INFO - [2026-01-09T12:30:52.593+0000] {dag.py:3823} INFO - Setting next_dagrun for example_sensor_decorator to None, run_after=None
[2026-01-09T12:30:52.651+0000] {processor.py:183} INFO - Processing /home/airflow/.local/lib/python3.8/site-packages/airflow/example_dags/example_sensor_decorator.py took 0.156 seconds
[2026-01-09T12:31:22.803+0000] {processor.py:161} INFO - Started process (PID=11123) to work on /home/airflow/.local/lib/python3.8/site-packages/airflow/example_dags/example_sensor_decorator.py
[2026-01-09T12:31:22.805+0000] {processor.py:830} INFO - Processing file /home/airflow/.local/lib/python3.8/site-packages/airflow/example_dags/example_sensor_decorator.py for tasks to queue
[2026-01-09T12:31:22.806+0000] {logging_mixin.py:188} INFO - [2026-01-09T12:31:22.806+0000] {dagbag.py:538} INFO - Filling up the DagBag from /home/airflow/.local/lib/python3.8/site-packages/airflow/example_dags/example_sensor_decorator.py
[2026-01-09T12:31:22.818+0000] {processor.py:840} INFO - DAG(s) 'example_sensor_decorator' retrieved from /home/airflow/.local/lib/python3.8/site-packages/airflow/example_dags/example_sensor_decorator.py
[2026-01-09T12:31:22.857+0000] {logging_mixin.py:188} INFO - [2026-01-09T12:31:22.857+0000] {dag.py:3036} INFO - Sync 1 DAGs
[2026-01-09T12:31:22.881+0000] {logging_mixin.py:188} INFO - [2026-01-09T12:31:22.880+0000] {dag.py:3823} INFO - Setting next_dagrun for example_sensor_decorator to None, run_after=None
[2026-01-09T12:31:22.927+0000] {processor.py:183} INFO - Processing /home/airflow/.local/lib/python3.8/site-packages/airflow/example_dags/example_sensor_decorator.py took 0.129 seconds
[2026-01-09T12:31:53.383+0000] {processor.py:161} INFO - Started process (PID=11375) to work on /home/airflow/.local/lib/python3.8/site-packages/airflow/example_dags/example_sensor_decorator.py
[2026-01-09T12:31:53.385+0000] {processor.py:830} INFO - Processing file /home/airflow/.local/lib/python3.8/site-packages/airflow/example_dags/example_sensor_decorator.py for tasks to queue
[2026-01-09T12:31:53.386+0000] {logging_mixin.py:188} INFO - [2026-01-09T12:31:53.386+0000] {dagbag.py:538} INFO - Filling up the DagBag from /home/airflow/.local/lib/python3.8/site-packages/airflow/example_dags/example_sensor_decorator.py
[2026-01-09T12:31:53.398+0000] {processor.py:840} INFO - DAG(s) 'example_sensor_decorator' retrieved from /home/airflow/.local/lib/python3.8/site-packages/airflow/example_dags/example_sensor_decorator.py
[2026-01-09T12:31:53.438+0000] {logging_mixin.py:188} INFO - [2026-01-09T12:31:53.438+0000] {dag.py:3036} INFO - Sync 1 DAGs
[2026-01-09T12:31:53.461+0000] {logging_mixin.py:188} INFO - [2026-01-09T12:31:53.460+0000] {dag.py:3823} INFO - Setting next_dagrun for example_sensor_decorator to None, run_after=None
[2026-01-09T12:31:53.499+0000] {processor.py:183} INFO - Processing /home/airflow/.local/lib/python3.8/site-packages/airflow/example_dags/example_sensor_decorator.py took 0.121 seconds
[2026-01-09T12:32:24.243+0000] {processor.py:161} INFO - Started process (PID=11624) to work on /home/airflow/.local/lib/python3.8/site-packages/airflow/example_dags/example_sensor_decorator.py
[2026-01-09T12:32:24.246+0000] {processor.py:830} INFO - Processing file /home/airflow/.local/lib/python3.8/site-packages/airflow/example_dags/example_sensor_decorator.py for tasks to queue
[2026-01-09T12:32:24.248+0000] {logging_mixin.py:188} INFO - [2026-01-09T12:32:24.247+0000] {dagbag.py:538} INFO - Filling up the DagBag from /home/airflow/.local/lib/python3.8/site-packages/airflow/example_dags/example_sensor_decorator.py
[2026-01-09T12:32:24.265+0000] {processor.py:840} INFO - DAG(s) 'example_sensor_decorator' retrieved from /home/airflow/.local/lib/python3.8/site-packages/airflow/example_dags/example_sensor_decorator.py
[2026-01-09T12:32:24.343+0000] {logging_mixin.py:188} INFO - [2026-01-09T12:32:24.342+0000] {dag.py:3036} INFO - Sync 1 DAGs
[2026-01-09T12:32:24.403+0000] {logging_mixin.py:188} INFO - [2026-01-09T12:32:24.403+0000] {dag.py:3823} INFO - Setting next_dagrun for example_sensor_decorator to None, run_after=None
[2026-01-09T12:32:24.499+0000] {processor.py:183} INFO - Processing /home/airflow/.local/lib/python3.8/site-packages/airflow/example_dags/example_sensor_decorator.py took 0.266 seconds
[2026-01-09T12:32:54.996+0000] {processor.py:161} INFO - Started process (PID=11871) to work on /home/airflow/.local/lib/python3.8/site-packages/airflow/example_dags/example_sensor_decorator.py
[2026-01-09T12:32:54.998+0000] {processor.py:830} INFO - Processing file /home/airflow/.local/lib/python3.8/site-packages/airflow/example_dags/example_sensor_decorator.py for tasks to queue
[2026-01-09T12:32:54.999+0000] {logging_mixin.py:188} INFO - [2026-01-09T12:32:54.999+0000] {dagbag.py:538} INFO - Filling up the DagBag from /home/airflow/.local/lib/python3.8/site-packages/airflow/example_dags/example_sensor_decorator.py
[2026-01-09T12:32:55.015+0000] {processor.py:840} INFO - DAG(s) 'example_sensor_decorator' retrieved from /home/airflow/.local/lib/python3.8/site-packages/airflow/example_dags/example_sensor_decorator.py
[2026-01-09T12:32:55.064+0000] {logging_mixin.py:188} INFO - [2026-01-09T12:32:55.063+0000] {dag.py:3036} INFO - Sync 1 DAGs
[2026-01-09T12:32:55.093+0000] {logging_mixin.py:188} INFO - [2026-01-09T12:32:55.093+0000] {dag.py:3823} INFO - Setting next_dagrun for example_sensor_decorator to None, run_after=None
[2026-01-09T12:32:55.140+0000] {processor.py:183} INFO - Processing /home/airflow/.local/lib/python3.8/site-packages/airflow/example_dags/example_sensor_decorator.py took 0.152 seconds
[2026-01-09T12:33:25.550+0000] {processor.py:161} INFO - Started process (PID=12118) to work on /home/airflow/.local/lib/python3.8/site-packages/airflow/example_dags/example_sensor_decorator.py
[2026-01-09T12:33:25.552+0000] {processor.py:830} INFO - Processing file /home/airflow/.local/lib/python3.8/site-packages/airflow/example_dags/example_sensor_decorator.py for tasks to queue
[2026-01-09T12:33:25.554+0000] {logging_mixin.py:188} INFO - [2026-01-09T12:33:25.553+0000] {dagbag.py:538} INFO - Filling up the DagBag from /home/airflow/.local/lib/python3.8/site-packages/airflow/example_dags/example_sensor_decorator.py
[2026-01-09T12:33:25.565+0000] {processor.py:840} INFO - DAG(s) 'example_sensor_decorator' retrieved from /home/airflow/.local/lib/python3.8/site-packages/airflow/example_dags/example_sensor_decorator.py
[2026-01-09T12:33:25.609+0000] {logging_mixin.py:188} INFO - [2026-01-09T12:33:25.608+0000] {dag.py:3036} INFO - Sync 1 DAGs
[2026-01-09T12:33:25.634+0000] {logging_mixin.py:188} INFO - [2026-01-09T12:33:25.633+0000] {dag.py:3823} INFO - Setting next_dagrun for example_sensor_decorator to None, run_after=None
[2026-01-09T12:33:25.687+0000] {processor.py:183} INFO - Processing /home/airflow/.local/lib/python3.8/site-packages/airflow/example_dags/example_sensor_decorator.py took 0.144 seconds
[2026-01-09T12:33:56.465+0000] {processor.py:161} INFO - Started process (PID=12365) to work on /home/airflow/.local/lib/python3.8/site-packages/airflow/example_dags/example_sensor_decorator.py
[2026-01-09T12:33:56.466+0000] {processor.py:830} INFO - Processing file /home/airflow/.local/lib/python3.8/site-packages/airflow/example_dags/example_sensor_decorator.py for tasks to queue
[2026-01-09T12:33:56.468+0000] {logging_mixin.py:188} INFO - [2026-01-09T12:33:56.467+0000] {dagbag.py:538} INFO - Filling up the DagBag from /home/airflow/.local/lib/python3.8/site-packages/airflow/example_dags/example_sensor_decorator.py
[2026-01-09T12:33:56.479+0000] {processor.py:840} INFO - DAG(s) 'example_sensor_decorator' retrieved from /home/airflow/.local/lib/python3.8/site-packages/airflow/example_dags/example_sensor_decorator.py
[2026-01-09T12:33:56.522+0000] {logging_mixin.py:188} INFO - [2026-01-09T12:33:56.521+0000] {dag.py:3036} INFO - Sync 1 DAGs
[2026-01-09T12:33:56.541+0000] {logging_mixin.py:188} INFO - [2026-01-09T12:33:56.541+0000] {dag.py:3823} INFO - Setting next_dagrun for example_sensor_decorator to None, run_after=None
[2026-01-09T12:33:56.585+0000] {processor.py:183} INFO - Processing /home/airflow/.local/lib/python3.8/site-packages/airflow/example_dags/example_sensor_decorator.py took 0.126 seconds
[2026-01-09T12:34:26.962+0000] {processor.py:161} INFO - Started process (PID=12612) to work on /home/airflow/.local/lib/python3.8/site-packages/airflow/example_dags/example_sensor_decorator.py
[2026-01-09T12:34:26.964+0000] {processor.py:830} INFO - Processing file /home/airflow/.local/lib/python3.8/site-packages/airflow/example_dags/example_sensor_decorator.py for tasks to queue
[2026-01-09T12:34:26.966+0000] {logging_mixin.py:188} INFO - [2026-01-09T12:34:26.966+0000] {dagbag.py:538} INFO - Filling up the DagBag from /home/airflow/.local/lib/python3.8/site-packages/airflow/example_dags/example_sensor_decorator.py
[2026-01-09T12:34:26.982+0000] {processor.py:840} INFO - DAG(s) 'example_sensor_decorator' retrieved from /home/airflow/.local/lib/python3.8/site-packages/airflow/example_dags/example_sensor_decorator.py
[2026-01-09T12:34:27.026+0000] {logging_mixin.py:188} INFO - [2026-01-09T12:34:27.026+0000] {dag.py:3036} INFO - Sync 1 DAGs
[2026-01-09T12:34:27.051+0000] {logging_mixin.py:188} INFO - [2026-01-09T12:34:27.051+0000] {dag.py:3823} INFO - Setting next_dagrun for example_sensor_decorator to None, run_after=None
[2026-01-09T12:34:27.096+0000] {processor.py:183} INFO - Processing /home/airflow/.local/lib/python3.8/site-packages/airflow/example_dags/example_sensor_decorator.py took 0.143 seconds
[2026-01-09T12:34:57.568+0000] {processor.py:161} INFO - Started process (PID=12859) to work on /home/airflow/.local/lib/python3.8/site-packages/airflow/example_dags/example_sensor_decorator.py
[2026-01-09T12:34:57.569+0000] {processor.py:830} INFO - Processing file /home/airflow/.local/lib/python3.8/site-packages/airflow/example_dags/example_sensor_decorator.py for tasks to queue
[2026-01-09T12:34:57.572+0000] {logging_mixin.py:188} INFO - [2026-01-09T12:34:57.571+0000] {dagbag.py:538} INFO - Filling up the DagBag from /home/airflow/.local/lib/python3.8/site-packages/airflow/example_dags/example_sensor_decorator.py
[2026-01-09T12:34:57.584+0000] {processor.py:840} INFO - DAG(s) 'example_sensor_decorator' retrieved from /home/airflow/.local/lib/python3.8/site-packages/airflow/example_dags/example_sensor_decorator.py
[2026-01-09T12:34:57.624+0000] {logging_mixin.py:188} INFO - [2026-01-09T12:34:57.624+0000] {dag.py:3036} INFO - Sync 1 DAGs
[2026-01-09T12:34:57.647+0000] {logging_mixin.py:188} INFO - [2026-01-09T12:34:57.646+0000] {dag.py:3823} INFO - Setting next_dagrun for example_sensor_decorator to None, run_after=None
[2026-01-09T12:34:57.691+0000] {processor.py:183} INFO - Processing /home/airflow/.local/lib/python3.8/site-packages/airflow/example_dags/example_sensor_decorator.py took 0.130 seconds
[2026-01-09T12:35:28.102+0000] {processor.py:161} INFO - Started process (PID=13104) to work on /home/airflow/.local/lib/python3.8/site-packages/airflow/example_dags/example_sensor_decorator.py
[2026-01-09T12:35:28.105+0000] {processor.py:830} INFO - Processing file /home/airflow/.local/lib/python3.8/site-packages/airflow/example_dags/example_sensor_decorator.py for tasks to queue
[2026-01-09T12:35:28.106+0000] {logging_mixin.py:188} INFO - [2026-01-09T12:35:28.106+0000] {dagbag.py:538} INFO - Filling up the DagBag from /home/airflow/.local/lib/python3.8/site-packages/airflow/example_dags/example_sensor_decorator.py
[2026-01-09T12:35:28.117+0000] {processor.py:840} INFO - DAG(s) 'example_sensor_decorator' retrieved from /home/airflow/.local/lib/python3.8/site-packages/airflow/example_dags/example_sensor_decorator.py
[2026-01-09T12:35:28.158+0000] {logging_mixin.py:188} INFO - [2026-01-09T12:35:28.158+0000] {dag.py:3036} INFO - Sync 1 DAGs
[2026-01-09T12:35:28.180+0000] {logging_mixin.py:188} INFO - [2026-01-09T12:35:28.179+0000] {dag.py:3823} INFO - Setting next_dagrun for example_sensor_decorator to None, run_after=None
[2026-01-09T12:35:28.221+0000] {processor.py:183} INFO - Processing /home/airflow/.local/lib/python3.8/site-packages/airflow/example_dags/example_sensor_decorator.py took 0.126 seconds
[2026-01-09T12:35:58.920+0000] {processor.py:161} INFO - Started process (PID=13353) to work on /home/airflow/.local/lib/python3.8/site-packages/airflow/example_dags/example_sensor_decorator.py
[2026-01-09T12:35:58.922+0000] {processor.py:830} INFO - Processing file /home/airflow/.local/lib/python3.8/site-packages/airflow/example_dags/example_sensor_decorator.py for tasks to queue
[2026-01-09T12:35:58.923+0000] {logging_mixin.py:188} INFO - [2026-01-09T12:35:58.923+0000] {dagbag.py:538} INFO - Filling up the DagBag from /home/airflow/.local/lib/python3.8/site-packages/airflow/example_dags/example_sensor_decorator.py
[2026-01-09T12:35:58.935+0000] {processor.py:840} INFO - DAG(s) 'example_sensor_decorator' retrieved from /home/airflow/.local/lib/python3.8/site-packages/airflow/example_dags/example_sensor_decorator.py
[2026-01-09T12:35:58.978+0000] {logging_mixin.py:188} INFO - [2026-01-09T12:35:58.978+0000] {dag.py:3036} INFO - Sync 1 DAGs
[2026-01-09T12:35:58.998+0000] {logging_mixin.py:188} INFO - [2026-01-09T12:35:58.998+0000] {dag.py:3823} INFO - Setting next_dagrun for example_sensor_decorator to None, run_after=None
[2026-01-09T12:35:59.044+0000] {processor.py:183} INFO - Processing /home/airflow/.local/lib/python3.8/site-packages/airflow/example_dags/example_sensor_decorator.py took 0.131 seconds
[2026-01-09T12:36:29.562+0000] {processor.py:161} INFO - Started process (PID=13600) to work on /home/airflow/.local/lib/python3.8/site-packages/airflow/example_dags/example_sensor_decorator.py
[2026-01-09T12:36:29.565+0000] {processor.py:830} INFO - Processing file /home/airflow/.local/lib/python3.8/site-packages/airflow/example_dags/example_sensor_decorator.py for tasks to queue
[2026-01-09T12:36:29.567+0000] {logging_mixin.py:188} INFO - [2026-01-09T12:36:29.566+0000] {dagbag.py:538} INFO - Filling up the DagBag from /home/airflow/.local/lib/python3.8/site-packages/airflow/example_dags/example_sensor_decorator.py
[2026-01-09T12:36:29.578+0000] {processor.py:840} INFO - DAG(s) 'example_sensor_decorator' retrieved from /home/airflow/.local/lib/python3.8/site-packages/airflow/example_dags/example_sensor_decorator.py
[2026-01-09T12:36:29.617+0000] {logging_mixin.py:188} INFO - [2026-01-09T12:36:29.616+0000] {dag.py:3036} INFO - Sync 1 DAGs
[2026-01-09T12:36:29.637+0000] {logging_mixin.py:188} INFO - [2026-01-09T12:36:29.636+0000] {dag.py:3823} INFO - Setting next_dagrun for example_sensor_decorator to None, run_after=None
[2026-01-09T12:36:29.680+0000] {processor.py:183} INFO - Processing /home/airflow/.local/lib/python3.8/site-packages/airflow/example_dags/example_sensor_decorator.py took 0.124 seconds
[2026-01-09T12:36:59.824+0000] {processor.py:161} INFO - Started process (PID=13847) to work on /home/airflow/.local/lib/python3.8/site-packages/airflow/example_dags/example_sensor_decorator.py
[2026-01-09T12:36:59.826+0000] {processor.py:830} INFO - Processing file /home/airflow/.local/lib/python3.8/site-packages/airflow/example_dags/example_sensor_decorator.py for tasks to queue
[2026-01-09T12:36:59.827+0000] {logging_mixin.py:188} INFO - [2026-01-09T12:36:59.827+0000] {dagbag.py:538} INFO - Filling up the DagBag from /home/airflow/.local/lib/python3.8/site-packages/airflow/example_dags/example_sensor_decorator.py
[2026-01-09T12:36:59.839+0000] {processor.py:840} INFO - DAG(s) 'example_sensor_decorator' retrieved from /home/airflow/.local/lib/python3.8/site-packages/airflow/example_dags/example_sensor_decorator.py
[2026-01-09T12:36:59.878+0000] {logging_mixin.py:188} INFO - [2026-01-09T12:36:59.877+0000] {dag.py:3036} INFO - Sync 1 DAGs
[2026-01-09T12:36:59.900+0000] {logging_mixin.py:188} INFO - [2026-01-09T12:36:59.899+0000] {dag.py:3823} INFO - Setting next_dagrun for example_sensor_decorator to None, run_after=None
[2026-01-09T12:36:59.940+0000] {processor.py:183} INFO - Processing /home/airflow/.local/lib/python3.8/site-packages/airflow/example_dags/example_sensor_decorator.py took 0.124 seconds
[2026-01-09T12:37:30.308+0000] {processor.py:161} INFO - Started process (PID=14092) to work on /home/airflow/.local/lib/python3.8/site-packages/airflow/example_dags/example_sensor_decorator.py
[2026-01-09T12:37:30.313+0000] {processor.py:830} INFO - Processing file /home/airflow/.local/lib/python3.8/site-packages/airflow/example_dags/example_sensor_decorator.py for tasks to queue
[2026-01-09T12:37:30.315+0000] {logging_mixin.py:188} INFO - [2026-01-09T12:37:30.315+0000] {dagbag.py:538} INFO - Filling up the DagBag from /home/airflow/.local/lib/python3.8/site-packages/airflow/example_dags/example_sensor_decorator.py
[2026-01-09T12:37:30.329+0000] {processor.py:840} INFO - DAG(s) 'example_sensor_decorator' retrieved from /home/airflow/.local/lib/python3.8/site-packages/airflow/example_dags/example_sensor_decorator.py
[2026-01-09T12:37:30.369+0000] {logging_mixin.py:188} INFO - [2026-01-09T12:37:30.369+0000] {dag.py:3036} INFO - Sync 1 DAGs
[2026-01-09T12:37:30.388+0000] {logging_mixin.py:188} INFO - [2026-01-09T12:37:30.387+0000] {dag.py:3823} INFO - Setting next_dagrun for example_sensor_decorator to None, run_after=None
[2026-01-09T12:37:30.425+0000] {processor.py:183} INFO - Processing /home/airflow/.local/lib/python3.8/site-packages/airflow/example_dags/example_sensor_decorator.py took 0.127 seconds
[2026-01-09T12:38:01.007+0000] {processor.py:161} INFO - Started process (PID=14341) to work on /home/airflow/.local/lib/python3.8/site-packages/airflow/example_dags/example_sensor_decorator.py
[2026-01-09T12:38:01.009+0000] {processor.py:830} INFO - Processing file /home/airflow/.local/lib/python3.8/site-packages/airflow/example_dags/example_sensor_decorator.py for tasks to queue
[2026-01-09T12:38:01.011+0000] {logging_mixin.py:188} INFO - [2026-01-09T12:38:01.011+0000] {dagbag.py:538} INFO - Filling up the DagBag from /home/airflow/.local/lib/python3.8/site-packages/airflow/example_dags/example_sensor_decorator.py
[2026-01-09T12:38:01.022+0000] {processor.py:840} INFO - DAG(s) 'example_sensor_decorator' retrieved from /home/airflow/.local/lib/python3.8/site-packages/airflow/example_dags/example_sensor_decorator.py
[2026-01-09T12:38:01.061+0000] {logging_mixin.py:188} INFO - [2026-01-09T12:38:01.061+0000] {dag.py:3036} INFO - Sync 1 DAGs
[2026-01-09T12:38:01.081+0000] {logging_mixin.py:188} INFO - [2026-01-09T12:38:01.080+0000] {dag.py:3823} INFO - Setting next_dagrun for example_sensor_decorator to None, run_after=None
[2026-01-09T12:38:01.120+0000] {processor.py:183} INFO - Processing /home/airflow/.local/lib/python3.8/site-packages/airflow/example_dags/example_sensor_decorator.py took 0.121 seconds
[2026-01-09T12:38:32.195+0000] {processor.py:161} INFO - Started process (PID=14586) to work on /home/airflow/.local/lib/python3.8/site-packages/airflow/example_dags/example_sensor_decorator.py
[2026-01-09T12:38:32.198+0000] {processor.py:830} INFO - Processing file /home/airflow/.local/lib/python3.8/site-packages/airflow/example_dags/example_sensor_decorator.py for tasks to queue
[2026-01-09T12:38:32.200+0000] {logging_mixin.py:188} INFO - [2026-01-09T12:38:32.200+0000] {dagbag.py:538} INFO - Filling up the DagBag from /home/airflow/.local/lib/python3.8/site-packages/airflow/example_dags/example_sensor_decorator.py
[2026-01-09T12:38:32.212+0000] {processor.py:840} INFO - DAG(s) 'example_sensor_decorator' retrieved from /home/airflow/.local/lib/python3.8/site-packages/airflow/example_dags/example_sensor_decorator.py
[2026-01-09T12:38:32.255+0000] {logging_mixin.py:188} INFO - [2026-01-09T12:38:32.255+0000] {dag.py:3036} INFO - Sync 1 DAGs
[2026-01-09T12:38:32.275+0000] {logging_mixin.py:188} INFO - [2026-01-09T12:38:32.275+0000] {dag.py:3823} INFO - Setting next_dagrun for example_sensor_decorator to None, run_after=None
[2026-01-09T12:38:32.318+0000] {processor.py:183} INFO - Processing /home/airflow/.local/lib/python3.8/site-packages/airflow/example_dags/example_sensor_decorator.py took 0.131 seconds
[2026-01-09T12:39:02.570+0000] {processor.py:161} INFO - Started process (PID=14833) to work on /home/airflow/.local/lib/python3.8/site-packages/airflow/example_dags/example_sensor_decorator.py
[2026-01-09T12:39:02.573+0000] {processor.py:830} INFO - Processing file /home/airflow/.local/lib/python3.8/site-packages/airflow/example_dags/example_sensor_decorator.py for tasks to queue
[2026-01-09T12:39:02.575+0000] {logging_mixin.py:188} INFO - [2026-01-09T12:39:02.574+0000] {dagbag.py:538} INFO - Filling up the DagBag from /home/airflow/.local/lib/python3.8/site-packages/airflow/example_dags/example_sensor_decorator.py
[2026-01-09T12:39:02.588+0000] {processor.py:840} INFO - DAG(s) 'example_sensor_decorator' retrieved from /home/airflow/.local/lib/python3.8/site-packages/airflow/example_dags/example_sensor_decorator.py
[2026-01-09T12:39:02.634+0000] {logging_mixin.py:188} INFO - [2026-01-09T12:39:02.634+0000] {dag.py:3036} INFO - Sync 1 DAGs
[2026-01-09T12:39:02.656+0000] {logging_mixin.py:188} INFO - [2026-01-09T12:39:02.656+0000] {dag.py:3823} INFO - Setting next_dagrun for example_sensor_decorator to None, run_after=None
[2026-01-09T12:39:02.694+0000] {processor.py:183} INFO - Processing /home/airflow/.local/lib/python3.8/site-packages/airflow/example_dags/example_sensor_decorator.py took 0.132 seconds
[2026-01-09T12:39:32.956+0000] {processor.py:161} INFO - Started process (PID=15080) to work on /home/airflow/.local/lib/python3.8/site-packages/airflow/example_dags/example_sensor_decorator.py
[2026-01-09T12:39:32.959+0000] {processor.py:830} INFO - Processing file /home/airflow/.local/lib/python3.8/site-packages/airflow/example_dags/example_sensor_decorator.py for tasks to queue
[2026-01-09T12:39:32.960+0000] {logging_mixin.py:188} INFO - [2026-01-09T12:39:32.959+0000] {dagbag.py:538} INFO - Filling up the DagBag from /home/airflow/.local/lib/python3.8/site-packages/airflow/example_dags/example_sensor_decorator.py
[2026-01-09T12:39:32.972+0000] {processor.py:840} INFO - DAG(s) 'example_sensor_decorator' retrieved from /home/airflow/.local/lib/python3.8/site-packages/airflow/example_dags/example_sensor_decorator.py
[2026-01-09T12:39:33.015+0000] {logging_mixin.py:188} INFO - [2026-01-09T12:39:33.014+0000] {dag.py:3036} INFO - Sync 1 DAGs
[2026-01-09T12:39:33.036+0000] {logging_mixin.py:188} INFO - [2026-01-09T12:39:33.036+0000] {dag.py:3823} INFO - Setting next_dagrun for example_sensor_decorator to None, run_after=None
[2026-01-09T12:39:33.080+0000] {processor.py:183} INFO - Processing /home/airflow/.local/lib/python3.8/site-packages/airflow/example_dags/example_sensor_decorator.py took 0.129 seconds
