[2026-01-09T12:08:55.891+0000] {processor.py:161} INFO - Started process (PID=297) to work on /home/airflow/.local/lib/python3.8/site-packages/airflow/example_dags/example_short_circuit_decorator.py
[2026-01-09T12:08:55.893+0000] {processor.py:830} INFO - Processing file /home/airflow/.local/lib/python3.8/site-packages/airflow/example_dags/example_short_circuit_decorator.py for tasks to queue
[2026-01-09T12:08:55.894+0000] {logging_mixin.py:188} INFO - [2026-01-09T12:08:55.894+0000] {dagbag.py:538} INFO - Filling up the DagBag from /home/airflow/.local/lib/python3.8/site-packages/airflow/example_dags/example_short_circuit_decorator.py
[2026-01-09T12:08:55.913+0000] {processor.py:840} INFO - DAG(s) 'example_short_circuit_decorator' retrieved from /home/airflow/.local/lib/python3.8/site-packages/airflow/example_dags/example_short_circuit_decorator.py
[2026-01-09T12:08:56.090+0000] {logging_mixin.py:188} INFO - [2026-01-09T12:08:56.089+0000] {dag.py:3036} INFO - Sync 1 DAGs
[2026-01-09T12:08:56.121+0000] {logging_mixin.py:188} INFO - [2026-01-09T12:08:56.121+0000] {dag.py:3823} INFO - Setting next_dagrun for example_short_circuit_decorator to 2026-01-08 00:00:00+00:00, run_after=2026-01-09 00:00:00+00:00
[2026-01-09T12:08:56.169+0000] {processor.py:183} INFO - Processing /home/airflow/.local/lib/python3.8/site-packages/airflow/example_dags/example_short_circuit_decorator.py took 0.283 seconds
[2026-01-09T12:09:26.520+0000] {processor.py:161} INFO - Started process (PID=544) to work on /home/airflow/.local/lib/python3.8/site-packages/airflow/example_dags/example_short_circuit_decorator.py
[2026-01-09T12:09:26.522+0000] {processor.py:830} INFO - Processing file /home/airflow/.local/lib/python3.8/site-packages/airflow/example_dags/example_short_circuit_decorator.py for tasks to queue
[2026-01-09T12:09:26.524+0000] {logging_mixin.py:188} INFO - [2026-01-09T12:09:26.523+0000] {dagbag.py:538} INFO - Filling up the DagBag from /home/airflow/.local/lib/python3.8/site-packages/airflow/example_dags/example_short_circuit_decorator.py
[2026-01-09T12:09:26.543+0000] {processor.py:840} INFO - DAG(s) 'example_short_circuit_decorator' retrieved from /home/airflow/.local/lib/python3.8/site-packages/airflow/example_dags/example_short_circuit_decorator.py
[2026-01-09T12:09:26.580+0000] {logging_mixin.py:188} INFO - [2026-01-09T12:09:26.579+0000] {dag.py:3036} INFO - Sync 1 DAGs
[2026-01-09T12:09:26.612+0000] {logging_mixin.py:188} INFO - [2026-01-09T12:09:26.612+0000] {dag.py:3823} INFO - Setting next_dagrun for example_short_circuit_decorator to 2026-01-08 00:00:00+00:00, run_after=2026-01-09 00:00:00+00:00
[2026-01-09T12:09:26.656+0000] {processor.py:183} INFO - Processing /home/airflow/.local/lib/python3.8/site-packages/airflow/example_dags/example_short_circuit_decorator.py took 0.143 seconds
[2026-01-09T12:09:57.081+0000] {processor.py:161} INFO - Started process (PID=793) to work on /home/airflow/.local/lib/python3.8/site-packages/airflow/example_dags/example_short_circuit_decorator.py
[2026-01-09T12:09:57.083+0000] {processor.py:830} INFO - Processing file /home/airflow/.local/lib/python3.8/site-packages/airflow/example_dags/example_short_circuit_decorator.py for tasks to queue
[2026-01-09T12:09:57.085+0000] {logging_mixin.py:188} INFO - [2026-01-09T12:09:57.084+0000] {dagbag.py:538} INFO - Filling up the DagBag from /home/airflow/.local/lib/python3.8/site-packages/airflow/example_dags/example_short_circuit_decorator.py
[2026-01-09T12:09:57.104+0000] {processor.py:840} INFO - DAG(s) 'example_short_circuit_decorator' retrieved from /home/airflow/.local/lib/python3.8/site-packages/airflow/example_dags/example_short_circuit_decorator.py
[2026-01-09T12:09:57.148+0000] {logging_mixin.py:188} INFO - [2026-01-09T12:09:57.148+0000] {dag.py:3036} INFO - Sync 1 DAGs
[2026-01-09T12:09:57.189+0000] {logging_mixin.py:188} INFO - [2026-01-09T12:09:57.189+0000] {dag.py:3823} INFO - Setting next_dagrun for example_short_circuit_decorator to 2026-01-08 00:00:00+00:00, run_after=2026-01-09 00:00:00+00:00
[2026-01-09T12:09:57.238+0000] {processor.py:183} INFO - Processing /home/airflow/.local/lib/python3.8/site-packages/airflow/example_dags/example_short_circuit_decorator.py took 0.165 seconds
[2026-01-09T12:10:27.482+0000] {processor.py:161} INFO - Started process (PID=1038) to work on /home/airflow/.local/lib/python3.8/site-packages/airflow/example_dags/example_short_circuit_decorator.py
[2026-01-09T12:10:27.484+0000] {processor.py:830} INFO - Processing file /home/airflow/.local/lib/python3.8/site-packages/airflow/example_dags/example_short_circuit_decorator.py for tasks to queue
[2026-01-09T12:10:27.486+0000] {logging_mixin.py:188} INFO - [2026-01-09T12:10:27.485+0000] {dagbag.py:538} INFO - Filling up the DagBag from /home/airflow/.local/lib/python3.8/site-packages/airflow/example_dags/example_short_circuit_decorator.py
[2026-01-09T12:10:27.503+0000] {processor.py:840} INFO - DAG(s) 'example_short_circuit_decorator' retrieved from /home/airflow/.local/lib/python3.8/site-packages/airflow/example_dags/example_short_circuit_decorator.py
[2026-01-09T12:10:27.546+0000] {logging_mixin.py:188} INFO - [2026-01-09T12:10:27.546+0000] {dag.py:3036} INFO - Sync 1 DAGs
[2026-01-09T12:10:27.584+0000] {logging_mixin.py:188} INFO - [2026-01-09T12:10:27.584+0000] {dag.py:3823} INFO - Setting next_dagrun for example_short_circuit_decorator to 2026-01-08 00:00:00+00:00, run_after=2026-01-09 00:00:00+00:00
[2026-01-09T12:10:27.624+0000] {processor.py:183} INFO - Processing /home/airflow/.local/lib/python3.8/site-packages/airflow/example_dags/example_short_circuit_decorator.py took 0.148 seconds
[2026-01-09T12:10:58.642+0000] {processor.py:161} INFO - Started process (PID=1287) to work on /home/airflow/.local/lib/python3.8/site-packages/airflow/example_dags/example_short_circuit_decorator.py
[2026-01-09T12:10:58.645+0000] {processor.py:830} INFO - Processing file /home/airflow/.local/lib/python3.8/site-packages/airflow/example_dags/example_short_circuit_decorator.py for tasks to queue
[2026-01-09T12:10:58.647+0000] {logging_mixin.py:188} INFO - [2026-01-09T12:10:58.646+0000] {dagbag.py:538} INFO - Filling up the DagBag from /home/airflow/.local/lib/python3.8/site-packages/airflow/example_dags/example_short_circuit_decorator.py
[2026-01-09T12:10:58.667+0000] {processor.py:840} INFO - DAG(s) 'example_short_circuit_decorator' retrieved from /home/airflow/.local/lib/python3.8/site-packages/airflow/example_dags/example_short_circuit_decorator.py
[2026-01-09T12:10:58.720+0000] {logging_mixin.py:188} INFO - [2026-01-09T12:10:58.719+0000] {dag.py:3036} INFO - Sync 1 DAGs
[2026-01-09T12:10:58.764+0000] {logging_mixin.py:188} INFO - [2026-01-09T12:10:58.763+0000] {dag.py:3823} INFO - Setting next_dagrun for example_short_circuit_decorator to 2026-01-08 00:00:00+00:00, run_after=2026-01-09 00:00:00+00:00
[2026-01-09T12:10:58.814+0000] {processor.py:183} INFO - Processing /home/airflow/.local/lib/python3.8/site-packages/airflow/example_dags/example_short_circuit_decorator.py took 0.180 seconds
[2026-01-09T12:11:29.207+0000] {processor.py:161} INFO - Started process (PID=1532) to work on /home/airflow/.local/lib/python3.8/site-packages/airflow/example_dags/example_short_circuit_decorator.py
[2026-01-09T12:11:29.214+0000] {processor.py:830} INFO - Processing file /home/airflow/.local/lib/python3.8/site-packages/airflow/example_dags/example_short_circuit_decorator.py for tasks to queue
[2026-01-09T12:11:29.217+0000] {logging_mixin.py:188} INFO - [2026-01-09T12:11:29.216+0000] {dagbag.py:538} INFO - Filling up the DagBag from /home/airflow/.local/lib/python3.8/site-packages/airflow/example_dags/example_short_circuit_decorator.py
[2026-01-09T12:11:29.236+0000] {processor.py:840} INFO - DAG(s) 'example_short_circuit_decorator' retrieved from /home/airflow/.local/lib/python3.8/site-packages/airflow/example_dags/example_short_circuit_decorator.py
[2026-01-09T12:11:29.295+0000] {logging_mixin.py:188} INFO - [2026-01-09T12:11:29.294+0000] {dag.py:3036} INFO - Sync 1 DAGs
[2026-01-09T12:11:29.351+0000] {logging_mixin.py:188} INFO - [2026-01-09T12:11:29.351+0000] {dag.py:3823} INFO - Setting next_dagrun for example_short_circuit_decorator to 2026-01-08 00:00:00+00:00, run_after=2026-01-09 00:00:00+00:00
[2026-01-09T12:11:29.398+0000] {processor.py:183} INFO - Processing /home/airflow/.local/lib/python3.8/site-packages/airflow/example_dags/example_short_circuit_decorator.py took 0.199 seconds
[2026-01-09T12:12:00.376+0000] {processor.py:161} INFO - Started process (PID=1780) to work on /home/airflow/.local/lib/python3.8/site-packages/airflow/example_dags/example_short_circuit_decorator.py
[2026-01-09T12:12:00.378+0000] {processor.py:830} INFO - Processing file /home/airflow/.local/lib/python3.8/site-packages/airflow/example_dags/example_short_circuit_decorator.py for tasks to queue
[2026-01-09T12:12:00.380+0000] {logging_mixin.py:188} INFO - [2026-01-09T12:12:00.380+0000] {dagbag.py:538} INFO - Filling up the DagBag from /home/airflow/.local/lib/python3.8/site-packages/airflow/example_dags/example_short_circuit_decorator.py
[2026-01-09T12:12:00.399+0000] {processor.py:840} INFO - DAG(s) 'example_short_circuit_decorator' retrieved from /home/airflow/.local/lib/python3.8/site-packages/airflow/example_dags/example_short_circuit_decorator.py
[2026-01-09T12:12:00.449+0000] {logging_mixin.py:188} INFO - [2026-01-09T12:12:00.448+0000] {dag.py:3036} INFO - Sync 1 DAGs
[2026-01-09T12:12:00.495+0000] {logging_mixin.py:188} INFO - [2026-01-09T12:12:00.494+0000] {dag.py:3823} INFO - Setting next_dagrun for example_short_circuit_decorator to 2026-01-08 00:00:00+00:00, run_after=2026-01-09 00:00:00+00:00
[2026-01-09T12:12:00.556+0000] {processor.py:183} INFO - Processing /home/airflow/.local/lib/python3.8/site-packages/airflow/example_dags/example_short_circuit_decorator.py took 0.186 seconds
[2026-01-09T12:12:31.065+0000] {processor.py:161} INFO - Started process (PID=2027) to work on /home/airflow/.local/lib/python3.8/site-packages/airflow/example_dags/example_short_circuit_decorator.py
[2026-01-09T12:12:31.067+0000] {processor.py:830} INFO - Processing file /home/airflow/.local/lib/python3.8/site-packages/airflow/example_dags/example_short_circuit_decorator.py for tasks to queue
[2026-01-09T12:12:31.068+0000] {logging_mixin.py:188} INFO - [2026-01-09T12:12:31.068+0000] {dagbag.py:538} INFO - Filling up the DagBag from /home/airflow/.local/lib/python3.8/site-packages/airflow/example_dags/example_short_circuit_decorator.py
[2026-01-09T12:12:31.085+0000] {processor.py:840} INFO - DAG(s) 'example_short_circuit_decorator' retrieved from /home/airflow/.local/lib/python3.8/site-packages/airflow/example_dags/example_short_circuit_decorator.py
[2026-01-09T12:12:31.129+0000] {logging_mixin.py:188} INFO - [2026-01-09T12:12:31.128+0000] {dag.py:3036} INFO - Sync 1 DAGs
[2026-01-09T12:12:31.175+0000] {logging_mixin.py:188} INFO - [2026-01-09T12:12:31.174+0000] {dag.py:3823} INFO - Setting next_dagrun for example_short_circuit_decorator to 2026-01-08 00:00:00+00:00, run_after=2026-01-09 00:00:00+00:00
[2026-01-09T12:12:31.248+0000] {processor.py:183} INFO - Processing /home/airflow/.local/lib/python3.8/site-packages/airflow/example_dags/example_short_circuit_decorator.py took 0.189 seconds
[2026-01-09T12:13:01.687+0000] {processor.py:161} INFO - Started process (PID=2276) to work on /home/airflow/.local/lib/python3.8/site-packages/airflow/example_dags/example_short_circuit_decorator.py
[2026-01-09T12:13:01.689+0000] {processor.py:830} INFO - Processing file /home/airflow/.local/lib/python3.8/site-packages/airflow/example_dags/example_short_circuit_decorator.py for tasks to queue
[2026-01-09T12:13:01.691+0000] {logging_mixin.py:188} INFO - [2026-01-09T12:13:01.691+0000] {dagbag.py:538} INFO - Filling up the DagBag from /home/airflow/.local/lib/python3.8/site-packages/airflow/example_dags/example_short_circuit_decorator.py
[2026-01-09T12:13:01.710+0000] {processor.py:840} INFO - DAG(s) 'example_short_circuit_decorator' retrieved from /home/airflow/.local/lib/python3.8/site-packages/airflow/example_dags/example_short_circuit_decorator.py
[2026-01-09T12:13:01.760+0000] {logging_mixin.py:188} INFO - [2026-01-09T12:13:01.759+0000] {dag.py:3036} INFO - Sync 1 DAGs
[2026-01-09T12:13:01.797+0000] {logging_mixin.py:188} INFO - [2026-01-09T12:13:01.797+0000] {dag.py:3823} INFO - Setting next_dagrun for example_short_circuit_decorator to 2026-01-08 00:00:00+00:00, run_after=2026-01-09 00:00:00+00:00
[2026-01-09T12:13:01.845+0000] {processor.py:183} INFO - Processing /home/airflow/.local/lib/python3.8/site-packages/airflow/example_dags/example_short_circuit_decorator.py took 0.165 seconds
[2026-01-09T12:13:31.939+0000] {processor.py:161} INFO - Started process (PID=2521) to work on /home/airflow/.local/lib/python3.8/site-packages/airflow/example_dags/example_short_circuit_decorator.py
[2026-01-09T12:13:31.940+0000] {processor.py:830} INFO - Processing file /home/airflow/.local/lib/python3.8/site-packages/airflow/example_dags/example_short_circuit_decorator.py for tasks to queue
[2026-01-09T12:13:31.942+0000] {logging_mixin.py:188} INFO - [2026-01-09T12:13:31.941+0000] {dagbag.py:538} INFO - Filling up the DagBag from /home/airflow/.local/lib/python3.8/site-packages/airflow/example_dags/example_short_circuit_decorator.py
[2026-01-09T12:13:31.961+0000] {processor.py:840} INFO - DAG(s) 'example_short_circuit_decorator' retrieved from /home/airflow/.local/lib/python3.8/site-packages/airflow/example_dags/example_short_circuit_decorator.py
[2026-01-09T12:13:32.013+0000] {logging_mixin.py:188} INFO - [2026-01-09T12:13:32.012+0000] {dag.py:3036} INFO - Sync 1 DAGs
[2026-01-09T12:13:32.061+0000] {logging_mixin.py:188} INFO - [2026-01-09T12:13:32.061+0000] {dag.py:3823} INFO - Setting next_dagrun for example_short_circuit_decorator to 2026-01-08 00:00:00+00:00, run_after=2026-01-09 00:00:00+00:00
[2026-01-09T12:13:32.109+0000] {processor.py:183} INFO - Processing /home/airflow/.local/lib/python3.8/site-packages/airflow/example_dags/example_short_circuit_decorator.py took 0.177 seconds
[2026-01-09T12:14:02.378+0000] {processor.py:161} INFO - Started process (PID=2768) to work on /home/airflow/.local/lib/python3.8/site-packages/airflow/example_dags/example_short_circuit_decorator.py
[2026-01-09T12:14:02.380+0000] {processor.py:830} INFO - Processing file /home/airflow/.local/lib/python3.8/site-packages/airflow/example_dags/example_short_circuit_decorator.py for tasks to queue
[2026-01-09T12:14:02.381+0000] {logging_mixin.py:188} INFO - [2026-01-09T12:14:02.381+0000] {dagbag.py:538} INFO - Filling up the DagBag from /home/airflow/.local/lib/python3.8/site-packages/airflow/example_dags/example_short_circuit_decorator.py
[2026-01-09T12:14:02.402+0000] {processor.py:840} INFO - DAG(s) 'example_short_circuit_decorator' retrieved from /home/airflow/.local/lib/python3.8/site-packages/airflow/example_dags/example_short_circuit_decorator.py
[2026-01-09T12:14:02.446+0000] {logging_mixin.py:188} INFO - [2026-01-09T12:14:02.446+0000] {dag.py:3036} INFO - Sync 1 DAGs
[2026-01-09T12:14:02.487+0000] {logging_mixin.py:188} INFO - [2026-01-09T12:14:02.487+0000] {dag.py:3823} INFO - Setting next_dagrun for example_short_circuit_decorator to 2026-01-08 00:00:00+00:00, run_after=2026-01-09 00:00:00+00:00
[2026-01-09T12:14:02.533+0000] {processor.py:183} INFO - Processing /home/airflow/.local/lib/python3.8/site-packages/airflow/example_dags/example_short_circuit_decorator.py took 0.161 seconds
[2026-01-09T12:14:32.793+0000] {processor.py:161} INFO - Started process (PID=3017) to work on /home/airflow/.local/lib/python3.8/site-packages/airflow/example_dags/example_short_circuit_decorator.py
[2026-01-09T12:14:32.796+0000] {processor.py:830} INFO - Processing file /home/airflow/.local/lib/python3.8/site-packages/airflow/example_dags/example_short_circuit_decorator.py for tasks to queue
[2026-01-09T12:14:32.797+0000] {logging_mixin.py:188} INFO - [2026-01-09T12:14:32.796+0000] {dagbag.py:538} INFO - Filling up the DagBag from /home/airflow/.local/lib/python3.8/site-packages/airflow/example_dags/example_short_circuit_decorator.py
[2026-01-09T12:14:32.815+0000] {processor.py:840} INFO - DAG(s) 'example_short_circuit_decorator' retrieved from /home/airflow/.local/lib/python3.8/site-packages/airflow/example_dags/example_short_circuit_decorator.py
[2026-01-09T12:14:32.860+0000] {logging_mixin.py:188} INFO - [2026-01-09T12:14:32.860+0000] {dag.py:3036} INFO - Sync 1 DAGs
[2026-01-09T12:14:32.903+0000] {logging_mixin.py:188} INFO - [2026-01-09T12:14:32.902+0000] {dag.py:3823} INFO - Setting next_dagrun for example_short_circuit_decorator to 2026-01-08 00:00:00+00:00, run_after=2026-01-09 00:00:00+00:00
[2026-01-09T12:14:32.949+0000] {processor.py:183} INFO - Processing /home/airflow/.local/lib/python3.8/site-packages/airflow/example_dags/example_short_circuit_decorator.py took 0.162 seconds
[2026-01-09T12:15:03.306+0000] {processor.py:161} INFO - Started process (PID=3262) to work on /home/airflow/.local/lib/python3.8/site-packages/airflow/example_dags/example_short_circuit_decorator.py
[2026-01-09T12:15:03.316+0000] {processor.py:830} INFO - Processing file /home/airflow/.local/lib/python3.8/site-packages/airflow/example_dags/example_short_circuit_decorator.py for tasks to queue
[2026-01-09T12:15:03.318+0000] {logging_mixin.py:188} INFO - [2026-01-09T12:15:03.317+0000] {dagbag.py:538} INFO - Filling up the DagBag from /home/airflow/.local/lib/python3.8/site-packages/airflow/example_dags/example_short_circuit_decorator.py
[2026-01-09T12:15:03.343+0000] {processor.py:840} INFO - DAG(s) 'example_short_circuit_decorator' retrieved from /home/airflow/.local/lib/python3.8/site-packages/airflow/example_dags/example_short_circuit_decorator.py
[2026-01-09T12:15:03.401+0000] {logging_mixin.py:188} INFO - [2026-01-09T12:15:03.401+0000] {dag.py:3036} INFO - Sync 1 DAGs
[2026-01-09T12:15:03.466+0000] {logging_mixin.py:188} INFO - [2026-01-09T12:15:03.465+0000] {dag.py:3823} INFO - Setting next_dagrun for example_short_circuit_decorator to 2026-01-08 00:00:00+00:00, run_after=2026-01-09 00:00:00+00:00
[2026-01-09T12:15:03.589+0000] {processor.py:183} INFO - Processing /home/airflow/.local/lib/python3.8/site-packages/airflow/example_dags/example_short_circuit_decorator.py took 0.289 seconds
[2026-01-09T12:15:34.437+0000] {processor.py:161} INFO - Started process (PID=3511) to work on /home/airflow/.local/lib/python3.8/site-packages/airflow/example_dags/example_short_circuit_decorator.py
[2026-01-09T12:15:34.439+0000] {processor.py:830} INFO - Processing file /home/airflow/.local/lib/python3.8/site-packages/airflow/example_dags/example_short_circuit_decorator.py for tasks to queue
[2026-01-09T12:15:34.440+0000] {logging_mixin.py:188} INFO - [2026-01-09T12:15:34.440+0000] {dagbag.py:538} INFO - Filling up the DagBag from /home/airflow/.local/lib/python3.8/site-packages/airflow/example_dags/example_short_circuit_decorator.py
[2026-01-09T12:15:34.456+0000] {processor.py:840} INFO - DAG(s) 'example_short_circuit_decorator' retrieved from /home/airflow/.local/lib/python3.8/site-packages/airflow/example_dags/example_short_circuit_decorator.py
[2026-01-09T12:15:34.501+0000] {logging_mixin.py:188} INFO - [2026-01-09T12:15:34.501+0000] {dag.py:3036} INFO - Sync 1 DAGs
[2026-01-09T12:15:34.533+0000] {logging_mixin.py:188} INFO - [2026-01-09T12:15:34.533+0000] {dag.py:3823} INFO - Setting next_dagrun for example_short_circuit_decorator to 2026-01-08 00:00:00+00:00, run_after=2026-01-09 00:00:00+00:00
[2026-01-09T12:15:34.570+0000] {processor.py:183} INFO - Processing /home/airflow/.local/lib/python3.8/site-packages/airflow/example_dags/example_short_circuit_decorator.py took 0.141 seconds
[2026-01-09T12:16:04.703+0000] {processor.py:161} INFO - Started process (PID=3757) to work on /home/airflow/.local/lib/python3.8/site-packages/airflow/example_dags/example_short_circuit_decorator.py
[2026-01-09T12:16:04.706+0000] {processor.py:830} INFO - Processing file /home/airflow/.local/lib/python3.8/site-packages/airflow/example_dags/example_short_circuit_decorator.py for tasks to queue
[2026-01-09T12:16:04.707+0000] {logging_mixin.py:188} INFO - [2026-01-09T12:16:04.706+0000] {dagbag.py:538} INFO - Filling up the DagBag from /home/airflow/.local/lib/python3.8/site-packages/airflow/example_dags/example_short_circuit_decorator.py
[2026-01-09T12:16:04.722+0000] {processor.py:840} INFO - DAG(s) 'example_short_circuit_decorator' retrieved from /home/airflow/.local/lib/python3.8/site-packages/airflow/example_dags/example_short_circuit_decorator.py
[2026-01-09T12:16:04.768+0000] {logging_mixin.py:188} INFO - [2026-01-09T12:16:04.768+0000] {dag.py:3036} INFO - Sync 1 DAGs
[2026-01-09T12:16:04.804+0000] {logging_mixin.py:188} INFO - [2026-01-09T12:16:04.804+0000] {dag.py:3823} INFO - Setting next_dagrun for example_short_circuit_decorator to 2026-01-08 00:00:00+00:00, run_after=2026-01-09 00:00:00+00:00
[2026-01-09T12:16:04.845+0000] {processor.py:183} INFO - Processing /home/airflow/.local/lib/python3.8/site-packages/airflow/example_dags/example_short_circuit_decorator.py took 0.147 seconds
[2026-01-09T12:16:35.570+0000] {processor.py:161} INFO - Started process (PID=4004) to work on /home/airflow/.local/lib/python3.8/site-packages/airflow/example_dags/example_short_circuit_decorator.py
[2026-01-09T12:16:35.572+0000] {processor.py:830} INFO - Processing file /home/airflow/.local/lib/python3.8/site-packages/airflow/example_dags/example_short_circuit_decorator.py for tasks to queue
[2026-01-09T12:16:35.573+0000] {logging_mixin.py:188} INFO - [2026-01-09T12:16:35.573+0000] {dagbag.py:538} INFO - Filling up the DagBag from /home/airflow/.local/lib/python3.8/site-packages/airflow/example_dags/example_short_circuit_decorator.py
[2026-01-09T12:16:35.591+0000] {processor.py:840} INFO - DAG(s) 'example_short_circuit_decorator' retrieved from /home/airflow/.local/lib/python3.8/site-packages/airflow/example_dags/example_short_circuit_decorator.py
[2026-01-09T12:16:35.637+0000] {logging_mixin.py:188} INFO - [2026-01-09T12:16:35.637+0000] {dag.py:3036} INFO - Sync 1 DAGs
[2026-01-09T12:16:35.677+0000] {logging_mixin.py:188} INFO - [2026-01-09T12:16:35.676+0000] {dag.py:3823} INFO - Setting next_dagrun for example_short_circuit_decorator to 2026-01-08 00:00:00+00:00, run_after=2026-01-09 00:00:00+00:00
[2026-01-09T12:16:35.723+0000] {processor.py:183} INFO - Processing /home/airflow/.local/lib/python3.8/site-packages/airflow/example_dags/example_short_circuit_decorator.py took 0.160 seconds
[2026-01-09T12:17:05.929+0000] {processor.py:161} INFO - Started process (PID=4249) to work on /home/airflow/.local/lib/python3.8/site-packages/airflow/example_dags/example_short_circuit_decorator.py
[2026-01-09T12:17:05.931+0000] {processor.py:830} INFO - Processing file /home/airflow/.local/lib/python3.8/site-packages/airflow/example_dags/example_short_circuit_decorator.py for tasks to queue
[2026-01-09T12:17:05.933+0000] {logging_mixin.py:188} INFO - [2026-01-09T12:17:05.933+0000] {dagbag.py:538} INFO - Filling up the DagBag from /home/airflow/.local/lib/python3.8/site-packages/airflow/example_dags/example_short_circuit_decorator.py
[2026-01-09T12:17:05.950+0000] {processor.py:840} INFO - DAG(s) 'example_short_circuit_decorator' retrieved from /home/airflow/.local/lib/python3.8/site-packages/airflow/example_dags/example_short_circuit_decorator.py
[2026-01-09T12:17:05.996+0000] {logging_mixin.py:188} INFO - [2026-01-09T12:17:05.995+0000] {dag.py:3036} INFO - Sync 1 DAGs
[2026-01-09T12:17:06.030+0000] {logging_mixin.py:188} INFO - [2026-01-09T12:17:06.030+0000] {dag.py:3823} INFO - Setting next_dagrun for example_short_circuit_decorator to 2026-01-08 00:00:00+00:00, run_after=2026-01-09 00:00:00+00:00
[2026-01-09T12:17:06.073+0000] {processor.py:183} INFO - Processing /home/airflow/.local/lib/python3.8/site-packages/airflow/example_dags/example_short_circuit_decorator.py took 0.149 seconds
[2026-01-09T12:17:36.588+0000] {processor.py:161} INFO - Started process (PID=4498) to work on /home/airflow/.local/lib/python3.8/site-packages/airflow/example_dags/example_short_circuit_decorator.py
[2026-01-09T12:17:36.590+0000] {processor.py:830} INFO - Processing file /home/airflow/.local/lib/python3.8/site-packages/airflow/example_dags/example_short_circuit_decorator.py for tasks to queue
[2026-01-09T12:17:36.592+0000] {logging_mixin.py:188} INFO - [2026-01-09T12:17:36.591+0000] {dagbag.py:538} INFO - Filling up the DagBag from /home/airflow/.local/lib/python3.8/site-packages/airflow/example_dags/example_short_circuit_decorator.py
[2026-01-09T12:17:36.612+0000] {processor.py:840} INFO - DAG(s) 'example_short_circuit_decorator' retrieved from /home/airflow/.local/lib/python3.8/site-packages/airflow/example_dags/example_short_circuit_decorator.py
[2026-01-09T12:17:36.669+0000] {logging_mixin.py:188} INFO - [2026-01-09T12:17:36.669+0000] {dag.py:3036} INFO - Sync 1 DAGs
[2026-01-09T12:17:36.718+0000] {logging_mixin.py:188} INFO - [2026-01-09T12:17:36.718+0000] {dag.py:3823} INFO - Setting next_dagrun for example_short_circuit_decorator to 2026-01-08 00:00:00+00:00, run_after=2026-01-09 00:00:00+00:00
[2026-01-09T12:17:36.764+0000] {processor.py:183} INFO - Processing /home/airflow/.local/lib/python3.8/site-packages/airflow/example_dags/example_short_circuit_decorator.py took 0.185 seconds
[2026-01-09T12:18:07.535+0000] {processor.py:161} INFO - Started process (PID=4743) to work on /home/airflow/.local/lib/python3.8/site-packages/airflow/example_dags/example_short_circuit_decorator.py
[2026-01-09T12:18:07.538+0000] {processor.py:830} INFO - Processing file /home/airflow/.local/lib/python3.8/site-packages/airflow/example_dags/example_short_circuit_decorator.py for tasks to queue
[2026-01-09T12:18:07.540+0000] {logging_mixin.py:188} INFO - [2026-01-09T12:18:07.539+0000] {dagbag.py:538} INFO - Filling up the DagBag from /home/airflow/.local/lib/python3.8/site-packages/airflow/example_dags/example_short_circuit_decorator.py
[2026-01-09T12:18:07.560+0000] {processor.py:840} INFO - DAG(s) 'example_short_circuit_decorator' retrieved from /home/airflow/.local/lib/python3.8/site-packages/airflow/example_dags/example_short_circuit_decorator.py
[2026-01-09T12:18:07.620+0000] {logging_mixin.py:188} INFO - [2026-01-09T12:18:07.619+0000] {dag.py:3036} INFO - Sync 1 DAGs
[2026-01-09T12:18:07.665+0000] {logging_mixin.py:188} INFO - [2026-01-09T12:18:07.665+0000] {dag.py:3823} INFO - Setting next_dagrun for example_short_circuit_decorator to 2026-01-08 00:00:00+00:00, run_after=2026-01-09 00:00:00+00:00
[2026-01-09T12:18:07.719+0000] {processor.py:183} INFO - Processing /home/airflow/.local/lib/python3.8/site-packages/airflow/example_dags/example_short_circuit_decorator.py took 0.192 seconds
[2026-01-09T12:18:38.131+0000] {processor.py:161} INFO - Started process (PID=4992) to work on /home/airflow/.local/lib/python3.8/site-packages/airflow/example_dags/example_short_circuit_decorator.py
[2026-01-09T12:18:38.135+0000] {processor.py:830} INFO - Processing file /home/airflow/.local/lib/python3.8/site-packages/airflow/example_dags/example_short_circuit_decorator.py for tasks to queue
[2026-01-09T12:18:38.137+0000] {logging_mixin.py:188} INFO - [2026-01-09T12:18:38.136+0000] {dagbag.py:538} INFO - Filling up the DagBag from /home/airflow/.local/lib/python3.8/site-packages/airflow/example_dags/example_short_circuit_decorator.py
[2026-01-09T12:18:38.156+0000] {processor.py:840} INFO - DAG(s) 'example_short_circuit_decorator' retrieved from /home/airflow/.local/lib/python3.8/site-packages/airflow/example_dags/example_short_circuit_decorator.py
[2026-01-09T12:18:38.212+0000] {logging_mixin.py:188} INFO - [2026-01-09T12:18:38.211+0000] {dag.py:3036} INFO - Sync 1 DAGs
[2026-01-09T12:18:38.251+0000] {logging_mixin.py:188} INFO - [2026-01-09T12:18:38.250+0000] {dag.py:3823} INFO - Setting next_dagrun for example_short_circuit_decorator to 2026-01-08 00:00:00+00:00, run_after=2026-01-09 00:00:00+00:00
[2026-01-09T12:18:38.294+0000] {processor.py:183} INFO - Processing /home/airflow/.local/lib/python3.8/site-packages/airflow/example_dags/example_short_circuit_decorator.py took 0.172 seconds
[2026-01-09T12:19:08.627+0000] {processor.py:161} INFO - Started process (PID=5237) to work on /home/airflow/.local/lib/python3.8/site-packages/airflow/example_dags/example_short_circuit_decorator.py
[2026-01-09T12:19:08.629+0000] {processor.py:830} INFO - Processing file /home/airflow/.local/lib/python3.8/site-packages/airflow/example_dags/example_short_circuit_decorator.py for tasks to queue
[2026-01-09T12:19:08.631+0000] {logging_mixin.py:188} INFO - [2026-01-09T12:19:08.630+0000] {dagbag.py:538} INFO - Filling up the DagBag from /home/airflow/.local/lib/python3.8/site-packages/airflow/example_dags/example_short_circuit_decorator.py
[2026-01-09T12:19:08.655+0000] {processor.py:840} INFO - DAG(s) 'example_short_circuit_decorator' retrieved from /home/airflow/.local/lib/python3.8/site-packages/airflow/example_dags/example_short_circuit_decorator.py
[2026-01-09T12:19:08.713+0000] {logging_mixin.py:188} INFO - [2026-01-09T12:19:08.713+0000] {dag.py:3036} INFO - Sync 1 DAGs
[2026-01-09T12:19:08.760+0000] {logging_mixin.py:188} INFO - [2026-01-09T12:19:08.760+0000] {dag.py:3823} INFO - Setting next_dagrun for example_short_circuit_decorator to 2026-01-08 00:00:00+00:00, run_after=2026-01-09 00:00:00+00:00
[2026-01-09T12:19:08.822+0000] {processor.py:183} INFO - Processing /home/airflow/.local/lib/python3.8/site-packages/airflow/example_dags/example_short_circuit_decorator.py took 0.203 seconds
[2026-01-09T12:19:39.215+0000] {processor.py:161} INFO - Started process (PID=5484) to work on /home/airflow/.local/lib/python3.8/site-packages/airflow/example_dags/example_short_circuit_decorator.py
[2026-01-09T12:19:39.217+0000] {processor.py:830} INFO - Processing file /home/airflow/.local/lib/python3.8/site-packages/airflow/example_dags/example_short_circuit_decorator.py for tasks to queue
[2026-01-09T12:19:39.220+0000] {logging_mixin.py:188} INFO - [2026-01-09T12:19:39.219+0000] {dagbag.py:538} INFO - Filling up the DagBag from /home/airflow/.local/lib/python3.8/site-packages/airflow/example_dags/example_short_circuit_decorator.py
[2026-01-09T12:19:39.240+0000] {processor.py:840} INFO - DAG(s) 'example_short_circuit_decorator' retrieved from /home/airflow/.local/lib/python3.8/site-packages/airflow/example_dags/example_short_circuit_decorator.py
[2026-01-09T12:19:39.289+0000] {logging_mixin.py:188} INFO - [2026-01-09T12:19:39.289+0000] {dag.py:3036} INFO - Sync 1 DAGs
[2026-01-09T12:19:39.353+0000] {logging_mixin.py:188} INFO - [2026-01-09T12:19:39.352+0000] {dag.py:3823} INFO - Setting next_dagrun for example_short_circuit_decorator to 2026-01-08 00:00:00+00:00, run_after=2026-01-09 00:00:00+00:00
[2026-01-09T12:19:39.408+0000] {processor.py:183} INFO - Processing /home/airflow/.local/lib/python3.8/site-packages/airflow/example_dags/example_short_circuit_decorator.py took 0.201 seconds
[2026-01-09T12:20:10.166+0000] {processor.py:161} INFO - Started process (PID=5731) to work on /home/airflow/.local/lib/python3.8/site-packages/airflow/example_dags/example_short_circuit_decorator.py
[2026-01-09T12:20:10.168+0000] {processor.py:830} INFO - Processing file /home/airflow/.local/lib/python3.8/site-packages/airflow/example_dags/example_short_circuit_decorator.py for tasks to queue
[2026-01-09T12:20:10.170+0000] {logging_mixin.py:188} INFO - [2026-01-09T12:20:10.169+0000] {dagbag.py:538} INFO - Filling up the DagBag from /home/airflow/.local/lib/python3.8/site-packages/airflow/example_dags/example_short_circuit_decorator.py
[2026-01-09T12:20:10.189+0000] {processor.py:840} INFO - DAG(s) 'example_short_circuit_decorator' retrieved from /home/airflow/.local/lib/python3.8/site-packages/airflow/example_dags/example_short_circuit_decorator.py
[2026-01-09T12:20:10.239+0000] {logging_mixin.py:188} INFO - [2026-01-09T12:20:10.239+0000] {dag.py:3036} INFO - Sync 1 DAGs
[2026-01-09T12:20:10.286+0000] {logging_mixin.py:188} INFO - [2026-01-09T12:20:10.286+0000] {dag.py:3823} INFO - Setting next_dagrun for example_short_circuit_decorator to 2026-01-08 00:00:00+00:00, run_after=2026-01-09 00:00:00+00:00
[2026-01-09T12:20:10.328+0000] {processor.py:183} INFO - Processing /home/airflow/.local/lib/python3.8/site-packages/airflow/example_dags/example_short_circuit_decorator.py took 0.170 seconds
[2026-01-09T12:20:40.887+0000] {processor.py:161} INFO - Started process (PID=5980) to work on /home/airflow/.local/lib/python3.8/site-packages/airflow/example_dags/example_short_circuit_decorator.py
[2026-01-09T12:20:40.890+0000] {processor.py:830} INFO - Processing file /home/airflow/.local/lib/python3.8/site-packages/airflow/example_dags/example_short_circuit_decorator.py for tasks to queue
[2026-01-09T12:20:40.892+0000] {logging_mixin.py:188} INFO - [2026-01-09T12:20:40.891+0000] {dagbag.py:538} INFO - Filling up the DagBag from /home/airflow/.local/lib/python3.8/site-packages/airflow/example_dags/example_short_circuit_decorator.py
[2026-01-09T12:20:40.935+0000] {processor.py:840} INFO - DAG(s) 'example_short_circuit_decorator' retrieved from /home/airflow/.local/lib/python3.8/site-packages/airflow/example_dags/example_short_circuit_decorator.py
[2026-01-09T12:20:41.041+0000] {logging_mixin.py:188} INFO - [2026-01-09T12:20:41.040+0000] {dag.py:3036} INFO - Sync 1 DAGs
[2026-01-09T12:20:41.172+0000] {logging_mixin.py:188} INFO - [2026-01-09T12:20:41.171+0000] {dag.py:3823} INFO - Setting next_dagrun for example_short_circuit_decorator to 2026-01-08 00:00:00+00:00, run_after=2026-01-09 00:00:00+00:00
[2026-01-09T12:20:41.250+0000] {processor.py:183} INFO - Processing /home/airflow/.local/lib/python3.8/site-packages/airflow/example_dags/example_short_circuit_decorator.py took 0.372 seconds
[2026-01-09T12:21:11.371+0000] {processor.py:161} INFO - Started process (PID=6225) to work on /home/airflow/.local/lib/python3.8/site-packages/airflow/example_dags/example_short_circuit_decorator.py
[2026-01-09T12:21:11.373+0000] {processor.py:830} INFO - Processing file /home/airflow/.local/lib/python3.8/site-packages/airflow/example_dags/example_short_circuit_decorator.py for tasks to queue
[2026-01-09T12:21:11.374+0000] {logging_mixin.py:188} INFO - [2026-01-09T12:21:11.374+0000] {dagbag.py:538} INFO - Filling up the DagBag from /home/airflow/.local/lib/python3.8/site-packages/airflow/example_dags/example_short_circuit_decorator.py
[2026-01-09T12:21:11.394+0000] {processor.py:840} INFO - DAG(s) 'example_short_circuit_decorator' retrieved from /home/airflow/.local/lib/python3.8/site-packages/airflow/example_dags/example_short_circuit_decorator.py
[2026-01-09T12:21:11.446+0000] {logging_mixin.py:188} INFO - [2026-01-09T12:21:11.446+0000] {dag.py:3036} INFO - Sync 1 DAGs
[2026-01-09T12:21:11.496+0000] {logging_mixin.py:188} INFO - [2026-01-09T12:21:11.495+0000] {dag.py:3823} INFO - Setting next_dagrun for example_short_circuit_decorator to 2026-01-08 00:00:00+00:00, run_after=2026-01-09 00:00:00+00:00
[2026-01-09T12:21:11.542+0000] {processor.py:183} INFO - Processing /home/airflow/.local/lib/python3.8/site-packages/airflow/example_dags/example_short_circuit_decorator.py took 0.179 seconds
[2026-01-09T12:21:42.106+0000] {processor.py:161} INFO - Started process (PID=6472) to work on /home/airflow/.local/lib/python3.8/site-packages/airflow/example_dags/example_short_circuit_decorator.py
[2026-01-09T12:21:42.110+0000] {processor.py:830} INFO - Processing file /home/airflow/.local/lib/python3.8/site-packages/airflow/example_dags/example_short_circuit_decorator.py for tasks to queue
[2026-01-09T12:21:42.113+0000] {logging_mixin.py:188} INFO - [2026-01-09T12:21:42.112+0000] {dagbag.py:538} INFO - Filling up the DagBag from /home/airflow/.local/lib/python3.8/site-packages/airflow/example_dags/example_short_circuit_decorator.py
[2026-01-09T12:21:42.141+0000] {processor.py:840} INFO - DAG(s) 'example_short_circuit_decorator' retrieved from /home/airflow/.local/lib/python3.8/site-packages/airflow/example_dags/example_short_circuit_decorator.py
[2026-01-09T12:21:42.207+0000] {logging_mixin.py:188} INFO - [2026-01-09T12:21:42.206+0000] {dag.py:3036} INFO - Sync 1 DAGs
[2026-01-09T12:21:42.263+0000] {logging_mixin.py:188} INFO - [2026-01-09T12:21:42.262+0000] {dag.py:3823} INFO - Setting next_dagrun for example_short_circuit_decorator to 2026-01-08 00:00:00+00:00, run_after=2026-01-09 00:00:00+00:00
[2026-01-09T12:21:42.329+0000] {processor.py:183} INFO - Processing /home/airflow/.local/lib/python3.8/site-packages/airflow/example_dags/example_short_circuit_decorator.py took 0.231 seconds
[2026-01-09T12:22:13.169+0000] {processor.py:161} INFO - Started process (PID=6720) to work on /home/airflow/.local/lib/python3.8/site-packages/airflow/example_dags/example_short_circuit_decorator.py
[2026-01-09T12:22:13.171+0000] {processor.py:830} INFO - Processing file /home/airflow/.local/lib/python3.8/site-packages/airflow/example_dags/example_short_circuit_decorator.py for tasks to queue
[2026-01-09T12:22:13.173+0000] {logging_mixin.py:188} INFO - [2026-01-09T12:22:13.173+0000] {dagbag.py:538} INFO - Filling up the DagBag from /home/airflow/.local/lib/python3.8/site-packages/airflow/example_dags/example_short_circuit_decorator.py
[2026-01-09T12:22:13.196+0000] {processor.py:840} INFO - DAG(s) 'example_short_circuit_decorator' retrieved from /home/airflow/.local/lib/python3.8/site-packages/airflow/example_dags/example_short_circuit_decorator.py
[2026-01-09T12:22:13.248+0000] {logging_mixin.py:188} INFO - [2026-01-09T12:22:13.248+0000] {dag.py:3036} INFO - Sync 1 DAGs
[2026-01-09T12:22:13.294+0000] {logging_mixin.py:188} INFO - [2026-01-09T12:22:13.294+0000] {dag.py:3823} INFO - Setting next_dagrun for example_short_circuit_decorator to 2026-01-08 00:00:00+00:00, run_after=2026-01-09 00:00:00+00:00
[2026-01-09T12:22:13.345+0000] {processor.py:183} INFO - Processing /home/airflow/.local/lib/python3.8/site-packages/airflow/example_dags/example_short_circuit_decorator.py took 0.184 seconds
[2026-01-09T12:22:43.496+0000] {processor.py:161} INFO - Started process (PID=6964) to work on /home/airflow/.local/lib/python3.8/site-packages/airflow/example_dags/example_short_circuit_decorator.py
[2026-01-09T12:22:43.502+0000] {processor.py:830} INFO - Processing file /home/airflow/.local/lib/python3.8/site-packages/airflow/example_dags/example_short_circuit_decorator.py for tasks to queue
[2026-01-09T12:22:43.504+0000] {logging_mixin.py:188} INFO - [2026-01-09T12:22:43.503+0000] {dagbag.py:538} INFO - Filling up the DagBag from /home/airflow/.local/lib/python3.8/site-packages/airflow/example_dags/example_short_circuit_decorator.py
[2026-01-09T12:22:43.529+0000] {processor.py:840} INFO - DAG(s) 'example_short_circuit_decorator' retrieved from /home/airflow/.local/lib/python3.8/site-packages/airflow/example_dags/example_short_circuit_decorator.py
[2026-01-09T12:22:43.582+0000] {logging_mixin.py:188} INFO - [2026-01-09T12:22:43.581+0000] {dag.py:3036} INFO - Sync 1 DAGs
[2026-01-09T12:22:43.633+0000] {logging_mixin.py:188} INFO - [2026-01-09T12:22:43.633+0000] {dag.py:3823} INFO - Setting next_dagrun for example_short_circuit_decorator to 2026-01-08 00:00:00+00:00, run_after=2026-01-09 00:00:00+00:00
[2026-01-09T12:22:43.683+0000] {processor.py:183} INFO - Processing /home/airflow/.local/lib/python3.8/site-packages/airflow/example_dags/example_short_circuit_decorator.py took 0.193 seconds
[2026-01-09T12:23:13.821+0000] {processor.py:161} INFO - Started process (PID=7211) to work on /home/airflow/.local/lib/python3.8/site-packages/airflow/example_dags/example_short_circuit_decorator.py
[2026-01-09T12:23:13.837+0000] {processor.py:830} INFO - Processing file /home/airflow/.local/lib/python3.8/site-packages/airflow/example_dags/example_short_circuit_decorator.py for tasks to queue
[2026-01-09T12:23:13.838+0000] {logging_mixin.py:188} INFO - [2026-01-09T12:23:13.837+0000] {dagbag.py:538} INFO - Filling up the DagBag from /home/airflow/.local/lib/python3.8/site-packages/airflow/example_dags/example_short_circuit_decorator.py
[2026-01-09T12:23:13.855+0000] {processor.py:840} INFO - DAG(s) 'example_short_circuit_decorator' retrieved from /home/airflow/.local/lib/python3.8/site-packages/airflow/example_dags/example_short_circuit_decorator.py
[2026-01-09T12:23:13.896+0000] {logging_mixin.py:188} INFO - [2026-01-09T12:23:13.896+0000] {dag.py:3036} INFO - Sync 1 DAGs
[2026-01-09T12:23:13.933+0000] {logging_mixin.py:188} INFO - [2026-01-09T12:23:13.932+0000] {dag.py:3823} INFO - Setting next_dagrun for example_short_circuit_decorator to 2026-01-08 00:00:00+00:00, run_after=2026-01-09 00:00:00+00:00
[2026-01-09T12:23:13.973+0000] {processor.py:183} INFO - Processing /home/airflow/.local/lib/python3.8/site-packages/airflow/example_dags/example_short_circuit_decorator.py took 0.158 seconds
[2026-01-09T12:23:44.183+0000] {processor.py:161} INFO - Started process (PID=7458) to work on /home/airflow/.local/lib/python3.8/site-packages/airflow/example_dags/example_short_circuit_decorator.py
[2026-01-09T12:23:44.186+0000] {processor.py:830} INFO - Processing file /home/airflow/.local/lib/python3.8/site-packages/airflow/example_dags/example_short_circuit_decorator.py for tasks to queue
[2026-01-09T12:23:44.187+0000] {logging_mixin.py:188} INFO - [2026-01-09T12:23:44.187+0000] {dagbag.py:538} INFO - Filling up the DagBag from /home/airflow/.local/lib/python3.8/site-packages/airflow/example_dags/example_short_circuit_decorator.py
[2026-01-09T12:23:44.210+0000] {processor.py:840} INFO - DAG(s) 'example_short_circuit_decorator' retrieved from /home/airflow/.local/lib/python3.8/site-packages/airflow/example_dags/example_short_circuit_decorator.py
[2026-01-09T12:23:44.265+0000] {logging_mixin.py:188} INFO - [2026-01-09T12:23:44.264+0000] {dag.py:3036} INFO - Sync 1 DAGs
[2026-01-09T12:23:44.314+0000] {logging_mixin.py:188} INFO - [2026-01-09T12:23:44.313+0000] {dag.py:3823} INFO - Setting next_dagrun for example_short_circuit_decorator to 2026-01-08 00:00:00+00:00, run_after=2026-01-09 00:00:00+00:00
[2026-01-09T12:23:44.358+0000] {processor.py:183} INFO - Processing /home/airflow/.local/lib/python3.8/site-packages/airflow/example_dags/example_short_circuit_decorator.py took 0.184 seconds
[2026-01-09T12:24:14.951+0000] {processor.py:161} INFO - Started process (PID=7706) to work on /home/airflow/.local/lib/python3.8/site-packages/airflow/example_dags/example_short_circuit_decorator.py
[2026-01-09T12:24:14.958+0000] {processor.py:830} INFO - Processing file /home/airflow/.local/lib/python3.8/site-packages/airflow/example_dags/example_short_circuit_decorator.py for tasks to queue
[2026-01-09T12:24:14.961+0000] {logging_mixin.py:188} INFO - [2026-01-09T12:24:14.960+0000] {dagbag.py:538} INFO - Filling up the DagBag from /home/airflow/.local/lib/python3.8/site-packages/airflow/example_dags/example_short_circuit_decorator.py
[2026-01-09T12:24:14.984+0000] {processor.py:840} INFO - DAG(s) 'example_short_circuit_decorator' retrieved from /home/airflow/.local/lib/python3.8/site-packages/airflow/example_dags/example_short_circuit_decorator.py
[2026-01-09T12:24:15.036+0000] {logging_mixin.py:188} INFO - [2026-01-09T12:24:15.035+0000] {dag.py:3036} INFO - Sync 1 DAGs
[2026-01-09T12:24:15.082+0000] {logging_mixin.py:188} INFO - [2026-01-09T12:24:15.082+0000] {dag.py:3823} INFO - Setting next_dagrun for example_short_circuit_decorator to 2026-01-08 00:00:00+00:00, run_after=2026-01-09 00:00:00+00:00
[2026-01-09T12:24:15.130+0000] {processor.py:183} INFO - Processing /home/airflow/.local/lib/python3.8/site-packages/airflow/example_dags/example_short_circuit_decorator.py took 0.185 seconds
[2026-01-09T12:24:45.487+0000] {processor.py:161} INFO - Started process (PID=7953) to work on /home/airflow/.local/lib/python3.8/site-packages/airflow/example_dags/example_short_circuit_decorator.py
[2026-01-09T12:24:45.492+0000] {processor.py:830} INFO - Processing file /home/airflow/.local/lib/python3.8/site-packages/airflow/example_dags/example_short_circuit_decorator.py for tasks to queue
[2026-01-09T12:24:45.493+0000] {logging_mixin.py:188} INFO - [2026-01-09T12:24:45.493+0000] {dagbag.py:538} INFO - Filling up the DagBag from /home/airflow/.local/lib/python3.8/site-packages/airflow/example_dags/example_short_circuit_decorator.py
[2026-01-09T12:24:45.517+0000] {processor.py:840} INFO - DAG(s) 'example_short_circuit_decorator' retrieved from /home/airflow/.local/lib/python3.8/site-packages/airflow/example_dags/example_short_circuit_decorator.py
[2026-01-09T12:24:45.575+0000] {logging_mixin.py:188} INFO - [2026-01-09T12:24:45.574+0000] {dag.py:3036} INFO - Sync 1 DAGs
[2026-01-09T12:24:45.621+0000] {logging_mixin.py:188} INFO - [2026-01-09T12:24:45.621+0000] {dag.py:3823} INFO - Setting next_dagrun for example_short_circuit_decorator to 2026-01-08 00:00:00+00:00, run_after=2026-01-09 00:00:00+00:00
[2026-01-09T12:24:45.671+0000] {processor.py:183} INFO - Processing /home/airflow/.local/lib/python3.8/site-packages/airflow/example_dags/example_short_circuit_decorator.py took 0.191 seconds
[2026-01-09T12:25:16.473+0000] {processor.py:161} INFO - Started process (PID=8200) to work on /home/airflow/.local/lib/python3.8/site-packages/airflow/example_dags/example_short_circuit_decorator.py
[2026-01-09T12:25:16.476+0000] {processor.py:830} INFO - Processing file /home/airflow/.local/lib/python3.8/site-packages/airflow/example_dags/example_short_circuit_decorator.py for tasks to queue
[2026-01-09T12:25:16.478+0000] {logging_mixin.py:188} INFO - [2026-01-09T12:25:16.478+0000] {dagbag.py:538} INFO - Filling up the DagBag from /home/airflow/.local/lib/python3.8/site-packages/airflow/example_dags/example_short_circuit_decorator.py
[2026-01-09T12:25:16.499+0000] {processor.py:840} INFO - DAG(s) 'example_short_circuit_decorator' retrieved from /home/airflow/.local/lib/python3.8/site-packages/airflow/example_dags/example_short_circuit_decorator.py
[2026-01-09T12:25:16.551+0000] {logging_mixin.py:188} INFO - [2026-01-09T12:25:16.551+0000] {dag.py:3036} INFO - Sync 1 DAGs
[2026-01-09T12:25:16.596+0000] {logging_mixin.py:188} INFO - [2026-01-09T12:25:16.595+0000] {dag.py:3823} INFO - Setting next_dagrun for example_short_circuit_decorator to 2026-01-08 00:00:00+00:00, run_after=2026-01-09 00:00:00+00:00
[2026-01-09T12:25:16.642+0000] {processor.py:183} INFO - Processing /home/airflow/.local/lib/python3.8/site-packages/airflow/example_dags/example_short_circuit_decorator.py took 0.177 seconds
[2026-01-09T12:25:47.242+0000] {processor.py:161} INFO - Started process (PID=8448) to work on /home/airflow/.local/lib/python3.8/site-packages/airflow/example_dags/example_short_circuit_decorator.py
[2026-01-09T12:25:47.243+0000] {processor.py:830} INFO - Processing file /home/airflow/.local/lib/python3.8/site-packages/airflow/example_dags/example_short_circuit_decorator.py for tasks to queue
[2026-01-09T12:25:47.249+0000] {logging_mixin.py:188} INFO - [2026-01-09T12:25:47.249+0000] {dagbag.py:538} INFO - Filling up the DagBag from /home/airflow/.local/lib/python3.8/site-packages/airflow/example_dags/example_short_circuit_decorator.py
[2026-01-09T12:25:47.267+0000] {processor.py:840} INFO - DAG(s) 'example_short_circuit_decorator' retrieved from /home/airflow/.local/lib/python3.8/site-packages/airflow/example_dags/example_short_circuit_decorator.py
[2026-01-09T12:25:47.312+0000] {logging_mixin.py:188} INFO - [2026-01-09T12:25:47.312+0000] {dag.py:3036} INFO - Sync 1 DAGs
[2026-01-09T12:25:47.355+0000] {logging_mixin.py:188} INFO - [2026-01-09T12:25:47.355+0000] {dag.py:3823} INFO - Setting next_dagrun for example_short_circuit_decorator to 2026-01-08 00:00:00+00:00, run_after=2026-01-09 00:00:00+00:00
[2026-01-09T12:25:47.400+0000] {processor.py:183} INFO - Processing /home/airflow/.local/lib/python3.8/site-packages/airflow/example_dags/example_short_circuit_decorator.py took 0.165 seconds
[2026-01-09T12:26:18.194+0000] {processor.py:161} INFO - Started process (PID=8695) to work on /home/airflow/.local/lib/python3.8/site-packages/airflow/example_dags/example_short_circuit_decorator.py
[2026-01-09T12:26:18.199+0000] {processor.py:830} INFO - Processing file /home/airflow/.local/lib/python3.8/site-packages/airflow/example_dags/example_short_circuit_decorator.py for tasks to queue
[2026-01-09T12:26:18.200+0000] {logging_mixin.py:188} INFO - [2026-01-09T12:26:18.200+0000] {dagbag.py:538} INFO - Filling up the DagBag from /home/airflow/.local/lib/python3.8/site-packages/airflow/example_dags/example_short_circuit_decorator.py
[2026-01-09T12:26:18.218+0000] {processor.py:840} INFO - DAG(s) 'example_short_circuit_decorator' retrieved from /home/airflow/.local/lib/python3.8/site-packages/airflow/example_dags/example_short_circuit_decorator.py
[2026-01-09T12:26:18.260+0000] {logging_mixin.py:188} INFO - [2026-01-09T12:26:18.260+0000] {dag.py:3036} INFO - Sync 1 DAGs
[2026-01-09T12:26:18.296+0000] {logging_mixin.py:188} INFO - [2026-01-09T12:26:18.295+0000] {dag.py:3823} INFO - Setting next_dagrun for example_short_circuit_decorator to 2026-01-08 00:00:00+00:00, run_after=2026-01-09 00:00:00+00:00
[2026-01-09T12:26:18.338+0000] {processor.py:183} INFO - Processing /home/airflow/.local/lib/python3.8/site-packages/airflow/example_dags/example_short_circuit_decorator.py took 0.151 seconds
[2026-01-09T12:26:48.555+0000] {processor.py:161} INFO - Started process (PID=8942) to work on /home/airflow/.local/lib/python3.8/site-packages/airflow/example_dags/example_short_circuit_decorator.py
[2026-01-09T12:26:48.557+0000] {processor.py:830} INFO - Processing file /home/airflow/.local/lib/python3.8/site-packages/airflow/example_dags/example_short_circuit_decorator.py for tasks to queue
[2026-01-09T12:26:48.558+0000] {logging_mixin.py:188} INFO - [2026-01-09T12:26:48.558+0000] {dagbag.py:538} INFO - Filling up the DagBag from /home/airflow/.local/lib/python3.8/site-packages/airflow/example_dags/example_short_circuit_decorator.py
[2026-01-09T12:26:48.578+0000] {processor.py:840} INFO - DAG(s) 'example_short_circuit_decorator' retrieved from /home/airflow/.local/lib/python3.8/site-packages/airflow/example_dags/example_short_circuit_decorator.py
[2026-01-09T12:26:48.629+0000] {logging_mixin.py:188} INFO - [2026-01-09T12:26:48.629+0000] {dag.py:3036} INFO - Sync 1 DAGs
[2026-01-09T12:26:48.676+0000] {logging_mixin.py:188} INFO - [2026-01-09T12:26:48.675+0000] {dag.py:3823} INFO - Setting next_dagrun for example_short_circuit_decorator to 2026-01-08 00:00:00+00:00, run_after=2026-01-09 00:00:00+00:00
[2026-01-09T12:26:48.718+0000] {processor.py:183} INFO - Processing /home/airflow/.local/lib/python3.8/site-packages/airflow/example_dags/example_short_circuit_decorator.py took 0.170 seconds
[2026-01-09T12:27:18.840+0000] {processor.py:161} INFO - Started process (PID=9187) to work on /home/airflow/.local/lib/python3.8/site-packages/airflow/example_dags/example_short_circuit_decorator.py
[2026-01-09T12:27:18.842+0000] {processor.py:830} INFO - Processing file /home/airflow/.local/lib/python3.8/site-packages/airflow/example_dags/example_short_circuit_decorator.py for tasks to queue
[2026-01-09T12:27:18.844+0000] {logging_mixin.py:188} INFO - [2026-01-09T12:27:18.843+0000] {dagbag.py:538} INFO - Filling up the DagBag from /home/airflow/.local/lib/python3.8/site-packages/airflow/example_dags/example_short_circuit_decorator.py
[2026-01-09T12:27:18.866+0000] {processor.py:840} INFO - DAG(s) 'example_short_circuit_decorator' retrieved from /home/airflow/.local/lib/python3.8/site-packages/airflow/example_dags/example_short_circuit_decorator.py
[2026-01-09T12:27:18.910+0000] {logging_mixin.py:188} INFO - [2026-01-09T12:27:18.910+0000] {dag.py:3036} INFO - Sync 1 DAGs
[2026-01-09T12:27:19.005+0000] {logging_mixin.py:188} INFO - [2026-01-09T12:27:19.005+0000] {dag.py:3823} INFO - Setting next_dagrun for example_short_circuit_decorator to 2026-01-08 00:00:00+00:00, run_after=2026-01-09 00:00:00+00:00
[2026-01-09T12:27:19.061+0000] {processor.py:183} INFO - Processing /home/airflow/.local/lib/python3.8/site-packages/airflow/example_dags/example_short_circuit_decorator.py took 0.227 seconds
[2026-01-09T12:27:49.751+0000] {processor.py:161} INFO - Started process (PID=9428) to work on /home/airflow/.local/lib/python3.8/site-packages/airflow/example_dags/example_short_circuit_decorator.py
[2026-01-09T12:27:49.753+0000] {processor.py:830} INFO - Processing file /home/airflow/.local/lib/python3.8/site-packages/airflow/example_dags/example_short_circuit_decorator.py for tasks to queue
[2026-01-09T12:27:49.755+0000] {logging_mixin.py:188} INFO - [2026-01-09T12:27:49.754+0000] {dagbag.py:538} INFO - Filling up the DagBag from /home/airflow/.local/lib/python3.8/site-packages/airflow/example_dags/example_short_circuit_decorator.py
[2026-01-09T12:27:49.771+0000] {processor.py:840} INFO - DAG(s) 'example_short_circuit_decorator' retrieved from /home/airflow/.local/lib/python3.8/site-packages/airflow/example_dags/example_short_circuit_decorator.py
[2026-01-09T12:27:49.811+0000] {logging_mixin.py:188} INFO - [2026-01-09T12:27:49.810+0000] {dag.py:3036} INFO - Sync 1 DAGs
[2026-01-09T12:27:49.849+0000] {logging_mixin.py:188} INFO - [2026-01-09T12:27:49.849+0000] {dag.py:3823} INFO - Setting next_dagrun for example_short_circuit_decorator to 2026-01-08 00:00:00+00:00, run_after=2026-01-09 00:00:00+00:00
[2026-01-09T12:27:49.893+0000] {processor.py:183} INFO - Processing /home/airflow/.local/lib/python3.8/site-packages/airflow/example_dags/example_short_circuit_decorator.py took 0.148 seconds
[2026-01-09T12:28:20.576+0000] {processor.py:161} INFO - Started process (PID=9675) to work on /home/airflow/.local/lib/python3.8/site-packages/airflow/example_dags/example_short_circuit_decorator.py
[2026-01-09T12:28:20.578+0000] {processor.py:830} INFO - Processing file /home/airflow/.local/lib/python3.8/site-packages/airflow/example_dags/example_short_circuit_decorator.py for tasks to queue
[2026-01-09T12:28:20.580+0000] {logging_mixin.py:188} INFO - [2026-01-09T12:28:20.579+0000] {dagbag.py:538} INFO - Filling up the DagBag from /home/airflow/.local/lib/python3.8/site-packages/airflow/example_dags/example_short_circuit_decorator.py
[2026-01-09T12:28:20.595+0000] {processor.py:840} INFO - DAG(s) 'example_short_circuit_decorator' retrieved from /home/airflow/.local/lib/python3.8/site-packages/airflow/example_dags/example_short_circuit_decorator.py
[2026-01-09T12:28:20.636+0000] {logging_mixin.py:188} INFO - [2026-01-09T12:28:20.636+0000] {dag.py:3036} INFO - Sync 1 DAGs
[2026-01-09T12:28:20.670+0000] {logging_mixin.py:188} INFO - [2026-01-09T12:28:20.670+0000] {dag.py:3823} INFO - Setting next_dagrun for example_short_circuit_decorator to 2026-01-08 00:00:00+00:00, run_after=2026-01-09 00:00:00+00:00
[2026-01-09T12:28:20.714+0000] {processor.py:183} INFO - Processing /home/airflow/.local/lib/python3.8/site-packages/airflow/example_dags/example_short_circuit_decorator.py took 0.144 seconds
[2026-01-09T12:28:51.249+0000] {processor.py:161} INFO - Started process (PID=9922) to work on /home/airflow/.local/lib/python3.8/site-packages/airflow/example_dags/example_short_circuit_decorator.py
[2026-01-09T12:28:51.252+0000] {processor.py:830} INFO - Processing file /home/airflow/.local/lib/python3.8/site-packages/airflow/example_dags/example_short_circuit_decorator.py for tasks to queue
[2026-01-09T12:28:51.254+0000] {logging_mixin.py:188} INFO - [2026-01-09T12:28:51.253+0000] {dagbag.py:538} INFO - Filling up the DagBag from /home/airflow/.local/lib/python3.8/site-packages/airflow/example_dags/example_short_circuit_decorator.py
[2026-01-09T12:28:51.288+0000] {processor.py:840} INFO - DAG(s) 'example_short_circuit_decorator' retrieved from /home/airflow/.local/lib/python3.8/site-packages/airflow/example_dags/example_short_circuit_decorator.py
[2026-01-09T12:28:51.353+0000] {logging_mixin.py:188} INFO - [2026-01-09T12:28:51.352+0000] {dag.py:3036} INFO - Sync 1 DAGs
[2026-01-09T12:28:51.423+0000] {logging_mixin.py:188} INFO - [2026-01-09T12:28:51.422+0000] {dag.py:3823} INFO - Setting next_dagrun for example_short_circuit_decorator to 2026-01-08 00:00:00+00:00, run_after=2026-01-09 00:00:00+00:00
[2026-01-09T12:28:51.487+0000] {processor.py:183} INFO - Processing /home/airflow/.local/lib/python3.8/site-packages/airflow/example_dags/example_short_circuit_decorator.py took 0.248 seconds
[2026-01-09T12:29:21.789+0000] {processor.py:161} INFO - Started process (PID=10169) to work on /home/airflow/.local/lib/python3.8/site-packages/airflow/example_dags/example_short_circuit_decorator.py
[2026-01-09T12:29:21.799+0000] {processor.py:830} INFO - Processing file /home/airflow/.local/lib/python3.8/site-packages/airflow/example_dags/example_short_circuit_decorator.py for tasks to queue
[2026-01-09T12:29:21.802+0000] {logging_mixin.py:188} INFO - [2026-01-09T12:29:21.801+0000] {dagbag.py:538} INFO - Filling up the DagBag from /home/airflow/.local/lib/python3.8/site-packages/airflow/example_dags/example_short_circuit_decorator.py
[2026-01-09T12:29:21.823+0000] {processor.py:840} INFO - DAG(s) 'example_short_circuit_decorator' retrieved from /home/airflow/.local/lib/python3.8/site-packages/airflow/example_dags/example_short_circuit_decorator.py
[2026-01-09T12:29:21.874+0000] {logging_mixin.py:188} INFO - [2026-01-09T12:29:21.873+0000] {dag.py:3036} INFO - Sync 1 DAGs
[2026-01-09T12:29:21.921+0000] {logging_mixin.py:188} INFO - [2026-01-09T12:29:21.920+0000] {dag.py:3823} INFO - Setting next_dagrun for example_short_circuit_decorator to 2026-01-08 00:00:00+00:00, run_after=2026-01-09 00:00:00+00:00
[2026-01-09T12:29:21.969+0000] {processor.py:183} INFO - Processing /home/airflow/.local/lib/python3.8/site-packages/airflow/example_dags/example_short_circuit_decorator.py took 0.187 seconds
[2026-01-09T12:29:52.678+0000] {processor.py:161} INFO - Started process (PID=10416) to work on /home/airflow/.local/lib/python3.8/site-packages/airflow/example_dags/example_short_circuit_decorator.py
[2026-01-09T12:29:52.680+0000] {processor.py:830} INFO - Processing file /home/airflow/.local/lib/python3.8/site-packages/airflow/example_dags/example_short_circuit_decorator.py for tasks to queue
[2026-01-09T12:29:52.684+0000] {logging_mixin.py:188} INFO - [2026-01-09T12:29:52.683+0000] {dagbag.py:538} INFO - Filling up the DagBag from /home/airflow/.local/lib/python3.8/site-packages/airflow/example_dags/example_short_circuit_decorator.py
[2026-01-09T12:29:52.708+0000] {processor.py:840} INFO - DAG(s) 'example_short_circuit_decorator' retrieved from /home/airflow/.local/lib/python3.8/site-packages/airflow/example_dags/example_short_circuit_decorator.py
[2026-01-09T12:29:52.772+0000] {logging_mixin.py:188} INFO - [2026-01-09T12:29:52.771+0000] {dag.py:3036} INFO - Sync 1 DAGs
[2026-01-09T12:29:52.829+0000] {logging_mixin.py:188} INFO - [2026-01-09T12:29:52.828+0000] {dag.py:3823} INFO - Setting next_dagrun for example_short_circuit_decorator to 2026-01-08 00:00:00+00:00, run_after=2026-01-09 00:00:00+00:00
[2026-01-09T12:29:52.880+0000] {processor.py:183} INFO - Processing /home/airflow/.local/lib/python3.8/site-packages/airflow/example_dags/example_short_circuit_decorator.py took 0.207 seconds
[2026-01-09T12:30:23.645+0000] {processor.py:161} INFO - Started process (PID=10670) to work on /home/airflow/.local/lib/python3.8/site-packages/airflow/example_dags/example_short_circuit_decorator.py
[2026-01-09T12:30:23.648+0000] {processor.py:830} INFO - Processing file /home/airflow/.local/lib/python3.8/site-packages/airflow/example_dags/example_short_circuit_decorator.py for tasks to queue
[2026-01-09T12:30:23.649+0000] {logging_mixin.py:188} INFO - [2026-01-09T12:30:23.649+0000] {dagbag.py:538} INFO - Filling up the DagBag from /home/airflow/.local/lib/python3.8/site-packages/airflow/example_dags/example_short_circuit_decorator.py
[2026-01-09T12:30:23.664+0000] {processor.py:840} INFO - DAG(s) 'example_short_circuit_decorator' retrieved from /home/airflow/.local/lib/python3.8/site-packages/airflow/example_dags/example_short_circuit_decorator.py
[2026-01-09T12:30:23.705+0000] {logging_mixin.py:188} INFO - [2026-01-09T12:30:23.705+0000] {dag.py:3036} INFO - Sync 1 DAGs
[2026-01-09T12:30:23.743+0000] {logging_mixin.py:188} INFO - [2026-01-09T12:30:23.742+0000] {dag.py:3823} INFO - Setting next_dagrun for example_short_circuit_decorator to 2026-01-08 00:00:00+00:00, run_after=2026-01-09 00:00:00+00:00
[2026-01-09T12:30:23.852+0000] {processor.py:183} INFO - Processing /home/airflow/.local/lib/python3.8/site-packages/airflow/example_dags/example_short_circuit_decorator.py took 0.213 seconds
[2026-01-09T12:30:54.522+0000] {processor.py:161} INFO - Started process (PID=10917) to work on /home/airflow/.local/lib/python3.8/site-packages/airflow/example_dags/example_short_circuit_decorator.py
[2026-01-09T12:30:54.525+0000] {processor.py:830} INFO - Processing file /home/airflow/.local/lib/python3.8/site-packages/airflow/example_dags/example_short_circuit_decorator.py for tasks to queue
[2026-01-09T12:30:54.526+0000] {logging_mixin.py:188} INFO - [2026-01-09T12:30:54.526+0000] {dagbag.py:538} INFO - Filling up the DagBag from /home/airflow/.local/lib/python3.8/site-packages/airflow/example_dags/example_short_circuit_decorator.py
[2026-01-09T12:30:54.544+0000] {processor.py:840} INFO - DAG(s) 'example_short_circuit_decorator' retrieved from /home/airflow/.local/lib/python3.8/site-packages/airflow/example_dags/example_short_circuit_decorator.py
[2026-01-09T12:30:54.586+0000] {logging_mixin.py:188} INFO - [2026-01-09T12:30:54.586+0000] {dag.py:3036} INFO - Sync 1 DAGs
[2026-01-09T12:30:54.620+0000] {logging_mixin.py:188} INFO - [2026-01-09T12:30:54.620+0000] {dag.py:3823} INFO - Setting next_dagrun for example_short_circuit_decorator to 2026-01-08 00:00:00+00:00, run_after=2026-01-09 00:00:00+00:00
[2026-01-09T12:30:54.668+0000] {processor.py:183} INFO - Processing /home/airflow/.local/lib/python3.8/site-packages/airflow/example_dags/example_short_circuit_decorator.py took 0.153 seconds
[2026-01-09T12:31:25.529+0000] {processor.py:161} INFO - Started process (PID=11163) to work on /home/airflow/.local/lib/python3.8/site-packages/airflow/example_dags/example_short_circuit_decorator.py
[2026-01-09T12:31:25.531+0000] {processor.py:830} INFO - Processing file /home/airflow/.local/lib/python3.8/site-packages/airflow/example_dags/example_short_circuit_decorator.py for tasks to queue
[2026-01-09T12:31:25.532+0000] {logging_mixin.py:188} INFO - [2026-01-09T12:31:25.532+0000] {dagbag.py:538} INFO - Filling up the DagBag from /home/airflow/.local/lib/python3.8/site-packages/airflow/example_dags/example_short_circuit_decorator.py
[2026-01-09T12:31:25.551+0000] {processor.py:840} INFO - DAG(s) 'example_short_circuit_decorator' retrieved from /home/airflow/.local/lib/python3.8/site-packages/airflow/example_dags/example_short_circuit_decorator.py
[2026-01-09T12:31:25.603+0000] {logging_mixin.py:188} INFO - [2026-01-09T12:31:25.603+0000] {dag.py:3036} INFO - Sync 1 DAGs
[2026-01-09T12:31:25.649+0000] {logging_mixin.py:188} INFO - [2026-01-09T12:31:25.649+0000] {dag.py:3823} INFO - Setting next_dagrun for example_short_circuit_decorator to 2026-01-08 00:00:00+00:00, run_after=2026-01-09 00:00:00+00:00
[2026-01-09T12:31:25.696+0000] {processor.py:183} INFO - Processing /home/airflow/.local/lib/python3.8/site-packages/airflow/example_dags/example_short_circuit_decorator.py took 0.173 seconds
[2026-01-09T12:31:56.128+0000] {processor.py:161} INFO - Started process (PID=11410) to work on /home/airflow/.local/lib/python3.8/site-packages/airflow/example_dags/example_short_circuit_decorator.py
[2026-01-09T12:31:56.130+0000] {processor.py:830} INFO - Processing file /home/airflow/.local/lib/python3.8/site-packages/airflow/example_dags/example_short_circuit_decorator.py for tasks to queue
[2026-01-09T12:31:56.132+0000] {logging_mixin.py:188} INFO - [2026-01-09T12:31:56.131+0000] {dagbag.py:538} INFO - Filling up the DagBag from /home/airflow/.local/lib/python3.8/site-packages/airflow/example_dags/example_short_circuit_decorator.py
[2026-01-09T12:31:56.146+0000] {processor.py:840} INFO - DAG(s) 'example_short_circuit_decorator' retrieved from /home/airflow/.local/lib/python3.8/site-packages/airflow/example_dags/example_short_circuit_decorator.py
[2026-01-09T12:31:56.191+0000] {logging_mixin.py:188} INFO - [2026-01-09T12:31:56.191+0000] {dag.py:3036} INFO - Sync 1 DAGs
[2026-01-09T12:31:56.234+0000] {logging_mixin.py:188} INFO - [2026-01-09T12:31:56.233+0000] {dag.py:3823} INFO - Setting next_dagrun for example_short_circuit_decorator to 2026-01-08 00:00:00+00:00, run_after=2026-01-09 00:00:00+00:00
[2026-01-09T12:31:56.277+0000] {processor.py:183} INFO - Processing /home/airflow/.local/lib/python3.8/site-packages/airflow/example_dags/example_short_circuit_decorator.py took 0.157 seconds
[2026-01-09T12:32:27.174+0000] {processor.py:161} INFO - Started process (PID=11657) to work on /home/airflow/.local/lib/python3.8/site-packages/airflow/example_dags/example_short_circuit_decorator.py
[2026-01-09T12:32:27.177+0000] {processor.py:830} INFO - Processing file /home/airflow/.local/lib/python3.8/site-packages/airflow/example_dags/example_short_circuit_decorator.py for tasks to queue
[2026-01-09T12:32:27.179+0000] {logging_mixin.py:188} INFO - [2026-01-09T12:32:27.178+0000] {dagbag.py:538} INFO - Filling up the DagBag from /home/airflow/.local/lib/python3.8/site-packages/airflow/example_dags/example_short_circuit_decorator.py
[2026-01-09T12:32:27.197+0000] {processor.py:840} INFO - DAG(s) 'example_short_circuit_decorator' retrieved from /home/airflow/.local/lib/python3.8/site-packages/airflow/example_dags/example_short_circuit_decorator.py
[2026-01-09T12:32:27.244+0000] {logging_mixin.py:188} INFO - [2026-01-09T12:32:27.243+0000] {dag.py:3036} INFO - Sync 1 DAGs
[2026-01-09T12:32:27.296+0000] {logging_mixin.py:188} INFO - [2026-01-09T12:32:27.296+0000] {dag.py:3823} INFO - Setting next_dagrun for example_short_circuit_decorator to 2026-01-08 00:00:00+00:00, run_after=2026-01-09 00:00:00+00:00
[2026-01-09T12:32:27.347+0000] {processor.py:183} INFO - Processing /home/airflow/.local/lib/python3.8/site-packages/airflow/example_dags/example_short_circuit_decorator.py took 0.180 seconds
[2026-01-09T12:32:57.729+0000] {processor.py:161} INFO - Started process (PID=11904) to work on /home/airflow/.local/lib/python3.8/site-packages/airflow/example_dags/example_short_circuit_decorator.py
[2026-01-09T12:32:57.731+0000] {processor.py:830} INFO - Processing file /home/airflow/.local/lib/python3.8/site-packages/airflow/example_dags/example_short_circuit_decorator.py for tasks to queue
[2026-01-09T12:32:57.732+0000] {logging_mixin.py:188} INFO - [2026-01-09T12:32:57.732+0000] {dagbag.py:538} INFO - Filling up the DagBag from /home/airflow/.local/lib/python3.8/site-packages/airflow/example_dags/example_short_circuit_decorator.py
[2026-01-09T12:32:57.750+0000] {processor.py:840} INFO - DAG(s) 'example_short_circuit_decorator' retrieved from /home/airflow/.local/lib/python3.8/site-packages/airflow/example_dags/example_short_circuit_decorator.py
[2026-01-09T12:32:57.796+0000] {logging_mixin.py:188} INFO - [2026-01-09T12:32:57.795+0000] {dag.py:3036} INFO - Sync 1 DAGs
[2026-01-09T12:32:57.840+0000] {logging_mixin.py:188} INFO - [2026-01-09T12:32:57.840+0000] {dag.py:3823} INFO - Setting next_dagrun for example_short_circuit_decorator to 2026-01-08 00:00:00+00:00, run_after=2026-01-09 00:00:00+00:00
[2026-01-09T12:32:57.895+0000] {processor.py:183} INFO - Processing /home/airflow/.local/lib/python3.8/site-packages/airflow/example_dags/example_short_circuit_decorator.py took 0.173 seconds
[2026-01-09T12:33:28.283+0000] {processor.py:161} INFO - Started process (PID=12151) to work on /home/airflow/.local/lib/python3.8/site-packages/airflow/example_dags/example_short_circuit_decorator.py
[2026-01-09T12:33:28.285+0000] {processor.py:830} INFO - Processing file /home/airflow/.local/lib/python3.8/site-packages/airflow/example_dags/example_short_circuit_decorator.py for tasks to queue
[2026-01-09T12:33:28.287+0000] {logging_mixin.py:188} INFO - [2026-01-09T12:33:28.286+0000] {dagbag.py:538} INFO - Filling up the DagBag from /home/airflow/.local/lib/python3.8/site-packages/airflow/example_dags/example_short_circuit_decorator.py
[2026-01-09T12:33:28.304+0000] {processor.py:840} INFO - DAG(s) 'example_short_circuit_decorator' retrieved from /home/airflow/.local/lib/python3.8/site-packages/airflow/example_dags/example_short_circuit_decorator.py
[2026-01-09T12:33:28.347+0000] {logging_mixin.py:188} INFO - [2026-01-09T12:33:28.347+0000] {dag.py:3036} INFO - Sync 1 DAGs
[2026-01-09T12:33:28.393+0000] {logging_mixin.py:188} INFO - [2026-01-09T12:33:28.392+0000] {dag.py:3823} INFO - Setting next_dagrun for example_short_circuit_decorator to 2026-01-08 00:00:00+00:00, run_after=2026-01-09 00:00:00+00:00
[2026-01-09T12:33:28.438+0000] {processor.py:183} INFO - Processing /home/airflow/.local/lib/python3.8/site-packages/airflow/example_dags/example_short_circuit_decorator.py took 0.162 seconds
[2026-01-09T12:33:59.181+0000] {processor.py:161} INFO - Started process (PID=12398) to work on /home/airflow/.local/lib/python3.8/site-packages/airflow/example_dags/example_short_circuit_decorator.py
[2026-01-09T12:33:59.183+0000] {processor.py:830} INFO - Processing file /home/airflow/.local/lib/python3.8/site-packages/airflow/example_dags/example_short_circuit_decorator.py for tasks to queue
[2026-01-09T12:33:59.184+0000] {logging_mixin.py:188} INFO - [2026-01-09T12:33:59.183+0000] {dagbag.py:538} INFO - Filling up the DagBag from /home/airflow/.local/lib/python3.8/site-packages/airflow/example_dags/example_short_circuit_decorator.py
[2026-01-09T12:33:59.201+0000] {processor.py:840} INFO - DAG(s) 'example_short_circuit_decorator' retrieved from /home/airflow/.local/lib/python3.8/site-packages/airflow/example_dags/example_short_circuit_decorator.py
[2026-01-09T12:33:59.251+0000] {logging_mixin.py:188} INFO - [2026-01-09T12:33:59.250+0000] {dag.py:3036} INFO - Sync 1 DAGs
[2026-01-09T12:33:59.292+0000] {logging_mixin.py:188} INFO - [2026-01-09T12:33:59.291+0000] {dag.py:3823} INFO - Setting next_dagrun for example_short_circuit_decorator to 2026-01-08 00:00:00+00:00, run_after=2026-01-09 00:00:00+00:00
[2026-01-09T12:33:59.339+0000] {processor.py:183} INFO - Processing /home/airflow/.local/lib/python3.8/site-packages/airflow/example_dags/example_short_circuit_decorator.py took 0.164 seconds
[2026-01-09T12:34:29.721+0000] {processor.py:161} INFO - Started process (PID=12645) to work on /home/airflow/.local/lib/python3.8/site-packages/airflow/example_dags/example_short_circuit_decorator.py
[2026-01-09T12:34:29.727+0000] {processor.py:830} INFO - Processing file /home/airflow/.local/lib/python3.8/site-packages/airflow/example_dags/example_short_circuit_decorator.py for tasks to queue
[2026-01-09T12:34:29.730+0000] {logging_mixin.py:188} INFO - [2026-01-09T12:34:29.729+0000] {dagbag.py:538} INFO - Filling up the DagBag from /home/airflow/.local/lib/python3.8/site-packages/airflow/example_dags/example_short_circuit_decorator.py
[2026-01-09T12:34:29.755+0000] {processor.py:840} INFO - DAG(s) 'example_short_circuit_decorator' retrieved from /home/airflow/.local/lib/python3.8/site-packages/airflow/example_dags/example_short_circuit_decorator.py
[2026-01-09T12:34:29.802+0000] {logging_mixin.py:188} INFO - [2026-01-09T12:34:29.802+0000] {dag.py:3036} INFO - Sync 1 DAGs
[2026-01-09T12:34:29.876+0000] {logging_mixin.py:188} INFO - [2026-01-09T12:34:29.876+0000] {dag.py:3823} INFO - Setting next_dagrun for example_short_circuit_decorator to 2026-01-08 00:00:00+00:00, run_after=2026-01-09 00:00:00+00:00
[2026-01-09T12:34:29.923+0000] {processor.py:183} INFO - Processing /home/airflow/.local/lib/python3.8/site-packages/airflow/example_dags/example_short_circuit_decorator.py took 0.208 seconds
[2026-01-09T12:35:00.260+0000] {processor.py:161} INFO - Started process (PID=12892) to work on /home/airflow/.local/lib/python3.8/site-packages/airflow/example_dags/example_short_circuit_decorator.py
[2026-01-09T12:35:00.262+0000] {processor.py:830} INFO - Processing file /home/airflow/.local/lib/python3.8/site-packages/airflow/example_dags/example_short_circuit_decorator.py for tasks to queue
[2026-01-09T12:35:00.263+0000] {logging_mixin.py:188} INFO - [2026-01-09T12:35:00.263+0000] {dagbag.py:538} INFO - Filling up the DagBag from /home/airflow/.local/lib/python3.8/site-packages/airflow/example_dags/example_short_circuit_decorator.py
[2026-01-09T12:35:00.279+0000] {processor.py:840} INFO - DAG(s) 'example_short_circuit_decorator' retrieved from /home/airflow/.local/lib/python3.8/site-packages/airflow/example_dags/example_short_circuit_decorator.py
[2026-01-09T12:35:00.322+0000] {logging_mixin.py:188} INFO - [2026-01-09T12:35:00.321+0000] {dag.py:3036} INFO - Sync 1 DAGs
[2026-01-09T12:35:00.370+0000] {logging_mixin.py:188} INFO - [2026-01-09T12:35:00.369+0000] {dag.py:3823} INFO - Setting next_dagrun for example_short_circuit_decorator to 2026-01-08 00:00:00+00:00, run_after=2026-01-09 00:00:00+00:00
[2026-01-09T12:35:00.426+0000] {processor.py:183} INFO - Processing /home/airflow/.local/lib/python3.8/site-packages/airflow/example_dags/example_short_circuit_decorator.py took 0.172 seconds
[2026-01-09T12:35:30.813+0000] {processor.py:161} INFO - Started process (PID=13139) to work on /home/airflow/.local/lib/python3.8/site-packages/airflow/example_dags/example_short_circuit_decorator.py
[2026-01-09T12:35:30.819+0000] {processor.py:830} INFO - Processing file /home/airflow/.local/lib/python3.8/site-packages/airflow/example_dags/example_short_circuit_decorator.py for tasks to queue
[2026-01-09T12:35:30.821+0000] {logging_mixin.py:188} INFO - [2026-01-09T12:35:30.821+0000] {dagbag.py:538} INFO - Filling up the DagBag from /home/airflow/.local/lib/python3.8/site-packages/airflow/example_dags/example_short_circuit_decorator.py
[2026-01-09T12:35:30.842+0000] {processor.py:840} INFO - DAG(s) 'example_short_circuit_decorator' retrieved from /home/airflow/.local/lib/python3.8/site-packages/airflow/example_dags/example_short_circuit_decorator.py
[2026-01-09T12:35:30.893+0000] {logging_mixin.py:188} INFO - [2026-01-09T12:35:30.892+0000] {dag.py:3036} INFO - Sync 1 DAGs
[2026-01-09T12:35:30.931+0000] {logging_mixin.py:188} INFO - [2026-01-09T12:35:30.930+0000] {dag.py:3823} INFO - Setting next_dagrun for example_short_circuit_decorator to 2026-01-08 00:00:00+00:00, run_after=2026-01-09 00:00:00+00:00
[2026-01-09T12:35:30.976+0000] {processor.py:183} INFO - Processing /home/airflow/.local/lib/python3.8/site-packages/airflow/example_dags/example_short_circuit_decorator.py took 0.171 seconds
[2026-01-09T12:36:01.723+0000] {processor.py:161} INFO - Started process (PID=13386) to work on /home/airflow/.local/lib/python3.8/site-packages/airflow/example_dags/example_short_circuit_decorator.py
[2026-01-09T12:36:01.725+0000] {processor.py:830} INFO - Processing file /home/airflow/.local/lib/python3.8/site-packages/airflow/example_dags/example_short_circuit_decorator.py for tasks to queue
[2026-01-09T12:36:01.727+0000] {logging_mixin.py:188} INFO - [2026-01-09T12:36:01.726+0000] {dagbag.py:538} INFO - Filling up the DagBag from /home/airflow/.local/lib/python3.8/site-packages/airflow/example_dags/example_short_circuit_decorator.py
[2026-01-09T12:36:01.746+0000] {processor.py:840} INFO - DAG(s) 'example_short_circuit_decorator' retrieved from /home/airflow/.local/lib/python3.8/site-packages/airflow/example_dags/example_short_circuit_decorator.py
[2026-01-09T12:36:01.800+0000] {logging_mixin.py:188} INFO - [2026-01-09T12:36:01.800+0000] {dag.py:3036} INFO - Sync 1 DAGs
[2026-01-09T12:36:01.909+0000] {logging_mixin.py:188} INFO - [2026-01-09T12:36:01.909+0000] {dag.py:3823} INFO - Setting next_dagrun for example_short_circuit_decorator to 2026-01-08 00:00:00+00:00, run_after=2026-01-09 00:00:00+00:00
[2026-01-09T12:36:01.955+0000] {processor.py:183} INFO - Processing /home/airflow/.local/lib/python3.8/site-packages/airflow/example_dags/example_short_circuit_decorator.py took 0.238 seconds
[2026-01-09T12:36:32.270+0000] {processor.py:161} INFO - Started process (PID=13633) to work on /home/airflow/.local/lib/python3.8/site-packages/airflow/example_dags/example_short_circuit_decorator.py
[2026-01-09T12:36:32.272+0000] {processor.py:830} INFO - Processing file /home/airflow/.local/lib/python3.8/site-packages/airflow/example_dags/example_short_circuit_decorator.py for tasks to queue
[2026-01-09T12:36:32.274+0000] {logging_mixin.py:188} INFO - [2026-01-09T12:36:32.273+0000] {dagbag.py:538} INFO - Filling up the DagBag from /home/airflow/.local/lib/python3.8/site-packages/airflow/example_dags/example_short_circuit_decorator.py
[2026-01-09T12:36:32.291+0000] {processor.py:840} INFO - DAG(s) 'example_short_circuit_decorator' retrieved from /home/airflow/.local/lib/python3.8/site-packages/airflow/example_dags/example_short_circuit_decorator.py
[2026-01-09T12:36:32.349+0000] {logging_mixin.py:188} INFO - [2026-01-09T12:36:32.348+0000] {dag.py:3036} INFO - Sync 1 DAGs
[2026-01-09T12:36:32.392+0000] {logging_mixin.py:188} INFO - [2026-01-09T12:36:32.392+0000] {dag.py:3823} INFO - Setting next_dagrun for example_short_circuit_decorator to 2026-01-08 00:00:00+00:00, run_after=2026-01-09 00:00:00+00:00
[2026-01-09T12:36:32.444+0000] {processor.py:183} INFO - Processing /home/airflow/.local/lib/python3.8/site-packages/airflow/example_dags/example_short_circuit_decorator.py took 0.180 seconds
[2026-01-09T12:37:02.662+0000] {processor.py:161} INFO - Started process (PID=13880) to work on /home/airflow/.local/lib/python3.8/site-packages/airflow/example_dags/example_short_circuit_decorator.py
[2026-01-09T12:37:02.664+0000] {processor.py:830} INFO - Processing file /home/airflow/.local/lib/python3.8/site-packages/airflow/example_dags/example_short_circuit_decorator.py for tasks to queue
[2026-01-09T12:37:02.666+0000] {logging_mixin.py:188} INFO - [2026-01-09T12:37:02.665+0000] {dagbag.py:538} INFO - Filling up the DagBag from /home/airflow/.local/lib/python3.8/site-packages/airflow/example_dags/example_short_circuit_decorator.py
[2026-01-09T12:37:02.687+0000] {processor.py:840} INFO - DAG(s) 'example_short_circuit_decorator' retrieved from /home/airflow/.local/lib/python3.8/site-packages/airflow/example_dags/example_short_circuit_decorator.py
[2026-01-09T12:37:02.741+0000] {logging_mixin.py:188} INFO - [2026-01-09T12:37:02.741+0000] {dag.py:3036} INFO - Sync 1 DAGs
[2026-01-09T12:37:02.780+0000] {logging_mixin.py:188} INFO - [2026-01-09T12:37:02.779+0000] {dag.py:3823} INFO - Setting next_dagrun for example_short_circuit_decorator to 2026-01-08 00:00:00+00:00, run_after=2026-01-09 00:00:00+00:00
[2026-01-09T12:37:02.827+0000] {processor.py:183} INFO - Processing /home/airflow/.local/lib/python3.8/site-packages/airflow/example_dags/example_short_circuit_decorator.py took 0.173 seconds
[2026-01-09T12:37:32.977+0000] {processor.py:161} INFO - Started process (PID=14127) to work on /home/airflow/.local/lib/python3.8/site-packages/airflow/example_dags/example_short_circuit_decorator.py
[2026-01-09T12:37:32.987+0000] {processor.py:830} INFO - Processing file /home/airflow/.local/lib/python3.8/site-packages/airflow/example_dags/example_short_circuit_decorator.py for tasks to queue
[2026-01-09T12:37:32.989+0000] {logging_mixin.py:188} INFO - [2026-01-09T12:37:32.988+0000] {dagbag.py:538} INFO - Filling up the DagBag from /home/airflow/.local/lib/python3.8/site-packages/airflow/example_dags/example_short_circuit_decorator.py
[2026-01-09T12:37:33.007+0000] {processor.py:840} INFO - DAG(s) 'example_short_circuit_decorator' retrieved from /home/airflow/.local/lib/python3.8/site-packages/airflow/example_dags/example_short_circuit_decorator.py
[2026-01-09T12:37:33.049+0000] {logging_mixin.py:188} INFO - [2026-01-09T12:37:33.048+0000] {dag.py:3036} INFO - Sync 1 DAGs
[2026-01-09T12:37:33.087+0000] {logging_mixin.py:188} INFO - [2026-01-09T12:37:33.086+0000] {dag.py:3823} INFO - Setting next_dagrun for example_short_circuit_decorator to 2026-01-08 00:00:00+00:00, run_after=2026-01-09 00:00:00+00:00
[2026-01-09T12:37:33.129+0000] {processor.py:183} INFO - Processing /home/airflow/.local/lib/python3.8/site-packages/airflow/example_dags/example_short_circuit_decorator.py took 0.159 seconds
[2026-01-09T12:38:03.708+0000] {processor.py:161} INFO - Started process (PID=14374) to work on /home/airflow/.local/lib/python3.8/site-packages/airflow/example_dags/example_short_circuit_decorator.py
[2026-01-09T12:38:03.710+0000] {processor.py:830} INFO - Processing file /home/airflow/.local/lib/python3.8/site-packages/airflow/example_dags/example_short_circuit_decorator.py for tasks to queue
[2026-01-09T12:38:03.711+0000] {logging_mixin.py:188} INFO - [2026-01-09T12:38:03.710+0000] {dagbag.py:538} INFO - Filling up the DagBag from /home/airflow/.local/lib/python3.8/site-packages/airflow/example_dags/example_short_circuit_decorator.py
[2026-01-09T12:38:03.727+0000] {processor.py:840} INFO - DAG(s) 'example_short_circuit_decorator' retrieved from /home/airflow/.local/lib/python3.8/site-packages/airflow/example_dags/example_short_circuit_decorator.py
[2026-01-09T12:38:03.769+0000] {logging_mixin.py:188} INFO - [2026-01-09T12:38:03.769+0000] {dag.py:3036} INFO - Sync 1 DAGs
[2026-01-09T12:38:03.807+0000] {logging_mixin.py:188} INFO - [2026-01-09T12:38:03.807+0000] {dag.py:3823} INFO - Setting next_dagrun for example_short_circuit_decorator to 2026-01-08 00:00:00+00:00, run_after=2026-01-09 00:00:00+00:00
[2026-01-09T12:38:03.860+0000] {processor.py:183} INFO - Processing /home/airflow/.local/lib/python3.8/site-packages/airflow/example_dags/example_short_circuit_decorator.py took 0.161 seconds
[2026-01-09T12:38:34.052+0000] {processor.py:161} INFO - Started process (PID=14621) to work on /home/airflow/.local/lib/python3.8/site-packages/airflow/example_dags/example_short_circuit_decorator.py
[2026-01-09T12:38:34.055+0000] {processor.py:830} INFO - Processing file /home/airflow/.local/lib/python3.8/site-packages/airflow/example_dags/example_short_circuit_decorator.py for tasks to queue
[2026-01-09T12:38:34.057+0000] {logging_mixin.py:188} INFO - [2026-01-09T12:38:34.056+0000] {dagbag.py:538} INFO - Filling up the DagBag from /home/airflow/.local/lib/python3.8/site-packages/airflow/example_dags/example_short_circuit_decorator.py
[2026-01-09T12:38:34.072+0000] {processor.py:840} INFO - DAG(s) 'example_short_circuit_decorator' retrieved from /home/airflow/.local/lib/python3.8/site-packages/airflow/example_dags/example_short_circuit_decorator.py
[2026-01-09T12:38:34.112+0000] {logging_mixin.py:188} INFO - [2026-01-09T12:38:34.112+0000] {dag.py:3036} INFO - Sync 1 DAGs
[2026-01-09T12:38:34.146+0000] {logging_mixin.py:188} INFO - [2026-01-09T12:38:34.146+0000] {dag.py:3823} INFO - Setting next_dagrun for example_short_circuit_decorator to 2026-01-08 00:00:00+00:00, run_after=2026-01-09 00:00:00+00:00
[2026-01-09T12:38:34.186+0000] {processor.py:183} INFO - Processing /home/airflow/.local/lib/python3.8/site-packages/airflow/example_dags/example_short_circuit_decorator.py took 0.141 seconds
[2026-01-09T12:39:04.876+0000] {processor.py:161} INFO - Started process (PID=14868) to work on /home/airflow/.local/lib/python3.8/site-packages/airflow/example_dags/example_short_circuit_decorator.py
[2026-01-09T12:39:04.878+0000] {processor.py:830} INFO - Processing file /home/airflow/.local/lib/python3.8/site-packages/airflow/example_dags/example_short_circuit_decorator.py for tasks to queue
[2026-01-09T12:39:04.879+0000] {logging_mixin.py:188} INFO - [2026-01-09T12:39:04.879+0000] {dagbag.py:538} INFO - Filling up the DagBag from /home/airflow/.local/lib/python3.8/site-packages/airflow/example_dags/example_short_circuit_decorator.py
[2026-01-09T12:39:04.894+0000] {processor.py:840} INFO - DAG(s) 'example_short_circuit_decorator' retrieved from /home/airflow/.local/lib/python3.8/site-packages/airflow/example_dags/example_short_circuit_decorator.py
[2026-01-09T12:39:04.941+0000] {logging_mixin.py:188} INFO - [2026-01-09T12:39:04.941+0000] {dag.py:3036} INFO - Sync 1 DAGs
[2026-01-09T12:39:04.981+0000] {logging_mixin.py:188} INFO - [2026-01-09T12:39:04.980+0000] {dag.py:3823} INFO - Setting next_dagrun for example_short_circuit_decorator to 2026-01-08 00:00:00+00:00, run_after=2026-01-09 00:00:00+00:00
[2026-01-09T12:39:05.026+0000] {processor.py:183} INFO - Processing /home/airflow/.local/lib/python3.8/site-packages/airflow/example_dags/example_short_circuit_decorator.py took 0.157 seconds
[2026-01-09T12:39:35.632+0000] {processor.py:161} INFO - Started process (PID=15115) to work on /home/airflow/.local/lib/python3.8/site-packages/airflow/example_dags/example_short_circuit_decorator.py
[2026-01-09T12:39:35.634+0000] {processor.py:830} INFO - Processing file /home/airflow/.local/lib/python3.8/site-packages/airflow/example_dags/example_short_circuit_decorator.py for tasks to queue
[2026-01-09T12:39:35.635+0000] {logging_mixin.py:188} INFO - [2026-01-09T12:39:35.635+0000] {dagbag.py:538} INFO - Filling up the DagBag from /home/airflow/.local/lib/python3.8/site-packages/airflow/example_dags/example_short_circuit_decorator.py
[2026-01-09T12:39:35.651+0000] {processor.py:840} INFO - DAG(s) 'example_short_circuit_decorator' retrieved from /home/airflow/.local/lib/python3.8/site-packages/airflow/example_dags/example_short_circuit_decorator.py
[2026-01-09T12:39:35.695+0000] {logging_mixin.py:188} INFO - [2026-01-09T12:39:35.695+0000] {dag.py:3036} INFO - Sync 1 DAGs
[2026-01-09T12:39:35.730+0000] {logging_mixin.py:188} INFO - [2026-01-09T12:39:35.730+0000] {dag.py:3823} INFO - Setting next_dagrun for example_short_circuit_decorator to 2026-01-08 00:00:00+00:00, run_after=2026-01-09 00:00:00+00:00
[2026-01-09T12:39:35.770+0000] {processor.py:183} INFO - Processing /home/airflow/.local/lib/python3.8/site-packages/airflow/example_dags/example_short_circuit_decorator.py took 0.143 seconds
