[2026-01-09T12:08:55.429+0000] {processor.py:161} INFO - Started process (PID=284) to work on /home/airflow/.local/lib/python3.8/site-packages/airflow/example_dags/example_python_decorator.py
[2026-01-09T12:08:55.431+0000] {processor.py:830} INFO - Processing file /home/airflow/.local/lib/python3.8/site-packages/airflow/example_dags/example_python_decorator.py for tasks to queue
[2026-01-09T12:08:55.434+0000] {logging_mixin.py:188} INFO - [2026-01-09T12:08:55.433+0000] {dagbag.py:538} INFO - Filling up the DagBag from /home/airflow/.local/lib/python3.8/site-packages/airflow/example_dags/example_python_decorator.py
[2026-01-09T12:08:55.475+0000] {processor.py:840} INFO - DAG(s) 'example_python_decorator' retrieved from /home/airflow/.local/lib/python3.8/site-packages/airflow/example_dags/example_python_decorator.py
[2026-01-09T12:08:55.714+0000] {logging_mixin.py:188} INFO - [2026-01-09T12:08:55.714+0000] {dag.py:3036} INFO - Sync 1 DAGs
[2026-01-09T12:08:55.738+0000] {logging_mixin.py:188} INFO - [2026-01-09T12:08:55.738+0000] {dag.py:3823} INFO - Setting next_dagrun for example_python_decorator to None, run_after=None
[2026-01-09T12:08:55.789+0000] {processor.py:183} INFO - Processing /home/airflow/.local/lib/python3.8/site-packages/airflow/example_dags/example_python_decorator.py took 0.370 seconds
[2026-01-09T12:09:26.119+0000] {processor.py:161} INFO - Started process (PID=529) to work on /home/airflow/.local/lib/python3.8/site-packages/airflow/example_dags/example_python_decorator.py
[2026-01-09T12:09:26.121+0000] {processor.py:830} INFO - Processing file /home/airflow/.local/lib/python3.8/site-packages/airflow/example_dags/example_python_decorator.py for tasks to queue
[2026-01-09T12:09:26.123+0000] {logging_mixin.py:188} INFO - [2026-01-09T12:09:26.123+0000] {dagbag.py:538} INFO - Filling up the DagBag from /home/airflow/.local/lib/python3.8/site-packages/airflow/example_dags/example_python_decorator.py
[2026-01-09T12:09:26.143+0000] {processor.py:840} INFO - DAG(s) 'example_python_decorator' retrieved from /home/airflow/.local/lib/python3.8/site-packages/airflow/example_dags/example_python_decorator.py
[2026-01-09T12:09:26.186+0000] {logging_mixin.py:188} INFO - [2026-01-09T12:09:26.186+0000] {dag.py:3036} INFO - Sync 1 DAGs
[2026-01-09T12:09:26.205+0000] {logging_mixin.py:188} INFO - [2026-01-09T12:09:26.205+0000] {dag.py:3823} INFO - Setting next_dagrun for example_python_decorator to None, run_after=None
[2026-01-09T12:09:26.246+0000] {processor.py:183} INFO - Processing /home/airflow/.local/lib/python3.8/site-packages/airflow/example_dags/example_python_decorator.py took 0.132 seconds
[2026-01-09T12:09:56.604+0000] {processor.py:161} INFO - Started process (PID=778) to work on /home/airflow/.local/lib/python3.8/site-packages/airflow/example_dags/example_python_decorator.py
[2026-01-09T12:09:56.607+0000] {processor.py:830} INFO - Processing file /home/airflow/.local/lib/python3.8/site-packages/airflow/example_dags/example_python_decorator.py for tasks to queue
[2026-01-09T12:09:56.609+0000] {logging_mixin.py:188} INFO - [2026-01-09T12:09:56.608+0000] {dagbag.py:538} INFO - Filling up the DagBag from /home/airflow/.local/lib/python3.8/site-packages/airflow/example_dags/example_python_decorator.py
[2026-01-09T12:09:56.632+0000] {processor.py:840} INFO - DAG(s) 'example_python_decorator' retrieved from /home/airflow/.local/lib/python3.8/site-packages/airflow/example_dags/example_python_decorator.py
[2026-01-09T12:09:56.679+0000] {logging_mixin.py:188} INFO - [2026-01-09T12:09:56.679+0000] {dag.py:3036} INFO - Sync 1 DAGs
[2026-01-09T12:09:56.705+0000] {logging_mixin.py:188} INFO - [2026-01-09T12:09:56.704+0000] {dag.py:3823} INFO - Setting next_dagrun for example_python_decorator to None, run_after=None
[2026-01-09T12:09:56.750+0000] {processor.py:183} INFO - Processing /home/airflow/.local/lib/python3.8/site-packages/airflow/example_dags/example_python_decorator.py took 0.153 seconds
[2026-01-09T12:10:27.122+0000] {processor.py:161} INFO - Started process (PID=1023) to work on /home/airflow/.local/lib/python3.8/site-packages/airflow/example_dags/example_python_decorator.py
[2026-01-09T12:10:27.124+0000] {processor.py:830} INFO - Processing file /home/airflow/.local/lib/python3.8/site-packages/airflow/example_dags/example_python_decorator.py for tasks to queue
[2026-01-09T12:10:27.126+0000] {logging_mixin.py:188} INFO - [2026-01-09T12:10:27.125+0000] {dagbag.py:538} INFO - Filling up the DagBag from /home/airflow/.local/lib/python3.8/site-packages/airflow/example_dags/example_python_decorator.py
[2026-01-09T12:10:27.147+0000] {processor.py:840} INFO - DAG(s) 'example_python_decorator' retrieved from /home/airflow/.local/lib/python3.8/site-packages/airflow/example_dags/example_python_decorator.py
[2026-01-09T12:10:27.190+0000] {logging_mixin.py:188} INFO - [2026-01-09T12:10:27.189+0000] {dag.py:3036} INFO - Sync 1 DAGs
[2026-01-09T12:10:27.210+0000] {logging_mixin.py:188} INFO - [2026-01-09T12:10:27.210+0000] {dag.py:3823} INFO - Setting next_dagrun for example_python_decorator to None, run_after=None
[2026-01-09T12:10:27.268+0000] {processor.py:183} INFO - Processing /home/airflow/.local/lib/python3.8/site-packages/airflow/example_dags/example_python_decorator.py took 0.152 seconds
[2026-01-09T12:10:57.905+0000] {processor.py:161} INFO - Started process (PID=1270) to work on /home/airflow/.local/lib/python3.8/site-packages/airflow/example_dags/example_python_decorator.py
[2026-01-09T12:10:57.908+0000] {processor.py:830} INFO - Processing file /home/airflow/.local/lib/python3.8/site-packages/airflow/example_dags/example_python_decorator.py for tasks to queue
[2026-01-09T12:10:57.910+0000] {logging_mixin.py:188} INFO - [2026-01-09T12:10:57.909+0000] {dagbag.py:538} INFO - Filling up the DagBag from /home/airflow/.local/lib/python3.8/site-packages/airflow/example_dags/example_python_decorator.py
[2026-01-09T12:10:57.940+0000] {processor.py:840} INFO - DAG(s) 'example_python_decorator' retrieved from /home/airflow/.local/lib/python3.8/site-packages/airflow/example_dags/example_python_decorator.py
[2026-01-09T12:10:57.986+0000] {logging_mixin.py:188} INFO - [2026-01-09T12:10:57.985+0000] {dag.py:3036} INFO - Sync 1 DAGs
[2026-01-09T12:10:58.011+0000] {logging_mixin.py:188} INFO - [2026-01-09T12:10:58.011+0000] {dag.py:3823} INFO - Setting next_dagrun for example_python_decorator to None, run_after=None
[2026-01-09T12:10:58.069+0000] {processor.py:183} INFO - Processing /home/airflow/.local/lib/python3.8/site-packages/airflow/example_dags/example_python_decorator.py took 0.170 seconds
[2026-01-09T12:11:28.795+0000] {processor.py:161} INFO - Started process (PID=1517) to work on /home/airflow/.local/lib/python3.8/site-packages/airflow/example_dags/example_python_decorator.py
[2026-01-09T12:11:28.797+0000] {processor.py:830} INFO - Processing file /home/airflow/.local/lib/python3.8/site-packages/airflow/example_dags/example_python_decorator.py for tasks to queue
[2026-01-09T12:11:28.800+0000] {logging_mixin.py:188} INFO - [2026-01-09T12:11:28.799+0000] {dagbag.py:538} INFO - Filling up the DagBag from /home/airflow/.local/lib/python3.8/site-packages/airflow/example_dags/example_python_decorator.py
[2026-01-09T12:11:28.830+0000] {processor.py:840} INFO - DAG(s) 'example_python_decorator' retrieved from /home/airflow/.local/lib/python3.8/site-packages/airflow/example_dags/example_python_decorator.py
[2026-01-09T12:11:28.881+0000] {logging_mixin.py:188} INFO - [2026-01-09T12:11:28.881+0000] {dag.py:3036} INFO - Sync 1 DAGs
[2026-01-09T12:11:28.918+0000] {logging_mixin.py:188} INFO - [2026-01-09T12:11:28.918+0000] {dag.py:3823} INFO - Setting next_dagrun for example_python_decorator to None, run_after=None
[2026-01-09T12:11:28.979+0000] {processor.py:183} INFO - Processing /home/airflow/.local/lib/python3.8/site-packages/airflow/example_dags/example_python_decorator.py took 0.192 seconds
[2026-01-09T12:12:00.093+0000] {processor.py:161} INFO - Started process (PID=1767) to work on /home/airflow/.local/lib/python3.8/site-packages/airflow/example_dags/example_python_decorator.py
[2026-01-09T12:12:00.097+0000] {processor.py:830} INFO - Processing file /home/airflow/.local/lib/python3.8/site-packages/airflow/example_dags/example_python_decorator.py for tasks to queue
[2026-01-09T12:12:00.099+0000] {logging_mixin.py:188} INFO - [2026-01-09T12:12:00.098+0000] {dagbag.py:538} INFO - Filling up the DagBag from /home/airflow/.local/lib/python3.8/site-packages/airflow/example_dags/example_python_decorator.py
[2026-01-09T12:12:00.127+0000] {processor.py:840} INFO - DAG(s) 'example_python_decorator' retrieved from /home/airflow/.local/lib/python3.8/site-packages/airflow/example_dags/example_python_decorator.py
[2026-01-09T12:12:00.176+0000] {logging_mixin.py:188} INFO - [2026-01-09T12:12:00.176+0000] {dag.py:3036} INFO - Sync 1 DAGs
[2026-01-09T12:12:00.201+0000] {logging_mixin.py:188} INFO - [2026-01-09T12:12:00.201+0000] {dag.py:3823} INFO - Setting next_dagrun for example_python_decorator to None, run_after=None
[2026-01-09T12:12:00.254+0000] {processor.py:183} INFO - Processing /home/airflow/.local/lib/python3.8/site-packages/airflow/example_dags/example_python_decorator.py took 0.167 seconds
[2026-01-09T12:12:30.776+0000] {processor.py:161} INFO - Started process (PID=2014) to work on /home/airflow/.local/lib/python3.8/site-packages/airflow/example_dags/example_python_decorator.py
[2026-01-09T12:12:30.783+0000] {processor.py:830} INFO - Processing file /home/airflow/.local/lib/python3.8/site-packages/airflow/example_dags/example_python_decorator.py for tasks to queue
[2026-01-09T12:12:30.785+0000] {logging_mixin.py:188} INFO - [2026-01-09T12:12:30.785+0000] {dagbag.py:538} INFO - Filling up the DagBag from /home/airflow/.local/lib/python3.8/site-packages/airflow/example_dags/example_python_decorator.py
[2026-01-09T12:12:30.810+0000] {processor.py:840} INFO - DAG(s) 'example_python_decorator' retrieved from /home/airflow/.local/lib/python3.8/site-packages/airflow/example_dags/example_python_decorator.py
[2026-01-09T12:12:30.867+0000] {logging_mixin.py:188} INFO - [2026-01-09T12:12:30.867+0000] {dag.py:3036} INFO - Sync 1 DAGs
[2026-01-09T12:12:30.893+0000] {logging_mixin.py:188} INFO - [2026-01-09T12:12:30.892+0000] {dag.py:3823} INFO - Setting next_dagrun for example_python_decorator to None, run_after=None
[2026-01-09T12:12:30.958+0000] {processor.py:183} INFO - Processing /home/airflow/.local/lib/python3.8/site-packages/airflow/example_dags/example_python_decorator.py took 0.191 seconds
[2026-01-09T12:13:01.067+0000] {processor.py:161} INFO - Started process (PID=2259) to work on /home/airflow/.local/lib/python3.8/site-packages/airflow/example_dags/example_python_decorator.py
[2026-01-09T12:13:01.069+0000] {processor.py:830} INFO - Processing file /home/airflow/.local/lib/python3.8/site-packages/airflow/example_dags/example_python_decorator.py for tasks to queue
[2026-01-09T12:13:01.071+0000] {logging_mixin.py:188} INFO - [2026-01-09T12:13:01.071+0000] {dagbag.py:538} INFO - Filling up the DagBag from /home/airflow/.local/lib/python3.8/site-packages/airflow/example_dags/example_python_decorator.py
[2026-01-09T12:13:01.098+0000] {processor.py:840} INFO - DAG(s) 'example_python_decorator' retrieved from /home/airflow/.local/lib/python3.8/site-packages/airflow/example_dags/example_python_decorator.py
[2026-01-09T12:13:01.139+0000] {logging_mixin.py:188} INFO - [2026-01-09T12:13:01.139+0000] {dag.py:3036} INFO - Sync 1 DAGs
[2026-01-09T12:13:01.164+0000] {logging_mixin.py:188} INFO - [2026-01-09T12:13:01.163+0000] {dag.py:3823} INFO - Setting next_dagrun for example_python_decorator to None, run_after=None
[2026-01-09T12:13:01.202+0000] {processor.py:183} INFO - Processing /home/airflow/.local/lib/python3.8/site-packages/airflow/example_dags/example_python_decorator.py took 0.142 seconds
[2026-01-09T12:13:31.587+0000] {processor.py:161} INFO - Started process (PID=2506) to work on /home/airflow/.local/lib/python3.8/site-packages/airflow/example_dags/example_python_decorator.py
[2026-01-09T12:13:31.589+0000] {processor.py:830} INFO - Processing file /home/airflow/.local/lib/python3.8/site-packages/airflow/example_dags/example_python_decorator.py for tasks to queue
[2026-01-09T12:13:31.591+0000] {logging_mixin.py:188} INFO - [2026-01-09T12:13:31.590+0000] {dagbag.py:538} INFO - Filling up the DagBag from /home/airflow/.local/lib/python3.8/site-packages/airflow/example_dags/example_python_decorator.py
[2026-01-09T12:13:31.615+0000] {processor.py:840} INFO - DAG(s) 'example_python_decorator' retrieved from /home/airflow/.local/lib/python3.8/site-packages/airflow/example_dags/example_python_decorator.py
[2026-01-09T12:13:31.660+0000] {logging_mixin.py:188} INFO - [2026-01-09T12:13:31.659+0000] {dag.py:3036} INFO - Sync 1 DAGs
[2026-01-09T12:13:31.680+0000] {logging_mixin.py:188} INFO - [2026-01-09T12:13:31.680+0000] {dag.py:3823} INFO - Setting next_dagrun for example_python_decorator to None, run_after=None
[2026-01-09T12:13:31.723+0000] {processor.py:183} INFO - Processing /home/airflow/.local/lib/python3.8/site-packages/airflow/example_dags/example_python_decorator.py took 0.144 seconds
[2026-01-09T12:14:02.090+0000] {processor.py:161} INFO - Started process (PID=2755) to work on /home/airflow/.local/lib/python3.8/site-packages/airflow/example_dags/example_python_decorator.py
[2026-01-09T12:14:02.092+0000] {processor.py:830} INFO - Processing file /home/airflow/.local/lib/python3.8/site-packages/airflow/example_dags/example_python_decorator.py for tasks to queue
[2026-01-09T12:14:02.094+0000] {logging_mixin.py:188} INFO - [2026-01-09T12:14:02.093+0000] {dagbag.py:538} INFO - Filling up the DagBag from /home/airflow/.local/lib/python3.8/site-packages/airflow/example_dags/example_python_decorator.py
[2026-01-09T12:14:02.117+0000] {processor.py:840} INFO - DAG(s) 'example_python_decorator' retrieved from /home/airflow/.local/lib/python3.8/site-packages/airflow/example_dags/example_python_decorator.py
[2026-01-09T12:14:02.158+0000] {logging_mixin.py:188} INFO - [2026-01-09T12:14:02.157+0000] {dag.py:3036} INFO - Sync 1 DAGs
[2026-01-09T12:14:02.186+0000] {logging_mixin.py:188} INFO - [2026-01-09T12:14:02.185+0000] {dag.py:3823} INFO - Setting next_dagrun for example_python_decorator to None, run_after=None
[2026-01-09T12:14:02.233+0000] {processor.py:183} INFO - Processing /home/airflow/.local/lib/python3.8/site-packages/airflow/example_dags/example_python_decorator.py took 0.148 seconds
[2026-01-09T12:14:32.420+0000] {processor.py:161} INFO - Started process (PID=3000) to work on /home/airflow/.local/lib/python3.8/site-packages/airflow/example_dags/example_python_decorator.py
[2026-01-09T12:14:32.423+0000] {processor.py:830} INFO - Processing file /home/airflow/.local/lib/python3.8/site-packages/airflow/example_dags/example_python_decorator.py for tasks to queue
[2026-01-09T12:14:32.425+0000] {logging_mixin.py:188} INFO - [2026-01-09T12:14:32.424+0000] {dagbag.py:538} INFO - Filling up the DagBag from /home/airflow/.local/lib/python3.8/site-packages/airflow/example_dags/example_python_decorator.py
[2026-01-09T12:14:32.453+0000] {processor.py:840} INFO - DAG(s) 'example_python_decorator' retrieved from /home/airflow/.local/lib/python3.8/site-packages/airflow/example_dags/example_python_decorator.py
[2026-01-09T12:14:32.495+0000] {logging_mixin.py:188} INFO - [2026-01-09T12:14:32.494+0000] {dag.py:3036} INFO - Sync 1 DAGs
[2026-01-09T12:14:32.520+0000] {logging_mixin.py:188} INFO - [2026-01-09T12:14:32.520+0000] {dag.py:3823} INFO - Setting next_dagrun for example_python_decorator to None, run_after=None
[2026-01-09T12:14:32.565+0000] {processor.py:183} INFO - Processing /home/airflow/.local/lib/python3.8/site-packages/airflow/example_dags/example_python_decorator.py took 0.153 seconds
[2026-01-09T12:15:02.782+0000] {processor.py:161} INFO - Started process (PID=3247) to work on /home/airflow/.local/lib/python3.8/site-packages/airflow/example_dags/example_python_decorator.py
[2026-01-09T12:15:02.789+0000] {processor.py:830} INFO - Processing file /home/airflow/.local/lib/python3.8/site-packages/airflow/example_dags/example_python_decorator.py for tasks to queue
[2026-01-09T12:15:02.791+0000] {logging_mixin.py:188} INFO - [2026-01-09T12:15:02.790+0000] {dagbag.py:538} INFO - Filling up the DagBag from /home/airflow/.local/lib/python3.8/site-packages/airflow/example_dags/example_python_decorator.py
[2026-01-09T12:15:02.821+0000] {processor.py:840} INFO - DAG(s) 'example_python_decorator' retrieved from /home/airflow/.local/lib/python3.8/site-packages/airflow/example_dags/example_python_decorator.py
[2026-01-09T12:15:02.869+0000] {logging_mixin.py:188} INFO - [2026-01-09T12:15:02.868+0000] {dag.py:3036} INFO - Sync 1 DAGs
[2026-01-09T12:15:02.896+0000] {logging_mixin.py:188} INFO - [2026-01-09T12:15:02.895+0000] {dag.py:3823} INFO - Setting next_dagrun for example_python_decorator to None, run_after=None
[2026-01-09T12:15:02.942+0000] {processor.py:183} INFO - Processing /home/airflow/.local/lib/python3.8/site-packages/airflow/example_dags/example_python_decorator.py took 0.168 seconds
[2026-01-09T12:15:33.782+0000] {processor.py:161} INFO - Started process (PID=3494) to work on /home/airflow/.local/lib/python3.8/site-packages/airflow/example_dags/example_python_decorator.py
[2026-01-09T12:15:33.784+0000] {processor.py:830} INFO - Processing file /home/airflow/.local/lib/python3.8/site-packages/airflow/example_dags/example_python_decorator.py for tasks to queue
[2026-01-09T12:15:33.786+0000] {logging_mixin.py:188} INFO - [2026-01-09T12:15:33.785+0000] {dagbag.py:538} INFO - Filling up the DagBag from /home/airflow/.local/lib/python3.8/site-packages/airflow/example_dags/example_python_decorator.py
[2026-01-09T12:15:33.811+0000] {processor.py:840} INFO - DAG(s) 'example_python_decorator' retrieved from /home/airflow/.local/lib/python3.8/site-packages/airflow/example_dags/example_python_decorator.py
[2026-01-09T12:15:33.861+0000] {logging_mixin.py:188} INFO - [2026-01-09T12:15:33.860+0000] {dag.py:3036} INFO - Sync 1 DAGs
[2026-01-09T12:15:33.887+0000] {logging_mixin.py:188} INFO - [2026-01-09T12:15:33.886+0000] {dag.py:3823} INFO - Setting next_dagrun for example_python_decorator to None, run_after=None
[2026-01-09T12:15:33.931+0000] {processor.py:183} INFO - Processing /home/airflow/.local/lib/python3.8/site-packages/airflow/example_dags/example_python_decorator.py took 0.156 seconds
[2026-01-09T12:16:04.082+0000] {processor.py:161} INFO - Started process (PID=3737) to work on /home/airflow/.local/lib/python3.8/site-packages/airflow/example_dags/example_python_decorator.py
[2026-01-09T12:16:04.087+0000] {processor.py:830} INFO - Processing file /home/airflow/.local/lib/python3.8/site-packages/airflow/example_dags/example_python_decorator.py for tasks to queue
[2026-01-09T12:16:04.088+0000] {logging_mixin.py:188} INFO - [2026-01-09T12:16:04.088+0000] {dagbag.py:538} INFO - Filling up the DagBag from /home/airflow/.local/lib/python3.8/site-packages/airflow/example_dags/example_python_decorator.py
[2026-01-09T12:16:04.113+0000] {processor.py:840} INFO - DAG(s) 'example_python_decorator' retrieved from /home/airflow/.local/lib/python3.8/site-packages/airflow/example_dags/example_python_decorator.py
[2026-01-09T12:16:04.151+0000] {logging_mixin.py:188} INFO - [2026-01-09T12:16:04.151+0000] {dag.py:3036} INFO - Sync 1 DAGs
[2026-01-09T12:16:04.169+0000] {logging_mixin.py:188} INFO - [2026-01-09T12:16:04.169+0000] {dag.py:3823} INFO - Setting next_dagrun for example_python_decorator to None, run_after=None
[2026-01-09T12:16:04.205+0000] {processor.py:183} INFO - Processing /home/airflow/.local/lib/python3.8/site-packages/airflow/example_dags/example_python_decorator.py took 0.130 seconds
[2026-01-09T12:16:34.814+0000] {processor.py:161} INFO - Started process (PID=3987) to work on /home/airflow/.local/lib/python3.8/site-packages/airflow/example_dags/example_python_decorator.py
[2026-01-09T12:16:34.816+0000] {processor.py:830} INFO - Processing file /home/airflow/.local/lib/python3.8/site-packages/airflow/example_dags/example_python_decorator.py for tasks to queue
[2026-01-09T12:16:34.818+0000] {logging_mixin.py:188} INFO - [2026-01-09T12:16:34.817+0000] {dagbag.py:538} INFO - Filling up the DagBag from /home/airflow/.local/lib/python3.8/site-packages/airflow/example_dags/example_python_decorator.py
[2026-01-09T12:16:34.864+0000] {processor.py:840} INFO - DAG(s) 'example_python_decorator' retrieved from /home/airflow/.local/lib/python3.8/site-packages/airflow/example_dags/example_python_decorator.py
[2026-01-09T12:16:34.932+0000] {logging_mixin.py:188} INFO - [2026-01-09T12:16:34.931+0000] {dag.py:3036} INFO - Sync 1 DAGs
[2026-01-09T12:16:34.960+0000] {logging_mixin.py:188} INFO - [2026-01-09T12:16:34.960+0000] {dag.py:3823} INFO - Setting next_dagrun for example_python_decorator to None, run_after=None
[2026-01-09T12:16:35.015+0000] {processor.py:183} INFO - Processing /home/airflow/.local/lib/python3.8/site-packages/airflow/example_dags/example_python_decorator.py took 0.213 seconds
[2026-01-09T12:17:05.480+0000] {processor.py:161} INFO - Started process (PID=4234) to work on /home/airflow/.local/lib/python3.8/site-packages/airflow/example_dags/example_python_decorator.py
[2026-01-09T12:17:05.485+0000] {processor.py:830} INFO - Processing file /home/airflow/.local/lib/python3.8/site-packages/airflow/example_dags/example_python_decorator.py for tasks to queue
[2026-01-09T12:17:05.486+0000] {logging_mixin.py:188} INFO - [2026-01-09T12:17:05.486+0000] {dagbag.py:538} INFO - Filling up the DagBag from /home/airflow/.local/lib/python3.8/site-packages/airflow/example_dags/example_python_decorator.py
[2026-01-09T12:17:05.512+0000] {processor.py:840} INFO - DAG(s) 'example_python_decorator' retrieved from /home/airflow/.local/lib/python3.8/site-packages/airflow/example_dags/example_python_decorator.py
[2026-01-09T12:17:05.558+0000] {logging_mixin.py:188} INFO - [2026-01-09T12:17:05.557+0000] {dag.py:3036} INFO - Sync 1 DAGs
[2026-01-09T12:17:05.581+0000] {logging_mixin.py:188} INFO - [2026-01-09T12:17:05.580+0000] {dag.py:3823} INFO - Setting next_dagrun for example_python_decorator to None, run_after=None
[2026-01-09T12:17:05.626+0000] {processor.py:183} INFO - Processing /home/airflow/.local/lib/python3.8/site-packages/airflow/example_dags/example_python_decorator.py took 0.153 seconds
[2026-01-09T12:17:35.979+0000] {processor.py:161} INFO - Started process (PID=4481) to work on /home/airflow/.local/lib/python3.8/site-packages/airflow/example_dags/example_python_decorator.py
[2026-01-09T12:17:35.981+0000] {processor.py:830} INFO - Processing file /home/airflow/.local/lib/python3.8/site-packages/airflow/example_dags/example_python_decorator.py for tasks to queue
[2026-01-09T12:17:35.983+0000] {logging_mixin.py:188} INFO - [2026-01-09T12:17:35.982+0000] {dagbag.py:538} INFO - Filling up the DagBag from /home/airflow/.local/lib/python3.8/site-packages/airflow/example_dags/example_python_decorator.py
[2026-01-09T12:17:36.012+0000] {processor.py:840} INFO - DAG(s) 'example_python_decorator' retrieved from /home/airflow/.local/lib/python3.8/site-packages/airflow/example_dags/example_python_decorator.py
[2026-01-09T12:17:36.067+0000] {logging_mixin.py:188} INFO - [2026-01-09T12:17:36.066+0000] {dag.py:3036} INFO - Sync 1 DAGs
[2026-01-09T12:17:36.088+0000] {logging_mixin.py:188} INFO - [2026-01-09T12:17:36.087+0000] {dag.py:3823} INFO - Setting next_dagrun for example_python_decorator to None, run_after=None
[2026-01-09T12:17:36.130+0000] {processor.py:183} INFO - Processing /home/airflow/.local/lib/python3.8/site-packages/airflow/example_dags/example_python_decorator.py took 0.159 seconds
[2026-01-09T12:18:07.007+0000] {processor.py:161} INFO - Started process (PID=4728) to work on /home/airflow/.local/lib/python3.8/site-packages/airflow/example_dags/example_python_decorator.py
[2026-01-09T12:18:07.010+0000] {processor.py:830} INFO - Processing file /home/airflow/.local/lib/python3.8/site-packages/airflow/example_dags/example_python_decorator.py for tasks to queue
[2026-01-09T12:18:07.013+0000] {logging_mixin.py:188} INFO - [2026-01-09T12:18:07.012+0000] {dagbag.py:538} INFO - Filling up the DagBag from /home/airflow/.local/lib/python3.8/site-packages/airflow/example_dags/example_python_decorator.py
[2026-01-09T12:18:07.041+0000] {processor.py:840} INFO - DAG(s) 'example_python_decorator' retrieved from /home/airflow/.local/lib/python3.8/site-packages/airflow/example_dags/example_python_decorator.py
[2026-01-09T12:18:07.088+0000] {logging_mixin.py:188} INFO - [2026-01-09T12:18:07.088+0000] {dag.py:3036} INFO - Sync 1 DAGs
[2026-01-09T12:18:07.116+0000] {logging_mixin.py:188} INFO - [2026-01-09T12:18:07.116+0000] {dag.py:3823} INFO - Setting next_dagrun for example_python_decorator to None, run_after=None
[2026-01-09T12:18:07.169+0000] {processor.py:183} INFO - Processing /home/airflow/.local/lib/python3.8/site-packages/airflow/example_dags/example_python_decorator.py took 0.172 seconds
[2026-01-09T12:18:37.335+0000] {processor.py:161} INFO - Started process (PID=4972) to work on /home/airflow/.local/lib/python3.8/site-packages/airflow/example_dags/example_python_decorator.py
[2026-01-09T12:18:37.339+0000] {processor.py:830} INFO - Processing file /home/airflow/.local/lib/python3.8/site-packages/airflow/example_dags/example_python_decorator.py for tasks to queue
[2026-01-09T12:18:37.341+0000] {logging_mixin.py:188} INFO - [2026-01-09T12:18:37.340+0000] {dagbag.py:538} INFO - Filling up the DagBag from /home/airflow/.local/lib/python3.8/site-packages/airflow/example_dags/example_python_decorator.py
[2026-01-09T12:18:37.367+0000] {processor.py:840} INFO - DAG(s) 'example_python_decorator' retrieved from /home/airflow/.local/lib/python3.8/site-packages/airflow/example_dags/example_python_decorator.py
[2026-01-09T12:18:37.409+0000] {logging_mixin.py:188} INFO - [2026-01-09T12:18:37.408+0000] {dag.py:3036} INFO - Sync 1 DAGs
[2026-01-09T12:18:37.430+0000] {logging_mixin.py:188} INFO - [2026-01-09T12:18:37.429+0000] {dag.py:3823} INFO - Setting next_dagrun for example_python_decorator to None, run_after=None
[2026-01-09T12:18:37.475+0000] {processor.py:183} INFO - Processing /home/airflow/.local/lib/python3.8/site-packages/airflow/example_dags/example_python_decorator.py took 0.149 seconds
[2026-01-09T12:19:08.035+0000] {processor.py:161} INFO - Started process (PID=5219) to work on /home/airflow/.local/lib/python3.8/site-packages/airflow/example_dags/example_python_decorator.py
[2026-01-09T12:19:08.037+0000] {processor.py:830} INFO - Processing file /home/airflow/.local/lib/python3.8/site-packages/airflow/example_dags/example_python_decorator.py for tasks to queue
[2026-01-09T12:19:08.039+0000] {logging_mixin.py:188} INFO - [2026-01-09T12:19:08.038+0000] {dagbag.py:538} INFO - Filling up the DagBag from /home/airflow/.local/lib/python3.8/site-packages/airflow/example_dags/example_python_decorator.py
[2026-01-09T12:19:08.068+0000] {processor.py:840} INFO - DAG(s) 'example_python_decorator' retrieved from /home/airflow/.local/lib/python3.8/site-packages/airflow/example_dags/example_python_decorator.py
[2026-01-09T12:19:08.124+0000] {logging_mixin.py:188} INFO - [2026-01-09T12:19:08.123+0000] {dag.py:3036} INFO - Sync 1 DAGs
[2026-01-09T12:19:08.153+0000] {logging_mixin.py:188} INFO - [2026-01-09T12:19:08.152+0000] {dag.py:3823} INFO - Setting next_dagrun for example_python_decorator to None, run_after=None
[2026-01-09T12:19:08.209+0000] {processor.py:183} INFO - Processing /home/airflow/.local/lib/python3.8/site-packages/airflow/example_dags/example_python_decorator.py took 0.183 seconds
[2026-01-09T12:19:38.740+0000] {processor.py:161} INFO - Started process (PID=5466) to work on /home/airflow/.local/lib/python3.8/site-packages/airflow/example_dags/example_python_decorator.py
[2026-01-09T12:19:38.745+0000] {processor.py:830} INFO - Processing file /home/airflow/.local/lib/python3.8/site-packages/airflow/example_dags/example_python_decorator.py for tasks to queue
[2026-01-09T12:19:38.749+0000] {logging_mixin.py:188} INFO - [2026-01-09T12:19:38.747+0000] {dagbag.py:538} INFO - Filling up the DagBag from /home/airflow/.local/lib/python3.8/site-packages/airflow/example_dags/example_python_decorator.py
[2026-01-09T12:19:38.772+0000] {processor.py:840} INFO - DAG(s) 'example_python_decorator' retrieved from /home/airflow/.local/lib/python3.8/site-packages/airflow/example_dags/example_python_decorator.py
[2026-01-09T12:19:38.823+0000] {logging_mixin.py:188} INFO - [2026-01-09T12:19:38.823+0000] {dag.py:3036} INFO - Sync 1 DAGs
[2026-01-09T12:19:38.851+0000] {logging_mixin.py:188} INFO - [2026-01-09T12:19:38.851+0000] {dag.py:3823} INFO - Setting next_dagrun for example_python_decorator to None, run_after=None
[2026-01-09T12:19:38.911+0000] {processor.py:183} INFO - Processing /home/airflow/.local/lib/python3.8/site-packages/airflow/example_dags/example_python_decorator.py took 0.182 seconds
[2026-01-09T12:20:09.626+0000] {processor.py:161} INFO - Started process (PID=5716) to work on /home/airflow/.local/lib/python3.8/site-packages/airflow/example_dags/example_python_decorator.py
[2026-01-09T12:20:09.628+0000] {processor.py:830} INFO - Processing file /home/airflow/.local/lib/python3.8/site-packages/airflow/example_dags/example_python_decorator.py for tasks to queue
[2026-01-09T12:20:09.630+0000] {logging_mixin.py:188} INFO - [2026-01-09T12:20:09.629+0000] {dagbag.py:538} INFO - Filling up the DagBag from /home/airflow/.local/lib/python3.8/site-packages/airflow/example_dags/example_python_decorator.py
[2026-01-09T12:20:09.658+0000] {processor.py:840} INFO - DAG(s) 'example_python_decorator' retrieved from /home/airflow/.local/lib/python3.8/site-packages/airflow/example_dags/example_python_decorator.py
[2026-01-09T12:20:09.718+0000] {logging_mixin.py:188} INFO - [2026-01-09T12:20:09.718+0000] {dag.py:3036} INFO - Sync 1 DAGs
[2026-01-09T12:20:09.750+0000] {logging_mixin.py:188} INFO - [2026-01-09T12:20:09.749+0000] {dag.py:3823} INFO - Setting next_dagrun for example_python_decorator to None, run_after=None
[2026-01-09T12:20:09.797+0000] {processor.py:183} INFO - Processing /home/airflow/.local/lib/python3.8/site-packages/airflow/example_dags/example_python_decorator.py took 0.177 seconds
[2026-01-09T12:20:40.056+0000] {processor.py:161} INFO - Started process (PID=5960) to work on /home/airflow/.local/lib/python3.8/site-packages/airflow/example_dags/example_python_decorator.py
[2026-01-09T12:20:40.062+0000] {processor.py:830} INFO - Processing file /home/airflow/.local/lib/python3.8/site-packages/airflow/example_dags/example_python_decorator.py for tasks to queue
[2026-01-09T12:20:40.064+0000] {logging_mixin.py:188} INFO - [2026-01-09T12:20:40.064+0000] {dagbag.py:538} INFO - Filling up the DagBag from /home/airflow/.local/lib/python3.8/site-packages/airflow/example_dags/example_python_decorator.py
[2026-01-09T12:20:40.092+0000] {processor.py:840} INFO - DAG(s) 'example_python_decorator' retrieved from /home/airflow/.local/lib/python3.8/site-packages/airflow/example_dags/example_python_decorator.py
[2026-01-09T12:20:40.144+0000] {logging_mixin.py:188} INFO - [2026-01-09T12:20:40.143+0000] {dag.py:3036} INFO - Sync 1 DAGs
[2026-01-09T12:20:40.170+0000] {logging_mixin.py:188} INFO - [2026-01-09T12:20:40.170+0000] {dag.py:3823} INFO - Setting next_dagrun for example_python_decorator to None, run_after=None
[2026-01-09T12:20:40.214+0000] {processor.py:183} INFO - Processing /home/airflow/.local/lib/python3.8/site-packages/airflow/example_dags/example_python_decorator.py took 0.165 seconds
[2026-01-09T12:21:10.781+0000] {processor.py:161} INFO - Started process (PID=6207) to work on /home/airflow/.local/lib/python3.8/site-packages/airflow/example_dags/example_python_decorator.py
[2026-01-09T12:21:10.784+0000] {processor.py:830} INFO - Processing file /home/airflow/.local/lib/python3.8/site-packages/airflow/example_dags/example_python_decorator.py for tasks to queue
[2026-01-09T12:21:10.786+0000] {logging_mixin.py:188} INFO - [2026-01-09T12:21:10.785+0000] {dagbag.py:538} INFO - Filling up the DagBag from /home/airflow/.local/lib/python3.8/site-packages/airflow/example_dags/example_python_decorator.py
[2026-01-09T12:21:10.820+0000] {processor.py:840} INFO - DAG(s) 'example_python_decorator' retrieved from /home/airflow/.local/lib/python3.8/site-packages/airflow/example_dags/example_python_decorator.py
[2026-01-09T12:21:10.877+0000] {logging_mixin.py:188} INFO - [2026-01-09T12:21:10.876+0000] {dag.py:3036} INFO - Sync 1 DAGs
[2026-01-09T12:21:10.902+0000] {logging_mixin.py:188} INFO - [2026-01-09T12:21:10.902+0000] {dag.py:3823} INFO - Setting next_dagrun for example_python_decorator to None, run_after=None
[2026-01-09T12:21:10.949+0000] {processor.py:183} INFO - Processing /home/airflow/.local/lib/python3.8/site-packages/airflow/example_dags/example_python_decorator.py took 0.177 seconds
[2026-01-09T12:21:41.408+0000] {processor.py:161} INFO - Started process (PID=6454) to work on /home/airflow/.local/lib/python3.8/site-packages/airflow/example_dags/example_python_decorator.py
[2026-01-09T12:21:41.411+0000] {processor.py:830} INFO - Processing file /home/airflow/.local/lib/python3.8/site-packages/airflow/example_dags/example_python_decorator.py for tasks to queue
[2026-01-09T12:21:41.413+0000] {logging_mixin.py:188} INFO - [2026-01-09T12:21:41.412+0000] {dagbag.py:538} INFO - Filling up the DagBag from /home/airflow/.local/lib/python3.8/site-packages/airflow/example_dags/example_python_decorator.py
[2026-01-09T12:21:41.455+0000] {processor.py:840} INFO - DAG(s) 'example_python_decorator' retrieved from /home/airflow/.local/lib/python3.8/site-packages/airflow/example_dags/example_python_decorator.py
[2026-01-09T12:21:41.465+0000] {logging_mixin.py:188} INFO - [2026-01-09T12:21:41.465+0000] {dag.py:3036} INFO - Sync 1 DAGs
[2026-01-09T12:21:41.506+0000] {logging_mixin.py:188} INFO - [2026-01-09T12:21:41.506+0000] {dag.py:3823} INFO - Setting next_dagrun for example_python_decorator to None, run_after=None
[2026-01-09T12:21:41.582+0000] {processor.py:183} INFO - Processing /home/airflow/.local/lib/python3.8/site-packages/airflow/example_dags/example_python_decorator.py took 0.305 seconds
[2026-01-09T12:22:11.676+0000] {processor.py:161} INFO - Started process (PID=6702) to work on /home/airflow/.local/lib/python3.8/site-packages/airflow/example_dags/example_python_decorator.py
[2026-01-09T12:22:11.679+0000] {processor.py:830} INFO - Processing file /home/airflow/.local/lib/python3.8/site-packages/airflow/example_dags/example_python_decorator.py for tasks to queue
[2026-01-09T12:22:11.680+0000] {logging_mixin.py:188} INFO - [2026-01-09T12:22:11.680+0000] {dagbag.py:538} INFO - Filling up the DagBag from /home/airflow/.local/lib/python3.8/site-packages/airflow/example_dags/example_python_decorator.py
[2026-01-09T12:22:11.709+0000] {processor.py:840} INFO - DAG(s) 'example_python_decorator' retrieved from /home/airflow/.local/lib/python3.8/site-packages/airflow/example_dags/example_python_decorator.py
[2026-01-09T12:22:11.758+0000] {logging_mixin.py:188} INFO - [2026-01-09T12:22:11.757+0000] {dag.py:3036} INFO - Sync 1 DAGs
[2026-01-09T12:22:11.781+0000] {logging_mixin.py:188} INFO - [2026-01-09T12:22:11.781+0000] {dag.py:3823} INFO - Setting next_dagrun for example_python_decorator to None, run_after=None
[2026-01-09T12:22:11.829+0000] {processor.py:183} INFO - Processing /home/airflow/.local/lib/python3.8/site-packages/airflow/example_dags/example_python_decorator.py took 0.164 seconds
[2026-01-09T12:22:42.172+0000] {processor.py:161} INFO - Started process (PID=6949) to work on /home/airflow/.local/lib/python3.8/site-packages/airflow/example_dags/example_python_decorator.py
[2026-01-09T12:22:42.174+0000] {processor.py:830} INFO - Processing file /home/airflow/.local/lib/python3.8/site-packages/airflow/example_dags/example_python_decorator.py for tasks to queue
[2026-01-09T12:22:42.175+0000] {logging_mixin.py:188} INFO - [2026-01-09T12:22:42.175+0000] {dagbag.py:538} INFO - Filling up the DagBag from /home/airflow/.local/lib/python3.8/site-packages/airflow/example_dags/example_python_decorator.py
[2026-01-09T12:22:42.203+0000] {processor.py:840} INFO - DAG(s) 'example_python_decorator' retrieved from /home/airflow/.local/lib/python3.8/site-packages/airflow/example_dags/example_python_decorator.py
[2026-01-09T12:22:42.254+0000] {logging_mixin.py:188} INFO - [2026-01-09T12:22:42.253+0000] {dag.py:3036} INFO - Sync 1 DAGs
[2026-01-09T12:22:42.279+0000] {logging_mixin.py:188} INFO - [2026-01-09T12:22:42.279+0000] {dag.py:3823} INFO - Setting next_dagrun for example_python_decorator to None, run_after=None
[2026-01-09T12:22:42.331+0000] {processor.py:183} INFO - Processing /home/airflow/.local/lib/python3.8/site-packages/airflow/example_dags/example_python_decorator.py took 0.166 seconds
[2026-01-09T12:23:12.517+0000] {processor.py:161} INFO - Started process (PID=7196) to work on /home/airflow/.local/lib/python3.8/site-packages/airflow/example_dags/example_python_decorator.py
[2026-01-09T12:23:12.527+0000] {processor.py:830} INFO - Processing file /home/airflow/.local/lib/python3.8/site-packages/airflow/example_dags/example_python_decorator.py for tasks to queue
[2026-01-09T12:23:12.529+0000] {logging_mixin.py:188} INFO - [2026-01-09T12:23:12.528+0000] {dagbag.py:538} INFO - Filling up the DagBag from /home/airflow/.local/lib/python3.8/site-packages/airflow/example_dags/example_python_decorator.py
[2026-01-09T12:23:12.554+0000] {processor.py:840} INFO - DAG(s) 'example_python_decorator' retrieved from /home/airflow/.local/lib/python3.8/site-packages/airflow/example_dags/example_python_decorator.py
[2026-01-09T12:23:12.599+0000] {logging_mixin.py:188} INFO - [2026-01-09T12:23:12.599+0000] {dag.py:3036} INFO - Sync 1 DAGs
[2026-01-09T12:23:12.623+0000] {logging_mixin.py:188} INFO - [2026-01-09T12:23:12.622+0000] {dag.py:3823} INFO - Setting next_dagrun for example_python_decorator to None, run_after=None
[2026-01-09T12:23:12.668+0000] {processor.py:183} INFO - Processing /home/airflow/.local/lib/python3.8/site-packages/airflow/example_dags/example_python_decorator.py took 0.160 seconds
[2026-01-09T12:23:42.886+0000] {processor.py:161} INFO - Started process (PID=7443) to work on /home/airflow/.local/lib/python3.8/site-packages/airflow/example_dags/example_python_decorator.py
[2026-01-09T12:23:42.888+0000] {processor.py:830} INFO - Processing file /home/airflow/.local/lib/python3.8/site-packages/airflow/example_dags/example_python_decorator.py for tasks to queue
[2026-01-09T12:23:42.891+0000] {logging_mixin.py:188} INFO - [2026-01-09T12:23:42.890+0000] {dagbag.py:538} INFO - Filling up the DagBag from /home/airflow/.local/lib/python3.8/site-packages/airflow/example_dags/example_python_decorator.py
[2026-01-09T12:23:42.920+0000] {processor.py:840} INFO - DAG(s) 'example_python_decorator' retrieved from /home/airflow/.local/lib/python3.8/site-packages/airflow/example_dags/example_python_decorator.py
[2026-01-09T12:23:42.969+0000] {logging_mixin.py:188} INFO - [2026-01-09T12:23:42.968+0000] {dag.py:3036} INFO - Sync 1 DAGs
[2026-01-09T12:23:42.991+0000] {logging_mixin.py:188} INFO - [2026-01-09T12:23:42.990+0000] {dag.py:3823} INFO - Setting next_dagrun for example_python_decorator to None, run_after=None
[2026-01-09T12:23:43.037+0000] {processor.py:183} INFO - Processing /home/airflow/.local/lib/python3.8/site-packages/airflow/example_dags/example_python_decorator.py took 0.158 seconds
[2026-01-09T12:24:13.636+0000] {processor.py:161} INFO - Started process (PID=7691) to work on /home/airflow/.local/lib/python3.8/site-packages/airflow/example_dags/example_python_decorator.py
[2026-01-09T12:24:13.643+0000] {processor.py:830} INFO - Processing file /home/airflow/.local/lib/python3.8/site-packages/airflow/example_dags/example_python_decorator.py for tasks to queue
[2026-01-09T12:24:13.646+0000] {logging_mixin.py:188} INFO - [2026-01-09T12:24:13.645+0000] {dagbag.py:538} INFO - Filling up the DagBag from /home/airflow/.local/lib/python3.8/site-packages/airflow/example_dags/example_python_decorator.py
[2026-01-09T12:24:13.677+0000] {processor.py:840} INFO - DAG(s) 'example_python_decorator' retrieved from /home/airflow/.local/lib/python3.8/site-packages/airflow/example_dags/example_python_decorator.py
[2026-01-09T12:24:13.731+0000] {logging_mixin.py:188} INFO - [2026-01-09T12:24:13.730+0000] {dag.py:3036} INFO - Sync 1 DAGs
[2026-01-09T12:24:13.756+0000] {logging_mixin.py:188} INFO - [2026-01-09T12:24:13.756+0000] {dag.py:3823} INFO - Setting next_dagrun for example_python_decorator to None, run_after=None
[2026-01-09T12:24:13.824+0000] {processor.py:183} INFO - Processing /home/airflow/.local/lib/python3.8/site-packages/airflow/example_dags/example_python_decorator.py took 0.194 seconds
[2026-01-09T12:24:44.166+0000] {processor.py:161} INFO - Started process (PID=7938) to work on /home/airflow/.local/lib/python3.8/site-packages/airflow/example_dags/example_python_decorator.py
[2026-01-09T12:24:44.173+0000] {processor.py:830} INFO - Processing file /home/airflow/.local/lib/python3.8/site-packages/airflow/example_dags/example_python_decorator.py for tasks to queue
[2026-01-09T12:24:44.175+0000] {logging_mixin.py:188} INFO - [2026-01-09T12:24:44.175+0000] {dagbag.py:538} INFO - Filling up the DagBag from /home/airflow/.local/lib/python3.8/site-packages/airflow/example_dags/example_python_decorator.py
[2026-01-09T12:24:44.210+0000] {processor.py:840} INFO - DAG(s) 'example_python_decorator' retrieved from /home/airflow/.local/lib/python3.8/site-packages/airflow/example_dags/example_python_decorator.py
[2026-01-09T12:24:44.265+0000] {logging_mixin.py:188} INFO - [2026-01-09T12:24:44.264+0000] {dag.py:3036} INFO - Sync 1 DAGs
[2026-01-09T12:24:44.291+0000] {logging_mixin.py:188} INFO - [2026-01-09T12:24:44.290+0000] {dag.py:3823} INFO - Setting next_dagrun for example_python_decorator to None, run_after=None
[2026-01-09T12:24:44.341+0000] {processor.py:183} INFO - Processing /home/airflow/.local/lib/python3.8/site-packages/airflow/example_dags/example_python_decorator.py took 0.182 seconds
[2026-01-09T12:25:15.177+0000] {processor.py:161} INFO - Started process (PID=8185) to work on /home/airflow/.local/lib/python3.8/site-packages/airflow/example_dags/example_python_decorator.py
[2026-01-09T12:25:15.198+0000] {processor.py:830} INFO - Processing file /home/airflow/.local/lib/python3.8/site-packages/airflow/example_dags/example_python_decorator.py for tasks to queue
[2026-01-09T12:25:15.200+0000] {logging_mixin.py:188} INFO - [2026-01-09T12:25:15.199+0000] {dagbag.py:538} INFO - Filling up the DagBag from /home/airflow/.local/lib/python3.8/site-packages/airflow/example_dags/example_python_decorator.py
[2026-01-09T12:25:15.220+0000] {processor.py:840} INFO - DAG(s) 'example_python_decorator' retrieved from /home/airflow/.local/lib/python3.8/site-packages/airflow/example_dags/example_python_decorator.py
[2026-01-09T12:25:15.268+0000] {logging_mixin.py:188} INFO - [2026-01-09T12:25:15.268+0000] {dag.py:3036} INFO - Sync 1 DAGs
[2026-01-09T12:25:15.292+0000] {logging_mixin.py:188} INFO - [2026-01-09T12:25:15.292+0000] {dag.py:3823} INFO - Setting next_dagrun for example_python_decorator to None, run_after=None
[2026-01-09T12:25:15.340+0000] {processor.py:183} INFO - Processing /home/airflow/.local/lib/python3.8/site-packages/airflow/example_dags/example_python_decorator.py took 0.169 seconds
[2026-01-09T12:25:45.950+0000] {processor.py:161} INFO - Started process (PID=8433) to work on /home/airflow/.local/lib/python3.8/site-packages/airflow/example_dags/example_python_decorator.py
[2026-01-09T12:25:45.956+0000] {processor.py:830} INFO - Processing file /home/airflow/.local/lib/python3.8/site-packages/airflow/example_dags/example_python_decorator.py for tasks to queue
[2026-01-09T12:25:45.957+0000] {logging_mixin.py:188} INFO - [2026-01-09T12:25:45.956+0000] {dagbag.py:538} INFO - Filling up the DagBag from /home/airflow/.local/lib/python3.8/site-packages/airflow/example_dags/example_python_decorator.py
[2026-01-09T12:25:45.980+0000] {processor.py:840} INFO - DAG(s) 'example_python_decorator' retrieved from /home/airflow/.local/lib/python3.8/site-packages/airflow/example_dags/example_python_decorator.py
[2026-01-09T12:25:46.024+0000] {logging_mixin.py:188} INFO - [2026-01-09T12:25:46.024+0000] {dag.py:3036} INFO - Sync 1 DAGs
[2026-01-09T12:25:46.049+0000] {logging_mixin.py:188} INFO - [2026-01-09T12:25:46.048+0000] {dag.py:3823} INFO - Setting next_dagrun for example_python_decorator to None, run_after=None
[2026-01-09T12:25:46.107+0000] {processor.py:183} INFO - Processing /home/airflow/.local/lib/python3.8/site-packages/airflow/example_dags/example_python_decorator.py took 0.163 seconds
[2026-01-09T12:26:16.921+0000] {processor.py:161} INFO - Started process (PID=8680) to work on /home/airflow/.local/lib/python3.8/site-packages/airflow/example_dags/example_python_decorator.py
[2026-01-09T12:26:16.948+0000] {processor.py:830} INFO - Processing file /home/airflow/.local/lib/python3.8/site-packages/airflow/example_dags/example_python_decorator.py for tasks to queue
[2026-01-09T12:26:16.950+0000] {logging_mixin.py:188} INFO - [2026-01-09T12:26:16.949+0000] {dagbag.py:538} INFO - Filling up the DagBag from /home/airflow/.local/lib/python3.8/site-packages/airflow/example_dags/example_python_decorator.py
[2026-01-09T12:26:16.976+0000] {processor.py:840} INFO - DAG(s) 'example_python_decorator' retrieved from /home/airflow/.local/lib/python3.8/site-packages/airflow/example_dags/example_python_decorator.py
[2026-01-09T12:26:17.025+0000] {logging_mixin.py:188} INFO - [2026-01-09T12:26:17.025+0000] {dag.py:3036} INFO - Sync 1 DAGs
[2026-01-09T12:26:17.048+0000] {logging_mixin.py:188} INFO - [2026-01-09T12:26:17.048+0000] {dag.py:3823} INFO - Setting next_dagrun for example_python_decorator to None, run_after=None
[2026-01-09T12:26:17.092+0000] {processor.py:183} INFO - Processing /home/airflow/.local/lib/python3.8/site-packages/airflow/example_dags/example_python_decorator.py took 0.178 seconds
[2026-01-09T12:26:48.109+0000] {processor.py:161} INFO - Started process (PID=8927) to work on /home/airflow/.local/lib/python3.8/site-packages/airflow/example_dags/example_python_decorator.py
[2026-01-09T12:26:48.112+0000] {processor.py:830} INFO - Processing file /home/airflow/.local/lib/python3.8/site-packages/airflow/example_dags/example_python_decorator.py for tasks to queue
[2026-01-09T12:26:48.114+0000] {logging_mixin.py:188} INFO - [2026-01-09T12:26:48.113+0000] {dagbag.py:538} INFO - Filling up the DagBag from /home/airflow/.local/lib/python3.8/site-packages/airflow/example_dags/example_python_decorator.py
[2026-01-09T12:26:48.159+0000] {processor.py:840} INFO - DAG(s) 'example_python_decorator' retrieved from /home/airflow/.local/lib/python3.8/site-packages/airflow/example_dags/example_python_decorator.py
[2026-01-09T12:26:48.204+0000] {logging_mixin.py:188} INFO - [2026-01-09T12:26:48.204+0000] {dag.py:3036} INFO - Sync 1 DAGs
[2026-01-09T12:26:48.229+0000] {logging_mixin.py:188} INFO - [2026-01-09T12:26:48.228+0000] {dag.py:3823} INFO - Setting next_dagrun for example_python_decorator to None, run_after=None
[2026-01-09T12:26:48.276+0000] {processor.py:183} INFO - Processing /home/airflow/.local/lib/python3.8/site-packages/airflow/example_dags/example_python_decorator.py took 0.176 seconds
[2026-01-09T12:27:18.585+0000] {processor.py:161} INFO - Started process (PID=9174) to work on /home/airflow/.local/lib/python3.8/site-packages/airflow/example_dags/example_python_decorator.py
[2026-01-09T12:27:18.591+0000] {processor.py:830} INFO - Processing file /home/airflow/.local/lib/python3.8/site-packages/airflow/example_dags/example_python_decorator.py for tasks to queue
[2026-01-09T12:27:18.593+0000] {logging_mixin.py:188} INFO - [2026-01-09T12:27:18.592+0000] {dagbag.py:538} INFO - Filling up the DagBag from /home/airflow/.local/lib/python3.8/site-packages/airflow/example_dags/example_python_decorator.py
[2026-01-09T12:27:18.622+0000] {processor.py:840} INFO - DAG(s) 'example_python_decorator' retrieved from /home/airflow/.local/lib/python3.8/site-packages/airflow/example_dags/example_python_decorator.py
[2026-01-09T12:27:18.661+0000] {logging_mixin.py:188} INFO - [2026-01-09T12:27:18.661+0000] {dag.py:3036} INFO - Sync 1 DAGs
[2026-01-09T12:27:18.682+0000] {logging_mixin.py:188} INFO - [2026-01-09T12:27:18.681+0000] {dag.py:3823} INFO - Setting next_dagrun for example_python_decorator to None, run_after=None
[2026-01-09T12:27:18.724+0000] {processor.py:183} INFO - Processing /home/airflow/.local/lib/python3.8/site-packages/airflow/example_dags/example_python_decorator.py took 0.146 seconds
[2026-01-09T12:27:49.488+0000] {processor.py:161} INFO - Started process (PID=9415) to work on /home/airflow/.local/lib/python3.8/site-packages/airflow/example_dags/example_python_decorator.py
[2026-01-09T12:27:49.493+0000] {processor.py:830} INFO - Processing file /home/airflow/.local/lib/python3.8/site-packages/airflow/example_dags/example_python_decorator.py for tasks to queue
[2026-01-09T12:27:49.495+0000] {logging_mixin.py:188} INFO - [2026-01-09T12:27:49.494+0000] {dagbag.py:538} INFO - Filling up the DagBag from /home/airflow/.local/lib/python3.8/site-packages/airflow/example_dags/example_python_decorator.py
[2026-01-09T12:27:49.519+0000] {processor.py:840} INFO - DAG(s) 'example_python_decorator' retrieved from /home/airflow/.local/lib/python3.8/site-packages/airflow/example_dags/example_python_decorator.py
[2026-01-09T12:27:49.563+0000] {logging_mixin.py:188} INFO - [2026-01-09T12:27:49.563+0000] {dag.py:3036} INFO - Sync 1 DAGs
[2026-01-09T12:27:49.583+0000] {logging_mixin.py:188} INFO - [2026-01-09T12:27:49.583+0000] {dag.py:3823} INFO - Setting next_dagrun for example_python_decorator to None, run_after=None
[2026-01-09T12:27:49.623+0000] {processor.py:183} INFO - Processing /home/airflow/.local/lib/python3.8/site-packages/airflow/example_dags/example_python_decorator.py took 0.142 seconds
[2026-01-09T12:28:20.333+0000] {processor.py:161} INFO - Started process (PID=9662) to work on /home/airflow/.local/lib/python3.8/site-packages/airflow/example_dags/example_python_decorator.py
[2026-01-09T12:28:20.338+0000] {processor.py:830} INFO - Processing file /home/airflow/.local/lib/python3.8/site-packages/airflow/example_dags/example_python_decorator.py for tasks to queue
[2026-01-09T12:28:20.340+0000] {logging_mixin.py:188} INFO - [2026-01-09T12:28:20.339+0000] {dagbag.py:538} INFO - Filling up the DagBag from /home/airflow/.local/lib/python3.8/site-packages/airflow/example_dags/example_python_decorator.py
[2026-01-09T12:28:20.364+0000] {processor.py:840} INFO - DAG(s) 'example_python_decorator' retrieved from /home/airflow/.local/lib/python3.8/site-packages/airflow/example_dags/example_python_decorator.py
[2026-01-09T12:28:20.410+0000] {logging_mixin.py:188} INFO - [2026-01-09T12:28:20.410+0000] {dag.py:3036} INFO - Sync 1 DAGs
[2026-01-09T12:28:20.435+0000] {logging_mixin.py:188} INFO - [2026-01-09T12:28:20.434+0000] {dag.py:3823} INFO - Setting next_dagrun for example_python_decorator to None, run_after=None
[2026-01-09T12:28:20.483+0000] {processor.py:183} INFO - Processing /home/airflow/.local/lib/python3.8/site-packages/airflow/example_dags/example_python_decorator.py took 0.156 seconds
[2026-01-09T12:28:50.804+0000] {processor.py:161} INFO - Started process (PID=9909) to work on /home/airflow/.local/lib/python3.8/site-packages/airflow/example_dags/example_python_decorator.py
[2026-01-09T12:28:50.809+0000] {processor.py:830} INFO - Processing file /home/airflow/.local/lib/python3.8/site-packages/airflow/example_dags/example_python_decorator.py for tasks to queue
[2026-01-09T12:28:50.811+0000] {logging_mixin.py:188} INFO - [2026-01-09T12:28:50.810+0000] {dagbag.py:538} INFO - Filling up the DagBag from /home/airflow/.local/lib/python3.8/site-packages/airflow/example_dags/example_python_decorator.py
[2026-01-09T12:28:50.856+0000] {processor.py:840} INFO - DAG(s) 'example_python_decorator' retrieved from /home/airflow/.local/lib/python3.8/site-packages/airflow/example_dags/example_python_decorator.py
[2026-01-09T12:28:50.935+0000] {logging_mixin.py:188} INFO - [2026-01-09T12:28:50.934+0000] {dag.py:3036} INFO - Sync 1 DAGs
[2026-01-09T12:28:50.963+0000] {logging_mixin.py:188} INFO - [2026-01-09T12:28:50.963+0000] {dag.py:3823} INFO - Setting next_dagrun for example_python_decorator to None, run_after=None
[2026-01-09T12:28:51.041+0000] {processor.py:183} INFO - Processing /home/airflow/.local/lib/python3.8/site-packages/airflow/example_dags/example_python_decorator.py took 0.248 seconds
[2026-01-09T12:29:21.502+0000] {processor.py:161} INFO - Started process (PID=10156) to work on /home/airflow/.local/lib/python3.8/site-packages/airflow/example_dags/example_python_decorator.py
[2026-01-09T12:29:21.504+0000] {processor.py:830} INFO - Processing file /home/airflow/.local/lib/python3.8/site-packages/airflow/example_dags/example_python_decorator.py for tasks to queue
[2026-01-09T12:29:21.505+0000] {logging_mixin.py:188} INFO - [2026-01-09T12:29:21.505+0000] {dagbag.py:538} INFO - Filling up the DagBag from /home/airflow/.local/lib/python3.8/site-packages/airflow/example_dags/example_python_decorator.py
[2026-01-09T12:29:21.532+0000] {processor.py:840} INFO - DAG(s) 'example_python_decorator' retrieved from /home/airflow/.local/lib/python3.8/site-packages/airflow/example_dags/example_python_decorator.py
[2026-01-09T12:29:21.581+0000] {logging_mixin.py:188} INFO - [2026-01-09T12:29:21.580+0000] {dag.py:3036} INFO - Sync 1 DAGs
[2026-01-09T12:29:21.601+0000] {logging_mixin.py:188} INFO - [2026-01-09T12:29:21.600+0000] {dag.py:3823} INFO - Setting next_dagrun for example_python_decorator to None, run_after=None
[2026-01-09T12:29:21.644+0000] {processor.py:183} INFO - Processing /home/airflow/.local/lib/python3.8/site-packages/airflow/example_dags/example_python_decorator.py took 0.149 seconds
[2026-01-09T12:29:52.343+0000] {processor.py:161} INFO - Started process (PID=10403) to work on /home/airflow/.local/lib/python3.8/site-packages/airflow/example_dags/example_python_decorator.py
[2026-01-09T12:29:52.346+0000] {processor.py:830} INFO - Processing file /home/airflow/.local/lib/python3.8/site-packages/airflow/example_dags/example_python_decorator.py for tasks to queue
[2026-01-09T12:29:52.348+0000] {logging_mixin.py:188} INFO - [2026-01-09T12:29:52.347+0000] {dagbag.py:538} INFO - Filling up the DagBag from /home/airflow/.local/lib/python3.8/site-packages/airflow/example_dags/example_python_decorator.py
[2026-01-09T12:29:52.380+0000] {processor.py:840} INFO - DAG(s) 'example_python_decorator' retrieved from /home/airflow/.local/lib/python3.8/site-packages/airflow/example_dags/example_python_decorator.py
[2026-01-09T12:29:52.435+0000] {logging_mixin.py:188} INFO - [2026-01-09T12:29:52.434+0000] {dag.py:3036} INFO - Sync 1 DAGs
[2026-01-09T12:29:52.460+0000] {logging_mixin.py:188} INFO - [2026-01-09T12:29:52.460+0000] {dag.py:3823} INFO - Setting next_dagrun for example_python_decorator to None, run_after=None
[2026-01-09T12:29:52.523+0000] {processor.py:183} INFO - Processing /home/airflow/.local/lib/python3.8/site-packages/airflow/example_dags/example_python_decorator.py took 0.188 seconds
[2026-01-09T12:30:23.385+0000] {processor.py:161} INFO - Started process (PID=10657) to work on /home/airflow/.local/lib/python3.8/site-packages/airflow/example_dags/example_python_decorator.py
[2026-01-09T12:30:23.387+0000] {processor.py:830} INFO - Processing file /home/airflow/.local/lib/python3.8/site-packages/airflow/example_dags/example_python_decorator.py for tasks to queue
[2026-01-09T12:30:23.389+0000] {logging_mixin.py:188} INFO - [2026-01-09T12:30:23.388+0000] {dagbag.py:538} INFO - Filling up the DagBag from /home/airflow/.local/lib/python3.8/site-packages/airflow/example_dags/example_python_decorator.py
[2026-01-09T12:30:23.413+0000] {processor.py:840} INFO - DAG(s) 'example_python_decorator' retrieved from /home/airflow/.local/lib/python3.8/site-packages/airflow/example_dags/example_python_decorator.py
[2026-01-09T12:30:23.459+0000] {logging_mixin.py:188} INFO - [2026-01-09T12:30:23.458+0000] {dag.py:3036} INFO - Sync 1 DAGs
[2026-01-09T12:30:23.480+0000] {logging_mixin.py:188} INFO - [2026-01-09T12:30:23.479+0000] {dag.py:3823} INFO - Setting next_dagrun for example_python_decorator to None, run_after=None
[2026-01-09T12:30:23.525+0000] {processor.py:183} INFO - Processing /home/airflow/.local/lib/python3.8/site-packages/airflow/example_dags/example_python_decorator.py took 0.147 seconds
[2026-01-09T12:30:54.253+0000] {processor.py:161} INFO - Started process (PID=10904) to work on /home/airflow/.local/lib/python3.8/site-packages/airflow/example_dags/example_python_decorator.py
[2026-01-09T12:30:54.258+0000] {processor.py:830} INFO - Processing file /home/airflow/.local/lib/python3.8/site-packages/airflow/example_dags/example_python_decorator.py for tasks to queue
[2026-01-09T12:30:54.261+0000] {logging_mixin.py:188} INFO - [2026-01-09T12:30:54.260+0000] {dagbag.py:538} INFO - Filling up the DagBag from /home/airflow/.local/lib/python3.8/site-packages/airflow/example_dags/example_python_decorator.py
[2026-01-09T12:30:54.292+0000] {processor.py:840} INFO - DAG(s) 'example_python_decorator' retrieved from /home/airflow/.local/lib/python3.8/site-packages/airflow/example_dags/example_python_decorator.py
[2026-01-09T12:30:54.337+0000] {logging_mixin.py:188} INFO - [2026-01-09T12:30:54.337+0000] {dag.py:3036} INFO - Sync 1 DAGs
[2026-01-09T12:30:54.367+0000] {logging_mixin.py:188} INFO - [2026-01-09T12:30:54.366+0000] {dag.py:3823} INFO - Setting next_dagrun for example_python_decorator to None, run_after=None
[2026-01-09T12:30:54.420+0000] {processor.py:183} INFO - Processing /home/airflow/.local/lib/python3.8/site-packages/airflow/example_dags/example_python_decorator.py took 0.180 seconds
[2026-01-09T12:31:25.211+0000] {processor.py:161} INFO - Started process (PID=11150) to work on /home/airflow/.local/lib/python3.8/site-packages/airflow/example_dags/example_python_decorator.py
[2026-01-09T12:31:25.213+0000] {processor.py:830} INFO - Processing file /home/airflow/.local/lib/python3.8/site-packages/airflow/example_dags/example_python_decorator.py for tasks to queue
[2026-01-09T12:31:25.215+0000] {logging_mixin.py:188} INFO - [2026-01-09T12:31:25.214+0000] {dagbag.py:538} INFO - Filling up the DagBag from /home/airflow/.local/lib/python3.8/site-packages/airflow/example_dags/example_python_decorator.py
[2026-01-09T12:31:25.239+0000] {processor.py:840} INFO - DAG(s) 'example_python_decorator' retrieved from /home/airflow/.local/lib/python3.8/site-packages/airflow/example_dags/example_python_decorator.py
[2026-01-09T12:31:25.280+0000] {logging_mixin.py:188} INFO - [2026-01-09T12:31:25.280+0000] {dag.py:3036} INFO - Sync 1 DAGs
[2026-01-09T12:31:25.299+0000] {logging_mixin.py:188} INFO - [2026-01-09T12:31:25.298+0000] {dag.py:3823} INFO - Setting next_dagrun for example_python_decorator to None, run_after=None
[2026-01-09T12:31:25.342+0000] {processor.py:183} INFO - Processing /home/airflow/.local/lib/python3.8/site-packages/airflow/example_dags/example_python_decorator.py took 0.137 seconds
[2026-01-09T12:31:55.863+0000] {processor.py:161} INFO - Started process (PID=11397) to work on /home/airflow/.local/lib/python3.8/site-packages/airflow/example_dags/example_python_decorator.py
[2026-01-09T12:31:55.869+0000] {processor.py:830} INFO - Processing file /home/airflow/.local/lib/python3.8/site-packages/airflow/example_dags/example_python_decorator.py for tasks to queue
[2026-01-09T12:31:55.871+0000] {logging_mixin.py:188} INFO - [2026-01-09T12:31:55.870+0000] {dagbag.py:538} INFO - Filling up the DagBag from /home/airflow/.local/lib/python3.8/site-packages/airflow/example_dags/example_python_decorator.py
[2026-01-09T12:31:55.899+0000] {processor.py:840} INFO - DAG(s) 'example_python_decorator' retrieved from /home/airflow/.local/lib/python3.8/site-packages/airflow/example_dags/example_python_decorator.py
[2026-01-09T12:31:55.944+0000] {logging_mixin.py:188} INFO - [2026-01-09T12:31:55.944+0000] {dag.py:3036} INFO - Sync 1 DAGs
[2026-01-09T12:31:55.967+0000] {logging_mixin.py:188} INFO - [2026-01-09T12:31:55.966+0000] {dag.py:3823} INFO - Setting next_dagrun for example_python_decorator to None, run_after=None
[2026-01-09T12:31:56.016+0000] {processor.py:183} INFO - Processing /home/airflow/.local/lib/python3.8/site-packages/airflow/example_dags/example_python_decorator.py took 0.159 seconds
[2026-01-09T12:32:26.878+0000] {processor.py:161} INFO - Started process (PID=11644) to work on /home/airflow/.local/lib/python3.8/site-packages/airflow/example_dags/example_python_decorator.py
[2026-01-09T12:32:26.887+0000] {processor.py:830} INFO - Processing file /home/airflow/.local/lib/python3.8/site-packages/airflow/example_dags/example_python_decorator.py for tasks to queue
[2026-01-09T12:32:26.889+0000] {logging_mixin.py:188} INFO - [2026-01-09T12:32:26.889+0000] {dagbag.py:538} INFO - Filling up the DagBag from /home/airflow/.local/lib/python3.8/site-packages/airflow/example_dags/example_python_decorator.py
[2026-01-09T12:32:26.914+0000] {processor.py:840} INFO - DAG(s) 'example_python_decorator' retrieved from /home/airflow/.local/lib/python3.8/site-packages/airflow/example_dags/example_python_decorator.py
[2026-01-09T12:32:26.971+0000] {logging_mixin.py:188} INFO - [2026-01-09T12:32:26.971+0000] {dag.py:3036} INFO - Sync 1 DAGs
[2026-01-09T12:32:26.995+0000] {logging_mixin.py:188} INFO - [2026-01-09T12:32:26.995+0000] {dag.py:3823} INFO - Setting next_dagrun for example_python_decorator to None, run_after=None
[2026-01-09T12:32:27.041+0000] {processor.py:183} INFO - Processing /home/airflow/.local/lib/python3.8/site-packages/airflow/example_dags/example_python_decorator.py took 0.171 seconds
[2026-01-09T12:32:57.425+0000] {processor.py:161} INFO - Started process (PID=11891) to work on /home/airflow/.local/lib/python3.8/site-packages/airflow/example_dags/example_python_decorator.py
[2026-01-09T12:32:57.427+0000] {processor.py:830} INFO - Processing file /home/airflow/.local/lib/python3.8/site-packages/airflow/example_dags/example_python_decorator.py for tasks to queue
[2026-01-09T12:32:57.428+0000] {logging_mixin.py:188} INFO - [2026-01-09T12:32:57.428+0000] {dagbag.py:538} INFO - Filling up the DagBag from /home/airflow/.local/lib/python3.8/site-packages/airflow/example_dags/example_python_decorator.py
[2026-01-09T12:32:57.452+0000] {processor.py:840} INFO - DAG(s) 'example_python_decorator' retrieved from /home/airflow/.local/lib/python3.8/site-packages/airflow/example_dags/example_python_decorator.py
[2026-01-09T12:32:57.502+0000] {logging_mixin.py:188} INFO - [2026-01-09T12:32:57.501+0000] {dag.py:3036} INFO - Sync 1 DAGs
[2026-01-09T12:32:57.524+0000] {logging_mixin.py:188} INFO - [2026-01-09T12:32:57.524+0000] {dag.py:3823} INFO - Setting next_dagrun for example_python_decorator to None, run_after=None
[2026-01-09T12:32:57.572+0000] {processor.py:183} INFO - Processing /home/airflow/.local/lib/python3.8/site-packages/airflow/example_dags/example_python_decorator.py took 0.152 seconds
[2026-01-09T12:33:27.996+0000] {processor.py:161} INFO - Started process (PID=12138) to work on /home/airflow/.local/lib/python3.8/site-packages/airflow/example_dags/example_python_decorator.py
[2026-01-09T12:33:28.001+0000] {processor.py:830} INFO - Processing file /home/airflow/.local/lib/python3.8/site-packages/airflow/example_dags/example_python_decorator.py for tasks to queue
[2026-01-09T12:33:28.003+0000] {logging_mixin.py:188} INFO - [2026-01-09T12:33:28.002+0000] {dagbag.py:538} INFO - Filling up the DagBag from /home/airflow/.local/lib/python3.8/site-packages/airflow/example_dags/example_python_decorator.py
[2026-01-09T12:33:28.030+0000] {processor.py:840} INFO - DAG(s) 'example_python_decorator' retrieved from /home/airflow/.local/lib/python3.8/site-packages/airflow/example_dags/example_python_decorator.py
[2026-01-09T12:33:28.076+0000] {logging_mixin.py:188} INFO - [2026-01-09T12:33:28.075+0000] {dag.py:3036} INFO - Sync 1 DAGs
[2026-01-09T12:33:28.096+0000] {logging_mixin.py:188} INFO - [2026-01-09T12:33:28.095+0000] {dag.py:3823} INFO - Setting next_dagrun for example_python_decorator to None, run_after=None
[2026-01-09T12:33:28.135+0000] {processor.py:183} INFO - Processing /home/airflow/.local/lib/python3.8/site-packages/airflow/example_dags/example_python_decorator.py took 0.145 seconds
[2026-01-09T12:33:58.881+0000] {processor.py:161} INFO - Started process (PID=12385) to work on /home/airflow/.local/lib/python3.8/site-packages/airflow/example_dags/example_python_decorator.py
[2026-01-09T12:33:58.884+0000] {processor.py:830} INFO - Processing file /home/airflow/.local/lib/python3.8/site-packages/airflow/example_dags/example_python_decorator.py for tasks to queue
[2026-01-09T12:33:58.887+0000] {logging_mixin.py:188} INFO - [2026-01-09T12:33:58.886+0000] {dagbag.py:538} INFO - Filling up the DagBag from /home/airflow/.local/lib/python3.8/site-packages/airflow/example_dags/example_python_decorator.py
[2026-01-09T12:33:58.922+0000] {processor.py:840} INFO - DAG(s) 'example_python_decorator' retrieved from /home/airflow/.local/lib/python3.8/site-packages/airflow/example_dags/example_python_decorator.py
[2026-01-09T12:33:58.981+0000] {logging_mixin.py:188} INFO - [2026-01-09T12:33:58.980+0000] {dag.py:3036} INFO - Sync 1 DAGs
[2026-01-09T12:33:59.003+0000] {logging_mixin.py:188} INFO - [2026-01-09T12:33:59.002+0000] {dag.py:3823} INFO - Setting next_dagrun for example_python_decorator to None, run_after=None
[2026-01-09T12:33:59.049+0000] {processor.py:183} INFO - Processing /home/airflow/.local/lib/python3.8/site-packages/airflow/example_dags/example_python_decorator.py took 0.176 seconds
[2026-01-09T12:34:29.405+0000] {processor.py:161} INFO - Started process (PID=12632) to work on /home/airflow/.local/lib/python3.8/site-packages/airflow/example_dags/example_python_decorator.py
[2026-01-09T12:34:29.410+0000] {processor.py:830} INFO - Processing file /home/airflow/.local/lib/python3.8/site-packages/airflow/example_dags/example_python_decorator.py for tasks to queue
[2026-01-09T12:34:29.412+0000] {logging_mixin.py:188} INFO - [2026-01-09T12:34:29.411+0000] {dagbag.py:538} INFO - Filling up the DagBag from /home/airflow/.local/lib/python3.8/site-packages/airflow/example_dags/example_python_decorator.py
[2026-01-09T12:34:29.442+0000] {processor.py:840} INFO - DAG(s) 'example_python_decorator' retrieved from /home/airflow/.local/lib/python3.8/site-packages/airflow/example_dags/example_python_decorator.py
[2026-01-09T12:34:29.490+0000] {logging_mixin.py:188} INFO - [2026-01-09T12:34:29.489+0000] {dag.py:3036} INFO - Sync 1 DAGs
[2026-01-09T12:34:29.515+0000] {logging_mixin.py:188} INFO - [2026-01-09T12:34:29.514+0000] {dag.py:3823} INFO - Setting next_dagrun for example_python_decorator to None, run_after=None
[2026-01-09T12:34:29.558+0000] {processor.py:183} INFO - Processing /home/airflow/.local/lib/python3.8/site-packages/airflow/example_dags/example_python_decorator.py took 0.162 seconds
[2026-01-09T12:34:59.978+0000] {processor.py:161} INFO - Started process (PID=12879) to work on /home/airflow/.local/lib/python3.8/site-packages/airflow/example_dags/example_python_decorator.py
[2026-01-09T12:34:59.980+0000] {processor.py:830} INFO - Processing file /home/airflow/.local/lib/python3.8/site-packages/airflow/example_dags/example_python_decorator.py for tasks to queue
[2026-01-09T12:34:59.981+0000] {logging_mixin.py:188} INFO - [2026-01-09T12:34:59.981+0000] {dagbag.py:538} INFO - Filling up the DagBag from /home/airflow/.local/lib/python3.8/site-packages/airflow/example_dags/example_python_decorator.py
[2026-01-09T12:35:00.008+0000] {processor.py:840} INFO - DAG(s) 'example_python_decorator' retrieved from /home/airflow/.local/lib/python3.8/site-packages/airflow/example_dags/example_python_decorator.py
[2026-01-09T12:35:00.062+0000] {logging_mixin.py:188} INFO - [2026-01-09T12:35:00.061+0000] {dag.py:3036} INFO - Sync 1 DAGs
[2026-01-09T12:35:00.084+0000] {logging_mixin.py:188} INFO - [2026-01-09T12:35:00.083+0000] {dag.py:3823} INFO - Setting next_dagrun for example_python_decorator to None, run_after=None
[2026-01-09T12:35:00.134+0000] {processor.py:183} INFO - Processing /home/airflow/.local/lib/python3.8/site-packages/airflow/example_dags/example_python_decorator.py took 0.163 seconds
[2026-01-09T12:35:30.500+0000] {processor.py:161} INFO - Started process (PID=13126) to work on /home/airflow/.local/lib/python3.8/site-packages/airflow/example_dags/example_python_decorator.py
[2026-01-09T12:35:30.508+0000] {processor.py:830} INFO - Processing file /home/airflow/.local/lib/python3.8/site-packages/airflow/example_dags/example_python_decorator.py for tasks to queue
[2026-01-09T12:35:30.509+0000] {logging_mixin.py:188} INFO - [2026-01-09T12:35:30.509+0000] {dagbag.py:538} INFO - Filling up the DagBag from /home/airflow/.local/lib/python3.8/site-packages/airflow/example_dags/example_python_decorator.py
[2026-01-09T12:35:30.534+0000] {processor.py:840} INFO - DAG(s) 'example_python_decorator' retrieved from /home/airflow/.local/lib/python3.8/site-packages/airflow/example_dags/example_python_decorator.py
[2026-01-09T12:35:30.576+0000] {logging_mixin.py:188} INFO - [2026-01-09T12:35:30.576+0000] {dag.py:3036} INFO - Sync 1 DAGs
[2026-01-09T12:35:30.602+0000] {logging_mixin.py:188} INFO - [2026-01-09T12:35:30.602+0000] {dag.py:3823} INFO - Setting next_dagrun for example_python_decorator to None, run_after=None
[2026-01-09T12:35:30.655+0000] {processor.py:183} INFO - Processing /home/airflow/.local/lib/python3.8/site-packages/airflow/example_dags/example_python_decorator.py took 0.162 seconds
[2026-01-09T12:36:01.417+0000] {processor.py:161} INFO - Started process (PID=13373) to work on /home/airflow/.local/lib/python3.8/site-packages/airflow/example_dags/example_python_decorator.py
[2026-01-09T12:36:01.419+0000] {processor.py:830} INFO - Processing file /home/airflow/.local/lib/python3.8/site-packages/airflow/example_dags/example_python_decorator.py for tasks to queue
[2026-01-09T12:36:01.421+0000] {logging_mixin.py:188} INFO - [2026-01-09T12:36:01.420+0000] {dagbag.py:538} INFO - Filling up the DagBag from /home/airflow/.local/lib/python3.8/site-packages/airflow/example_dags/example_python_decorator.py
[2026-01-09T12:36:01.456+0000] {processor.py:840} INFO - DAG(s) 'example_python_decorator' retrieved from /home/airflow/.local/lib/python3.8/site-packages/airflow/example_dags/example_python_decorator.py
[2026-01-09T12:36:01.513+0000] {logging_mixin.py:188} INFO - [2026-01-09T12:36:01.512+0000] {dag.py:3036} INFO - Sync 1 DAGs
[2026-01-09T12:36:01.541+0000] {logging_mixin.py:188} INFO - [2026-01-09T12:36:01.541+0000] {dag.py:3823} INFO - Setting next_dagrun for example_python_decorator to None, run_after=None
[2026-01-09T12:36:01.597+0000] {processor.py:183} INFO - Processing /home/airflow/.local/lib/python3.8/site-packages/airflow/example_dags/example_python_decorator.py took 0.189 seconds
[2026-01-09T12:36:32.002+0000] {processor.py:161} INFO - Started process (PID=13620) to work on /home/airflow/.local/lib/python3.8/site-packages/airflow/example_dags/example_python_decorator.py
[2026-01-09T12:36:32.004+0000] {processor.py:830} INFO - Processing file /home/airflow/.local/lib/python3.8/site-packages/airflow/example_dags/example_python_decorator.py for tasks to queue
[2026-01-09T12:36:32.005+0000] {logging_mixin.py:188} INFO - [2026-01-09T12:36:32.005+0000] {dagbag.py:538} INFO - Filling up the DagBag from /home/airflow/.local/lib/python3.8/site-packages/airflow/example_dags/example_python_decorator.py
[2026-01-09T12:36:32.037+0000] {processor.py:840} INFO - DAG(s) 'example_python_decorator' retrieved from /home/airflow/.local/lib/python3.8/site-packages/airflow/example_dags/example_python_decorator.py
[2026-01-09T12:36:32.083+0000] {logging_mixin.py:188} INFO - [2026-01-09T12:36:32.082+0000] {dag.py:3036} INFO - Sync 1 DAGs
[2026-01-09T12:36:32.103+0000] {logging_mixin.py:188} INFO - [2026-01-09T12:36:32.102+0000] {dag.py:3823} INFO - Setting next_dagrun for example_python_decorator to None, run_after=None
[2026-01-09T12:36:32.149+0000] {processor.py:183} INFO - Processing /home/airflow/.local/lib/python3.8/site-packages/airflow/example_dags/example_python_decorator.py took 0.155 seconds
[2026-01-09T12:37:02.232+0000] {processor.py:161} INFO - Started process (PID=13867) to work on /home/airflow/.local/lib/python3.8/site-packages/airflow/example_dags/example_python_decorator.py
[2026-01-09T12:37:02.234+0000] {processor.py:830} INFO - Processing file /home/airflow/.local/lib/python3.8/site-packages/airflow/example_dags/example_python_decorator.py for tasks to queue
[2026-01-09T12:37:02.235+0000] {logging_mixin.py:188} INFO - [2026-01-09T12:37:02.235+0000] {dagbag.py:538} INFO - Filling up the DagBag from /home/airflow/.local/lib/python3.8/site-packages/airflow/example_dags/example_python_decorator.py
[2026-01-09T12:37:02.266+0000] {processor.py:840} INFO - DAG(s) 'example_python_decorator' retrieved from /home/airflow/.local/lib/python3.8/site-packages/airflow/example_dags/example_python_decorator.py
[2026-01-09T12:37:02.316+0000] {logging_mixin.py:188} INFO - [2026-01-09T12:37:02.316+0000] {dag.py:3036} INFO - Sync 1 DAGs
[2026-01-09T12:37:02.343+0000] {logging_mixin.py:188} INFO - [2026-01-09T12:37:02.343+0000] {dag.py:3823} INFO - Setting next_dagrun for example_python_decorator to None, run_after=None
[2026-01-09T12:37:02.387+0000] {processor.py:183} INFO - Processing /home/airflow/.local/lib/python3.8/site-packages/airflow/example_dags/example_python_decorator.py took 0.162 seconds
[2026-01-09T12:37:32.726+0000] {processor.py:161} INFO - Started process (PID=14114) to work on /home/airflow/.local/lib/python3.8/site-packages/airflow/example_dags/example_python_decorator.py
[2026-01-09T12:37:32.731+0000] {processor.py:830} INFO - Processing file /home/airflow/.local/lib/python3.8/site-packages/airflow/example_dags/example_python_decorator.py for tasks to queue
[2026-01-09T12:37:32.733+0000] {logging_mixin.py:188} INFO - [2026-01-09T12:37:32.732+0000] {dagbag.py:538} INFO - Filling up the DagBag from /home/airflow/.local/lib/python3.8/site-packages/airflow/example_dags/example_python_decorator.py
[2026-01-09T12:37:32.757+0000] {processor.py:840} INFO - DAG(s) 'example_python_decorator' retrieved from /home/airflow/.local/lib/python3.8/site-packages/airflow/example_dags/example_python_decorator.py
[2026-01-09T12:37:32.801+0000] {logging_mixin.py:188} INFO - [2026-01-09T12:37:32.800+0000] {dag.py:3036} INFO - Sync 1 DAGs
[2026-01-09T12:37:32.824+0000] {logging_mixin.py:188} INFO - [2026-01-09T12:37:32.823+0000] {dag.py:3823} INFO - Setting next_dagrun for example_python_decorator to None, run_after=None
[2026-01-09T12:37:32.865+0000] {processor.py:183} INFO - Processing /home/airflow/.local/lib/python3.8/site-packages/airflow/example_dags/example_python_decorator.py took 0.146 seconds
[2026-01-09T12:38:03.400+0000] {processor.py:161} INFO - Started process (PID=14361) to work on /home/airflow/.local/lib/python3.8/site-packages/airflow/example_dags/example_python_decorator.py
[2026-01-09T12:38:03.402+0000] {processor.py:830} INFO - Processing file /home/airflow/.local/lib/python3.8/site-packages/airflow/example_dags/example_python_decorator.py for tasks to queue
[2026-01-09T12:38:03.404+0000] {logging_mixin.py:188} INFO - [2026-01-09T12:38:03.404+0000] {dagbag.py:538} INFO - Filling up the DagBag from /home/airflow/.local/lib/python3.8/site-packages/airflow/example_dags/example_python_decorator.py
[2026-01-09T12:38:03.436+0000] {processor.py:840} INFO - DAG(s) 'example_python_decorator' retrieved from /home/airflow/.local/lib/python3.8/site-packages/airflow/example_dags/example_python_decorator.py
[2026-01-09T12:38:03.490+0000] {logging_mixin.py:188} INFO - [2026-01-09T12:38:03.490+0000] {dag.py:3036} INFO - Sync 1 DAGs
[2026-01-09T12:38:03.516+0000] {logging_mixin.py:188} INFO - [2026-01-09T12:38:03.515+0000] {dag.py:3823} INFO - Setting next_dagrun for example_python_decorator to None, run_after=None
[2026-01-09T12:38:03.571+0000] {processor.py:183} INFO - Processing /home/airflow/.local/lib/python3.8/site-packages/airflow/example_dags/example_python_decorator.py took 0.180 seconds
[2026-01-09T12:38:33.793+0000] {processor.py:161} INFO - Started process (PID=14608) to work on /home/airflow/.local/lib/python3.8/site-packages/airflow/example_dags/example_python_decorator.py
[2026-01-09T12:38:33.798+0000] {processor.py:830} INFO - Processing file /home/airflow/.local/lib/python3.8/site-packages/airflow/example_dags/example_python_decorator.py for tasks to queue
[2026-01-09T12:38:33.800+0000] {logging_mixin.py:188} INFO - [2026-01-09T12:38:33.800+0000] {dagbag.py:538} INFO - Filling up the DagBag from /home/airflow/.local/lib/python3.8/site-packages/airflow/example_dags/example_python_decorator.py
[2026-01-09T12:38:33.823+0000] {processor.py:840} INFO - DAG(s) 'example_python_decorator' retrieved from /home/airflow/.local/lib/python3.8/site-packages/airflow/example_dags/example_python_decorator.py
[2026-01-09T12:38:33.869+0000] {logging_mixin.py:188} INFO - [2026-01-09T12:38:33.869+0000] {dag.py:3036} INFO - Sync 1 DAGs
[2026-01-09T12:38:33.896+0000] {logging_mixin.py:188} INFO - [2026-01-09T12:38:33.896+0000] {dag.py:3823} INFO - Setting next_dagrun for example_python_decorator to None, run_after=None
[2026-01-09T12:38:33.938+0000] {processor.py:183} INFO - Processing /home/airflow/.local/lib/python3.8/site-packages/airflow/example_dags/example_python_decorator.py took 0.153 seconds
[2026-01-09T12:39:04.432+0000] {processor.py:161} INFO - Started process (PID=14855) to work on /home/airflow/.local/lib/python3.8/site-packages/airflow/example_dags/example_python_decorator.py
[2026-01-09T12:39:04.437+0000] {processor.py:830} INFO - Processing file /home/airflow/.local/lib/python3.8/site-packages/airflow/example_dags/example_python_decorator.py for tasks to queue
[2026-01-09T12:39:04.439+0000] {logging_mixin.py:188} INFO - [2026-01-09T12:39:04.438+0000] {dagbag.py:538} INFO - Filling up the DagBag from /home/airflow/.local/lib/python3.8/site-packages/airflow/example_dags/example_python_decorator.py
[2026-01-09T12:39:04.462+0000] {processor.py:840} INFO - DAG(s) 'example_python_decorator' retrieved from /home/airflow/.local/lib/python3.8/site-packages/airflow/example_dags/example_python_decorator.py
[2026-01-09T12:39:04.504+0000] {logging_mixin.py:188} INFO - [2026-01-09T12:39:04.504+0000] {dag.py:3036} INFO - Sync 1 DAGs
[2026-01-09T12:39:04.525+0000] {logging_mixin.py:188} INFO - [2026-01-09T12:39:04.525+0000] {dag.py:3823} INFO - Setting next_dagrun for example_python_decorator to None, run_after=None
[2026-01-09T12:39:04.805+0000] {processor.py:183} INFO - Processing /home/airflow/.local/lib/python3.8/site-packages/airflow/example_dags/example_python_decorator.py took 0.380 seconds
[2026-01-09T12:39:35.382+0000] {processor.py:161} INFO - Started process (PID=15102) to work on /home/airflow/.local/lib/python3.8/site-packages/airflow/example_dags/example_python_decorator.py
[2026-01-09T12:39:35.384+0000] {processor.py:830} INFO - Processing file /home/airflow/.local/lib/python3.8/site-packages/airflow/example_dags/example_python_decorator.py for tasks to queue
[2026-01-09T12:39:35.385+0000] {logging_mixin.py:188} INFO - [2026-01-09T12:39:35.385+0000] {dagbag.py:538} INFO - Filling up the DagBag from /home/airflow/.local/lib/python3.8/site-packages/airflow/example_dags/example_python_decorator.py
[2026-01-09T12:39:35.409+0000] {processor.py:840} INFO - DAG(s) 'example_python_decorator' retrieved from /home/airflow/.local/lib/python3.8/site-packages/airflow/example_dags/example_python_decorator.py
[2026-01-09T12:39:35.453+0000] {logging_mixin.py:188} INFO - [2026-01-09T12:39:35.453+0000] {dag.py:3036} INFO - Sync 1 DAGs
[2026-01-09T12:39:35.474+0000] {logging_mixin.py:188} INFO - [2026-01-09T12:39:35.474+0000] {dag.py:3823} INFO - Setting next_dagrun for example_python_decorator to None, run_after=None
[2026-01-09T12:39:35.519+0000] {processor.py:183} INFO - Processing /home/airflow/.local/lib/python3.8/site-packages/airflow/example_dags/example_python_decorator.py took 0.145 seconds
