[2026-01-09T12:08:52.868+0000] {processor.py:161} INFO - Started process (PID=226) to work on /home/airflow/.local/lib/python3.8/site-packages/airflow/example_dags/example_trigger_controller_dag.py
[2026-01-09T12:08:52.870+0000] {processor.py:830} INFO - Processing file /home/airflow/.local/lib/python3.8/site-packages/airflow/example_dags/example_trigger_controller_dag.py for tasks to queue
[2026-01-09T12:08:52.871+0000] {logging_mixin.py:188} INFO - [2026-01-09T12:08:52.871+0000] {dagbag.py:538} INFO - Filling up the DagBag from /home/airflow/.local/lib/python3.8/site-packages/airflow/example_dags/example_trigger_controller_dag.py
[2026-01-09T12:08:52.883+0000] {processor.py:840} INFO - DAG(s) 'example_trigger_controller_dag' retrieved from /home/airflow/.local/lib/python3.8/site-packages/airflow/example_dags/example_trigger_controller_dag.py
[2026-01-09T12:08:53.043+0000] {logging_mixin.py:188} INFO - [2026-01-09T12:08:53.042+0000] {dag.py:3036} INFO - Sync 1 DAGs
[2026-01-09T12:08:53.074+0000] {logging_mixin.py:188} INFO - [2026-01-09T12:08:53.074+0000] {dag.py:3823} INFO - Setting next_dagrun for example_trigger_controller_dag to 2021-01-01 00:00:00+00:00, run_after=2021-01-01 00:00:00+00:00
[2026-01-09T12:08:53.130+0000] {processor.py:183} INFO - Processing /home/airflow/.local/lib/python3.8/site-packages/airflow/example_dags/example_trigger_controller_dag.py took 0.267 seconds
[2026-01-09T12:09:23.834+0000] {processor.py:161} INFO - Started process (PID=479) to work on /home/airflow/.local/lib/python3.8/site-packages/airflow/example_dags/example_trigger_controller_dag.py
[2026-01-09T12:09:23.837+0000] {processor.py:830} INFO - Processing file /home/airflow/.local/lib/python3.8/site-packages/airflow/example_dags/example_trigger_controller_dag.py for tasks to queue
[2026-01-09T12:09:23.839+0000] {logging_mixin.py:188} INFO - [2026-01-09T12:09:23.838+0000] {dagbag.py:538} INFO - Filling up the DagBag from /home/airflow/.local/lib/python3.8/site-packages/airflow/example_dags/example_trigger_controller_dag.py
[2026-01-09T12:09:23.848+0000] {processor.py:840} INFO - DAG(s) 'example_trigger_controller_dag' retrieved from /home/airflow/.local/lib/python3.8/site-packages/airflow/example_dags/example_trigger_controller_dag.py
[2026-01-09T12:09:23.887+0000] {logging_mixin.py:188} INFO - [2026-01-09T12:09:23.886+0000] {dag.py:3036} INFO - Sync 1 DAGs
[2026-01-09T12:09:23.928+0000] {logging_mixin.py:188} INFO - [2026-01-09T12:09:23.927+0000] {dag.py:3823} INFO - Setting next_dagrun for example_trigger_controller_dag to 2021-01-01 00:00:00+00:00, run_after=2021-01-01 00:00:00+00:00
[2026-01-09T12:09:23.969+0000] {processor.py:183} INFO - Processing /home/airflow/.local/lib/python3.8/site-packages/airflow/example_dags/example_trigger_controller_dag.py took 0.141 seconds
[2026-01-09T12:09:54.723+0000] {processor.py:161} INFO - Started process (PID=726) to work on /home/airflow/.local/lib/python3.8/site-packages/airflow/example_dags/example_trigger_controller_dag.py
[2026-01-09T12:09:54.730+0000] {processor.py:830} INFO - Processing file /home/airflow/.local/lib/python3.8/site-packages/airflow/example_dags/example_trigger_controller_dag.py for tasks to queue
[2026-01-09T12:09:54.732+0000] {logging_mixin.py:188} INFO - [2026-01-09T12:09:54.731+0000] {dagbag.py:538} INFO - Filling up the DagBag from /home/airflow/.local/lib/python3.8/site-packages/airflow/example_dags/example_trigger_controller_dag.py
[2026-01-09T12:09:54.742+0000] {processor.py:840} INFO - DAG(s) 'example_trigger_controller_dag' retrieved from /home/airflow/.local/lib/python3.8/site-packages/airflow/example_dags/example_trigger_controller_dag.py
[2026-01-09T12:09:54.894+0000] {logging_mixin.py:188} INFO - [2026-01-09T12:09:54.893+0000] {dag.py:3036} INFO - Sync 1 DAGs
[2026-01-09T12:09:54.929+0000] {logging_mixin.py:188} INFO - [2026-01-09T12:09:54.929+0000] {dag.py:3823} INFO - Setting next_dagrun for example_trigger_controller_dag to 2021-01-01 00:00:00+00:00, run_after=2021-01-01 00:00:00+00:00
[2026-01-09T12:09:55.011+0000] {processor.py:183} INFO - Processing /home/airflow/.local/lib/python3.8/site-packages/airflow/example_dags/example_trigger_controller_dag.py took 0.294 seconds
[2026-01-09T12:10:25.933+0000] {processor.py:161} INFO - Started process (PID=973) to work on /home/airflow/.local/lib/python3.8/site-packages/airflow/example_dags/example_trigger_controller_dag.py
[2026-01-09T12:10:25.935+0000] {processor.py:830} INFO - Processing file /home/airflow/.local/lib/python3.8/site-packages/airflow/example_dags/example_trigger_controller_dag.py for tasks to queue
[2026-01-09T12:10:25.937+0000] {logging_mixin.py:188} INFO - [2026-01-09T12:10:25.937+0000] {dagbag.py:538} INFO - Filling up the DagBag from /home/airflow/.local/lib/python3.8/site-packages/airflow/example_dags/example_trigger_controller_dag.py
[2026-01-09T12:10:25.948+0000] {processor.py:840} INFO - DAG(s) 'example_trigger_controller_dag' retrieved from /home/airflow/.local/lib/python3.8/site-packages/airflow/example_dags/example_trigger_controller_dag.py
[2026-01-09T12:10:25.991+0000] {logging_mixin.py:188} INFO - [2026-01-09T12:10:25.990+0000] {dag.py:3036} INFO - Sync 1 DAGs
[2026-01-09T12:10:26.034+0000] {logging_mixin.py:188} INFO - [2026-01-09T12:10:26.034+0000] {dag.py:3823} INFO - Setting next_dagrun for example_trigger_controller_dag to 2021-01-01 00:00:00+00:00, run_after=2021-01-01 00:00:00+00:00
[2026-01-09T12:10:26.074+0000] {processor.py:183} INFO - Processing /home/airflow/.local/lib/python3.8/site-packages/airflow/example_dags/example_trigger_controller_dag.py took 0.148 seconds
[2026-01-09T12:10:56.555+0000] {processor.py:161} INFO - Started process (PID=1220) to work on /home/airflow/.local/lib/python3.8/site-packages/airflow/example_dags/example_trigger_controller_dag.py
[2026-01-09T12:10:56.558+0000] {processor.py:830} INFO - Processing file /home/airflow/.local/lib/python3.8/site-packages/airflow/example_dags/example_trigger_controller_dag.py for tasks to queue
[2026-01-09T12:10:56.562+0000] {logging_mixin.py:188} INFO - [2026-01-09T12:10:56.560+0000] {dagbag.py:538} INFO - Filling up the DagBag from /home/airflow/.local/lib/python3.8/site-packages/airflow/example_dags/example_trigger_controller_dag.py
[2026-01-09T12:10:56.573+0000] {processor.py:840} INFO - DAG(s) 'example_trigger_controller_dag' retrieved from /home/airflow/.local/lib/python3.8/site-packages/airflow/example_dags/example_trigger_controller_dag.py
[2026-01-09T12:10:56.618+0000] {logging_mixin.py:188} INFO - [2026-01-09T12:10:56.618+0000] {dag.py:3036} INFO - Sync 1 DAGs
[2026-01-09T12:10:56.660+0000] {logging_mixin.py:188} INFO - [2026-01-09T12:10:56.659+0000] {dag.py:3823} INFO - Setting next_dagrun for example_trigger_controller_dag to 2021-01-01 00:00:00+00:00, run_after=2021-01-01 00:00:00+00:00
[2026-01-09T12:10:56.709+0000] {processor.py:183} INFO - Processing /home/airflow/.local/lib/python3.8/site-packages/airflow/example_dags/example_trigger_controller_dag.py took 0.161 seconds
[2026-01-09T12:11:27.038+0000] {processor.py:161} INFO - Started process (PID=1467) to work on /home/airflow/.local/lib/python3.8/site-packages/airflow/example_dags/example_trigger_controller_dag.py
[2026-01-09T12:11:27.041+0000] {processor.py:830} INFO - Processing file /home/airflow/.local/lib/python3.8/site-packages/airflow/example_dags/example_trigger_controller_dag.py for tasks to queue
[2026-01-09T12:11:27.043+0000] {logging_mixin.py:188} INFO - [2026-01-09T12:11:27.042+0000] {dagbag.py:538} INFO - Filling up the DagBag from /home/airflow/.local/lib/python3.8/site-packages/airflow/example_dags/example_trigger_controller_dag.py
[2026-01-09T12:11:27.054+0000] {processor.py:840} INFO - DAG(s) 'example_trigger_controller_dag' retrieved from /home/airflow/.local/lib/python3.8/site-packages/airflow/example_dags/example_trigger_controller_dag.py
[2026-01-09T12:11:27.100+0000] {logging_mixin.py:188} INFO - [2026-01-09T12:11:27.100+0000] {dag.py:3036} INFO - Sync 1 DAGs
[2026-01-09T12:11:27.145+0000] {logging_mixin.py:188} INFO - [2026-01-09T12:11:27.145+0000] {dag.py:3823} INFO - Setting next_dagrun for example_trigger_controller_dag to 2021-01-01 00:00:00+00:00, run_after=2021-01-01 00:00:00+00:00
[2026-01-09T12:11:27.195+0000] {processor.py:183} INFO - Processing /home/airflow/.local/lib/python3.8/site-packages/airflow/example_dags/example_trigger_controller_dag.py took 0.161 seconds
[2026-01-09T12:11:57.368+0000] {processor.py:161} INFO - Started process (PID=1715) to work on /home/airflow/.local/lib/python3.8/site-packages/airflow/example_dags/example_trigger_controller_dag.py
[2026-01-09T12:11:57.374+0000] {processor.py:830} INFO - Processing file /home/airflow/.local/lib/python3.8/site-packages/airflow/example_dags/example_trigger_controller_dag.py for tasks to queue
[2026-01-09T12:11:57.377+0000] {logging_mixin.py:188} INFO - [2026-01-09T12:11:57.376+0000] {dagbag.py:538} INFO - Filling up the DagBag from /home/airflow/.local/lib/python3.8/site-packages/airflow/example_dags/example_trigger_controller_dag.py
[2026-01-09T12:11:57.396+0000] {processor.py:840} INFO - DAG(s) 'example_trigger_controller_dag' retrieved from /home/airflow/.local/lib/python3.8/site-packages/airflow/example_dags/example_trigger_controller_dag.py
[2026-01-09T12:11:57.445+0000] {logging_mixin.py:188} INFO - [2026-01-09T12:11:57.445+0000] {dag.py:3036} INFO - Sync 1 DAGs
[2026-01-09T12:11:57.489+0000] {logging_mixin.py:188} INFO - [2026-01-09T12:11:57.489+0000] {dag.py:3823} INFO - Setting next_dagrun for example_trigger_controller_dag to 2021-01-01 00:00:00+00:00, run_after=2021-01-01 00:00:00+00:00
[2026-01-09T12:11:57.549+0000] {processor.py:183} INFO - Processing /home/airflow/.local/lib/python3.8/site-packages/airflow/example_dags/example_trigger_controller_dag.py took 0.196 seconds
[2026-01-09T12:12:28.311+0000] {processor.py:161} INFO - Started process (PID=1962) to work on /home/airflow/.local/lib/python3.8/site-packages/airflow/example_dags/example_trigger_controller_dag.py
[2026-01-09T12:12:28.313+0000] {processor.py:830} INFO - Processing file /home/airflow/.local/lib/python3.8/site-packages/airflow/example_dags/example_trigger_controller_dag.py for tasks to queue
[2026-01-09T12:12:28.315+0000] {logging_mixin.py:188} INFO - [2026-01-09T12:12:28.314+0000] {dagbag.py:538} INFO - Filling up the DagBag from /home/airflow/.local/lib/python3.8/site-packages/airflow/example_dags/example_trigger_controller_dag.py
[2026-01-09T12:12:28.324+0000] {processor.py:840} INFO - DAG(s) 'example_trigger_controller_dag' retrieved from /home/airflow/.local/lib/python3.8/site-packages/airflow/example_dags/example_trigger_controller_dag.py
[2026-01-09T12:12:28.364+0000] {logging_mixin.py:188} INFO - [2026-01-09T12:12:28.363+0000] {dag.py:3036} INFO - Sync 1 DAGs
[2026-01-09T12:12:28.408+0000] {logging_mixin.py:188} INFO - [2026-01-09T12:12:28.407+0000] {dag.py:3823} INFO - Setting next_dagrun for example_trigger_controller_dag to 2021-01-01 00:00:00+00:00, run_after=2021-01-01 00:00:00+00:00
[2026-01-09T12:12:28.448+0000] {processor.py:183} INFO - Processing /home/airflow/.local/lib/python3.8/site-packages/airflow/example_dags/example_trigger_controller_dag.py took 0.143 seconds
[2026-01-09T12:12:58.889+0000] {processor.py:161} INFO - Started process (PID=2209) to work on /home/airflow/.local/lib/python3.8/site-packages/airflow/example_dags/example_trigger_controller_dag.py
[2026-01-09T12:12:58.899+0000] {processor.py:830} INFO - Processing file /home/airflow/.local/lib/python3.8/site-packages/airflow/example_dags/example_trigger_controller_dag.py for tasks to queue
[2026-01-09T12:12:58.901+0000] {logging_mixin.py:188} INFO - [2026-01-09T12:12:58.900+0000] {dagbag.py:538} INFO - Filling up the DagBag from /home/airflow/.local/lib/python3.8/site-packages/airflow/example_dags/example_trigger_controller_dag.py
[2026-01-09T12:12:58.911+0000] {processor.py:840} INFO - DAG(s) 'example_trigger_controller_dag' retrieved from /home/airflow/.local/lib/python3.8/site-packages/airflow/example_dags/example_trigger_controller_dag.py
[2026-01-09T12:12:58.958+0000] {logging_mixin.py:188} INFO - [2026-01-09T12:12:58.958+0000] {dag.py:3036} INFO - Sync 1 DAGs
[2026-01-09T12:12:59.000+0000] {logging_mixin.py:188} INFO - [2026-01-09T12:12:59.000+0000] {dag.py:3823} INFO - Setting next_dagrun for example_trigger_controller_dag to 2021-01-01 00:00:00+00:00, run_after=2021-01-01 00:00:00+00:00
[2026-01-09T12:12:59.051+0000] {processor.py:183} INFO - Processing /home/airflow/.local/lib/python3.8/site-packages/airflow/example_dags/example_trigger_controller_dag.py took 0.168 seconds
[2026-01-09T12:13:29.144+0000] {processor.py:161} INFO - Started process (PID=2456) to work on /home/airflow/.local/lib/python3.8/site-packages/airflow/example_dags/example_trigger_controller_dag.py
[2026-01-09T12:13:29.146+0000] {processor.py:830} INFO - Processing file /home/airflow/.local/lib/python3.8/site-packages/airflow/example_dags/example_trigger_controller_dag.py for tasks to queue
[2026-01-09T12:13:29.148+0000] {logging_mixin.py:188} INFO - [2026-01-09T12:13:29.147+0000] {dagbag.py:538} INFO - Filling up the DagBag from /home/airflow/.local/lib/python3.8/site-packages/airflow/example_dags/example_trigger_controller_dag.py
[2026-01-09T12:13:29.157+0000] {processor.py:840} INFO - DAG(s) 'example_trigger_controller_dag' retrieved from /home/airflow/.local/lib/python3.8/site-packages/airflow/example_dags/example_trigger_controller_dag.py
[2026-01-09T12:13:29.206+0000] {logging_mixin.py:188} INFO - [2026-01-09T12:13:29.206+0000] {dag.py:3036} INFO - Sync 1 DAGs
[2026-01-09T12:13:29.251+0000] {logging_mixin.py:188} INFO - [2026-01-09T12:13:29.251+0000] {dag.py:3823} INFO - Setting next_dagrun for example_trigger_controller_dag to 2021-01-01 00:00:00+00:00, run_after=2021-01-01 00:00:00+00:00
[2026-01-09T12:13:29.292+0000] {processor.py:183} INFO - Processing /home/airflow/.local/lib/python3.8/site-packages/airflow/example_dags/example_trigger_controller_dag.py took 0.155 seconds
[2026-01-09T12:13:59.514+0000] {processor.py:161} INFO - Started process (PID=2703) to work on /home/airflow/.local/lib/python3.8/site-packages/airflow/example_dags/example_trigger_controller_dag.py
[2026-01-09T12:13:59.517+0000] {processor.py:830} INFO - Processing file /home/airflow/.local/lib/python3.8/site-packages/airflow/example_dags/example_trigger_controller_dag.py for tasks to queue
[2026-01-09T12:13:59.519+0000] {logging_mixin.py:188} INFO - [2026-01-09T12:13:59.518+0000] {dagbag.py:538} INFO - Filling up the DagBag from /home/airflow/.local/lib/python3.8/site-packages/airflow/example_dags/example_trigger_controller_dag.py
[2026-01-09T12:13:59.529+0000] {processor.py:840} INFO - DAG(s) 'example_trigger_controller_dag' retrieved from /home/airflow/.local/lib/python3.8/site-packages/airflow/example_dags/example_trigger_controller_dag.py
[2026-01-09T12:13:59.580+0000] {logging_mixin.py:188} INFO - [2026-01-09T12:13:59.579+0000] {dag.py:3036} INFO - Sync 1 DAGs
[2026-01-09T12:13:59.621+0000] {logging_mixin.py:188} INFO - [2026-01-09T12:13:59.620+0000] {dag.py:3823} INFO - Setting next_dagrun for example_trigger_controller_dag to 2021-01-01 00:00:00+00:00, run_after=2021-01-01 00:00:00+00:00
[2026-01-09T12:13:59.663+0000] {processor.py:183} INFO - Processing /home/airflow/.local/lib/python3.8/site-packages/airflow/example_dags/example_trigger_controller_dag.py took 0.156 seconds
[2026-01-09T12:14:29.867+0000] {processor.py:161} INFO - Started process (PID=2950) to work on /home/airflow/.local/lib/python3.8/site-packages/airflow/example_dags/example_trigger_controller_dag.py
[2026-01-09T12:14:29.869+0000] {processor.py:830} INFO - Processing file /home/airflow/.local/lib/python3.8/site-packages/airflow/example_dags/example_trigger_controller_dag.py for tasks to queue
[2026-01-09T12:14:29.871+0000] {logging_mixin.py:188} INFO - [2026-01-09T12:14:29.871+0000] {dagbag.py:538} INFO - Filling up the DagBag from /home/airflow/.local/lib/python3.8/site-packages/airflow/example_dags/example_trigger_controller_dag.py
[2026-01-09T12:14:29.890+0000] {processor.py:840} INFO - DAG(s) 'example_trigger_controller_dag' retrieved from /home/airflow/.local/lib/python3.8/site-packages/airflow/example_dags/example_trigger_controller_dag.py
[2026-01-09T12:14:29.938+0000] {logging_mixin.py:188} INFO - [2026-01-09T12:14:29.937+0000] {dag.py:3036} INFO - Sync 1 DAGs
[2026-01-09T12:14:29.982+0000] {logging_mixin.py:188} INFO - [2026-01-09T12:14:29.981+0000] {dag.py:3823} INFO - Setting next_dagrun for example_trigger_controller_dag to 2021-01-01 00:00:00+00:00, run_after=2021-01-01 00:00:00+00:00
[2026-01-09T12:14:30.032+0000] {processor.py:183} INFO - Processing /home/airflow/.local/lib/python3.8/site-packages/airflow/example_dags/example_trigger_controller_dag.py took 0.171 seconds
[2026-01-09T12:15:00.320+0000] {processor.py:161} INFO - Started process (PID=3197) to work on /home/airflow/.local/lib/python3.8/site-packages/airflow/example_dags/example_trigger_controller_dag.py
[2026-01-09T12:15:00.322+0000] {processor.py:830} INFO - Processing file /home/airflow/.local/lib/python3.8/site-packages/airflow/example_dags/example_trigger_controller_dag.py for tasks to queue
[2026-01-09T12:15:00.324+0000] {logging_mixin.py:188} INFO - [2026-01-09T12:15:00.323+0000] {dagbag.py:538} INFO - Filling up the DagBag from /home/airflow/.local/lib/python3.8/site-packages/airflow/example_dags/example_trigger_controller_dag.py
[2026-01-09T12:15:00.334+0000] {processor.py:840} INFO - DAG(s) 'example_trigger_controller_dag' retrieved from /home/airflow/.local/lib/python3.8/site-packages/airflow/example_dags/example_trigger_controller_dag.py
[2026-01-09T12:15:00.373+0000] {logging_mixin.py:188} INFO - [2026-01-09T12:15:00.372+0000] {dag.py:3036} INFO - Sync 1 DAGs
[2026-01-09T12:15:00.413+0000] {logging_mixin.py:188} INFO - [2026-01-09T12:15:00.412+0000] {dag.py:3823} INFO - Setting next_dagrun for example_trigger_controller_dag to 2021-01-01 00:00:00+00:00, run_after=2021-01-01 00:00:00+00:00
[2026-01-09T12:15:00.458+0000] {processor.py:183} INFO - Processing /home/airflow/.local/lib/python3.8/site-packages/airflow/example_dags/example_trigger_controller_dag.py took 0.144 seconds
[2026-01-09T12:15:30.562+0000] {processor.py:161} INFO - Started process (PID=3444) to work on /home/airflow/.local/lib/python3.8/site-packages/airflow/example_dags/example_trigger_controller_dag.py
[2026-01-09T12:15:30.564+0000] {processor.py:830} INFO - Processing file /home/airflow/.local/lib/python3.8/site-packages/airflow/example_dags/example_trigger_controller_dag.py for tasks to queue
[2026-01-09T12:15:30.566+0000] {logging_mixin.py:188} INFO - [2026-01-09T12:15:30.565+0000] {dagbag.py:538} INFO - Filling up the DagBag from /home/airflow/.local/lib/python3.8/site-packages/airflow/example_dags/example_trigger_controller_dag.py
[2026-01-09T12:15:30.574+0000] {processor.py:840} INFO - DAG(s) 'example_trigger_controller_dag' retrieved from /home/airflow/.local/lib/python3.8/site-packages/airflow/example_dags/example_trigger_controller_dag.py
[2026-01-09T12:15:30.612+0000] {logging_mixin.py:188} INFO - [2026-01-09T12:15:30.611+0000] {dag.py:3036} INFO - Sync 1 DAGs
[2026-01-09T12:15:30.658+0000] {logging_mixin.py:188} INFO - [2026-01-09T12:15:30.657+0000] {dag.py:3823} INFO - Setting next_dagrun for example_trigger_controller_dag to 2021-01-01 00:00:00+00:00, run_after=2021-01-01 00:00:00+00:00
[2026-01-09T12:15:30.700+0000] {processor.py:183} INFO - Processing /home/airflow/.local/lib/python3.8/site-packages/airflow/example_dags/example_trigger_controller_dag.py took 0.143 seconds
[2026-01-09T12:16:01.017+0000] {processor.py:161} INFO - Started process (PID=3690) to work on /home/airflow/.local/lib/python3.8/site-packages/airflow/example_dags/example_trigger_controller_dag.py
[2026-01-09T12:16:01.019+0000] {processor.py:830} INFO - Processing file /home/airflow/.local/lib/python3.8/site-packages/airflow/example_dags/example_trigger_controller_dag.py for tasks to queue
[2026-01-09T12:16:01.021+0000] {logging_mixin.py:188} INFO - [2026-01-09T12:16:01.020+0000] {dagbag.py:538} INFO - Filling up the DagBag from /home/airflow/.local/lib/python3.8/site-packages/airflow/example_dags/example_trigger_controller_dag.py
[2026-01-09T12:16:01.030+0000] {processor.py:840} INFO - DAG(s) 'example_trigger_controller_dag' retrieved from /home/airflow/.local/lib/python3.8/site-packages/airflow/example_dags/example_trigger_controller_dag.py
[2026-01-09T12:16:01.072+0000] {logging_mixin.py:188} INFO - [2026-01-09T12:16:01.071+0000] {dag.py:3036} INFO - Sync 1 DAGs
[2026-01-09T12:16:01.112+0000] {logging_mixin.py:188} INFO - [2026-01-09T12:16:01.111+0000] {dag.py:3823} INFO - Setting next_dagrun for example_trigger_controller_dag to 2021-01-01 00:00:00+00:00, run_after=2021-01-01 00:00:00+00:00
[2026-01-09T12:16:01.158+0000] {processor.py:183} INFO - Processing /home/airflow/.local/lib/python3.8/site-packages/airflow/example_dags/example_trigger_controller_dag.py took 0.148 seconds
[2026-01-09T12:16:31.581+0000] {processor.py:161} INFO - Started process (PID=3937) to work on /home/airflow/.local/lib/python3.8/site-packages/airflow/example_dags/example_trigger_controller_dag.py
[2026-01-09T12:16:31.599+0000] {processor.py:830} INFO - Processing file /home/airflow/.local/lib/python3.8/site-packages/airflow/example_dags/example_trigger_controller_dag.py for tasks to queue
[2026-01-09T12:16:31.602+0000] {logging_mixin.py:188} INFO - [2026-01-09T12:16:31.601+0000] {dagbag.py:538} INFO - Filling up the DagBag from /home/airflow/.local/lib/python3.8/site-packages/airflow/example_dags/example_trigger_controller_dag.py
[2026-01-09T12:16:31.616+0000] {processor.py:840} INFO - DAG(s) 'example_trigger_controller_dag' retrieved from /home/airflow/.local/lib/python3.8/site-packages/airflow/example_dags/example_trigger_controller_dag.py
[2026-01-09T12:16:31.696+0000] {logging_mixin.py:188} INFO - [2026-01-09T12:16:31.695+0000] {dag.py:3036} INFO - Sync 1 DAGs
[2026-01-09T12:16:31.755+0000] {logging_mixin.py:188} INFO - [2026-01-09T12:16:31.755+0000] {dag.py:3823} INFO - Setting next_dagrun for example_trigger_controller_dag to 2021-01-01 00:00:00+00:00, run_after=2021-01-01 00:00:00+00:00
[2026-01-09T12:16:31.815+0000] {processor.py:183} INFO - Processing /home/airflow/.local/lib/python3.8/site-packages/airflow/example_dags/example_trigger_controller_dag.py took 0.244 seconds
[2026-01-09T12:17:02.562+0000] {processor.py:161} INFO - Started process (PID=4184) to work on /home/airflow/.local/lib/python3.8/site-packages/airflow/example_dags/example_trigger_controller_dag.py
[2026-01-09T12:17:02.564+0000] {processor.py:830} INFO - Processing file /home/airflow/.local/lib/python3.8/site-packages/airflow/example_dags/example_trigger_controller_dag.py for tasks to queue
[2026-01-09T12:17:02.566+0000] {logging_mixin.py:188} INFO - [2026-01-09T12:17:02.565+0000] {dagbag.py:538} INFO - Filling up the DagBag from /home/airflow/.local/lib/python3.8/site-packages/airflow/example_dags/example_trigger_controller_dag.py
[2026-01-09T12:17:02.574+0000] {processor.py:840} INFO - DAG(s) 'example_trigger_controller_dag' retrieved from /home/airflow/.local/lib/python3.8/site-packages/airflow/example_dags/example_trigger_controller_dag.py
[2026-01-09T12:17:02.610+0000] {logging_mixin.py:188} INFO - [2026-01-09T12:17:02.610+0000] {dag.py:3036} INFO - Sync 1 DAGs
[2026-01-09T12:17:02.645+0000] {logging_mixin.py:188} INFO - [2026-01-09T12:17:02.645+0000] {dag.py:3823} INFO - Setting next_dagrun for example_trigger_controller_dag to 2021-01-01 00:00:00+00:00, run_after=2021-01-01 00:00:00+00:00
[2026-01-09T12:17:02.690+0000] {processor.py:183} INFO - Processing /home/airflow/.local/lib/python3.8/site-packages/airflow/example_dags/example_trigger_controller_dag.py took 0.133 seconds
[2026-01-09T12:17:33.047+0000] {processor.py:161} INFO - Started process (PID=4431) to work on /home/airflow/.local/lib/python3.8/site-packages/airflow/example_dags/example_trigger_controller_dag.py
[2026-01-09T12:17:33.049+0000] {processor.py:830} INFO - Processing file /home/airflow/.local/lib/python3.8/site-packages/airflow/example_dags/example_trigger_controller_dag.py for tasks to queue
[2026-01-09T12:17:33.051+0000] {logging_mixin.py:188} INFO - [2026-01-09T12:17:33.050+0000] {dagbag.py:538} INFO - Filling up the DagBag from /home/airflow/.local/lib/python3.8/site-packages/airflow/example_dags/example_trigger_controller_dag.py
[2026-01-09T12:17:33.059+0000] {processor.py:840} INFO - DAG(s) 'example_trigger_controller_dag' retrieved from /home/airflow/.local/lib/python3.8/site-packages/airflow/example_dags/example_trigger_controller_dag.py
[2026-01-09T12:17:33.099+0000] {logging_mixin.py:188} INFO - [2026-01-09T12:17:33.098+0000] {dag.py:3036} INFO - Sync 1 DAGs
[2026-01-09T12:17:33.145+0000] {logging_mixin.py:188} INFO - [2026-01-09T12:17:33.145+0000] {dag.py:3823} INFO - Setting next_dagrun for example_trigger_controller_dag to 2021-01-01 00:00:00+00:00, run_after=2021-01-01 00:00:00+00:00
[2026-01-09T12:17:33.185+0000] {processor.py:183} INFO - Processing /home/airflow/.local/lib/python3.8/site-packages/airflow/example_dags/example_trigger_controller_dag.py took 0.143 seconds
[2026-01-09T12:18:03.886+0000] {processor.py:161} INFO - Started process (PID=4678) to work on /home/airflow/.local/lib/python3.8/site-packages/airflow/example_dags/example_trigger_controller_dag.py
[2026-01-09T12:18:03.892+0000] {processor.py:830} INFO - Processing file /home/airflow/.local/lib/python3.8/site-packages/airflow/example_dags/example_trigger_controller_dag.py for tasks to queue
[2026-01-09T12:18:03.894+0000] {logging_mixin.py:188} INFO - [2026-01-09T12:18:03.894+0000] {dagbag.py:538} INFO - Filling up the DagBag from /home/airflow/.local/lib/python3.8/site-packages/airflow/example_dags/example_trigger_controller_dag.py
[2026-01-09T12:18:03.908+0000] {processor.py:840} INFO - DAG(s) 'example_trigger_controller_dag' retrieved from /home/airflow/.local/lib/python3.8/site-packages/airflow/example_dags/example_trigger_controller_dag.py
[2026-01-09T12:18:03.952+0000] {logging_mixin.py:188} INFO - [2026-01-09T12:18:03.952+0000] {dag.py:3036} INFO - Sync 1 DAGs
[2026-01-09T12:18:03.996+0000] {logging_mixin.py:188} INFO - [2026-01-09T12:18:03.996+0000] {dag.py:3823} INFO - Setting next_dagrun for example_trigger_controller_dag to 2021-01-01 00:00:00+00:00, run_after=2021-01-01 00:00:00+00:00
[2026-01-09T12:18:04.042+0000] {processor.py:183} INFO - Processing /home/airflow/.local/lib/python3.8/site-packages/airflow/example_dags/example_trigger_controller_dag.py took 0.164 seconds
[2026-01-09T12:18:34.289+0000] {processor.py:161} INFO - Started process (PID=4925) to work on /home/airflow/.local/lib/python3.8/site-packages/airflow/example_dags/example_trigger_controller_dag.py
[2026-01-09T12:18:34.291+0000] {processor.py:830} INFO - Processing file /home/airflow/.local/lib/python3.8/site-packages/airflow/example_dags/example_trigger_controller_dag.py for tasks to queue
[2026-01-09T12:18:34.293+0000] {logging_mixin.py:188} INFO - [2026-01-09T12:18:34.292+0000] {dagbag.py:538} INFO - Filling up the DagBag from /home/airflow/.local/lib/python3.8/site-packages/airflow/example_dags/example_trigger_controller_dag.py
[2026-01-09T12:18:34.303+0000] {processor.py:840} INFO - DAG(s) 'example_trigger_controller_dag' retrieved from /home/airflow/.local/lib/python3.8/site-packages/airflow/example_dags/example_trigger_controller_dag.py
[2026-01-09T12:18:34.345+0000] {logging_mixin.py:188} INFO - [2026-01-09T12:18:34.345+0000] {dag.py:3036} INFO - Sync 1 DAGs
[2026-01-09T12:18:34.386+0000] {logging_mixin.py:188} INFO - [2026-01-09T12:18:34.385+0000] {dag.py:3823} INFO - Setting next_dagrun for example_trigger_controller_dag to 2021-01-01 00:00:00+00:00, run_after=2021-01-01 00:00:00+00:00
[2026-01-09T12:18:34.431+0000] {processor.py:183} INFO - Processing /home/airflow/.local/lib/python3.8/site-packages/airflow/example_dags/example_trigger_controller_dag.py took 0.150 seconds
[2026-01-09T12:19:04.994+0000] {processor.py:161} INFO - Started process (PID=5172) to work on /home/airflow/.local/lib/python3.8/site-packages/airflow/example_dags/example_trigger_controller_dag.py
[2026-01-09T12:19:04.996+0000] {processor.py:830} INFO - Processing file /home/airflow/.local/lib/python3.8/site-packages/airflow/example_dags/example_trigger_controller_dag.py for tasks to queue
[2026-01-09T12:19:04.998+0000] {logging_mixin.py:188} INFO - [2026-01-09T12:19:04.997+0000] {dagbag.py:538} INFO - Filling up the DagBag from /home/airflow/.local/lib/python3.8/site-packages/airflow/example_dags/example_trigger_controller_dag.py
[2026-01-09T12:19:05.008+0000] {processor.py:840} INFO - DAG(s) 'example_trigger_controller_dag' retrieved from /home/airflow/.local/lib/python3.8/site-packages/airflow/example_dags/example_trigger_controller_dag.py
[2026-01-09T12:19:05.048+0000] {logging_mixin.py:188} INFO - [2026-01-09T12:19:05.047+0000] {dag.py:3036} INFO - Sync 1 DAGs
[2026-01-09T12:19:05.090+0000] {logging_mixin.py:188} INFO - [2026-01-09T12:19:05.090+0000] {dag.py:3823} INFO - Setting next_dagrun for example_trigger_controller_dag to 2021-01-01 00:00:00+00:00, run_after=2021-01-01 00:00:00+00:00
[2026-01-09T12:19:05.135+0000] {processor.py:183} INFO - Processing /home/airflow/.local/lib/python3.8/site-packages/airflow/example_dags/example_trigger_controller_dag.py took 0.148 seconds
[2026-01-09T12:19:35.632+0000] {processor.py:161} INFO - Started process (PID=5419) to work on /home/airflow/.local/lib/python3.8/site-packages/airflow/example_dags/example_trigger_controller_dag.py
[2026-01-09T12:19:35.636+0000] {processor.py:830} INFO - Processing file /home/airflow/.local/lib/python3.8/site-packages/airflow/example_dags/example_trigger_controller_dag.py for tasks to queue
[2026-01-09T12:19:35.639+0000] {logging_mixin.py:188} INFO - [2026-01-09T12:19:35.638+0000] {dagbag.py:538} INFO - Filling up the DagBag from /home/airflow/.local/lib/python3.8/site-packages/airflow/example_dags/example_trigger_controller_dag.py
[2026-01-09T12:19:35.650+0000] {processor.py:840} INFO - DAG(s) 'example_trigger_controller_dag' retrieved from /home/airflow/.local/lib/python3.8/site-packages/airflow/example_dags/example_trigger_controller_dag.py
[2026-01-09T12:19:35.698+0000] {logging_mixin.py:188} INFO - [2026-01-09T12:19:35.698+0000] {dag.py:3036} INFO - Sync 1 DAGs
[2026-01-09T12:19:35.743+0000] {logging_mixin.py:188} INFO - [2026-01-09T12:19:35.742+0000] {dag.py:3823} INFO - Setting next_dagrun for example_trigger_controller_dag to 2021-01-01 00:00:00+00:00, run_after=2021-01-01 00:00:00+00:00
[2026-01-09T12:19:35.799+0000] {processor.py:183} INFO - Processing /home/airflow/.local/lib/python3.8/site-packages/airflow/example_dags/example_trigger_controller_dag.py took 0.174 seconds
[2026-01-09T12:20:06.612+0000] {processor.py:161} INFO - Started process (PID=5666) to work on /home/airflow/.local/lib/python3.8/site-packages/airflow/example_dags/example_trigger_controller_dag.py
[2026-01-09T12:20:06.615+0000] {processor.py:830} INFO - Processing file /home/airflow/.local/lib/python3.8/site-packages/airflow/example_dags/example_trigger_controller_dag.py for tasks to queue
[2026-01-09T12:20:06.618+0000] {logging_mixin.py:188} INFO - [2026-01-09T12:20:06.617+0000] {dagbag.py:538} INFO - Filling up the DagBag from /home/airflow/.local/lib/python3.8/site-packages/airflow/example_dags/example_trigger_controller_dag.py
[2026-01-09T12:20:06.630+0000] {processor.py:840} INFO - DAG(s) 'example_trigger_controller_dag' retrieved from /home/airflow/.local/lib/python3.8/site-packages/airflow/example_dags/example_trigger_controller_dag.py
[2026-01-09T12:20:06.679+0000] {logging_mixin.py:188} INFO - [2026-01-09T12:20:06.678+0000] {dag.py:3036} INFO - Sync 1 DAGs
[2026-01-09T12:20:06.721+0000] {logging_mixin.py:188} INFO - [2026-01-09T12:20:06.720+0000] {dag.py:3823} INFO - Setting next_dagrun for example_trigger_controller_dag to 2021-01-01 00:00:00+00:00, run_after=2021-01-01 00:00:00+00:00
[2026-01-09T12:20:06.765+0000] {processor.py:183} INFO - Processing /home/airflow/.local/lib/python3.8/site-packages/airflow/example_dags/example_trigger_controller_dag.py took 0.162 seconds
[2026-01-09T12:20:37.072+0000] {processor.py:161} INFO - Started process (PID=5915) to work on /home/airflow/.local/lib/python3.8/site-packages/airflow/example_dags/example_trigger_controller_dag.py
[2026-01-09T12:20:37.081+0000] {processor.py:830} INFO - Processing file /home/airflow/.local/lib/python3.8/site-packages/airflow/example_dags/example_trigger_controller_dag.py for tasks to queue
[2026-01-09T12:20:37.083+0000] {logging_mixin.py:188} INFO - [2026-01-09T12:20:37.082+0000] {dagbag.py:538} INFO - Filling up the DagBag from /home/airflow/.local/lib/python3.8/site-packages/airflow/example_dags/example_trigger_controller_dag.py
[2026-01-09T12:20:37.092+0000] {processor.py:840} INFO - DAG(s) 'example_trigger_controller_dag' retrieved from /home/airflow/.local/lib/python3.8/site-packages/airflow/example_dags/example_trigger_controller_dag.py
[2026-01-09T12:20:37.137+0000] {logging_mixin.py:188} INFO - [2026-01-09T12:20:37.136+0000] {dag.py:3036} INFO - Sync 1 DAGs
[2026-01-09T12:20:37.175+0000] {logging_mixin.py:188} INFO - [2026-01-09T12:20:37.174+0000] {dag.py:3823} INFO - Setting next_dagrun for example_trigger_controller_dag to 2021-01-01 00:00:00+00:00, run_after=2021-01-01 00:00:00+00:00
[2026-01-09T12:20:37.214+0000] {processor.py:183} INFO - Processing /home/airflow/.local/lib/python3.8/site-packages/airflow/example_dags/example_trigger_controller_dag.py took 0.151 seconds
[2026-01-09T12:21:07.598+0000] {processor.py:161} INFO - Started process (PID=6162) to work on /home/airflow/.local/lib/python3.8/site-packages/airflow/example_dags/example_trigger_controller_dag.py
[2026-01-09T12:21:07.601+0000] {processor.py:830} INFO - Processing file /home/airflow/.local/lib/python3.8/site-packages/airflow/example_dags/example_trigger_controller_dag.py for tasks to queue
[2026-01-09T12:21:07.603+0000] {logging_mixin.py:188} INFO - [2026-01-09T12:21:07.602+0000] {dagbag.py:538} INFO - Filling up the DagBag from /home/airflow/.local/lib/python3.8/site-packages/airflow/example_dags/example_trigger_controller_dag.py
[2026-01-09T12:21:07.617+0000] {processor.py:840} INFO - DAG(s) 'example_trigger_controller_dag' retrieved from /home/airflow/.local/lib/python3.8/site-packages/airflow/example_dags/example_trigger_controller_dag.py
[2026-01-09T12:21:07.723+0000] {logging_mixin.py:188} INFO - [2026-01-09T12:21:07.722+0000] {dag.py:3036} INFO - Sync 1 DAGs
[2026-01-09T12:21:07.779+0000] {logging_mixin.py:188} INFO - [2026-01-09T12:21:07.779+0000] {dag.py:3823} INFO - Setting next_dagrun for example_trigger_controller_dag to 2021-01-01 00:00:00+00:00, run_after=2021-01-01 00:00:00+00:00
[2026-01-09T12:21:07.834+0000] {processor.py:183} INFO - Processing /home/airflow/.local/lib/python3.8/site-packages/airflow/example_dags/example_trigger_controller_dag.py took 0.244 seconds
[2026-01-09T12:21:38.153+0000] {processor.py:161} INFO - Started process (PID=6409) to work on /home/airflow/.local/lib/python3.8/site-packages/airflow/example_dags/example_trigger_controller_dag.py
[2026-01-09T12:21:38.160+0000] {processor.py:830} INFO - Processing file /home/airflow/.local/lib/python3.8/site-packages/airflow/example_dags/example_trigger_controller_dag.py for tasks to queue
[2026-01-09T12:21:38.165+0000] {logging_mixin.py:188} INFO - [2026-01-09T12:21:38.162+0000] {dagbag.py:538} INFO - Filling up the DagBag from /home/airflow/.local/lib/python3.8/site-packages/airflow/example_dags/example_trigger_controller_dag.py
[2026-01-09T12:21:38.187+0000] {processor.py:840} INFO - DAG(s) 'example_trigger_controller_dag' retrieved from /home/airflow/.local/lib/python3.8/site-packages/airflow/example_dags/example_trigger_controller_dag.py
[2026-01-09T12:21:38.252+0000] {logging_mixin.py:188} INFO - [2026-01-09T12:21:38.251+0000] {dag.py:3036} INFO - Sync 1 DAGs
[2026-01-09T12:21:38.313+0000] {logging_mixin.py:188} INFO - [2026-01-09T12:21:38.312+0000] {dag.py:3823} INFO - Setting next_dagrun for example_trigger_controller_dag to 2021-01-01 00:00:00+00:00, run_after=2021-01-01 00:00:00+00:00
[2026-01-09T12:21:38.377+0000] {processor.py:183} INFO - Processing /home/airflow/.local/lib/python3.8/site-packages/airflow/example_dags/example_trigger_controller_dag.py took 0.233 seconds
[2026-01-09T12:22:08.468+0000] {processor.py:161} INFO - Started process (PID=6655) to work on /home/airflow/.local/lib/python3.8/site-packages/airflow/example_dags/example_trigger_controller_dag.py
[2026-01-09T12:22:08.470+0000] {processor.py:830} INFO - Processing file /home/airflow/.local/lib/python3.8/site-packages/airflow/example_dags/example_trigger_controller_dag.py for tasks to queue
[2026-01-09T12:22:08.472+0000] {logging_mixin.py:188} INFO - [2026-01-09T12:22:08.472+0000] {dagbag.py:538} INFO - Filling up the DagBag from /home/airflow/.local/lib/python3.8/site-packages/airflow/example_dags/example_trigger_controller_dag.py
[2026-01-09T12:22:08.484+0000] {processor.py:840} INFO - DAG(s) 'example_trigger_controller_dag' retrieved from /home/airflow/.local/lib/python3.8/site-packages/airflow/example_dags/example_trigger_controller_dag.py
[2026-01-09T12:22:08.528+0000] {logging_mixin.py:188} INFO - [2026-01-09T12:22:08.528+0000] {dag.py:3036} INFO - Sync 1 DAGs
[2026-01-09T12:22:08.577+0000] {logging_mixin.py:188} INFO - [2026-01-09T12:22:08.577+0000] {dag.py:3823} INFO - Setting next_dagrun for example_trigger_controller_dag to 2021-01-01 00:00:00+00:00, run_after=2021-01-01 00:00:00+00:00
[2026-01-09T12:22:08.625+0000] {processor.py:183} INFO - Processing /home/airflow/.local/lib/python3.8/site-packages/airflow/example_dags/example_trigger_controller_dag.py took 0.164 seconds
[2026-01-09T12:22:39.052+0000] {processor.py:161} INFO - Started process (PID=6904) to work on /home/airflow/.local/lib/python3.8/site-packages/airflow/example_dags/example_trigger_controller_dag.py
[2026-01-09T12:22:39.054+0000] {processor.py:830} INFO - Processing file /home/airflow/.local/lib/python3.8/site-packages/airflow/example_dags/example_trigger_controller_dag.py for tasks to queue
[2026-01-09T12:22:39.056+0000] {logging_mixin.py:188} INFO - [2026-01-09T12:22:39.055+0000] {dagbag.py:538} INFO - Filling up the DagBag from /home/airflow/.local/lib/python3.8/site-packages/airflow/example_dags/example_trigger_controller_dag.py
[2026-01-09T12:22:39.066+0000] {processor.py:840} INFO - DAG(s) 'example_trigger_controller_dag' retrieved from /home/airflow/.local/lib/python3.8/site-packages/airflow/example_dags/example_trigger_controller_dag.py
[2026-01-09T12:22:39.112+0000] {logging_mixin.py:188} INFO - [2026-01-09T12:22:39.112+0000] {dag.py:3036} INFO - Sync 1 DAGs
[2026-01-09T12:22:39.157+0000] {logging_mixin.py:188} INFO - [2026-01-09T12:22:39.157+0000] {dag.py:3823} INFO - Setting next_dagrun for example_trigger_controller_dag to 2021-01-01 00:00:00+00:00, run_after=2021-01-01 00:00:00+00:00
[2026-01-09T12:22:39.210+0000] {processor.py:183} INFO - Processing /home/airflow/.local/lib/python3.8/site-packages/airflow/example_dags/example_trigger_controller_dag.py took 0.166 seconds
[2026-01-09T12:23:09.511+0000] {processor.py:161} INFO - Started process (PID=7151) to work on /home/airflow/.local/lib/python3.8/site-packages/airflow/example_dags/example_trigger_controller_dag.py
[2026-01-09T12:23:09.513+0000] {processor.py:830} INFO - Processing file /home/airflow/.local/lib/python3.8/site-packages/airflow/example_dags/example_trigger_controller_dag.py for tasks to queue
[2026-01-09T12:23:09.515+0000] {logging_mixin.py:188} INFO - [2026-01-09T12:23:09.514+0000] {dagbag.py:538} INFO - Filling up the DagBag from /home/airflow/.local/lib/python3.8/site-packages/airflow/example_dags/example_trigger_controller_dag.py
[2026-01-09T12:23:09.525+0000] {processor.py:840} INFO - DAG(s) 'example_trigger_controller_dag' retrieved from /home/airflow/.local/lib/python3.8/site-packages/airflow/example_dags/example_trigger_controller_dag.py
[2026-01-09T12:23:09.573+0000] {logging_mixin.py:188} INFO - [2026-01-09T12:23:09.572+0000] {dag.py:3036} INFO - Sync 1 DAGs
[2026-01-09T12:23:09.613+0000] {logging_mixin.py:188} INFO - [2026-01-09T12:23:09.613+0000] {dag.py:3823} INFO - Setting next_dagrun for example_trigger_controller_dag to 2021-01-01 00:00:00+00:00, run_after=2021-01-01 00:00:00+00:00
[2026-01-09T12:23:09.660+0000] {processor.py:183} INFO - Processing /home/airflow/.local/lib/python3.8/site-packages/airflow/example_dags/example_trigger_controller_dag.py took 0.156 seconds
[2026-01-09T12:23:40.989+0000] {processor.py:161} INFO - Started process (PID=7396) to work on /home/airflow/.local/lib/python3.8/site-packages/airflow/example_dags/example_trigger_controller_dag.py
[2026-01-09T12:23:40.992+0000] {processor.py:830} INFO - Processing file /home/airflow/.local/lib/python3.8/site-packages/airflow/example_dags/example_trigger_controller_dag.py for tasks to queue
[2026-01-09T12:23:40.994+0000] {logging_mixin.py:188} INFO - [2026-01-09T12:23:40.993+0000] {dagbag.py:538} INFO - Filling up the DagBag from /home/airflow/.local/lib/python3.8/site-packages/airflow/example_dags/example_trigger_controller_dag.py
[2026-01-09T12:23:41.004+0000] {processor.py:840} INFO - DAG(s) 'example_trigger_controller_dag' retrieved from /home/airflow/.local/lib/python3.8/site-packages/airflow/example_dags/example_trigger_controller_dag.py
[2026-01-09T12:23:40.937+0000] {logging_mixin.py:188} INFO - [2026-01-09T12:23:40.937+0000] {dag.py:3036} INFO - Sync 1 DAGs
[2026-01-09T12:23:40.987+0000] {logging_mixin.py:188} INFO - [2026-01-09T12:23:40.987+0000] {dag.py:3823} INFO - Setting next_dagrun for example_trigger_controller_dag to 2021-01-01 00:00:00+00:00, run_after=2021-01-01 00:00:00+00:00
[2026-01-09T12:23:41.035+0000] {processor.py:183} INFO - Processing /home/airflow/.local/lib/python3.8/site-packages/airflow/example_dags/example_trigger_controller_dag.py took 0.181 seconds
[2026-01-09T12:24:11.482+0000] {processor.py:161} INFO - Started process (PID=7644) to work on /home/airflow/.local/lib/python3.8/site-packages/airflow/example_dags/example_trigger_controller_dag.py
[2026-01-09T12:24:11.484+0000] {processor.py:830} INFO - Processing file /home/airflow/.local/lib/python3.8/site-packages/airflow/example_dags/example_trigger_controller_dag.py for tasks to queue
[2026-01-09T12:24:11.485+0000] {logging_mixin.py:188} INFO - [2026-01-09T12:24:11.484+0000] {dagbag.py:538} INFO - Filling up the DagBag from /home/airflow/.local/lib/python3.8/site-packages/airflow/example_dags/example_trigger_controller_dag.py
[2026-01-09T12:24:11.494+0000] {processor.py:840} INFO - DAG(s) 'example_trigger_controller_dag' retrieved from /home/airflow/.local/lib/python3.8/site-packages/airflow/example_dags/example_trigger_controller_dag.py
[2026-01-09T12:24:11.537+0000] {logging_mixin.py:188} INFO - [2026-01-09T12:24:11.537+0000] {dag.py:3036} INFO - Sync 1 DAGs
[2026-01-09T12:24:11.579+0000] {logging_mixin.py:188} INFO - [2026-01-09T12:24:11.578+0000] {dag.py:3823} INFO - Setting next_dagrun for example_trigger_controller_dag to 2021-01-01 00:00:00+00:00, run_after=2021-01-01 00:00:00+00:00
[2026-01-09T12:24:11.624+0000] {processor.py:183} INFO - Processing /home/airflow/.local/lib/python3.8/site-packages/airflow/example_dags/example_trigger_controller_dag.py took 0.149 seconds
[2026-01-09T12:24:41.882+0000] {processor.py:161} INFO - Started process (PID=7891) to work on /home/airflow/.local/lib/python3.8/site-packages/airflow/example_dags/example_trigger_controller_dag.py
[2026-01-09T12:24:41.885+0000] {processor.py:830} INFO - Processing file /home/airflow/.local/lib/python3.8/site-packages/airflow/example_dags/example_trigger_controller_dag.py for tasks to queue
[2026-01-09T12:24:41.886+0000] {logging_mixin.py:188} INFO - [2026-01-09T12:24:41.886+0000] {dagbag.py:538} INFO - Filling up the DagBag from /home/airflow/.local/lib/python3.8/site-packages/airflow/example_dags/example_trigger_controller_dag.py
[2026-01-09T12:24:41.894+0000] {processor.py:840} INFO - DAG(s) 'example_trigger_controller_dag' retrieved from /home/airflow/.local/lib/python3.8/site-packages/airflow/example_dags/example_trigger_controller_dag.py
[2026-01-09T12:24:41.940+0000] {logging_mixin.py:188} INFO - [2026-01-09T12:24:41.940+0000] {dag.py:3036} INFO - Sync 1 DAGs
[2026-01-09T12:24:41.983+0000] {logging_mixin.py:188} INFO - [2026-01-09T12:24:41.982+0000] {dag.py:3823} INFO - Setting next_dagrun for example_trigger_controller_dag to 2021-01-01 00:00:00+00:00, run_after=2021-01-01 00:00:00+00:00
[2026-01-09T12:24:42.026+0000] {processor.py:183} INFO - Processing /home/airflow/.local/lib/python3.8/site-packages/airflow/example_dags/example_trigger_controller_dag.py took 0.151 seconds
[2026-01-09T12:25:12.150+0000] {processor.py:161} INFO - Started process (PID=8134) to work on /home/airflow/.local/lib/python3.8/site-packages/airflow/example_dags/example_trigger_controller_dag.py
[2026-01-09T12:25:12.153+0000] {processor.py:830} INFO - Processing file /home/airflow/.local/lib/python3.8/site-packages/airflow/example_dags/example_trigger_controller_dag.py for tasks to queue
[2026-01-09T12:25:12.154+0000] {logging_mixin.py:188} INFO - [2026-01-09T12:25:12.154+0000] {dagbag.py:538} INFO - Filling up the DagBag from /home/airflow/.local/lib/python3.8/site-packages/airflow/example_dags/example_trigger_controller_dag.py
[2026-01-09T12:25:12.162+0000] {processor.py:840} INFO - DAG(s) 'example_trigger_controller_dag' retrieved from /home/airflow/.local/lib/python3.8/site-packages/airflow/example_dags/example_trigger_controller_dag.py
[2026-01-09T12:25:12.209+0000] {logging_mixin.py:188} INFO - [2026-01-09T12:25:12.208+0000] {dag.py:3036} INFO - Sync 1 DAGs
[2026-01-09T12:25:12.248+0000] {logging_mixin.py:188} INFO - [2026-01-09T12:25:12.248+0000] {dag.py:3823} INFO - Setting next_dagrun for example_trigger_controller_dag to 2021-01-01 00:00:00+00:00, run_after=2021-01-01 00:00:00+00:00
[2026-01-09T12:25:12.298+0000] {processor.py:183} INFO - Processing /home/airflow/.local/lib/python3.8/site-packages/airflow/example_dags/example_trigger_controller_dag.py took 0.155 seconds
[2026-01-09T12:25:42.588+0000] {processor.py:161} INFO - Started process (PID=8382) to work on /home/airflow/.local/lib/python3.8/site-packages/airflow/example_dags/example_trigger_controller_dag.py
[2026-01-09T12:25:42.590+0000] {processor.py:830} INFO - Processing file /home/airflow/.local/lib/python3.8/site-packages/airflow/example_dags/example_trigger_controller_dag.py for tasks to queue
[2026-01-09T12:25:42.591+0000] {logging_mixin.py:188} INFO - [2026-01-09T12:25:42.591+0000] {dagbag.py:538} INFO - Filling up the DagBag from /home/airflow/.local/lib/python3.8/site-packages/airflow/example_dags/example_trigger_controller_dag.py
[2026-01-09T12:25:42.599+0000] {processor.py:840} INFO - DAG(s) 'example_trigger_controller_dag' retrieved from /home/airflow/.local/lib/python3.8/site-packages/airflow/example_dags/example_trigger_controller_dag.py
[2026-01-09T12:25:42.634+0000] {logging_mixin.py:188} INFO - [2026-01-09T12:25:42.634+0000] {dag.py:3036} INFO - Sync 1 DAGs
[2026-01-09T12:25:42.674+0000] {logging_mixin.py:188} INFO - [2026-01-09T12:25:42.674+0000] {dag.py:3823} INFO - Setting next_dagrun for example_trigger_controller_dag to 2021-01-01 00:00:00+00:00, run_after=2021-01-01 00:00:00+00:00
[2026-01-09T12:25:42.719+0000] {processor.py:183} INFO - Processing /home/airflow/.local/lib/python3.8/site-packages/airflow/example_dags/example_trigger_controller_dag.py took 0.138 seconds
[2026-01-09T12:26:13.391+0000] {processor.py:161} INFO - Started process (PID=8629) to work on /home/airflow/.local/lib/python3.8/site-packages/airflow/example_dags/example_trigger_controller_dag.py
[2026-01-09T12:26:13.402+0000] {processor.py:830} INFO - Processing file /home/airflow/.local/lib/python3.8/site-packages/airflow/example_dags/example_trigger_controller_dag.py for tasks to queue
[2026-01-09T12:26:13.404+0000] {logging_mixin.py:188} INFO - [2026-01-09T12:26:13.404+0000] {dagbag.py:538} INFO - Filling up the DagBag from /home/airflow/.local/lib/python3.8/site-packages/airflow/example_dags/example_trigger_controller_dag.py
[2026-01-09T12:26:13.412+0000] {processor.py:840} INFO - DAG(s) 'example_trigger_controller_dag' retrieved from /home/airflow/.local/lib/python3.8/site-packages/airflow/example_dags/example_trigger_controller_dag.py
[2026-01-09T12:26:13.460+0000] {logging_mixin.py:188} INFO - [2026-01-09T12:26:13.459+0000] {dag.py:3036} INFO - Sync 1 DAGs
[2026-01-09T12:26:13.501+0000] {logging_mixin.py:188} INFO - [2026-01-09T12:26:13.501+0000] {dag.py:3823} INFO - Setting next_dagrun for example_trigger_controller_dag to 2021-01-01 00:00:00+00:00, run_after=2021-01-01 00:00:00+00:00
[2026-01-09T12:26:13.552+0000] {processor.py:183} INFO - Processing /home/airflow/.local/lib/python3.8/site-packages/airflow/example_dags/example_trigger_controller_dag.py took 0.169 seconds
[2026-01-09T12:26:43.914+0000] {processor.py:161} INFO - Started process (PID=8876) to work on /home/airflow/.local/lib/python3.8/site-packages/airflow/example_dags/example_trigger_controller_dag.py
[2026-01-09T12:26:43.929+0000] {processor.py:830} INFO - Processing file /home/airflow/.local/lib/python3.8/site-packages/airflow/example_dags/example_trigger_controller_dag.py for tasks to queue
[2026-01-09T12:26:43.932+0000] {logging_mixin.py:188} INFO - [2026-01-09T12:26:43.931+0000] {dagbag.py:538} INFO - Filling up the DagBag from /home/airflow/.local/lib/python3.8/site-packages/airflow/example_dags/example_trigger_controller_dag.py
[2026-01-09T12:26:43.942+0000] {processor.py:840} INFO - DAG(s) 'example_trigger_controller_dag' retrieved from /home/airflow/.local/lib/python3.8/site-packages/airflow/example_dags/example_trigger_controller_dag.py
[2026-01-09T12:26:43.988+0000] {logging_mixin.py:188} INFO - [2026-01-09T12:26:43.987+0000] {dag.py:3036} INFO - Sync 1 DAGs
[2026-01-09T12:26:44.027+0000] {logging_mixin.py:188} INFO - [2026-01-09T12:26:44.027+0000] {dag.py:3823} INFO - Setting next_dagrun for example_trigger_controller_dag to 2021-01-01 00:00:00+00:00, run_after=2021-01-01 00:00:00+00:00
[2026-01-09T12:26:44.071+0000] {processor.py:183} INFO - Processing /home/airflow/.local/lib/python3.8/site-packages/airflow/example_dags/example_trigger_controller_dag.py took 0.164 seconds
[2026-01-09T12:27:14.846+0000] {processor.py:161} INFO - Started process (PID=9123) to work on /home/airflow/.local/lib/python3.8/site-packages/airflow/example_dags/example_trigger_controller_dag.py
[2026-01-09T12:27:14.848+0000] {processor.py:830} INFO - Processing file /home/airflow/.local/lib/python3.8/site-packages/airflow/example_dags/example_trigger_controller_dag.py for tasks to queue
[2026-01-09T12:27:14.849+0000] {logging_mixin.py:188} INFO - [2026-01-09T12:27:14.849+0000] {dagbag.py:538} INFO - Filling up the DagBag from /home/airflow/.local/lib/python3.8/site-packages/airflow/example_dags/example_trigger_controller_dag.py
[2026-01-09T12:27:14.857+0000] {processor.py:840} INFO - DAG(s) 'example_trigger_controller_dag' retrieved from /home/airflow/.local/lib/python3.8/site-packages/airflow/example_dags/example_trigger_controller_dag.py
[2026-01-09T12:27:14.897+0000] {logging_mixin.py:188} INFO - [2026-01-09T12:27:14.897+0000] {dag.py:3036} INFO - Sync 1 DAGs
[2026-01-09T12:27:14.932+0000] {logging_mixin.py:188} INFO - [2026-01-09T12:27:14.932+0000] {dag.py:3823} INFO - Setting next_dagrun for example_trigger_controller_dag to 2021-01-01 00:00:00+00:00, run_after=2021-01-01 00:00:00+00:00
[2026-01-09T12:27:14.971+0000] {processor.py:183} INFO - Processing /home/airflow/.local/lib/python3.8/site-packages/airflow/example_dags/example_trigger_controller_dag.py took 0.130 seconds
[2026-01-09T12:27:45.670+0000] {processor.py:161} INFO - Started process (PID=9370) to work on /home/airflow/.local/lib/python3.8/site-packages/airflow/example_dags/example_trigger_controller_dag.py
[2026-01-09T12:27:45.680+0000] {processor.py:830} INFO - Processing file /home/airflow/.local/lib/python3.8/site-packages/airflow/example_dags/example_trigger_controller_dag.py for tasks to queue
[2026-01-09T12:27:45.682+0000] {logging_mixin.py:188} INFO - [2026-01-09T12:27:45.681+0000] {dagbag.py:538} INFO - Filling up the DagBag from /home/airflow/.local/lib/python3.8/site-packages/airflow/example_dags/example_trigger_controller_dag.py
[2026-01-09T12:27:45.692+0000] {processor.py:840} INFO - DAG(s) 'example_trigger_controller_dag' retrieved from /home/airflow/.local/lib/python3.8/site-packages/airflow/example_dags/example_trigger_controller_dag.py
[2026-01-09T12:27:45.736+0000] {logging_mixin.py:188} INFO - [2026-01-09T12:27:45.736+0000] {dag.py:3036} INFO - Sync 1 DAGs
[2026-01-09T12:27:45.778+0000] {logging_mixin.py:188} INFO - [2026-01-09T12:27:45.778+0000] {dag.py:3823} INFO - Setting next_dagrun for example_trigger_controller_dag to 2021-01-01 00:00:00+00:00, run_after=2021-01-01 00:00:00+00:00
[2026-01-09T12:27:45.831+0000] {processor.py:183} INFO - Processing /home/airflow/.local/lib/python3.8/site-packages/airflow/example_dags/example_trigger_controller_dag.py took 0.168 seconds
[2026-01-09T12:28:16.430+0000] {processor.py:161} INFO - Started process (PID=9617) to work on /home/airflow/.local/lib/python3.8/site-packages/airflow/example_dags/example_trigger_controller_dag.py
[2026-01-09T12:28:16.432+0000] {processor.py:830} INFO - Processing file /home/airflow/.local/lib/python3.8/site-packages/airflow/example_dags/example_trigger_controller_dag.py for tasks to queue
[2026-01-09T12:28:16.434+0000] {logging_mixin.py:188} INFO - [2026-01-09T12:28:16.433+0000] {dagbag.py:538} INFO - Filling up the DagBag from /home/airflow/.local/lib/python3.8/site-packages/airflow/example_dags/example_trigger_controller_dag.py
[2026-01-09T12:28:16.444+0000] {processor.py:840} INFO - DAG(s) 'example_trigger_controller_dag' retrieved from /home/airflow/.local/lib/python3.8/site-packages/airflow/example_dags/example_trigger_controller_dag.py
[2026-01-09T12:28:16.487+0000] {logging_mixin.py:188} INFO - [2026-01-09T12:28:16.487+0000] {dag.py:3036} INFO - Sync 1 DAGs
[2026-01-09T12:28:16.522+0000] {logging_mixin.py:188} INFO - [2026-01-09T12:28:16.522+0000] {dag.py:3823} INFO - Setting next_dagrun for example_trigger_controller_dag to 2021-01-01 00:00:00+00:00, run_after=2021-01-01 00:00:00+00:00
[2026-01-09T12:28:16.558+0000] {processor.py:183} INFO - Processing /home/airflow/.local/lib/python3.8/site-packages/airflow/example_dags/example_trigger_controller_dag.py took 0.135 seconds
[2026-01-09T12:28:47.294+0000] {processor.py:161} INFO - Started process (PID=9864) to work on /home/airflow/.local/lib/python3.8/site-packages/airflow/example_dags/example_trigger_controller_dag.py
[2026-01-09T12:28:47.296+0000] {processor.py:830} INFO - Processing file /home/airflow/.local/lib/python3.8/site-packages/airflow/example_dags/example_trigger_controller_dag.py for tasks to queue
[2026-01-09T12:28:47.298+0000] {logging_mixin.py:188} INFO - [2026-01-09T12:28:47.297+0000] {dagbag.py:538} INFO - Filling up the DagBag from /home/airflow/.local/lib/python3.8/site-packages/airflow/example_dags/example_trigger_controller_dag.py
[2026-01-09T12:28:47.309+0000] {processor.py:840} INFO - DAG(s) 'example_trigger_controller_dag' retrieved from /home/airflow/.local/lib/python3.8/site-packages/airflow/example_dags/example_trigger_controller_dag.py
[2026-01-09T12:28:47.352+0000] {logging_mixin.py:188} INFO - [2026-01-09T12:28:47.351+0000] {dag.py:3036} INFO - Sync 1 DAGs
[2026-01-09T12:28:47.399+0000] {logging_mixin.py:188} INFO - [2026-01-09T12:28:47.398+0000] {dag.py:3823} INFO - Setting next_dagrun for example_trigger_controller_dag to 2021-01-01 00:00:00+00:00, run_after=2021-01-01 00:00:00+00:00
[2026-01-09T12:28:47.445+0000] {processor.py:183} INFO - Processing /home/airflow/.local/lib/python3.8/site-packages/airflow/example_dags/example_trigger_controller_dag.py took 0.159 seconds
[2026-01-09T12:29:17.601+0000] {processor.py:161} INFO - Started process (PID=10111) to work on /home/airflow/.local/lib/python3.8/site-packages/airflow/example_dags/example_trigger_controller_dag.py
[2026-01-09T12:29:17.611+0000] {processor.py:830} INFO - Processing file /home/airflow/.local/lib/python3.8/site-packages/airflow/example_dags/example_trigger_controller_dag.py for tasks to queue
[2026-01-09T12:29:17.613+0000] {logging_mixin.py:188} INFO - [2026-01-09T12:29:17.612+0000] {dagbag.py:538} INFO - Filling up the DagBag from /home/airflow/.local/lib/python3.8/site-packages/airflow/example_dags/example_trigger_controller_dag.py
[2026-01-09T12:29:17.622+0000] {processor.py:840} INFO - DAG(s) 'example_trigger_controller_dag' retrieved from /home/airflow/.local/lib/python3.8/site-packages/airflow/example_dags/example_trigger_controller_dag.py
[2026-01-09T12:29:17.660+0000] {logging_mixin.py:188} INFO - [2026-01-09T12:29:17.660+0000] {dag.py:3036} INFO - Sync 1 DAGs
[2026-01-09T12:29:17.702+0000] {logging_mixin.py:188} INFO - [2026-01-09T12:29:17.701+0000] {dag.py:3823} INFO - Setting next_dagrun for example_trigger_controller_dag to 2021-01-01 00:00:00+00:00, run_after=2021-01-01 00:00:00+00:00
[2026-01-09T12:29:17.745+0000] {processor.py:183} INFO - Processing /home/airflow/.local/lib/python3.8/site-packages/airflow/example_dags/example_trigger_controller_dag.py took 0.152 seconds
[2026-01-09T12:29:48.520+0000] {processor.py:161} INFO - Started process (PID=10358) to work on /home/airflow/.local/lib/python3.8/site-packages/airflow/example_dags/example_trigger_controller_dag.py
[2026-01-09T12:29:48.526+0000] {processor.py:830} INFO - Processing file /home/airflow/.local/lib/python3.8/site-packages/airflow/example_dags/example_trigger_controller_dag.py for tasks to queue
[2026-01-09T12:29:48.528+0000] {logging_mixin.py:188} INFO - [2026-01-09T12:29:48.527+0000] {dagbag.py:538} INFO - Filling up the DagBag from /home/airflow/.local/lib/python3.8/site-packages/airflow/example_dags/example_trigger_controller_dag.py
[2026-01-09T12:29:48.536+0000] {processor.py:840} INFO - DAG(s) 'example_trigger_controller_dag' retrieved from /home/airflow/.local/lib/python3.8/site-packages/airflow/example_dags/example_trigger_controller_dag.py
[2026-01-09T12:29:48.581+0000] {logging_mixin.py:188} INFO - [2026-01-09T12:29:48.581+0000] {dag.py:3036} INFO - Sync 1 DAGs
[2026-01-09T12:29:48.617+0000] {logging_mixin.py:188} INFO - [2026-01-09T12:29:48.617+0000] {dag.py:3823} INFO - Setting next_dagrun for example_trigger_controller_dag to 2021-01-01 00:00:00+00:00, run_after=2021-01-01 00:00:00+00:00
[2026-01-09T12:29:48.666+0000] {processor.py:183} INFO - Processing /home/airflow/.local/lib/python3.8/site-packages/airflow/example_dags/example_trigger_controller_dag.py took 0.154 seconds
[2026-01-09T12:30:19.267+0000] {processor.py:161} INFO - Started process (PID=10606) to work on /home/airflow/.local/lib/python3.8/site-packages/airflow/example_dags/example_trigger_controller_dag.py
[2026-01-09T12:30:19.269+0000] {processor.py:830} INFO - Processing file /home/airflow/.local/lib/python3.8/site-packages/airflow/example_dags/example_trigger_controller_dag.py for tasks to queue
[2026-01-09T12:30:19.270+0000] {logging_mixin.py:188} INFO - [2026-01-09T12:30:19.269+0000] {dagbag.py:538} INFO - Filling up the DagBag from /home/airflow/.local/lib/python3.8/site-packages/airflow/example_dags/example_trigger_controller_dag.py
[2026-01-09T12:30:19.277+0000] {processor.py:840} INFO - DAG(s) 'example_trigger_controller_dag' retrieved from /home/airflow/.local/lib/python3.8/site-packages/airflow/example_dags/example_trigger_controller_dag.py
[2026-01-09T12:30:19.318+0000] {logging_mixin.py:188} INFO - [2026-01-09T12:30:19.318+0000] {dag.py:3036} INFO - Sync 1 DAGs
[2026-01-09T12:30:19.360+0000] {logging_mixin.py:188} INFO - [2026-01-09T12:30:19.360+0000] {dag.py:3823} INFO - Setting next_dagrun for example_trigger_controller_dag to 2021-01-01 00:00:00+00:00, run_after=2021-01-01 00:00:00+00:00
[2026-01-09T12:30:19.406+0000] {processor.py:183} INFO - Processing /home/airflow/.local/lib/python3.8/site-packages/airflow/example_dags/example_trigger_controller_dag.py took 0.144 seconds
[2026-01-09T12:30:49.913+0000] {processor.py:161} INFO - Started process (PID=10853) to work on /home/airflow/.local/lib/python3.8/site-packages/airflow/example_dags/example_trigger_controller_dag.py
[2026-01-09T12:30:49.915+0000] {processor.py:830} INFO - Processing file /home/airflow/.local/lib/python3.8/site-packages/airflow/example_dags/example_trigger_controller_dag.py for tasks to queue
[2026-01-09T12:30:49.917+0000] {logging_mixin.py:188} INFO - [2026-01-09T12:30:49.916+0000] {dagbag.py:538} INFO - Filling up the DagBag from /home/airflow/.local/lib/python3.8/site-packages/airflow/example_dags/example_trigger_controller_dag.py
[2026-01-09T12:30:49.925+0000] {processor.py:840} INFO - DAG(s) 'example_trigger_controller_dag' retrieved from /home/airflow/.local/lib/python3.8/site-packages/airflow/example_dags/example_trigger_controller_dag.py
[2026-01-09T12:30:49.968+0000] {logging_mixin.py:188} INFO - [2026-01-09T12:30:49.967+0000] {dag.py:3036} INFO - Sync 1 DAGs
[2026-01-09T12:30:50.074+0000] {logging_mixin.py:188} INFO - [2026-01-09T12:30:50.073+0000] {dag.py:3823} INFO - Setting next_dagrun for example_trigger_controller_dag to 2021-01-01 00:00:00+00:00, run_after=2021-01-01 00:00:00+00:00
[2026-01-09T12:30:50.143+0000] {processor.py:183} INFO - Processing /home/airflow/.local/lib/python3.8/site-packages/airflow/example_dags/example_trigger_controller_dag.py took 0.237 seconds
[2026-01-09T12:31:20.356+0000] {processor.py:161} INFO - Started process (PID=11100) to work on /home/airflow/.local/lib/python3.8/site-packages/airflow/example_dags/example_trigger_controller_dag.py
[2026-01-09T12:31:20.357+0000] {processor.py:830} INFO - Processing file /home/airflow/.local/lib/python3.8/site-packages/airflow/example_dags/example_trigger_controller_dag.py for tasks to queue
[2026-01-09T12:31:20.359+0000] {logging_mixin.py:188} INFO - [2026-01-09T12:31:20.358+0000] {dagbag.py:538} INFO - Filling up the DagBag from /home/airflow/.local/lib/python3.8/site-packages/airflow/example_dags/example_trigger_controller_dag.py
[2026-01-09T12:31:20.368+0000] {processor.py:840} INFO - DAG(s) 'example_trigger_controller_dag' retrieved from /home/airflow/.local/lib/python3.8/site-packages/airflow/example_dags/example_trigger_controller_dag.py
[2026-01-09T12:31:20.410+0000] {logging_mixin.py:188} INFO - [2026-01-09T12:31:20.409+0000] {dag.py:3036} INFO - Sync 1 DAGs
[2026-01-09T12:31:20.456+0000] {logging_mixin.py:188} INFO - [2026-01-09T12:31:20.455+0000] {dag.py:3823} INFO - Setting next_dagrun for example_trigger_controller_dag to 2021-01-01 00:00:00+00:00, run_after=2021-01-01 00:00:00+00:00
[2026-01-09T12:31:20.501+0000] {processor.py:183} INFO - Processing /home/airflow/.local/lib/python3.8/site-packages/airflow/example_dags/example_trigger_controller_dag.py took 0.151 seconds
[2026-01-09T12:31:50.957+0000] {processor.py:161} INFO - Started process (PID=11346) to work on /home/airflow/.local/lib/python3.8/site-packages/airflow/example_dags/example_trigger_controller_dag.py
[2026-01-09T12:31:50.959+0000] {processor.py:830} INFO - Processing file /home/airflow/.local/lib/python3.8/site-packages/airflow/example_dags/example_trigger_controller_dag.py for tasks to queue
[2026-01-09T12:31:50.961+0000] {logging_mixin.py:188} INFO - [2026-01-09T12:31:50.960+0000] {dagbag.py:538} INFO - Filling up the DagBag from /home/airflow/.local/lib/python3.8/site-packages/airflow/example_dags/example_trigger_controller_dag.py
[2026-01-09T12:31:50.969+0000] {processor.py:840} INFO - DAG(s) 'example_trigger_controller_dag' retrieved from /home/airflow/.local/lib/python3.8/site-packages/airflow/example_dags/example_trigger_controller_dag.py
[2026-01-09T12:31:51.007+0000] {logging_mixin.py:188} INFO - [2026-01-09T12:31:51.007+0000] {dag.py:3036} INFO - Sync 1 DAGs
[2026-01-09T12:31:51.048+0000] {logging_mixin.py:188} INFO - [2026-01-09T12:31:51.048+0000] {dag.py:3823} INFO - Setting next_dagrun for example_trigger_controller_dag to 2021-01-01 00:00:00+00:00, run_after=2021-01-01 00:00:00+00:00
[2026-01-09T12:31:51.098+0000] {processor.py:183} INFO - Processing /home/airflow/.local/lib/python3.8/site-packages/airflow/example_dags/example_trigger_controller_dag.py took 0.148 seconds
[2026-01-09T12:32:21.991+0000] {processor.py:161} INFO - Started process (PID=11593) to work on /home/airflow/.local/lib/python3.8/site-packages/airflow/example_dags/example_trigger_controller_dag.py
[2026-01-09T12:32:21.994+0000] {processor.py:830} INFO - Processing file /home/airflow/.local/lib/python3.8/site-packages/airflow/example_dags/example_trigger_controller_dag.py for tasks to queue
[2026-01-09T12:32:21.996+0000] {logging_mixin.py:188} INFO - [2026-01-09T12:32:21.995+0000] {dagbag.py:538} INFO - Filling up the DagBag from /home/airflow/.local/lib/python3.8/site-packages/airflow/example_dags/example_trigger_controller_dag.py
[2026-01-09T12:32:22.006+0000] {processor.py:840} INFO - DAG(s) 'example_trigger_controller_dag' retrieved from /home/airflow/.local/lib/python3.8/site-packages/airflow/example_dags/example_trigger_controller_dag.py
[2026-01-09T12:32:22.061+0000] {logging_mixin.py:188} INFO - [2026-01-09T12:32:22.061+0000] {dag.py:3036} INFO - Sync 1 DAGs
[2026-01-09T12:32:22.122+0000] {logging_mixin.py:188} INFO - [2026-01-09T12:32:22.122+0000] {dag.py:3823} INFO - Setting next_dagrun for example_trigger_controller_dag to 2021-01-01 00:00:00+00:00, run_after=2021-01-01 00:00:00+00:00
[2026-01-09T12:32:22.174+0000] {processor.py:183} INFO - Processing /home/airflow/.local/lib/python3.8/site-packages/airflow/example_dags/example_trigger_controller_dag.py took 0.193 seconds
[2026-01-09T12:32:52.284+0000] {processor.py:161} INFO - Started process (PID=11840) to work on /home/airflow/.local/lib/python3.8/site-packages/airflow/example_dags/example_trigger_controller_dag.py
[2026-01-09T12:32:52.286+0000] {processor.py:830} INFO - Processing file /home/airflow/.local/lib/python3.8/site-packages/airflow/example_dags/example_trigger_controller_dag.py for tasks to queue
[2026-01-09T12:32:52.288+0000] {logging_mixin.py:188} INFO - [2026-01-09T12:32:52.288+0000] {dagbag.py:538} INFO - Filling up the DagBag from /home/airflow/.local/lib/python3.8/site-packages/airflow/example_dags/example_trigger_controller_dag.py
[2026-01-09T12:32:52.297+0000] {processor.py:840} INFO - DAG(s) 'example_trigger_controller_dag' retrieved from /home/airflow/.local/lib/python3.8/site-packages/airflow/example_dags/example_trigger_controller_dag.py
[2026-01-09T12:32:52.337+0000] {logging_mixin.py:188} INFO - [2026-01-09T12:32:52.337+0000] {dag.py:3036} INFO - Sync 1 DAGs
[2026-01-09T12:32:52.377+0000] {logging_mixin.py:188} INFO - [2026-01-09T12:32:52.377+0000] {dag.py:3823} INFO - Setting next_dagrun for example_trigger_controller_dag to 2021-01-01 00:00:00+00:00, run_after=2021-01-01 00:00:00+00:00
[2026-01-09T12:32:52.419+0000] {processor.py:183} INFO - Processing /home/airflow/.local/lib/python3.8/site-packages/airflow/example_dags/example_trigger_controller_dag.py took 0.142 seconds
[2026-01-09T12:33:22.864+0000] {processor.py:161} INFO - Started process (PID=12087) to work on /home/airflow/.local/lib/python3.8/site-packages/airflow/example_dags/example_trigger_controller_dag.py
[2026-01-09T12:33:22.866+0000] {processor.py:830} INFO - Processing file /home/airflow/.local/lib/python3.8/site-packages/airflow/example_dags/example_trigger_controller_dag.py for tasks to queue
[2026-01-09T12:33:22.867+0000] {logging_mixin.py:188} INFO - [2026-01-09T12:33:22.867+0000] {dagbag.py:538} INFO - Filling up the DagBag from /home/airflow/.local/lib/python3.8/site-packages/airflow/example_dags/example_trigger_controller_dag.py
[2026-01-09T12:33:22.875+0000] {processor.py:840} INFO - DAG(s) 'example_trigger_controller_dag' retrieved from /home/airflow/.local/lib/python3.8/site-packages/airflow/example_dags/example_trigger_controller_dag.py
[2026-01-09T12:33:22.921+0000] {logging_mixin.py:188} INFO - [2026-01-09T12:33:22.921+0000] {dag.py:3036} INFO - Sync 1 DAGs
[2026-01-09T12:33:22.961+0000] {logging_mixin.py:188} INFO - [2026-01-09T12:33:22.960+0000] {dag.py:3823} INFO - Setting next_dagrun for example_trigger_controller_dag to 2021-01-01 00:00:00+00:00, run_after=2021-01-01 00:00:00+00:00
[2026-01-09T12:33:23.008+0000] {processor.py:183} INFO - Processing /home/airflow/.local/lib/python3.8/site-packages/airflow/example_dags/example_trigger_controller_dag.py took 0.151 seconds
[2026-01-09T12:33:53.673+0000] {processor.py:161} INFO - Started process (PID=12340) to work on /home/airflow/.local/lib/python3.8/site-packages/airflow/example_dags/example_trigger_controller_dag.py
[2026-01-09T12:33:53.676+0000] {processor.py:830} INFO - Processing file /home/airflow/.local/lib/python3.8/site-packages/airflow/example_dags/example_trigger_controller_dag.py for tasks to queue
[2026-01-09T12:33:53.678+0000] {logging_mixin.py:188} INFO - [2026-01-09T12:33:53.677+0000] {dagbag.py:538} INFO - Filling up the DagBag from /home/airflow/.local/lib/python3.8/site-packages/airflow/example_dags/example_trigger_controller_dag.py
[2026-01-09T12:33:53.686+0000] {processor.py:840} INFO - DAG(s) 'example_trigger_controller_dag' retrieved from /home/airflow/.local/lib/python3.8/site-packages/airflow/example_dags/example_trigger_controller_dag.py
[2026-01-09T12:33:53.732+0000] {logging_mixin.py:188} INFO - [2026-01-09T12:33:53.731+0000] {dag.py:3036} INFO - Sync 1 DAGs
[2026-01-09T12:33:53.767+0000] {logging_mixin.py:188} INFO - [2026-01-09T12:33:53.767+0000] {dag.py:3823} INFO - Setting next_dagrun for example_trigger_controller_dag to 2021-01-01 00:00:00+00:00, run_after=2021-01-01 00:00:00+00:00
[2026-01-09T12:33:53.811+0000] {processor.py:183} INFO - Processing /home/airflow/.local/lib/python3.8/site-packages/airflow/example_dags/example_trigger_controller_dag.py took 0.145 seconds
[2026-01-09T12:34:24.156+0000] {processor.py:161} INFO - Started process (PID=12587) to work on /home/airflow/.local/lib/python3.8/site-packages/airflow/example_dags/example_trigger_controller_dag.py
[2026-01-09T12:34:24.158+0000] {processor.py:830} INFO - Processing file /home/airflow/.local/lib/python3.8/site-packages/airflow/example_dags/example_trigger_controller_dag.py for tasks to queue
[2026-01-09T12:34:24.160+0000] {logging_mixin.py:188} INFO - [2026-01-09T12:34:24.159+0000] {dagbag.py:538} INFO - Filling up the DagBag from /home/airflow/.local/lib/python3.8/site-packages/airflow/example_dags/example_trigger_controller_dag.py
[2026-01-09T12:34:24.172+0000] {processor.py:840} INFO - DAG(s) 'example_trigger_controller_dag' retrieved from /home/airflow/.local/lib/python3.8/site-packages/airflow/example_dags/example_trigger_controller_dag.py
[2026-01-09T12:34:24.215+0000] {logging_mixin.py:188} INFO - [2026-01-09T12:34:24.215+0000] {dag.py:3036} INFO - Sync 1 DAGs
[2026-01-09T12:34:24.259+0000] {logging_mixin.py:188} INFO - [2026-01-09T12:34:24.258+0000] {dag.py:3823} INFO - Setting next_dagrun for example_trigger_controller_dag to 2021-01-01 00:00:00+00:00, run_after=2021-01-01 00:00:00+00:00
[2026-01-09T12:34:24.367+0000] {processor.py:183} INFO - Processing /home/airflow/.local/lib/python3.8/site-packages/airflow/example_dags/example_trigger_controller_dag.py took 0.218 seconds
[2026-01-09T12:34:54.926+0000] {processor.py:161} INFO - Started process (PID=12834) to work on /home/airflow/.local/lib/python3.8/site-packages/airflow/example_dags/example_trigger_controller_dag.py
[2026-01-09T12:34:54.928+0000] {processor.py:830} INFO - Processing file /home/airflow/.local/lib/python3.8/site-packages/airflow/example_dags/example_trigger_controller_dag.py for tasks to queue
[2026-01-09T12:34:54.930+0000] {logging_mixin.py:188} INFO - [2026-01-09T12:34:54.929+0000] {dagbag.py:538} INFO - Filling up the DagBag from /home/airflow/.local/lib/python3.8/site-packages/airflow/example_dags/example_trigger_controller_dag.py
[2026-01-09T12:34:54.937+0000] {processor.py:840} INFO - DAG(s) 'example_trigger_controller_dag' retrieved from /home/airflow/.local/lib/python3.8/site-packages/airflow/example_dags/example_trigger_controller_dag.py
[2026-01-09T12:34:54.981+0000] {logging_mixin.py:188} INFO - [2026-01-09T12:34:54.980+0000] {dag.py:3036} INFO - Sync 1 DAGs
[2026-01-09T12:34:55.021+0000] {logging_mixin.py:188} INFO - [2026-01-09T12:34:55.020+0000] {dag.py:3823} INFO - Setting next_dagrun for example_trigger_controller_dag to 2021-01-01 00:00:00+00:00, run_after=2021-01-01 00:00:00+00:00
[2026-01-09T12:34:55.062+0000] {processor.py:183} INFO - Processing /home/airflow/.local/lib/python3.8/site-packages/airflow/example_dags/example_trigger_controller_dag.py took 0.144 seconds
[2026-01-09T12:35:25.638+0000] {processor.py:161} INFO - Started process (PID=13081) to work on /home/airflow/.local/lib/python3.8/site-packages/airflow/example_dags/example_trigger_controller_dag.py
[2026-01-09T12:35:25.640+0000] {processor.py:830} INFO - Processing file /home/airflow/.local/lib/python3.8/site-packages/airflow/example_dags/example_trigger_controller_dag.py for tasks to queue
[2026-01-09T12:35:25.642+0000] {logging_mixin.py:188} INFO - [2026-01-09T12:35:25.641+0000] {dagbag.py:538} INFO - Filling up the DagBag from /home/airflow/.local/lib/python3.8/site-packages/airflow/example_dags/example_trigger_controller_dag.py
[2026-01-09T12:35:25.651+0000] {processor.py:840} INFO - DAG(s) 'example_trigger_controller_dag' retrieved from /home/airflow/.local/lib/python3.8/site-packages/airflow/example_dags/example_trigger_controller_dag.py
[2026-01-09T12:35:25.689+0000] {logging_mixin.py:188} INFO - [2026-01-09T12:35:25.689+0000] {dag.py:3036} INFO - Sync 1 DAGs
[2026-01-09T12:35:25.727+0000] {logging_mixin.py:188} INFO - [2026-01-09T12:35:25.727+0000] {dag.py:3823} INFO - Setting next_dagrun for example_trigger_controller_dag to 2021-01-01 00:00:00+00:00, run_after=2021-01-01 00:00:00+00:00
[2026-01-09T12:35:25.780+0000] {processor.py:183} INFO - Processing /home/airflow/.local/lib/python3.8/site-packages/airflow/example_dags/example_trigger_controller_dag.py took 0.148 seconds
[2026-01-09T12:35:56.189+0000] {processor.py:161} INFO - Started process (PID=13328) to work on /home/airflow/.local/lib/python3.8/site-packages/airflow/example_dags/example_trigger_controller_dag.py
[2026-01-09T12:35:56.191+0000] {processor.py:830} INFO - Processing file /home/airflow/.local/lib/python3.8/site-packages/airflow/example_dags/example_trigger_controller_dag.py for tasks to queue
[2026-01-09T12:35:56.192+0000] {logging_mixin.py:188} INFO - [2026-01-09T12:35:56.192+0000] {dagbag.py:538} INFO - Filling up the DagBag from /home/airflow/.local/lib/python3.8/site-packages/airflow/example_dags/example_trigger_controller_dag.py
[2026-01-09T12:35:56.204+0000] {processor.py:840} INFO - DAG(s) 'example_trigger_controller_dag' retrieved from /home/airflow/.local/lib/python3.8/site-packages/airflow/example_dags/example_trigger_controller_dag.py
[2026-01-09T12:35:56.247+0000] {logging_mixin.py:188} INFO - [2026-01-09T12:35:56.247+0000] {dag.py:3036} INFO - Sync 1 DAGs
[2026-01-09T12:35:56.284+0000] {logging_mixin.py:188} INFO - [2026-01-09T12:35:56.284+0000] {dag.py:3823} INFO - Setting next_dagrun for example_trigger_controller_dag to 2021-01-01 00:00:00+00:00, run_after=2021-01-01 00:00:00+00:00
[2026-01-09T12:35:56.326+0000] {processor.py:183} INFO - Processing /home/airflow/.local/lib/python3.8/site-packages/airflow/example_dags/example_trigger_controller_dag.py took 0.145 seconds
[2026-01-09T12:36:26.909+0000] {processor.py:161} INFO - Started process (PID=13573) to work on /home/airflow/.local/lib/python3.8/site-packages/airflow/example_dags/example_trigger_controller_dag.py
[2026-01-09T12:36:26.911+0000] {processor.py:830} INFO - Processing file /home/airflow/.local/lib/python3.8/site-packages/airflow/example_dags/example_trigger_controller_dag.py for tasks to queue
[2026-01-09T12:36:26.913+0000] {logging_mixin.py:188} INFO - [2026-01-09T12:36:26.912+0000] {dagbag.py:538} INFO - Filling up the DagBag from /home/airflow/.local/lib/python3.8/site-packages/airflow/example_dags/example_trigger_controller_dag.py
[2026-01-09T12:36:26.922+0000] {processor.py:840} INFO - DAG(s) 'example_trigger_controller_dag' retrieved from /home/airflow/.local/lib/python3.8/site-packages/airflow/example_dags/example_trigger_controller_dag.py
[2026-01-09T12:36:26.960+0000] {logging_mixin.py:188} INFO - [2026-01-09T12:36:26.959+0000] {dag.py:3036} INFO - Sync 1 DAGs
[2026-01-09T12:36:26.994+0000] {logging_mixin.py:188} INFO - [2026-01-09T12:36:26.993+0000] {dag.py:3823} INFO - Setting next_dagrun for example_trigger_controller_dag to 2021-01-01 00:00:00+00:00, run_after=2021-01-01 00:00:00+00:00
[2026-01-09T12:36:27.040+0000] {processor.py:183} INFO - Processing /home/airflow/.local/lib/python3.8/site-packages/airflow/example_dags/example_trigger_controller_dag.py took 0.138 seconds
[2026-01-09T12:36:57.235+0000] {processor.py:161} INFO - Started process (PID=13822) to work on /home/airflow/.local/lib/python3.8/site-packages/airflow/example_dags/example_trigger_controller_dag.py
[2026-01-09T12:36:57.236+0000] {processor.py:830} INFO - Processing file /home/airflow/.local/lib/python3.8/site-packages/airflow/example_dags/example_trigger_controller_dag.py for tasks to queue
[2026-01-09T12:36:57.237+0000] {logging_mixin.py:188} INFO - [2026-01-09T12:36:57.237+0000] {dagbag.py:538} INFO - Filling up the DagBag from /home/airflow/.local/lib/python3.8/site-packages/airflow/example_dags/example_trigger_controller_dag.py
[2026-01-09T12:36:57.245+0000] {processor.py:840} INFO - DAG(s) 'example_trigger_controller_dag' retrieved from /home/airflow/.local/lib/python3.8/site-packages/airflow/example_dags/example_trigger_controller_dag.py
[2026-01-09T12:36:57.283+0000] {logging_mixin.py:188} INFO - [2026-01-09T12:36:57.282+0000] {dag.py:3036} INFO - Sync 1 DAGs
[2026-01-09T12:36:57.322+0000] {logging_mixin.py:188} INFO - [2026-01-09T12:36:57.322+0000] {dag.py:3823} INFO - Setting next_dagrun for example_trigger_controller_dag to 2021-01-01 00:00:00+00:00, run_after=2021-01-01 00:00:00+00:00
[2026-01-09T12:36:57.361+0000] {processor.py:183} INFO - Processing /home/airflow/.local/lib/python3.8/site-packages/airflow/example_dags/example_trigger_controller_dag.py took 0.133 seconds
[2026-01-09T12:37:27.863+0000] {processor.py:161} INFO - Started process (PID=14069) to work on /home/airflow/.local/lib/python3.8/site-packages/airflow/example_dags/example_trigger_controller_dag.py
[2026-01-09T12:37:27.866+0000] {processor.py:830} INFO - Processing file /home/airflow/.local/lib/python3.8/site-packages/airflow/example_dags/example_trigger_controller_dag.py for tasks to queue
[2026-01-09T12:37:27.867+0000] {logging_mixin.py:188} INFO - [2026-01-09T12:37:27.867+0000] {dagbag.py:538} INFO - Filling up the DagBag from /home/airflow/.local/lib/python3.8/site-packages/airflow/example_dags/example_trigger_controller_dag.py
[2026-01-09T12:37:27.876+0000] {processor.py:840} INFO - DAG(s) 'example_trigger_controller_dag' retrieved from /home/airflow/.local/lib/python3.8/site-packages/airflow/example_dags/example_trigger_controller_dag.py
[2026-01-09T12:37:27.919+0000] {logging_mixin.py:188} INFO - [2026-01-09T12:37:27.919+0000] {dag.py:3036} INFO - Sync 1 DAGs
[2026-01-09T12:37:27.958+0000] {logging_mixin.py:188} INFO - [2026-01-09T12:37:27.958+0000] {dag.py:3823} INFO - Setting next_dagrun for example_trigger_controller_dag to 2021-01-01 00:00:00+00:00, run_after=2021-01-01 00:00:00+00:00
[2026-01-09T12:37:27.998+0000] {processor.py:183} INFO - Processing /home/airflow/.local/lib/python3.8/site-packages/airflow/example_dags/example_trigger_controller_dag.py took 0.142 seconds
[2026-01-09T12:37:58.404+0000] {processor.py:161} INFO - Started process (PID=14314) to work on /home/airflow/.local/lib/python3.8/site-packages/airflow/example_dags/example_trigger_controller_dag.py
[2026-01-09T12:37:58.405+0000] {processor.py:830} INFO - Processing file /home/airflow/.local/lib/python3.8/site-packages/airflow/example_dags/example_trigger_controller_dag.py for tasks to queue
[2026-01-09T12:37:58.406+0000] {logging_mixin.py:188} INFO - [2026-01-09T12:37:58.406+0000] {dagbag.py:538} INFO - Filling up the DagBag from /home/airflow/.local/lib/python3.8/site-packages/airflow/example_dags/example_trigger_controller_dag.py
[2026-01-09T12:37:58.414+0000] {processor.py:840} INFO - DAG(s) 'example_trigger_controller_dag' retrieved from /home/airflow/.local/lib/python3.8/site-packages/airflow/example_dags/example_trigger_controller_dag.py
[2026-01-09T12:37:58.450+0000] {logging_mixin.py:188} INFO - [2026-01-09T12:37:58.449+0000] {dag.py:3036} INFO - Sync 1 DAGs
[2026-01-09T12:37:58.484+0000] {logging_mixin.py:188} INFO - [2026-01-09T12:37:58.483+0000] {dag.py:3823} INFO - Setting next_dagrun for example_trigger_controller_dag to 2021-01-01 00:00:00+00:00, run_after=2021-01-01 00:00:00+00:00
[2026-01-09T12:37:58.520+0000] {processor.py:183} INFO - Processing /home/airflow/.local/lib/python3.8/site-packages/airflow/example_dags/example_trigger_controller_dag.py took 0.122 seconds
[2026-01-09T12:38:29.327+0000] {processor.py:161} INFO - Started process (PID=14563) to work on /home/airflow/.local/lib/python3.8/site-packages/airflow/example_dags/example_trigger_controller_dag.py
[2026-01-09T12:38:29.329+0000] {processor.py:830} INFO - Processing file /home/airflow/.local/lib/python3.8/site-packages/airflow/example_dags/example_trigger_controller_dag.py for tasks to queue
[2026-01-09T12:38:29.331+0000] {logging_mixin.py:188} INFO - [2026-01-09T12:38:29.331+0000] {dagbag.py:538} INFO - Filling up the DagBag from /home/airflow/.local/lib/python3.8/site-packages/airflow/example_dags/example_trigger_controller_dag.py
[2026-01-09T12:38:29.339+0000] {processor.py:840} INFO - DAG(s) 'example_trigger_controller_dag' retrieved from /home/airflow/.local/lib/python3.8/site-packages/airflow/example_dags/example_trigger_controller_dag.py
[2026-01-09T12:38:29.381+0000] {logging_mixin.py:188} INFO - [2026-01-09T12:38:29.380+0000] {dag.py:3036} INFO - Sync 1 DAGs
[2026-01-09T12:38:29.415+0000] {logging_mixin.py:188} INFO - [2026-01-09T12:38:29.415+0000] {dag.py:3823} INFO - Setting next_dagrun for example_trigger_controller_dag to 2021-01-01 00:00:00+00:00, run_after=2021-01-01 00:00:00+00:00
[2026-01-09T12:38:29.655+0000] {processor.py:183} INFO - Processing /home/airflow/.local/lib/python3.8/site-packages/airflow/example_dags/example_trigger_controller_dag.py took 0.334 seconds
[2026-01-09T12:38:59.918+0000] {processor.py:161} INFO - Started process (PID=14810) to work on /home/airflow/.local/lib/python3.8/site-packages/airflow/example_dags/example_trigger_controller_dag.py
[2026-01-09T12:38:59.920+0000] {processor.py:830} INFO - Processing file /home/airflow/.local/lib/python3.8/site-packages/airflow/example_dags/example_trigger_controller_dag.py for tasks to queue
[2026-01-09T12:38:59.922+0000] {logging_mixin.py:188} INFO - [2026-01-09T12:38:59.921+0000] {dagbag.py:538} INFO - Filling up the DagBag from /home/airflow/.local/lib/python3.8/site-packages/airflow/example_dags/example_trigger_controller_dag.py
[2026-01-09T12:38:59.930+0000] {processor.py:840} INFO - DAG(s) 'example_trigger_controller_dag' retrieved from /home/airflow/.local/lib/python3.8/site-packages/airflow/example_dags/example_trigger_controller_dag.py
[2026-01-09T12:38:59.971+0000] {logging_mixin.py:188} INFO - [2026-01-09T12:38:59.970+0000] {dag.py:3036} INFO - Sync 1 DAGs
[2026-01-09T12:39:00.006+0000] {logging_mixin.py:188} INFO - [2026-01-09T12:39:00.005+0000] {dag.py:3823} INFO - Setting next_dagrun for example_trigger_controller_dag to 2021-01-01 00:00:00+00:00, run_after=2021-01-01 00:00:00+00:00
[2026-01-09T12:39:00.053+0000] {processor.py:183} INFO - Processing /home/airflow/.local/lib/python3.8/site-packages/airflow/example_dags/example_trigger_controller_dag.py took 0.140 seconds
[2026-01-09T12:39:30.253+0000] {processor.py:161} INFO - Started process (PID=15057) to work on /home/airflow/.local/lib/python3.8/site-packages/airflow/example_dags/example_trigger_controller_dag.py
[2026-01-09T12:39:30.255+0000] {processor.py:830} INFO - Processing file /home/airflow/.local/lib/python3.8/site-packages/airflow/example_dags/example_trigger_controller_dag.py for tasks to queue
[2026-01-09T12:39:30.257+0000] {logging_mixin.py:188} INFO - [2026-01-09T12:39:30.256+0000] {dagbag.py:538} INFO - Filling up the DagBag from /home/airflow/.local/lib/python3.8/site-packages/airflow/example_dags/example_trigger_controller_dag.py
[2026-01-09T12:39:30.265+0000] {processor.py:840} INFO - DAG(s) 'example_trigger_controller_dag' retrieved from /home/airflow/.local/lib/python3.8/site-packages/airflow/example_dags/example_trigger_controller_dag.py
[2026-01-09T12:39:30.309+0000] {logging_mixin.py:188} INFO - [2026-01-09T12:39:30.308+0000] {dag.py:3036} INFO - Sync 1 DAGs
[2026-01-09T12:39:30.346+0000] {logging_mixin.py:188} INFO - [2026-01-09T12:39:30.346+0000] {dag.py:3823} INFO - Setting next_dagrun for example_trigger_controller_dag to 2021-01-01 00:00:00+00:00, run_after=2021-01-01 00:00:00+00:00
[2026-01-09T12:39:30.384+0000] {processor.py:183} INFO - Processing /home/airflow/.local/lib/python3.8/site-packages/airflow/example_dags/example_trigger_controller_dag.py took 0.138 seconds
