[2026-01-09T12:08:59.427+0000] {processor.py:161} INFO - Started process (PID=377) to work on /home/airflow/.local/lib/python3.8/site-packages/airflow/example_dags/example_dynamic_task_mapping.py
[2026-01-09T12:08:59.428+0000] {processor.py:830} INFO - Processing file /home/airflow/.local/lib/python3.8/site-packages/airflow/example_dags/example_dynamic_task_mapping.py for tasks to queue
[2026-01-09T12:08:59.430+0000] {logging_mixin.py:188} INFO - [2026-01-09T12:08:59.429+0000] {dagbag.py:538} INFO - Filling up the DagBag from /home/airflow/.local/lib/python3.8/site-packages/airflow/example_dags/example_dynamic_task_mapping.py
[2026-01-09T12:08:59.442+0000] {processor.py:840} INFO - DAG(s) 'example_dynamic_task_mapping' retrieved from /home/airflow/.local/lib/python3.8/site-packages/airflow/example_dags/example_dynamic_task_mapping.py
[2026-01-09T12:08:59.611+0000] {logging_mixin.py:188} INFO - [2026-01-09T12:08:59.610+0000] {dag.py:3036} INFO - Sync 1 DAGs
[2026-01-09T12:08:59.646+0000] {logging_mixin.py:188} INFO - [2026-01-09T12:08:59.646+0000] {dag.py:3823} INFO - Setting next_dagrun for example_dynamic_task_mapping to 2022-03-04 00:00:00+00:00, run_after=2022-03-05 00:00:00+00:00
[2026-01-09T12:08:59.696+0000] {processor.py:183} INFO - Processing /home/airflow/.local/lib/python3.8/site-packages/airflow/example_dags/example_dynamic_task_mapping.py took 0.275 seconds
[2026-01-09T12:09:29.782+0000] {processor.py:161} INFO - Started process (PID=624) to work on /home/airflow/.local/lib/python3.8/site-packages/airflow/example_dags/example_dynamic_task_mapping.py
[2026-01-09T12:09:29.784+0000] {processor.py:830} INFO - Processing file /home/airflow/.local/lib/python3.8/site-packages/airflow/example_dags/example_dynamic_task_mapping.py for tasks to queue
[2026-01-09T12:09:29.785+0000] {logging_mixin.py:188} INFO - [2026-01-09T12:09:29.785+0000] {dagbag.py:538} INFO - Filling up the DagBag from /home/airflow/.local/lib/python3.8/site-packages/airflow/example_dags/example_dynamic_task_mapping.py
[2026-01-09T12:09:29.796+0000] {processor.py:840} INFO - DAG(s) 'example_dynamic_task_mapping' retrieved from /home/airflow/.local/lib/python3.8/site-packages/airflow/example_dags/example_dynamic_task_mapping.py
[2026-01-09T12:09:29.838+0000] {logging_mixin.py:188} INFO - [2026-01-09T12:09:29.837+0000] {dag.py:3036} INFO - Sync 1 DAGs
[2026-01-09T12:09:29.883+0000] {logging_mixin.py:188} INFO - [2026-01-09T12:09:29.882+0000] {dag.py:3823} INFO - Setting next_dagrun for example_dynamic_task_mapping to 2022-03-04 00:00:00+00:00, run_after=2022-03-05 00:00:00+00:00
[2026-01-09T12:09:29.931+0000] {processor.py:183} INFO - Processing /home/airflow/.local/lib/python3.8/site-packages/airflow/example_dags/example_dynamic_task_mapping.py took 0.154 seconds
[2026-01-09T12:10:00.139+0000] {processor.py:161} INFO - Started process (PID=871) to work on /home/airflow/.local/lib/python3.8/site-packages/airflow/example_dags/example_dynamic_task_mapping.py
[2026-01-09T12:10:00.141+0000] {processor.py:830} INFO - Processing file /home/airflow/.local/lib/python3.8/site-packages/airflow/example_dags/example_dynamic_task_mapping.py for tasks to queue
[2026-01-09T12:10:00.142+0000] {logging_mixin.py:188} INFO - [2026-01-09T12:10:00.142+0000] {dagbag.py:538} INFO - Filling up the DagBag from /home/airflow/.local/lib/python3.8/site-packages/airflow/example_dags/example_dynamic_task_mapping.py
[2026-01-09T12:10:00.154+0000] {processor.py:840} INFO - DAG(s) 'example_dynamic_task_mapping' retrieved from /home/airflow/.local/lib/python3.8/site-packages/airflow/example_dags/example_dynamic_task_mapping.py
[2026-01-09T12:10:00.193+0000] {logging_mixin.py:188} INFO - [2026-01-09T12:10:00.192+0000] {dag.py:3036} INFO - Sync 1 DAGs
[2026-01-09T12:10:00.232+0000] {logging_mixin.py:188} INFO - [2026-01-09T12:10:00.232+0000] {dag.py:3823} INFO - Setting next_dagrun for example_dynamic_task_mapping to 2022-03-04 00:00:00+00:00, run_after=2022-03-05 00:00:00+00:00
[2026-01-09T12:10:00.272+0000] {processor.py:183} INFO - Processing /home/airflow/.local/lib/python3.8/site-packages/airflow/example_dags/example_dynamic_task_mapping.py took 0.139 seconds
[2026-01-09T12:10:30.557+0000] {processor.py:161} INFO - Started process (PID=1118) to work on /home/airflow/.local/lib/python3.8/site-packages/airflow/example_dags/example_dynamic_task_mapping.py
[2026-01-09T12:10:30.559+0000] {processor.py:830} INFO - Processing file /home/airflow/.local/lib/python3.8/site-packages/airflow/example_dags/example_dynamic_task_mapping.py for tasks to queue
[2026-01-09T12:10:30.562+0000] {logging_mixin.py:188} INFO - [2026-01-09T12:10:30.561+0000] {dagbag.py:538} INFO - Filling up the DagBag from /home/airflow/.local/lib/python3.8/site-packages/airflow/example_dags/example_dynamic_task_mapping.py
[2026-01-09T12:10:30.635+0000] {processor.py:840} INFO - DAG(s) 'example_dynamic_task_mapping' retrieved from /home/airflow/.local/lib/python3.8/site-packages/airflow/example_dags/example_dynamic_task_mapping.py
[2026-01-09T12:10:30.793+0000] {logging_mixin.py:188} INFO - [2026-01-09T12:10:30.793+0000] {dag.py:3036} INFO - Sync 1 DAGs
[2026-01-09T12:10:30.835+0000] {logging_mixin.py:188} INFO - [2026-01-09T12:10:30.834+0000] {dag.py:3823} INFO - Setting next_dagrun for example_dynamic_task_mapping to 2022-03-04 00:00:00+00:00, run_after=2022-03-05 00:00:00+00:00
[2026-01-09T12:10:30.878+0000] {processor.py:183} INFO - Processing /home/airflow/.local/lib/python3.8/site-packages/airflow/example_dags/example_dynamic_task_mapping.py took 0.329 seconds
[2026-01-09T12:11:01.036+0000] {processor.py:161} INFO - Started process (PID=1365) to work on /home/airflow/.local/lib/python3.8/site-packages/airflow/example_dags/example_dynamic_task_mapping.py
[2026-01-09T12:11:01.039+0000] {processor.py:830} INFO - Processing file /home/airflow/.local/lib/python3.8/site-packages/airflow/example_dags/example_dynamic_task_mapping.py for tasks to queue
[2026-01-09T12:11:01.041+0000] {logging_mixin.py:188} INFO - [2026-01-09T12:11:01.041+0000] {dagbag.py:538} INFO - Filling up the DagBag from /home/airflow/.local/lib/python3.8/site-packages/airflow/example_dags/example_dynamic_task_mapping.py
[2026-01-09T12:11:01.059+0000] {processor.py:840} INFO - DAG(s) 'example_dynamic_task_mapping' retrieved from /home/airflow/.local/lib/python3.8/site-packages/airflow/example_dags/example_dynamic_task_mapping.py
[2026-01-09T12:11:01.107+0000] {logging_mixin.py:188} INFO - [2026-01-09T12:11:01.107+0000] {dag.py:3036} INFO - Sync 1 DAGs
[2026-01-09T12:11:01.155+0000] {logging_mixin.py:188} INFO - [2026-01-09T12:11:01.154+0000] {dag.py:3823} INFO - Setting next_dagrun for example_dynamic_task_mapping to 2022-03-04 00:00:00+00:00, run_after=2022-03-05 00:00:00+00:00
[2026-01-09T12:11:01.205+0000] {processor.py:183} INFO - Processing /home/airflow/.local/lib/python3.8/site-packages/airflow/example_dags/example_dynamic_task_mapping.py took 0.177 seconds
[2026-01-09T12:11:31.652+0000] {processor.py:161} INFO - Started process (PID=1612) to work on /home/airflow/.local/lib/python3.8/site-packages/airflow/example_dags/example_dynamic_task_mapping.py
[2026-01-09T12:11:31.654+0000] {processor.py:830} INFO - Processing file /home/airflow/.local/lib/python3.8/site-packages/airflow/example_dags/example_dynamic_task_mapping.py for tasks to queue
[2026-01-09T12:11:31.656+0000] {logging_mixin.py:188} INFO - [2026-01-09T12:11:31.655+0000] {dagbag.py:538} INFO - Filling up the DagBag from /home/airflow/.local/lib/python3.8/site-packages/airflow/example_dags/example_dynamic_task_mapping.py
[2026-01-09T12:11:31.670+0000] {processor.py:840} INFO - DAG(s) 'example_dynamic_task_mapping' retrieved from /home/airflow/.local/lib/python3.8/site-packages/airflow/example_dags/example_dynamic_task_mapping.py
[2026-01-09T12:11:31.711+0000] {logging_mixin.py:188} INFO - [2026-01-09T12:11:31.711+0000] {dag.py:3036} INFO - Sync 1 DAGs
[2026-01-09T12:11:31.753+0000] {logging_mixin.py:188} INFO - [2026-01-09T12:11:31.753+0000] {dag.py:3823} INFO - Setting next_dagrun for example_dynamic_task_mapping to 2022-03-04 00:00:00+00:00, run_after=2022-03-05 00:00:00+00:00
[2026-01-09T12:11:31.811+0000] {processor.py:183} INFO - Processing /home/airflow/.local/lib/python3.8/site-packages/airflow/example_dags/example_dynamic_task_mapping.py took 0.168 seconds
[2026-01-09T12:12:02.991+0000] {processor.py:161} INFO - Started process (PID=1860) to work on /home/airflow/.local/lib/python3.8/site-packages/airflow/example_dags/example_dynamic_task_mapping.py
[2026-01-09T12:12:02.994+0000] {processor.py:830} INFO - Processing file /home/airflow/.local/lib/python3.8/site-packages/airflow/example_dags/example_dynamic_task_mapping.py for tasks to queue
[2026-01-09T12:12:02.996+0000] {logging_mixin.py:188} INFO - [2026-01-09T12:12:02.995+0000] {dagbag.py:538} INFO - Filling up the DagBag from /home/airflow/.local/lib/python3.8/site-packages/airflow/example_dags/example_dynamic_task_mapping.py
[2026-01-09T12:12:03.017+0000] {processor.py:840} INFO - DAG(s) 'example_dynamic_task_mapping' retrieved from /home/airflow/.local/lib/python3.8/site-packages/airflow/example_dags/example_dynamic_task_mapping.py
[2026-01-09T12:12:03.075+0000] {logging_mixin.py:188} INFO - [2026-01-09T12:12:03.074+0000] {dag.py:3036} INFO - Sync 1 DAGs
[2026-01-09T12:12:03.128+0000] {logging_mixin.py:188} INFO - [2026-01-09T12:12:03.128+0000] {dag.py:3823} INFO - Setting next_dagrun for example_dynamic_task_mapping to 2022-03-04 00:00:00+00:00, run_after=2022-03-05 00:00:00+00:00
[2026-01-09T12:12:03.205+0000] {processor.py:183} INFO - Processing /home/airflow/.local/lib/python3.8/site-packages/airflow/example_dags/example_dynamic_task_mapping.py took 0.225 seconds
[2026-01-09T12:12:33.937+0000] {processor.py:161} INFO - Started process (PID=2107) to work on /home/airflow/.local/lib/python3.8/site-packages/airflow/example_dags/example_dynamic_task_mapping.py
[2026-01-09T12:12:33.939+0000] {processor.py:830} INFO - Processing file /home/airflow/.local/lib/python3.8/site-packages/airflow/example_dags/example_dynamic_task_mapping.py for tasks to queue
[2026-01-09T12:12:33.941+0000] {logging_mixin.py:188} INFO - [2026-01-09T12:12:33.940+0000] {dagbag.py:538} INFO - Filling up the DagBag from /home/airflow/.local/lib/python3.8/site-packages/airflow/example_dags/example_dynamic_task_mapping.py
[2026-01-09T12:12:33.952+0000] {processor.py:840} INFO - DAG(s) 'example_dynamic_task_mapping' retrieved from /home/airflow/.local/lib/python3.8/site-packages/airflow/example_dags/example_dynamic_task_mapping.py
[2026-01-09T12:12:33.993+0000] {logging_mixin.py:188} INFO - [2026-01-09T12:12:33.992+0000] {dag.py:3036} INFO - Sync 1 DAGs
[2026-01-09T12:12:34.031+0000] {logging_mixin.py:188} INFO - [2026-01-09T12:12:34.030+0000] {dag.py:3823} INFO - Setting next_dagrun for example_dynamic_task_mapping to 2022-03-04 00:00:00+00:00, run_after=2022-03-05 00:00:00+00:00
[2026-01-09T12:12:34.074+0000] {processor.py:183} INFO - Processing /home/airflow/.local/lib/python3.8/site-packages/airflow/example_dags/example_dynamic_task_mapping.py took 0.144 seconds
[2026-01-09T12:13:04.608+0000] {processor.py:161} INFO - Started process (PID=2354) to work on /home/airflow/.local/lib/python3.8/site-packages/airflow/example_dags/example_dynamic_task_mapping.py
[2026-01-09T12:13:04.612+0000] {processor.py:830} INFO - Processing file /home/airflow/.local/lib/python3.8/site-packages/airflow/example_dags/example_dynamic_task_mapping.py for tasks to queue
[2026-01-09T12:13:04.615+0000] {logging_mixin.py:188} INFO - [2026-01-09T12:13:04.614+0000] {dagbag.py:538} INFO - Filling up the DagBag from /home/airflow/.local/lib/python3.8/site-packages/airflow/example_dags/example_dynamic_task_mapping.py
[2026-01-09T12:13:04.631+0000] {processor.py:840} INFO - DAG(s) 'example_dynamic_task_mapping' retrieved from /home/airflow/.local/lib/python3.8/site-packages/airflow/example_dags/example_dynamic_task_mapping.py
[2026-01-09T12:13:04.678+0000] {logging_mixin.py:188} INFO - [2026-01-09T12:13:04.678+0000] {dag.py:3036} INFO - Sync 1 DAGs
[2026-01-09T12:13:04.797+0000] {logging_mixin.py:188} INFO - [2026-01-09T12:13:04.796+0000] {dag.py:3823} INFO - Setting next_dagrun for example_dynamic_task_mapping to 2022-03-04 00:00:00+00:00, run_after=2022-03-05 00:00:00+00:00
[2026-01-09T12:13:04.859+0000] {processor.py:183} INFO - Processing /home/airflow/.local/lib/python3.8/site-packages/airflow/example_dags/example_dynamic_task_mapping.py took 0.260 seconds
[2026-01-09T12:13:35.751+0000] {processor.py:161} INFO - Started process (PID=2601) to work on /home/airflow/.local/lib/python3.8/site-packages/airflow/example_dags/example_dynamic_task_mapping.py
[2026-01-09T12:13:35.752+0000] {processor.py:830} INFO - Processing file /home/airflow/.local/lib/python3.8/site-packages/airflow/example_dags/example_dynamic_task_mapping.py for tasks to queue
[2026-01-09T12:13:35.754+0000] {logging_mixin.py:188} INFO - [2026-01-09T12:13:35.753+0000] {dagbag.py:538} INFO - Filling up the DagBag from /home/airflow/.local/lib/python3.8/site-packages/airflow/example_dags/example_dynamic_task_mapping.py
[2026-01-09T12:13:35.766+0000] {processor.py:840} INFO - DAG(s) 'example_dynamic_task_mapping' retrieved from /home/airflow/.local/lib/python3.8/site-packages/airflow/example_dags/example_dynamic_task_mapping.py
[2026-01-09T12:13:35.802+0000] {logging_mixin.py:188} INFO - [2026-01-09T12:13:35.802+0000] {dag.py:3036} INFO - Sync 1 DAGs
[2026-01-09T12:13:35.838+0000] {logging_mixin.py:188} INFO - [2026-01-09T12:13:35.838+0000] {dag.py:3823} INFO - Setting next_dagrun for example_dynamic_task_mapping to 2022-03-04 00:00:00+00:00, run_after=2022-03-05 00:00:00+00:00
[2026-01-09T12:13:35.884+0000] {processor.py:183} INFO - Processing /home/airflow/.local/lib/python3.8/site-packages/airflow/example_dags/example_dynamic_task_mapping.py took 0.141 seconds
[2026-01-09T12:14:06.079+0000] {processor.py:161} INFO - Started process (PID=2848) to work on /home/airflow/.local/lib/python3.8/site-packages/airflow/example_dags/example_dynamic_task_mapping.py
[2026-01-09T12:14:06.081+0000] {processor.py:830} INFO - Processing file /home/airflow/.local/lib/python3.8/site-packages/airflow/example_dags/example_dynamic_task_mapping.py for tasks to queue
[2026-01-09T12:14:06.083+0000] {logging_mixin.py:188} INFO - [2026-01-09T12:14:06.082+0000] {dagbag.py:538} INFO - Filling up the DagBag from /home/airflow/.local/lib/python3.8/site-packages/airflow/example_dags/example_dynamic_task_mapping.py
[2026-01-09T12:14:06.099+0000] {processor.py:840} INFO - DAG(s) 'example_dynamic_task_mapping' retrieved from /home/airflow/.local/lib/python3.8/site-packages/airflow/example_dags/example_dynamic_task_mapping.py
[2026-01-09T12:14:06.136+0000] {logging_mixin.py:188} INFO - [2026-01-09T12:14:06.135+0000] {dag.py:3036} INFO - Sync 1 DAGs
[2026-01-09T12:14:06.178+0000] {logging_mixin.py:188} INFO - [2026-01-09T12:14:06.178+0000] {dag.py:3823} INFO - Setting next_dagrun for example_dynamic_task_mapping to 2022-03-04 00:00:00+00:00, run_after=2022-03-05 00:00:00+00:00
[2026-01-09T12:14:06.223+0000] {processor.py:183} INFO - Processing /home/airflow/.local/lib/python3.8/site-packages/airflow/example_dags/example_dynamic_task_mapping.py took 0.153 seconds
[2026-01-09T12:14:36.415+0000] {processor.py:161} INFO - Started process (PID=3095) to work on /home/airflow/.local/lib/python3.8/site-packages/airflow/example_dags/example_dynamic_task_mapping.py
[2026-01-09T12:14:36.417+0000] {processor.py:830} INFO - Processing file /home/airflow/.local/lib/python3.8/site-packages/airflow/example_dags/example_dynamic_task_mapping.py for tasks to queue
[2026-01-09T12:14:36.419+0000] {logging_mixin.py:188} INFO - [2026-01-09T12:14:36.418+0000] {dagbag.py:538} INFO - Filling up the DagBag from /home/airflow/.local/lib/python3.8/site-packages/airflow/example_dags/example_dynamic_task_mapping.py
[2026-01-09T12:14:36.432+0000] {processor.py:840} INFO - DAG(s) 'example_dynamic_task_mapping' retrieved from /home/airflow/.local/lib/python3.8/site-packages/airflow/example_dags/example_dynamic_task_mapping.py
[2026-01-09T12:14:36.472+0000] {logging_mixin.py:188} INFO - [2026-01-09T12:14:36.471+0000] {dag.py:3036} INFO - Sync 1 DAGs
[2026-01-09T12:14:36.514+0000] {logging_mixin.py:188} INFO - [2026-01-09T12:14:36.513+0000] {dag.py:3823} INFO - Setting next_dagrun for example_dynamic_task_mapping to 2022-03-04 00:00:00+00:00, run_after=2022-03-05 00:00:00+00:00
[2026-01-09T12:14:36.554+0000] {processor.py:183} INFO - Processing /home/airflow/.local/lib/python3.8/site-packages/airflow/example_dags/example_dynamic_task_mapping.py took 0.145 seconds
[2026-01-09T12:15:07.451+0000] {processor.py:161} INFO - Started process (PID=3344) to work on /home/airflow/.local/lib/python3.8/site-packages/airflow/example_dags/example_dynamic_task_mapping.py
[2026-01-09T12:15:07.486+0000] {processor.py:830} INFO - Processing file /home/airflow/.local/lib/python3.8/site-packages/airflow/example_dags/example_dynamic_task_mapping.py for tasks to queue
[2026-01-09T12:15:07.489+0000] {logging_mixin.py:188} INFO - [2026-01-09T12:15:07.488+0000] {dagbag.py:538} INFO - Filling up the DagBag from /home/airflow/.local/lib/python3.8/site-packages/airflow/example_dags/example_dynamic_task_mapping.py
[2026-01-09T12:15:07.513+0000] {processor.py:840} INFO - DAG(s) 'example_dynamic_task_mapping' retrieved from /home/airflow/.local/lib/python3.8/site-packages/airflow/example_dags/example_dynamic_task_mapping.py
[2026-01-09T12:15:07.596+0000] {logging_mixin.py:188} INFO - [2026-01-09T12:15:07.595+0000] {dag.py:3036} INFO - Sync 1 DAGs
[2026-01-09T12:15:07.674+0000] {logging_mixin.py:188} INFO - [2026-01-09T12:15:07.673+0000] {dag.py:3823} INFO - Setting next_dagrun for example_dynamic_task_mapping to 2022-03-04 00:00:00+00:00, run_after=2022-03-05 00:00:00+00:00
[2026-01-09T12:15:07.869+0000] {processor.py:183} INFO - Processing /home/airflow/.local/lib/python3.8/site-packages/airflow/example_dags/example_dynamic_task_mapping.py took 0.431 seconds
[2026-01-09T12:15:38.339+0000] {processor.py:161} INFO - Started process (PID=3589) to work on /home/airflow/.local/lib/python3.8/site-packages/airflow/example_dags/example_dynamic_task_mapping.py
[2026-01-09T12:15:38.340+0000] {processor.py:830} INFO - Processing file /home/airflow/.local/lib/python3.8/site-packages/airflow/example_dags/example_dynamic_task_mapping.py for tasks to queue
[2026-01-09T12:15:38.342+0000] {logging_mixin.py:188} INFO - [2026-01-09T12:15:38.341+0000] {dagbag.py:538} INFO - Filling up the DagBag from /home/airflow/.local/lib/python3.8/site-packages/airflow/example_dags/example_dynamic_task_mapping.py
[2026-01-09T12:15:38.359+0000] {processor.py:840} INFO - DAG(s) 'example_dynamic_task_mapping' retrieved from /home/airflow/.local/lib/python3.8/site-packages/airflow/example_dags/example_dynamic_task_mapping.py
[2026-01-09T12:15:38.408+0000] {logging_mixin.py:188} INFO - [2026-01-09T12:15:38.408+0000] {dag.py:3036} INFO - Sync 1 DAGs
[2026-01-09T12:15:38.453+0000] {logging_mixin.py:188} INFO - [2026-01-09T12:15:38.452+0000] {dag.py:3823} INFO - Setting next_dagrun for example_dynamic_task_mapping to 2022-03-04 00:00:00+00:00, run_after=2022-03-05 00:00:00+00:00
[2026-01-09T12:15:38.498+0000] {processor.py:183} INFO - Processing /home/airflow/.local/lib/python3.8/site-packages/airflow/example_dags/example_dynamic_task_mapping.py took 0.165 seconds
[2026-01-09T12:16:08.669+0000] {processor.py:161} INFO - Started process (PID=3837) to work on /home/airflow/.local/lib/python3.8/site-packages/airflow/example_dags/example_dynamic_task_mapping.py
[2026-01-09T12:16:08.672+0000] {processor.py:830} INFO - Processing file /home/airflow/.local/lib/python3.8/site-packages/airflow/example_dags/example_dynamic_task_mapping.py for tasks to queue
[2026-01-09T12:16:08.674+0000] {logging_mixin.py:188} INFO - [2026-01-09T12:16:08.673+0000] {dagbag.py:538} INFO - Filling up the DagBag from /home/airflow/.local/lib/python3.8/site-packages/airflow/example_dags/example_dynamic_task_mapping.py
[2026-01-09T12:16:08.690+0000] {processor.py:840} INFO - DAG(s) 'example_dynamic_task_mapping' retrieved from /home/airflow/.local/lib/python3.8/site-packages/airflow/example_dags/example_dynamic_task_mapping.py
[2026-01-09T12:16:08.734+0000] {logging_mixin.py:188} INFO - [2026-01-09T12:16:08.733+0000] {dag.py:3036} INFO - Sync 1 DAGs
[2026-01-09T12:16:08.773+0000] {logging_mixin.py:188} INFO - [2026-01-09T12:16:08.772+0000] {dag.py:3823} INFO - Setting next_dagrun for example_dynamic_task_mapping to 2022-03-04 00:00:00+00:00, run_after=2022-03-05 00:00:00+00:00
[2026-01-09T12:16:08.817+0000] {processor.py:183} INFO - Processing /home/airflow/.local/lib/python3.8/site-packages/airflow/example_dags/example_dynamic_task_mapping.py took 0.154 seconds
[2026-01-09T12:16:38.963+0000] {processor.py:161} INFO - Started process (PID=4082) to work on /home/airflow/.local/lib/python3.8/site-packages/airflow/example_dags/example_dynamic_task_mapping.py
[2026-01-09T12:16:38.965+0000] {processor.py:830} INFO - Processing file /home/airflow/.local/lib/python3.8/site-packages/airflow/example_dags/example_dynamic_task_mapping.py for tasks to queue
[2026-01-09T12:16:38.967+0000] {logging_mixin.py:188} INFO - [2026-01-09T12:16:38.966+0000] {dagbag.py:538} INFO - Filling up the DagBag from /home/airflow/.local/lib/python3.8/site-packages/airflow/example_dags/example_dynamic_task_mapping.py
[2026-01-09T12:16:38.989+0000] {processor.py:840} INFO - DAG(s) 'example_dynamic_task_mapping' retrieved from /home/airflow/.local/lib/python3.8/site-packages/airflow/example_dags/example_dynamic_task_mapping.py
[2026-01-09T12:16:39.086+0000] {logging_mixin.py:188} INFO - [2026-01-09T12:16:39.085+0000] {dag.py:3036} INFO - Sync 1 DAGs
[2026-01-09T12:16:39.194+0000] {logging_mixin.py:188} INFO - [2026-01-09T12:16:39.193+0000] {dag.py:3823} INFO - Setting next_dagrun for example_dynamic_task_mapping to 2022-03-04 00:00:00+00:00, run_after=2022-03-05 00:00:00+00:00
[2026-01-09T12:16:39.265+0000] {processor.py:183} INFO - Processing /home/airflow/.local/lib/python3.8/site-packages/airflow/example_dags/example_dynamic_task_mapping.py took 0.309 seconds
[2026-01-09T12:17:09.320+0000] {processor.py:161} INFO - Started process (PID=4331) to work on /home/airflow/.local/lib/python3.8/site-packages/airflow/example_dags/example_dynamic_task_mapping.py
[2026-01-09T12:17:09.323+0000] {processor.py:830} INFO - Processing file /home/airflow/.local/lib/python3.8/site-packages/airflow/example_dags/example_dynamic_task_mapping.py for tasks to queue
[2026-01-09T12:17:09.324+0000] {logging_mixin.py:188} INFO - [2026-01-09T12:17:09.324+0000] {dagbag.py:538} INFO - Filling up the DagBag from /home/airflow/.local/lib/python3.8/site-packages/airflow/example_dags/example_dynamic_task_mapping.py
[2026-01-09T12:17:09.336+0000] {processor.py:840} INFO - DAG(s) 'example_dynamic_task_mapping' retrieved from /home/airflow/.local/lib/python3.8/site-packages/airflow/example_dags/example_dynamic_task_mapping.py
[2026-01-09T12:17:09.380+0000] {logging_mixin.py:188} INFO - [2026-01-09T12:17:09.379+0000] {dag.py:3036} INFO - Sync 1 DAGs
[2026-01-09T12:17:09.420+0000] {logging_mixin.py:188} INFO - [2026-01-09T12:17:09.419+0000] {dag.py:3823} INFO - Setting next_dagrun for example_dynamic_task_mapping to 2022-03-04 00:00:00+00:00, run_after=2022-03-05 00:00:00+00:00
[2026-01-09T12:17:09.459+0000] {processor.py:183} INFO - Processing /home/airflow/.local/lib/python3.8/site-packages/airflow/example_dags/example_dynamic_task_mapping.py took 0.146 seconds
[2026-01-09T12:17:39.661+0000] {processor.py:161} INFO - Started process (PID=4576) to work on /home/airflow/.local/lib/python3.8/site-packages/airflow/example_dags/example_dynamic_task_mapping.py
[2026-01-09T12:17:39.663+0000] {processor.py:830} INFO - Processing file /home/airflow/.local/lib/python3.8/site-packages/airflow/example_dags/example_dynamic_task_mapping.py for tasks to queue
[2026-01-09T12:17:39.665+0000] {logging_mixin.py:188} INFO - [2026-01-09T12:17:39.665+0000] {dagbag.py:538} INFO - Filling up the DagBag from /home/airflow/.local/lib/python3.8/site-packages/airflow/example_dags/example_dynamic_task_mapping.py
[2026-01-09T12:17:39.677+0000] {processor.py:840} INFO - DAG(s) 'example_dynamic_task_mapping' retrieved from /home/airflow/.local/lib/python3.8/site-packages/airflow/example_dags/example_dynamic_task_mapping.py
[2026-01-09T12:17:39.721+0000] {logging_mixin.py:188} INFO - [2026-01-09T12:17:39.720+0000] {dag.py:3036} INFO - Sync 1 DAGs
[2026-01-09T12:17:39.760+0000] {logging_mixin.py:188} INFO - [2026-01-09T12:17:39.759+0000] {dag.py:3823} INFO - Setting next_dagrun for example_dynamic_task_mapping to 2022-03-04 00:00:00+00:00, run_after=2022-03-05 00:00:00+00:00
[2026-01-09T12:17:39.800+0000] {processor.py:183} INFO - Processing /home/airflow/.local/lib/python3.8/site-packages/airflow/example_dags/example_dynamic_task_mapping.py took 0.145 seconds
[2026-01-09T12:18:10.693+0000] {processor.py:161} INFO - Started process (PID=4823) to work on /home/airflow/.local/lib/python3.8/site-packages/airflow/example_dags/example_dynamic_task_mapping.py
[2026-01-09T12:18:10.696+0000] {processor.py:830} INFO - Processing file /home/airflow/.local/lib/python3.8/site-packages/airflow/example_dags/example_dynamic_task_mapping.py for tasks to queue
[2026-01-09T12:18:10.698+0000] {logging_mixin.py:188} INFO - [2026-01-09T12:18:10.697+0000] {dagbag.py:538} INFO - Filling up the DagBag from /home/airflow/.local/lib/python3.8/site-packages/airflow/example_dags/example_dynamic_task_mapping.py
[2026-01-09T12:18:10.711+0000] {processor.py:840} INFO - DAG(s) 'example_dynamic_task_mapping' retrieved from /home/airflow/.local/lib/python3.8/site-packages/airflow/example_dags/example_dynamic_task_mapping.py
[2026-01-09T12:18:10.757+0000] {logging_mixin.py:188} INFO - [2026-01-09T12:18:10.757+0000] {dag.py:3036} INFO - Sync 1 DAGs
[2026-01-09T12:18:10.796+0000] {logging_mixin.py:188} INFO - [2026-01-09T12:18:10.796+0000] {dag.py:3823} INFO - Setting next_dagrun for example_dynamic_task_mapping to 2022-03-04 00:00:00+00:00, run_after=2022-03-05 00:00:00+00:00
[2026-01-09T12:18:10.843+0000] {processor.py:183} INFO - Processing /home/airflow/.local/lib/python3.8/site-packages/airflow/example_dags/example_dynamic_task_mapping.py took 0.157 seconds
[2026-01-09T12:18:41.353+0000] {processor.py:161} INFO - Started process (PID=5070) to work on /home/airflow/.local/lib/python3.8/site-packages/airflow/example_dags/example_dynamic_task_mapping.py
[2026-01-09T12:18:41.356+0000] {processor.py:830} INFO - Processing file /home/airflow/.local/lib/python3.8/site-packages/airflow/example_dags/example_dynamic_task_mapping.py for tasks to queue
[2026-01-09T12:18:41.358+0000] {logging_mixin.py:188} INFO - [2026-01-09T12:18:41.357+0000] {dagbag.py:538} INFO - Filling up the DagBag from /home/airflow/.local/lib/python3.8/site-packages/airflow/example_dags/example_dynamic_task_mapping.py
[2026-01-09T12:18:41.374+0000] {processor.py:840} INFO - DAG(s) 'example_dynamic_task_mapping' retrieved from /home/airflow/.local/lib/python3.8/site-packages/airflow/example_dags/example_dynamic_task_mapping.py
[2026-01-09T12:18:41.424+0000] {logging_mixin.py:188} INFO - [2026-01-09T12:18:41.424+0000] {dag.py:3036} INFO - Sync 1 DAGs
[2026-01-09T12:18:41.476+0000] {logging_mixin.py:188} INFO - [2026-01-09T12:18:41.476+0000] {dag.py:3823} INFO - Setting next_dagrun for example_dynamic_task_mapping to 2022-03-04 00:00:00+00:00, run_after=2022-03-05 00:00:00+00:00
[2026-01-09T12:18:41.531+0000] {processor.py:183} INFO - Processing /home/airflow/.local/lib/python3.8/site-packages/airflow/example_dags/example_dynamic_task_mapping.py took 0.185 seconds
[2026-01-09T12:19:11.725+0000] {processor.py:161} INFO - Started process (PID=5317) to work on /home/airflow/.local/lib/python3.8/site-packages/airflow/example_dags/example_dynamic_task_mapping.py
[2026-01-09T12:19:11.726+0000] {processor.py:830} INFO - Processing file /home/airflow/.local/lib/python3.8/site-packages/airflow/example_dags/example_dynamic_task_mapping.py for tasks to queue
[2026-01-09T12:19:11.728+0000] {logging_mixin.py:188} INFO - [2026-01-09T12:19:11.727+0000] {dagbag.py:538} INFO - Filling up the DagBag from /home/airflow/.local/lib/python3.8/site-packages/airflow/example_dags/example_dynamic_task_mapping.py
[2026-01-09T12:19:11.740+0000] {processor.py:840} INFO - DAG(s) 'example_dynamic_task_mapping' retrieved from /home/airflow/.local/lib/python3.8/site-packages/airflow/example_dags/example_dynamic_task_mapping.py
[2026-01-09T12:19:11.778+0000] {logging_mixin.py:188} INFO - [2026-01-09T12:19:11.778+0000] {dag.py:3036} INFO - Sync 1 DAGs
[2026-01-09T12:19:11.817+0000] {logging_mixin.py:188} INFO - [2026-01-09T12:19:11.817+0000] {dag.py:3823} INFO - Setting next_dagrun for example_dynamic_task_mapping to 2022-03-04 00:00:00+00:00, run_after=2022-03-05 00:00:00+00:00
[2026-01-09T12:19:11.871+0000] {processor.py:183} INFO - Processing /home/airflow/.local/lib/python3.8/site-packages/airflow/example_dags/example_dynamic_task_mapping.py took 0.153 seconds
[2026-01-09T12:19:42.537+0000] {processor.py:161} INFO - Started process (PID=5566) to work on /home/airflow/.local/lib/python3.8/site-packages/airflow/example_dags/example_dynamic_task_mapping.py
[2026-01-09T12:19:42.540+0000] {processor.py:830} INFO - Processing file /home/airflow/.local/lib/python3.8/site-packages/airflow/example_dags/example_dynamic_task_mapping.py for tasks to queue
[2026-01-09T12:19:42.542+0000] {logging_mixin.py:188} INFO - [2026-01-09T12:19:42.541+0000] {dagbag.py:538} INFO - Filling up the DagBag from /home/airflow/.local/lib/python3.8/site-packages/airflow/example_dags/example_dynamic_task_mapping.py
[2026-01-09T12:19:42.556+0000] {processor.py:840} INFO - DAG(s) 'example_dynamic_task_mapping' retrieved from /home/airflow/.local/lib/python3.8/site-packages/airflow/example_dags/example_dynamic_task_mapping.py
[2026-01-09T12:19:42.603+0000] {logging_mixin.py:188} INFO - [2026-01-09T12:19:42.602+0000] {dag.py:3036} INFO - Sync 1 DAGs
[2026-01-09T12:19:42.642+0000] {logging_mixin.py:188} INFO - [2026-01-09T12:19:42.642+0000] {dag.py:3823} INFO - Setting next_dagrun for example_dynamic_task_mapping to 2022-03-04 00:00:00+00:00, run_after=2022-03-05 00:00:00+00:00
[2026-01-09T12:19:42.684+0000] {processor.py:183} INFO - Processing /home/airflow/.local/lib/python3.8/site-packages/airflow/example_dags/example_dynamic_task_mapping.py took 0.154 seconds
[2026-01-09T12:20:13.178+0000] {processor.py:161} INFO - Started process (PID=5811) to work on /home/airflow/.local/lib/python3.8/site-packages/airflow/example_dags/example_dynamic_task_mapping.py
[2026-01-09T12:20:13.183+0000] {processor.py:830} INFO - Processing file /home/airflow/.local/lib/python3.8/site-packages/airflow/example_dags/example_dynamic_task_mapping.py for tasks to queue
[2026-01-09T12:20:13.184+0000] {logging_mixin.py:188} INFO - [2026-01-09T12:20:13.184+0000] {dagbag.py:538} INFO - Filling up the DagBag from /home/airflow/.local/lib/python3.8/site-packages/airflow/example_dags/example_dynamic_task_mapping.py
[2026-01-09T12:20:13.199+0000] {processor.py:840} INFO - DAG(s) 'example_dynamic_task_mapping' retrieved from /home/airflow/.local/lib/python3.8/site-packages/airflow/example_dags/example_dynamic_task_mapping.py
[2026-01-09T12:20:13.239+0000] {logging_mixin.py:188} INFO - [2026-01-09T12:20:13.239+0000] {dag.py:3036} INFO - Sync 1 DAGs
[2026-01-09T12:20:13.277+0000] {logging_mixin.py:188} INFO - [2026-01-09T12:20:13.277+0000] {dag.py:3823} INFO - Setting next_dagrun for example_dynamic_task_mapping to 2022-03-04 00:00:00+00:00, run_after=2022-03-05 00:00:00+00:00
[2026-01-09T12:20:13.317+0000] {processor.py:183} INFO - Processing /home/airflow/.local/lib/python3.8/site-packages/airflow/example_dags/example_dynamic_task_mapping.py took 0.147 seconds
[2026-01-09T12:20:44.155+0000] {processor.py:161} INFO - Started process (PID=6058) to work on /home/airflow/.local/lib/python3.8/site-packages/airflow/example_dags/example_dynamic_task_mapping.py
[2026-01-09T12:20:44.161+0000] {processor.py:830} INFO - Processing file /home/airflow/.local/lib/python3.8/site-packages/airflow/example_dags/example_dynamic_task_mapping.py for tasks to queue
[2026-01-09T12:20:44.163+0000] {logging_mixin.py:188} INFO - [2026-01-09T12:20:44.163+0000] {dagbag.py:538} INFO - Filling up the DagBag from /home/airflow/.local/lib/python3.8/site-packages/airflow/example_dags/example_dynamic_task_mapping.py
[2026-01-09T12:20:44.179+0000] {processor.py:840} INFO - DAG(s) 'example_dynamic_task_mapping' retrieved from /home/airflow/.local/lib/python3.8/site-packages/airflow/example_dags/example_dynamic_task_mapping.py
[2026-01-09T12:20:44.229+0000] {logging_mixin.py:188} INFO - [2026-01-09T12:20:44.229+0000] {dag.py:3036} INFO - Sync 1 DAGs
[2026-01-09T12:20:44.286+0000] {logging_mixin.py:188} INFO - [2026-01-09T12:20:44.286+0000] {dag.py:3823} INFO - Setting next_dagrun for example_dynamic_task_mapping to 2022-03-04 00:00:00+00:00, run_after=2022-03-05 00:00:00+00:00
[2026-01-09T12:20:44.332+0000] {processor.py:183} INFO - Processing /home/airflow/.local/lib/python3.8/site-packages/airflow/example_dags/example_dynamic_task_mapping.py took 0.186 seconds
[2026-01-09T12:21:14.801+0000] {processor.py:161} INFO - Started process (PID=6305) to work on /home/airflow/.local/lib/python3.8/site-packages/airflow/example_dags/example_dynamic_task_mapping.py
[2026-01-09T12:21:14.809+0000] {processor.py:830} INFO - Processing file /home/airflow/.local/lib/python3.8/site-packages/airflow/example_dags/example_dynamic_task_mapping.py for tasks to queue
[2026-01-09T12:21:14.811+0000] {logging_mixin.py:188} INFO - [2026-01-09T12:21:14.810+0000] {dagbag.py:538} INFO - Filling up the DagBag from /home/airflow/.local/lib/python3.8/site-packages/airflow/example_dags/example_dynamic_task_mapping.py
[2026-01-09T12:21:14.824+0000] {processor.py:840} INFO - DAG(s) 'example_dynamic_task_mapping' retrieved from /home/airflow/.local/lib/python3.8/site-packages/airflow/example_dags/example_dynamic_task_mapping.py
[2026-01-09T12:21:14.868+0000] {logging_mixin.py:188} INFO - [2026-01-09T12:21:14.867+0000] {dag.py:3036} INFO - Sync 1 DAGs
[2026-01-09T12:21:14.909+0000] {logging_mixin.py:188} INFO - [2026-01-09T12:21:14.908+0000] {dag.py:3823} INFO - Setting next_dagrun for example_dynamic_task_mapping to 2022-03-04 00:00:00+00:00, run_after=2022-03-05 00:00:00+00:00
[2026-01-09T12:21:14.950+0000] {processor.py:183} INFO - Processing /home/airflow/.local/lib/python3.8/site-packages/airflow/example_dags/example_dynamic_task_mapping.py took 0.156 seconds
[2026-01-09T12:21:45.618+0000] {processor.py:161} INFO - Started process (PID=6554) to work on /home/airflow/.local/lib/python3.8/site-packages/airflow/example_dags/example_dynamic_task_mapping.py
[2026-01-09T12:21:45.621+0000] {processor.py:830} INFO - Processing file /home/airflow/.local/lib/python3.8/site-packages/airflow/example_dags/example_dynamic_task_mapping.py for tasks to queue
[2026-01-09T12:21:45.622+0000] {logging_mixin.py:188} INFO - [2026-01-09T12:21:45.622+0000] {dagbag.py:538} INFO - Filling up the DagBag from /home/airflow/.local/lib/python3.8/site-packages/airflow/example_dags/example_dynamic_task_mapping.py
[2026-01-09T12:21:45.639+0000] {processor.py:840} INFO - DAG(s) 'example_dynamic_task_mapping' retrieved from /home/airflow/.local/lib/python3.8/site-packages/airflow/example_dags/example_dynamic_task_mapping.py
[2026-01-09T12:21:45.683+0000] {logging_mixin.py:188} INFO - [2026-01-09T12:21:45.682+0000] {dag.py:3036} INFO - Sync 1 DAGs
[2026-01-09T12:21:45.721+0000] {logging_mixin.py:188} INFO - [2026-01-09T12:21:45.720+0000] {dag.py:3823} INFO - Setting next_dagrun for example_dynamic_task_mapping to 2022-03-04 00:00:00+00:00, run_after=2022-03-05 00:00:00+00:00
[2026-01-09T12:21:45.780+0000] {processor.py:183} INFO - Processing /home/airflow/.local/lib/python3.8/site-packages/airflow/example_dags/example_dynamic_task_mapping.py took 0.170 seconds
[2026-01-09T12:22:16.658+0000] {processor.py:161} INFO - Started process (PID=6800) to work on /home/airflow/.local/lib/python3.8/site-packages/airflow/example_dags/example_dynamic_task_mapping.py
[2026-01-09T12:22:16.702+0000] {processor.py:830} INFO - Processing file /home/airflow/.local/lib/python3.8/site-packages/airflow/example_dags/example_dynamic_task_mapping.py for tasks to queue
[2026-01-09T12:22:16.704+0000] {logging_mixin.py:188} INFO - [2026-01-09T12:22:16.703+0000] {dagbag.py:538} INFO - Filling up the DagBag from /home/airflow/.local/lib/python3.8/site-packages/airflow/example_dags/example_dynamic_task_mapping.py
[2026-01-09T12:22:16.718+0000] {processor.py:840} INFO - DAG(s) 'example_dynamic_task_mapping' retrieved from /home/airflow/.local/lib/python3.8/site-packages/airflow/example_dags/example_dynamic_task_mapping.py
[2026-01-09T12:22:16.761+0000] {logging_mixin.py:188} INFO - [2026-01-09T12:22:16.761+0000] {dag.py:3036} INFO - Sync 1 DAGs
[2026-01-09T12:22:16.803+0000] {logging_mixin.py:188} INFO - [2026-01-09T12:22:16.803+0000] {dag.py:3823} INFO - Setting next_dagrun for example_dynamic_task_mapping to 2022-03-04 00:00:00+00:00, run_after=2022-03-05 00:00:00+00:00
[2026-01-09T12:22:16.855+0000] {processor.py:183} INFO - Processing /home/airflow/.local/lib/python3.8/site-packages/airflow/example_dags/example_dynamic_task_mapping.py took 0.203 seconds
[2026-01-09T12:22:47.184+0000] {processor.py:161} INFO - Started process (PID=7047) to work on /home/airflow/.local/lib/python3.8/site-packages/airflow/example_dags/example_dynamic_task_mapping.py
[2026-01-09T12:22:47.186+0000] {processor.py:830} INFO - Processing file /home/airflow/.local/lib/python3.8/site-packages/airflow/example_dags/example_dynamic_task_mapping.py for tasks to queue
[2026-01-09T12:22:47.188+0000] {logging_mixin.py:188} INFO - [2026-01-09T12:22:47.187+0000] {dagbag.py:538} INFO - Filling up the DagBag from /home/airflow/.local/lib/python3.8/site-packages/airflow/example_dags/example_dynamic_task_mapping.py
[2026-01-09T12:22:47.202+0000] {processor.py:840} INFO - DAG(s) 'example_dynamic_task_mapping' retrieved from /home/airflow/.local/lib/python3.8/site-packages/airflow/example_dags/example_dynamic_task_mapping.py
[2026-01-09T12:22:47.249+0000] {logging_mixin.py:188} INFO - [2026-01-09T12:22:47.248+0000] {dag.py:3036} INFO - Sync 1 DAGs
[2026-01-09T12:22:47.311+0000] {logging_mixin.py:188} INFO - [2026-01-09T12:22:47.310+0000] {dag.py:3823} INFO - Setting next_dagrun for example_dynamic_task_mapping to 2022-03-04 00:00:00+00:00, run_after=2022-03-05 00:00:00+00:00
[2026-01-09T12:22:47.364+0000] {processor.py:183} INFO - Processing /home/airflow/.local/lib/python3.8/site-packages/airflow/example_dags/example_dynamic_task_mapping.py took 0.191 seconds
[2026-01-09T12:23:17.518+0000] {processor.py:161} INFO - Started process (PID=7294) to work on /home/airflow/.local/lib/python3.8/site-packages/airflow/example_dags/example_dynamic_task_mapping.py
[2026-01-09T12:23:17.539+0000] {processor.py:830} INFO - Processing file /home/airflow/.local/lib/python3.8/site-packages/airflow/example_dags/example_dynamic_task_mapping.py for tasks to queue
[2026-01-09T12:23:17.541+0000] {logging_mixin.py:188} INFO - [2026-01-09T12:23:17.540+0000] {dagbag.py:538} INFO - Filling up the DagBag from /home/airflow/.local/lib/python3.8/site-packages/airflow/example_dags/example_dynamic_task_mapping.py
[2026-01-09T12:23:17.556+0000] {processor.py:840} INFO - DAG(s) 'example_dynamic_task_mapping' retrieved from /home/airflow/.local/lib/python3.8/site-packages/airflow/example_dags/example_dynamic_task_mapping.py
[2026-01-09T12:23:17.606+0000] {logging_mixin.py:188} INFO - [2026-01-09T12:23:17.606+0000] {dag.py:3036} INFO - Sync 1 DAGs
[2026-01-09T12:23:17.661+0000] {logging_mixin.py:188} INFO - [2026-01-09T12:23:17.661+0000] {dag.py:3823} INFO - Setting next_dagrun for example_dynamic_task_mapping to 2022-03-04 00:00:00+00:00, run_after=2022-03-05 00:00:00+00:00
[2026-01-09T12:23:17.713+0000] {processor.py:183} INFO - Processing /home/airflow/.local/lib/python3.8/site-packages/airflow/example_dags/example_dynamic_task_mapping.py took 0.204 seconds
[2026-01-09T12:23:48.783+0000] {processor.py:161} INFO - Started process (PID=7541) to work on /home/airflow/.local/lib/python3.8/site-packages/airflow/example_dags/example_dynamic_task_mapping.py
[2026-01-09T12:23:48.785+0000] {processor.py:830} INFO - Processing file /home/airflow/.local/lib/python3.8/site-packages/airflow/example_dags/example_dynamic_task_mapping.py for tasks to queue
[2026-01-09T12:23:48.788+0000] {logging_mixin.py:188} INFO - [2026-01-09T12:23:48.787+0000] {dagbag.py:538} INFO - Filling up the DagBag from /home/airflow/.local/lib/python3.8/site-packages/airflow/example_dags/example_dynamic_task_mapping.py
[2026-01-09T12:23:48.803+0000] {processor.py:840} INFO - DAG(s) 'example_dynamic_task_mapping' retrieved from /home/airflow/.local/lib/python3.8/site-packages/airflow/example_dags/example_dynamic_task_mapping.py
[2026-01-09T12:23:48.846+0000] {logging_mixin.py:188} INFO - [2026-01-09T12:23:48.845+0000] {dag.py:3036} INFO - Sync 1 DAGs
[2026-01-09T12:23:48.889+0000] {logging_mixin.py:188} INFO - [2026-01-09T12:23:48.888+0000] {dag.py:3823} INFO - Setting next_dagrun for example_dynamic_task_mapping to 2022-03-04 00:00:00+00:00, run_after=2022-03-05 00:00:00+00:00
[2026-01-09T12:23:48.936+0000] {processor.py:183} INFO - Processing /home/airflow/.local/lib/python3.8/site-packages/airflow/example_dags/example_dynamic_task_mapping.py took 0.160 seconds
[2026-01-09T12:24:19.256+0000] {processor.py:161} INFO - Started process (PID=7791) to work on /home/airflow/.local/lib/python3.8/site-packages/airflow/example_dags/example_dynamic_task_mapping.py
[2026-01-09T12:24:19.258+0000] {processor.py:830} INFO - Processing file /home/airflow/.local/lib/python3.8/site-packages/airflow/example_dags/example_dynamic_task_mapping.py for tasks to queue
[2026-01-09T12:24:19.260+0000] {logging_mixin.py:188} INFO - [2026-01-09T12:24:19.260+0000] {dagbag.py:538} INFO - Filling up the DagBag from /home/airflow/.local/lib/python3.8/site-packages/airflow/example_dags/example_dynamic_task_mapping.py
[2026-01-09T12:24:19.274+0000] {processor.py:840} INFO - DAG(s) 'example_dynamic_task_mapping' retrieved from /home/airflow/.local/lib/python3.8/site-packages/airflow/example_dags/example_dynamic_task_mapping.py
[2026-01-09T12:24:19.321+0000] {logging_mixin.py:188} INFO - [2026-01-09T12:24:19.320+0000] {dag.py:3036} INFO - Sync 1 DAGs
[2026-01-09T12:24:19.362+0000] {logging_mixin.py:188} INFO - [2026-01-09T12:24:19.362+0000] {dag.py:3823} INFO - Setting next_dagrun for example_dynamic_task_mapping to 2022-03-04 00:00:00+00:00, run_after=2022-03-05 00:00:00+00:00
[2026-01-09T12:24:19.408+0000] {processor.py:183} INFO - Processing /home/airflow/.local/lib/python3.8/site-packages/airflow/example_dags/example_dynamic_task_mapping.py took 0.159 seconds
[2026-01-09T12:24:49.749+0000] {processor.py:161} INFO - Started process (PID=8038) to work on /home/airflow/.local/lib/python3.8/site-packages/airflow/example_dags/example_dynamic_task_mapping.py
[2026-01-09T12:24:49.751+0000] {processor.py:830} INFO - Processing file /home/airflow/.local/lib/python3.8/site-packages/airflow/example_dags/example_dynamic_task_mapping.py for tasks to queue
[2026-01-09T12:24:49.753+0000] {logging_mixin.py:188} INFO - [2026-01-09T12:24:49.752+0000] {dagbag.py:538} INFO - Filling up the DagBag from /home/airflow/.local/lib/python3.8/site-packages/airflow/example_dags/example_dynamic_task_mapping.py
[2026-01-09T12:24:49.771+0000] {processor.py:840} INFO - DAG(s) 'example_dynamic_task_mapping' retrieved from /home/airflow/.local/lib/python3.8/site-packages/airflow/example_dags/example_dynamic_task_mapping.py
[2026-01-09T12:24:49.817+0000] {logging_mixin.py:188} INFO - [2026-01-09T12:24:49.816+0000] {dag.py:3036} INFO - Sync 1 DAGs
[2026-01-09T12:24:49.865+0000] {logging_mixin.py:188} INFO - [2026-01-09T12:24:49.864+0000] {dag.py:3823} INFO - Setting next_dagrun for example_dynamic_task_mapping to 2022-03-04 00:00:00+00:00, run_after=2022-03-05 00:00:00+00:00
[2026-01-09T12:24:49.911+0000] {processor.py:183} INFO - Processing /home/airflow/.local/lib/python3.8/site-packages/airflow/example_dags/example_dynamic_task_mapping.py took 0.169 seconds
[2026-01-09T12:25:20.618+0000] {processor.py:161} INFO - Started process (PID=8283) to work on /home/airflow/.local/lib/python3.8/site-packages/airflow/example_dags/example_dynamic_task_mapping.py
[2026-01-09T12:25:20.620+0000] {processor.py:830} INFO - Processing file /home/airflow/.local/lib/python3.8/site-packages/airflow/example_dags/example_dynamic_task_mapping.py for tasks to queue
[2026-01-09T12:25:20.622+0000] {logging_mixin.py:188} INFO - [2026-01-09T12:25:20.621+0000] {dagbag.py:538} INFO - Filling up the DagBag from /home/airflow/.local/lib/python3.8/site-packages/airflow/example_dags/example_dynamic_task_mapping.py
[2026-01-09T12:25:20.638+0000] {processor.py:840} INFO - DAG(s) 'example_dynamic_task_mapping' retrieved from /home/airflow/.local/lib/python3.8/site-packages/airflow/example_dags/example_dynamic_task_mapping.py
[2026-01-09T12:25:20.678+0000] {logging_mixin.py:188} INFO - [2026-01-09T12:25:20.678+0000] {dag.py:3036} INFO - Sync 1 DAGs
[2026-01-09T12:25:20.719+0000] {logging_mixin.py:188} INFO - [2026-01-09T12:25:20.719+0000] {dag.py:3823} INFO - Setting next_dagrun for example_dynamic_task_mapping to 2022-03-04 00:00:00+00:00, run_after=2022-03-05 00:00:00+00:00
[2026-01-09T12:25:20.764+0000] {processor.py:183} INFO - Processing /home/airflow/.local/lib/python3.8/site-packages/airflow/example_dags/example_dynamic_task_mapping.py took 0.153 seconds
[2026-01-09T12:25:51.032+0000] {processor.py:161} INFO - Started process (PID=8531) to work on /home/airflow/.local/lib/python3.8/site-packages/airflow/example_dags/example_dynamic_task_mapping.py
[2026-01-09T12:25:51.033+0000] {processor.py:830} INFO - Processing file /home/airflow/.local/lib/python3.8/site-packages/airflow/example_dags/example_dynamic_task_mapping.py for tasks to queue
[2026-01-09T12:25:51.035+0000] {logging_mixin.py:188} INFO - [2026-01-09T12:25:51.034+0000] {dagbag.py:538} INFO - Filling up the DagBag from /home/airflow/.local/lib/python3.8/site-packages/airflow/example_dags/example_dynamic_task_mapping.py
[2026-01-09T12:25:51.050+0000] {processor.py:840} INFO - DAG(s) 'example_dynamic_task_mapping' retrieved from /home/airflow/.local/lib/python3.8/site-packages/airflow/example_dags/example_dynamic_task_mapping.py
[2026-01-09T12:25:51.088+0000] {logging_mixin.py:188} INFO - [2026-01-09T12:25:51.088+0000] {dag.py:3036} INFO - Sync 1 DAGs
[2026-01-09T12:25:51.126+0000] {logging_mixin.py:188} INFO - [2026-01-09T12:25:51.126+0000] {dag.py:3823} INFO - Setting next_dagrun for example_dynamic_task_mapping to 2022-03-04 00:00:00+00:00, run_after=2022-03-05 00:00:00+00:00
[2026-01-09T12:25:51.172+0000] {processor.py:183} INFO - Processing /home/airflow/.local/lib/python3.8/site-packages/airflow/example_dags/example_dynamic_task_mapping.py took 0.146 seconds
[2026-01-09T12:26:21.916+0000] {processor.py:161} INFO - Started process (PID=8778) to work on /home/airflow/.local/lib/python3.8/site-packages/airflow/example_dags/example_dynamic_task_mapping.py
[2026-01-09T12:26:21.921+0000] {processor.py:830} INFO - Processing file /home/airflow/.local/lib/python3.8/site-packages/airflow/example_dags/example_dynamic_task_mapping.py for tasks to queue
[2026-01-09T12:26:21.922+0000] {logging_mixin.py:188} INFO - [2026-01-09T12:26:21.922+0000] {dagbag.py:538} INFO - Filling up the DagBag from /home/airflow/.local/lib/python3.8/site-packages/airflow/example_dags/example_dynamic_task_mapping.py
[2026-01-09T12:26:21.933+0000] {processor.py:840} INFO - DAG(s) 'example_dynamic_task_mapping' retrieved from /home/airflow/.local/lib/python3.8/site-packages/airflow/example_dags/example_dynamic_task_mapping.py
[2026-01-09T12:26:21.975+0000] {logging_mixin.py:188} INFO - [2026-01-09T12:26:21.974+0000] {dag.py:3036} INFO - Sync 1 DAGs
[2026-01-09T12:26:22.015+0000] {logging_mixin.py:188} INFO - [2026-01-09T12:26:22.015+0000] {dag.py:3823} INFO - Setting next_dagrun for example_dynamic_task_mapping to 2022-03-04 00:00:00+00:00, run_after=2022-03-05 00:00:00+00:00
[2026-01-09T12:26:22.058+0000] {processor.py:183} INFO - Processing /home/airflow/.local/lib/python3.8/site-packages/airflow/example_dags/example_dynamic_task_mapping.py took 0.149 seconds
[2026-01-09T12:26:52.749+0000] {processor.py:161} INFO - Started process (PID=9025) to work on /home/airflow/.local/lib/python3.8/site-packages/airflow/example_dags/example_dynamic_task_mapping.py
[2026-01-09T12:26:52.751+0000] {processor.py:830} INFO - Processing file /home/airflow/.local/lib/python3.8/site-packages/airflow/example_dags/example_dynamic_task_mapping.py for tasks to queue
[2026-01-09T12:26:52.753+0000] {logging_mixin.py:188} INFO - [2026-01-09T12:26:52.752+0000] {dagbag.py:538} INFO - Filling up the DagBag from /home/airflow/.local/lib/python3.8/site-packages/airflow/example_dags/example_dynamic_task_mapping.py
[2026-01-09T12:26:52.766+0000] {processor.py:840} INFO - DAG(s) 'example_dynamic_task_mapping' retrieved from /home/airflow/.local/lib/python3.8/site-packages/airflow/example_dags/example_dynamic_task_mapping.py
[2026-01-09T12:26:52.808+0000] {logging_mixin.py:188} INFO - [2026-01-09T12:26:52.808+0000] {dag.py:3036} INFO - Sync 1 DAGs
[2026-01-09T12:26:52.856+0000] {logging_mixin.py:188} INFO - [2026-01-09T12:26:52.856+0000] {dag.py:3823} INFO - Setting next_dagrun for example_dynamic_task_mapping to 2022-03-04 00:00:00+00:00, run_after=2022-03-05 00:00:00+00:00
[2026-01-09T12:26:52.902+0000] {processor.py:183} INFO - Processing /home/airflow/.local/lib/python3.8/site-packages/airflow/example_dags/example_dynamic_task_mapping.py took 0.160 seconds
[2026-01-09T12:27:23.124+0000] {processor.py:161} INFO - Started process (PID=9272) to work on /home/airflow/.local/lib/python3.8/site-packages/airflow/example_dags/example_dynamic_task_mapping.py
[2026-01-09T12:27:23.127+0000] {processor.py:830} INFO - Processing file /home/airflow/.local/lib/python3.8/site-packages/airflow/example_dags/example_dynamic_task_mapping.py for tasks to queue
[2026-01-09T12:27:23.129+0000] {logging_mixin.py:188} INFO - [2026-01-09T12:27:23.128+0000] {dagbag.py:538} INFO - Filling up the DagBag from /home/airflow/.local/lib/python3.8/site-packages/airflow/example_dags/example_dynamic_task_mapping.py
[2026-01-09T12:27:23.142+0000] {processor.py:840} INFO - DAG(s) 'example_dynamic_task_mapping' retrieved from /home/airflow/.local/lib/python3.8/site-packages/airflow/example_dags/example_dynamic_task_mapping.py
[2026-01-09T12:27:23.181+0000] {logging_mixin.py:188} INFO - [2026-01-09T12:27:23.180+0000] {dag.py:3036} INFO - Sync 1 DAGs
[2026-01-09T12:27:23.217+0000] {logging_mixin.py:188} INFO - [2026-01-09T12:27:23.217+0000] {dag.py:3823} INFO - Setting next_dagrun for example_dynamic_task_mapping to 2022-03-04 00:00:00+00:00, run_after=2022-03-05 00:00:00+00:00
[2026-01-09T12:27:23.259+0000] {processor.py:183} INFO - Processing /home/airflow/.local/lib/python3.8/site-packages/airflow/example_dags/example_dynamic_task_mapping.py took 0.142 seconds
[2026-01-09T12:27:53.572+0000] {processor.py:161} INFO - Started process (PID=9525) to work on /home/airflow/.local/lib/python3.8/site-packages/airflow/example_dags/example_dynamic_task_mapping.py
[2026-01-09T12:27:53.575+0000] {processor.py:830} INFO - Processing file /home/airflow/.local/lib/python3.8/site-packages/airflow/example_dags/example_dynamic_task_mapping.py for tasks to queue
[2026-01-09T12:27:53.576+0000] {logging_mixin.py:188} INFO - [2026-01-09T12:27:53.576+0000] {dagbag.py:538} INFO - Filling up the DagBag from /home/airflow/.local/lib/python3.8/site-packages/airflow/example_dags/example_dynamic_task_mapping.py
[2026-01-09T12:27:53.588+0000] {processor.py:840} INFO - DAG(s) 'example_dynamic_task_mapping' retrieved from /home/airflow/.local/lib/python3.8/site-packages/airflow/example_dags/example_dynamic_task_mapping.py
[2026-01-09T12:27:53.623+0000] {logging_mixin.py:188} INFO - [2026-01-09T12:27:53.623+0000] {dag.py:3036} INFO - Sync 1 DAGs
[2026-01-09T12:27:53.658+0000] {logging_mixin.py:188} INFO - [2026-01-09T12:27:53.657+0000] {dag.py:3823} INFO - Setting next_dagrun for example_dynamic_task_mapping to 2022-03-04 00:00:00+00:00, run_after=2022-03-05 00:00:00+00:00
[2026-01-09T12:27:53.699+0000] {processor.py:183} INFO - Processing /home/airflow/.local/lib/python3.8/site-packages/airflow/example_dags/example_dynamic_task_mapping.py took 0.135 seconds
[2026-01-09T12:28:25.302+0000] {processor.py:161} INFO - Started process (PID=9772) to work on /home/airflow/.local/lib/python3.8/site-packages/airflow/example_dags/example_dynamic_task_mapping.py
[2026-01-09T12:28:25.335+0000] {processor.py:830} INFO - Processing file /home/airflow/.local/lib/python3.8/site-packages/airflow/example_dags/example_dynamic_task_mapping.py for tasks to queue
[2026-01-09T12:28:25.342+0000] {logging_mixin.py:188} INFO - [2026-01-09T12:28:25.342+0000] {dagbag.py:538} INFO - Filling up the DagBag from /home/airflow/.local/lib/python3.8/site-packages/airflow/example_dags/example_dynamic_task_mapping.py
[2026-01-09T12:28:25.354+0000] {processor.py:840} INFO - DAG(s) 'example_dynamic_task_mapping' retrieved from /home/airflow/.local/lib/python3.8/site-packages/airflow/example_dags/example_dynamic_task_mapping.py
[2026-01-09T12:28:25.394+0000] {logging_mixin.py:188} INFO - [2026-01-09T12:28:25.394+0000] {dag.py:3036} INFO - Sync 1 DAGs
[2026-01-09T12:28:25.433+0000] {logging_mixin.py:188} INFO - [2026-01-09T12:28:25.433+0000] {dag.py:3823} INFO - Setting next_dagrun for example_dynamic_task_mapping to 2022-03-04 00:00:00+00:00, run_after=2022-03-05 00:00:00+00:00
[2026-01-09T12:28:25.476+0000] {processor.py:183} INFO - Processing /home/airflow/.local/lib/python3.8/site-packages/airflow/example_dags/example_dynamic_task_mapping.py took 0.180 seconds
[2026-01-09T12:28:55.715+0000] {processor.py:161} INFO - Started process (PID=10019) to work on /home/airflow/.local/lib/python3.8/site-packages/airflow/example_dags/example_dynamic_task_mapping.py
[2026-01-09T12:28:55.718+0000] {processor.py:830} INFO - Processing file /home/airflow/.local/lib/python3.8/site-packages/airflow/example_dags/example_dynamic_task_mapping.py for tasks to queue
[2026-01-09T12:28:55.721+0000] {logging_mixin.py:188} INFO - [2026-01-09T12:28:55.720+0000] {dagbag.py:538} INFO - Filling up the DagBag from /home/airflow/.local/lib/python3.8/site-packages/airflow/example_dags/example_dynamic_task_mapping.py
[2026-01-09T12:28:55.742+0000] {processor.py:840} INFO - DAG(s) 'example_dynamic_task_mapping' retrieved from /home/airflow/.local/lib/python3.8/site-packages/airflow/example_dags/example_dynamic_task_mapping.py
[2026-01-09T12:28:55.787+0000] {logging_mixin.py:188} INFO - [2026-01-09T12:28:55.787+0000] {dag.py:3036} INFO - Sync 1 DAGs
[2026-01-09T12:28:55.836+0000] {logging_mixin.py:188} INFO - [2026-01-09T12:28:55.836+0000] {dag.py:3823} INFO - Setting next_dagrun for example_dynamic_task_mapping to 2022-03-04 00:00:00+00:00, run_after=2022-03-05 00:00:00+00:00
[2026-01-09T12:28:55.884+0000] {processor.py:183} INFO - Processing /home/airflow/.local/lib/python3.8/site-packages/airflow/example_dags/example_dynamic_task_mapping.py took 0.178 seconds
[2026-01-09T12:29:26.735+0000] {processor.py:161} INFO - Started process (PID=10266) to work on /home/airflow/.local/lib/python3.8/site-packages/airflow/example_dags/example_dynamic_task_mapping.py
[2026-01-09T12:29:26.739+0000] {processor.py:830} INFO - Processing file /home/airflow/.local/lib/python3.8/site-packages/airflow/example_dags/example_dynamic_task_mapping.py for tasks to queue
[2026-01-09T12:29:26.740+0000] {logging_mixin.py:188} INFO - [2026-01-09T12:29:26.740+0000] {dagbag.py:538} INFO - Filling up the DagBag from /home/airflow/.local/lib/python3.8/site-packages/airflow/example_dags/example_dynamic_task_mapping.py
[2026-01-09T12:29:26.753+0000] {processor.py:840} INFO - DAG(s) 'example_dynamic_task_mapping' retrieved from /home/airflow/.local/lib/python3.8/site-packages/airflow/example_dags/example_dynamic_task_mapping.py
[2026-01-09T12:29:26.790+0000] {logging_mixin.py:188} INFO - [2026-01-09T12:29:26.790+0000] {dag.py:3036} INFO - Sync 1 DAGs
[2026-01-09T12:29:26.832+0000] {logging_mixin.py:188} INFO - [2026-01-09T12:29:26.831+0000] {dag.py:3823} INFO - Setting next_dagrun for example_dynamic_task_mapping to 2022-03-04 00:00:00+00:00, run_after=2022-03-05 00:00:00+00:00
[2026-01-09T12:29:26.874+0000] {processor.py:183} INFO - Processing /home/airflow/.local/lib/python3.8/site-packages/airflow/example_dags/example_dynamic_task_mapping.py took 0.145 seconds
[2026-01-09T12:29:57.282+0000] {processor.py:161} INFO - Started process (PID=10514) to work on /home/airflow/.local/lib/python3.8/site-packages/airflow/example_dags/example_dynamic_task_mapping.py
[2026-01-09T12:29:57.289+0000] {processor.py:830} INFO - Processing file /home/airflow/.local/lib/python3.8/site-packages/airflow/example_dags/example_dynamic_task_mapping.py for tasks to queue
[2026-01-09T12:29:57.291+0000] {logging_mixin.py:188} INFO - [2026-01-09T12:29:57.290+0000] {dagbag.py:538} INFO - Filling up the DagBag from /home/airflow/.local/lib/python3.8/site-packages/airflow/example_dags/example_dynamic_task_mapping.py
[2026-01-09T12:29:57.305+0000] {processor.py:840} INFO - DAG(s) 'example_dynamic_task_mapping' retrieved from /home/airflow/.local/lib/python3.8/site-packages/airflow/example_dags/example_dynamic_task_mapping.py
[2026-01-09T12:29:57.346+0000] {logging_mixin.py:188} INFO - [2026-01-09T12:29:57.346+0000] {dag.py:3036} INFO - Sync 1 DAGs
[2026-01-09T12:29:57.386+0000] {logging_mixin.py:188} INFO - [2026-01-09T12:29:57.386+0000] {dag.py:3823} INFO - Setting next_dagrun for example_dynamic_task_mapping to 2022-03-04 00:00:00+00:00, run_after=2022-03-05 00:00:00+00:00
[2026-01-09T12:29:57.422+0000] {processor.py:183} INFO - Processing /home/airflow/.local/lib/python3.8/site-packages/airflow/example_dags/example_dynamic_task_mapping.py took 0.146 seconds
[2026-01-09T12:30:28.008+0000] {processor.py:161} INFO - Started process (PID=10761) to work on /home/airflow/.local/lib/python3.8/site-packages/airflow/example_dags/example_dynamic_task_mapping.py
[2026-01-09T12:30:28.010+0000] {processor.py:830} INFO - Processing file /home/airflow/.local/lib/python3.8/site-packages/airflow/example_dags/example_dynamic_task_mapping.py for tasks to queue
[2026-01-09T12:30:28.012+0000] {logging_mixin.py:188} INFO - [2026-01-09T12:30:28.011+0000] {dagbag.py:538} INFO - Filling up the DagBag from /home/airflow/.local/lib/python3.8/site-packages/airflow/example_dags/example_dynamic_task_mapping.py
[2026-01-09T12:30:28.027+0000] {processor.py:840} INFO - DAG(s) 'example_dynamic_task_mapping' retrieved from /home/airflow/.local/lib/python3.8/site-packages/airflow/example_dags/example_dynamic_task_mapping.py
[2026-01-09T12:30:28.069+0000] {logging_mixin.py:188} INFO - [2026-01-09T12:30:28.069+0000] {dag.py:3036} INFO - Sync 1 DAGs
[2026-01-09T12:30:28.107+0000] {logging_mixin.py:188} INFO - [2026-01-09T12:30:28.107+0000] {dag.py:3823} INFO - Setting next_dagrun for example_dynamic_task_mapping to 2022-03-04 00:00:00+00:00, run_after=2022-03-05 00:00:00+00:00
[2026-01-09T12:30:28.149+0000] {processor.py:183} INFO - Processing /home/airflow/.local/lib/python3.8/site-packages/airflow/example_dags/example_dynamic_task_mapping.py took 0.149 seconds
[2026-01-09T12:30:59.571+0000] {processor.py:161} INFO - Started process (PID=11008) to work on /home/airflow/.local/lib/python3.8/site-packages/airflow/example_dags/example_dynamic_task_mapping.py
[2026-01-09T12:30:59.573+0000] {processor.py:830} INFO - Processing file /home/airflow/.local/lib/python3.8/site-packages/airflow/example_dags/example_dynamic_task_mapping.py for tasks to queue
[2026-01-09T12:30:59.574+0000] {logging_mixin.py:188} INFO - [2026-01-09T12:30:59.574+0000] {dagbag.py:538} INFO - Filling up the DagBag from /home/airflow/.local/lib/python3.8/site-packages/airflow/example_dags/example_dynamic_task_mapping.py
[2026-01-09T12:30:59.586+0000] {processor.py:840} INFO - DAG(s) 'example_dynamic_task_mapping' retrieved from /home/airflow/.local/lib/python3.8/site-packages/airflow/example_dags/example_dynamic_task_mapping.py
[2026-01-09T12:30:59.624+0000] {logging_mixin.py:188} INFO - [2026-01-09T12:30:59.623+0000] {dag.py:3036} INFO - Sync 1 DAGs
[2026-01-09T12:30:59.663+0000] {logging_mixin.py:188} INFO - [2026-01-09T12:30:59.662+0000] {dag.py:3823} INFO - Setting next_dagrun for example_dynamic_task_mapping to 2022-03-04 00:00:00+00:00, run_after=2022-03-05 00:00:00+00:00
[2026-01-09T12:30:59.702+0000] {processor.py:183} INFO - Processing /home/airflow/.local/lib/python3.8/site-packages/airflow/example_dags/example_dynamic_task_mapping.py took 0.138 seconds
[2026-01-09T12:31:30.271+0000] {processor.py:161} INFO - Started process (PID=11254) to work on /home/airflow/.local/lib/python3.8/site-packages/airflow/example_dags/example_dynamic_task_mapping.py
[2026-01-09T12:31:30.272+0000] {processor.py:830} INFO - Processing file /home/airflow/.local/lib/python3.8/site-packages/airflow/example_dags/example_dynamic_task_mapping.py for tasks to queue
[2026-01-09T12:31:30.274+0000] {logging_mixin.py:188} INFO - [2026-01-09T12:31:30.273+0000] {dagbag.py:538} INFO - Filling up the DagBag from /home/airflow/.local/lib/python3.8/site-packages/airflow/example_dags/example_dynamic_task_mapping.py
[2026-01-09T12:31:30.285+0000] {processor.py:840} INFO - DAG(s) 'example_dynamic_task_mapping' retrieved from /home/airflow/.local/lib/python3.8/site-packages/airflow/example_dags/example_dynamic_task_mapping.py
[2026-01-09T12:31:30.323+0000] {logging_mixin.py:188} INFO - [2026-01-09T12:31:30.323+0000] {dag.py:3036} INFO - Sync 1 DAGs
[2026-01-09T12:31:30.361+0000] {logging_mixin.py:188} INFO - [2026-01-09T12:31:30.361+0000] {dag.py:3823} INFO - Setting next_dagrun for example_dynamic_task_mapping to 2022-03-04 00:00:00+00:00, run_after=2022-03-05 00:00:00+00:00
[2026-01-09T12:31:30.401+0000] {processor.py:183} INFO - Processing /home/airflow/.local/lib/python3.8/site-packages/airflow/example_dags/example_dynamic_task_mapping.py took 0.137 seconds
[2026-01-09T12:32:00.920+0000] {processor.py:161} INFO - Started process (PID=11501) to work on /home/airflow/.local/lib/python3.8/site-packages/airflow/example_dags/example_dynamic_task_mapping.py
[2026-01-09T12:32:00.923+0000] {processor.py:830} INFO - Processing file /home/airflow/.local/lib/python3.8/site-packages/airflow/example_dags/example_dynamic_task_mapping.py for tasks to queue
[2026-01-09T12:32:00.925+0000] {logging_mixin.py:188} INFO - [2026-01-09T12:32:00.924+0000] {dagbag.py:538} INFO - Filling up the DagBag from /home/airflow/.local/lib/python3.8/site-packages/airflow/example_dags/example_dynamic_task_mapping.py
[2026-01-09T12:32:00.937+0000] {processor.py:840} INFO - DAG(s) 'example_dynamic_task_mapping' retrieved from /home/airflow/.local/lib/python3.8/site-packages/airflow/example_dags/example_dynamic_task_mapping.py
[2026-01-09T12:32:00.974+0000] {logging_mixin.py:188} INFO - [2026-01-09T12:32:00.973+0000] {dag.py:3036} INFO - Sync 1 DAGs
[2026-01-09T12:32:01.011+0000] {logging_mixin.py:188} INFO - [2026-01-09T12:32:01.011+0000] {dag.py:3823} INFO - Setting next_dagrun for example_dynamic_task_mapping to 2022-03-04 00:00:00+00:00, run_after=2022-03-05 00:00:00+00:00
[2026-01-09T12:32:01.050+0000] {processor.py:183} INFO - Processing /home/airflow/.local/lib/python3.8/site-packages/airflow/example_dags/example_dynamic_task_mapping.py took 0.136 seconds
[2026-01-09T12:32:32.140+0000] {processor.py:161} INFO - Started process (PID=11748) to work on /home/airflow/.local/lib/python3.8/site-packages/airflow/example_dags/example_dynamic_task_mapping.py
[2026-01-09T12:32:32.143+0000] {processor.py:830} INFO - Processing file /home/airflow/.local/lib/python3.8/site-packages/airflow/example_dags/example_dynamic_task_mapping.py for tasks to queue
[2026-01-09T12:32:32.144+0000] {logging_mixin.py:188} INFO - [2026-01-09T12:32:32.144+0000] {dagbag.py:538} INFO - Filling up the DagBag from /home/airflow/.local/lib/python3.8/site-packages/airflow/example_dags/example_dynamic_task_mapping.py
[2026-01-09T12:32:32.161+0000] {processor.py:840} INFO - DAG(s) 'example_dynamic_task_mapping' retrieved from /home/airflow/.local/lib/python3.8/site-packages/airflow/example_dags/example_dynamic_task_mapping.py
[2026-01-09T12:32:32.204+0000] {logging_mixin.py:188} INFO - [2026-01-09T12:32:32.203+0000] {dag.py:3036} INFO - Sync 1 DAGs
[2026-01-09T12:32:32.249+0000] {logging_mixin.py:188} INFO - [2026-01-09T12:32:32.248+0000] {dag.py:3823} INFO - Setting next_dagrun for example_dynamic_task_mapping to 2022-03-04 00:00:00+00:00, run_after=2022-03-05 00:00:00+00:00
[2026-01-09T12:32:32.291+0000] {processor.py:183} INFO - Processing /home/airflow/.local/lib/python3.8/site-packages/airflow/example_dags/example_dynamic_task_mapping.py took 0.160 seconds
[2026-01-09T12:33:02.677+0000] {processor.py:161} INFO - Started process (PID=11989) to work on /home/airflow/.local/lib/python3.8/site-packages/airflow/example_dags/example_dynamic_task_mapping.py
[2026-01-09T12:33:02.678+0000] {processor.py:830} INFO - Processing file /home/airflow/.local/lib/python3.8/site-packages/airflow/example_dags/example_dynamic_task_mapping.py for tasks to queue
[2026-01-09T12:33:02.679+0000] {logging_mixin.py:188} INFO - [2026-01-09T12:33:02.679+0000] {dagbag.py:538} INFO - Filling up the DagBag from /home/airflow/.local/lib/python3.8/site-packages/airflow/example_dags/example_dynamic_task_mapping.py
[2026-01-09T12:33:02.690+0000] {processor.py:840} INFO - DAG(s) 'example_dynamic_task_mapping' retrieved from /home/airflow/.local/lib/python3.8/site-packages/airflow/example_dags/example_dynamic_task_mapping.py
[2026-01-09T12:33:02.728+0000] {logging_mixin.py:188} INFO - [2026-01-09T12:33:02.728+0000] {dag.py:3036} INFO - Sync 1 DAGs
[2026-01-09T12:33:02.767+0000] {logging_mixin.py:188} INFO - [2026-01-09T12:33:02.766+0000] {dag.py:3823} INFO - Setting next_dagrun for example_dynamic_task_mapping to 2022-03-04 00:00:00+00:00, run_after=2022-03-05 00:00:00+00:00
[2026-01-09T12:33:02.807+0000] {processor.py:183} INFO - Processing /home/airflow/.local/lib/python3.8/site-packages/airflow/example_dags/example_dynamic_task_mapping.py took 0.136 seconds
[2026-01-09T12:33:33.112+0000] {processor.py:161} INFO - Started process (PID=12236) to work on /home/airflow/.local/lib/python3.8/site-packages/airflow/example_dags/example_dynamic_task_mapping.py
[2026-01-09T12:33:33.114+0000] {processor.py:830} INFO - Processing file /home/airflow/.local/lib/python3.8/site-packages/airflow/example_dags/example_dynamic_task_mapping.py for tasks to queue
[2026-01-09T12:33:33.116+0000] {logging_mixin.py:188} INFO - [2026-01-09T12:33:33.115+0000] {dagbag.py:538} INFO - Filling up the DagBag from /home/airflow/.local/lib/python3.8/site-packages/airflow/example_dags/example_dynamic_task_mapping.py
[2026-01-09T12:33:33.131+0000] {processor.py:840} INFO - DAG(s) 'example_dynamic_task_mapping' retrieved from /home/airflow/.local/lib/python3.8/site-packages/airflow/example_dags/example_dynamic_task_mapping.py
[2026-01-09T12:33:33.178+0000] {logging_mixin.py:188} INFO - [2026-01-09T12:33:33.177+0000] {dag.py:3036} INFO - Sync 1 DAGs
[2026-01-09T12:33:33.224+0000] {logging_mixin.py:188} INFO - [2026-01-09T12:33:33.223+0000] {dag.py:3823} INFO - Setting next_dagrun for example_dynamic_task_mapping to 2022-03-04 00:00:00+00:00, run_after=2022-03-05 00:00:00+00:00
[2026-01-09T12:33:33.276+0000] {processor.py:183} INFO - Processing /home/airflow/.local/lib/python3.8/site-packages/airflow/example_dags/example_dynamic_task_mapping.py took 0.174 seconds
[2026-01-09T12:34:03.479+0000] {processor.py:161} INFO - Started process (PID=12483) to work on /home/airflow/.local/lib/python3.8/site-packages/airflow/example_dags/example_dynamic_task_mapping.py
[2026-01-09T12:34:03.481+0000] {processor.py:830} INFO - Processing file /home/airflow/.local/lib/python3.8/site-packages/airflow/example_dags/example_dynamic_task_mapping.py for tasks to queue
[2026-01-09T12:34:03.482+0000] {logging_mixin.py:188} INFO - [2026-01-09T12:34:03.481+0000] {dagbag.py:538} INFO - Filling up the DagBag from /home/airflow/.local/lib/python3.8/site-packages/airflow/example_dags/example_dynamic_task_mapping.py
[2026-01-09T12:34:03.496+0000] {processor.py:840} INFO - DAG(s) 'example_dynamic_task_mapping' retrieved from /home/airflow/.local/lib/python3.8/site-packages/airflow/example_dags/example_dynamic_task_mapping.py
[2026-01-09T12:34:03.537+0000] {logging_mixin.py:188} INFO - [2026-01-09T12:34:03.536+0000] {dag.py:3036} INFO - Sync 1 DAGs
[2026-01-09T12:34:03.580+0000] {logging_mixin.py:188} INFO - [2026-01-09T12:34:03.580+0000] {dag.py:3823} INFO - Setting next_dagrun for example_dynamic_task_mapping to 2022-03-04 00:00:00+00:00, run_after=2022-03-05 00:00:00+00:00
[2026-01-09T12:34:03.625+0000] {processor.py:183} INFO - Processing /home/airflow/.local/lib/python3.8/site-packages/airflow/example_dags/example_dynamic_task_mapping.py took 0.153 seconds
[2026-01-09T12:34:34.242+0000] {processor.py:161} INFO - Started process (PID=12730) to work on /home/airflow/.local/lib/python3.8/site-packages/airflow/example_dags/example_dynamic_task_mapping.py
[2026-01-09T12:34:34.260+0000] {processor.py:830} INFO - Processing file /home/airflow/.local/lib/python3.8/site-packages/airflow/example_dags/example_dynamic_task_mapping.py for tasks to queue
[2026-01-09T12:34:34.263+0000] {logging_mixin.py:188} INFO - [2026-01-09T12:34:34.262+0000] {dagbag.py:538} INFO - Filling up the DagBag from /home/airflow/.local/lib/python3.8/site-packages/airflow/example_dags/example_dynamic_task_mapping.py
[2026-01-09T12:34:34.279+0000] {processor.py:840} INFO - DAG(s) 'example_dynamic_task_mapping' retrieved from /home/airflow/.local/lib/python3.8/site-packages/airflow/example_dags/example_dynamic_task_mapping.py
[2026-01-09T12:34:34.326+0000] {logging_mixin.py:188} INFO - [2026-01-09T12:34:34.326+0000] {dag.py:3036} INFO - Sync 1 DAGs
[2026-01-09T12:34:34.371+0000] {logging_mixin.py:188} INFO - [2026-01-09T12:34:34.370+0000] {dag.py:3823} INFO - Setting next_dagrun for example_dynamic_task_mapping to 2022-03-04 00:00:00+00:00, run_after=2022-03-05 00:00:00+00:00
[2026-01-09T12:34:34.419+0000] {processor.py:183} INFO - Processing /home/airflow/.local/lib/python3.8/site-packages/airflow/example_dags/example_dynamic_task_mapping.py took 0.184 seconds
[2026-01-09T12:35:05.256+0000] {processor.py:161} INFO - Started process (PID=12977) to work on /home/airflow/.local/lib/python3.8/site-packages/airflow/example_dags/example_dynamic_task_mapping.py
[2026-01-09T12:35:05.257+0000] {processor.py:830} INFO - Processing file /home/airflow/.local/lib/python3.8/site-packages/airflow/example_dags/example_dynamic_task_mapping.py for tasks to queue
[2026-01-09T12:35:05.259+0000] {logging_mixin.py:188} INFO - [2026-01-09T12:35:05.258+0000] {dagbag.py:538} INFO - Filling up the DagBag from /home/airflow/.local/lib/python3.8/site-packages/airflow/example_dags/example_dynamic_task_mapping.py
[2026-01-09T12:35:05.270+0000] {processor.py:840} INFO - DAG(s) 'example_dynamic_task_mapping' retrieved from /home/airflow/.local/lib/python3.8/site-packages/airflow/example_dags/example_dynamic_task_mapping.py
[2026-01-09T12:35:05.305+0000] {logging_mixin.py:188} INFO - [2026-01-09T12:35:05.305+0000] {dag.py:3036} INFO - Sync 1 DAGs
[2026-01-09T12:35:05.344+0000] {logging_mixin.py:188} INFO - [2026-01-09T12:35:05.344+0000] {dag.py:3823} INFO - Setting next_dagrun for example_dynamic_task_mapping to 2022-03-04 00:00:00+00:00, run_after=2022-03-05 00:00:00+00:00
[2026-01-09T12:35:05.383+0000] {processor.py:183} INFO - Processing /home/airflow/.local/lib/python3.8/site-packages/airflow/example_dags/example_dynamic_task_mapping.py took 0.136 seconds
[2026-01-09T12:35:35.861+0000] {processor.py:161} INFO - Started process (PID=13224) to work on /home/airflow/.local/lib/python3.8/site-packages/airflow/example_dags/example_dynamic_task_mapping.py
[2026-01-09T12:35:35.863+0000] {processor.py:830} INFO - Processing file /home/airflow/.local/lib/python3.8/site-packages/airflow/example_dags/example_dynamic_task_mapping.py for tasks to queue
[2026-01-09T12:35:35.864+0000] {logging_mixin.py:188} INFO - [2026-01-09T12:35:35.864+0000] {dagbag.py:538} INFO - Filling up the DagBag from /home/airflow/.local/lib/python3.8/site-packages/airflow/example_dags/example_dynamic_task_mapping.py
[2026-01-09T12:35:35.878+0000] {processor.py:840} INFO - DAG(s) 'example_dynamic_task_mapping' retrieved from /home/airflow/.local/lib/python3.8/site-packages/airflow/example_dags/example_dynamic_task_mapping.py
[2026-01-09T12:35:35.914+0000] {logging_mixin.py:188} INFO - [2026-01-09T12:35:35.914+0000] {dag.py:3036} INFO - Sync 1 DAGs
[2026-01-09T12:35:35.951+0000] {logging_mixin.py:188} INFO - [2026-01-09T12:35:35.951+0000] {dag.py:3823} INFO - Setting next_dagrun for example_dynamic_task_mapping to 2022-03-04 00:00:00+00:00, run_after=2022-03-05 00:00:00+00:00
[2026-01-09T12:35:35.997+0000] {processor.py:183} INFO - Processing /home/airflow/.local/lib/python3.8/site-packages/airflow/example_dags/example_dynamic_task_mapping.py took 0.144 seconds
[2026-01-09T12:36:06.481+0000] {processor.py:161} INFO - Started process (PID=13471) to work on /home/airflow/.local/lib/python3.8/site-packages/airflow/example_dags/example_dynamic_task_mapping.py
[2026-01-09T12:36:06.483+0000] {processor.py:830} INFO - Processing file /home/airflow/.local/lib/python3.8/site-packages/airflow/example_dags/example_dynamic_task_mapping.py for tasks to queue
[2026-01-09T12:36:06.484+0000] {logging_mixin.py:188} INFO - [2026-01-09T12:36:06.483+0000] {dagbag.py:538} INFO - Filling up the DagBag from /home/airflow/.local/lib/python3.8/site-packages/airflow/example_dags/example_dynamic_task_mapping.py
[2026-01-09T12:36:06.501+0000] {processor.py:840} INFO - DAG(s) 'example_dynamic_task_mapping' retrieved from /home/airflow/.local/lib/python3.8/site-packages/airflow/example_dags/example_dynamic_task_mapping.py
[2026-01-09T12:36:06.545+0000] {logging_mixin.py:188} INFO - [2026-01-09T12:36:06.545+0000] {dag.py:3036} INFO - Sync 1 DAGs
[2026-01-09T12:36:06.583+0000] {logging_mixin.py:188} INFO - [2026-01-09T12:36:06.583+0000] {dag.py:3823} INFO - Setting next_dagrun for example_dynamic_task_mapping to 2022-03-04 00:00:00+00:00, run_after=2022-03-05 00:00:00+00:00
[2026-01-09T12:36:06.633+0000] {processor.py:183} INFO - Processing /home/airflow/.local/lib/python3.8/site-packages/airflow/example_dags/example_dynamic_task_mapping.py took 0.158 seconds
[2026-01-09T12:36:37.560+0000] {processor.py:161} INFO - Started process (PID=13718) to work on /home/airflow/.local/lib/python3.8/site-packages/airflow/example_dags/example_dynamic_task_mapping.py
[2026-01-09T12:36:37.566+0000] {processor.py:830} INFO - Processing file /home/airflow/.local/lib/python3.8/site-packages/airflow/example_dags/example_dynamic_task_mapping.py for tasks to queue
[2026-01-09T12:36:37.568+0000] {logging_mixin.py:188} INFO - [2026-01-09T12:36:37.567+0000] {dagbag.py:538} INFO - Filling up the DagBag from /home/airflow/.local/lib/python3.8/site-packages/airflow/example_dags/example_dynamic_task_mapping.py
[2026-01-09T12:36:37.586+0000] {processor.py:840} INFO - DAG(s) 'example_dynamic_task_mapping' retrieved from /home/airflow/.local/lib/python3.8/site-packages/airflow/example_dags/example_dynamic_task_mapping.py
[2026-01-09T12:36:37.639+0000] {logging_mixin.py:188} INFO - [2026-01-09T12:36:37.638+0000] {dag.py:3036} INFO - Sync 1 DAGs
[2026-01-09T12:36:37.690+0000] {logging_mixin.py:188} INFO - [2026-01-09T12:36:37.690+0000] {dag.py:3823} INFO - Setting next_dagrun for example_dynamic_task_mapping to 2022-03-04 00:00:00+00:00, run_after=2022-03-05 00:00:00+00:00
[2026-01-09T12:36:37.751+0000] {processor.py:183} INFO - Processing /home/airflow/.local/lib/python3.8/site-packages/airflow/example_dags/example_dynamic_task_mapping.py took 0.201 seconds
[2026-01-09T12:37:08.163+0000] {processor.py:161} INFO - Started process (PID=13965) to work on /home/airflow/.local/lib/python3.8/site-packages/airflow/example_dags/example_dynamic_task_mapping.py
[2026-01-09T12:37:08.165+0000] {processor.py:830} INFO - Processing file /home/airflow/.local/lib/python3.8/site-packages/airflow/example_dags/example_dynamic_task_mapping.py for tasks to queue
[2026-01-09T12:37:08.166+0000] {logging_mixin.py:188} INFO - [2026-01-09T12:37:08.165+0000] {dagbag.py:538} INFO - Filling up the DagBag from /home/airflow/.local/lib/python3.8/site-packages/airflow/example_dags/example_dynamic_task_mapping.py
[2026-01-09T12:37:08.178+0000] {processor.py:840} INFO - DAG(s) 'example_dynamic_task_mapping' retrieved from /home/airflow/.local/lib/python3.8/site-packages/airflow/example_dags/example_dynamic_task_mapping.py
[2026-01-09T12:37:08.217+0000] {logging_mixin.py:188} INFO - [2026-01-09T12:37:08.217+0000] {dag.py:3036} INFO - Sync 1 DAGs
[2026-01-09T12:37:08.253+0000] {logging_mixin.py:188} INFO - [2026-01-09T12:37:08.253+0000] {dag.py:3823} INFO - Setting next_dagrun for example_dynamic_task_mapping to 2022-03-04 00:00:00+00:00, run_after=2022-03-05 00:00:00+00:00
[2026-01-09T12:37:08.293+0000] {processor.py:183} INFO - Processing /home/airflow/.local/lib/python3.8/site-packages/airflow/example_dags/example_dynamic_task_mapping.py took 0.136 seconds
[2026-01-09T12:37:38.916+0000] {processor.py:161} INFO - Started process (PID=14212) to work on /home/airflow/.local/lib/python3.8/site-packages/airflow/example_dags/example_dynamic_task_mapping.py
[2026-01-09T12:37:38.918+0000] {processor.py:830} INFO - Processing file /home/airflow/.local/lib/python3.8/site-packages/airflow/example_dags/example_dynamic_task_mapping.py for tasks to queue
[2026-01-09T12:37:38.920+0000] {logging_mixin.py:188} INFO - [2026-01-09T12:37:38.919+0000] {dagbag.py:538} INFO - Filling up the DagBag from /home/airflow/.local/lib/python3.8/site-packages/airflow/example_dags/example_dynamic_task_mapping.py
[2026-01-09T12:37:38.931+0000] {processor.py:840} INFO - DAG(s) 'example_dynamic_task_mapping' retrieved from /home/airflow/.local/lib/python3.8/site-packages/airflow/example_dags/example_dynamic_task_mapping.py
[2026-01-09T12:37:38.967+0000] {logging_mixin.py:188} INFO - [2026-01-09T12:37:38.967+0000] {dag.py:3036} INFO - Sync 1 DAGs
[2026-01-09T12:37:39.000+0000] {logging_mixin.py:188} INFO - [2026-01-09T12:37:39.000+0000] {dag.py:3823} INFO - Setting next_dagrun for example_dynamic_task_mapping to 2022-03-04 00:00:00+00:00, run_after=2022-03-05 00:00:00+00:00
[2026-01-09T12:37:39.037+0000] {processor.py:183} INFO - Processing /home/airflow/.local/lib/python3.8/site-packages/airflow/example_dags/example_dynamic_task_mapping.py took 0.127 seconds
[2026-01-09T12:38:09.556+0000] {processor.py:161} INFO - Started process (PID=14459) to work on /home/airflow/.local/lib/python3.8/site-packages/airflow/example_dags/example_dynamic_task_mapping.py
[2026-01-09T12:38:09.558+0000] {processor.py:830} INFO - Processing file /home/airflow/.local/lib/python3.8/site-packages/airflow/example_dags/example_dynamic_task_mapping.py for tasks to queue
[2026-01-09T12:38:09.559+0000] {logging_mixin.py:188} INFO - [2026-01-09T12:38:09.559+0000] {dagbag.py:538} INFO - Filling up the DagBag from /home/airflow/.local/lib/python3.8/site-packages/airflow/example_dags/example_dynamic_task_mapping.py
[2026-01-09T12:38:09.572+0000] {processor.py:840} INFO - DAG(s) 'example_dynamic_task_mapping' retrieved from /home/airflow/.local/lib/python3.8/site-packages/airflow/example_dags/example_dynamic_task_mapping.py
[2026-01-09T12:38:09.609+0000] {logging_mixin.py:188} INFO - [2026-01-09T12:38:09.608+0000] {dag.py:3036} INFO - Sync 1 DAGs
[2026-01-09T12:38:09.646+0000] {logging_mixin.py:188} INFO - [2026-01-09T12:38:09.645+0000] {dag.py:3823} INFO - Setting next_dagrun for example_dynamic_task_mapping to 2022-03-04 00:00:00+00:00, run_after=2022-03-05 00:00:00+00:00
[2026-01-09T12:38:09.687+0000] {processor.py:183} INFO - Processing /home/airflow/.local/lib/python3.8/site-packages/airflow/example_dags/example_dynamic_task_mapping.py took 0.139 seconds
[2026-01-09T12:38:40.065+0000] {processor.py:161} INFO - Started process (PID=14706) to work on /home/airflow/.local/lib/python3.8/site-packages/airflow/example_dags/example_dynamic_task_mapping.py
[2026-01-09T12:38:40.068+0000] {processor.py:830} INFO - Processing file /home/airflow/.local/lib/python3.8/site-packages/airflow/example_dags/example_dynamic_task_mapping.py for tasks to queue
[2026-01-09T12:38:40.069+0000] {logging_mixin.py:188} INFO - [2026-01-09T12:38:40.069+0000] {dagbag.py:538} INFO - Filling up the DagBag from /home/airflow/.local/lib/python3.8/site-packages/airflow/example_dags/example_dynamic_task_mapping.py
[2026-01-09T12:38:40.081+0000] {processor.py:840} INFO - DAG(s) 'example_dynamic_task_mapping' retrieved from /home/airflow/.local/lib/python3.8/site-packages/airflow/example_dags/example_dynamic_task_mapping.py
[2026-01-09T12:38:40.122+0000] {logging_mixin.py:188} INFO - [2026-01-09T12:38:40.122+0000] {dag.py:3036} INFO - Sync 1 DAGs
[2026-01-09T12:38:40.158+0000] {logging_mixin.py:188} INFO - [2026-01-09T12:38:40.158+0000] {dag.py:3823} INFO - Setting next_dagrun for example_dynamic_task_mapping to 2022-03-04 00:00:00+00:00, run_after=2022-03-05 00:00:00+00:00
[2026-01-09T12:38:40.201+0000] {processor.py:183} INFO - Processing /home/airflow/.local/lib/python3.8/site-packages/airflow/example_dags/example_dynamic_task_mapping.py took 0.142 seconds
[2026-01-09T12:39:10.601+0000] {processor.py:161} INFO - Started process (PID=14953) to work on /home/airflow/.local/lib/python3.8/site-packages/airflow/example_dags/example_dynamic_task_mapping.py
[2026-01-09T12:39:10.603+0000] {processor.py:830} INFO - Processing file /home/airflow/.local/lib/python3.8/site-packages/airflow/example_dags/example_dynamic_task_mapping.py for tasks to queue
[2026-01-09T12:39:10.605+0000] {logging_mixin.py:188} INFO - [2026-01-09T12:39:10.605+0000] {dagbag.py:538} INFO - Filling up the DagBag from /home/airflow/.local/lib/python3.8/site-packages/airflow/example_dags/example_dynamic_task_mapping.py
[2026-01-09T12:39:10.621+0000] {processor.py:840} INFO - DAG(s) 'example_dynamic_task_mapping' retrieved from /home/airflow/.local/lib/python3.8/site-packages/airflow/example_dags/example_dynamic_task_mapping.py
[2026-01-09T12:39:10.663+0000] {logging_mixin.py:188} INFO - [2026-01-09T12:39:10.662+0000] {dag.py:3036} INFO - Sync 1 DAGs
[2026-01-09T12:39:10.702+0000] {logging_mixin.py:188} INFO - [2026-01-09T12:39:10.701+0000] {dag.py:3823} INFO - Setting next_dagrun for example_dynamic_task_mapping to 2022-03-04 00:00:00+00:00, run_after=2022-03-05 00:00:00+00:00
[2026-01-09T12:39:10.748+0000] {processor.py:183} INFO - Processing /home/airflow/.local/lib/python3.8/site-packages/airflow/example_dags/example_dynamic_task_mapping.py took 0.155 seconds
[2026-01-09T12:39:40.916+0000] {processor.py:161} INFO - Started process (PID=15195) to work on /home/airflow/.local/lib/python3.8/site-packages/airflow/example_dags/example_dynamic_task_mapping.py
[2026-01-09T12:39:40.918+0000] {processor.py:830} INFO - Processing file /home/airflow/.local/lib/python3.8/site-packages/airflow/example_dags/example_dynamic_task_mapping.py for tasks to queue
[2026-01-09T12:39:40.920+0000] {logging_mixin.py:188} INFO - [2026-01-09T12:39:40.919+0000] {dagbag.py:538} INFO - Filling up the DagBag from /home/airflow/.local/lib/python3.8/site-packages/airflow/example_dags/example_dynamic_task_mapping.py
[2026-01-09T12:39:40.931+0000] {processor.py:840} INFO - DAG(s) 'example_dynamic_task_mapping' retrieved from /home/airflow/.local/lib/python3.8/site-packages/airflow/example_dags/example_dynamic_task_mapping.py
[2026-01-09T12:39:40.962+0000] {logging_mixin.py:188} INFO - [2026-01-09T12:39:40.962+0000] {dag.py:3036} INFO - Sync 1 DAGs
[2026-01-09T12:39:41.163+0000] {logging_mixin.py:188} INFO - [2026-01-09T12:39:41.163+0000] {dag.py:3823} INFO - Setting next_dagrun for example_dynamic_task_mapping to 2022-03-04 00:00:00+00:00, run_after=2022-03-05 00:00:00+00:00
[2026-01-09T12:39:41.201+0000] {processor.py:183} INFO - Processing /home/airflow/.local/lib/python3.8/site-packages/airflow/example_dags/example_dynamic_task_mapping.py took 0.291 seconds
