[2026-01-09T12:08:54.640+0000] {processor.py:161} INFO - Started process (PID=272) to work on /home/airflow/.local/lib/python3.8/site-packages/airflow/example_dags/example_xcom.py
[2026-01-09T12:08:54.642+0000] {processor.py:830} INFO - Processing file /home/airflow/.local/lib/python3.8/site-packages/airflow/example_dags/example_xcom.py for tasks to queue
[2026-01-09T12:08:54.643+0000] {logging_mixin.py:188} INFO - [2026-01-09T12:08:54.643+0000] {dagbag.py:538} INFO - Filling up the DagBag from /home/airflow/.local/lib/python3.8/site-packages/airflow/example_dags/example_xcom.py
[2026-01-09T12:08:54.665+0000] {processor.py:840} INFO - DAG(s) 'example_xcom' retrieved from /home/airflow/.local/lib/python3.8/site-packages/airflow/example_dags/example_xcom.py
[2026-01-09T12:08:54.835+0000] {logging_mixin.py:188} INFO - [2026-01-09T12:08:54.835+0000] {dag.py:3036} INFO - Sync 1 DAGs
[2026-01-09T12:08:54.876+0000] {logging_mixin.py:188} INFO - [2026-01-09T12:08:54.876+0000] {dag.py:3823} INFO - Setting next_dagrun for example_xcom to 2021-01-01 00:00:00+00:00, run_after=2021-01-01 00:00:00+00:00
[2026-01-09T12:08:54.931+0000] {processor.py:183} INFO - Processing /home/airflow/.local/lib/python3.8/site-packages/airflow/example_dags/example_xcom.py took 0.298 seconds
[2026-01-09T12:09:25.845+0000] {processor.py:161} INFO - Started process (PID=519) to work on /home/airflow/.local/lib/python3.8/site-packages/airflow/example_dags/example_xcom.py
[2026-01-09T12:09:25.848+0000] {processor.py:830} INFO - Processing file /home/airflow/.local/lib/python3.8/site-packages/airflow/example_dags/example_xcom.py for tasks to queue
[2026-01-09T12:09:25.851+0000] {logging_mixin.py:188} INFO - [2026-01-09T12:09:25.850+0000] {dagbag.py:538} INFO - Filling up the DagBag from /home/airflow/.local/lib/python3.8/site-packages/airflow/example_dags/example_xcom.py
[2026-01-09T12:09:25.869+0000] {processor.py:840} INFO - DAG(s) 'example_xcom' retrieved from /home/airflow/.local/lib/python3.8/site-packages/airflow/example_dags/example_xcom.py
[2026-01-09T12:09:25.920+0000] {logging_mixin.py:188} INFO - [2026-01-09T12:09:25.919+0000] {dag.py:3036} INFO - Sync 1 DAGs
[2026-01-09T12:09:25.961+0000] {logging_mixin.py:188} INFO - [2026-01-09T12:09:25.960+0000] {dag.py:3823} INFO - Setting next_dagrun for example_xcom to 2021-01-01 00:00:00+00:00, run_after=2021-01-01 00:00:00+00:00
[2026-01-09T12:09:26.009+0000] {processor.py:183} INFO - Processing /home/airflow/.local/lib/python3.8/site-packages/airflow/example_dags/example_xcom.py took 0.174 seconds
[2026-01-09T12:09:56.131+0000] {processor.py:161} INFO - Started process (PID=766) to work on /home/airflow/.local/lib/python3.8/site-packages/airflow/example_dags/example_xcom.py
[2026-01-09T12:09:56.140+0000] {processor.py:830} INFO - Processing file /home/airflow/.local/lib/python3.8/site-packages/airflow/example_dags/example_xcom.py for tasks to queue
[2026-01-09T12:09:56.142+0000] {logging_mixin.py:188} INFO - [2026-01-09T12:09:56.142+0000] {dagbag.py:538} INFO - Filling up the DagBag from /home/airflow/.local/lib/python3.8/site-packages/airflow/example_dags/example_xcom.py
[2026-01-09T12:09:56.156+0000] {processor.py:840} INFO - DAG(s) 'example_xcom' retrieved from /home/airflow/.local/lib/python3.8/site-packages/airflow/example_dags/example_xcom.py
[2026-01-09T12:09:56.201+0000] {logging_mixin.py:188} INFO - [2026-01-09T12:09:56.201+0000] {dag.py:3036} INFO - Sync 1 DAGs
[2026-01-09T12:09:56.243+0000] {logging_mixin.py:188} INFO - [2026-01-09T12:09:56.242+0000] {dag.py:3823} INFO - Setting next_dagrun for example_xcom to 2021-01-01 00:00:00+00:00, run_after=2021-01-01 00:00:00+00:00
[2026-01-09T12:09:56.291+0000] {processor.py:183} INFO - Processing /home/airflow/.local/lib/python3.8/site-packages/airflow/example_dags/example_xcom.py took 0.167 seconds
[2026-01-09T12:10:26.922+0000] {processor.py:161} INFO - Started process (PID=1013) to work on /home/airflow/.local/lib/python3.8/site-packages/airflow/example_dags/example_xcom.py
[2026-01-09T12:10:26.925+0000] {processor.py:830} INFO - Processing file /home/airflow/.local/lib/python3.8/site-packages/airflow/example_dags/example_xcom.py for tasks to queue
[2026-01-09T12:10:26.927+0000] {logging_mixin.py:188} INFO - [2026-01-09T12:10:26.926+0000] {dagbag.py:538} INFO - Filling up the DagBag from /home/airflow/.local/lib/python3.8/site-packages/airflow/example_dags/example_xcom.py
[2026-01-09T12:10:26.945+0000] {processor.py:840} INFO - DAG(s) 'example_xcom' retrieved from /home/airflow/.local/lib/python3.8/site-packages/airflow/example_dags/example_xcom.py
[2026-01-09T12:10:26.990+0000] {logging_mixin.py:188} INFO - [2026-01-09T12:10:26.989+0000] {dag.py:3036} INFO - Sync 1 DAGs
[2026-01-09T12:10:27.024+0000] {logging_mixin.py:188} INFO - [2026-01-09T12:10:27.024+0000] {dag.py:3823} INFO - Setting next_dagrun for example_xcom to 2021-01-01 00:00:00+00:00, run_after=2021-01-01 00:00:00+00:00
[2026-01-09T12:10:27.066+0000] {processor.py:183} INFO - Processing /home/airflow/.local/lib/python3.8/site-packages/airflow/example_dags/example_xcom.py took 0.150 seconds
[2026-01-09T12:10:57.641+0000] {processor.py:161} INFO - Started process (PID=1260) to work on /home/airflow/.local/lib/python3.8/site-packages/airflow/example_dags/example_xcom.py
[2026-01-09T12:10:57.679+0000] {processor.py:830} INFO - Processing file /home/airflow/.local/lib/python3.8/site-packages/airflow/example_dags/example_xcom.py for tasks to queue
[2026-01-09T12:10:57.681+0000] {logging_mixin.py:188} INFO - [2026-01-09T12:10:57.680+0000] {dagbag.py:538} INFO - Filling up the DagBag from /home/airflow/.local/lib/python3.8/site-packages/airflow/example_dags/example_xcom.py
[2026-01-09T12:10:57.698+0000] {processor.py:840} INFO - DAG(s) 'example_xcom' retrieved from /home/airflow/.local/lib/python3.8/site-packages/airflow/example_dags/example_xcom.py
[2026-01-09T12:10:57.745+0000] {logging_mixin.py:188} INFO - [2026-01-09T12:10:57.745+0000] {dag.py:3036} INFO - Sync 1 DAGs
[2026-01-09T12:10:57.786+0000] {logging_mixin.py:188} INFO - [2026-01-09T12:10:57.785+0000] {dag.py:3823} INFO - Setting next_dagrun for example_xcom to 2021-01-01 00:00:00+00:00, run_after=2021-01-01 00:00:00+00:00
[2026-01-09T12:10:57.831+0000] {processor.py:183} INFO - Processing /home/airflow/.local/lib/python3.8/site-packages/airflow/example_dags/example_xcom.py took 0.197 seconds
[2026-01-09T12:11:28.534+0000] {processor.py:161} INFO - Started process (PID=1509) to work on /home/airflow/.local/lib/python3.8/site-packages/airflow/example_dags/example_xcom.py
[2026-01-09T12:11:28.538+0000] {processor.py:830} INFO - Processing file /home/airflow/.local/lib/python3.8/site-packages/airflow/example_dags/example_xcom.py for tasks to queue
[2026-01-09T12:11:28.541+0000] {logging_mixin.py:188} INFO - [2026-01-09T12:11:28.540+0000] {dagbag.py:538} INFO - Filling up the DagBag from /home/airflow/.local/lib/python3.8/site-packages/airflow/example_dags/example_xcom.py
[2026-01-09T12:11:28.560+0000] {processor.py:840} INFO - DAG(s) 'example_xcom' retrieved from /home/airflow/.local/lib/python3.8/site-packages/airflow/example_dags/example_xcom.py
[2026-01-09T12:11:28.616+0000] {logging_mixin.py:188} INFO - [2026-01-09T12:11:28.615+0000] {dag.py:3036} INFO - Sync 1 DAGs
[2026-01-09T12:11:28.664+0000] {logging_mixin.py:188} INFO - [2026-01-09T12:11:28.664+0000] {dag.py:3823} INFO - Setting next_dagrun for example_xcom to 2021-01-01 00:00:00+00:00, run_after=2021-01-01 00:00:00+00:00
[2026-01-09T12:11:28.728+0000] {processor.py:183} INFO - Processing /home/airflow/.local/lib/python3.8/site-packages/airflow/example_dags/example_xcom.py took 0.209 seconds
[2026-01-09T12:11:59.592+0000] {processor.py:161} INFO - Started process (PID=1755) to work on /home/airflow/.local/lib/python3.8/site-packages/airflow/example_dags/example_xcom.py
[2026-01-09T12:11:59.594+0000] {processor.py:830} INFO - Processing file /home/airflow/.local/lib/python3.8/site-packages/airflow/example_dags/example_xcom.py for tasks to queue
[2026-01-09T12:11:59.596+0000] {logging_mixin.py:188} INFO - [2026-01-09T12:11:59.595+0000] {dagbag.py:538} INFO - Filling up the DagBag from /home/airflow/.local/lib/python3.8/site-packages/airflow/example_dags/example_xcom.py
[2026-01-09T12:11:59.612+0000] {processor.py:840} INFO - DAG(s) 'example_xcom' retrieved from /home/airflow/.local/lib/python3.8/site-packages/airflow/example_dags/example_xcom.py
[2026-01-09T12:11:59.659+0000] {logging_mixin.py:188} INFO - [2026-01-09T12:11:59.659+0000] {dag.py:3036} INFO - Sync 1 DAGs
[2026-01-09T12:11:59.701+0000] {logging_mixin.py:188} INFO - [2026-01-09T12:11:59.700+0000] {dag.py:3823} INFO - Setting next_dagrun for example_xcom to 2021-01-01 00:00:00+00:00, run_after=2021-01-01 00:00:00+00:00
[2026-01-09T12:11:59.759+0000] {processor.py:183} INFO - Processing /home/airflow/.local/lib/python3.8/site-packages/airflow/example_dags/example_xcom.py took 0.174 seconds
[2026-01-09T12:12:30.277+0000] {processor.py:161} INFO - Started process (PID=2002) to work on /home/airflow/.local/lib/python3.8/site-packages/airflow/example_dags/example_xcom.py
[2026-01-09T12:12:30.280+0000] {processor.py:830} INFO - Processing file /home/airflow/.local/lib/python3.8/site-packages/airflow/example_dags/example_xcom.py for tasks to queue
[2026-01-09T12:12:30.282+0000] {logging_mixin.py:188} INFO - [2026-01-09T12:12:30.281+0000] {dagbag.py:538} INFO - Filling up the DagBag from /home/airflow/.local/lib/python3.8/site-packages/airflow/example_dags/example_xcom.py
[2026-01-09T12:12:30.295+0000] {processor.py:840} INFO - DAG(s) 'example_xcom' retrieved from /home/airflow/.local/lib/python3.8/site-packages/airflow/example_dags/example_xcom.py
[2026-01-09T12:12:30.342+0000] {logging_mixin.py:188} INFO - [2026-01-09T12:12:30.342+0000] {dag.py:3036} INFO - Sync 1 DAGs
[2026-01-09T12:12:30.407+0000] {logging_mixin.py:188} INFO - [2026-01-09T12:12:30.406+0000] {dag.py:3823} INFO - Setting next_dagrun for example_xcom to 2021-01-01 00:00:00+00:00, run_after=2021-01-01 00:00:00+00:00
[2026-01-09T12:12:30.460+0000] {processor.py:183} INFO - Processing /home/airflow/.local/lib/python3.8/site-packages/airflow/example_dags/example_xcom.py took 0.189 seconds
[2026-01-09T12:13:00.840+0000] {processor.py:161} INFO - Started process (PID=2249) to work on /home/airflow/.local/lib/python3.8/site-packages/airflow/example_dags/example_xcom.py
[2026-01-09T12:13:00.842+0000] {processor.py:830} INFO - Processing file /home/airflow/.local/lib/python3.8/site-packages/airflow/example_dags/example_xcom.py for tasks to queue
[2026-01-09T12:13:00.845+0000] {logging_mixin.py:188} INFO - [2026-01-09T12:13:00.844+0000] {dagbag.py:538} INFO - Filling up the DagBag from /home/airflow/.local/lib/python3.8/site-packages/airflow/example_dags/example_xcom.py
[2026-01-09T12:13:00.862+0000] {processor.py:840} INFO - DAG(s) 'example_xcom' retrieved from /home/airflow/.local/lib/python3.8/site-packages/airflow/example_dags/example_xcom.py
[2026-01-09T12:13:00.914+0000] {logging_mixin.py:188} INFO - [2026-01-09T12:13:00.913+0000] {dag.py:3036} INFO - Sync 1 DAGs
[2026-01-09T12:13:00.962+0000] {logging_mixin.py:188} INFO - [2026-01-09T12:13:00.962+0000] {dag.py:3823} INFO - Setting next_dagrun for example_xcom to 2021-01-01 00:00:00+00:00, run_after=2021-01-01 00:00:00+00:00
[2026-01-09T12:13:01.004+0000] {processor.py:183} INFO - Processing /home/airflow/.local/lib/python3.8/site-packages/airflow/example_dags/example_xcom.py took 0.171 seconds
[2026-01-09T12:13:31.190+0000] {processor.py:161} INFO - Started process (PID=2496) to work on /home/airflow/.local/lib/python3.8/site-packages/airflow/example_dags/example_xcom.py
[2026-01-09T12:13:31.192+0000] {processor.py:830} INFO - Processing file /home/airflow/.local/lib/python3.8/site-packages/airflow/example_dags/example_xcom.py for tasks to queue
[2026-01-09T12:13:31.193+0000] {logging_mixin.py:188} INFO - [2026-01-09T12:13:31.193+0000] {dagbag.py:538} INFO - Filling up the DagBag from /home/airflow/.local/lib/python3.8/site-packages/airflow/example_dags/example_xcom.py
[2026-01-09T12:13:31.210+0000] {processor.py:840} INFO - DAG(s) 'example_xcom' retrieved from /home/airflow/.local/lib/python3.8/site-packages/airflow/example_dags/example_xcom.py
[2026-01-09T12:13:31.260+0000] {logging_mixin.py:188} INFO - [2026-01-09T12:13:31.258+0000] {dag.py:3036} INFO - Sync 1 DAGs
[2026-01-09T12:13:31.302+0000] {logging_mixin.py:188} INFO - [2026-01-09T12:13:31.301+0000] {dag.py:3823} INFO - Setting next_dagrun for example_xcom to 2021-01-01 00:00:00+00:00, run_after=2021-01-01 00:00:00+00:00
[2026-01-09T12:13:31.355+0000] {processor.py:183} INFO - Processing /home/airflow/.local/lib/python3.8/site-packages/airflow/example_dags/example_xcom.py took 0.174 seconds
[2026-01-09T12:14:01.599+0000] {processor.py:161} INFO - Started process (PID=2743) to work on /home/airflow/.local/lib/python3.8/site-packages/airflow/example_dags/example_xcom.py
[2026-01-09T12:14:01.602+0000] {processor.py:830} INFO - Processing file /home/airflow/.local/lib/python3.8/site-packages/airflow/example_dags/example_xcom.py for tasks to queue
[2026-01-09T12:14:01.604+0000] {logging_mixin.py:188} INFO - [2026-01-09T12:14:01.603+0000] {dagbag.py:538} INFO - Filling up the DagBag from /home/airflow/.local/lib/python3.8/site-packages/airflow/example_dags/example_xcom.py
[2026-01-09T12:14:01.619+0000] {processor.py:840} INFO - DAG(s) 'example_xcom' retrieved from /home/airflow/.local/lib/python3.8/site-packages/airflow/example_dags/example_xcom.py
[2026-01-09T12:14:01.664+0000] {logging_mixin.py:188} INFO - [2026-01-09T12:14:01.664+0000] {dag.py:3036} INFO - Sync 1 DAGs
[2026-01-09T12:14:01.713+0000] {logging_mixin.py:188} INFO - [2026-01-09T12:14:01.713+0000] {dag.py:3823} INFO - Setting next_dagrun for example_xcom to 2021-01-01 00:00:00+00:00, run_after=2021-01-01 00:00:00+00:00
[2026-01-09T12:14:01.765+0000] {processor.py:183} INFO - Processing /home/airflow/.local/lib/python3.8/site-packages/airflow/example_dags/example_xcom.py took 0.173 seconds
[2026-01-09T12:14:31.953+0000] {processor.py:161} INFO - Started process (PID=2987) to work on /home/airflow/.local/lib/python3.8/site-packages/airflow/example_dags/example_xcom.py
[2026-01-09T12:14:31.955+0000] {processor.py:830} INFO - Processing file /home/airflow/.local/lib/python3.8/site-packages/airflow/example_dags/example_xcom.py for tasks to queue
[2026-01-09T12:14:31.957+0000] {logging_mixin.py:188} INFO - [2026-01-09T12:14:31.956+0000] {dagbag.py:538} INFO - Filling up the DagBag from /home/airflow/.local/lib/python3.8/site-packages/airflow/example_dags/example_xcom.py
[2026-01-09T12:14:31.971+0000] {processor.py:840} INFO - DAG(s) 'example_xcom' retrieved from /home/airflow/.local/lib/python3.8/site-packages/airflow/example_dags/example_xcom.py
[2026-01-09T12:14:32.012+0000] {logging_mixin.py:188} INFO - [2026-01-09T12:14:32.012+0000] {dag.py:3036} INFO - Sync 1 DAGs
[2026-01-09T12:14:32.047+0000] {logging_mixin.py:188} INFO - [2026-01-09T12:14:32.046+0000] {dag.py:3823} INFO - Setting next_dagrun for example_xcom to 2021-01-01 00:00:00+00:00, run_after=2021-01-01 00:00:00+00:00
[2026-01-09T12:14:32.083+0000] {processor.py:183} INFO - Processing /home/airflow/.local/lib/python3.8/site-packages/airflow/example_dags/example_xcom.py took 0.138 seconds
[2026-01-09T12:15:02.240+0000] {processor.py:161} INFO - Started process (PID=3234) to work on /home/airflow/.local/lib/python3.8/site-packages/airflow/example_dags/example_xcom.py
[2026-01-09T12:15:02.243+0000] {processor.py:830} INFO - Processing file /home/airflow/.local/lib/python3.8/site-packages/airflow/example_dags/example_xcom.py for tasks to queue
[2026-01-09T12:15:02.245+0000] {logging_mixin.py:188} INFO - [2026-01-09T12:15:02.244+0000] {dagbag.py:538} INFO - Filling up the DagBag from /home/airflow/.local/lib/python3.8/site-packages/airflow/example_dags/example_xcom.py
[2026-01-09T12:15:02.260+0000] {processor.py:840} INFO - DAG(s) 'example_xcom' retrieved from /home/airflow/.local/lib/python3.8/site-packages/airflow/example_dags/example_xcom.py
[2026-01-09T12:15:02.306+0000] {logging_mixin.py:188} INFO - [2026-01-09T12:15:02.306+0000] {dag.py:3036} INFO - Sync 1 DAGs
[2026-01-09T12:15:02.347+0000] {logging_mixin.py:188} INFO - [2026-01-09T12:15:02.346+0000] {dag.py:3823} INFO - Setting next_dagrun for example_xcom to 2021-01-01 00:00:00+00:00, run_after=2021-01-01 00:00:00+00:00
[2026-01-09T12:15:02.390+0000] {processor.py:183} INFO - Processing /home/airflow/.local/lib/python3.8/site-packages/airflow/example_dags/example_xcom.py took 0.158 seconds
[2026-01-09T12:15:32.554+0000] {processor.py:161} INFO - Started process (PID=3481) to work on /home/airflow/.local/lib/python3.8/site-packages/airflow/example_dags/example_xcom.py
[2026-01-09T12:15:32.556+0000] {processor.py:830} INFO - Processing file /home/airflow/.local/lib/python3.8/site-packages/airflow/example_dags/example_xcom.py for tasks to queue
[2026-01-09T12:15:32.557+0000] {logging_mixin.py:188} INFO - [2026-01-09T12:15:32.557+0000] {dagbag.py:538} INFO - Filling up the DagBag from /home/airflow/.local/lib/python3.8/site-packages/airflow/example_dags/example_xcom.py
[2026-01-09T12:15:32.569+0000] {processor.py:840} INFO - DAG(s) 'example_xcom' retrieved from /home/airflow/.local/lib/python3.8/site-packages/airflow/example_dags/example_xcom.py
[2026-01-09T12:15:32.612+0000] {logging_mixin.py:188} INFO - [2026-01-09T12:15:32.611+0000] {dag.py:3036} INFO - Sync 1 DAGs
[2026-01-09T12:15:32.650+0000] {logging_mixin.py:188} INFO - [2026-01-09T12:15:32.650+0000] {dag.py:3823} INFO - Setting next_dagrun for example_xcom to 2021-01-01 00:00:00+00:00, run_after=2021-01-01 00:00:00+00:00
[2026-01-09T12:15:32.691+0000] {processor.py:183} INFO - Processing /home/airflow/.local/lib/python3.8/site-packages/airflow/example_dags/example_xcom.py took 0.144 seconds
[2026-01-09T12:16:02.883+0000] {processor.py:161} INFO - Started process (PID=3727) to work on /home/airflow/.local/lib/python3.8/site-packages/airflow/example_dags/example_xcom.py
[2026-01-09T12:16:02.885+0000] {processor.py:830} INFO - Processing file /home/airflow/.local/lib/python3.8/site-packages/airflow/example_dags/example_xcom.py for tasks to queue
[2026-01-09T12:16:02.887+0000] {logging_mixin.py:188} INFO - [2026-01-09T12:16:02.886+0000] {dagbag.py:538} INFO - Filling up the DagBag from /home/airflow/.local/lib/python3.8/site-packages/airflow/example_dags/example_xcom.py
[2026-01-09T12:16:02.903+0000] {processor.py:840} INFO - DAG(s) 'example_xcom' retrieved from /home/airflow/.local/lib/python3.8/site-packages/airflow/example_dags/example_xcom.py
[2026-01-09T12:16:02.940+0000] {logging_mixin.py:188} INFO - [2026-01-09T12:16:02.939+0000] {dag.py:3036} INFO - Sync 1 DAGs
[2026-01-09T12:16:02.970+0000] {logging_mixin.py:188} INFO - [2026-01-09T12:16:02.970+0000] {dag.py:3823} INFO - Setting next_dagrun for example_xcom to 2021-01-01 00:00:00+00:00, run_after=2021-01-01 00:00:00+00:00
[2026-01-09T12:16:03.006+0000] {processor.py:183} INFO - Processing /home/airflow/.local/lib/python3.8/site-packages/airflow/example_dags/example_xcom.py took 0.131 seconds
[2026-01-09T12:16:33.516+0000] {processor.py:161} INFO - Started process (PID=3972) to work on /home/airflow/.local/lib/python3.8/site-packages/airflow/example_dags/example_xcom.py
[2026-01-09T12:16:33.519+0000] {processor.py:830} INFO - Processing file /home/airflow/.local/lib/python3.8/site-packages/airflow/example_dags/example_xcom.py for tasks to queue
[2026-01-09T12:16:33.522+0000] {logging_mixin.py:188} INFO - [2026-01-09T12:16:33.521+0000] {dagbag.py:538} INFO - Filling up the DagBag from /home/airflow/.local/lib/python3.8/site-packages/airflow/example_dags/example_xcom.py
[2026-01-09T12:16:33.544+0000] {processor.py:840} INFO - DAG(s) 'example_xcom' retrieved from /home/airflow/.local/lib/python3.8/site-packages/airflow/example_dags/example_xcom.py
[2026-01-09T12:16:33.593+0000] {logging_mixin.py:188} INFO - [2026-01-09T12:16:33.593+0000] {dag.py:3036} INFO - Sync 1 DAGs
[2026-01-09T12:16:33.636+0000] {logging_mixin.py:188} INFO - [2026-01-09T12:16:33.636+0000] {dag.py:3823} INFO - Setting next_dagrun for example_xcom to 2021-01-01 00:00:00+00:00, run_after=2021-01-01 00:00:00+00:00
[2026-01-09T12:16:33.684+0000] {processor.py:183} INFO - Processing /home/airflow/.local/lib/python3.8/site-packages/airflow/example_dags/example_xcom.py took 0.176 seconds
[2026-01-09T12:17:04.206+0000] {processor.py:161} INFO - Started process (PID=4219) to work on /home/airflow/.local/lib/python3.8/site-packages/airflow/example_dags/example_xcom.py
[2026-01-09T12:17:04.208+0000] {processor.py:830} INFO - Processing file /home/airflow/.local/lib/python3.8/site-packages/airflow/example_dags/example_xcom.py for tasks to queue
[2026-01-09T12:17:04.209+0000] {logging_mixin.py:188} INFO - [2026-01-09T12:17:04.209+0000] {dagbag.py:538} INFO - Filling up the DagBag from /home/airflow/.local/lib/python3.8/site-packages/airflow/example_dags/example_xcom.py
[2026-01-09T12:17:04.225+0000] {processor.py:840} INFO - DAG(s) 'example_xcom' retrieved from /home/airflow/.local/lib/python3.8/site-packages/airflow/example_dags/example_xcom.py
[2026-01-09T12:17:04.270+0000] {logging_mixin.py:188} INFO - [2026-01-09T12:17:04.269+0000] {dag.py:3036} INFO - Sync 1 DAGs
[2026-01-09T12:17:04.305+0000] {logging_mixin.py:188} INFO - [2026-01-09T12:17:04.304+0000] {dag.py:3823} INFO - Setting next_dagrun for example_xcom to 2021-01-01 00:00:00+00:00, run_after=2021-01-01 00:00:00+00:00
[2026-01-09T12:17:04.346+0000] {processor.py:183} INFO - Processing /home/airflow/.local/lib/python3.8/site-packages/airflow/example_dags/example_xcom.py took 0.147 seconds
[2026-01-09T12:17:34.686+0000] {processor.py:161} INFO - Started process (PID=4466) to work on /home/airflow/.local/lib/python3.8/site-packages/airflow/example_dags/example_xcom.py
[2026-01-09T12:17:34.694+0000] {processor.py:830} INFO - Processing file /home/airflow/.local/lib/python3.8/site-packages/airflow/example_dags/example_xcom.py for tasks to queue
[2026-01-09T12:17:34.696+0000] {logging_mixin.py:188} INFO - [2026-01-09T12:17:34.695+0000] {dagbag.py:538} INFO - Filling up the DagBag from /home/airflow/.local/lib/python3.8/site-packages/airflow/example_dags/example_xcom.py
[2026-01-09T12:17:34.713+0000] {processor.py:840} INFO - DAG(s) 'example_xcom' retrieved from /home/airflow/.local/lib/python3.8/site-packages/airflow/example_dags/example_xcom.py
[2026-01-09T12:17:34.763+0000] {logging_mixin.py:188} INFO - [2026-01-09T12:17:34.762+0000] {dag.py:3036} INFO - Sync 1 DAGs
[2026-01-09T12:17:34.803+0000] {logging_mixin.py:188} INFO - [2026-01-09T12:17:34.802+0000] {dag.py:3823} INFO - Setting next_dagrun for example_xcom to 2021-01-01 00:00:00+00:00, run_after=2021-01-01 00:00:00+00:00
[2026-01-09T12:17:34.851+0000] {processor.py:183} INFO - Processing /home/airflow/.local/lib/python3.8/site-packages/airflow/example_dags/example_xcom.py took 0.172 seconds
[2026-01-09T12:18:05.683+0000] {processor.py:161} INFO - Started process (PID=4713) to work on /home/airflow/.local/lib/python3.8/site-packages/airflow/example_dags/example_xcom.py
[2026-01-09T12:18:05.689+0000] {processor.py:830} INFO - Processing file /home/airflow/.local/lib/python3.8/site-packages/airflow/example_dags/example_xcom.py for tasks to queue
[2026-01-09T12:18:05.692+0000] {logging_mixin.py:188} INFO - [2026-01-09T12:18:05.690+0000] {dagbag.py:538} INFO - Filling up the DagBag from /home/airflow/.local/lib/python3.8/site-packages/airflow/example_dags/example_xcom.py
[2026-01-09T12:18:05.711+0000] {processor.py:840} INFO - DAG(s) 'example_xcom' retrieved from /home/airflow/.local/lib/python3.8/site-packages/airflow/example_dags/example_xcom.py
[2026-01-09T12:18:05.763+0000] {logging_mixin.py:188} INFO - [2026-01-09T12:18:05.763+0000] {dag.py:3036} INFO - Sync 1 DAGs
[2026-01-09T12:18:05.811+0000] {logging_mixin.py:188} INFO - [2026-01-09T12:18:05.810+0000] {dag.py:3823} INFO - Setting next_dagrun for example_xcom to 2021-01-01 00:00:00+00:00, run_after=2021-01-01 00:00:00+00:00
[2026-01-09T12:18:05.860+0000] {processor.py:183} INFO - Processing /home/airflow/.local/lib/python3.8/site-packages/airflow/example_dags/example_xcom.py took 0.183 seconds
[2026-01-09T12:18:35.941+0000] {processor.py:161} INFO - Started process (PID=4957) to work on /home/airflow/.local/lib/python3.8/site-packages/airflow/example_dags/example_xcom.py
[2026-01-09T12:18:35.944+0000] {processor.py:830} INFO - Processing file /home/airflow/.local/lib/python3.8/site-packages/airflow/example_dags/example_xcom.py for tasks to queue
[2026-01-09T12:18:35.945+0000] {logging_mixin.py:188} INFO - [2026-01-09T12:18:35.945+0000] {dagbag.py:538} INFO - Filling up the DagBag from /home/airflow/.local/lib/python3.8/site-packages/airflow/example_dags/example_xcom.py
[2026-01-09T12:18:35.959+0000] {processor.py:840} INFO - DAG(s) 'example_xcom' retrieved from /home/airflow/.local/lib/python3.8/site-packages/airflow/example_dags/example_xcom.py
[2026-01-09T12:18:36.009+0000] {logging_mixin.py:188} INFO - [2026-01-09T12:18:36.008+0000] {dag.py:3036} INFO - Sync 1 DAGs
[2026-01-09T12:18:36.056+0000] {logging_mixin.py:188} INFO - [2026-01-09T12:18:36.056+0000] {dag.py:3823} INFO - Setting next_dagrun for example_xcom to 2021-01-01 00:00:00+00:00, run_after=2021-01-01 00:00:00+00:00
[2026-01-09T12:18:36.104+0000] {processor.py:183} INFO - Processing /home/airflow/.local/lib/python3.8/site-packages/airflow/example_dags/example_xcom.py took 0.170 seconds
[2026-01-09T12:19:06.692+0000] {processor.py:161} INFO - Started process (PID=5207) to work on /home/airflow/.local/lib/python3.8/site-packages/airflow/example_dags/example_xcom.py
[2026-01-09T12:19:06.694+0000] {processor.py:830} INFO - Processing file /home/airflow/.local/lib/python3.8/site-packages/airflow/example_dags/example_xcom.py for tasks to queue
[2026-01-09T12:19:06.695+0000] {logging_mixin.py:188} INFO - [2026-01-09T12:19:06.695+0000] {dagbag.py:538} INFO - Filling up the DagBag from /home/airflow/.local/lib/python3.8/site-packages/airflow/example_dags/example_xcom.py
[2026-01-09T12:19:06.711+0000] {processor.py:840} INFO - DAG(s) 'example_xcom' retrieved from /home/airflow/.local/lib/python3.8/site-packages/airflow/example_dags/example_xcom.py
[2026-01-09T12:19:06.761+0000] {logging_mixin.py:188} INFO - [2026-01-09T12:19:06.760+0000] {dag.py:3036} INFO - Sync 1 DAGs
[2026-01-09T12:19:06.830+0000] {logging_mixin.py:188} INFO - [2026-01-09T12:19:06.830+0000] {dag.py:3823} INFO - Setting next_dagrun for example_xcom to 2021-01-01 00:00:00+00:00, run_after=2021-01-01 00:00:00+00:00
[2026-01-09T12:19:06.896+0000] {processor.py:183} INFO - Processing /home/airflow/.local/lib/python3.8/site-packages/airflow/example_dags/example_xcom.py took 0.211 seconds
[2026-01-09T12:19:37.416+0000] {processor.py:161} INFO - Started process (PID=5454) to work on /home/airflow/.local/lib/python3.8/site-packages/airflow/example_dags/example_xcom.py
[2026-01-09T12:19:37.421+0000] {processor.py:830} INFO - Processing file /home/airflow/.local/lib/python3.8/site-packages/airflow/example_dags/example_xcom.py for tasks to queue
[2026-01-09T12:19:37.424+0000] {logging_mixin.py:188} INFO - [2026-01-09T12:19:37.423+0000] {dagbag.py:538} INFO - Filling up the DagBag from /home/airflow/.local/lib/python3.8/site-packages/airflow/example_dags/example_xcom.py
[2026-01-09T12:19:37.444+0000] {processor.py:840} INFO - DAG(s) 'example_xcom' retrieved from /home/airflow/.local/lib/python3.8/site-packages/airflow/example_dags/example_xcom.py
[2026-01-09T12:19:37.496+0000] {logging_mixin.py:188} INFO - [2026-01-09T12:19:37.496+0000] {dag.py:3036} INFO - Sync 1 DAGs
[2026-01-09T12:19:37.540+0000] {logging_mixin.py:188} INFO - [2026-01-09T12:19:37.539+0000] {dag.py:3823} INFO - Setting next_dagrun for example_xcom to 2021-01-01 00:00:00+00:00, run_after=2021-01-01 00:00:00+00:00
[2026-01-09T12:19:37.590+0000] {processor.py:183} INFO - Processing /home/airflow/.local/lib/python3.8/site-packages/airflow/example_dags/example_xcom.py took 0.185 seconds
[2026-01-09T12:20:08.321+0000] {processor.py:161} INFO - Started process (PID=5701) to work on /home/airflow/.local/lib/python3.8/site-packages/airflow/example_dags/example_xcom.py
[2026-01-09T12:20:08.324+0000] {processor.py:830} INFO - Processing file /home/airflow/.local/lib/python3.8/site-packages/airflow/example_dags/example_xcom.py for tasks to queue
[2026-01-09T12:20:08.326+0000] {logging_mixin.py:188} INFO - [2026-01-09T12:20:08.326+0000] {dagbag.py:538} INFO - Filling up the DagBag from /home/airflow/.local/lib/python3.8/site-packages/airflow/example_dags/example_xcom.py
[2026-01-09T12:20:08.345+0000] {processor.py:840} INFO - DAG(s) 'example_xcom' retrieved from /home/airflow/.local/lib/python3.8/site-packages/airflow/example_dags/example_xcom.py
[2026-01-09T12:20:08.396+0000] {logging_mixin.py:188} INFO - [2026-01-09T12:20:08.395+0000] {dag.py:3036} INFO - Sync 1 DAGs
[2026-01-09T12:20:08.435+0000] {logging_mixin.py:188} INFO - [2026-01-09T12:20:08.435+0000] {dag.py:3823} INFO - Setting next_dagrun for example_xcom to 2021-01-01 00:00:00+00:00, run_after=2021-01-01 00:00:00+00:00
[2026-01-09T12:20:08.477+0000] {processor.py:183} INFO - Processing /home/airflow/.local/lib/python3.8/site-packages/airflow/example_dags/example_xcom.py took 0.163 seconds
[2026-01-09T12:20:38.790+0000] {processor.py:161} INFO - Started process (PID=5948) to work on /home/airflow/.local/lib/python3.8/site-packages/airflow/example_dags/example_xcom.py
[2026-01-09T12:20:38.792+0000] {processor.py:830} INFO - Processing file /home/airflow/.local/lib/python3.8/site-packages/airflow/example_dags/example_xcom.py for tasks to queue
[2026-01-09T12:20:38.795+0000] {logging_mixin.py:188} INFO - [2026-01-09T12:20:38.794+0000] {dagbag.py:538} INFO - Filling up the DagBag from /home/airflow/.local/lib/python3.8/site-packages/airflow/example_dags/example_xcom.py
[2026-01-09T12:20:38.814+0000] {processor.py:840} INFO - DAG(s) 'example_xcom' retrieved from /home/airflow/.local/lib/python3.8/site-packages/airflow/example_dags/example_xcom.py
[2026-01-09T12:20:38.861+0000] {logging_mixin.py:188} INFO - [2026-01-09T12:20:38.860+0000] {dag.py:3036} INFO - Sync 1 DAGs
[2026-01-09T12:20:38.902+0000] {logging_mixin.py:188} INFO - [2026-01-09T12:20:38.901+0000] {dag.py:3823} INFO - Setting next_dagrun for example_xcom to 2021-01-01 00:00:00+00:00, run_after=2021-01-01 00:00:00+00:00
[2026-01-09T12:20:38.942+0000] {processor.py:183} INFO - Processing /home/airflow/.local/lib/python3.8/site-packages/airflow/example_dags/example_xcom.py took 0.162 seconds
[2026-01-09T12:21:09.504+0000] {processor.py:161} INFO - Started process (PID=6195) to work on /home/airflow/.local/lib/python3.8/site-packages/airflow/example_dags/example_xcom.py
[2026-01-09T12:21:09.507+0000] {processor.py:830} INFO - Processing file /home/airflow/.local/lib/python3.8/site-packages/airflow/example_dags/example_xcom.py for tasks to queue
[2026-01-09T12:21:09.509+0000] {logging_mixin.py:188} INFO - [2026-01-09T12:21:09.508+0000] {dagbag.py:538} INFO - Filling up the DagBag from /home/airflow/.local/lib/python3.8/site-packages/airflow/example_dags/example_xcom.py
[2026-01-09T12:21:09.528+0000] {processor.py:840} INFO - DAG(s) 'example_xcom' retrieved from /home/airflow/.local/lib/python3.8/site-packages/airflow/example_dags/example_xcom.py
[2026-01-09T12:21:09.575+0000] {logging_mixin.py:188} INFO - [2026-01-09T12:21:09.575+0000] {dag.py:3036} INFO - Sync 1 DAGs
[2026-01-09T12:21:09.624+0000] {logging_mixin.py:188} INFO - [2026-01-09T12:21:09.624+0000] {dag.py:3823} INFO - Setting next_dagrun for example_xcom to 2021-01-01 00:00:00+00:00, run_after=2021-01-01 00:00:00+00:00
[2026-01-09T12:21:09.670+0000] {processor.py:183} INFO - Processing /home/airflow/.local/lib/python3.8/site-packages/airflow/example_dags/example_xcom.py took 0.172 seconds
[2026-01-09T12:21:40.121+0000] {processor.py:161} INFO - Started process (PID=6442) to work on /home/airflow/.local/lib/python3.8/site-packages/airflow/example_dags/example_xcom.py
[2026-01-09T12:21:40.125+0000] {processor.py:830} INFO - Processing file /home/airflow/.local/lib/python3.8/site-packages/airflow/example_dags/example_xcom.py for tasks to queue
[2026-01-09T12:21:40.127+0000] {logging_mixin.py:188} INFO - [2026-01-09T12:21:40.126+0000] {dagbag.py:538} INFO - Filling up the DagBag from /home/airflow/.local/lib/python3.8/site-packages/airflow/example_dags/example_xcom.py
[2026-01-09T12:21:40.147+0000] {processor.py:840} INFO - DAG(s) 'example_xcom' retrieved from /home/airflow/.local/lib/python3.8/site-packages/airflow/example_dags/example_xcom.py
[2026-01-09T12:21:40.197+0000] {logging_mixin.py:188} INFO - [2026-01-09T12:21:40.196+0000] {dag.py:3036} INFO - Sync 1 DAGs
[2026-01-09T12:21:40.240+0000] {logging_mixin.py:188} INFO - [2026-01-09T12:21:40.239+0000] {dag.py:3823} INFO - Setting next_dagrun for example_xcom to 2021-01-01 00:00:00+00:00, run_after=2021-01-01 00:00:00+00:00
[2026-01-09T12:21:40.290+0000] {processor.py:183} INFO - Processing /home/airflow/.local/lib/python3.8/site-packages/airflow/example_dags/example_xcom.py took 0.176 seconds
[2026-01-09T12:22:10.535+0000] {processor.py:161} INFO - Started process (PID=6690) to work on /home/airflow/.local/lib/python3.8/site-packages/airflow/example_dags/example_xcom.py
[2026-01-09T12:22:10.538+0000] {processor.py:830} INFO - Processing file /home/airflow/.local/lib/python3.8/site-packages/airflow/example_dags/example_xcom.py for tasks to queue
[2026-01-09T12:22:10.540+0000] {logging_mixin.py:188} INFO - [2026-01-09T12:22:10.539+0000] {dagbag.py:538} INFO - Filling up the DagBag from /home/airflow/.local/lib/python3.8/site-packages/airflow/example_dags/example_xcom.py
[2026-01-09T12:22:10.554+0000] {processor.py:840} INFO - DAG(s) 'example_xcom' retrieved from /home/airflow/.local/lib/python3.8/site-packages/airflow/example_dags/example_xcom.py
[2026-01-09T12:22:10.604+0000] {logging_mixin.py:188} INFO - [2026-01-09T12:22:10.603+0000] {dag.py:3036} INFO - Sync 1 DAGs
[2026-01-09T12:22:10.645+0000] {logging_mixin.py:188} INFO - [2026-01-09T12:22:10.645+0000] {dag.py:3823} INFO - Setting next_dagrun for example_xcom to 2021-01-01 00:00:00+00:00, run_after=2021-01-01 00:00:00+00:00
[2026-01-09T12:22:10.698+0000] {processor.py:183} INFO - Processing /home/airflow/.local/lib/python3.8/site-packages/airflow/example_dags/example_xcom.py took 0.169 seconds
[2026-01-09T12:22:40.984+0000] {processor.py:161} INFO - Started process (PID=6937) to work on /home/airflow/.local/lib/python3.8/site-packages/airflow/example_dags/example_xcom.py
[2026-01-09T12:22:41.001+0000] {processor.py:830} INFO - Processing file /home/airflow/.local/lib/python3.8/site-packages/airflow/example_dags/example_xcom.py for tasks to queue
[2026-01-09T12:22:41.003+0000] {logging_mixin.py:188} INFO - [2026-01-09T12:22:41.002+0000] {dagbag.py:538} INFO - Filling up the DagBag from /home/airflow/.local/lib/python3.8/site-packages/airflow/example_dags/example_xcom.py
[2026-01-09T12:22:41.022+0000] {processor.py:840} INFO - DAG(s) 'example_xcom' retrieved from /home/airflow/.local/lib/python3.8/site-packages/airflow/example_dags/example_xcom.py
[2026-01-09T12:22:41.071+0000] {logging_mixin.py:188} INFO - [2026-01-09T12:22:41.070+0000] {dag.py:3036} INFO - Sync 1 DAGs
[2026-01-09T12:22:41.114+0000] {logging_mixin.py:188} INFO - [2026-01-09T12:22:41.113+0000] {dag.py:3823} INFO - Setting next_dagrun for example_xcom to 2021-01-01 00:00:00+00:00, run_after=2021-01-01 00:00:00+00:00
[2026-01-09T12:22:41.165+0000] {processor.py:183} INFO - Processing /home/airflow/.local/lib/python3.8/site-packages/airflow/example_dags/example_xcom.py took 0.189 seconds
[2026-01-09T12:23:11.248+0000] {processor.py:161} INFO - Started process (PID=7181) to work on /home/airflow/.local/lib/python3.8/site-packages/airflow/example_dags/example_xcom.py
[2026-01-09T12:23:11.251+0000] {processor.py:830} INFO - Processing file /home/airflow/.local/lib/python3.8/site-packages/airflow/example_dags/example_xcom.py for tasks to queue
[2026-01-09T12:23:11.254+0000] {logging_mixin.py:188} INFO - [2026-01-09T12:23:11.254+0000] {dagbag.py:538} INFO - Filling up the DagBag from /home/airflow/.local/lib/python3.8/site-packages/airflow/example_dags/example_xcom.py
[2026-01-09T12:23:11.272+0000] {processor.py:840} INFO - DAG(s) 'example_xcom' retrieved from /home/airflow/.local/lib/python3.8/site-packages/airflow/example_dags/example_xcom.py
[2026-01-09T12:23:11.322+0000] {logging_mixin.py:188} INFO - [2026-01-09T12:23:11.321+0000] {dag.py:3036} INFO - Sync 1 DAGs
[2026-01-09T12:23:11.363+0000] {logging_mixin.py:188} INFO - [2026-01-09T12:23:11.363+0000] {dag.py:3823} INFO - Setting next_dagrun for example_xcom to 2021-01-01 00:00:00+00:00, run_after=2021-01-01 00:00:00+00:00
[2026-01-09T12:23:11.413+0000] {processor.py:183} INFO - Processing /home/airflow/.local/lib/python3.8/site-packages/airflow/example_dags/example_xcom.py took 0.171 seconds
[2026-01-09T12:23:41.628+0000] {processor.py:161} INFO - Started process (PID=7428) to work on /home/airflow/.local/lib/python3.8/site-packages/airflow/example_dags/example_xcom.py
[2026-01-09T12:23:41.631+0000] {processor.py:830} INFO - Processing file /home/airflow/.local/lib/python3.8/site-packages/airflow/example_dags/example_xcom.py for tasks to queue
[2026-01-09T12:23:41.634+0000] {logging_mixin.py:188} INFO - [2026-01-09T12:23:41.633+0000] {dagbag.py:538} INFO - Filling up the DagBag from /home/airflow/.local/lib/python3.8/site-packages/airflow/example_dags/example_xcom.py
[2026-01-09T12:23:41.652+0000] {processor.py:840} INFO - DAG(s) 'example_xcom' retrieved from /home/airflow/.local/lib/python3.8/site-packages/airflow/example_dags/example_xcom.py
[2026-01-09T12:23:41.698+0000] {logging_mixin.py:188} INFO - [2026-01-09T12:23:41.697+0000] {dag.py:3036} INFO - Sync 1 DAGs
[2026-01-09T12:23:41.744+0000] {logging_mixin.py:188} INFO - [2026-01-09T12:23:41.743+0000] {dag.py:3823} INFO - Setting next_dagrun for example_xcom to 2021-01-01 00:00:00+00:00, run_after=2021-01-01 00:00:00+00:00
[2026-01-09T12:23:41.791+0000] {processor.py:183} INFO - Processing /home/airflow/.local/lib/python3.8/site-packages/airflow/example_dags/example_xcom.py took 0.170 seconds
[2026-01-09T12:24:12.198+0000] {processor.py:161} INFO - Started process (PID=7674) to work on /home/airflow/.local/lib/python3.8/site-packages/airflow/example_dags/example_xcom.py
[2026-01-09T12:24:12.204+0000] {processor.py:830} INFO - Processing file /home/airflow/.local/lib/python3.8/site-packages/airflow/example_dags/example_xcom.py for tasks to queue
[2026-01-09T12:24:12.206+0000] {logging_mixin.py:188} INFO - [2026-01-09T12:24:12.205+0000] {dagbag.py:538} INFO - Filling up the DagBag from /home/airflow/.local/lib/python3.8/site-packages/airflow/example_dags/example_xcom.py
[2026-01-09T12:24:12.221+0000] {processor.py:840} INFO - DAG(s) 'example_xcom' retrieved from /home/airflow/.local/lib/python3.8/site-packages/airflow/example_dags/example_xcom.py
[2026-01-09T12:24:12.268+0000] {logging_mixin.py:188} INFO - [2026-01-09T12:24:12.268+0000] {dag.py:3036} INFO - Sync 1 DAGs
[2026-01-09T12:24:12.315+0000] {logging_mixin.py:188} INFO - [2026-01-09T12:24:12.315+0000] {dag.py:3823} INFO - Setting next_dagrun for example_xcom to 2021-01-01 00:00:00+00:00, run_after=2021-01-01 00:00:00+00:00
[2026-01-09T12:24:12.362+0000] {processor.py:183} INFO - Processing /home/airflow/.local/lib/python3.8/site-packages/airflow/example_dags/example_xcom.py took 0.174 seconds
[2026-01-09T12:24:42.945+0000] {processor.py:161} INFO - Started process (PID=7926) to work on /home/airflow/.local/lib/python3.8/site-packages/airflow/example_dags/example_xcom.py
[2026-01-09T12:24:42.948+0000] {processor.py:830} INFO - Processing file /home/airflow/.local/lib/python3.8/site-packages/airflow/example_dags/example_xcom.py for tasks to queue
[2026-01-09T12:24:42.951+0000] {logging_mixin.py:188} INFO - [2026-01-09T12:24:42.950+0000] {dagbag.py:538} INFO - Filling up the DagBag from /home/airflow/.local/lib/python3.8/site-packages/airflow/example_dags/example_xcom.py
[2026-01-09T12:24:42.966+0000] {processor.py:840} INFO - DAG(s) 'example_xcom' retrieved from /home/airflow/.local/lib/python3.8/site-packages/airflow/example_dags/example_xcom.py
[2026-01-09T12:24:43.009+0000] {logging_mixin.py:188} INFO - [2026-01-09T12:24:43.008+0000] {dag.py:3036} INFO - Sync 1 DAGs
[2026-01-09T12:24:43.051+0000] {logging_mixin.py:188} INFO - [2026-01-09T12:24:43.050+0000] {dag.py:3823} INFO - Setting next_dagrun for example_xcom to 2021-01-01 00:00:00+00:00, run_after=2021-01-01 00:00:00+00:00
[2026-01-09T12:24:43.098+0000] {processor.py:183} INFO - Processing /home/airflow/.local/lib/python3.8/site-packages/airflow/example_dags/example_xcom.py took 0.161 seconds
[2026-01-09T12:25:13.964+0000] {processor.py:161} INFO - Started process (PID=8173) to work on /home/airflow/.local/lib/python3.8/site-packages/airflow/example_dags/example_xcom.py
[2026-01-09T12:25:13.967+0000] {processor.py:830} INFO - Processing file /home/airflow/.local/lib/python3.8/site-packages/airflow/example_dags/example_xcom.py for tasks to queue
[2026-01-09T12:25:13.969+0000] {logging_mixin.py:188} INFO - [2026-01-09T12:25:13.968+0000] {dagbag.py:538} INFO - Filling up the DagBag from /home/airflow/.local/lib/python3.8/site-packages/airflow/example_dags/example_xcom.py
[2026-01-09T12:25:13.982+0000] {processor.py:840} INFO - DAG(s) 'example_xcom' retrieved from /home/airflow/.local/lib/python3.8/site-packages/airflow/example_dags/example_xcom.py
[2026-01-09T12:25:14.024+0000] {logging_mixin.py:188} INFO - [2026-01-09T12:25:14.023+0000] {dag.py:3036} INFO - Sync 1 DAGs
[2026-01-09T12:25:14.065+0000] {logging_mixin.py:188} INFO - [2026-01-09T12:25:14.065+0000] {dag.py:3823} INFO - Setting next_dagrun for example_xcom to 2021-01-01 00:00:00+00:00, run_after=2021-01-01 00:00:00+00:00
[2026-01-09T12:25:14.111+0000] {processor.py:183} INFO - Processing /home/airflow/.local/lib/python3.8/site-packages/airflow/example_dags/example_xcom.py took 0.153 seconds
[2026-01-09T12:25:44.690+0000] {processor.py:161} INFO - Started process (PID=8421) to work on /home/airflow/.local/lib/python3.8/site-packages/airflow/example_dags/example_xcom.py
[2026-01-09T12:25:44.692+0000] {processor.py:830} INFO - Processing file /home/airflow/.local/lib/python3.8/site-packages/airflow/example_dags/example_xcom.py for tasks to queue
[2026-01-09T12:25:44.694+0000] {logging_mixin.py:188} INFO - [2026-01-09T12:25:44.693+0000] {dagbag.py:538} INFO - Filling up the DagBag from /home/airflow/.local/lib/python3.8/site-packages/airflow/example_dags/example_xcom.py
[2026-01-09T12:25:44.707+0000] {processor.py:840} INFO - DAG(s) 'example_xcom' retrieved from /home/airflow/.local/lib/python3.8/site-packages/airflow/example_dags/example_xcom.py
[2026-01-09T12:25:44.746+0000] {logging_mixin.py:188} INFO - [2026-01-09T12:25:44.746+0000] {dag.py:3036} INFO - Sync 1 DAGs
[2026-01-09T12:25:44.781+0000] {logging_mixin.py:188} INFO - [2026-01-09T12:25:44.780+0000] {dag.py:3823} INFO - Setting next_dagrun for example_xcom to 2021-01-01 00:00:00+00:00, run_after=2021-01-01 00:00:00+00:00
[2026-01-09T12:25:44.842+0000] {processor.py:183} INFO - Processing /home/airflow/.local/lib/python3.8/site-packages/airflow/example_dags/example_xcom.py took 0.158 seconds
[2026-01-09T12:26:15.334+0000] {processor.py:161} INFO - Started process (PID=8663) to work on /home/airflow/.local/lib/python3.8/site-packages/airflow/example_dags/example_xcom.py
[2026-01-09T12:26:15.349+0000] {processor.py:830} INFO - Processing file /home/airflow/.local/lib/python3.8/site-packages/airflow/example_dags/example_xcom.py for tasks to queue
[2026-01-09T12:26:15.352+0000] {logging_mixin.py:188} INFO - [2026-01-09T12:26:15.351+0000] {dagbag.py:538} INFO - Filling up the DagBag from /home/airflow/.local/lib/python3.8/site-packages/airflow/example_dags/example_xcom.py
[2026-01-09T12:26:15.373+0000] {processor.py:840} INFO - DAG(s) 'example_xcom' retrieved from /home/airflow/.local/lib/python3.8/site-packages/airflow/example_dags/example_xcom.py
[2026-01-09T12:26:15.429+0000] {logging_mixin.py:188} INFO - [2026-01-09T12:26:15.428+0000] {dag.py:3036} INFO - Sync 1 DAGs
[2026-01-09T12:26:15.475+0000] {logging_mixin.py:188} INFO - [2026-01-09T12:26:15.475+0000] {dag.py:3823} INFO - Setting next_dagrun for example_xcom to 2021-01-01 00:00:00+00:00, run_after=2021-01-01 00:00:00+00:00
[2026-01-09T12:26:15.531+0000] {processor.py:183} INFO - Processing /home/airflow/.local/lib/python3.8/site-packages/airflow/example_dags/example_xcom.py took 0.205 seconds
[2026-01-09T12:26:45.670+0000] {processor.py:161} INFO - Started process (PID=8904) to work on /home/airflow/.local/lib/python3.8/site-packages/airflow/example_dags/example_xcom.py
[2026-01-09T12:26:45.672+0000] {processor.py:830} INFO - Processing file /home/airflow/.local/lib/python3.8/site-packages/airflow/example_dags/example_xcom.py for tasks to queue
[2026-01-09T12:26:45.674+0000] {logging_mixin.py:188} INFO - [2026-01-09T12:26:45.673+0000] {dagbag.py:538} INFO - Filling up the DagBag from /home/airflow/.local/lib/python3.8/site-packages/airflow/example_dags/example_xcom.py
[2026-01-09T12:26:45.689+0000] {processor.py:840} INFO - DAG(s) 'example_xcom' retrieved from /home/airflow/.local/lib/python3.8/site-packages/airflow/example_dags/example_xcom.py
[2026-01-09T12:26:45.739+0000] {logging_mixin.py:188} INFO - [2026-01-09T12:26:45.739+0000] {dag.py:3036} INFO - Sync 1 DAGs
[2026-01-09T12:26:45.785+0000] {logging_mixin.py:188} INFO - [2026-01-09T12:26:45.785+0000] {dag.py:3823} INFO - Setting next_dagrun for example_xcom to 2021-01-01 00:00:00+00:00, run_after=2021-01-01 00:00:00+00:00
[2026-01-09T12:26:45.832+0000] {processor.py:183} INFO - Processing /home/airflow/.local/lib/python3.8/site-packages/airflow/example_dags/example_xcom.py took 0.168 seconds
[2026-01-09T12:27:16.486+0000] {processor.py:161} INFO - Started process (PID=9151) to work on /home/airflow/.local/lib/python3.8/site-packages/airflow/example_dags/example_xcom.py
[2026-01-09T12:27:16.488+0000] {processor.py:830} INFO - Processing file /home/airflow/.local/lib/python3.8/site-packages/airflow/example_dags/example_xcom.py for tasks to queue
[2026-01-09T12:27:16.490+0000] {logging_mixin.py:188} INFO - [2026-01-09T12:27:16.490+0000] {dagbag.py:538} INFO - Filling up the DagBag from /home/airflow/.local/lib/python3.8/site-packages/airflow/example_dags/example_xcom.py
[2026-01-09T12:27:16.508+0000] {processor.py:840} INFO - DAG(s) 'example_xcom' retrieved from /home/airflow/.local/lib/python3.8/site-packages/airflow/example_dags/example_xcom.py
[2026-01-09T12:27:16.554+0000] {logging_mixin.py:188} INFO - [2026-01-09T12:27:16.553+0000] {dag.py:3036} INFO - Sync 1 DAGs
[2026-01-09T12:27:16.594+0000] {logging_mixin.py:188} INFO - [2026-01-09T12:27:16.594+0000] {dag.py:3823} INFO - Setting next_dagrun for example_xcom to 2021-01-01 00:00:00+00:00, run_after=2021-01-01 00:00:00+00:00
[2026-01-09T12:27:16.638+0000] {processor.py:183} INFO - Processing /home/airflow/.local/lib/python3.8/site-packages/airflow/example_dags/example_xcom.py took 0.160 seconds
[2026-01-09T12:27:47.195+0000] {processor.py:161} INFO - Started process (PID=9398) to work on /home/airflow/.local/lib/python3.8/site-packages/airflow/example_dags/example_xcom.py
[2026-01-09T12:27:47.198+0000] {processor.py:830} INFO - Processing file /home/airflow/.local/lib/python3.8/site-packages/airflow/example_dags/example_xcom.py for tasks to queue
[2026-01-09T12:27:47.199+0000] {logging_mixin.py:188} INFO - [2026-01-09T12:27:47.199+0000] {dagbag.py:538} INFO - Filling up the DagBag from /home/airflow/.local/lib/python3.8/site-packages/airflow/example_dags/example_xcom.py
[2026-01-09T12:27:47.213+0000] {processor.py:840} INFO - DAG(s) 'example_xcom' retrieved from /home/airflow/.local/lib/python3.8/site-packages/airflow/example_dags/example_xcom.py
[2026-01-09T12:27:47.254+0000] {logging_mixin.py:188} INFO - [2026-01-09T12:27:47.254+0000] {dag.py:3036} INFO - Sync 1 DAGs
[2026-01-09T12:27:47.291+0000] {logging_mixin.py:188} INFO - [2026-01-09T12:27:47.290+0000] {dag.py:3823} INFO - Setting next_dagrun for example_xcom to 2021-01-01 00:00:00+00:00, run_after=2021-01-01 00:00:00+00:00
[2026-01-09T12:27:47.339+0000] {processor.py:183} INFO - Processing /home/airflow/.local/lib/python3.8/site-packages/airflow/example_dags/example_xcom.py took 0.150 seconds
[2026-01-09T12:28:18.038+0000] {processor.py:161} INFO - Started process (PID=9647) to work on /home/airflow/.local/lib/python3.8/site-packages/airflow/example_dags/example_xcom.py
[2026-01-09T12:28:18.040+0000] {processor.py:830} INFO - Processing file /home/airflow/.local/lib/python3.8/site-packages/airflow/example_dags/example_xcom.py for tasks to queue
[2026-01-09T12:28:18.041+0000] {logging_mixin.py:188} INFO - [2026-01-09T12:28:18.041+0000] {dagbag.py:538} INFO - Filling up the DagBag from /home/airflow/.local/lib/python3.8/site-packages/airflow/example_dags/example_xcom.py
[2026-01-09T12:28:18.053+0000] {processor.py:840} INFO - DAG(s) 'example_xcom' retrieved from /home/airflow/.local/lib/python3.8/site-packages/airflow/example_dags/example_xcom.py
[2026-01-09T12:28:18.094+0000] {logging_mixin.py:188} INFO - [2026-01-09T12:28:18.093+0000] {dag.py:3036} INFO - Sync 1 DAGs
[2026-01-09T12:28:18.136+0000] {logging_mixin.py:188} INFO - [2026-01-09T12:28:18.136+0000] {dag.py:3823} INFO - Setting next_dagrun for example_xcom to 2021-01-01 00:00:00+00:00, run_after=2021-01-01 00:00:00+00:00
[2026-01-09T12:28:18.180+0000] {processor.py:183} INFO - Processing /home/airflow/.local/lib/python3.8/site-packages/airflow/example_dags/example_xcom.py took 0.148 seconds
[2026-01-09T12:28:49.251+0000] {processor.py:161} INFO - Started process (PID=9892) to work on /home/airflow/.local/lib/python3.8/site-packages/airflow/example_dags/example_xcom.py
[2026-01-09T12:28:49.257+0000] {processor.py:830} INFO - Processing file /home/airflow/.local/lib/python3.8/site-packages/airflow/example_dags/example_xcom.py for tasks to queue
[2026-01-09T12:28:49.260+0000] {logging_mixin.py:188} INFO - [2026-01-09T12:28:49.259+0000] {dagbag.py:538} INFO - Filling up the DagBag from /home/airflow/.local/lib/python3.8/site-packages/airflow/example_dags/example_xcom.py
[2026-01-09T12:28:49.283+0000] {processor.py:840} INFO - DAG(s) 'example_xcom' retrieved from /home/airflow/.local/lib/python3.8/site-packages/airflow/example_dags/example_xcom.py
[2026-01-09T12:28:49.332+0000] {logging_mixin.py:188} INFO - [2026-01-09T12:28:49.332+0000] {dag.py:3036} INFO - Sync 1 DAGs
[2026-01-09T12:28:49.382+0000] {logging_mixin.py:188} INFO - [2026-01-09T12:28:49.381+0000] {dag.py:3823} INFO - Setting next_dagrun for example_xcom to 2021-01-01 00:00:00+00:00, run_after=2021-01-01 00:00:00+00:00
[2026-01-09T12:28:49.460+0000] {processor.py:183} INFO - Processing /home/airflow/.local/lib/python3.8/site-packages/airflow/example_dags/example_xcom.py took 0.216 seconds
[2026-01-09T12:29:20.274+0000] {processor.py:161} INFO - Started process (PID=10144) to work on /home/airflow/.local/lib/python3.8/site-packages/airflow/example_dags/example_xcom.py
[2026-01-09T12:29:20.277+0000] {processor.py:830} INFO - Processing file /home/airflow/.local/lib/python3.8/site-packages/airflow/example_dags/example_xcom.py for tasks to queue
[2026-01-09T12:29:20.279+0000] {logging_mixin.py:188} INFO - [2026-01-09T12:29:20.278+0000] {dagbag.py:538} INFO - Filling up the DagBag from /home/airflow/.local/lib/python3.8/site-packages/airflow/example_dags/example_xcom.py
[2026-01-09T12:29:20.294+0000] {processor.py:840} INFO - DAG(s) 'example_xcom' retrieved from /home/airflow/.local/lib/python3.8/site-packages/airflow/example_dags/example_xcom.py
[2026-01-09T12:29:20.335+0000] {logging_mixin.py:188} INFO - [2026-01-09T12:29:20.334+0000] {dag.py:3036} INFO - Sync 1 DAGs
[2026-01-09T12:29:20.376+0000] {logging_mixin.py:188} INFO - [2026-01-09T12:29:20.376+0000] {dag.py:3823} INFO - Setting next_dagrun for example_xcom to 2021-01-01 00:00:00+00:00, run_after=2021-01-01 00:00:00+00:00
[2026-01-09T12:29:20.422+0000] {processor.py:183} INFO - Processing /home/airflow/.local/lib/python3.8/site-packages/airflow/example_dags/example_xcom.py took 0.153 seconds
[2026-01-09T12:29:51.034+0000] {processor.py:161} INFO - Started process (PID=10391) to work on /home/airflow/.local/lib/python3.8/site-packages/airflow/example_dags/example_xcom.py
[2026-01-09T12:29:51.036+0000] {processor.py:830} INFO - Processing file /home/airflow/.local/lib/python3.8/site-packages/airflow/example_dags/example_xcom.py for tasks to queue
[2026-01-09T12:29:51.038+0000] {logging_mixin.py:188} INFO - [2026-01-09T12:29:51.037+0000] {dagbag.py:538} INFO - Filling up the DagBag from /home/airflow/.local/lib/python3.8/site-packages/airflow/example_dags/example_xcom.py
[2026-01-09T12:29:51.058+0000] {processor.py:840} INFO - DAG(s) 'example_xcom' retrieved from /home/airflow/.local/lib/python3.8/site-packages/airflow/example_dags/example_xcom.py
[2026-01-09T12:29:51.106+0000] {logging_mixin.py:188} INFO - [2026-01-09T12:29:51.105+0000] {dag.py:3036} INFO - Sync 1 DAGs
[2026-01-09T12:29:51.166+0000] {logging_mixin.py:188} INFO - [2026-01-09T12:29:51.165+0000] {dag.py:3823} INFO - Setting next_dagrun for example_xcom to 2021-01-01 00:00:00+00:00, run_after=2021-01-01 00:00:00+00:00
[2026-01-09T12:29:51.227+0000] {processor.py:183} INFO - Processing /home/airflow/.local/lib/python3.8/site-packages/airflow/example_dags/example_xcom.py took 0.201 seconds
[2026-01-09T12:30:22.166+0000] {processor.py:161} INFO - Started process (PID=10641) to work on /home/airflow/.local/lib/python3.8/site-packages/airflow/example_dags/example_xcom.py
[2026-01-09T12:30:22.168+0000] {processor.py:830} INFO - Processing file /home/airflow/.local/lib/python3.8/site-packages/airflow/example_dags/example_xcom.py for tasks to queue
[2026-01-09T12:30:22.171+0000] {logging_mixin.py:188} INFO - [2026-01-09T12:30:22.170+0000] {dagbag.py:538} INFO - Filling up the DagBag from /home/airflow/.local/lib/python3.8/site-packages/airflow/example_dags/example_xcom.py
[2026-01-09T12:30:22.184+0000] {processor.py:840} INFO - DAG(s) 'example_xcom' retrieved from /home/airflow/.local/lib/python3.8/site-packages/airflow/example_dags/example_xcom.py
[2026-01-09T12:30:22.236+0000] {logging_mixin.py:188} INFO - [2026-01-09T12:30:22.236+0000] {dag.py:3036} INFO - Sync 1 DAGs
[2026-01-09T12:30:22.279+0000] {logging_mixin.py:188} INFO - [2026-01-09T12:30:22.278+0000] {dag.py:3823} INFO - Setting next_dagrun for example_xcom to 2021-01-01 00:00:00+00:00, run_after=2021-01-01 00:00:00+00:00
[2026-01-09T12:30:22.325+0000] {processor.py:183} INFO - Processing /home/airflow/.local/lib/python3.8/site-packages/airflow/example_dags/example_xcom.py took 0.167 seconds
[2026-01-09T12:30:52.940+0000] {processor.py:161} INFO - Started process (PID=10888) to work on /home/airflow/.local/lib/python3.8/site-packages/airflow/example_dags/example_xcom.py
[2026-01-09T12:30:52.942+0000] {processor.py:830} INFO - Processing file /home/airflow/.local/lib/python3.8/site-packages/airflow/example_dags/example_xcom.py for tasks to queue
[2026-01-09T12:30:52.944+0000] {logging_mixin.py:188} INFO - [2026-01-09T12:30:52.944+0000] {dagbag.py:538} INFO - Filling up the DagBag from /home/airflow/.local/lib/python3.8/site-packages/airflow/example_dags/example_xcom.py
[2026-01-09T12:30:52.959+0000] {processor.py:840} INFO - DAG(s) 'example_xcom' retrieved from /home/airflow/.local/lib/python3.8/site-packages/airflow/example_dags/example_xcom.py
[2026-01-09T12:30:53.003+0000] {logging_mixin.py:188} INFO - [2026-01-09T12:30:53.002+0000] {dag.py:3036} INFO - Sync 1 DAGs
[2026-01-09T12:30:53.045+0000] {logging_mixin.py:188} INFO - [2026-01-09T12:30:53.045+0000] {dag.py:3823} INFO - Setting next_dagrun for example_xcom to 2021-01-01 00:00:00+00:00, run_after=2021-01-01 00:00:00+00:00
[2026-01-09T12:30:53.134+0000] {processor.py:183} INFO - Processing /home/airflow/.local/lib/python3.8/site-packages/airflow/example_dags/example_xcom.py took 0.201 seconds
[2026-01-09T12:31:24.007+0000] {processor.py:161} INFO - Started process (PID=11140) to work on /home/airflow/.local/lib/python3.8/site-packages/airflow/example_dags/example_xcom.py
[2026-01-09T12:31:24.008+0000] {processor.py:830} INFO - Processing file /home/airflow/.local/lib/python3.8/site-packages/airflow/example_dags/example_xcom.py for tasks to queue
[2026-01-09T12:31:24.010+0000] {logging_mixin.py:188} INFO - [2026-01-09T12:31:24.009+0000] {dagbag.py:538} INFO - Filling up the DagBag from /home/airflow/.local/lib/python3.8/site-packages/airflow/example_dags/example_xcom.py
[2026-01-09T12:31:24.024+0000] {processor.py:840} INFO - DAG(s) 'example_xcom' retrieved from /home/airflow/.local/lib/python3.8/site-packages/airflow/example_dags/example_xcom.py
[2026-01-09T12:31:24.067+0000] {logging_mixin.py:188} INFO - [2026-01-09T12:31:24.067+0000] {dag.py:3036} INFO - Sync 1 DAGs
[2026-01-09T12:31:24.104+0000] {logging_mixin.py:188} INFO - [2026-01-09T12:31:24.104+0000] {dag.py:3823} INFO - Setting next_dagrun for example_xcom to 2021-01-01 00:00:00+00:00, run_after=2021-01-01 00:00:00+00:00
[2026-01-09T12:31:24.146+0000] {processor.py:183} INFO - Processing /home/airflow/.local/lib/python3.8/site-packages/airflow/example_dags/example_xcom.py took 0.147 seconds
[2026-01-09T12:31:54.642+0000] {processor.py:161} INFO - Started process (PID=11387) to work on /home/airflow/.local/lib/python3.8/site-packages/airflow/example_dags/example_xcom.py
[2026-01-09T12:31:54.648+0000] {processor.py:830} INFO - Processing file /home/airflow/.local/lib/python3.8/site-packages/airflow/example_dags/example_xcom.py for tasks to queue
[2026-01-09T12:31:54.651+0000] {logging_mixin.py:188} INFO - [2026-01-09T12:31:54.650+0000] {dagbag.py:538} INFO - Filling up the DagBag from /home/airflow/.local/lib/python3.8/site-packages/airflow/example_dags/example_xcom.py
[2026-01-09T12:31:54.668+0000] {processor.py:840} INFO - DAG(s) 'example_xcom' retrieved from /home/airflow/.local/lib/python3.8/site-packages/airflow/example_dags/example_xcom.py
[2026-01-09T12:31:54.709+0000] {logging_mixin.py:188} INFO - [2026-01-09T12:31:54.708+0000] {dag.py:3036} INFO - Sync 1 DAGs
[2026-01-09T12:31:54.748+0000] {logging_mixin.py:188} INFO - [2026-01-09T12:31:54.748+0000] {dag.py:3823} INFO - Setting next_dagrun for example_xcom to 2021-01-01 00:00:00+00:00, run_after=2021-01-01 00:00:00+00:00
[2026-01-09T12:31:54.797+0000] {processor.py:183} INFO - Processing /home/airflow/.local/lib/python3.8/site-packages/airflow/example_dags/example_xcom.py took 0.161 seconds
[2026-01-09T12:32:25.586+0000] {processor.py:161} INFO - Started process (PID=11634) to work on /home/airflow/.local/lib/python3.8/site-packages/airflow/example_dags/example_xcom.py
[2026-01-09T12:32:25.597+0000] {processor.py:830} INFO - Processing file /home/airflow/.local/lib/python3.8/site-packages/airflow/example_dags/example_xcom.py for tasks to queue
[2026-01-09T12:32:25.599+0000] {logging_mixin.py:188} INFO - [2026-01-09T12:32:25.599+0000] {dagbag.py:538} INFO - Filling up the DagBag from /home/airflow/.local/lib/python3.8/site-packages/airflow/example_dags/example_xcom.py
[2026-01-09T12:32:25.619+0000] {processor.py:840} INFO - DAG(s) 'example_xcom' retrieved from /home/airflow/.local/lib/python3.8/site-packages/airflow/example_dags/example_xcom.py
[2026-01-09T12:32:25.678+0000] {logging_mixin.py:188} INFO - [2026-01-09T12:32:25.678+0000] {dag.py:3036} INFO - Sync 1 DAGs
[2026-01-09T12:32:25.733+0000] {logging_mixin.py:188} INFO - [2026-01-09T12:32:25.732+0000] {dag.py:3823} INFO - Setting next_dagrun for example_xcom to 2021-01-01 00:00:00+00:00, run_after=2021-01-01 00:00:00+00:00
[2026-01-09T12:32:25.792+0000] {processor.py:183} INFO - Processing /home/airflow/.local/lib/python3.8/site-packages/airflow/example_dags/example_xcom.py took 0.215 seconds
[2026-01-09T12:32:56.210+0000] {processor.py:161} INFO - Started process (PID=11881) to work on /home/airflow/.local/lib/python3.8/site-packages/airflow/example_dags/example_xcom.py
[2026-01-09T12:32:56.212+0000] {processor.py:830} INFO - Processing file /home/airflow/.local/lib/python3.8/site-packages/airflow/example_dags/example_xcom.py for tasks to queue
[2026-01-09T12:32:56.213+0000] {logging_mixin.py:188} INFO - [2026-01-09T12:32:56.212+0000] {dagbag.py:538} INFO - Filling up the DagBag from /home/airflow/.local/lib/python3.8/site-packages/airflow/example_dags/example_xcom.py
[2026-01-09T12:32:56.225+0000] {processor.py:840} INFO - DAG(s) 'example_xcom' retrieved from /home/airflow/.local/lib/python3.8/site-packages/airflow/example_dags/example_xcom.py
[2026-01-09T12:32:56.268+0000] {logging_mixin.py:188} INFO - [2026-01-09T12:32:56.267+0000] {dag.py:3036} INFO - Sync 1 DAGs
[2026-01-09T12:32:56.304+0000] {logging_mixin.py:188} INFO - [2026-01-09T12:32:56.303+0000] {dag.py:3823} INFO - Setting next_dagrun for example_xcom to 2021-01-01 00:00:00+00:00, run_after=2021-01-01 00:00:00+00:00
[2026-01-09T12:32:56.356+0000] {processor.py:183} INFO - Processing /home/airflow/.local/lib/python3.8/site-packages/airflow/example_dags/example_xcom.py took 0.151 seconds
[2026-01-09T12:33:26.765+0000] {processor.py:161} INFO - Started process (PID=12128) to work on /home/airflow/.local/lib/python3.8/site-packages/airflow/example_dags/example_xcom.py
[2026-01-09T12:33:26.770+0000] {processor.py:830} INFO - Processing file /home/airflow/.local/lib/python3.8/site-packages/airflow/example_dags/example_xcom.py for tasks to queue
[2026-01-09T12:33:26.772+0000] {logging_mixin.py:188} INFO - [2026-01-09T12:33:26.771+0000] {dagbag.py:538} INFO - Filling up the DagBag from /home/airflow/.local/lib/python3.8/site-packages/airflow/example_dags/example_xcom.py
[2026-01-09T12:33:26.794+0000] {processor.py:840} INFO - DAG(s) 'example_xcom' retrieved from /home/airflow/.local/lib/python3.8/site-packages/airflow/example_dags/example_xcom.py
[2026-01-09T12:33:26.846+0000] {logging_mixin.py:188} INFO - [2026-01-09T12:33:26.846+0000] {dag.py:3036} INFO - Sync 1 DAGs
[2026-01-09T12:33:26.889+0000] {logging_mixin.py:188} INFO - [2026-01-09T12:33:26.888+0000] {dag.py:3823} INFO - Setting next_dagrun for example_xcom to 2021-01-01 00:00:00+00:00, run_after=2021-01-01 00:00:00+00:00
[2026-01-09T12:33:26.932+0000] {processor.py:183} INFO - Processing /home/airflow/.local/lib/python3.8/site-packages/airflow/example_dags/example_xcom.py took 0.178 seconds
[2026-01-09T12:33:57.649+0000] {processor.py:161} INFO - Started process (PID=12375) to work on /home/airflow/.local/lib/python3.8/site-packages/airflow/example_dags/example_xcom.py
[2026-01-09T12:33:57.651+0000] {processor.py:830} INFO - Processing file /home/airflow/.local/lib/python3.8/site-packages/airflow/example_dags/example_xcom.py for tasks to queue
[2026-01-09T12:33:57.653+0000] {logging_mixin.py:188} INFO - [2026-01-09T12:33:57.652+0000] {dagbag.py:538} INFO - Filling up the DagBag from /home/airflow/.local/lib/python3.8/site-packages/airflow/example_dags/example_xcom.py
[2026-01-09T12:33:57.672+0000] {processor.py:840} INFO - DAG(s) 'example_xcom' retrieved from /home/airflow/.local/lib/python3.8/site-packages/airflow/example_dags/example_xcom.py
[2026-01-09T12:33:57.723+0000] {logging_mixin.py:188} INFO - [2026-01-09T12:33:57.722+0000] {dag.py:3036} INFO - Sync 1 DAGs
[2026-01-09T12:33:57.770+0000] {logging_mixin.py:188} INFO - [2026-01-09T12:33:57.769+0000] {dag.py:3823} INFO - Setting next_dagrun for example_xcom to 2021-01-01 00:00:00+00:00, run_after=2021-01-01 00:00:00+00:00
[2026-01-09T12:33:57.816+0000] {processor.py:183} INFO - Processing /home/airflow/.local/lib/python3.8/site-packages/airflow/example_dags/example_xcom.py took 0.174 seconds
[2026-01-09T12:34:28.178+0000] {processor.py:161} INFO - Started process (PID=12622) to work on /home/airflow/.local/lib/python3.8/site-packages/airflow/example_dags/example_xcom.py
[2026-01-09T12:34:28.181+0000] {processor.py:830} INFO - Processing file /home/airflow/.local/lib/python3.8/site-packages/airflow/example_dags/example_xcom.py for tasks to queue
[2026-01-09T12:34:28.183+0000] {logging_mixin.py:188} INFO - [2026-01-09T12:34:28.182+0000] {dagbag.py:538} INFO - Filling up the DagBag from /home/airflow/.local/lib/python3.8/site-packages/airflow/example_dags/example_xcom.py
[2026-01-09T12:34:28.200+0000] {processor.py:840} INFO - DAG(s) 'example_xcom' retrieved from /home/airflow/.local/lib/python3.8/site-packages/airflow/example_dags/example_xcom.py
[2026-01-09T12:34:28.245+0000] {logging_mixin.py:188} INFO - [2026-01-09T12:34:28.244+0000] {dag.py:3036} INFO - Sync 1 DAGs
[2026-01-09T12:34:28.283+0000] {logging_mixin.py:188} INFO - [2026-01-09T12:34:28.283+0000] {dag.py:3823} INFO - Setting next_dagrun for example_xcom to 2021-01-01 00:00:00+00:00, run_after=2021-01-01 00:00:00+00:00
[2026-01-09T12:34:28.335+0000] {processor.py:183} INFO - Processing /home/airflow/.local/lib/python3.8/site-packages/airflow/example_dags/example_xcom.py took 0.165 seconds
[2026-01-09T12:34:58.770+0000] {processor.py:161} INFO - Started process (PID=12869) to work on /home/airflow/.local/lib/python3.8/site-packages/airflow/example_dags/example_xcom.py
[2026-01-09T12:34:58.772+0000] {processor.py:830} INFO - Processing file /home/airflow/.local/lib/python3.8/site-packages/airflow/example_dags/example_xcom.py for tasks to queue
[2026-01-09T12:34:58.774+0000] {logging_mixin.py:188} INFO - [2026-01-09T12:34:58.773+0000] {dagbag.py:538} INFO - Filling up the DagBag from /home/airflow/.local/lib/python3.8/site-packages/airflow/example_dags/example_xcom.py
[2026-01-09T12:34:58.789+0000] {processor.py:840} INFO - DAG(s) 'example_xcom' retrieved from /home/airflow/.local/lib/python3.8/site-packages/airflow/example_dags/example_xcom.py
[2026-01-09T12:34:58.832+0000] {logging_mixin.py:188} INFO - [2026-01-09T12:34:58.831+0000] {dag.py:3036} INFO - Sync 1 DAGs
[2026-01-09T12:34:58.869+0000] {logging_mixin.py:188} INFO - [2026-01-09T12:34:58.868+0000] {dag.py:3823} INFO - Setting next_dagrun for example_xcom to 2021-01-01 00:00:00+00:00, run_after=2021-01-01 00:00:00+00:00
[2026-01-09T12:34:58.908+0000] {processor.py:183} INFO - Processing /home/airflow/.local/lib/python3.8/site-packages/airflow/example_dags/example_xcom.py took 0.147 seconds
[2026-01-09T12:35:29.276+0000] {processor.py:161} INFO - Started process (PID=13116) to work on /home/airflow/.local/lib/python3.8/site-packages/airflow/example_dags/example_xcom.py
[2026-01-09T12:35:29.278+0000] {processor.py:830} INFO - Processing file /home/airflow/.local/lib/python3.8/site-packages/airflow/example_dags/example_xcom.py for tasks to queue
[2026-01-09T12:35:29.280+0000] {logging_mixin.py:188} INFO - [2026-01-09T12:35:29.279+0000] {dagbag.py:538} INFO - Filling up the DagBag from /home/airflow/.local/lib/python3.8/site-packages/airflow/example_dags/example_xcom.py
[2026-01-09T12:35:29.293+0000] {processor.py:840} INFO - DAG(s) 'example_xcom' retrieved from /home/airflow/.local/lib/python3.8/site-packages/airflow/example_dags/example_xcom.py
[2026-01-09T12:35:29.341+0000] {logging_mixin.py:188} INFO - [2026-01-09T12:35:29.340+0000] {dag.py:3036} INFO - Sync 1 DAGs
[2026-01-09T12:35:29.384+0000] {logging_mixin.py:188} INFO - [2026-01-09T12:35:29.383+0000] {dag.py:3823} INFO - Setting next_dagrun for example_xcom to 2021-01-01 00:00:00+00:00, run_after=2021-01-01 00:00:00+00:00
[2026-01-09T12:35:29.434+0000] {processor.py:183} INFO - Processing /home/airflow/.local/lib/python3.8/site-packages/airflow/example_dags/example_xcom.py took 0.164 seconds
[2026-01-09T12:36:00.142+0000] {processor.py:161} INFO - Started process (PID=13363) to work on /home/airflow/.local/lib/python3.8/site-packages/airflow/example_dags/example_xcom.py
[2026-01-09T12:36:00.144+0000] {processor.py:830} INFO - Processing file /home/airflow/.local/lib/python3.8/site-packages/airflow/example_dags/example_xcom.py for tasks to queue
[2026-01-09T12:36:00.147+0000] {logging_mixin.py:188} INFO - [2026-01-09T12:36:00.146+0000] {dagbag.py:538} INFO - Filling up the DagBag from /home/airflow/.local/lib/python3.8/site-packages/airflow/example_dags/example_xcom.py
[2026-01-09T12:36:00.165+0000] {processor.py:840} INFO - DAG(s) 'example_xcom' retrieved from /home/airflow/.local/lib/python3.8/site-packages/airflow/example_dags/example_xcom.py
[2026-01-09T12:36:00.220+0000] {logging_mixin.py:188} INFO - [2026-01-09T12:36:00.220+0000] {dag.py:3036} INFO - Sync 1 DAGs
[2026-01-09T12:36:00.275+0000] {logging_mixin.py:188} INFO - [2026-01-09T12:36:00.274+0000] {dag.py:3823} INFO - Setting next_dagrun for example_xcom to 2021-01-01 00:00:00+00:00, run_after=2021-01-01 00:00:00+00:00
[2026-01-09T12:36:00.332+0000] {processor.py:183} INFO - Processing /home/airflow/.local/lib/python3.8/site-packages/airflow/example_dags/example_xcom.py took 0.197 seconds
[2026-01-09T12:36:30.756+0000] {processor.py:161} INFO - Started process (PID=13610) to work on /home/airflow/.local/lib/python3.8/site-packages/airflow/example_dags/example_xcom.py
[2026-01-09T12:36:30.759+0000] {processor.py:830} INFO - Processing file /home/airflow/.local/lib/python3.8/site-packages/airflow/example_dags/example_xcom.py for tasks to queue
[2026-01-09T12:36:30.760+0000] {logging_mixin.py:188} INFO - [2026-01-09T12:36:30.760+0000] {dagbag.py:538} INFO - Filling up the DagBag from /home/airflow/.local/lib/python3.8/site-packages/airflow/example_dags/example_xcom.py
[2026-01-09T12:36:30.775+0000] {processor.py:840} INFO - DAG(s) 'example_xcom' retrieved from /home/airflow/.local/lib/python3.8/site-packages/airflow/example_dags/example_xcom.py
[2026-01-09T12:36:30.817+0000] {logging_mixin.py:188} INFO - [2026-01-09T12:36:30.816+0000] {dag.py:3036} INFO - Sync 1 DAGs
[2026-01-09T12:36:30.860+0000] {logging_mixin.py:188} INFO - [2026-01-09T12:36:30.859+0000] {dag.py:3823} INFO - Setting next_dagrun for example_xcom to 2021-01-01 00:00:00+00:00, run_after=2021-01-01 00:00:00+00:00
[2026-01-09T12:36:30.924+0000] {processor.py:183} INFO - Processing /home/airflow/.local/lib/python3.8/site-packages/airflow/example_dags/example_xcom.py took 0.174 seconds
[2026-01-09T12:37:01.017+0000] {processor.py:161} INFO - Started process (PID=13857) to work on /home/airflow/.local/lib/python3.8/site-packages/airflow/example_dags/example_xcom.py
[2026-01-09T12:37:01.018+0000] {processor.py:830} INFO - Processing file /home/airflow/.local/lib/python3.8/site-packages/airflow/example_dags/example_xcom.py for tasks to queue
[2026-01-09T12:37:01.020+0000] {logging_mixin.py:188} INFO - [2026-01-09T12:37:01.019+0000] {dagbag.py:538} INFO - Filling up the DagBag from /home/airflow/.local/lib/python3.8/site-packages/airflow/example_dags/example_xcom.py
[2026-01-09T12:37:01.034+0000] {processor.py:840} INFO - DAG(s) 'example_xcom' retrieved from /home/airflow/.local/lib/python3.8/site-packages/airflow/example_dags/example_xcom.py
[2026-01-09T12:37:01.078+0000] {logging_mixin.py:188} INFO - [2026-01-09T12:37:01.077+0000] {dag.py:3036} INFO - Sync 1 DAGs
[2026-01-09T12:37:01.113+0000] {logging_mixin.py:188} INFO - [2026-01-09T12:37:01.112+0000] {dag.py:3823} INFO - Setting next_dagrun for example_xcom to 2021-01-01 00:00:00+00:00, run_after=2021-01-01 00:00:00+00:00
[2026-01-09T12:37:01.155+0000] {processor.py:183} INFO - Processing /home/airflow/.local/lib/python3.8/site-packages/airflow/example_dags/example_xcom.py took 0.145 seconds
[2026-01-09T12:37:31.498+0000] {processor.py:161} INFO - Started process (PID=14104) to work on /home/airflow/.local/lib/python3.8/site-packages/airflow/example_dags/example_xcom.py
[2026-01-09T12:37:31.503+0000] {processor.py:830} INFO - Processing file /home/airflow/.local/lib/python3.8/site-packages/airflow/example_dags/example_xcom.py for tasks to queue
[2026-01-09T12:37:31.504+0000] {logging_mixin.py:188} INFO - [2026-01-09T12:37:31.504+0000] {dagbag.py:538} INFO - Filling up the DagBag from /home/airflow/.local/lib/python3.8/site-packages/airflow/example_dags/example_xcom.py
[2026-01-09T12:37:31.518+0000] {processor.py:840} INFO - DAG(s) 'example_xcom' retrieved from /home/airflow/.local/lib/python3.8/site-packages/airflow/example_dags/example_xcom.py
[2026-01-09T12:37:31.563+0000] {logging_mixin.py:188} INFO - [2026-01-09T12:37:31.563+0000] {dag.py:3036} INFO - Sync 1 DAGs
[2026-01-09T12:37:31.608+0000] {logging_mixin.py:188} INFO - [2026-01-09T12:37:31.607+0000] {dag.py:3823} INFO - Setting next_dagrun for example_xcom to 2021-01-01 00:00:00+00:00, run_after=2021-01-01 00:00:00+00:00
[2026-01-09T12:37:31.658+0000] {processor.py:183} INFO - Processing /home/airflow/.local/lib/python3.8/site-packages/airflow/example_dags/example_xcom.py took 0.167 seconds
[2026-01-09T12:38:02.195+0000] {processor.py:161} INFO - Started process (PID=14351) to work on /home/airflow/.local/lib/python3.8/site-packages/airflow/example_dags/example_xcom.py
[2026-01-09T12:38:02.197+0000] {processor.py:830} INFO - Processing file /home/airflow/.local/lib/python3.8/site-packages/airflow/example_dags/example_xcom.py for tasks to queue
[2026-01-09T12:38:02.198+0000] {logging_mixin.py:188} INFO - [2026-01-09T12:38:02.198+0000] {dagbag.py:538} INFO - Filling up the DagBag from /home/airflow/.local/lib/python3.8/site-packages/airflow/example_dags/example_xcom.py
[2026-01-09T12:38:02.211+0000] {processor.py:840} INFO - DAG(s) 'example_xcom' retrieved from /home/airflow/.local/lib/python3.8/site-packages/airflow/example_dags/example_xcom.py
[2026-01-09T12:38:02.253+0000] {logging_mixin.py:188} INFO - [2026-01-09T12:38:02.252+0000] {dag.py:3036} INFO - Sync 1 DAGs
[2026-01-09T12:38:02.288+0000] {logging_mixin.py:188} INFO - [2026-01-09T12:38:02.288+0000] {dag.py:3823} INFO - Setting next_dagrun for example_xcom to 2021-01-01 00:00:00+00:00, run_after=2021-01-01 00:00:00+00:00
[2026-01-09T12:38:02.325+0000] {processor.py:183} INFO - Processing /home/airflow/.local/lib/python3.8/site-packages/airflow/example_dags/example_xcom.py took 0.136 seconds
[2026-01-09T12:38:32.594+0000] {processor.py:161} INFO - Started process (PID=14598) to work on /home/airflow/.local/lib/python3.8/site-packages/airflow/example_dags/example_xcom.py
[2026-01-09T12:38:32.599+0000] {processor.py:830} INFO - Processing file /home/airflow/.local/lib/python3.8/site-packages/airflow/example_dags/example_xcom.py for tasks to queue
[2026-01-09T12:38:32.600+0000] {logging_mixin.py:188} INFO - [2026-01-09T12:38:32.600+0000] {dagbag.py:538} INFO - Filling up the DagBag from /home/airflow/.local/lib/python3.8/site-packages/airflow/example_dags/example_xcom.py
[2026-01-09T12:38:32.611+0000] {processor.py:840} INFO - DAG(s) 'example_xcom' retrieved from /home/airflow/.local/lib/python3.8/site-packages/airflow/example_dags/example_xcom.py
[2026-01-09T12:38:32.650+0000] {logging_mixin.py:188} INFO - [2026-01-09T12:38:32.650+0000] {dag.py:3036} INFO - Sync 1 DAGs
[2026-01-09T12:38:32.683+0000] {logging_mixin.py:188} INFO - [2026-01-09T12:38:32.682+0000] {dag.py:3823} INFO - Setting next_dagrun for example_xcom to 2021-01-01 00:00:00+00:00, run_after=2021-01-01 00:00:00+00:00
[2026-01-09T12:38:32.724+0000] {processor.py:183} INFO - Processing /home/airflow/.local/lib/python3.8/site-packages/airflow/example_dags/example_xcom.py took 0.135 seconds
[2026-01-09T12:39:02.994+0000] {processor.py:161} INFO - Started process (PID=14845) to work on /home/airflow/.local/lib/python3.8/site-packages/airflow/example_dags/example_xcom.py
[2026-01-09T12:39:02.997+0000] {processor.py:830} INFO - Processing file /home/airflow/.local/lib/python3.8/site-packages/airflow/example_dags/example_xcom.py for tasks to queue
[2026-01-09T12:39:02.999+0000] {logging_mixin.py:188} INFO - [2026-01-09T12:39:02.998+0000] {dagbag.py:538} INFO - Filling up the DagBag from /home/airflow/.local/lib/python3.8/site-packages/airflow/example_dags/example_xcom.py
[2026-01-09T12:39:03.015+0000] {processor.py:840} INFO - DAG(s) 'example_xcom' retrieved from /home/airflow/.local/lib/python3.8/site-packages/airflow/example_dags/example_xcom.py
[2026-01-09T12:39:03.053+0000] {logging_mixin.py:188} INFO - [2026-01-09T12:39:03.052+0000] {dag.py:3036} INFO - Sync 1 DAGs
[2026-01-09T12:39:03.096+0000] {logging_mixin.py:188} INFO - [2026-01-09T12:39:03.095+0000] {dag.py:3823} INFO - Setting next_dagrun for example_xcom to 2021-01-01 00:00:00+00:00, run_after=2021-01-01 00:00:00+00:00
[2026-01-09T12:39:03.350+0000] {processor.py:183} INFO - Processing /home/airflow/.local/lib/python3.8/site-packages/airflow/example_dags/example_xcom.py took 0.364 seconds
[2026-01-09T12:39:34.177+0000] {processor.py:161} INFO - Started process (PID=15092) to work on /home/airflow/.local/lib/python3.8/site-packages/airflow/example_dags/example_xcom.py
[2026-01-09T12:39:34.182+0000] {processor.py:830} INFO - Processing file /home/airflow/.local/lib/python3.8/site-packages/airflow/example_dags/example_xcom.py for tasks to queue
[2026-01-09T12:39:34.184+0000] {logging_mixin.py:188} INFO - [2026-01-09T12:39:34.183+0000] {dagbag.py:538} INFO - Filling up the DagBag from /home/airflow/.local/lib/python3.8/site-packages/airflow/example_dags/example_xcom.py
[2026-01-09T12:39:34.197+0000] {processor.py:840} INFO - DAG(s) 'example_xcom' retrieved from /home/airflow/.local/lib/python3.8/site-packages/airflow/example_dags/example_xcom.py
[2026-01-09T12:39:34.243+0000] {logging_mixin.py:188} INFO - [2026-01-09T12:39:34.243+0000] {dag.py:3036} INFO - Sync 1 DAGs
[2026-01-09T12:39:34.277+0000] {logging_mixin.py:188} INFO - [2026-01-09T12:39:34.277+0000] {dag.py:3823} INFO - Setting next_dagrun for example_xcom to 2021-01-01 00:00:00+00:00, run_after=2021-01-01 00:00:00+00:00
[2026-01-09T12:39:34.323+0000] {processor.py:183} INFO - Processing /home/airflow/.local/lib/python3.8/site-packages/airflow/example_dags/example_xcom.py took 0.152 seconds
