[2026-01-09T12:08:56.551+0000] {processor.py:161} INFO - Started process (PID=314) to work on /home/airflow/.local/lib/python3.8/site-packages/airflow/example_dags/example_task_group.py
[2026-01-09T12:08:56.552+0000] {processor.py:830} INFO - Processing file /home/airflow/.local/lib/python3.8/site-packages/airflow/example_dags/example_task_group.py for tasks to queue
[2026-01-09T12:08:56.554+0000] {logging_mixin.py:188} INFO - [2026-01-09T12:08:56.553+0000] {dagbag.py:538} INFO - Filling up the DagBag from /home/airflow/.local/lib/python3.8/site-packages/airflow/example_dags/example_task_group.py
[2026-01-09T12:08:56.574+0000] {processor.py:840} INFO - DAG(s) 'example_task_group' retrieved from /home/airflow/.local/lib/python3.8/site-packages/airflow/example_dags/example_task_group.py
[2026-01-09T12:08:56.774+0000] {logging_mixin.py:188} INFO - [2026-01-09T12:08:56.774+0000] {dag.py:3036} INFO - Sync 1 DAGs
[2026-01-09T12:08:56.811+0000] {logging_mixin.py:188} INFO - [2026-01-09T12:08:56.811+0000] {dag.py:3823} INFO - Setting next_dagrun for example_task_group to 2026-01-08 00:00:00+00:00, run_after=2026-01-09 00:00:00+00:00
[2026-01-09T12:08:56.863+0000] {processor.py:183} INFO - Processing /home/airflow/.local/lib/python3.8/site-packages/airflow/example_dags/example_task_group.py took 0.320 seconds
[2026-01-09T12:09:27.103+0000] {processor.py:161} INFO - Started process (PID=561) to work on /home/airflow/.local/lib/python3.8/site-packages/airflow/example_dags/example_task_group.py
[2026-01-09T12:09:27.106+0000] {processor.py:830} INFO - Processing file /home/airflow/.local/lib/python3.8/site-packages/airflow/example_dags/example_task_group.py for tasks to queue
[2026-01-09T12:09:27.107+0000] {logging_mixin.py:188} INFO - [2026-01-09T12:09:27.107+0000] {dagbag.py:538} INFO - Filling up the DagBag from /home/airflow/.local/lib/python3.8/site-packages/airflow/example_dags/example_task_group.py
[2026-01-09T12:09:27.121+0000] {processor.py:840} INFO - DAG(s) 'example_task_group' retrieved from /home/airflow/.local/lib/python3.8/site-packages/airflow/example_dags/example_task_group.py
[2026-01-09T12:09:27.163+0000] {logging_mixin.py:188} INFO - [2026-01-09T12:09:27.163+0000] {dag.py:3036} INFO - Sync 1 DAGs
[2026-01-09T12:09:27.200+0000] {logging_mixin.py:188} INFO - [2026-01-09T12:09:27.199+0000] {dag.py:3823} INFO - Setting next_dagrun for example_task_group to 2026-01-08 00:00:00+00:00, run_after=2026-01-09 00:00:00+00:00
[2026-01-09T12:09:27.249+0000] {processor.py:183} INFO - Processing /home/airflow/.local/lib/python3.8/site-packages/airflow/example_dags/example_task_group.py took 0.153 seconds
[2026-01-09T12:09:57.569+0000] {processor.py:161} INFO - Started process (PID=806) to work on /home/airflow/.local/lib/python3.8/site-packages/airflow/example_dags/example_task_group.py
[2026-01-09T12:09:57.571+0000] {processor.py:830} INFO - Processing file /home/airflow/.local/lib/python3.8/site-packages/airflow/example_dags/example_task_group.py for tasks to queue
[2026-01-09T12:09:57.573+0000] {logging_mixin.py:188} INFO - [2026-01-09T12:09:57.572+0000] {dagbag.py:538} INFO - Filling up the DagBag from /home/airflow/.local/lib/python3.8/site-packages/airflow/example_dags/example_task_group.py
[2026-01-09T12:09:57.590+0000] {processor.py:840} INFO - DAG(s) 'example_task_group' retrieved from /home/airflow/.local/lib/python3.8/site-packages/airflow/example_dags/example_task_group.py
[2026-01-09T12:09:57.642+0000] {logging_mixin.py:188} INFO - [2026-01-09T12:09:57.642+0000] {dag.py:3036} INFO - Sync 1 DAGs
[2026-01-09T12:09:57.687+0000] {logging_mixin.py:188} INFO - [2026-01-09T12:09:57.686+0000] {dag.py:3823} INFO - Setting next_dagrun for example_task_group to 2026-01-08 00:00:00+00:00, run_after=2026-01-09 00:00:00+00:00
[2026-01-09T12:09:57.730+0000] {processor.py:183} INFO - Processing /home/airflow/.local/lib/python3.8/site-packages/airflow/example_dags/example_task_group.py took 0.168 seconds
[2026-01-09T12:10:27.885+0000] {processor.py:161} INFO - Started process (PID=1055) to work on /home/airflow/.local/lib/python3.8/site-packages/airflow/example_dags/example_task_group.py
[2026-01-09T12:10:27.888+0000] {processor.py:830} INFO - Processing file /home/airflow/.local/lib/python3.8/site-packages/airflow/example_dags/example_task_group.py for tasks to queue
[2026-01-09T12:10:27.889+0000] {logging_mixin.py:188} INFO - [2026-01-09T12:10:27.888+0000] {dagbag.py:538} INFO - Filling up the DagBag from /home/airflow/.local/lib/python3.8/site-packages/airflow/example_dags/example_task_group.py
[2026-01-09T12:10:27.901+0000] {processor.py:840} INFO - DAG(s) 'example_task_group' retrieved from /home/airflow/.local/lib/python3.8/site-packages/airflow/example_dags/example_task_group.py
[2026-01-09T12:10:27.940+0000] {logging_mixin.py:188} INFO - [2026-01-09T12:10:27.939+0000] {dag.py:3036} INFO - Sync 1 DAGs
[2026-01-09T12:10:27.972+0000] {logging_mixin.py:188} INFO - [2026-01-09T12:10:27.972+0000] {dag.py:3823} INFO - Setting next_dagrun for example_task_group to 2026-01-08 00:00:00+00:00, run_after=2026-01-09 00:00:00+00:00
[2026-01-09T12:10:28.009+0000] {processor.py:183} INFO - Processing /home/airflow/.local/lib/python3.8/site-packages/airflow/example_dags/example_task_group.py took 0.130 seconds
[2026-01-09T12:10:58.933+0000] {processor.py:161} INFO - Started process (PID=1300) to work on /home/airflow/.local/lib/python3.8/site-packages/airflow/example_dags/example_task_group.py
[2026-01-09T12:10:58.943+0000] {processor.py:830} INFO - Processing file /home/airflow/.local/lib/python3.8/site-packages/airflow/example_dags/example_task_group.py for tasks to queue
[2026-01-09T12:10:58.945+0000] {logging_mixin.py:188} INFO - [2026-01-09T12:10:58.945+0000] {dagbag.py:538} INFO - Filling up the DagBag from /home/airflow/.local/lib/python3.8/site-packages/airflow/example_dags/example_task_group.py
[2026-01-09T12:10:58.960+0000] {processor.py:840} INFO - DAG(s) 'example_task_group' retrieved from /home/airflow/.local/lib/python3.8/site-packages/airflow/example_dags/example_task_group.py
[2026-01-09T12:10:59.009+0000] {logging_mixin.py:188} INFO - [2026-01-09T12:10:59.008+0000] {dag.py:3036} INFO - Sync 1 DAGs
[2026-01-09T12:10:59.062+0000] {logging_mixin.py:188} INFO - [2026-01-09T12:10:59.061+0000] {dag.py:3823} INFO - Setting next_dagrun for example_task_group to 2026-01-08 00:00:00+00:00, run_after=2026-01-09 00:00:00+00:00
[2026-01-09T12:10:59.111+0000] {processor.py:183} INFO - Processing /home/airflow/.local/lib/python3.8/site-packages/airflow/example_dags/example_task_group.py took 0.188 seconds
[2026-01-09T12:11:29.588+0000] {processor.py:161} INFO - Started process (PID=1547) to work on /home/airflow/.local/lib/python3.8/site-packages/airflow/example_dags/example_task_group.py
[2026-01-09T12:11:29.590+0000] {processor.py:830} INFO - Processing file /home/airflow/.local/lib/python3.8/site-packages/airflow/example_dags/example_task_group.py for tasks to queue
[2026-01-09T12:11:29.592+0000] {logging_mixin.py:188} INFO - [2026-01-09T12:11:29.591+0000] {dagbag.py:538} INFO - Filling up the DagBag from /home/airflow/.local/lib/python3.8/site-packages/airflow/example_dags/example_task_group.py
[2026-01-09T12:11:29.609+0000] {processor.py:840} INFO - DAG(s) 'example_task_group' retrieved from /home/airflow/.local/lib/python3.8/site-packages/airflow/example_dags/example_task_group.py
[2026-01-09T12:11:29.656+0000] {logging_mixin.py:188} INFO - [2026-01-09T12:11:29.656+0000] {dag.py:3036} INFO - Sync 1 DAGs
[2026-01-09T12:11:29.702+0000] {logging_mixin.py:188} INFO - [2026-01-09T12:11:29.702+0000] {dag.py:3823} INFO - Setting next_dagrun for example_task_group to 2026-01-08 00:00:00+00:00, run_after=2026-01-09 00:00:00+00:00
[2026-01-09T12:11:29.749+0000] {processor.py:183} INFO - Processing /home/airflow/.local/lib/python3.8/site-packages/airflow/example_dags/example_task_group.py took 0.169 seconds
[2026-01-09T12:12:00.870+0000] {processor.py:161} INFO - Started process (PID=1797) to work on /home/airflow/.local/lib/python3.8/site-packages/airflow/example_dags/example_task_group.py
[2026-01-09T12:12:00.872+0000] {processor.py:830} INFO - Processing file /home/airflow/.local/lib/python3.8/site-packages/airflow/example_dags/example_task_group.py for tasks to queue
[2026-01-09T12:12:00.874+0000] {logging_mixin.py:188} INFO - [2026-01-09T12:12:00.873+0000] {dagbag.py:538} INFO - Filling up the DagBag from /home/airflow/.local/lib/python3.8/site-packages/airflow/example_dags/example_task_group.py
[2026-01-09T12:12:00.889+0000] {processor.py:840} INFO - DAG(s) 'example_task_group' retrieved from /home/airflow/.local/lib/python3.8/site-packages/airflow/example_dags/example_task_group.py
[2026-01-09T12:12:00.939+0000] {logging_mixin.py:188} INFO - [2026-01-09T12:12:00.938+0000] {dag.py:3036} INFO - Sync 1 DAGs
[2026-01-09T12:12:00.984+0000] {logging_mixin.py:188} INFO - [2026-01-09T12:12:00.983+0000] {dag.py:3823} INFO - Setting next_dagrun for example_task_group to 2026-01-08 00:00:00+00:00, run_after=2026-01-09 00:00:00+00:00
[2026-01-09T12:12:01.041+0000] {processor.py:183} INFO - Processing /home/airflow/.local/lib/python3.8/site-packages/airflow/example_dags/example_task_group.py took 0.178 seconds
[2026-01-09T12:12:31.475+0000] {processor.py:161} INFO - Started process (PID=2043) to work on /home/airflow/.local/lib/python3.8/site-packages/airflow/example_dags/example_task_group.py
[2026-01-09T12:12:31.481+0000] {processor.py:830} INFO - Processing file /home/airflow/.local/lib/python3.8/site-packages/airflow/example_dags/example_task_group.py for tasks to queue
[2026-01-09T12:12:31.483+0000] {logging_mixin.py:188} INFO - [2026-01-09T12:12:31.483+0000] {dagbag.py:538} INFO - Filling up the DagBag from /home/airflow/.local/lib/python3.8/site-packages/airflow/example_dags/example_task_group.py
[2026-01-09T12:12:31.497+0000] {processor.py:840} INFO - DAG(s) 'example_task_group' retrieved from /home/airflow/.local/lib/python3.8/site-packages/airflow/example_dags/example_task_group.py
[2026-01-09T12:12:31.538+0000] {logging_mixin.py:188} INFO - [2026-01-09T12:12:31.538+0000] {dag.py:3036} INFO - Sync 1 DAGs
[2026-01-09T12:12:31.582+0000] {logging_mixin.py:188} INFO - [2026-01-09T12:12:31.581+0000] {dag.py:3823} INFO - Setting next_dagrun for example_task_group to 2026-01-08 00:00:00+00:00, run_after=2026-01-09 00:00:00+00:00
[2026-01-09T12:12:31.628+0000] {processor.py:183} INFO - Processing /home/airflow/.local/lib/python3.8/site-packages/airflow/example_dags/example_task_group.py took 0.160 seconds
[2026-01-09T12:13:02.092+0000] {processor.py:161} INFO - Started process (PID=2291) to work on /home/airflow/.local/lib/python3.8/site-packages/airflow/example_dags/example_task_group.py
[2026-01-09T12:13:02.094+0000] {processor.py:830} INFO - Processing file /home/airflow/.local/lib/python3.8/site-packages/airflow/example_dags/example_task_group.py for tasks to queue
[2026-01-09T12:13:02.096+0000] {logging_mixin.py:188} INFO - [2026-01-09T12:13:02.095+0000] {dagbag.py:538} INFO - Filling up the DagBag from /home/airflow/.local/lib/python3.8/site-packages/airflow/example_dags/example_task_group.py
[2026-01-09T12:13:02.112+0000] {processor.py:840} INFO - DAG(s) 'example_task_group' retrieved from /home/airflow/.local/lib/python3.8/site-packages/airflow/example_dags/example_task_group.py
[2026-01-09T12:13:02.155+0000] {logging_mixin.py:188} INFO - [2026-01-09T12:13:02.155+0000] {dag.py:3036} INFO - Sync 1 DAGs
[2026-01-09T12:13:02.193+0000] {logging_mixin.py:188} INFO - [2026-01-09T12:13:02.192+0000] {dag.py:3823} INFO - Setting next_dagrun for example_task_group to 2026-01-08 00:00:00+00:00, run_after=2026-01-09 00:00:00+00:00
[2026-01-09T12:13:02.233+0000] {processor.py:183} INFO - Processing /home/airflow/.local/lib/python3.8/site-packages/airflow/example_dags/example_task_group.py took 0.148 seconds
[2026-01-09T12:13:32.346+0000] {processor.py:161} INFO - Started process (PID=2538) to work on /home/airflow/.local/lib/python3.8/site-packages/airflow/example_dags/example_task_group.py
[2026-01-09T12:13:32.348+0000] {processor.py:830} INFO - Processing file /home/airflow/.local/lib/python3.8/site-packages/airflow/example_dags/example_task_group.py for tasks to queue
[2026-01-09T12:13:32.349+0000] {logging_mixin.py:188} INFO - [2026-01-09T12:13:32.349+0000] {dagbag.py:538} INFO - Filling up the DagBag from /home/airflow/.local/lib/python3.8/site-packages/airflow/example_dags/example_task_group.py
[2026-01-09T12:13:32.364+0000] {processor.py:840} INFO - DAG(s) 'example_task_group' retrieved from /home/airflow/.local/lib/python3.8/site-packages/airflow/example_dags/example_task_group.py
[2026-01-09T12:13:32.405+0000] {logging_mixin.py:188} INFO - [2026-01-09T12:13:32.404+0000] {dag.py:3036} INFO - Sync 1 DAGs
[2026-01-09T12:13:32.439+0000] {logging_mixin.py:188} INFO - [2026-01-09T12:13:32.439+0000] {dag.py:3823} INFO - Setting next_dagrun for example_task_group to 2026-01-08 00:00:00+00:00, run_after=2026-01-09 00:00:00+00:00
[2026-01-09T12:13:32.481+0000] {processor.py:183} INFO - Processing /home/airflow/.local/lib/python3.8/site-packages/airflow/example_dags/example_task_group.py took 0.142 seconds
[2026-01-09T12:14:02.764+0000] {processor.py:161} INFO - Started process (PID=2783) to work on /home/airflow/.local/lib/python3.8/site-packages/airflow/example_dags/example_task_group.py
[2026-01-09T12:14:02.768+0000] {processor.py:830} INFO - Processing file /home/airflow/.local/lib/python3.8/site-packages/airflow/example_dags/example_task_group.py for tasks to queue
[2026-01-09T12:14:02.770+0000] {logging_mixin.py:188} INFO - [2026-01-09T12:14:02.769+0000] {dagbag.py:538} INFO - Filling up the DagBag from /home/airflow/.local/lib/python3.8/site-packages/airflow/example_dags/example_task_group.py
[2026-01-09T12:14:02.787+0000] {processor.py:840} INFO - DAG(s) 'example_task_group' retrieved from /home/airflow/.local/lib/python3.8/site-packages/airflow/example_dags/example_task_group.py
[2026-01-09T12:14:02.830+0000] {logging_mixin.py:188} INFO - [2026-01-09T12:14:02.830+0000] {dag.py:3036} INFO - Sync 1 DAGs
[2026-01-09T12:14:02.879+0000] {logging_mixin.py:188} INFO - [2026-01-09T12:14:02.879+0000] {dag.py:3823} INFO - Setting next_dagrun for example_task_group to 2026-01-08 00:00:00+00:00, run_after=2026-01-09 00:00:00+00:00
[2026-01-09T12:14:02.921+0000] {processor.py:183} INFO - Processing /home/airflow/.local/lib/python3.8/site-packages/airflow/example_dags/example_task_group.py took 0.164 seconds
[2026-01-09T12:14:33.070+0000] {processor.py:161} INFO - Started process (PID=3030) to work on /home/airflow/.local/lib/python3.8/site-packages/airflow/example_dags/example_task_group.py
[2026-01-09T12:14:33.072+0000] {processor.py:830} INFO - Processing file /home/airflow/.local/lib/python3.8/site-packages/airflow/example_dags/example_task_group.py for tasks to queue
[2026-01-09T12:14:33.074+0000] {logging_mixin.py:188} INFO - [2026-01-09T12:14:33.073+0000] {dagbag.py:538} INFO - Filling up the DagBag from /home/airflow/.local/lib/python3.8/site-packages/airflow/example_dags/example_task_group.py
[2026-01-09T12:14:33.088+0000] {processor.py:840} INFO - DAG(s) 'example_task_group' retrieved from /home/airflow/.local/lib/python3.8/site-packages/airflow/example_dags/example_task_group.py
[2026-01-09T12:14:33.132+0000] {logging_mixin.py:188} INFO - [2026-01-09T12:14:33.132+0000] {dag.py:3036} INFO - Sync 1 DAGs
[2026-01-09T12:14:33.171+0000] {logging_mixin.py:188} INFO - [2026-01-09T12:14:33.171+0000] {dag.py:3823} INFO - Setting next_dagrun for example_task_group to 2026-01-08 00:00:00+00:00, run_after=2026-01-09 00:00:00+00:00
[2026-01-09T12:14:33.215+0000] {processor.py:183} INFO - Processing /home/airflow/.local/lib/python3.8/site-packages/airflow/example_dags/example_task_group.py took 0.151 seconds
[2026-01-09T12:15:04.236+0000] {processor.py:161} INFO - Started process (PID=3279) to work on /home/airflow/.local/lib/python3.8/site-packages/airflow/example_dags/example_task_group.py
[2026-01-09T12:15:04.242+0000] {processor.py:830} INFO - Processing file /home/airflow/.local/lib/python3.8/site-packages/airflow/example_dags/example_task_group.py for tasks to queue
[2026-01-09T12:15:04.244+0000] {logging_mixin.py:188} INFO - [2026-01-09T12:15:04.243+0000] {dagbag.py:538} INFO - Filling up the DagBag from /home/airflow/.local/lib/python3.8/site-packages/airflow/example_dags/example_task_group.py
[2026-01-09T12:15:04.267+0000] {processor.py:840} INFO - DAG(s) 'example_task_group' retrieved from /home/airflow/.local/lib/python3.8/site-packages/airflow/example_dags/example_task_group.py
[2026-01-09T12:15:04.357+0000] {logging_mixin.py:188} INFO - [2026-01-09T12:15:04.356+0000] {dag.py:3036} INFO - Sync 1 DAGs
[2026-01-09T12:15:04.478+0000] {logging_mixin.py:188} INFO - [2026-01-09T12:15:04.477+0000] {dag.py:3823} INFO - Setting next_dagrun for example_task_group to 2026-01-08 00:00:00+00:00, run_after=2026-01-09 00:00:00+00:00
[2026-01-09T12:15:04.559+0000] {processor.py:183} INFO - Processing /home/airflow/.local/lib/python3.8/site-packages/airflow/example_dags/example_task_group.py took 0.333 seconds
[2026-01-09T12:15:34.833+0000] {processor.py:161} INFO - Started process (PID=3526) to work on /home/airflow/.local/lib/python3.8/site-packages/airflow/example_dags/example_task_group.py
[2026-01-09T12:15:34.834+0000] {processor.py:830} INFO - Processing file /home/airflow/.local/lib/python3.8/site-packages/airflow/example_dags/example_task_group.py for tasks to queue
[2026-01-09T12:15:34.835+0000] {logging_mixin.py:188} INFO - [2026-01-09T12:15:34.835+0000] {dagbag.py:538} INFO - Filling up the DagBag from /home/airflow/.local/lib/python3.8/site-packages/airflow/example_dags/example_task_group.py
[2026-01-09T12:15:34.847+0000] {processor.py:840} INFO - DAG(s) 'example_task_group' retrieved from /home/airflow/.local/lib/python3.8/site-packages/airflow/example_dags/example_task_group.py
[2026-01-09T12:15:34.889+0000] {logging_mixin.py:188} INFO - [2026-01-09T12:15:34.889+0000] {dag.py:3036} INFO - Sync 1 DAGs
[2026-01-09T12:15:34.923+0000] {logging_mixin.py:188} INFO - [2026-01-09T12:15:34.923+0000] {dag.py:3823} INFO - Setting next_dagrun for example_task_group to 2026-01-08 00:00:00+00:00, run_after=2026-01-09 00:00:00+00:00
[2026-01-09T12:15:34.967+0000] {processor.py:183} INFO - Processing /home/airflow/.local/lib/python3.8/site-packages/airflow/example_dags/example_task_group.py took 0.139 seconds
[2026-01-09T12:16:05.125+0000] {processor.py:161} INFO - Started process (PID=3772) to work on /home/airflow/.local/lib/python3.8/site-packages/airflow/example_dags/example_task_group.py
[2026-01-09T12:16:05.127+0000] {processor.py:830} INFO - Processing file /home/airflow/.local/lib/python3.8/site-packages/airflow/example_dags/example_task_group.py for tasks to queue
[2026-01-09T12:16:05.128+0000] {logging_mixin.py:188} INFO - [2026-01-09T12:16:05.128+0000] {dagbag.py:538} INFO - Filling up the DagBag from /home/airflow/.local/lib/python3.8/site-packages/airflow/example_dags/example_task_group.py
[2026-01-09T12:16:05.140+0000] {processor.py:840} INFO - DAG(s) 'example_task_group' retrieved from /home/airflow/.local/lib/python3.8/site-packages/airflow/example_dags/example_task_group.py
[2026-01-09T12:16:05.176+0000] {logging_mixin.py:188} INFO - [2026-01-09T12:16:05.176+0000] {dag.py:3036} INFO - Sync 1 DAGs
[2026-01-09T12:16:05.209+0000] {logging_mixin.py:188} INFO - [2026-01-09T12:16:05.209+0000] {dag.py:3823} INFO - Setting next_dagrun for example_task_group to 2026-01-08 00:00:00+00:00, run_after=2026-01-09 00:00:00+00:00
[2026-01-09T12:16:05.253+0000] {processor.py:183} INFO - Processing /home/airflow/.local/lib/python3.8/site-packages/airflow/example_dags/example_task_group.py took 0.135 seconds
[2026-01-09T12:16:35.841+0000] {processor.py:161} INFO - Started process (PID=4017) to work on /home/airflow/.local/lib/python3.8/site-packages/airflow/example_dags/example_task_group.py
[2026-01-09T12:16:35.843+0000] {processor.py:830} INFO - Processing file /home/airflow/.local/lib/python3.8/site-packages/airflow/example_dags/example_task_group.py for tasks to queue
[2026-01-09T12:16:35.845+0000] {logging_mixin.py:188} INFO - [2026-01-09T12:16:35.845+0000] {dagbag.py:538} INFO - Filling up the DagBag from /home/airflow/.local/lib/python3.8/site-packages/airflow/example_dags/example_task_group.py
[2026-01-09T12:16:35.864+0000] {processor.py:840} INFO - DAG(s) 'example_task_group' retrieved from /home/airflow/.local/lib/python3.8/site-packages/airflow/example_dags/example_task_group.py
[2026-01-09T12:16:35.910+0000] {logging_mixin.py:188} INFO - [2026-01-09T12:16:35.909+0000] {dag.py:3036} INFO - Sync 1 DAGs
[2026-01-09T12:16:35.951+0000] {logging_mixin.py:188} INFO - [2026-01-09T12:16:35.951+0000] {dag.py:3823} INFO - Setting next_dagrun for example_task_group to 2026-01-08 00:00:00+00:00, run_after=2026-01-09 00:00:00+00:00
[2026-01-09T12:16:35.997+0000] {processor.py:183} INFO - Processing /home/airflow/.local/lib/python3.8/site-packages/airflow/example_dags/example_task_group.py took 0.163 seconds
[2026-01-09T12:17:06.397+0000] {processor.py:161} INFO - Started process (PID=4264) to work on /home/airflow/.local/lib/python3.8/site-packages/airflow/example_dags/example_task_group.py
[2026-01-09T12:17:06.401+0000] {processor.py:830} INFO - Processing file /home/airflow/.local/lib/python3.8/site-packages/airflow/example_dags/example_task_group.py for tasks to queue
[2026-01-09T12:17:06.402+0000] {logging_mixin.py:188} INFO - [2026-01-09T12:17:06.402+0000] {dagbag.py:538} INFO - Filling up the DagBag from /home/airflow/.local/lib/python3.8/site-packages/airflow/example_dags/example_task_group.py
[2026-01-09T12:17:06.420+0000] {processor.py:840} INFO - DAG(s) 'example_task_group' retrieved from /home/airflow/.local/lib/python3.8/site-packages/airflow/example_dags/example_task_group.py
[2026-01-09T12:17:06.476+0000] {logging_mixin.py:188} INFO - [2026-01-09T12:17:06.475+0000] {dag.py:3036} INFO - Sync 1 DAGs
[2026-01-09T12:17:06.515+0000] {logging_mixin.py:188} INFO - [2026-01-09T12:17:06.515+0000] {dag.py:3823} INFO - Setting next_dagrun for example_task_group to 2026-01-08 00:00:00+00:00, run_after=2026-01-09 00:00:00+00:00
[2026-01-09T12:17:06.559+0000] {processor.py:183} INFO - Processing /home/airflow/.local/lib/python3.8/site-packages/airflow/example_dags/example_task_group.py took 0.169 seconds
[2026-01-09T12:17:36.853+0000] {processor.py:161} INFO - Started process (PID=4511) to work on /home/airflow/.local/lib/python3.8/site-packages/airflow/example_dags/example_task_group.py
[2026-01-09T12:17:36.855+0000] {processor.py:830} INFO - Processing file /home/airflow/.local/lib/python3.8/site-packages/airflow/example_dags/example_task_group.py for tasks to queue
[2026-01-09T12:17:36.857+0000] {logging_mixin.py:188} INFO - [2026-01-09T12:17:36.856+0000] {dagbag.py:538} INFO - Filling up the DagBag from /home/airflow/.local/lib/python3.8/site-packages/airflow/example_dags/example_task_group.py
[2026-01-09T12:17:36.872+0000] {processor.py:840} INFO - DAG(s) 'example_task_group' retrieved from /home/airflow/.local/lib/python3.8/site-packages/airflow/example_dags/example_task_group.py
[2026-01-09T12:17:36.916+0000] {logging_mixin.py:188} INFO - [2026-01-09T12:17:36.915+0000] {dag.py:3036} INFO - Sync 1 DAGs
[2026-01-09T12:17:36.953+0000] {logging_mixin.py:188} INFO - [2026-01-09T12:17:36.953+0000] {dag.py:3823} INFO - Setting next_dagrun for example_task_group to 2026-01-08 00:00:00+00:00, run_after=2026-01-09 00:00:00+00:00
[2026-01-09T12:17:36.997+0000] {processor.py:183} INFO - Processing /home/airflow/.local/lib/python3.8/site-packages/airflow/example_dags/example_task_group.py took 0.151 seconds
[2026-01-09T12:18:08.006+0000] {processor.py:161} INFO - Started process (PID=4760) to work on /home/airflow/.local/lib/python3.8/site-packages/airflow/example_dags/example_task_group.py
[2026-01-09T12:18:08.009+0000] {processor.py:830} INFO - Processing file /home/airflow/.local/lib/python3.8/site-packages/airflow/example_dags/example_task_group.py for tasks to queue
[2026-01-09T12:18:08.011+0000] {logging_mixin.py:188} INFO - [2026-01-09T12:18:08.010+0000] {dagbag.py:538} INFO - Filling up the DagBag from /home/airflow/.local/lib/python3.8/site-packages/airflow/example_dags/example_task_group.py
[2026-01-09T12:18:08.027+0000] {processor.py:840} INFO - DAG(s) 'example_task_group' retrieved from /home/airflow/.local/lib/python3.8/site-packages/airflow/example_dags/example_task_group.py
[2026-01-09T12:18:08.069+0000] {logging_mixin.py:188} INFO - [2026-01-09T12:18:08.069+0000] {dag.py:3036} INFO - Sync 1 DAGs
[2026-01-09T12:18:08.109+0000] {logging_mixin.py:188} INFO - [2026-01-09T12:18:08.109+0000] {dag.py:3823} INFO - Setting next_dagrun for example_task_group to 2026-01-08 00:00:00+00:00, run_after=2026-01-09 00:00:00+00:00
[2026-01-09T12:18:08.153+0000] {processor.py:183} INFO - Processing /home/airflow/.local/lib/python3.8/site-packages/airflow/example_dags/example_task_group.py took 0.156 seconds
[2026-01-09T12:18:38.657+0000] {processor.py:161} INFO - Started process (PID=5007) to work on /home/airflow/.local/lib/python3.8/site-packages/airflow/example_dags/example_task_group.py
[2026-01-09T12:18:38.660+0000] {processor.py:830} INFO - Processing file /home/airflow/.local/lib/python3.8/site-packages/airflow/example_dags/example_task_group.py for tasks to queue
[2026-01-09T12:18:38.662+0000] {logging_mixin.py:188} INFO - [2026-01-09T12:18:38.661+0000] {dagbag.py:538} INFO - Filling up the DagBag from /home/airflow/.local/lib/python3.8/site-packages/airflow/example_dags/example_task_group.py
[2026-01-09T12:18:38.676+0000] {processor.py:840} INFO - DAG(s) 'example_task_group' retrieved from /home/airflow/.local/lib/python3.8/site-packages/airflow/example_dags/example_task_group.py
[2026-01-09T12:18:38.738+0000] {logging_mixin.py:188} INFO - [2026-01-09T12:18:38.737+0000] {dag.py:3036} INFO - Sync 1 DAGs
[2026-01-09T12:18:38.793+0000] {logging_mixin.py:188} INFO - [2026-01-09T12:18:38.792+0000] {dag.py:3823} INFO - Setting next_dagrun for example_task_group to 2026-01-08 00:00:00+00:00, run_after=2026-01-09 00:00:00+00:00
[2026-01-09T12:18:38.855+0000] {processor.py:183} INFO - Processing /home/airflow/.local/lib/python3.8/site-packages/airflow/example_dags/example_task_group.py took 0.204 seconds
[2026-01-09T12:19:09.158+0000] {processor.py:161} INFO - Started process (PID=5254) to work on /home/airflow/.local/lib/python3.8/site-packages/airflow/example_dags/example_task_group.py
[2026-01-09T12:19:09.164+0000] {processor.py:830} INFO - Processing file /home/airflow/.local/lib/python3.8/site-packages/airflow/example_dags/example_task_group.py for tasks to queue
[2026-01-09T12:19:09.168+0000] {logging_mixin.py:188} INFO - [2026-01-09T12:19:09.167+0000] {dagbag.py:538} INFO - Filling up the DagBag from /home/airflow/.local/lib/python3.8/site-packages/airflow/example_dags/example_task_group.py
[2026-01-09T12:19:09.197+0000] {processor.py:840} INFO - DAG(s) 'example_task_group' retrieved from /home/airflow/.local/lib/python3.8/site-packages/airflow/example_dags/example_task_group.py
[2026-01-09T12:19:09.310+0000] {logging_mixin.py:188} INFO - [2026-01-09T12:19:09.309+0000] {dag.py:3036} INFO - Sync 1 DAGs
[2026-01-09T12:19:09.379+0000] {logging_mixin.py:188} INFO - [2026-01-09T12:19:09.378+0000] {dag.py:3823} INFO - Setting next_dagrun for example_task_group to 2026-01-08 00:00:00+00:00, run_after=2026-01-09 00:00:00+00:00
[2026-01-09T12:19:09.527+0000] {processor.py:183} INFO - Processing /home/airflow/.local/lib/python3.8/site-packages/airflow/example_dags/example_task_group.py took 0.384 seconds
[2026-01-09T12:19:39.735+0000] {processor.py:161} INFO - Started process (PID=5499) to work on /home/airflow/.local/lib/python3.8/site-packages/airflow/example_dags/example_task_group.py
[2026-01-09T12:19:39.738+0000] {processor.py:830} INFO - Processing file /home/airflow/.local/lib/python3.8/site-packages/airflow/example_dags/example_task_group.py for tasks to queue
[2026-01-09T12:19:39.741+0000] {logging_mixin.py:188} INFO - [2026-01-09T12:19:39.740+0000] {dagbag.py:538} INFO - Filling up the DagBag from /home/airflow/.local/lib/python3.8/site-packages/airflow/example_dags/example_task_group.py
[2026-01-09T12:19:39.755+0000] {processor.py:840} INFO - DAG(s) 'example_task_group' retrieved from /home/airflow/.local/lib/python3.8/site-packages/airflow/example_dags/example_task_group.py
[2026-01-09T12:19:39.805+0000] {logging_mixin.py:188} INFO - [2026-01-09T12:19:39.805+0000] {dag.py:3036} INFO - Sync 1 DAGs
[2026-01-09T12:19:39.846+0000] {logging_mixin.py:188} INFO - [2026-01-09T12:19:39.845+0000] {dag.py:3823} INFO - Setting next_dagrun for example_task_group to 2026-01-08 00:00:00+00:00, run_after=2026-01-09 00:00:00+00:00
[2026-01-09T12:19:39.893+0000] {processor.py:183} INFO - Processing /home/airflow/.local/lib/python3.8/site-packages/airflow/example_dags/example_task_group.py took 0.165 seconds
[2026-01-09T12:20:10.651+0000] {processor.py:161} INFO - Started process (PID=5746) to work on /home/airflow/.local/lib/python3.8/site-packages/airflow/example_dags/example_task_group.py
[2026-01-09T12:20:10.655+0000] {processor.py:830} INFO - Processing file /home/airflow/.local/lib/python3.8/site-packages/airflow/example_dags/example_task_group.py for tasks to queue
[2026-01-09T12:20:10.657+0000] {logging_mixin.py:188} INFO - [2026-01-09T12:20:10.656+0000] {dagbag.py:538} INFO - Filling up the DagBag from /home/airflow/.local/lib/python3.8/site-packages/airflow/example_dags/example_task_group.py
[2026-01-09T12:20:10.676+0000] {processor.py:840} INFO - DAG(s) 'example_task_group' retrieved from /home/airflow/.local/lib/python3.8/site-packages/airflow/example_dags/example_task_group.py
[2026-01-09T12:20:10.728+0000] {logging_mixin.py:188} INFO - [2026-01-09T12:20:10.728+0000] {dag.py:3036} INFO - Sync 1 DAGs
[2026-01-09T12:20:10.780+0000] {logging_mixin.py:188} INFO - [2026-01-09T12:20:10.780+0000] {dag.py:3823} INFO - Setting next_dagrun for example_task_group to 2026-01-08 00:00:00+00:00, run_after=2026-01-09 00:00:00+00:00
[2026-01-09T12:20:10.832+0000] {processor.py:183} INFO - Processing /home/airflow/.local/lib/python3.8/site-packages/airflow/example_dags/example_task_group.py took 0.187 seconds
[2026-01-09T12:20:41.507+0000] {processor.py:161} INFO - Started process (PID=5993) to work on /home/airflow/.local/lib/python3.8/site-packages/airflow/example_dags/example_task_group.py
[2026-01-09T12:20:41.518+0000] {processor.py:830} INFO - Processing file /home/airflow/.local/lib/python3.8/site-packages/airflow/example_dags/example_task_group.py for tasks to queue
[2026-01-09T12:20:41.521+0000] {logging_mixin.py:188} INFO - [2026-01-09T12:20:41.520+0000] {dagbag.py:538} INFO - Filling up the DagBag from /home/airflow/.local/lib/python3.8/site-packages/airflow/example_dags/example_task_group.py
[2026-01-09T12:20:41.568+0000] {processor.py:840} INFO - DAG(s) 'example_task_group' retrieved from /home/airflow/.local/lib/python3.8/site-packages/airflow/example_dags/example_task_group.py
[2026-01-09T12:20:41.666+0000] {logging_mixin.py:188} INFO - [2026-01-09T12:20:41.664+0000] {dag.py:3036} INFO - Sync 1 DAGs
[2026-01-09T12:20:41.759+0000] {logging_mixin.py:188} INFO - [2026-01-09T12:20:41.758+0000] {dag.py:3823} INFO - Setting next_dagrun for example_task_group to 2026-01-08 00:00:00+00:00, run_after=2026-01-09 00:00:00+00:00
[2026-01-09T12:20:41.710+0000] {processor.py:183} INFO - Processing /home/airflow/.local/lib/python3.8/site-packages/airflow/example_dags/example_task_group.py took 0.344 seconds
[2026-01-09T12:21:11.953+0000] {processor.py:161} INFO - Started process (PID=6242) to work on /home/airflow/.local/lib/python3.8/site-packages/airflow/example_dags/example_task_group.py
[2026-01-09T12:21:11.955+0000] {processor.py:830} INFO - Processing file /home/airflow/.local/lib/python3.8/site-packages/airflow/example_dags/example_task_group.py for tasks to queue
[2026-01-09T12:21:11.956+0000] {logging_mixin.py:188} INFO - [2026-01-09T12:21:11.956+0000] {dagbag.py:538} INFO - Filling up the DagBag from /home/airflow/.local/lib/python3.8/site-packages/airflow/example_dags/example_task_group.py
[2026-01-09T12:21:11.971+0000] {processor.py:840} INFO - DAG(s) 'example_task_group' retrieved from /home/airflow/.local/lib/python3.8/site-packages/airflow/example_dags/example_task_group.py
[2026-01-09T12:21:12.026+0000] {logging_mixin.py:188} INFO - [2026-01-09T12:21:12.025+0000] {dag.py:3036} INFO - Sync 1 DAGs
[2026-01-09T12:21:12.076+0000] {logging_mixin.py:188} INFO - [2026-01-09T12:21:12.075+0000] {dag.py:3823} INFO - Setting next_dagrun for example_task_group to 2026-01-08 00:00:00+00:00, run_after=2026-01-09 00:00:00+00:00
[2026-01-09T12:21:12.120+0000] {processor.py:183} INFO - Processing /home/airflow/.local/lib/python3.8/site-packages/airflow/example_dags/example_task_group.py took 0.174 seconds
[2026-01-09T12:21:42.768+0000] {processor.py:161} INFO - Started process (PID=6487) to work on /home/airflow/.local/lib/python3.8/site-packages/airflow/example_dags/example_task_group.py
[2026-01-09T12:21:42.771+0000] {processor.py:830} INFO - Processing file /home/airflow/.local/lib/python3.8/site-packages/airflow/example_dags/example_task_group.py for tasks to queue
[2026-01-09T12:21:42.773+0000] {logging_mixin.py:188} INFO - [2026-01-09T12:21:42.773+0000] {dagbag.py:538} INFO - Filling up the DagBag from /home/airflow/.local/lib/python3.8/site-packages/airflow/example_dags/example_task_group.py
[2026-01-09T12:21:42.797+0000] {processor.py:840} INFO - DAG(s) 'example_task_group' retrieved from /home/airflow/.local/lib/python3.8/site-packages/airflow/example_dags/example_task_group.py
[2026-01-09T12:21:42.857+0000] {logging_mixin.py:188} INFO - [2026-01-09T12:21:42.856+0000] {dag.py:3036} INFO - Sync 1 DAGs
[2026-01-09T12:21:42.917+0000] {logging_mixin.py:188} INFO - [2026-01-09T12:21:42.916+0000] {dag.py:3823} INFO - Setting next_dagrun for example_task_group to 2026-01-08 00:00:00+00:00, run_after=2026-01-09 00:00:00+00:00
[2026-01-09T12:21:42.971+0000] {processor.py:183} INFO - Processing /home/airflow/.local/lib/python3.8/site-packages/airflow/example_dags/example_task_group.py took 0.210 seconds
[2026-01-09T12:22:13.671+0000] {processor.py:161} INFO - Started process (PID=6735) to work on /home/airflow/.local/lib/python3.8/site-packages/airflow/example_dags/example_task_group.py
[2026-01-09T12:22:13.674+0000] {processor.py:830} INFO - Processing file /home/airflow/.local/lib/python3.8/site-packages/airflow/example_dags/example_task_group.py for tasks to queue
[2026-01-09T12:22:13.677+0000] {logging_mixin.py:188} INFO - [2026-01-09T12:22:13.676+0000] {dagbag.py:538} INFO - Filling up the DagBag from /home/airflow/.local/lib/python3.8/site-packages/airflow/example_dags/example_task_group.py
[2026-01-09T12:22:13.690+0000] {processor.py:840} INFO - DAG(s) 'example_task_group' retrieved from /home/airflow/.local/lib/python3.8/site-packages/airflow/example_dags/example_task_group.py
[2026-01-09T12:22:13.734+0000] {logging_mixin.py:188} INFO - [2026-01-09T12:22:13.733+0000] {dag.py:3036} INFO - Sync 1 DAGs
[2026-01-09T12:22:13.770+0000] {logging_mixin.py:188} INFO - [2026-01-09T12:22:13.769+0000] {dag.py:3823} INFO - Setting next_dagrun for example_task_group to 2026-01-08 00:00:00+00:00, run_after=2026-01-09 00:00:00+00:00
[2026-01-09T12:22:13.815+0000] {processor.py:183} INFO - Processing /home/airflow/.local/lib/python3.8/site-packages/airflow/example_dags/example_task_group.py took 0.151 seconds
[2026-01-09T12:22:44.209+0000] {processor.py:161} INFO - Started process (PID=6982) to work on /home/airflow/.local/lib/python3.8/site-packages/airflow/example_dags/example_task_group.py
[2026-01-09T12:22:44.214+0000] {processor.py:830} INFO - Processing file /home/airflow/.local/lib/python3.8/site-packages/airflow/example_dags/example_task_group.py for tasks to queue
[2026-01-09T12:22:44.216+0000] {logging_mixin.py:188} INFO - [2026-01-09T12:22:44.215+0000] {dagbag.py:538} INFO - Filling up the DagBag from /home/airflow/.local/lib/python3.8/site-packages/airflow/example_dags/example_task_group.py
[2026-01-09T12:22:44.239+0000] {processor.py:840} INFO - DAG(s) 'example_task_group' retrieved from /home/airflow/.local/lib/python3.8/site-packages/airflow/example_dags/example_task_group.py
[2026-01-09T12:22:44.302+0000] {logging_mixin.py:188} INFO - [2026-01-09T12:22:44.301+0000] {dag.py:3036} INFO - Sync 1 DAGs
[2026-01-09T12:22:44.354+0000] {logging_mixin.py:188} INFO - [2026-01-09T12:22:44.352+0000] {dag.py:3823} INFO - Setting next_dagrun for example_task_group to 2026-01-08 00:00:00+00:00, run_after=2026-01-09 00:00:00+00:00
[2026-01-09T12:22:44.474+0000] {processor.py:183} INFO - Processing /home/airflow/.local/lib/python3.8/site-packages/airflow/example_dags/example_task_group.py took 0.272 seconds
[2026-01-09T12:23:14.546+0000] {processor.py:161} INFO - Started process (PID=7229) to work on /home/airflow/.local/lib/python3.8/site-packages/airflow/example_dags/example_task_group.py
[2026-01-09T12:23:14.548+0000] {processor.py:830} INFO - Processing file /home/airflow/.local/lib/python3.8/site-packages/airflow/example_dags/example_task_group.py for tasks to queue
[2026-01-09T12:23:14.550+0000] {logging_mixin.py:188} INFO - [2026-01-09T12:23:14.550+0000] {dagbag.py:538} INFO - Filling up the DagBag from /home/airflow/.local/lib/python3.8/site-packages/airflow/example_dags/example_task_group.py
[2026-01-09T12:23:14.565+0000] {processor.py:840} INFO - DAG(s) 'example_task_group' retrieved from /home/airflow/.local/lib/python3.8/site-packages/airflow/example_dags/example_task_group.py
[2026-01-09T12:23:14.611+0000] {logging_mixin.py:188} INFO - [2026-01-09T12:23:14.611+0000] {dag.py:3036} INFO - Sync 1 DAGs
[2026-01-09T12:23:14.659+0000] {logging_mixin.py:188} INFO - [2026-01-09T12:23:14.658+0000] {dag.py:3823} INFO - Setting next_dagrun for example_task_group to 2026-01-08 00:00:00+00:00, run_after=2026-01-09 00:00:00+00:00
[2026-01-09T12:23:14.708+0000] {processor.py:183} INFO - Processing /home/airflow/.local/lib/python3.8/site-packages/airflow/example_dags/example_task_group.py took 0.169 seconds
[2026-01-09T12:23:44.777+0000] {processor.py:161} INFO - Started process (PID=7473) to work on /home/airflow/.local/lib/python3.8/site-packages/airflow/example_dags/example_task_group.py
[2026-01-09T12:23:44.779+0000] {processor.py:830} INFO - Processing file /home/airflow/.local/lib/python3.8/site-packages/airflow/example_dags/example_task_group.py for tasks to queue
[2026-01-09T12:23:44.781+0000] {logging_mixin.py:188} INFO - [2026-01-09T12:23:44.780+0000] {dagbag.py:538} INFO - Filling up the DagBag from /home/airflow/.local/lib/python3.8/site-packages/airflow/example_dags/example_task_group.py
[2026-01-09T12:23:44.794+0000] {processor.py:840} INFO - DAG(s) 'example_task_group' retrieved from /home/airflow/.local/lib/python3.8/site-packages/airflow/example_dags/example_task_group.py
[2026-01-09T12:23:44.844+0000] {logging_mixin.py:188} INFO - [2026-01-09T12:23:44.843+0000] {dag.py:3036} INFO - Sync 1 DAGs
[2026-01-09T12:23:44.883+0000] {logging_mixin.py:188} INFO - [2026-01-09T12:23:44.883+0000] {dag.py:3823} INFO - Setting next_dagrun for example_task_group to 2026-01-08 00:00:00+00:00, run_after=2026-01-09 00:00:00+00:00
[2026-01-09T12:23:44.937+0000] {processor.py:183} INFO - Processing /home/airflow/.local/lib/python3.8/site-packages/airflow/example_dags/example_task_group.py took 0.168 seconds
[2026-01-09T12:24:15.261+0000] {processor.py:161} INFO - Started process (PID=7719) to work on /home/airflow/.local/lib/python3.8/site-packages/airflow/example_dags/example_task_group.py
[2026-01-09T12:24:15.263+0000] {processor.py:830} INFO - Processing file /home/airflow/.local/lib/python3.8/site-packages/airflow/example_dags/example_task_group.py for tasks to queue
[2026-01-09T12:24:15.265+0000] {logging_mixin.py:188} INFO - [2026-01-09T12:24:15.264+0000] {dagbag.py:538} INFO - Filling up the DagBag from /home/airflow/.local/lib/python3.8/site-packages/airflow/example_dags/example_task_group.py
[2026-01-09T12:24:15.285+0000] {processor.py:840} INFO - DAG(s) 'example_task_group' retrieved from /home/airflow/.local/lib/python3.8/site-packages/airflow/example_dags/example_task_group.py
[2026-01-09T12:24:15.334+0000] {logging_mixin.py:188} INFO - [2026-01-09T12:24:15.334+0000] {dag.py:3036} INFO - Sync 1 DAGs
[2026-01-09T12:24:15.386+0000] {logging_mixin.py:188} INFO - [2026-01-09T12:24:15.385+0000] {dag.py:3823} INFO - Setting next_dagrun for example_task_group to 2026-01-08 00:00:00+00:00, run_after=2026-01-09 00:00:00+00:00
[2026-01-09T12:24:15.457+0000] {processor.py:183} INFO - Processing /home/airflow/.local/lib/python3.8/site-packages/airflow/example_dags/example_task_group.py took 0.204 seconds
[2026-01-09T12:24:45.763+0000] {processor.py:161} INFO - Started process (PID=7966) to work on /home/airflow/.local/lib/python3.8/site-packages/airflow/example_dags/example_task_group.py
[2026-01-09T12:24:45.765+0000] {processor.py:830} INFO - Processing file /home/airflow/.local/lib/python3.8/site-packages/airflow/example_dags/example_task_group.py for tasks to queue
[2026-01-09T12:24:45.767+0000] {logging_mixin.py:188} INFO - [2026-01-09T12:24:45.766+0000] {dagbag.py:538} INFO - Filling up the DagBag from /home/airflow/.local/lib/python3.8/site-packages/airflow/example_dags/example_task_group.py
[2026-01-09T12:24:45.782+0000] {processor.py:840} INFO - DAG(s) 'example_task_group' retrieved from /home/airflow/.local/lib/python3.8/site-packages/airflow/example_dags/example_task_group.py
[2026-01-09T12:24:45.826+0000] {logging_mixin.py:188} INFO - [2026-01-09T12:24:45.825+0000] {dag.py:3036} INFO - Sync 1 DAGs
[2026-01-09T12:24:45.868+0000] {logging_mixin.py:188} INFO - [2026-01-09T12:24:45.868+0000] {dag.py:3823} INFO - Setting next_dagrun for example_task_group to 2026-01-08 00:00:00+00:00, run_after=2026-01-09 00:00:00+00:00
[2026-01-09T12:24:45.912+0000] {processor.py:183} INFO - Processing /home/airflow/.local/lib/python3.8/site-packages/airflow/example_dags/example_task_group.py took 0.156 seconds
[2026-01-09T12:25:16.745+0000] {processor.py:161} INFO - Started process (PID=8213) to work on /home/airflow/.local/lib/python3.8/site-packages/airflow/example_dags/example_task_group.py
[2026-01-09T12:25:16.747+0000] {processor.py:830} INFO - Processing file /home/airflow/.local/lib/python3.8/site-packages/airflow/example_dags/example_task_group.py for tasks to queue
[2026-01-09T12:25:16.749+0000] {logging_mixin.py:188} INFO - [2026-01-09T12:25:16.748+0000] {dagbag.py:538} INFO - Filling up the DagBag from /home/airflow/.local/lib/python3.8/site-packages/airflow/example_dags/example_task_group.py
[2026-01-09T12:25:16.763+0000] {processor.py:840} INFO - DAG(s) 'example_task_group' retrieved from /home/airflow/.local/lib/python3.8/site-packages/airflow/example_dags/example_task_group.py
[2026-01-09T12:25:16.808+0000] {logging_mixin.py:188} INFO - [2026-01-09T12:25:16.807+0000] {dag.py:3036} INFO - Sync 1 DAGs
[2026-01-09T12:25:16.846+0000] {logging_mixin.py:188} INFO - [2026-01-09T12:25:16.846+0000] {dag.py:3823} INFO - Setting next_dagrun for example_task_group to 2026-01-08 00:00:00+00:00, run_after=2026-01-09 00:00:00+00:00
[2026-01-09T12:25:16.889+0000] {processor.py:183} INFO - Processing /home/airflow/.local/lib/python3.8/site-packages/airflow/example_dags/example_task_group.py took 0.151 seconds
[2026-01-09T12:25:47.489+0000] {processor.py:161} INFO - Started process (PID=8461) to work on /home/airflow/.local/lib/python3.8/site-packages/airflow/example_dags/example_task_group.py
[2026-01-09T12:25:47.490+0000] {processor.py:830} INFO - Processing file /home/airflow/.local/lib/python3.8/site-packages/airflow/example_dags/example_task_group.py for tasks to queue
[2026-01-09T12:25:47.492+0000] {logging_mixin.py:188} INFO - [2026-01-09T12:25:47.491+0000] {dagbag.py:538} INFO - Filling up the DagBag from /home/airflow/.local/lib/python3.8/site-packages/airflow/example_dags/example_task_group.py
[2026-01-09T12:25:47.505+0000] {processor.py:840} INFO - DAG(s) 'example_task_group' retrieved from /home/airflow/.local/lib/python3.8/site-packages/airflow/example_dags/example_task_group.py
[2026-01-09T12:25:47.552+0000] {logging_mixin.py:188} INFO - [2026-01-09T12:25:47.552+0000] {dag.py:3036} INFO - Sync 1 DAGs
[2026-01-09T12:25:47.587+0000] {logging_mixin.py:188} INFO - [2026-01-09T12:25:47.587+0000] {dag.py:3823} INFO - Setting next_dagrun for example_task_group to 2026-01-08 00:00:00+00:00, run_after=2026-01-09 00:00:00+00:00
[2026-01-09T12:25:47.636+0000] {processor.py:183} INFO - Processing /home/airflow/.local/lib/python3.8/site-packages/airflow/example_dags/example_task_group.py took 0.154 seconds
[2026-01-09T12:26:18.460+0000] {processor.py:161} INFO - Started process (PID=8708) to work on /home/airflow/.local/lib/python3.8/site-packages/airflow/example_dags/example_task_group.py
[2026-01-09T12:26:18.463+0000] {processor.py:830} INFO - Processing file /home/airflow/.local/lib/python3.8/site-packages/airflow/example_dags/example_task_group.py for tasks to queue
[2026-01-09T12:26:18.465+0000] {logging_mixin.py:188} INFO - [2026-01-09T12:26:18.464+0000] {dagbag.py:538} INFO - Filling up the DagBag from /home/airflow/.local/lib/python3.8/site-packages/airflow/example_dags/example_task_group.py
[2026-01-09T12:26:18.478+0000] {processor.py:840} INFO - DAG(s) 'example_task_group' retrieved from /home/airflow/.local/lib/python3.8/site-packages/airflow/example_dags/example_task_group.py
[2026-01-09T12:26:18.519+0000] {logging_mixin.py:188} INFO - [2026-01-09T12:26:18.519+0000] {dag.py:3036} INFO - Sync 1 DAGs
[2026-01-09T12:26:18.557+0000] {logging_mixin.py:188} INFO - [2026-01-09T12:26:18.557+0000] {dag.py:3823} INFO - Setting next_dagrun for example_task_group to 2026-01-08 00:00:00+00:00, run_after=2026-01-09 00:00:00+00:00
[2026-01-09T12:26:18.595+0000] {processor.py:183} INFO - Processing /home/airflow/.local/lib/python3.8/site-packages/airflow/example_dags/example_task_group.py took 0.141 seconds
[2026-01-09T12:26:48.813+0000] {processor.py:161} INFO - Started process (PID=8955) to work on /home/airflow/.local/lib/python3.8/site-packages/airflow/example_dags/example_task_group.py
[2026-01-09T12:26:48.819+0000] {processor.py:830} INFO - Processing file /home/airflow/.local/lib/python3.8/site-packages/airflow/example_dags/example_task_group.py for tasks to queue
[2026-01-09T12:26:48.821+0000] {logging_mixin.py:188} INFO - [2026-01-09T12:26:48.820+0000] {dagbag.py:538} INFO - Filling up the DagBag from /home/airflow/.local/lib/python3.8/site-packages/airflow/example_dags/example_task_group.py
[2026-01-09T12:26:48.835+0000] {processor.py:840} INFO - DAG(s) 'example_task_group' retrieved from /home/airflow/.local/lib/python3.8/site-packages/airflow/example_dags/example_task_group.py
[2026-01-09T12:26:48.883+0000] {logging_mixin.py:188} INFO - [2026-01-09T12:26:48.883+0000] {dag.py:3036} INFO - Sync 1 DAGs
[2026-01-09T12:26:48.922+0000] {logging_mixin.py:188} INFO - [2026-01-09T12:26:48.922+0000] {dag.py:3823} INFO - Setting next_dagrun for example_task_group to 2026-01-08 00:00:00+00:00, run_after=2026-01-09 00:00:00+00:00
[2026-01-09T12:26:48.967+0000] {processor.py:183} INFO - Processing /home/airflow/.local/lib/python3.8/site-packages/airflow/example_dags/example_task_group.py took 0.160 seconds
[2026-01-09T12:27:19.279+0000] {processor.py:161} INFO - Started process (PID=9202) to work on /home/airflow/.local/lib/python3.8/site-packages/airflow/example_dags/example_task_group.py
[2026-01-09T12:27:19.281+0000] {processor.py:830} INFO - Processing file /home/airflow/.local/lib/python3.8/site-packages/airflow/example_dags/example_task_group.py for tasks to queue
[2026-01-09T12:27:19.283+0000] {logging_mixin.py:188} INFO - [2026-01-09T12:27:19.282+0000] {dagbag.py:538} INFO - Filling up the DagBag from /home/airflow/.local/lib/python3.8/site-packages/airflow/example_dags/example_task_group.py
[2026-01-09T12:27:19.298+0000] {processor.py:840} INFO - DAG(s) 'example_task_group' retrieved from /home/airflow/.local/lib/python3.8/site-packages/airflow/example_dags/example_task_group.py
[2026-01-09T12:27:19.334+0000] {logging_mixin.py:188} INFO - [2026-01-09T12:27:19.334+0000] {dag.py:3036} INFO - Sync 1 DAGs
[2026-01-09T12:27:19.367+0000] {logging_mixin.py:188} INFO - [2026-01-09T12:27:19.367+0000] {dag.py:3823} INFO - Setting next_dagrun for example_task_group to 2026-01-08 00:00:00+00:00, run_after=2026-01-09 00:00:00+00:00
[2026-01-09T12:27:19.406+0000] {processor.py:183} INFO - Processing /home/airflow/.local/lib/python3.8/site-packages/airflow/example_dags/example_task_group.py took 0.134 seconds
[2026-01-09T12:27:50.099+0000] {processor.py:161} INFO - Started process (PID=9443) to work on /home/airflow/.local/lib/python3.8/site-packages/airflow/example_dags/example_task_group.py
[2026-01-09T12:27:50.102+0000] {processor.py:830} INFO - Processing file /home/airflow/.local/lib/python3.8/site-packages/airflow/example_dags/example_task_group.py for tasks to queue
[2026-01-09T12:27:50.104+0000] {logging_mixin.py:188} INFO - [2026-01-09T12:27:50.104+0000] {dagbag.py:538} INFO - Filling up the DagBag from /home/airflow/.local/lib/python3.8/site-packages/airflow/example_dags/example_task_group.py
[2026-01-09T12:27:50.116+0000] {processor.py:840} INFO - DAG(s) 'example_task_group' retrieved from /home/airflow/.local/lib/python3.8/site-packages/airflow/example_dags/example_task_group.py
[2026-01-09T12:27:50.158+0000] {logging_mixin.py:188} INFO - [2026-01-09T12:27:50.158+0000] {dag.py:3036} INFO - Sync 1 DAGs
[2026-01-09T12:27:50.198+0000] {logging_mixin.py:188} INFO - [2026-01-09T12:27:50.197+0000] {dag.py:3823} INFO - Setting next_dagrun for example_task_group to 2026-01-08 00:00:00+00:00, run_after=2026-01-09 00:00:00+00:00
[2026-01-09T12:27:50.241+0000] {processor.py:183} INFO - Processing /home/airflow/.local/lib/python3.8/site-packages/airflow/example_dags/example_task_group.py took 0.148 seconds
[2026-01-09T12:28:20.953+0000] {processor.py:161} INFO - Started process (PID=9692) to work on /home/airflow/.local/lib/python3.8/site-packages/airflow/example_dags/example_task_group.py
[2026-01-09T12:28:20.956+0000] {processor.py:830} INFO - Processing file /home/airflow/.local/lib/python3.8/site-packages/airflow/example_dags/example_task_group.py for tasks to queue
[2026-01-09T12:28:20.957+0000] {logging_mixin.py:188} INFO - [2026-01-09T12:28:20.957+0000] {dagbag.py:538} INFO - Filling up the DagBag from /home/airflow/.local/lib/python3.8/site-packages/airflow/example_dags/example_task_group.py
[2026-01-09T12:28:20.972+0000] {processor.py:840} INFO - DAG(s) 'example_task_group' retrieved from /home/airflow/.local/lib/python3.8/site-packages/airflow/example_dags/example_task_group.py
[2026-01-09T12:28:21.009+0000] {logging_mixin.py:188} INFO - [2026-01-09T12:28:21.009+0000] {dag.py:3036} INFO - Sync 1 DAGs
[2026-01-09T12:28:21.047+0000] {logging_mixin.py:188} INFO - [2026-01-09T12:28:21.047+0000] {dag.py:3823} INFO - Setting next_dagrun for example_task_group to 2026-01-08 00:00:00+00:00, run_after=2026-01-09 00:00:00+00:00
[2026-01-09T12:28:21.088+0000] {processor.py:183} INFO - Processing /home/airflow/.local/lib/python3.8/site-packages/airflow/example_dags/example_task_group.py took 0.141 seconds
[2026-01-09T12:28:51.806+0000] {processor.py:161} INFO - Started process (PID=9939) to work on /home/airflow/.local/lib/python3.8/site-packages/airflow/example_dags/example_task_group.py
[2026-01-09T12:28:51.811+0000] {processor.py:830} INFO - Processing file /home/airflow/.local/lib/python3.8/site-packages/airflow/example_dags/example_task_group.py for tasks to queue
[2026-01-09T12:28:51.812+0000] {logging_mixin.py:188} INFO - [2026-01-09T12:28:51.812+0000] {dagbag.py:538} INFO - Filling up the DagBag from /home/airflow/.local/lib/python3.8/site-packages/airflow/example_dags/example_task_group.py
[2026-01-09T12:28:51.832+0000] {processor.py:840} INFO - DAG(s) 'example_task_group' retrieved from /home/airflow/.local/lib/python3.8/site-packages/airflow/example_dags/example_task_group.py
[2026-01-09T12:28:51.883+0000] {logging_mixin.py:188} INFO - [2026-01-09T12:28:51.883+0000] {dag.py:3036} INFO - Sync 1 DAGs
[2026-01-09T12:28:51.935+0000] {logging_mixin.py:188} INFO - [2026-01-09T12:28:51.935+0000] {dag.py:3823} INFO - Setting next_dagrun for example_task_group to 2026-01-08 00:00:00+00:00, run_after=2026-01-09 00:00:00+00:00
[2026-01-09T12:28:51.986+0000] {processor.py:183} INFO - Processing /home/airflow/.local/lib/python3.8/site-packages/airflow/example_dags/example_task_group.py took 0.187 seconds
[2026-01-09T12:29:22.144+0000] {processor.py:161} INFO - Started process (PID=10184) to work on /home/airflow/.local/lib/python3.8/site-packages/airflow/example_dags/example_task_group.py
[2026-01-09T12:29:22.146+0000] {processor.py:830} INFO - Processing file /home/airflow/.local/lib/python3.8/site-packages/airflow/example_dags/example_task_group.py for tasks to queue
[2026-01-09T12:29:22.148+0000] {logging_mixin.py:188} INFO - [2026-01-09T12:29:22.148+0000] {dagbag.py:538} INFO - Filling up the DagBag from /home/airflow/.local/lib/python3.8/site-packages/airflow/example_dags/example_task_group.py
[2026-01-09T12:29:22.163+0000] {processor.py:840} INFO - DAG(s) 'example_task_group' retrieved from /home/airflow/.local/lib/python3.8/site-packages/airflow/example_dags/example_task_group.py
[2026-01-09T12:29:22.206+0000] {logging_mixin.py:188} INFO - [2026-01-09T12:29:22.205+0000] {dag.py:3036} INFO - Sync 1 DAGs
[2026-01-09T12:29:22.245+0000] {logging_mixin.py:188} INFO - [2026-01-09T12:29:22.244+0000] {dag.py:3823} INFO - Setting next_dagrun for example_task_group to 2026-01-08 00:00:00+00:00, run_after=2026-01-09 00:00:00+00:00
[2026-01-09T12:29:22.289+0000] {processor.py:183} INFO - Processing /home/airflow/.local/lib/python3.8/site-packages/airflow/example_dags/example_task_group.py took 0.151 seconds
[2026-01-09T12:29:53.184+0000] {processor.py:161} INFO - Started process (PID=10431) to work on /home/airflow/.local/lib/python3.8/site-packages/airflow/example_dags/example_task_group.py
[2026-01-09T12:29:53.191+0000] {processor.py:830} INFO - Processing file /home/airflow/.local/lib/python3.8/site-packages/airflow/example_dags/example_task_group.py for tasks to queue
[2026-01-09T12:29:53.194+0000] {logging_mixin.py:188} INFO - [2026-01-09T12:29:53.193+0000] {dagbag.py:538} INFO - Filling up the DagBag from /home/airflow/.local/lib/python3.8/site-packages/airflow/example_dags/example_task_group.py
[2026-01-09T12:29:53.214+0000] {processor.py:840} INFO - DAG(s) 'example_task_group' retrieved from /home/airflow/.local/lib/python3.8/site-packages/airflow/example_dags/example_task_group.py
[2026-01-09T12:29:53.268+0000] {logging_mixin.py:188} INFO - [2026-01-09T12:29:53.267+0000] {dag.py:3036} INFO - Sync 1 DAGs
[2026-01-09T12:29:53.323+0000] {logging_mixin.py:188} INFO - [2026-01-09T12:29:53.323+0000] {dag.py:3823} INFO - Setting next_dagrun for example_task_group to 2026-01-08 00:00:00+00:00, run_after=2026-01-09 00:00:00+00:00
[2026-01-09T12:29:53.400+0000] {processor.py:183} INFO - Processing /home/airflow/.local/lib/python3.8/site-packages/airflow/example_dags/example_task_group.py took 0.224 seconds
[2026-01-09T12:30:24.076+0000] {processor.py:161} INFO - Started process (PID=10685) to work on /home/airflow/.local/lib/python3.8/site-packages/airflow/example_dags/example_task_group.py
[2026-01-09T12:30:24.086+0000] {processor.py:830} INFO - Processing file /home/airflow/.local/lib/python3.8/site-packages/airflow/example_dags/example_task_group.py for tasks to queue
[2026-01-09T12:30:24.088+0000] {logging_mixin.py:188} INFO - [2026-01-09T12:30:24.088+0000] {dagbag.py:538} INFO - Filling up the DagBag from /home/airflow/.local/lib/python3.8/site-packages/airflow/example_dags/example_task_group.py
[2026-01-09T12:30:24.103+0000] {processor.py:840} INFO - DAG(s) 'example_task_group' retrieved from /home/airflow/.local/lib/python3.8/site-packages/airflow/example_dags/example_task_group.py
[2026-01-09T12:30:24.139+0000] {logging_mixin.py:188} INFO - [2026-01-09T12:30:24.139+0000] {dag.py:3036} INFO - Sync 1 DAGs
[2026-01-09T12:30:24.174+0000] {logging_mixin.py:188} INFO - [2026-01-09T12:30:24.173+0000] {dag.py:3823} INFO - Setting next_dagrun for example_task_group to 2026-01-08 00:00:00+00:00, run_after=2026-01-09 00:00:00+00:00
[2026-01-09T12:30:24.220+0000] {processor.py:183} INFO - Processing /home/airflow/.local/lib/python3.8/site-packages/airflow/example_dags/example_task_group.py took 0.151 seconds
[2026-01-09T12:30:54.962+0000] {processor.py:161} INFO - Started process (PID=10934) to work on /home/airflow/.local/lib/python3.8/site-packages/airflow/example_dags/example_task_group.py
[2026-01-09T12:30:54.965+0000] {processor.py:830} INFO - Processing file /home/airflow/.local/lib/python3.8/site-packages/airflow/example_dags/example_task_group.py for tasks to queue
[2026-01-09T12:30:54.967+0000] {logging_mixin.py:188} INFO - [2026-01-09T12:30:54.966+0000] {dagbag.py:538} INFO - Filling up the DagBag from /home/airflow/.local/lib/python3.8/site-packages/airflow/example_dags/example_task_group.py
[2026-01-09T12:30:54.981+0000] {processor.py:840} INFO - DAG(s) 'example_task_group' retrieved from /home/airflow/.local/lib/python3.8/site-packages/airflow/example_dags/example_task_group.py
[2026-01-09T12:30:55.023+0000] {logging_mixin.py:188} INFO - [2026-01-09T12:30:55.023+0000] {dag.py:3036} INFO - Sync 1 DAGs
[2026-01-09T12:30:55.063+0000] {logging_mixin.py:188} INFO - [2026-01-09T12:30:55.063+0000] {dag.py:3823} INFO - Setting next_dagrun for example_task_group to 2026-01-08 00:00:00+00:00, run_after=2026-01-09 00:00:00+00:00
[2026-01-09T12:30:55.108+0000] {processor.py:183} INFO - Processing /home/airflow/.local/lib/python3.8/site-packages/airflow/example_dags/example_task_group.py took 0.154 seconds
[2026-01-09T12:31:25.914+0000] {processor.py:161} INFO - Started process (PID=11178) to work on /home/airflow/.local/lib/python3.8/site-packages/airflow/example_dags/example_task_group.py
[2026-01-09T12:31:25.916+0000] {processor.py:830} INFO - Processing file /home/airflow/.local/lib/python3.8/site-packages/airflow/example_dags/example_task_group.py for tasks to queue
[2026-01-09T12:31:25.917+0000] {logging_mixin.py:188} INFO - [2026-01-09T12:31:25.917+0000] {dagbag.py:538} INFO - Filling up the DagBag from /home/airflow/.local/lib/python3.8/site-packages/airflow/example_dags/example_task_group.py
[2026-01-09T12:31:25.932+0000] {processor.py:840} INFO - DAG(s) 'example_task_group' retrieved from /home/airflow/.local/lib/python3.8/site-packages/airflow/example_dags/example_task_group.py
[2026-01-09T12:31:25.977+0000] {logging_mixin.py:188} INFO - [2026-01-09T12:31:25.977+0000] {dag.py:3036} INFO - Sync 1 DAGs
[2026-01-09T12:31:26.017+0000] {logging_mixin.py:188} INFO - [2026-01-09T12:31:26.017+0000] {dag.py:3823} INFO - Setting next_dagrun for example_task_group to 2026-01-08 00:00:00+00:00, run_after=2026-01-09 00:00:00+00:00
[2026-01-09T12:31:26.061+0000] {processor.py:183} INFO - Processing /home/airflow/.local/lib/python3.8/site-packages/airflow/example_dags/example_task_group.py took 0.154 seconds
[2026-01-09T12:31:56.500+0000] {processor.py:161} INFO - Started process (PID=11427) to work on /home/airflow/.local/lib/python3.8/site-packages/airflow/example_dags/example_task_group.py
[2026-01-09T12:31:56.501+0000] {processor.py:830} INFO - Processing file /home/airflow/.local/lib/python3.8/site-packages/airflow/example_dags/example_task_group.py for tasks to queue
[2026-01-09T12:31:56.503+0000] {logging_mixin.py:188} INFO - [2026-01-09T12:31:56.502+0000] {dagbag.py:538} INFO - Filling up the DagBag from /home/airflow/.local/lib/python3.8/site-packages/airflow/example_dags/example_task_group.py
[2026-01-09T12:31:56.515+0000] {processor.py:840} INFO - DAG(s) 'example_task_group' retrieved from /home/airflow/.local/lib/python3.8/site-packages/airflow/example_dags/example_task_group.py
[2026-01-09T12:31:56.556+0000] {logging_mixin.py:188} INFO - [2026-01-09T12:31:56.555+0000] {dag.py:3036} INFO - Sync 1 DAGs
[2026-01-09T12:31:56.590+0000] {logging_mixin.py:188} INFO - [2026-01-09T12:31:56.590+0000] {dag.py:3823} INFO - Setting next_dagrun for example_task_group to 2026-01-08 00:00:00+00:00, run_after=2026-01-09 00:00:00+00:00
[2026-01-09T12:31:56.636+0000] {processor.py:183} INFO - Processing /home/airflow/.local/lib/python3.8/site-packages/airflow/example_dags/example_task_group.py took 0.142 seconds
[2026-01-09T12:32:27.636+0000] {processor.py:161} INFO - Started process (PID=11674) to work on /home/airflow/.local/lib/python3.8/site-packages/airflow/example_dags/example_task_group.py
[2026-01-09T12:32:27.642+0000] {processor.py:830} INFO - Processing file /home/airflow/.local/lib/python3.8/site-packages/airflow/example_dags/example_task_group.py for tasks to queue
[2026-01-09T12:32:27.644+0000] {logging_mixin.py:188} INFO - [2026-01-09T12:32:27.644+0000] {dagbag.py:538} INFO - Filling up the DagBag from /home/airflow/.local/lib/python3.8/site-packages/airflow/example_dags/example_task_group.py
[2026-01-09T12:32:27.660+0000] {processor.py:840} INFO - DAG(s) 'example_task_group' retrieved from /home/airflow/.local/lib/python3.8/site-packages/airflow/example_dags/example_task_group.py
[2026-01-09T12:32:27.704+0000] {logging_mixin.py:188} INFO - [2026-01-09T12:32:27.703+0000] {dag.py:3036} INFO - Sync 1 DAGs
[2026-01-09T12:32:27.751+0000] {logging_mixin.py:188} INFO - [2026-01-09T12:32:27.750+0000] {dag.py:3823} INFO - Setting next_dagrun for example_task_group to 2026-01-08 00:00:00+00:00, run_after=2026-01-09 00:00:00+00:00
[2026-01-09T12:32:27.803+0000] {processor.py:183} INFO - Processing /home/airflow/.local/lib/python3.8/site-packages/airflow/example_dags/example_task_group.py took 0.174 seconds
[2026-01-09T12:32:58.100+0000] {processor.py:161} INFO - Started process (PID=11919) to work on /home/airflow/.local/lib/python3.8/site-packages/airflow/example_dags/example_task_group.py
[2026-01-09T12:32:58.101+0000] {processor.py:830} INFO - Processing file /home/airflow/.local/lib/python3.8/site-packages/airflow/example_dags/example_task_group.py for tasks to queue
[2026-01-09T12:32:58.103+0000] {logging_mixin.py:188} INFO - [2026-01-09T12:32:58.102+0000] {dagbag.py:538} INFO - Filling up the DagBag from /home/airflow/.local/lib/python3.8/site-packages/airflow/example_dags/example_task_group.py
[2026-01-09T12:32:58.121+0000] {processor.py:840} INFO - DAG(s) 'example_task_group' retrieved from /home/airflow/.local/lib/python3.8/site-packages/airflow/example_dags/example_task_group.py
[2026-01-09T12:32:58.171+0000] {logging_mixin.py:188} INFO - [2026-01-09T12:32:58.170+0000] {dag.py:3036} INFO - Sync 1 DAGs
[2026-01-09T12:32:58.221+0000] {logging_mixin.py:188} INFO - [2026-01-09T12:32:58.221+0000] {dag.py:3823} INFO - Setting next_dagrun for example_task_group to 2026-01-08 00:00:00+00:00, run_after=2026-01-09 00:00:00+00:00
[2026-01-09T12:32:58.268+0000] {processor.py:183} INFO - Processing /home/airflow/.local/lib/python3.8/site-packages/airflow/example_dags/example_task_group.py took 0.175 seconds
[2026-01-09T12:33:28.629+0000] {processor.py:161} INFO - Started process (PID=12166) to work on /home/airflow/.local/lib/python3.8/site-packages/airflow/example_dags/example_task_group.py
[2026-01-09T12:33:28.633+0000] {processor.py:830} INFO - Processing file /home/airflow/.local/lib/python3.8/site-packages/airflow/example_dags/example_task_group.py for tasks to queue
[2026-01-09T12:33:28.635+0000] {logging_mixin.py:188} INFO - [2026-01-09T12:33:28.635+0000] {dagbag.py:538} INFO - Filling up the DagBag from /home/airflow/.local/lib/python3.8/site-packages/airflow/example_dags/example_task_group.py
[2026-01-09T12:33:28.651+0000] {processor.py:840} INFO - DAG(s) 'example_task_group' retrieved from /home/airflow/.local/lib/python3.8/site-packages/airflow/example_dags/example_task_group.py
[2026-01-09T12:33:28.695+0000] {logging_mixin.py:188} INFO - [2026-01-09T12:33:28.694+0000] {dag.py:3036} INFO - Sync 1 DAGs
[2026-01-09T12:33:28.729+0000] {logging_mixin.py:188} INFO - [2026-01-09T12:33:28.729+0000] {dag.py:3823} INFO - Setting next_dagrun for example_task_group to 2026-01-08 00:00:00+00:00, run_after=2026-01-09 00:00:00+00:00
[2026-01-09T12:33:28.770+0000] {processor.py:183} INFO - Processing /home/airflow/.local/lib/python3.8/site-packages/airflow/example_dags/example_task_group.py took 0.147 seconds
[2026-01-09T12:33:59.559+0000] {processor.py:161} INFO - Started process (PID=12413) to work on /home/airflow/.local/lib/python3.8/site-packages/airflow/example_dags/example_task_group.py
[2026-01-09T12:33:59.560+0000] {processor.py:830} INFO - Processing file /home/airflow/.local/lib/python3.8/site-packages/airflow/example_dags/example_task_group.py for tasks to queue
[2026-01-09T12:33:59.561+0000] {logging_mixin.py:188} INFO - [2026-01-09T12:33:59.561+0000] {dagbag.py:538} INFO - Filling up the DagBag from /home/airflow/.local/lib/python3.8/site-packages/airflow/example_dags/example_task_group.py
[2026-01-09T12:33:59.577+0000] {processor.py:840} INFO - DAG(s) 'example_task_group' retrieved from /home/airflow/.local/lib/python3.8/site-packages/airflow/example_dags/example_task_group.py
[2026-01-09T12:33:59.617+0000] {logging_mixin.py:188} INFO - [2026-01-09T12:33:59.616+0000] {dag.py:3036} INFO - Sync 1 DAGs
[2026-01-09T12:33:59.660+0000] {logging_mixin.py:188} INFO - [2026-01-09T12:33:59.659+0000] {dag.py:3823} INFO - Setting next_dagrun for example_task_group to 2026-01-08 00:00:00+00:00, run_after=2026-01-09 00:00:00+00:00
[2026-01-09T12:33:59.701+0000] {processor.py:183} INFO - Processing /home/airflow/.local/lib/python3.8/site-packages/airflow/example_dags/example_task_group.py took 0.150 seconds
[2026-01-09T12:34:30.196+0000] {processor.py:161} INFO - Started process (PID=12662) to work on /home/airflow/.local/lib/python3.8/site-packages/airflow/example_dags/example_task_group.py
[2026-01-09T12:34:30.198+0000] {processor.py:830} INFO - Processing file /home/airflow/.local/lib/python3.8/site-packages/airflow/example_dags/example_task_group.py for tasks to queue
[2026-01-09T12:34:30.200+0000] {logging_mixin.py:188} INFO - [2026-01-09T12:34:30.199+0000] {dagbag.py:538} INFO - Filling up the DagBag from /home/airflow/.local/lib/python3.8/site-packages/airflow/example_dags/example_task_group.py
[2026-01-09T12:34:30.218+0000] {processor.py:840} INFO - DAG(s) 'example_task_group' retrieved from /home/airflow/.local/lib/python3.8/site-packages/airflow/example_dags/example_task_group.py
[2026-01-09T12:34:30.271+0000] {logging_mixin.py:188} INFO - [2026-01-09T12:34:30.270+0000] {dag.py:3036} INFO - Sync 1 DAGs
[2026-01-09T12:34:30.324+0000] {logging_mixin.py:188} INFO - [2026-01-09T12:34:30.323+0000] {dag.py:3823} INFO - Setting next_dagrun for example_task_group to 2026-01-08 00:00:00+00:00, run_after=2026-01-09 00:00:00+00:00
[2026-01-09T12:34:30.374+0000] {processor.py:183} INFO - Processing /home/airflow/.local/lib/python3.8/site-packages/airflow/example_dags/example_task_group.py took 0.185 seconds
[2026-01-09T12:35:00.682+0000] {processor.py:161} INFO - Started process (PID=12907) to work on /home/airflow/.local/lib/python3.8/site-packages/airflow/example_dags/example_task_group.py
[2026-01-09T12:35:00.684+0000] {processor.py:830} INFO - Processing file /home/airflow/.local/lib/python3.8/site-packages/airflow/example_dags/example_task_group.py for tasks to queue
[2026-01-09T12:35:00.686+0000] {logging_mixin.py:188} INFO - [2026-01-09T12:35:00.685+0000] {dagbag.py:538} INFO - Filling up the DagBag from /home/airflow/.local/lib/python3.8/site-packages/airflow/example_dags/example_task_group.py
[2026-01-09T12:35:00.704+0000] {processor.py:840} INFO - DAG(s) 'example_task_group' retrieved from /home/airflow/.local/lib/python3.8/site-packages/airflow/example_dags/example_task_group.py
[2026-01-09T12:35:00.750+0000] {logging_mixin.py:188} INFO - [2026-01-09T12:35:00.749+0000] {dag.py:3036} INFO - Sync 1 DAGs
[2026-01-09T12:35:00.795+0000] {logging_mixin.py:188} INFO - [2026-01-09T12:35:00.795+0000] {dag.py:3823} INFO - Setting next_dagrun for example_task_group to 2026-01-08 00:00:00+00:00, run_after=2026-01-09 00:00:00+00:00
[2026-01-09T12:35:00.848+0000] {processor.py:183} INFO - Processing /home/airflow/.local/lib/python3.8/site-packages/airflow/example_dags/example_task_group.py took 0.174 seconds
[2026-01-09T12:35:31.200+0000] {processor.py:161} INFO - Started process (PID=13154) to work on /home/airflow/.local/lib/python3.8/site-packages/airflow/example_dags/example_task_group.py
[2026-01-09T12:35:31.202+0000] {processor.py:830} INFO - Processing file /home/airflow/.local/lib/python3.8/site-packages/airflow/example_dags/example_task_group.py for tasks to queue
[2026-01-09T12:35:31.203+0000] {logging_mixin.py:188} INFO - [2026-01-09T12:35:31.203+0000] {dagbag.py:538} INFO - Filling up the DagBag from /home/airflow/.local/lib/python3.8/site-packages/airflow/example_dags/example_task_group.py
[2026-01-09T12:35:31.217+0000] {processor.py:840} INFO - DAG(s) 'example_task_group' retrieved from /home/airflow/.local/lib/python3.8/site-packages/airflow/example_dags/example_task_group.py
[2026-01-09T12:35:31.267+0000] {logging_mixin.py:188} INFO - [2026-01-09T12:35:31.266+0000] {dag.py:3036} INFO - Sync 1 DAGs
[2026-01-09T12:35:31.302+0000] {logging_mixin.py:188} INFO - [2026-01-09T12:35:31.301+0000] {dag.py:3823} INFO - Setting next_dagrun for example_task_group to 2026-01-08 00:00:00+00:00, run_after=2026-01-09 00:00:00+00:00
[2026-01-09T12:35:31.396+0000] {processor.py:183} INFO - Processing /home/airflow/.local/lib/python3.8/site-packages/airflow/example_dags/example_task_group.py took 0.204 seconds
[2026-01-09T12:36:02.225+0000] {processor.py:161} INFO - Started process (PID=13401) to work on /home/airflow/.local/lib/python3.8/site-packages/airflow/example_dags/example_task_group.py
[2026-01-09T12:36:02.227+0000] {processor.py:830} INFO - Processing file /home/airflow/.local/lib/python3.8/site-packages/airflow/example_dags/example_task_group.py for tasks to queue
[2026-01-09T12:36:02.229+0000] {logging_mixin.py:188} INFO - [2026-01-09T12:36:02.228+0000] {dagbag.py:538} INFO - Filling up the DagBag from /home/airflow/.local/lib/python3.8/site-packages/airflow/example_dags/example_task_group.py
[2026-01-09T12:36:02.246+0000] {processor.py:840} INFO - DAG(s) 'example_task_group' retrieved from /home/airflow/.local/lib/python3.8/site-packages/airflow/example_dags/example_task_group.py
[2026-01-09T12:36:02.295+0000] {logging_mixin.py:188} INFO - [2026-01-09T12:36:02.294+0000] {dag.py:3036} INFO - Sync 1 DAGs
[2026-01-09T12:36:02.344+0000] {logging_mixin.py:188} INFO - [2026-01-09T12:36:02.343+0000] {dag.py:3823} INFO - Setting next_dagrun for example_task_group to 2026-01-08 00:00:00+00:00, run_after=2026-01-09 00:00:00+00:00
[2026-01-09T12:36:02.392+0000] {processor.py:183} INFO - Processing /home/airflow/.local/lib/python3.8/site-packages/airflow/example_dags/example_task_group.py took 0.174 seconds
[2026-01-09T12:36:32.684+0000] {processor.py:161} INFO - Started process (PID=13650) to work on /home/airflow/.local/lib/python3.8/site-packages/airflow/example_dags/example_task_group.py
[2026-01-09T12:36:32.686+0000] {processor.py:830} INFO - Processing file /home/airflow/.local/lib/python3.8/site-packages/airflow/example_dags/example_task_group.py for tasks to queue
[2026-01-09T12:36:32.688+0000] {logging_mixin.py:188} INFO - [2026-01-09T12:36:32.687+0000] {dagbag.py:538} INFO - Filling up the DagBag from /home/airflow/.local/lib/python3.8/site-packages/airflow/example_dags/example_task_group.py
[2026-01-09T12:36:32.702+0000] {processor.py:840} INFO - DAG(s) 'example_task_group' retrieved from /home/airflow/.local/lib/python3.8/site-packages/airflow/example_dags/example_task_group.py
[2026-01-09T12:36:32.742+0000] {logging_mixin.py:188} INFO - [2026-01-09T12:36:32.742+0000] {dag.py:3036} INFO - Sync 1 DAGs
[2026-01-09T12:36:32.782+0000] {logging_mixin.py:188} INFO - [2026-01-09T12:36:32.782+0000] {dag.py:3823} INFO - Setting next_dagrun for example_task_group to 2026-01-08 00:00:00+00:00, run_after=2026-01-09 00:00:00+00:00
[2026-01-09T12:36:32.828+0000] {processor.py:183} INFO - Processing /home/airflow/.local/lib/python3.8/site-packages/airflow/example_dags/example_task_group.py took 0.151 seconds
[2026-01-09T12:37:03.089+0000] {processor.py:161} INFO - Started process (PID=13897) to work on /home/airflow/.local/lib/python3.8/site-packages/airflow/example_dags/example_task_group.py
[2026-01-09T12:37:03.090+0000] {processor.py:830} INFO - Processing file /home/airflow/.local/lib/python3.8/site-packages/airflow/example_dags/example_task_group.py for tasks to queue
[2026-01-09T12:37:03.091+0000] {logging_mixin.py:188} INFO - [2026-01-09T12:37:03.091+0000] {dagbag.py:538} INFO - Filling up the DagBag from /home/airflow/.local/lib/python3.8/site-packages/airflow/example_dags/example_task_group.py
[2026-01-09T12:37:03.105+0000] {processor.py:840} INFO - DAG(s) 'example_task_group' retrieved from /home/airflow/.local/lib/python3.8/site-packages/airflow/example_dags/example_task_group.py
[2026-01-09T12:37:03.148+0000] {logging_mixin.py:188} INFO - [2026-01-09T12:37:03.147+0000] {dag.py:3036} INFO - Sync 1 DAGs
[2026-01-09T12:37:03.187+0000] {logging_mixin.py:188} INFO - [2026-01-09T12:37:03.187+0000] {dag.py:3823} INFO - Setting next_dagrun for example_task_group to 2026-01-08 00:00:00+00:00, run_after=2026-01-09 00:00:00+00:00
[2026-01-09T12:37:03.236+0000] {processor.py:183} INFO - Processing /home/airflow/.local/lib/python3.8/site-packages/airflow/example_dags/example_task_group.py took 0.155 seconds
[2026-01-09T12:37:33.332+0000] {processor.py:161} INFO - Started process (PID=14142) to work on /home/airflow/.local/lib/python3.8/site-packages/airflow/example_dags/example_task_group.py
[2026-01-09T12:37:33.335+0000] {processor.py:830} INFO - Processing file /home/airflow/.local/lib/python3.8/site-packages/airflow/example_dags/example_task_group.py for tasks to queue
[2026-01-09T12:37:33.337+0000] {logging_mixin.py:188} INFO - [2026-01-09T12:37:33.337+0000] {dagbag.py:538} INFO - Filling up the DagBag from /home/airflow/.local/lib/python3.8/site-packages/airflow/example_dags/example_task_group.py
[2026-01-09T12:37:33.354+0000] {processor.py:840} INFO - DAG(s) 'example_task_group' retrieved from /home/airflow/.local/lib/python3.8/site-packages/airflow/example_dags/example_task_group.py
[2026-01-09T12:37:33.397+0000] {logging_mixin.py:188} INFO - [2026-01-09T12:37:33.397+0000] {dag.py:3036} INFO - Sync 1 DAGs
[2026-01-09T12:37:33.430+0000] {logging_mixin.py:188} INFO - [2026-01-09T12:37:33.430+0000] {dag.py:3823} INFO - Setting next_dagrun for example_task_group to 2026-01-08 00:00:00+00:00, run_after=2026-01-09 00:00:00+00:00
[2026-01-09T12:37:33.468+0000] {processor.py:183} INFO - Processing /home/airflow/.local/lib/python3.8/site-packages/airflow/example_dags/example_task_group.py took 0.142 seconds
[2026-01-09T12:38:04.094+0000] {processor.py:161} INFO - Started process (PID=14391) to work on /home/airflow/.local/lib/python3.8/site-packages/airflow/example_dags/example_task_group.py
[2026-01-09T12:38:04.095+0000] {processor.py:830} INFO - Processing file /home/airflow/.local/lib/python3.8/site-packages/airflow/example_dags/example_task_group.py for tasks to queue
[2026-01-09T12:38:04.097+0000] {logging_mixin.py:188} INFO - [2026-01-09T12:38:04.096+0000] {dagbag.py:538} INFO - Filling up the DagBag from /home/airflow/.local/lib/python3.8/site-packages/airflow/example_dags/example_task_group.py
[2026-01-09T12:38:04.112+0000] {processor.py:840} INFO - DAG(s) 'example_task_group' retrieved from /home/airflow/.local/lib/python3.8/site-packages/airflow/example_dags/example_task_group.py
[2026-01-09T12:38:04.164+0000] {logging_mixin.py:188} INFO - [2026-01-09T12:38:04.164+0000] {dag.py:3036} INFO - Sync 1 DAGs
[2026-01-09T12:38:04.206+0000] {logging_mixin.py:188} INFO - [2026-01-09T12:38:04.206+0000] {dag.py:3823} INFO - Setting next_dagrun for example_task_group to 2026-01-08 00:00:00+00:00, run_after=2026-01-09 00:00:00+00:00
[2026-01-09T12:38:04.253+0000] {processor.py:183} INFO - Processing /home/airflow/.local/lib/python3.8/site-packages/airflow/example_dags/example_task_group.py took 0.166 seconds
[2026-01-09T12:38:34.409+0000] {processor.py:161} INFO - Started process (PID=14638) to work on /home/airflow/.local/lib/python3.8/site-packages/airflow/example_dags/example_task_group.py
[2026-01-09T12:38:34.411+0000] {processor.py:830} INFO - Processing file /home/airflow/.local/lib/python3.8/site-packages/airflow/example_dags/example_task_group.py for tasks to queue
[2026-01-09T12:38:34.412+0000] {logging_mixin.py:188} INFO - [2026-01-09T12:38:34.412+0000] {dagbag.py:538} INFO - Filling up the DagBag from /home/airflow/.local/lib/python3.8/site-packages/airflow/example_dags/example_task_group.py
[2026-01-09T12:38:34.426+0000] {processor.py:840} INFO - DAG(s) 'example_task_group' retrieved from /home/airflow/.local/lib/python3.8/site-packages/airflow/example_dags/example_task_group.py
[2026-01-09T12:38:34.464+0000] {logging_mixin.py:188} INFO - [2026-01-09T12:38:34.463+0000] {dag.py:3036} INFO - Sync 1 DAGs
[2026-01-09T12:38:34.500+0000] {logging_mixin.py:188} INFO - [2026-01-09T12:38:34.500+0000] {dag.py:3823} INFO - Setting next_dagrun for example_task_group to 2026-01-08 00:00:00+00:00, run_after=2026-01-09 00:00:00+00:00
[2026-01-09T12:38:34.535+0000] {processor.py:183} INFO - Processing /home/airflow/.local/lib/python3.8/site-packages/airflow/example_dags/example_task_group.py took 0.131 seconds
[2026-01-09T12:39:05.302+0000] {processor.py:161} INFO - Started process (PID=14883) to work on /home/airflow/.local/lib/python3.8/site-packages/airflow/example_dags/example_task_group.py
[2026-01-09T12:39:05.307+0000] {processor.py:830} INFO - Processing file /home/airflow/.local/lib/python3.8/site-packages/airflow/example_dags/example_task_group.py for tasks to queue
[2026-01-09T12:39:05.309+0000] {logging_mixin.py:188} INFO - [2026-01-09T12:39:05.309+0000] {dagbag.py:538} INFO - Filling up the DagBag from /home/airflow/.local/lib/python3.8/site-packages/airflow/example_dags/example_task_group.py
[2026-01-09T12:39:05.322+0000] {processor.py:840} INFO - DAG(s) 'example_task_group' retrieved from /home/airflow/.local/lib/python3.8/site-packages/airflow/example_dags/example_task_group.py
[2026-01-09T12:39:05.359+0000] {logging_mixin.py:188} INFO - [2026-01-09T12:39:05.359+0000] {dag.py:3036} INFO - Sync 1 DAGs
[2026-01-09T12:39:05.395+0000] {logging_mixin.py:188} INFO - [2026-01-09T12:39:05.394+0000] {dag.py:3823} INFO - Setting next_dagrun for example_task_group to 2026-01-08 00:00:00+00:00, run_after=2026-01-09 00:00:00+00:00
[2026-01-09T12:39:05.432+0000] {processor.py:183} INFO - Processing /home/airflow/.local/lib/python3.8/site-packages/airflow/example_dags/example_task_group.py took 0.140 seconds
[2026-01-09T12:39:36.028+0000] {processor.py:161} INFO - Started process (PID=15130) to work on /home/airflow/.local/lib/python3.8/site-packages/airflow/example_dags/example_task_group.py
[2026-01-09T12:39:36.031+0000] {processor.py:830} INFO - Processing file /home/airflow/.local/lib/python3.8/site-packages/airflow/example_dags/example_task_group.py for tasks to queue
[2026-01-09T12:39:36.033+0000] {logging_mixin.py:188} INFO - [2026-01-09T12:39:36.032+0000] {dagbag.py:538} INFO - Filling up the DagBag from /home/airflow/.local/lib/python3.8/site-packages/airflow/example_dags/example_task_group.py
[2026-01-09T12:39:36.048+0000] {processor.py:840} INFO - DAG(s) 'example_task_group' retrieved from /home/airflow/.local/lib/python3.8/site-packages/airflow/example_dags/example_task_group.py
[2026-01-09T12:39:36.090+0000] {logging_mixin.py:188} INFO - [2026-01-09T12:39:36.090+0000] {dag.py:3036} INFO - Sync 1 DAGs
[2026-01-09T12:39:36.129+0000] {logging_mixin.py:188} INFO - [2026-01-09T12:39:36.129+0000] {dag.py:3823} INFO - Setting next_dagrun for example_task_group to 2026-01-08 00:00:00+00:00, run_after=2026-01-09 00:00:00+00:00
[2026-01-09T12:39:36.354+0000] {processor.py:183} INFO - Processing /home/airflow/.local/lib/python3.8/site-packages/airflow/example_dags/example_task_group.py took 0.334 seconds
