[2026-01-09T12:08:53.625+0000] {processor.py:161} INFO - Started process (PID=252) to work on /home/airflow/.local/lib/python3.8/site-packages/airflow/example_dags/example_dag_decorator.py
[2026-01-09T12:08:53.627+0000] {processor.py:830} INFO - Processing file /home/airflow/.local/lib/python3.8/site-packages/airflow/example_dags/example_dag_decorator.py for tasks to queue
[2026-01-09T12:08:53.638+0000] {logging_mixin.py:188} INFO - [2026-01-09T12:08:53.629+0000] {dagbag.py:538} INFO - Filling up the DagBag from /home/airflow/.local/lib/python3.8/site-packages/airflow/example_dags/example_dag_decorator.py
[2026-01-09T12:08:54.047+0000] {processor.py:840} INFO - DAG(s) 'example_dag_decorator' retrieved from /home/airflow/.local/lib/python3.8/site-packages/airflow/example_dags/example_dag_decorator.py
[2026-01-09T12:08:54.223+0000] {logging_mixin.py:188} INFO - [2026-01-09T12:08:54.222+0000] {dag.py:3036} INFO - Sync 1 DAGs
[2026-01-09T12:08:54.244+0000] {logging_mixin.py:188} INFO - [2026-01-09T12:08:54.243+0000] {dag.py:3823} INFO - Setting next_dagrun for example_dag_decorator to None, run_after=None
[2026-01-09T12:08:54.298+0000] {processor.py:183} INFO - Processing /home/airflow/.local/lib/python3.8/site-packages/airflow/example_dags/example_dag_decorator.py took 0.682 seconds
[2026-01-09T12:09:24.364+0000] {processor.py:161} INFO - Started process (PID=501) to work on /home/airflow/.local/lib/python3.8/site-packages/airflow/example_dags/example_dag_decorator.py
[2026-01-09T12:09:24.367+0000] {processor.py:830} INFO - Processing file /home/airflow/.local/lib/python3.8/site-packages/airflow/example_dags/example_dag_decorator.py for tasks to queue
[2026-01-09T12:09:24.368+0000] {logging_mixin.py:188} INFO - [2026-01-09T12:09:24.368+0000] {dagbag.py:538} INFO - Filling up the DagBag from /home/airflow/.local/lib/python3.8/site-packages/airflow/example_dags/example_dag_decorator.py
[2026-01-09T12:09:24.534+0000] {processor.py:840} INFO - DAG(s) 'example_dag_decorator' retrieved from /home/airflow/.local/lib/python3.8/site-packages/airflow/example_dags/example_dag_decorator.py
[2026-01-09T12:09:24.731+0000] {logging_mixin.py:188} INFO - [2026-01-09T12:09:24.731+0000] {dag.py:3036} INFO - Sync 1 DAGs
[2026-01-09T12:09:24.747+0000] {logging_mixin.py:188} INFO - [2026-01-09T12:09:24.746+0000] {dag.py:3823} INFO - Setting next_dagrun for example_dag_decorator to None, run_after=None
[2026-01-09T12:09:24.796+0000] {processor.py:183} INFO - Processing /home/airflow/.local/lib/python3.8/site-packages/airflow/example_dags/example_dag_decorator.py took 0.439 seconds
[2026-01-09T12:09:55.425+0000] {processor.py:161} INFO - Started process (PID=746) to work on /home/airflow/.local/lib/python3.8/site-packages/airflow/example_dags/example_dag_decorator.py
[2026-01-09T12:09:55.442+0000] {processor.py:830} INFO - Processing file /home/airflow/.local/lib/python3.8/site-packages/airflow/example_dags/example_dag_decorator.py for tasks to queue
[2026-01-09T12:09:55.457+0000] {logging_mixin.py:188} INFO - [2026-01-09T12:09:55.456+0000] {dagbag.py:538} INFO - Filling up the DagBag from /home/airflow/.local/lib/python3.8/site-packages/airflow/example_dags/example_dag_decorator.py
[2026-01-09T12:09:55.681+0000] {processor.py:840} INFO - DAG(s) 'example_dag_decorator' retrieved from /home/airflow/.local/lib/python3.8/site-packages/airflow/example_dags/example_dag_decorator.py
[2026-01-09T12:09:55.918+0000] {logging_mixin.py:188} INFO - [2026-01-09T12:09:55.918+0000] {dag.py:3036} INFO - Sync 1 DAGs
[2026-01-09T12:09:55.941+0000] {logging_mixin.py:188} INFO - [2026-01-09T12:09:55.940+0000] {dag.py:3823} INFO - Setting next_dagrun for example_dag_decorator to None, run_after=None
[2026-01-09T12:09:55.999+0000] {processor.py:183} INFO - Processing /home/airflow/.local/lib/python3.8/site-packages/airflow/example_dags/example_dag_decorator.py took 0.630 seconds
[2026-01-09T12:10:26.485+0000] {processor.py:161} INFO - Started process (PID=998) to work on /home/airflow/.local/lib/python3.8/site-packages/airflow/example_dags/example_dag_decorator.py
[2026-01-09T12:10:26.487+0000] {processor.py:830} INFO - Processing file /home/airflow/.local/lib/python3.8/site-packages/airflow/example_dags/example_dag_decorator.py for tasks to queue
[2026-01-09T12:10:26.488+0000] {logging_mixin.py:188} INFO - [2026-01-09T12:10:26.487+0000] {dagbag.py:538} INFO - Filling up the DagBag from /home/airflow/.local/lib/python3.8/site-packages/airflow/example_dags/example_dag_decorator.py
[2026-01-09T12:10:26.615+0000] {processor.py:840} INFO - DAG(s) 'example_dag_decorator' retrieved from /home/airflow/.local/lib/python3.8/site-packages/airflow/example_dags/example_dag_decorator.py
[2026-01-09T12:10:26.796+0000] {logging_mixin.py:188} INFO - [2026-01-09T12:10:26.796+0000] {dag.py:3036} INFO - Sync 1 DAGs
[2026-01-09T12:10:26.814+0000] {logging_mixin.py:188} INFO - [2026-01-09T12:10:26.814+0000] {dag.py:3823} INFO - Setting next_dagrun for example_dag_decorator to None, run_after=None
[2026-01-09T12:10:26.858+0000] {processor.py:183} INFO - Processing /home/airflow/.local/lib/python3.8/site-packages/airflow/example_dags/example_dag_decorator.py took 0.379 seconds
[2026-01-09T12:10:57.058+0000] {processor.py:161} INFO - Started process (PID=1240) to work on /home/airflow/.local/lib/python3.8/site-packages/airflow/example_dags/example_dag_decorator.py
[2026-01-09T12:10:57.060+0000] {processor.py:830} INFO - Processing file /home/airflow/.local/lib/python3.8/site-packages/airflow/example_dags/example_dag_decorator.py for tasks to queue
[2026-01-09T12:10:57.061+0000] {logging_mixin.py:188} INFO - [2026-01-09T12:10:57.061+0000] {dagbag.py:538} INFO - Filling up the DagBag from /home/airflow/.local/lib/python3.8/site-packages/airflow/example_dags/example_dag_decorator.py
[2026-01-09T12:10:57.235+0000] {processor.py:840} INFO - DAG(s) 'example_dag_decorator' retrieved from /home/airflow/.local/lib/python3.8/site-packages/airflow/example_dags/example_dag_decorator.py
[2026-01-09T12:10:57.434+0000] {logging_mixin.py:188} INFO - [2026-01-09T12:10:57.433+0000] {dag.py:3036} INFO - Sync 1 DAGs
[2026-01-09T12:10:57.459+0000] {logging_mixin.py:188} INFO - [2026-01-09T12:10:57.458+0000] {dag.py:3823} INFO - Setting next_dagrun for example_dag_decorator to None, run_after=None
[2026-01-09T12:10:57.520+0000] {processor.py:183} INFO - Processing /home/airflow/.local/lib/python3.8/site-packages/airflow/example_dags/example_dag_decorator.py took 0.469 seconds
[2026-01-09T12:11:27.965+0000] {processor.py:161} INFO - Started process (PID=1494) to work on /home/airflow/.local/lib/python3.8/site-packages/airflow/example_dags/example_dag_decorator.py
[2026-01-09T12:11:27.969+0000] {processor.py:830} INFO - Processing file /home/airflow/.local/lib/python3.8/site-packages/airflow/example_dags/example_dag_decorator.py for tasks to queue
[2026-01-09T12:11:27.972+0000] {logging_mixin.py:188} INFO - [2026-01-09T12:11:27.971+0000] {dagbag.py:538} INFO - Filling up the DagBag from /home/airflow/.local/lib/python3.8/site-packages/airflow/example_dags/example_dag_decorator.py
[2026-01-09T12:11:28.139+0000] {processor.py:840} INFO - DAG(s) 'example_dag_decorator' retrieved from /home/airflow/.local/lib/python3.8/site-packages/airflow/example_dags/example_dag_decorator.py
[2026-01-09T12:11:28.395+0000] {logging_mixin.py:188} INFO - [2026-01-09T12:11:28.394+0000] {dag.py:3036} INFO - Sync 1 DAGs
[2026-01-09T12:11:28.422+0000] {logging_mixin.py:188} INFO - [2026-01-09T12:11:28.421+0000] {dag.py:3823} INFO - Setting next_dagrun for example_dag_decorator to None, run_after=None
[2026-01-09T12:11:28.495+0000] {processor.py:183} INFO - Processing /home/airflow/.local/lib/python3.8/site-packages/airflow/example_dags/example_dag_decorator.py took 0.541 seconds
[2026-01-09T12:11:59.285+0000] {processor.py:161} INFO - Started process (PID=1747) to work on /home/airflow/.local/lib/python3.8/site-packages/airflow/example_dags/example_dag_decorator.py
[2026-01-09T12:11:59.287+0000] {processor.py:830} INFO - Processing file /home/airflow/.local/lib/python3.8/site-packages/airflow/example_dags/example_dag_decorator.py for tasks to queue
[2026-01-09T12:11:59.289+0000] {logging_mixin.py:188} INFO - [2026-01-09T12:11:59.288+0000] {dagbag.py:538} INFO - Filling up the DagBag from /home/airflow/.local/lib/python3.8/site-packages/airflow/example_dags/example_dag_decorator.py
[2026-01-09T12:11:59.438+0000] {processor.py:840} INFO - DAG(s) 'example_dag_decorator' retrieved from /home/airflow/.local/lib/python3.8/site-packages/airflow/example_dags/example_dag_decorator.py
[2026-01-09T12:11:59.669+0000] {logging_mixin.py:188} INFO - [2026-01-09T12:11:59.668+0000] {dag.py:3036} INFO - Sync 1 DAGs
[2026-01-09T12:11:59.693+0000] {logging_mixin.py:188} INFO - [2026-01-09T12:11:59.692+0000] {dag.py:3823} INFO - Setting next_dagrun for example_dag_decorator to None, run_after=None
[2026-01-09T12:11:59.743+0000] {processor.py:183} INFO - Processing /home/airflow/.local/lib/python3.8/site-packages/airflow/example_dags/example_dag_decorator.py took 0.469 seconds
[2026-01-09T12:12:29.971+0000] {processor.py:161} INFO - Started process (PID=1994) to work on /home/airflow/.local/lib/python3.8/site-packages/airflow/example_dags/example_dag_decorator.py
[2026-01-09T12:12:29.974+0000] {processor.py:830} INFO - Processing file /home/airflow/.local/lib/python3.8/site-packages/airflow/example_dags/example_dag_decorator.py for tasks to queue
[2026-01-09T12:12:29.976+0000] {logging_mixin.py:188} INFO - [2026-01-09T12:12:29.975+0000] {dagbag.py:538} INFO - Filling up the DagBag from /home/airflow/.local/lib/python3.8/site-packages/airflow/example_dags/example_dag_decorator.py
[2026-01-09T12:12:30.147+0000] {processor.py:840} INFO - DAG(s) 'example_dag_decorator' retrieved from /home/airflow/.local/lib/python3.8/site-packages/airflow/example_dags/example_dag_decorator.py
[2026-01-09T12:12:30.357+0000] {logging_mixin.py:188} INFO - [2026-01-09T12:12:30.357+0000] {dag.py:3036} INFO - Sync 1 DAGs
[2026-01-09T12:12:30.391+0000] {logging_mixin.py:188} INFO - [2026-01-09T12:12:30.390+0000] {dag.py:3823} INFO - Setting next_dagrun for example_dag_decorator to None, run_after=None
[2026-01-09T12:12:30.448+0000] {processor.py:183} INFO - Processing /home/airflow/.local/lib/python3.8/site-packages/airflow/example_dags/example_dag_decorator.py took 0.486 seconds
[2026-01-09T12:13:00.577+0000] {processor.py:161} INFO - Started process (PID=2241) to work on /home/airflow/.local/lib/python3.8/site-packages/airflow/example_dags/example_dag_decorator.py
[2026-01-09T12:13:00.582+0000] {processor.py:830} INFO - Processing file /home/airflow/.local/lib/python3.8/site-packages/airflow/example_dags/example_dag_decorator.py for tasks to queue
[2026-01-09T12:13:00.584+0000] {logging_mixin.py:188} INFO - [2026-01-09T12:13:00.583+0000] {dagbag.py:538} INFO - Filling up the DagBag from /home/airflow/.local/lib/python3.8/site-packages/airflow/example_dags/example_dag_decorator.py
[2026-01-09T12:13:00.736+0000] {processor.py:840} INFO - DAG(s) 'example_dag_decorator' retrieved from /home/airflow/.local/lib/python3.8/site-packages/airflow/example_dags/example_dag_decorator.py
[2026-01-09T12:13:00.912+0000] {logging_mixin.py:188} INFO - [2026-01-09T12:13:00.912+0000] {dag.py:3036} INFO - Sync 1 DAGs
[2026-01-09T12:13:00.929+0000] {logging_mixin.py:188} INFO - [2026-01-09T12:13:00.929+0000] {dag.py:3823} INFO - Setting next_dagrun for example_dag_decorator to None, run_after=None
[2026-01-09T12:13:00.969+0000] {processor.py:183} INFO - Processing /home/airflow/.local/lib/python3.8/site-packages/airflow/example_dags/example_dag_decorator.py took 0.399 seconds
[2026-01-09T12:13:31.071+0000] {processor.py:161} INFO - Started process (PID=2491) to work on /home/airflow/.local/lib/python3.8/site-packages/airflow/example_dags/example_dag_decorator.py
[2026-01-09T12:13:31.072+0000] {processor.py:830} INFO - Processing file /home/airflow/.local/lib/python3.8/site-packages/airflow/example_dags/example_dag_decorator.py for tasks to queue
[2026-01-09T12:13:31.074+0000] {logging_mixin.py:188} INFO - [2026-01-09T12:13:31.074+0000] {dagbag.py:538} INFO - Filling up the DagBag from /home/airflow/.local/lib/python3.8/site-packages/airflow/example_dags/example_dag_decorator.py
[2026-01-09T12:13:31.216+0000] {processor.py:840} INFO - DAG(s) 'example_dag_decorator' retrieved from /home/airflow/.local/lib/python3.8/site-packages/airflow/example_dags/example_dag_decorator.py
[2026-01-09T12:13:31.449+0000] {logging_mixin.py:188} INFO - [2026-01-09T12:13:31.448+0000] {dag.py:3036} INFO - Sync 1 DAGs
[2026-01-09T12:13:31.474+0000] {logging_mixin.py:188} INFO - [2026-01-09T12:13:31.473+0000] {dag.py:3823} INFO - Setting next_dagrun for example_dag_decorator to None, run_after=None
[2026-01-09T12:13:31.521+0000] {processor.py:183} INFO - Processing /home/airflow/.local/lib/python3.8/site-packages/airflow/example_dags/example_dag_decorator.py took 0.458 seconds
[2026-01-09T12:14:01.586+0000] {processor.py:161} INFO - Started process (PID=2740) to work on /home/airflow/.local/lib/python3.8/site-packages/airflow/example_dags/example_dag_decorator.py
[2026-01-09T12:14:01.588+0000] {processor.py:830} INFO - Processing file /home/airflow/.local/lib/python3.8/site-packages/airflow/example_dags/example_dag_decorator.py for tasks to queue
[2026-01-09T12:14:01.590+0000] {logging_mixin.py:188} INFO - [2026-01-09T12:14:01.589+0000] {dagbag.py:538} INFO - Filling up the DagBag from /home/airflow/.local/lib/python3.8/site-packages/airflow/example_dags/example_dag_decorator.py
[2026-01-09T12:14:01.771+0000] {processor.py:840} INFO - DAG(s) 'example_dag_decorator' retrieved from /home/airflow/.local/lib/python3.8/site-packages/airflow/example_dags/example_dag_decorator.py
[2026-01-09T12:14:01.977+0000] {logging_mixin.py:188} INFO - [2026-01-09T12:14:01.976+0000] {dag.py:3036} INFO - Sync 1 DAGs
[2026-01-09T12:14:01.996+0000] {logging_mixin.py:188} INFO - [2026-01-09T12:14:01.995+0000] {dag.py:3823} INFO - Setting next_dagrun for example_dag_decorator to None, run_after=None
[2026-01-09T12:14:02.053+0000] {processor.py:183} INFO - Processing /home/airflow/.local/lib/python3.8/site-packages/airflow/example_dags/example_dag_decorator.py took 0.473 seconds
[2026-01-09T12:14:32.137+0000] {processor.py:161} INFO - Started process (PID=2992) to work on /home/airflow/.local/lib/python3.8/site-packages/airflow/example_dags/example_dag_decorator.py
[2026-01-09T12:14:32.140+0000] {processor.py:830} INFO - Processing file /home/airflow/.local/lib/python3.8/site-packages/airflow/example_dags/example_dag_decorator.py for tasks to queue
[2026-01-09T12:14:32.141+0000] {logging_mixin.py:188} INFO - [2026-01-09T12:14:32.140+0000] {dagbag.py:538} INFO - Filling up the DagBag from /home/airflow/.local/lib/python3.8/site-packages/airflow/example_dags/example_dag_decorator.py
[2026-01-09T12:14:32.272+0000] {processor.py:840} INFO - DAG(s) 'example_dag_decorator' retrieved from /home/airflow/.local/lib/python3.8/site-packages/airflow/example_dags/example_dag_decorator.py
[2026-01-09T12:14:32.433+0000] {logging_mixin.py:188} INFO - [2026-01-09T12:14:32.433+0000] {dag.py:3036} INFO - Sync 1 DAGs
[2026-01-09T12:14:32.449+0000] {logging_mixin.py:188} INFO - [2026-01-09T12:14:32.449+0000] {dag.py:3823} INFO - Setting next_dagrun for example_dag_decorator to None, run_after=None
[2026-01-09T12:14:32.492+0000] {processor.py:183} INFO - Processing /home/airflow/.local/lib/python3.8/site-packages/airflow/example_dags/example_dag_decorator.py took 0.361 seconds
[2026-01-09T12:15:02.755+0000] {processor.py:161} INFO - Started process (PID=3244) to work on /home/airflow/.local/lib/python3.8/site-packages/airflow/example_dags/example_dag_decorator.py
[2026-01-09T12:15:02.763+0000] {processor.py:830} INFO - Processing file /home/airflow/.local/lib/python3.8/site-packages/airflow/example_dags/example_dag_decorator.py for tasks to queue
[2026-01-09T12:15:02.765+0000] {logging_mixin.py:188} INFO - [2026-01-09T12:15:02.764+0000] {dagbag.py:538} INFO - Filling up the DagBag from /home/airflow/.local/lib/python3.8/site-packages/airflow/example_dags/example_dag_decorator.py
[2026-01-09T12:15:02.932+0000] {processor.py:840} INFO - DAG(s) 'example_dag_decorator' retrieved from /home/airflow/.local/lib/python3.8/site-packages/airflow/example_dags/example_dag_decorator.py
[2026-01-09T12:15:03.142+0000] {logging_mixin.py:188} INFO - [2026-01-09T12:15:03.142+0000] {dag.py:3036} INFO - Sync 1 DAGs
[2026-01-09T12:15:03.166+0000] {logging_mixin.py:188} INFO - [2026-01-09T12:15:03.165+0000] {dag.py:3823} INFO - Setting next_dagrun for example_dag_decorator to None, run_after=None
[2026-01-09T12:15:03.212+0000] {processor.py:183} INFO - Processing /home/airflow/.local/lib/python3.8/site-packages/airflow/example_dags/example_dag_decorator.py took 0.464 seconds
[2026-01-09T12:15:33.766+0000] {processor.py:161} INFO - Started process (PID=3491) to work on /home/airflow/.local/lib/python3.8/site-packages/airflow/example_dags/example_dag_decorator.py
[2026-01-09T12:15:33.768+0000] {processor.py:830} INFO - Processing file /home/airflow/.local/lib/python3.8/site-packages/airflow/example_dags/example_dag_decorator.py for tasks to queue
[2026-01-09T12:15:33.769+0000] {logging_mixin.py:188} INFO - [2026-01-09T12:15:33.769+0000] {dagbag.py:538} INFO - Filling up the DagBag from /home/airflow/.local/lib/python3.8/site-packages/airflow/example_dags/example_dag_decorator.py
[2026-01-09T12:15:33.899+0000] {processor.py:840} INFO - DAG(s) 'example_dag_decorator' retrieved from /home/airflow/.local/lib/python3.8/site-packages/airflow/example_dags/example_dag_decorator.py
[2026-01-09T12:15:34.093+0000] {logging_mixin.py:188} INFO - [2026-01-09T12:15:34.092+0000] {dag.py:3036} INFO - Sync 1 DAGs
[2026-01-09T12:15:34.113+0000] {logging_mixin.py:188} INFO - [2026-01-09T12:15:34.113+0000] {dag.py:3823} INFO - Setting next_dagrun for example_dag_decorator to None, run_after=None
[2026-01-09T12:15:34.160+0000] {processor.py:183} INFO - Processing /home/airflow/.local/lib/python3.8/site-packages/airflow/example_dags/example_dag_decorator.py took 0.401 seconds
[2026-01-09T12:16:04.262+0000] {processor.py:161} INFO - Started process (PID=3742) to work on /home/airflow/.local/lib/python3.8/site-packages/airflow/example_dags/example_dag_decorator.py
[2026-01-09T12:16:04.264+0000] {processor.py:830} INFO - Processing file /home/airflow/.local/lib/python3.8/site-packages/airflow/example_dags/example_dag_decorator.py for tasks to queue
[2026-01-09T12:16:04.265+0000] {logging_mixin.py:188} INFO - [2026-01-09T12:16:04.265+0000] {dagbag.py:538} INFO - Filling up the DagBag from /home/airflow/.local/lib/python3.8/site-packages/airflow/example_dags/example_dag_decorator.py
[2026-01-09T12:16:04.412+0000] {processor.py:840} INFO - DAG(s) 'example_dag_decorator' retrieved from /home/airflow/.local/lib/python3.8/site-packages/airflow/example_dags/example_dag_decorator.py
[2026-01-09T12:16:04.573+0000] {logging_mixin.py:188} INFO - [2026-01-09T12:16:04.573+0000] {dag.py:3036} INFO - Sync 1 DAGs
[2026-01-09T12:16:04.590+0000] {logging_mixin.py:188} INFO - [2026-01-09T12:16:04.590+0000] {dag.py:3823} INFO - Setting next_dagrun for example_dag_decorator to None, run_after=None
[2026-01-09T12:16:04.636+0000] {processor.py:183} INFO - Processing /home/airflow/.local/lib/python3.8/site-packages/airflow/example_dags/example_dag_decorator.py took 0.382 seconds
[2026-01-09T12:16:34.789+0000] {processor.py:161} INFO - Started process (PID=3984) to work on /home/airflow/.local/lib/python3.8/site-packages/airflow/example_dags/example_dag_decorator.py
[2026-01-09T12:16:34.793+0000] {processor.py:830} INFO - Processing file /home/airflow/.local/lib/python3.8/site-packages/airflow/example_dags/example_dag_decorator.py for tasks to queue
[2026-01-09T12:16:34.795+0000] {logging_mixin.py:188} INFO - [2026-01-09T12:16:34.794+0000] {dagbag.py:538} INFO - Filling up the DagBag from /home/airflow/.local/lib/python3.8/site-packages/airflow/example_dags/example_dag_decorator.py
[2026-01-09T12:16:35.014+0000] {processor.py:840} INFO - DAG(s) 'example_dag_decorator' retrieved from /home/airflow/.local/lib/python3.8/site-packages/airflow/example_dags/example_dag_decorator.py
[2026-01-09T12:16:35.211+0000] {logging_mixin.py:188} INFO - [2026-01-09T12:16:35.210+0000] {dag.py:3036} INFO - Sync 1 DAGs
[2026-01-09T12:16:35.231+0000] {logging_mixin.py:188} INFO - [2026-01-09T12:16:35.230+0000] {dag.py:3823} INFO - Setting next_dagrun for example_dag_decorator to None, run_after=None
[2026-01-09T12:16:35.305+0000] {processor.py:183} INFO - Processing /home/airflow/.local/lib/python3.8/site-packages/airflow/example_dags/example_dag_decorator.py took 0.526 seconds
[2026-01-09T12:17:05.464+0000] {processor.py:161} INFO - Started process (PID=4231) to work on /home/airflow/.local/lib/python3.8/site-packages/airflow/example_dags/example_dag_decorator.py
[2026-01-09T12:17:05.485+0000] {processor.py:830} INFO - Processing file /home/airflow/.local/lib/python3.8/site-packages/airflow/example_dags/example_dag_decorator.py for tasks to queue
[2026-01-09T12:17:05.486+0000] {logging_mixin.py:188} INFO - [2026-01-09T12:17:05.486+0000] {dagbag.py:538} INFO - Filling up the DagBag from /home/airflow/.local/lib/python3.8/site-packages/airflow/example_dags/example_dag_decorator.py
[2026-01-09T12:17:05.621+0000] {processor.py:840} INFO - DAG(s) 'example_dag_decorator' retrieved from /home/airflow/.local/lib/python3.8/site-packages/airflow/example_dags/example_dag_decorator.py
[2026-01-09T12:17:05.797+0000] {logging_mixin.py:188} INFO - [2026-01-09T12:17:05.796+0000] {dag.py:3036} INFO - Sync 1 DAGs
[2026-01-09T12:17:05.814+0000] {logging_mixin.py:188} INFO - [2026-01-09T12:17:05.813+0000] {dag.py:3823} INFO - Setting next_dagrun for example_dag_decorator to None, run_after=None
[2026-01-09T12:17:05.860+0000] {processor.py:183} INFO - Processing /home/airflow/.local/lib/python3.8/site-packages/airflow/example_dags/example_dag_decorator.py took 0.402 seconds
[2026-01-09T12:17:35.960+0000] {processor.py:161} INFO - Started process (PID=4478) to work on /home/airflow/.local/lib/python3.8/site-packages/airflow/example_dags/example_dag_decorator.py
[2026-01-09T12:17:35.965+0000] {processor.py:830} INFO - Processing file /home/airflow/.local/lib/python3.8/site-packages/airflow/example_dags/example_dag_decorator.py for tasks to queue
[2026-01-09T12:17:35.967+0000] {logging_mixin.py:188} INFO - [2026-01-09T12:17:35.966+0000] {dagbag.py:538} INFO - Filling up the DagBag from /home/airflow/.local/lib/python3.8/site-packages/airflow/example_dags/example_dag_decorator.py
[2026-01-09T12:17:36.109+0000] {processor.py:840} INFO - DAG(s) 'example_dag_decorator' retrieved from /home/airflow/.local/lib/python3.8/site-packages/airflow/example_dags/example_dag_decorator.py
[2026-01-09T12:17:36.282+0000] {logging_mixin.py:188} INFO - [2026-01-09T12:17:36.282+0000] {dag.py:3036} INFO - Sync 1 DAGs
[2026-01-09T12:17:36.299+0000] {logging_mixin.py:188} INFO - [2026-01-09T12:17:36.298+0000] {dag.py:3823} INFO - Setting next_dagrun for example_dag_decorator to None, run_after=None
[2026-01-09T12:17:36.337+0000] {processor.py:183} INFO - Processing /home/airflow/.local/lib/python3.8/site-packages/airflow/example_dags/example_dag_decorator.py took 0.384 seconds
[2026-01-09T12:18:06.991+0000] {processor.py:161} INFO - Started process (PID=4725) to work on /home/airflow/.local/lib/python3.8/site-packages/airflow/example_dags/example_dag_decorator.py
[2026-01-09T12:18:06.995+0000] {processor.py:830} INFO - Processing file /home/airflow/.local/lib/python3.8/site-packages/airflow/example_dags/example_dag_decorator.py for tasks to queue
[2026-01-09T12:18:06.997+0000] {logging_mixin.py:188} INFO - [2026-01-09T12:18:06.996+0000] {dagbag.py:538} INFO - Filling up the DagBag from /home/airflow/.local/lib/python3.8/site-packages/airflow/example_dags/example_dag_decorator.py
[2026-01-09T12:18:07.172+0000] {processor.py:840} INFO - DAG(s) 'example_dag_decorator' retrieved from /home/airflow/.local/lib/python3.8/site-packages/airflow/example_dags/example_dag_decorator.py
[2026-01-09T12:18:07.374+0000] {logging_mixin.py:188} INFO - [2026-01-09T12:18:07.374+0000] {dag.py:3036} INFO - Sync 1 DAGs
[2026-01-09T12:18:07.396+0000] {logging_mixin.py:188} INFO - [2026-01-09T12:18:07.396+0000] {dag.py:3823} INFO - Setting next_dagrun for example_dag_decorator to None, run_after=None
[2026-01-09T12:18:07.459+0000] {processor.py:183} INFO - Processing /home/airflow/.local/lib/python3.8/site-packages/airflow/example_dags/example_dag_decorator.py took 0.480 seconds
[2026-01-09T12:18:37.536+0000] {processor.py:161} INFO - Started process (PID=4977) to work on /home/airflow/.local/lib/python3.8/site-packages/airflow/example_dags/example_dag_decorator.py
[2026-01-09T12:18:37.539+0000] {processor.py:830} INFO - Processing file /home/airflow/.local/lib/python3.8/site-packages/airflow/example_dags/example_dag_decorator.py for tasks to queue
[2026-01-09T12:18:37.542+0000] {logging_mixin.py:188} INFO - [2026-01-09T12:18:37.542+0000] {dagbag.py:538} INFO - Filling up the DagBag from /home/airflow/.local/lib/python3.8/site-packages/airflow/example_dags/example_dag_decorator.py
[2026-01-09T12:18:37.791+0000] {processor.py:840} INFO - DAG(s) 'example_dag_decorator' retrieved from /home/airflow/.local/lib/python3.8/site-packages/airflow/example_dags/example_dag_decorator.py
[2026-01-09T12:18:37.997+0000] {logging_mixin.py:188} INFO - [2026-01-09T12:18:37.996+0000] {dag.py:3036} INFO - Sync 1 DAGs
[2026-01-09T12:18:38.014+0000] {logging_mixin.py:188} INFO - [2026-01-09T12:18:38.014+0000] {dag.py:3823} INFO - Setting next_dagrun for example_dag_decorator to None, run_after=None
[2026-01-09T12:18:38.058+0000] {processor.py:183} INFO - Processing /home/airflow/.local/lib/python3.8/site-packages/airflow/example_dags/example_dag_decorator.py took 0.531 seconds
[2026-01-09T12:19:08.279+0000] {processor.py:161} INFO - Started process (PID=5227) to work on /home/airflow/.local/lib/python3.8/site-packages/airflow/example_dags/example_dag_decorator.py
[2026-01-09T12:19:08.281+0000] {processor.py:830} INFO - Processing file /home/airflow/.local/lib/python3.8/site-packages/airflow/example_dags/example_dag_decorator.py for tasks to queue
[2026-01-09T12:19:08.284+0000] {logging_mixin.py:188} INFO - [2026-01-09T12:19:08.283+0000] {dagbag.py:538} INFO - Filling up the DagBag from /home/airflow/.local/lib/python3.8/site-packages/airflow/example_dags/example_dag_decorator.py
[2026-01-09T12:19:08.479+0000] {processor.py:840} INFO - DAG(s) 'example_dag_decorator' retrieved from /home/airflow/.local/lib/python3.8/site-packages/airflow/example_dags/example_dag_decorator.py
[2026-01-09T12:19:08.705+0000] {logging_mixin.py:188} INFO - [2026-01-09T12:19:08.705+0000] {dag.py:3036} INFO - Sync 1 DAGs
[2026-01-09T12:19:08.729+0000] {logging_mixin.py:188} INFO - [2026-01-09T12:19:08.729+0000] {dag.py:3823} INFO - Setting next_dagrun for example_dag_decorator to None, run_after=None
[2026-01-09T12:19:08.795+0000] {processor.py:183} INFO - Processing /home/airflow/.local/lib/python3.8/site-packages/airflow/example_dags/example_dag_decorator.py took 0.525 seconds
[2026-01-09T12:19:39.062+0000] {processor.py:161} INFO - Started process (PID=5479) to work on /home/airflow/.local/lib/python3.8/site-packages/airflow/example_dags/example_dag_decorator.py
[2026-01-09T12:19:39.065+0000] {processor.py:830} INFO - Processing file /home/airflow/.local/lib/python3.8/site-packages/airflow/example_dags/example_dag_decorator.py for tasks to queue
[2026-01-09T12:19:39.067+0000] {logging_mixin.py:188} INFO - [2026-01-09T12:19:39.066+0000] {dagbag.py:538} INFO - Filling up the DagBag from /home/airflow/.local/lib/python3.8/site-packages/airflow/example_dags/example_dag_decorator.py
[2026-01-09T12:19:39.244+0000] {processor.py:840} INFO - DAG(s) 'example_dag_decorator' retrieved from /home/airflow/.local/lib/python3.8/site-packages/airflow/example_dags/example_dag_decorator.py
[2026-01-09T12:19:39.457+0000] {logging_mixin.py:188} INFO - [2026-01-09T12:19:39.456+0000] {dag.py:3036} INFO - Sync 1 DAGs
[2026-01-09T12:19:39.479+0000] {logging_mixin.py:188} INFO - [2026-01-09T12:19:39.478+0000] {dag.py:3823} INFO - Setting next_dagrun for example_dag_decorator to None, run_after=None
[2026-01-09T12:19:39.533+0000] {processor.py:183} INFO - Processing /home/airflow/.local/lib/python3.8/site-packages/airflow/example_dags/example_dag_decorator.py took 0.480 seconds
[2026-01-09T12:20:09.604+0000] {processor.py:161} INFO - Started process (PID=5713) to work on /home/airflow/.local/lib/python3.8/site-packages/airflow/example_dags/example_dag_decorator.py
[2026-01-09T12:20:09.612+0000] {processor.py:830} INFO - Processing file /home/airflow/.local/lib/python3.8/site-packages/airflow/example_dags/example_dag_decorator.py for tasks to queue
[2026-01-09T12:20:09.615+0000] {logging_mixin.py:188} INFO - [2026-01-09T12:20:09.614+0000] {dagbag.py:538} INFO - Filling up the DagBag from /home/airflow/.local/lib/python3.8/site-packages/airflow/example_dags/example_dag_decorator.py
[2026-01-09T12:20:09.796+0000] {processor.py:840} INFO - DAG(s) 'example_dag_decorator' retrieved from /home/airflow/.local/lib/python3.8/site-packages/airflow/example_dags/example_dag_decorator.py
[2026-01-09T12:20:10.015+0000] {logging_mixin.py:188} INFO - [2026-01-09T12:20:10.015+0000] {dag.py:3036} INFO - Sync 1 DAGs
[2026-01-09T12:20:10.041+0000] {logging_mixin.py:188} INFO - [2026-01-09T12:20:10.040+0000] {dag.py:3823} INFO - Setting next_dagrun for example_dag_decorator to None, run_after=None
[2026-01-09T12:20:10.083+0000] {processor.py:183} INFO - Processing /home/airflow/.local/lib/python3.8/site-packages/airflow/example_dags/example_dag_decorator.py took 0.486 seconds
[2026-01-09T12:20:40.250+0000] {processor.py:161} INFO - Started process (PID=5965) to work on /home/airflow/.local/lib/python3.8/site-packages/airflow/example_dags/example_dag_decorator.py
[2026-01-09T12:20:40.254+0000] {processor.py:830} INFO - Processing file /home/airflow/.local/lib/python3.8/site-packages/airflow/example_dags/example_dag_decorator.py for tasks to queue
[2026-01-09T12:20:40.257+0000] {logging_mixin.py:188} INFO - [2026-01-09T12:20:40.256+0000] {dagbag.py:538} INFO - Filling up the DagBag from /home/airflow/.local/lib/python3.8/site-packages/airflow/example_dags/example_dag_decorator.py
[2026-01-09T12:20:40.425+0000] {processor.py:840} INFO - DAG(s) 'example_dag_decorator' retrieved from /home/airflow/.local/lib/python3.8/site-packages/airflow/example_dags/example_dag_decorator.py
[2026-01-09T12:20:40.668+0000] {logging_mixin.py:188} INFO - [2026-01-09T12:20:40.668+0000] {dag.py:3036} INFO - Sync 1 DAGs
[2026-01-09T12:20:40.706+0000] {logging_mixin.py:188} INFO - [2026-01-09T12:20:40.705+0000] {dag.py:3823} INFO - Setting next_dagrun for example_dag_decorator to None, run_after=None
[2026-01-09T12:20:40.770+0000] {processor.py:183} INFO - Processing /home/airflow/.local/lib/python3.8/site-packages/airflow/example_dags/example_dag_decorator.py took 0.526 seconds
[2026-01-09T12:21:11.048+0000] {processor.py:161} INFO - Started process (PID=6215) to work on /home/airflow/.local/lib/python3.8/site-packages/airflow/example_dags/example_dag_decorator.py
[2026-01-09T12:21:11.065+0000] {processor.py:830} INFO - Processing file /home/airflow/.local/lib/python3.8/site-packages/airflow/example_dags/example_dag_decorator.py for tasks to queue
[2026-01-09T12:21:11.067+0000] {logging_mixin.py:188} INFO - [2026-01-09T12:21:11.066+0000] {dagbag.py:538} INFO - Filling up the DagBag from /home/airflow/.local/lib/python3.8/site-packages/airflow/example_dags/example_dag_decorator.py
[2026-01-09T12:21:11.247+0000] {processor.py:840} INFO - DAG(s) 'example_dag_decorator' retrieved from /home/airflow/.local/lib/python3.8/site-packages/airflow/example_dags/example_dag_decorator.py
[2026-01-09T12:21:11.452+0000] {logging_mixin.py:188} INFO - [2026-01-09T12:21:11.452+0000] {dag.py:3036} INFO - Sync 1 DAGs
[2026-01-09T12:21:11.471+0000] {logging_mixin.py:188} INFO - [2026-01-09T12:21:11.471+0000] {dag.py:3823} INFO - Setting next_dagrun for example_dag_decorator to None, run_after=None
[2026-01-09T12:21:11.535+0000] {processor.py:183} INFO - Processing /home/airflow/.local/lib/python3.8/site-packages/airflow/example_dags/example_dag_decorator.py took 0.515 seconds
[2026-01-09T12:21:41.923+0000] {processor.py:161} INFO - Started process (PID=6467) to work on /home/airflow/.local/lib/python3.8/site-packages/airflow/example_dags/example_dag_decorator.py
[2026-01-09T12:21:41.928+0000] {processor.py:830} INFO - Processing file /home/airflow/.local/lib/python3.8/site-packages/airflow/example_dags/example_dag_decorator.py for tasks to queue
[2026-01-09T12:21:41.930+0000] {logging_mixin.py:188} INFO - [2026-01-09T12:21:41.929+0000] {dagbag.py:538} INFO - Filling up the DagBag from /home/airflow/.local/lib/python3.8/site-packages/airflow/example_dags/example_dag_decorator.py
[2026-01-09T12:21:42.199+0000] {processor.py:840} INFO - DAG(s) 'example_dag_decorator' retrieved from /home/airflow/.local/lib/python3.8/site-packages/airflow/example_dags/example_dag_decorator.py
[2026-01-09T12:21:42.497+0000] {logging_mixin.py:188} INFO - [2026-01-09T12:21:42.497+0000] {dag.py:3036} INFO - Sync 1 DAGs
[2026-01-09T12:21:42.521+0000] {logging_mixin.py:188} INFO - [2026-01-09T12:21:42.520+0000] {dag.py:3823} INFO - Setting next_dagrun for example_dag_decorator to None, run_after=None
[2026-01-09T12:21:42.586+0000] {processor.py:183} INFO - Processing /home/airflow/.local/lib/python3.8/site-packages/airflow/example_dags/example_dag_decorator.py took 0.673 seconds
[2026-01-09T12:22:13.149+0000] {processor.py:161} INFO - Started process (PID=6717) to work on /home/airflow/.local/lib/python3.8/site-packages/airflow/example_dags/example_dag_decorator.py
[2026-01-09T12:22:13.154+0000] {processor.py:830} INFO - Processing file /home/airflow/.local/lib/python3.8/site-packages/airflow/example_dags/example_dag_decorator.py for tasks to queue
[2026-01-09T12:22:13.157+0000] {logging_mixin.py:188} INFO - [2026-01-09T12:22:13.156+0000] {dagbag.py:538} INFO - Filling up the DagBag from /home/airflow/.local/lib/python3.8/site-packages/airflow/example_dags/example_dag_decorator.py
[2026-01-09T12:22:13.302+0000] {processor.py:840} INFO - DAG(s) 'example_dag_decorator' retrieved from /home/airflow/.local/lib/python3.8/site-packages/airflow/example_dags/example_dag_decorator.py
[2026-01-09T12:22:13.500+0000] {logging_mixin.py:188} INFO - [2026-01-09T12:22:13.499+0000] {dag.py:3036} INFO - Sync 1 DAGs
[2026-01-09T12:22:13.520+0000] {logging_mixin.py:188} INFO - [2026-01-09T12:22:13.519+0000] {dag.py:3823} INFO - Setting next_dagrun for example_dag_decorator to None, run_after=None
[2026-01-09T12:22:13.569+0000] {processor.py:183} INFO - Processing /home/airflow/.local/lib/python3.8/site-packages/airflow/example_dags/example_dag_decorator.py took 0.427 seconds
[2026-01-09T12:22:43.648+0000] {processor.py:161} INFO - Started process (PID=6967) to work on /home/airflow/.local/lib/python3.8/site-packages/airflow/example_dags/example_dag_decorator.py
[2026-01-09T12:22:43.654+0000] {processor.py:830} INFO - Processing file /home/airflow/.local/lib/python3.8/site-packages/airflow/example_dags/example_dag_decorator.py for tasks to queue
[2026-01-09T12:22:43.656+0000] {logging_mixin.py:188} INFO - [2026-01-09T12:22:43.655+0000] {dagbag.py:538} INFO - Filling up the DagBag from /home/airflow/.local/lib/python3.8/site-packages/airflow/example_dags/example_dag_decorator.py
[2026-01-09T12:22:43.835+0000] {processor.py:840} INFO - DAG(s) 'example_dag_decorator' retrieved from /home/airflow/.local/lib/python3.8/site-packages/airflow/example_dags/example_dag_decorator.py
[2026-01-09T12:22:44.069+0000] {logging_mixin.py:188} INFO - [2026-01-09T12:22:44.069+0000] {dag.py:3036} INFO - Sync 1 DAGs
[2026-01-09T12:22:44.088+0000] {logging_mixin.py:188} INFO - [2026-01-09T12:22:44.088+0000] {dag.py:3823} INFO - Setting next_dagrun for example_dag_decorator to None, run_after=None
[2026-01-09T12:22:44.139+0000] {processor.py:183} INFO - Processing /home/airflow/.local/lib/python3.8/site-packages/airflow/example_dags/example_dag_decorator.py took 0.498 seconds
[2026-01-09T12:23:14.311+0000] {processor.py:161} INFO - Started process (PID=7221) to work on /home/airflow/.local/lib/python3.8/site-packages/airflow/example_dags/example_dag_decorator.py
[2026-01-09T12:23:14.313+0000] {processor.py:830} INFO - Processing file /home/airflow/.local/lib/python3.8/site-packages/airflow/example_dags/example_dag_decorator.py for tasks to queue
[2026-01-09T12:23:14.316+0000] {logging_mixin.py:188} INFO - [2026-01-09T12:23:14.315+0000] {dagbag.py:538} INFO - Filling up the DagBag from /home/airflow/.local/lib/python3.8/site-packages/airflow/example_dags/example_dag_decorator.py
[2026-01-09T12:23:14.477+0000] {processor.py:840} INFO - DAG(s) 'example_dag_decorator' retrieved from /home/airflow/.local/lib/python3.8/site-packages/airflow/example_dags/example_dag_decorator.py
[2026-01-09T12:23:14.676+0000] {logging_mixin.py:188} INFO - [2026-01-09T12:23:14.676+0000] {dag.py:3036} INFO - Sync 1 DAGs
[2026-01-09T12:23:14.695+0000] {logging_mixin.py:188} INFO - [2026-01-09T12:23:14.694+0000] {dag.py:3823} INFO - Setting next_dagrun for example_dag_decorator to None, run_after=None
[2026-01-09T12:23:14.743+0000] {processor.py:183} INFO - Processing /home/airflow/.local/lib/python3.8/site-packages/airflow/example_dags/example_dag_decorator.py took 0.441 seconds
[2026-01-09T12:23:44.995+0000] {processor.py:161} INFO - Started process (PID=7478) to work on /home/airflow/.local/lib/python3.8/site-packages/airflow/example_dags/example_dag_decorator.py
[2026-01-09T12:23:44.998+0000] {processor.py:830} INFO - Processing file /home/airflow/.local/lib/python3.8/site-packages/airflow/example_dags/example_dag_decorator.py for tasks to queue
[2026-01-09T12:23:45.001+0000] {logging_mixin.py:188} INFO - [2026-01-09T12:23:45.000+0000] {dagbag.py:538} INFO - Filling up the DagBag from /home/airflow/.local/lib/python3.8/site-packages/airflow/example_dags/example_dag_decorator.py
[2026-01-09T12:23:45.146+0000] {processor.py:840} INFO - DAG(s) 'example_dag_decorator' retrieved from /home/airflow/.local/lib/python3.8/site-packages/airflow/example_dags/example_dag_decorator.py
[2026-01-09T12:23:45.343+0000] {logging_mixin.py:188} INFO - [2026-01-09T12:23:45.342+0000] {dag.py:3036} INFO - Sync 1 DAGs
[2026-01-09T12:23:45.361+0000] {logging_mixin.py:188} INFO - [2026-01-09T12:23:45.361+0000] {dag.py:3823} INFO - Setting next_dagrun for example_dag_decorator to None, run_after=None
[2026-01-09T12:23:45.403+0000] {processor.py:183} INFO - Processing /home/airflow/.local/lib/python3.8/site-packages/airflow/example_dags/example_dag_decorator.py took 0.414 seconds
[2026-01-09T12:24:15.515+0000] {processor.py:161} INFO - Started process (PID=7726) to work on /home/airflow/.local/lib/python3.8/site-packages/airflow/example_dags/example_dag_decorator.py
[2026-01-09T12:24:15.517+0000] {processor.py:830} INFO - Processing file /home/airflow/.local/lib/python3.8/site-packages/airflow/example_dags/example_dag_decorator.py for tasks to queue
[2026-01-09T12:24:15.519+0000] {logging_mixin.py:188} INFO - [2026-01-09T12:24:15.518+0000] {dagbag.py:538} INFO - Filling up the DagBag from /home/airflow/.local/lib/python3.8/site-packages/airflow/example_dags/example_dag_decorator.py
[2026-01-09T12:24:15.665+0000] {processor.py:840} INFO - DAG(s) 'example_dag_decorator' retrieved from /home/airflow/.local/lib/python3.8/site-packages/airflow/example_dags/example_dag_decorator.py
[2026-01-09T12:24:15.883+0000] {logging_mixin.py:188} INFO - [2026-01-09T12:24:15.883+0000] {dag.py:3036} INFO - Sync 1 DAGs
[2026-01-09T12:24:15.904+0000] {logging_mixin.py:188} INFO - [2026-01-09T12:24:15.904+0000] {dag.py:3823} INFO - Setting next_dagrun for example_dag_decorator to None, run_after=None
[2026-01-09T12:24:15.955+0000] {processor.py:183} INFO - Processing /home/airflow/.local/lib/python3.8/site-packages/airflow/example_dags/example_dag_decorator.py took 0.446 seconds
[2026-01-09T12:24:46.947+0000] {processor.py:161} INFO - Started process (PID=7973) to work on /home/airflow/.local/lib/python3.8/site-packages/airflow/example_dags/example_dag_decorator.py
[2026-01-09T12:24:46.950+0000] {processor.py:830} INFO - Processing file /home/airflow/.local/lib/python3.8/site-packages/airflow/example_dags/example_dag_decorator.py for tasks to queue
[2026-01-09T12:24:46.953+0000] {logging_mixin.py:188} INFO - [2026-01-09T12:24:46.952+0000] {dagbag.py:538} INFO - Filling up the DagBag from /home/airflow/.local/lib/python3.8/site-packages/airflow/example_dags/example_dag_decorator.py
[2026-01-09T12:24:47.114+0000] {processor.py:840} INFO - DAG(s) 'example_dag_decorator' retrieved from /home/airflow/.local/lib/python3.8/site-packages/airflow/example_dags/example_dag_decorator.py
[2026-01-09T12:24:47.388+0000] {logging_mixin.py:188} INFO - [2026-01-09T12:24:47.388+0000] {dag.py:3036} INFO - Sync 1 DAGs
[2026-01-09T12:24:47.409+0000] {logging_mixin.py:188} INFO - [2026-01-09T12:24:47.408+0000] {dag.py:3823} INFO - Setting next_dagrun for example_dag_decorator to None, run_after=None
[2026-01-09T12:24:47.457+0000] {processor.py:183} INFO - Processing /home/airflow/.local/lib/python3.8/site-packages/airflow/example_dags/example_dag_decorator.py took 0.518 seconds
[2026-01-09T12:25:17.936+0000] {processor.py:161} INFO - Started process (PID=8220) to work on /home/airflow/.local/lib/python3.8/site-packages/airflow/example_dags/example_dag_decorator.py
[2026-01-09T12:25:17.938+0000] {processor.py:830} INFO - Processing file /home/airflow/.local/lib/python3.8/site-packages/airflow/example_dags/example_dag_decorator.py for tasks to queue
[2026-01-09T12:25:17.940+0000] {logging_mixin.py:188} INFO - [2026-01-09T12:25:17.939+0000] {dagbag.py:538} INFO - Filling up the DagBag from /home/airflow/.local/lib/python3.8/site-packages/airflow/example_dags/example_dag_decorator.py
[2026-01-09T12:25:18.094+0000] {processor.py:840} INFO - DAG(s) 'example_dag_decorator' retrieved from /home/airflow/.local/lib/python3.8/site-packages/airflow/example_dags/example_dag_decorator.py
[2026-01-09T12:25:18.285+0000] {logging_mixin.py:188} INFO - [2026-01-09T12:25:18.284+0000] {dag.py:3036} INFO - Sync 1 DAGs
[2026-01-09T12:25:18.302+0000] {logging_mixin.py:188} INFO - [2026-01-09T12:25:18.302+0000] {dag.py:3823} INFO - Setting next_dagrun for example_dag_decorator to None, run_after=None
[2026-01-09T12:25:18.354+0000] {processor.py:183} INFO - Processing /home/airflow/.local/lib/python3.8/site-packages/airflow/example_dags/example_dag_decorator.py took 0.425 seconds
[2026-01-09T12:25:48.660+0000] {processor.py:161} INFO - Started process (PID=8468) to work on /home/airflow/.local/lib/python3.8/site-packages/airflow/example_dags/example_dag_decorator.py
[2026-01-09T12:25:48.662+0000] {processor.py:830} INFO - Processing file /home/airflow/.local/lib/python3.8/site-packages/airflow/example_dags/example_dag_decorator.py for tasks to queue
[2026-01-09T12:25:48.664+0000] {logging_mixin.py:188} INFO - [2026-01-09T12:25:48.663+0000] {dagbag.py:538} INFO - Filling up the DagBag from /home/airflow/.local/lib/python3.8/site-packages/airflow/example_dags/example_dag_decorator.py
[2026-01-09T12:25:48.818+0000] {processor.py:840} INFO - DAG(s) 'example_dag_decorator' retrieved from /home/airflow/.local/lib/python3.8/site-packages/airflow/example_dags/example_dag_decorator.py
[2026-01-09T12:25:48.865+0000] {logging_mixin.py:188} INFO - [2026-01-09T12:25:48.864+0000] {dag.py:3036} INFO - Sync 1 DAGs
[2026-01-09T12:25:48.887+0000] {logging_mixin.py:188} INFO - [2026-01-09T12:25:48.887+0000] {dag.py:3823} INFO - Setting next_dagrun for example_dag_decorator to None, run_after=None
[2026-01-09T12:25:48.940+0000] {processor.py:183} INFO - Processing /home/airflow/.local/lib/python3.8/site-packages/airflow/example_dags/example_dag_decorator.py took 0.287 seconds
[2026-01-09T12:26:19.591+0000] {processor.py:161} INFO - Started process (PID=8715) to work on /home/airflow/.local/lib/python3.8/site-packages/airflow/example_dags/example_dag_decorator.py
[2026-01-09T12:26:19.595+0000] {processor.py:830} INFO - Processing file /home/airflow/.local/lib/python3.8/site-packages/airflow/example_dags/example_dag_decorator.py for tasks to queue
[2026-01-09T12:26:19.597+0000] {logging_mixin.py:188} INFO - [2026-01-09T12:26:19.596+0000] {dagbag.py:538} INFO - Filling up the DagBag from /home/airflow/.local/lib/python3.8/site-packages/airflow/example_dags/example_dag_decorator.py
[2026-01-09T12:26:19.732+0000] {processor.py:840} INFO - DAG(s) 'example_dag_decorator' retrieved from /home/airflow/.local/lib/python3.8/site-packages/airflow/example_dags/example_dag_decorator.py
[2026-01-09T12:26:19.781+0000] {logging_mixin.py:188} INFO - [2026-01-09T12:26:19.781+0000] {dag.py:3036} INFO - Sync 1 DAGs
[2026-01-09T12:26:19.804+0000] {logging_mixin.py:188} INFO - [2026-01-09T12:26:19.804+0000] {dag.py:3823} INFO - Setting next_dagrun for example_dag_decorator to None, run_after=None
[2026-01-09T12:26:19.853+0000] {processor.py:183} INFO - Processing /home/airflow/.local/lib/python3.8/site-packages/airflow/example_dags/example_dag_decorator.py took 0.269 seconds
[2026-01-09T12:26:50.004+0000] {processor.py:161} INFO - Started process (PID=8962) to work on /home/airflow/.local/lib/python3.8/site-packages/airflow/example_dags/example_dag_decorator.py
[2026-01-09T12:26:50.010+0000] {processor.py:830} INFO - Processing file /home/airflow/.local/lib/python3.8/site-packages/airflow/example_dags/example_dag_decorator.py for tasks to queue
[2026-01-09T12:26:50.012+0000] {logging_mixin.py:188} INFO - [2026-01-09T12:26:50.012+0000] {dagbag.py:538} INFO - Filling up the DagBag from /home/airflow/.local/lib/python3.8/site-packages/airflow/example_dags/example_dag_decorator.py
[2026-01-09T12:26:50.164+0000] {processor.py:840} INFO - DAG(s) 'example_dag_decorator' retrieved from /home/airflow/.local/lib/python3.8/site-packages/airflow/example_dags/example_dag_decorator.py
[2026-01-09T12:26:50.405+0000] {logging_mixin.py:188} INFO - [2026-01-09T12:26:50.404+0000] {dag.py:3036} INFO - Sync 1 DAGs
[2026-01-09T12:26:50.427+0000] {logging_mixin.py:188} INFO - [2026-01-09T12:26:50.427+0000] {dag.py:3823} INFO - Setting next_dagrun for example_dag_decorator to None, run_after=None
[2026-01-09T12:26:50.484+0000] {processor.py:183} INFO - Processing /home/airflow/.local/lib/python3.8/site-packages/airflow/example_dags/example_dag_decorator.py took 0.488 seconds
[2026-01-09T12:27:20.737+0000] {processor.py:161} INFO - Started process (PID=9219) to work on /home/airflow/.local/lib/python3.8/site-packages/airflow/example_dags/example_dag_decorator.py
[2026-01-09T12:27:20.740+0000] {processor.py:830} INFO - Processing file /home/airflow/.local/lib/python3.8/site-packages/airflow/example_dags/example_dag_decorator.py for tasks to queue
[2026-01-09T12:27:20.742+0000] {logging_mixin.py:188} INFO - [2026-01-09T12:27:20.741+0000] {dagbag.py:538} INFO - Filling up the DagBag from /home/airflow/.local/lib/python3.8/site-packages/airflow/example_dags/example_dag_decorator.py
[2026-01-09T12:27:20.909+0000] {processor.py:840} INFO - DAG(s) 'example_dag_decorator' retrieved from /home/airflow/.local/lib/python3.8/site-packages/airflow/example_dags/example_dag_decorator.py
[2026-01-09T12:27:21.086+0000] {logging_mixin.py:188} INFO - [2026-01-09T12:27:21.085+0000] {dag.py:3036} INFO - Sync 1 DAGs
[2026-01-09T12:27:21.104+0000] {logging_mixin.py:188} INFO - [2026-01-09T12:27:21.103+0000] {dag.py:3823} INFO - Setting next_dagrun for example_dag_decorator to None, run_after=None
[2026-01-09T12:27:21.338+0000] {processor.py:183} INFO - Processing /home/airflow/.local/lib/python3.8/site-packages/airflow/example_dags/example_dag_decorator.py took 0.610 seconds
[2026-01-09T12:27:52.187+0000] {processor.py:161} INFO - Started process (PID=9476) to work on /home/airflow/.local/lib/python3.8/site-packages/airflow/example_dags/example_dag_decorator.py
[2026-01-09T12:27:52.193+0000] {processor.py:830} INFO - Processing file /home/airflow/.local/lib/python3.8/site-packages/airflow/example_dags/example_dag_decorator.py for tasks to queue
[2026-01-09T12:27:52.195+0000] {logging_mixin.py:188} INFO - [2026-01-09T12:27:52.194+0000] {dagbag.py:538} INFO - Filling up the DagBag from /home/airflow/.local/lib/python3.8/site-packages/airflow/example_dags/example_dag_decorator.py
[2026-01-09T12:27:52.345+0000] {processor.py:840} INFO - DAG(s) 'example_dag_decorator' retrieved from /home/airflow/.local/lib/python3.8/site-packages/airflow/example_dags/example_dag_decorator.py
[2026-01-09T12:27:52.518+0000] {logging_mixin.py:188} INFO - [2026-01-09T12:27:52.517+0000] {dag.py:3036} INFO - Sync 1 DAGs
[2026-01-09T12:27:52.537+0000] {logging_mixin.py:188} INFO - [2026-01-09T12:27:52.537+0000] {dag.py:3823} INFO - Setting next_dagrun for example_dag_decorator to None, run_after=None
[2026-01-09T12:27:52.581+0000] {processor.py:183} INFO - Processing /home/airflow/.local/lib/python3.8/site-packages/airflow/example_dags/example_dag_decorator.py took 0.401 seconds
[2026-01-09T12:28:23.390+0000] {processor.py:161} INFO - Started process (PID=9729) to work on /home/airflow/.local/lib/python3.8/site-packages/airflow/example_dags/example_dag_decorator.py
[2026-01-09T12:28:23.401+0000] {processor.py:830} INFO - Processing file /home/airflow/.local/lib/python3.8/site-packages/airflow/example_dags/example_dag_decorator.py for tasks to queue
[2026-01-09T12:28:23.404+0000] {logging_mixin.py:188} INFO - [2026-01-09T12:28:23.403+0000] {dagbag.py:538} INFO - Filling up the DagBag from /home/airflow/.local/lib/python3.8/site-packages/airflow/example_dags/example_dag_decorator.py
[2026-01-09T12:28:23.572+0000] {processor.py:840} INFO - DAG(s) 'example_dag_decorator' retrieved from /home/airflow/.local/lib/python3.8/site-packages/airflow/example_dags/example_dag_decorator.py
[2026-01-09T12:28:23.789+0000] {logging_mixin.py:188} INFO - [2026-01-09T12:28:23.788+0000] {dag.py:3036} INFO - Sync 1 DAGs
[2026-01-09T12:28:23.813+0000] {logging_mixin.py:188} INFO - [2026-01-09T12:28:23.813+0000] {dag.py:3823} INFO - Setting next_dagrun for example_dag_decorator to None, run_after=None
[2026-01-09T12:28:23.902+0000] {processor.py:183} INFO - Processing /home/airflow/.local/lib/python3.8/site-packages/airflow/example_dags/example_dag_decorator.py took 0.520 seconds
[2026-01-09T12:28:54.073+0000] {processor.py:161} INFO - Started process (PID=9976) to work on /home/airflow/.local/lib/python3.8/site-packages/airflow/example_dags/example_dag_decorator.py
[2026-01-09T12:28:54.078+0000] {processor.py:830} INFO - Processing file /home/airflow/.local/lib/python3.8/site-packages/airflow/example_dags/example_dag_decorator.py for tasks to queue
[2026-01-09T12:28:54.080+0000] {logging_mixin.py:188} INFO - [2026-01-09T12:28:54.080+0000] {dagbag.py:538} INFO - Filling up the DagBag from /home/airflow/.local/lib/python3.8/site-packages/airflow/example_dags/example_dag_decorator.py
[2026-01-09T12:28:54.278+0000] {processor.py:840} INFO - DAG(s) 'example_dag_decorator' retrieved from /home/airflow/.local/lib/python3.8/site-packages/airflow/example_dags/example_dag_decorator.py
[2026-01-09T12:28:54.551+0000] {logging_mixin.py:188} INFO - [2026-01-09T12:28:54.551+0000] {dag.py:3036} INFO - Sync 1 DAGs
[2026-01-09T12:28:54.806+0000] {logging_mixin.py:188} INFO - [2026-01-09T12:28:54.806+0000] {dag.py:3823} INFO - Setting next_dagrun for example_dag_decorator to None, run_after=None
[2026-01-09T12:28:54.852+0000] {processor.py:183} INFO - Processing /home/airflow/.local/lib/python3.8/site-packages/airflow/example_dags/example_dag_decorator.py took 0.788 seconds
[2026-01-09T12:29:25.403+0000] {processor.py:161} INFO - Started process (PID=10228) to work on /home/airflow/.local/lib/python3.8/site-packages/airflow/example_dags/example_dag_decorator.py
[2026-01-09T12:29:25.406+0000] {processor.py:830} INFO - Processing file /home/airflow/.local/lib/python3.8/site-packages/airflow/example_dags/example_dag_decorator.py for tasks to queue
[2026-01-09T12:29:25.408+0000] {logging_mixin.py:188} INFO - [2026-01-09T12:29:25.407+0000] {dagbag.py:538} INFO - Filling up the DagBag from /home/airflow/.local/lib/python3.8/site-packages/airflow/example_dags/example_dag_decorator.py
[2026-01-09T12:29:25.557+0000] {processor.py:840} INFO - DAG(s) 'example_dag_decorator' retrieved from /home/airflow/.local/lib/python3.8/site-packages/airflow/example_dags/example_dag_decorator.py
[2026-01-09T12:29:25.828+0000] {logging_mixin.py:188} INFO - [2026-01-09T12:29:25.827+0000] {dag.py:3036} INFO - Sync 1 DAGs
[2026-01-09T12:29:26.110+0000] {logging_mixin.py:188} INFO - [2026-01-09T12:29:26.109+0000] {dag.py:3823} INFO - Setting next_dagrun for example_dag_decorator to None, run_after=None
[2026-01-09T12:29:26.157+0000] {processor.py:183} INFO - Processing /home/airflow/.local/lib/python3.8/site-packages/airflow/example_dags/example_dag_decorator.py took 0.762 seconds
[2026-01-09T12:29:56.342+0000] {processor.py:161} INFO - Started process (PID=10484) to work on /home/airflow/.local/lib/python3.8/site-packages/airflow/example_dags/example_dag_decorator.py
[2026-01-09T12:29:56.345+0000] {processor.py:830} INFO - Processing file /home/airflow/.local/lib/python3.8/site-packages/airflow/example_dags/example_dag_decorator.py for tasks to queue
[2026-01-09T12:29:56.346+0000] {logging_mixin.py:188} INFO - [2026-01-09T12:29:56.346+0000] {dagbag.py:538} INFO - Filling up the DagBag from /home/airflow/.local/lib/python3.8/site-packages/airflow/example_dags/example_dag_decorator.py
[2026-01-09T12:29:56.508+0000] {processor.py:840} INFO - DAG(s) 'example_dag_decorator' retrieved from /home/airflow/.local/lib/python3.8/site-packages/airflow/example_dags/example_dag_decorator.py
[2026-01-09T12:29:56.767+0000] {logging_mixin.py:188} INFO - [2026-01-09T12:29:56.767+0000] {dag.py:3036} INFO - Sync 1 DAGs
[2026-01-09T12:29:56.806+0000] {logging_mixin.py:188} INFO - [2026-01-09T12:29:56.805+0000] {dag.py:3823} INFO - Setting next_dagrun for example_dag_decorator to None, run_after=None
[2026-01-09T12:29:56.897+0000] {processor.py:183} INFO - Processing /home/airflow/.local/lib/python3.8/site-packages/airflow/example_dags/example_dag_decorator.py took 0.563 seconds
[2026-01-09T12:30:27.103+0000] {processor.py:161} INFO - Started process (PID=10736) to work on /home/airflow/.local/lib/python3.8/site-packages/airflow/example_dags/example_dag_decorator.py
[2026-01-09T12:30:27.105+0000] {processor.py:830} INFO - Processing file /home/airflow/.local/lib/python3.8/site-packages/airflow/example_dags/example_dag_decorator.py for tasks to queue
[2026-01-09T12:30:27.108+0000] {logging_mixin.py:188} INFO - [2026-01-09T12:30:27.107+0000] {dagbag.py:538} INFO - Filling up the DagBag from /home/airflow/.local/lib/python3.8/site-packages/airflow/example_dags/example_dag_decorator.py
[2026-01-09T12:30:27.262+0000] {processor.py:840} INFO - DAG(s) 'example_dag_decorator' retrieved from /home/airflow/.local/lib/python3.8/site-packages/airflow/example_dags/example_dag_decorator.py
[2026-01-09T12:30:27.432+0000] {logging_mixin.py:188} INFO - [2026-01-09T12:30:27.432+0000] {dag.py:3036} INFO - Sync 1 DAGs
[2026-01-09T12:30:27.449+0000] {logging_mixin.py:188} INFO - [2026-01-09T12:30:27.448+0000] {dag.py:3823} INFO - Setting next_dagrun for example_dag_decorator to None, run_after=None
[2026-01-09T12:30:27.496+0000] {processor.py:183} INFO - Processing /home/airflow/.local/lib/python3.8/site-packages/airflow/example_dags/example_dag_decorator.py took 0.400 seconds
[2026-01-09T12:30:57.731+0000] {processor.py:161} INFO - Started process (PID=10964) to work on /home/airflow/.local/lib/python3.8/site-packages/airflow/example_dags/example_dag_decorator.py
[2026-01-09T12:30:57.736+0000] {processor.py:830} INFO - Processing file /home/airflow/.local/lib/python3.8/site-packages/airflow/example_dags/example_dag_decorator.py for tasks to queue
[2026-01-09T12:30:57.737+0000] {logging_mixin.py:188} INFO - [2026-01-09T12:30:57.737+0000] {dagbag.py:538} INFO - Filling up the DagBag from /home/airflow/.local/lib/python3.8/site-packages/airflow/example_dags/example_dag_decorator.py
[2026-01-09T12:30:57.902+0000] {processor.py:840} INFO - DAG(s) 'example_dag_decorator' retrieved from /home/airflow/.local/lib/python3.8/site-packages/airflow/example_dags/example_dag_decorator.py
[2026-01-09T12:30:58.254+0000] {logging_mixin.py:188} INFO - [2026-01-09T12:30:58.253+0000] {dag.py:3036} INFO - Sync 1 DAGs
[2026-01-09T12:30:58.273+0000] {logging_mixin.py:188} INFO - [2026-01-09T12:30:58.272+0000] {dag.py:3823} INFO - Setting next_dagrun for example_dag_decorator to None, run_after=None
[2026-01-09T12:30:58.315+0000] {processor.py:183} INFO - Processing /home/airflow/.local/lib/python3.8/site-packages/airflow/example_dags/example_dag_decorator.py took 0.590 seconds
[2026-01-09T12:31:28.518+0000] {processor.py:161} INFO - Started process (PID=11210) to work on /home/airflow/.local/lib/python3.8/site-packages/airflow/example_dags/example_dag_decorator.py
[2026-01-09T12:31:28.520+0000] {processor.py:830} INFO - Processing file /home/airflow/.local/lib/python3.8/site-packages/airflow/example_dags/example_dag_decorator.py for tasks to queue
[2026-01-09T12:31:28.521+0000] {logging_mixin.py:188} INFO - [2026-01-09T12:31:28.521+0000] {dagbag.py:538} INFO - Filling up the DagBag from /home/airflow/.local/lib/python3.8/site-packages/airflow/example_dags/example_dag_decorator.py
[2026-01-09T12:31:28.684+0000] {processor.py:840} INFO - DAG(s) 'example_dag_decorator' retrieved from /home/airflow/.local/lib/python3.8/site-packages/airflow/example_dags/example_dag_decorator.py
[2026-01-09T12:31:29.068+0000] {logging_mixin.py:188} INFO - [2026-01-09T12:31:29.068+0000] {dag.py:3036} INFO - Sync 1 DAGs
[2026-01-09T12:31:29.083+0000] {logging_mixin.py:188} INFO - [2026-01-09T12:31:29.083+0000] {dag.py:3823} INFO - Setting next_dagrun for example_dag_decorator to None, run_after=None
[2026-01-09T12:31:29.127+0000] {processor.py:183} INFO - Processing /home/airflow/.local/lib/python3.8/site-packages/airflow/example_dags/example_dag_decorator.py took 0.617 seconds
[2026-01-09T12:31:59.297+0000] {processor.py:161} INFO - Started process (PID=11465) to work on /home/airflow/.local/lib/python3.8/site-packages/airflow/example_dags/example_dag_decorator.py
[2026-01-09T12:31:59.299+0000] {processor.py:830} INFO - Processing file /home/airflow/.local/lib/python3.8/site-packages/airflow/example_dags/example_dag_decorator.py for tasks to queue
[2026-01-09T12:31:59.300+0000] {logging_mixin.py:188} INFO - [2026-01-09T12:31:59.299+0000] {dagbag.py:538} INFO - Filling up the DagBag from /home/airflow/.local/lib/python3.8/site-packages/airflow/example_dags/example_dag_decorator.py
[2026-01-09T12:31:59.430+0000] {processor.py:840} INFO - DAG(s) 'example_dag_decorator' retrieved from /home/airflow/.local/lib/python3.8/site-packages/airflow/example_dags/example_dag_decorator.py
[2026-01-09T12:31:59.599+0000] {logging_mixin.py:188} INFO - [2026-01-09T12:31:59.599+0000] {dag.py:3036} INFO - Sync 1 DAGs
[2026-01-09T12:31:59.782+0000] {logging_mixin.py:188} INFO - [2026-01-09T12:31:59.782+0000] {dag.py:3823} INFO - Setting next_dagrun for example_dag_decorator to None, run_after=None
[2026-01-09T12:31:59.819+0000] {processor.py:183} INFO - Processing /home/airflow/.local/lib/python3.8/site-packages/airflow/example_dags/example_dag_decorator.py took 0.528 seconds
[2026-01-09T12:32:29.983+0000] {processor.py:161} INFO - Started process (PID=11719) to work on /home/airflow/.local/lib/python3.8/site-packages/airflow/example_dags/example_dag_decorator.py
[2026-01-09T12:32:29.986+0000] {processor.py:830} INFO - Processing file /home/airflow/.local/lib/python3.8/site-packages/airflow/example_dags/example_dag_decorator.py for tasks to queue
[2026-01-09T12:32:29.988+0000] {logging_mixin.py:188} INFO - [2026-01-09T12:32:29.988+0000] {dagbag.py:538} INFO - Filling up the DagBag from /home/airflow/.local/lib/python3.8/site-packages/airflow/example_dags/example_dag_decorator.py
[2026-01-09T12:32:30.190+0000] {processor.py:840} INFO - DAG(s) 'example_dag_decorator' retrieved from /home/airflow/.local/lib/python3.8/site-packages/airflow/example_dags/example_dag_decorator.py
[2026-01-09T12:32:30.394+0000] {logging_mixin.py:188} INFO - [2026-01-09T12:32:30.393+0000] {dag.py:3036} INFO - Sync 1 DAGs
[2026-01-09T12:32:30.413+0000] {logging_mixin.py:188} INFO - [2026-01-09T12:32:30.412+0000] {dag.py:3823} INFO - Setting next_dagrun for example_dag_decorator to None, run_after=None
[2026-01-09T12:32:30.712+0000] {processor.py:183} INFO - Processing /home/airflow/.local/lib/python3.8/site-packages/airflow/example_dags/example_dag_decorator.py took 0.736 seconds
[2026-01-09T12:33:01.144+0000] {processor.py:161} INFO - Started process (PID=11966) to work on /home/airflow/.local/lib/python3.8/site-packages/airflow/example_dags/example_dag_decorator.py
[2026-01-09T12:33:01.146+0000] {processor.py:830} INFO - Processing file /home/airflow/.local/lib/python3.8/site-packages/airflow/example_dags/example_dag_decorator.py for tasks to queue
[2026-01-09T12:33:01.149+0000] {logging_mixin.py:188} INFO - [2026-01-09T12:33:01.148+0000] {dagbag.py:538} INFO - Filling up the DagBag from /home/airflow/.local/lib/python3.8/site-packages/airflow/example_dags/example_dag_decorator.py
[2026-01-09T12:33:01.304+0000] {processor.py:840} INFO - DAG(s) 'example_dag_decorator' retrieved from /home/airflow/.local/lib/python3.8/site-packages/airflow/example_dags/example_dag_decorator.py
[2026-01-09T12:33:01.654+0000] {logging_mixin.py:188} INFO - [2026-01-09T12:33:01.653+0000] {dag.py:3036} INFO - Sync 1 DAGs
[2026-01-09T12:33:01.669+0000] {logging_mixin.py:188} INFO - [2026-01-09T12:33:01.668+0000] {dag.py:3823} INFO - Setting next_dagrun for example_dag_decorator to None, run_after=None
[2026-01-09T12:33:01.713+0000] {processor.py:183} INFO - Processing /home/airflow/.local/lib/python3.8/site-packages/airflow/example_dags/example_dag_decorator.py took 0.579 seconds
[2026-01-09T12:33:31.798+0000] {processor.py:161} INFO - Started process (PID=12218) to work on /home/airflow/.local/lib/python3.8/site-packages/airflow/example_dags/example_dag_decorator.py
[2026-01-09T12:33:31.800+0000] {processor.py:830} INFO - Processing file /home/airflow/.local/lib/python3.8/site-packages/airflow/example_dags/example_dag_decorator.py for tasks to queue
[2026-01-09T12:33:31.802+0000] {logging_mixin.py:188} INFO - [2026-01-09T12:33:31.801+0000] {dagbag.py:538} INFO - Filling up the DagBag from /home/airflow/.local/lib/python3.8/site-packages/airflow/example_dags/example_dag_decorator.py
[2026-01-09T12:33:31.952+0000] {processor.py:840} INFO - DAG(s) 'example_dag_decorator' retrieved from /home/airflow/.local/lib/python3.8/site-packages/airflow/example_dags/example_dag_decorator.py
[2026-01-09T12:33:32.370+0000] {logging_mixin.py:188} INFO - [2026-01-09T12:33:32.369+0000] {dag.py:3036} INFO - Sync 1 DAGs
[2026-01-09T12:33:32.387+0000] {logging_mixin.py:188} INFO - [2026-01-09T12:33:32.387+0000] {dag.py:3823} INFO - Setting next_dagrun for example_dag_decorator to None, run_after=None
[2026-01-09T12:33:32.429+0000] {processor.py:183} INFO - Processing /home/airflow/.local/lib/python3.8/site-packages/airflow/example_dags/example_dag_decorator.py took 0.636 seconds
[2026-01-09T12:34:02.525+0000] {processor.py:161} INFO - Started process (PID=12460) to work on /home/airflow/.local/lib/python3.8/site-packages/airflow/example_dags/example_dag_decorator.py
[2026-01-09T12:34:02.527+0000] {processor.py:830} INFO - Processing file /home/airflow/.local/lib/python3.8/site-packages/airflow/example_dags/example_dag_decorator.py for tasks to queue
[2026-01-09T12:34:02.529+0000] {logging_mixin.py:188} INFO - [2026-01-09T12:34:02.529+0000] {dagbag.py:538} INFO - Filling up the DagBag from /home/airflow/.local/lib/python3.8/site-packages/airflow/example_dags/example_dag_decorator.py
[2026-01-09T12:34:02.672+0000] {processor.py:840} INFO - DAG(s) 'example_dag_decorator' retrieved from /home/airflow/.local/lib/python3.8/site-packages/airflow/example_dags/example_dag_decorator.py
[2026-01-09T12:34:03.015+0000] {logging_mixin.py:188} INFO - [2026-01-09T12:34:03.015+0000] {dag.py:3036} INFO - Sync 1 DAGs
[2026-01-09T12:34:03.042+0000] {logging_mixin.py:188} INFO - [2026-01-09T12:34:03.042+0000] {dag.py:3823} INFO - Setting next_dagrun for example_dag_decorator to None, run_after=None
[2026-01-09T12:34:03.083+0000] {processor.py:183} INFO - Processing /home/airflow/.local/lib/python3.8/site-packages/airflow/example_dags/example_dag_decorator.py took 0.565 seconds
[2026-01-09T12:34:33.273+0000] {processor.py:161} INFO - Started process (PID=12710) to work on /home/airflow/.local/lib/python3.8/site-packages/airflow/example_dags/example_dag_decorator.py
[2026-01-09T12:34:33.276+0000] {processor.py:830} INFO - Processing file /home/airflow/.local/lib/python3.8/site-packages/airflow/example_dags/example_dag_decorator.py for tasks to queue
[2026-01-09T12:34:33.278+0000] {logging_mixin.py:188} INFO - [2026-01-09T12:34:33.277+0000] {dagbag.py:538} INFO - Filling up the DagBag from /home/airflow/.local/lib/python3.8/site-packages/airflow/example_dags/example_dag_decorator.py
[2026-01-09T12:34:33.413+0000] {processor.py:840} INFO - DAG(s) 'example_dag_decorator' retrieved from /home/airflow/.local/lib/python3.8/site-packages/airflow/example_dags/example_dag_decorator.py
[2026-01-09T12:34:33.788+0000] {logging_mixin.py:188} INFO - [2026-01-09T12:34:33.788+0000] {dag.py:3036} INFO - Sync 1 DAGs
[2026-01-09T12:34:33.805+0000] {logging_mixin.py:188} INFO - [2026-01-09T12:34:33.804+0000] {dag.py:3823} INFO - Setting next_dagrun for example_dag_decorator to None, run_after=None
[2026-01-09T12:34:33.849+0000] {processor.py:183} INFO - Processing /home/airflow/.local/lib/python3.8/site-packages/airflow/example_dags/example_dag_decorator.py took 0.583 seconds
[2026-01-09T12:35:04.782+0000] {processor.py:161} INFO - Started process (PID=12959) to work on /home/airflow/.local/lib/python3.8/site-packages/airflow/example_dags/example_dag_decorator.py
[2026-01-09T12:35:04.784+0000] {processor.py:830} INFO - Processing file /home/airflow/.local/lib/python3.8/site-packages/airflow/example_dags/example_dag_decorator.py for tasks to queue
[2026-01-09T12:35:04.785+0000] {logging_mixin.py:188} INFO - [2026-01-09T12:35:04.785+0000] {dagbag.py:538} INFO - Filling up the DagBag from /home/airflow/.local/lib/python3.8/site-packages/airflow/example_dags/example_dag_decorator.py
[2026-01-09T12:35:04.941+0000] {processor.py:840} INFO - DAG(s) 'example_dag_decorator' retrieved from /home/airflow/.local/lib/python3.8/site-packages/airflow/example_dags/example_dag_decorator.py
[2026-01-09T12:35:04.984+0000] {logging_mixin.py:188} INFO - [2026-01-09T12:35:04.984+0000] {dag.py:3036} INFO - Sync 1 DAGs
[2026-01-09T12:35:05.004+0000] {logging_mixin.py:188} INFO - [2026-01-09T12:35:05.003+0000] {dag.py:3823} INFO - Setting next_dagrun for example_dag_decorator to None, run_after=None
[2026-01-09T12:35:05.046+0000] {processor.py:183} INFO - Processing /home/airflow/.local/lib/python3.8/site-packages/airflow/example_dags/example_dag_decorator.py took 0.270 seconds
[2026-01-09T12:35:35.293+0000] {processor.py:161} INFO - Started process (PID=13206) to work on /home/airflow/.local/lib/python3.8/site-packages/airflow/example_dags/example_dag_decorator.py
[2026-01-09T12:35:35.298+0000] {processor.py:830} INFO - Processing file /home/airflow/.local/lib/python3.8/site-packages/airflow/example_dags/example_dag_decorator.py for tasks to queue
[2026-01-09T12:35:35.300+0000] {logging_mixin.py:188} INFO - [2026-01-09T12:35:35.299+0000] {dagbag.py:538} INFO - Filling up the DagBag from /home/airflow/.local/lib/python3.8/site-packages/airflow/example_dags/example_dag_decorator.py
[2026-01-09T12:35:35.464+0000] {processor.py:840} INFO - DAG(s) 'example_dag_decorator' retrieved from /home/airflow/.local/lib/python3.8/site-packages/airflow/example_dags/example_dag_decorator.py
[2026-01-09T12:35:35.504+0000] {logging_mixin.py:188} INFO - [2026-01-09T12:35:35.504+0000] {dag.py:3036} INFO - Sync 1 DAGs
[2026-01-09T12:35:35.737+0000] {logging_mixin.py:188} INFO - [2026-01-09T12:35:35.737+0000] {dag.py:3823} INFO - Setting next_dagrun for example_dag_decorator to None, run_after=None
[2026-01-09T12:35:35.777+0000] {processor.py:183} INFO - Processing /home/airflow/.local/lib/python3.8/site-packages/airflow/example_dags/example_dag_decorator.py took 0.493 seconds
[2026-01-09T12:36:05.996+0000] {processor.py:161} INFO - Started process (PID=13458) to work on /home/airflow/.local/lib/python3.8/site-packages/airflow/example_dags/example_dag_decorator.py
[2026-01-09T12:36:05.998+0000] {processor.py:830} INFO - Processing file /home/airflow/.local/lib/python3.8/site-packages/airflow/example_dags/example_dag_decorator.py for tasks to queue
[2026-01-09T12:36:06.000+0000] {logging_mixin.py:188} INFO - [2026-01-09T12:36:05.999+0000] {dagbag.py:538} INFO - Filling up the DagBag from /home/airflow/.local/lib/python3.8/site-packages/airflow/example_dags/example_dag_decorator.py
[2026-01-09T12:36:06.184+0000] {processor.py:840} INFO - DAG(s) 'example_dag_decorator' retrieved from /home/airflow/.local/lib/python3.8/site-packages/airflow/example_dags/example_dag_decorator.py
[2026-01-09T12:36:06.625+0000] {logging_mixin.py:188} INFO - [2026-01-09T12:36:06.625+0000] {dag.py:3036} INFO - Sync 1 DAGs
[2026-01-09T12:36:06.642+0000] {logging_mixin.py:188} INFO - [2026-01-09T12:36:06.642+0000] {dag.py:3823} INFO - Setting next_dagrun for example_dag_decorator to None, run_after=None
[2026-01-09T12:36:06.694+0000] {processor.py:183} INFO - Processing /home/airflow/.local/lib/python3.8/site-packages/airflow/example_dags/example_dag_decorator.py took 0.705 seconds
[2026-01-09T12:36:36.868+0000] {processor.py:161} INFO - Started process (PID=13700) to work on /home/airflow/.local/lib/python3.8/site-packages/airflow/example_dags/example_dag_decorator.py
[2026-01-09T12:36:36.875+0000] {processor.py:830} INFO - Processing file /home/airflow/.local/lib/python3.8/site-packages/airflow/example_dags/example_dag_decorator.py for tasks to queue
[2026-01-09T12:36:36.877+0000] {logging_mixin.py:188} INFO - [2026-01-09T12:36:36.877+0000] {dagbag.py:538} INFO - Filling up the DagBag from /home/airflow/.local/lib/python3.8/site-packages/airflow/example_dags/example_dag_decorator.py
[2026-01-09T12:36:37.021+0000] {processor.py:840} INFO - DAG(s) 'example_dag_decorator' retrieved from /home/airflow/.local/lib/python3.8/site-packages/airflow/example_dags/example_dag_decorator.py
[2026-01-09T12:36:37.393+0000] {logging_mixin.py:188} INFO - [2026-01-09T12:36:37.393+0000] {dag.py:3036} INFO - Sync 1 DAGs
[2026-01-09T12:36:37.412+0000] {logging_mixin.py:188} INFO - [2026-01-09T12:36:37.412+0000] {dag.py:3823} INFO - Setting next_dagrun for example_dag_decorator to None, run_after=None
[2026-01-09T12:36:37.456+0000] {processor.py:183} INFO - Processing /home/airflow/.local/lib/python3.8/site-packages/airflow/example_dags/example_dag_decorator.py took 0.596 seconds
[2026-01-09T12:37:07.607+0000] {processor.py:161} INFO - Started process (PID=13955) to work on /home/airflow/.local/lib/python3.8/site-packages/airflow/example_dags/example_dag_decorator.py
[2026-01-09T12:37:07.609+0000] {processor.py:830} INFO - Processing file /home/airflow/.local/lib/python3.8/site-packages/airflow/example_dags/example_dag_decorator.py for tasks to queue
[2026-01-09T12:37:07.611+0000] {logging_mixin.py:188} INFO - [2026-01-09T12:37:07.610+0000] {dagbag.py:538} INFO - Filling up the DagBag from /home/airflow/.local/lib/python3.8/site-packages/airflow/example_dags/example_dag_decorator.py
[2026-01-09T12:37:07.651+0000] {processor.py:840} INFO - DAG(s) 'example_dag_decorator' retrieved from /home/airflow/.local/lib/python3.8/site-packages/airflow/example_dags/example_dag_decorator.py
[2026-01-09T12:37:08.023+0000] {logging_mixin.py:188} INFO - [2026-01-09T12:37:08.022+0000] {dag.py:3036} INFO - Sync 1 DAGs
[2026-01-09T12:37:08.043+0000] {logging_mixin.py:188} INFO - [2026-01-09T12:37:08.043+0000] {dag.py:3823} INFO - Setting next_dagrun for example_dag_decorator to None, run_after=None
[2026-01-09T12:37:08.083+0000] {processor.py:183} INFO - Processing /home/airflow/.local/lib/python3.8/site-packages/airflow/example_dags/example_dag_decorator.py took 0.620 seconds
[2026-01-09T12:37:38.253+0000] {processor.py:161} INFO - Started process (PID=14194) to work on /home/airflow/.local/lib/python3.8/site-packages/airflow/example_dags/example_dag_decorator.py
[2026-01-09T12:37:38.259+0000] {processor.py:830} INFO - Processing file /home/airflow/.local/lib/python3.8/site-packages/airflow/example_dags/example_dag_decorator.py for tasks to queue
[2026-01-09T12:37:38.261+0000] {logging_mixin.py:188} INFO - [2026-01-09T12:37:38.260+0000] {dagbag.py:538} INFO - Filling up the DagBag from /home/airflow/.local/lib/python3.8/site-packages/airflow/example_dags/example_dag_decorator.py
[2026-01-09T12:37:38.584+0000] {processor.py:840} INFO - DAG(s) 'example_dag_decorator' retrieved from /home/airflow/.local/lib/python3.8/site-packages/airflow/example_dags/example_dag_decorator.py
[2026-01-09T12:37:38.758+0000] {logging_mixin.py:188} INFO - [2026-01-09T12:37:38.757+0000] {dag.py:3036} INFO - Sync 1 DAGs
[2026-01-09T12:37:38.772+0000] {logging_mixin.py:188} INFO - [2026-01-09T12:37:38.772+0000] {dag.py:3823} INFO - Setting next_dagrun for example_dag_decorator to None, run_after=None
[2026-01-09T12:37:38.809+0000] {processor.py:183} INFO - Processing /home/airflow/.local/lib/python3.8/site-packages/airflow/example_dags/example_dag_decorator.py took 0.562 seconds
[2026-01-09T12:38:08.887+0000] {processor.py:161} INFO - Started process (PID=14441) to work on /home/airflow/.local/lib/python3.8/site-packages/airflow/example_dags/example_dag_decorator.py
[2026-01-09T12:38:08.889+0000] {processor.py:830} INFO - Processing file /home/airflow/.local/lib/python3.8/site-packages/airflow/example_dags/example_dag_decorator.py for tasks to queue
[2026-01-09T12:38:08.891+0000] {logging_mixin.py:188} INFO - [2026-01-09T12:38:08.890+0000] {dagbag.py:538} INFO - Filling up the DagBag from /home/airflow/.local/lib/python3.8/site-packages/airflow/example_dags/example_dag_decorator.py
[2026-01-09T12:38:09.272+0000] {processor.py:840} INFO - DAG(s) 'example_dag_decorator' retrieved from /home/airflow/.local/lib/python3.8/site-packages/airflow/example_dags/example_dag_decorator.py
[2026-01-09T12:38:09.416+0000] {logging_mixin.py:188} INFO - [2026-01-09T12:38:09.416+0000] {dag.py:3036} INFO - Sync 1 DAGs
[2026-01-09T12:38:09.433+0000] {logging_mixin.py:188} INFO - [2026-01-09T12:38:09.433+0000] {dag.py:3823} INFO - Setting next_dagrun for example_dag_decorator to None, run_after=None
[2026-01-09T12:38:09.487+0000] {processor.py:183} INFO - Processing /home/airflow/.local/lib/python3.8/site-packages/airflow/example_dags/example_dag_decorator.py took 0.607 seconds
[2026-01-09T12:38:39.632+0000] {processor.py:161} INFO - Started process (PID=14693) to work on /home/airflow/.local/lib/python3.8/site-packages/airflow/example_dags/example_dag_decorator.py
[2026-01-09T12:38:39.635+0000] {processor.py:830} INFO - Processing file /home/airflow/.local/lib/python3.8/site-packages/airflow/example_dags/example_dag_decorator.py for tasks to queue
[2026-01-09T12:38:39.637+0000] {logging_mixin.py:188} INFO - [2026-01-09T12:38:39.636+0000] {dagbag.py:538} INFO - Filling up the DagBag from /home/airflow/.local/lib/python3.8/site-packages/airflow/example_dags/example_dag_decorator.py
[2026-01-09T12:38:39.793+0000] {processor.py:840} INFO - DAG(s) 'example_dag_decorator' retrieved from /home/airflow/.local/lib/python3.8/site-packages/airflow/example_dags/example_dag_decorator.py
[2026-01-09T12:38:40.182+0000] {logging_mixin.py:188} INFO - [2026-01-09T12:38:40.181+0000] {dag.py:3036} INFO - Sync 1 DAGs
[2026-01-09T12:38:40.200+0000] {logging_mixin.py:188} INFO - [2026-01-09T12:38:40.199+0000] {dag.py:3823} INFO - Setting next_dagrun for example_dag_decorator to None, run_after=None
[2026-01-09T12:38:40.243+0000] {processor.py:183} INFO - Processing /home/airflow/.local/lib/python3.8/site-packages/airflow/example_dags/example_dag_decorator.py took 0.617 seconds
[2026-01-09T12:39:10.475+0000] {processor.py:161} INFO - Started process (PID=14948) to work on /home/airflow/.local/lib/python3.8/site-packages/airflow/example_dags/example_dag_decorator.py
[2026-01-09T12:39:10.477+0000] {processor.py:830} INFO - Processing file /home/airflow/.local/lib/python3.8/site-packages/airflow/example_dags/example_dag_decorator.py for tasks to queue
[2026-01-09T12:39:10.479+0000] {logging_mixin.py:188} INFO - [2026-01-09T12:39:10.479+0000] {dagbag.py:538} INFO - Filling up the DagBag from /home/airflow/.local/lib/python3.8/site-packages/airflow/example_dags/example_dag_decorator.py
[2026-01-09T12:39:10.604+0000] {processor.py:840} INFO - DAG(s) 'example_dag_decorator' retrieved from /home/airflow/.local/lib/python3.8/site-packages/airflow/example_dags/example_dag_decorator.py
[2026-01-09T12:39:10.940+0000] {logging_mixin.py:188} INFO - [2026-01-09T12:39:10.940+0000] {dag.py:3036} INFO - Sync 1 DAGs
[2026-01-09T12:39:10.955+0000] {logging_mixin.py:188} INFO - [2026-01-09T12:39:10.954+0000] {dag.py:3823} INFO - Setting next_dagrun for example_dag_decorator to None, run_after=None
[2026-01-09T12:39:11.005+0000] {processor.py:183} INFO - Processing /home/airflow/.local/lib/python3.8/site-packages/airflow/example_dags/example_dag_decorator.py took 0.536 seconds
[2026-01-09T12:39:41.270+0000] {processor.py:161} INFO - Started process (PID=15202) to work on /home/airflow/.local/lib/python3.8/site-packages/airflow/example_dags/example_dag_decorator.py
[2026-01-09T12:39:41.272+0000] {processor.py:830} INFO - Processing file /home/airflow/.local/lib/python3.8/site-packages/airflow/example_dags/example_dag_decorator.py for tasks to queue
[2026-01-09T12:39:41.273+0000] {logging_mixin.py:188} INFO - [2026-01-09T12:39:41.273+0000] {dagbag.py:538} INFO - Filling up the DagBag from /home/airflow/.local/lib/python3.8/site-packages/airflow/example_dags/example_dag_decorator.py
[2026-01-09T12:39:41.584+0000] {processor.py:840} INFO - DAG(s) 'example_dag_decorator' retrieved from /home/airflow/.local/lib/python3.8/site-packages/airflow/example_dags/example_dag_decorator.py
[2026-01-09T12:39:41.747+0000] {logging_mixin.py:188} INFO - [2026-01-09T12:39:41.746+0000] {dag.py:3036} INFO - Sync 1 DAGs
[2026-01-09T12:39:41.763+0000] {logging_mixin.py:188} INFO - [2026-01-09T12:39:41.762+0000] {dag.py:3823} INFO - Setting next_dagrun for example_dag_decorator to None, run_after=None
[2026-01-09T12:39:41.803+0000] {processor.py:183} INFO - Processing /home/airflow/.local/lib/python3.8/site-packages/airflow/example_dags/example_dag_decorator.py took 0.541 seconds
