[2026-01-09T12:08:52.835+0000] {processor.py:161} INFO - Started process (PID=223) to work on /home/airflow/.local/lib/python3.8/site-packages/airflow/example_dags/example_time_delta_sensor_async.py
[2026-01-09T12:08:52.836+0000] {processor.py:830} INFO - Processing file /home/airflow/.local/lib/python3.8/site-packages/airflow/example_dags/example_time_delta_sensor_async.py for tasks to queue
[2026-01-09T12:08:52.838+0000] {logging_mixin.py:188} INFO - [2026-01-09T12:08:52.838+0000] {dagbag.py:538} INFO - Filling up the DagBag from /home/airflow/.local/lib/python3.8/site-packages/airflow/example_dags/example_time_delta_sensor_async.py
[2026-01-09T12:08:52.851+0000] {processor.py:840} INFO - DAG(s) 'example_time_delta_sensor_async' retrieved from /home/airflow/.local/lib/python3.8/site-packages/airflow/example_dags/example_time_delta_sensor_async.py
[2026-01-09T12:08:53.012+0000] {logging_mixin.py:188} INFO - [2026-01-09T12:08:53.011+0000] {dag.py:3036} INFO - Sync 1 DAGs
[2026-01-09T12:08:53.029+0000] {logging_mixin.py:188} INFO - [2026-01-09T12:08:53.029+0000] {dag.py:3823} INFO - Setting next_dagrun for example_time_delta_sensor_async to None, run_after=None
[2026-01-09T12:08:53.082+0000] {processor.py:183} INFO - Processing /home/airflow/.local/lib/python3.8/site-packages/airflow/example_dags/example_time_delta_sensor_async.py took 0.254 seconds
[2026-01-09T12:09:23.789+0000] {processor.py:161} INFO - Started process (PID=474) to work on /home/airflow/.local/lib/python3.8/site-packages/airflow/example_dags/example_time_delta_sensor_async.py
[2026-01-09T12:09:23.792+0000] {processor.py:830} INFO - Processing file /home/airflow/.local/lib/python3.8/site-packages/airflow/example_dags/example_time_delta_sensor_async.py for tasks to queue
[2026-01-09T12:09:23.794+0000] {logging_mixin.py:188} INFO - [2026-01-09T12:09:23.793+0000] {dagbag.py:538} INFO - Filling up the DagBag from /home/airflow/.local/lib/python3.8/site-packages/airflow/example_dags/example_time_delta_sensor_async.py
[2026-01-09T12:09:23.805+0000] {processor.py:840} INFO - DAG(s) 'example_time_delta_sensor_async' retrieved from /home/airflow/.local/lib/python3.8/site-packages/airflow/example_dags/example_time_delta_sensor_async.py
[2026-01-09T12:09:23.849+0000] {logging_mixin.py:188} INFO - [2026-01-09T12:09:23.848+0000] {dag.py:3036} INFO - Sync 1 DAGs
[2026-01-09T12:09:23.872+0000] {logging_mixin.py:188} INFO - [2026-01-09T12:09:23.872+0000] {dag.py:3823} INFO - Setting next_dagrun for example_time_delta_sensor_async to None, run_after=None
[2026-01-09T12:09:23.914+0000] {processor.py:183} INFO - Processing /home/airflow/.local/lib/python3.8/site-packages/airflow/example_dags/example_time_delta_sensor_async.py took 0.132 seconds
[2026-01-09T12:09:54.679+0000] {processor.py:161} INFO - Started process (PID=721) to work on /home/airflow/.local/lib/python3.8/site-packages/airflow/example_dags/example_time_delta_sensor_async.py
[2026-01-09T12:09:54.681+0000] {processor.py:830} INFO - Processing file /home/airflow/.local/lib/python3.8/site-packages/airflow/example_dags/example_time_delta_sensor_async.py for tasks to queue
[2026-01-09T12:09:54.682+0000] {logging_mixin.py:188} INFO - [2026-01-09T12:09:54.682+0000] {dagbag.py:538} INFO - Filling up the DagBag from /home/airflow/.local/lib/python3.8/site-packages/airflow/example_dags/example_time_delta_sensor_async.py
[2026-01-09T12:09:54.692+0000] {processor.py:840} INFO - DAG(s) 'example_time_delta_sensor_async' retrieved from /home/airflow/.local/lib/python3.8/site-packages/airflow/example_dags/example_time_delta_sensor_async.py
[2026-01-09T12:09:54.733+0000] {logging_mixin.py:188} INFO - [2026-01-09T12:09:54.732+0000] {dag.py:3036} INFO - Sync 1 DAGs
[2026-01-09T12:09:54.786+0000] {logging_mixin.py:188} INFO - [2026-01-09T12:09:54.785+0000] {dag.py:3823} INFO - Setting next_dagrun for example_time_delta_sensor_async to None, run_after=None
[2026-01-09T12:09:54.879+0000] {processor.py:183} INFO - Processing /home/airflow/.local/lib/python3.8/site-packages/airflow/example_dags/example_time_delta_sensor_async.py took 0.207 seconds
[2026-01-09T12:10:25.916+0000] {processor.py:161} INFO - Started process (PID=970) to work on /home/airflow/.local/lib/python3.8/site-packages/airflow/example_dags/example_time_delta_sensor_async.py
[2026-01-09T12:10:25.922+0000] {processor.py:830} INFO - Processing file /home/airflow/.local/lib/python3.8/site-packages/airflow/example_dags/example_time_delta_sensor_async.py for tasks to queue
[2026-01-09T12:10:25.924+0000] {logging_mixin.py:188} INFO - [2026-01-09T12:10:25.923+0000] {dagbag.py:538} INFO - Filling up the DagBag from /home/airflow/.local/lib/python3.8/site-packages/airflow/example_dags/example_time_delta_sensor_async.py
[2026-01-09T12:10:25.934+0000] {processor.py:840} INFO - DAG(s) 'example_time_delta_sensor_async' retrieved from /home/airflow/.local/lib/python3.8/site-packages/airflow/example_dags/example_time_delta_sensor_async.py
[2026-01-09T12:10:25.975+0000] {logging_mixin.py:188} INFO - [2026-01-09T12:10:25.975+0000] {dag.py:3036} INFO - Sync 1 DAGs
[2026-01-09T12:10:25.997+0000] {logging_mixin.py:188} INFO - [2026-01-09T12:10:25.996+0000] {dag.py:3823} INFO - Setting next_dagrun for example_time_delta_sensor_async to None, run_after=None
[2026-01-09T12:10:26.037+0000] {processor.py:183} INFO - Processing /home/airflow/.local/lib/python3.8/site-packages/airflow/example_dags/example_time_delta_sensor_async.py took 0.129 seconds
[2026-01-09T12:10:56.541+0000] {processor.py:161} INFO - Started process (PID=1217) to work on /home/airflow/.local/lib/python3.8/site-packages/airflow/example_dags/example_time_delta_sensor_async.py
[2026-01-09T12:10:56.543+0000] {processor.py:830} INFO - Processing file /home/airflow/.local/lib/python3.8/site-packages/airflow/example_dags/example_time_delta_sensor_async.py for tasks to queue
[2026-01-09T12:10:56.545+0000] {logging_mixin.py:188} INFO - [2026-01-09T12:10:56.544+0000] {dagbag.py:538} INFO - Filling up the DagBag from /home/airflow/.local/lib/python3.8/site-packages/airflow/example_dags/example_time_delta_sensor_async.py
[2026-01-09T12:10:56.557+0000] {processor.py:840} INFO - DAG(s) 'example_time_delta_sensor_async' retrieved from /home/airflow/.local/lib/python3.8/site-packages/airflow/example_dags/example_time_delta_sensor_async.py
[2026-01-09T12:10:56.610+0000] {logging_mixin.py:188} INFO - [2026-01-09T12:10:56.610+0000] {dag.py:3036} INFO - Sync 1 DAGs
[2026-01-09T12:10:56.633+0000] {logging_mixin.py:188} INFO - [2026-01-09T12:10:56.633+0000] {dag.py:3823} INFO - Setting next_dagrun for example_time_delta_sensor_async to None, run_after=None
[2026-01-09T12:10:56.684+0000] {processor.py:183} INFO - Processing /home/airflow/.local/lib/python3.8/site-packages/airflow/example_dags/example_time_delta_sensor_async.py took 0.151 seconds
[2026-01-09T12:11:27.030+0000] {processor.py:161} INFO - Started process (PID=1464) to work on /home/airflow/.local/lib/python3.8/site-packages/airflow/example_dags/example_time_delta_sensor_async.py
[2026-01-09T12:11:27.036+0000] {processor.py:830} INFO - Processing file /home/airflow/.local/lib/python3.8/site-packages/airflow/example_dags/example_time_delta_sensor_async.py for tasks to queue
[2026-01-09T12:11:27.038+0000] {logging_mixin.py:188} INFO - [2026-01-09T12:11:27.037+0000] {dagbag.py:538} INFO - Filling up the DagBag from /home/airflow/.local/lib/python3.8/site-packages/airflow/example_dags/example_time_delta_sensor_async.py
[2026-01-09T12:11:27.049+0000] {processor.py:840} INFO - DAG(s) 'example_time_delta_sensor_async' retrieved from /home/airflow/.local/lib/python3.8/site-packages/airflow/example_dags/example_time_delta_sensor_async.py
[2026-01-09T12:11:27.100+0000] {logging_mixin.py:188} INFO - [2026-01-09T12:11:27.100+0000] {dag.py:3036} INFO - Sync 1 DAGs
[2026-01-09T12:11:27.123+0000] {logging_mixin.py:188} INFO - [2026-01-09T12:11:27.123+0000] {dag.py:3823} INFO - Setting next_dagrun for example_time_delta_sensor_async to None, run_after=None
[2026-01-09T12:11:27.180+0000] {processor.py:183} INFO - Processing /home/airflow/.local/lib/python3.8/site-packages/airflow/example_dags/example_time_delta_sensor_async.py took 0.159 seconds
[2026-01-09T12:11:57.340+0000] {processor.py:161} INFO - Started process (PID=1712) to work on /home/airflow/.local/lib/python3.8/site-packages/airflow/example_dags/example_time_delta_sensor_async.py
[2026-01-09T12:11:57.349+0000] {processor.py:830} INFO - Processing file /home/airflow/.local/lib/python3.8/site-packages/airflow/example_dags/example_time_delta_sensor_async.py for tasks to queue
[2026-01-09T12:11:57.352+0000] {logging_mixin.py:188} INFO - [2026-01-09T12:11:57.351+0000] {dagbag.py:538} INFO - Filling up the DagBag from /home/airflow/.local/lib/python3.8/site-packages/airflow/example_dags/example_time_delta_sensor_async.py
[2026-01-09T12:11:57.376+0000] {processor.py:840} INFO - DAG(s) 'example_time_delta_sensor_async' retrieved from /home/airflow/.local/lib/python3.8/site-packages/airflow/example_dags/example_time_delta_sensor_async.py
[2026-01-09T12:11:57.433+0000] {logging_mixin.py:188} INFO - [2026-01-09T12:11:57.432+0000] {dag.py:3036} INFO - Sync 1 DAGs
[2026-01-09T12:11:57.460+0000] {logging_mixin.py:188} INFO - [2026-01-09T12:11:57.459+0000] {dag.py:3823} INFO - Setting next_dagrun for example_time_delta_sensor_async to None, run_after=None
[2026-01-09T12:11:57.511+0000] {processor.py:183} INFO - Processing /home/airflow/.local/lib/python3.8/site-packages/airflow/example_dags/example_time_delta_sensor_async.py took 0.185 seconds
[2026-01-09T12:12:28.294+0000] {processor.py:161} INFO - Started process (PID=1959) to work on /home/airflow/.local/lib/python3.8/site-packages/airflow/example_dags/example_time_delta_sensor_async.py
[2026-01-09T12:12:28.296+0000] {processor.py:830} INFO - Processing file /home/airflow/.local/lib/python3.8/site-packages/airflow/example_dags/example_time_delta_sensor_async.py for tasks to queue
[2026-01-09T12:12:28.298+0000] {logging_mixin.py:188} INFO - [2026-01-09T12:12:28.298+0000] {dagbag.py:538} INFO - Filling up the DagBag from /home/airflow/.local/lib/python3.8/site-packages/airflow/example_dags/example_time_delta_sensor_async.py
[2026-01-09T12:12:28.310+0000] {processor.py:840} INFO - DAG(s) 'example_time_delta_sensor_async' retrieved from /home/airflow/.local/lib/python3.8/site-packages/airflow/example_dags/example_time_delta_sensor_async.py
[2026-01-09T12:12:28.351+0000] {logging_mixin.py:188} INFO - [2026-01-09T12:12:28.351+0000] {dag.py:3036} INFO - Sync 1 DAGs
[2026-01-09T12:12:28.370+0000] {logging_mixin.py:188} INFO - [2026-01-09T12:12:28.370+0000] {dag.py:3823} INFO - Setting next_dagrun for example_time_delta_sensor_async to None, run_after=None
[2026-01-09T12:12:28.407+0000] {processor.py:183} INFO - Processing /home/airflow/.local/lib/python3.8/site-packages/airflow/example_dags/example_time_delta_sensor_async.py took 0.120 seconds
[2026-01-09T12:12:58.875+0000] {processor.py:161} INFO - Started process (PID=2206) to work on /home/airflow/.local/lib/python3.8/site-packages/airflow/example_dags/example_time_delta_sensor_async.py
[2026-01-09T12:12:58.878+0000] {processor.py:830} INFO - Processing file /home/airflow/.local/lib/python3.8/site-packages/airflow/example_dags/example_time_delta_sensor_async.py for tasks to queue
[2026-01-09T12:12:58.880+0000] {logging_mixin.py:188} INFO - [2026-01-09T12:12:58.879+0000] {dagbag.py:538} INFO - Filling up the DagBag from /home/airflow/.local/lib/python3.8/site-packages/airflow/example_dags/example_time_delta_sensor_async.py
[2026-01-09T12:12:58.891+0000] {processor.py:840} INFO - DAG(s) 'example_time_delta_sensor_async' retrieved from /home/airflow/.local/lib/python3.8/site-packages/airflow/example_dags/example_time_delta_sensor_async.py
[2026-01-09T12:12:58.937+0000] {logging_mixin.py:188} INFO - [2026-01-09T12:12:58.937+0000] {dag.py:3036} INFO - Sync 1 DAGs
[2026-01-09T12:12:58.961+0000] {logging_mixin.py:188} INFO - [2026-01-09T12:12:58.960+0000] {dag.py:3823} INFO - Setting next_dagrun for example_time_delta_sensor_async to None, run_after=None
[2026-01-09T12:12:59.007+0000] {processor.py:183} INFO - Processing /home/airflow/.local/lib/python3.8/site-packages/airflow/example_dags/example_time_delta_sensor_async.py took 0.139 seconds
[2026-01-09T12:13:29.115+0000] {processor.py:161} INFO - Started process (PID=2453) to work on /home/airflow/.local/lib/python3.8/site-packages/airflow/example_dags/example_time_delta_sensor_async.py
[2026-01-09T12:13:29.117+0000] {processor.py:830} INFO - Processing file /home/airflow/.local/lib/python3.8/site-packages/airflow/example_dags/example_time_delta_sensor_async.py for tasks to queue
[2026-01-09T12:13:29.119+0000] {logging_mixin.py:188} INFO - [2026-01-09T12:13:29.118+0000] {dagbag.py:538} INFO - Filling up the DagBag from /home/airflow/.local/lib/python3.8/site-packages/airflow/example_dags/example_time_delta_sensor_async.py
[2026-01-09T12:13:29.130+0000] {processor.py:840} INFO - DAG(s) 'example_time_delta_sensor_async' retrieved from /home/airflow/.local/lib/python3.8/site-packages/airflow/example_dags/example_time_delta_sensor_async.py
[2026-01-09T12:13:29.178+0000] {logging_mixin.py:188} INFO - [2026-01-09T12:13:29.177+0000] {dag.py:3036} INFO - Sync 1 DAGs
[2026-01-09T12:13:29.208+0000] {logging_mixin.py:188} INFO - [2026-01-09T12:13:29.207+0000] {dag.py:3823} INFO - Setting next_dagrun for example_time_delta_sensor_async to None, run_after=None
[2026-01-09T12:13:29.257+0000] {processor.py:183} INFO - Processing /home/airflow/.local/lib/python3.8/site-packages/airflow/example_dags/example_time_delta_sensor_async.py took 0.150 seconds
[2026-01-09T12:13:59.501+0000] {processor.py:161} INFO - Started process (PID=2700) to work on /home/airflow/.local/lib/python3.8/site-packages/airflow/example_dags/example_time_delta_sensor_async.py
[2026-01-09T12:13:59.504+0000] {processor.py:830} INFO - Processing file /home/airflow/.local/lib/python3.8/site-packages/airflow/example_dags/example_time_delta_sensor_async.py for tasks to queue
[2026-01-09T12:13:59.507+0000] {logging_mixin.py:188} INFO - [2026-01-09T12:13:59.506+0000] {dagbag.py:538} INFO - Filling up the DagBag from /home/airflow/.local/lib/python3.8/site-packages/airflow/example_dags/example_time_delta_sensor_async.py
[2026-01-09T12:13:59.518+0000] {processor.py:840} INFO - DAG(s) 'example_time_delta_sensor_async' retrieved from /home/airflow/.local/lib/python3.8/site-packages/airflow/example_dags/example_time_delta_sensor_async.py
[2026-01-09T12:13:59.575+0000] {logging_mixin.py:188} INFO - [2026-01-09T12:13:59.575+0000] {dag.py:3036} INFO - Sync 1 DAGs
[2026-01-09T12:13:59.603+0000] {logging_mixin.py:188} INFO - [2026-01-09T12:13:59.602+0000] {dag.py:3823} INFO - Setting next_dagrun for example_time_delta_sensor_async to None, run_after=None
[2026-01-09T12:13:59.646+0000] {processor.py:183} INFO - Processing /home/airflow/.local/lib/python3.8/site-packages/airflow/example_dags/example_time_delta_sensor_async.py took 0.153 seconds
[2026-01-09T12:14:29.856+0000] {processor.py:161} INFO - Started process (PID=2947) to work on /home/airflow/.local/lib/python3.8/site-packages/airflow/example_dags/example_time_delta_sensor_async.py
[2026-01-09T12:14:29.869+0000] {processor.py:830} INFO - Processing file /home/airflow/.local/lib/python3.8/site-packages/airflow/example_dags/example_time_delta_sensor_async.py for tasks to queue
[2026-01-09T12:14:29.870+0000] {logging_mixin.py:188} INFO - [2026-01-09T12:14:29.870+0000] {dagbag.py:538} INFO - Filling up the DagBag from /home/airflow/.local/lib/python3.8/site-packages/airflow/example_dags/example_time_delta_sensor_async.py
[2026-01-09T12:14:29.890+0000] {processor.py:840} INFO - DAG(s) 'example_time_delta_sensor_async' retrieved from /home/airflow/.local/lib/python3.8/site-packages/airflow/example_dags/example_time_delta_sensor_async.py
[2026-01-09T12:14:29.941+0000] {logging_mixin.py:188} INFO - [2026-01-09T12:14:29.941+0000] {dag.py:3036} INFO - Sync 1 DAGs
[2026-01-09T12:14:29.967+0000] {logging_mixin.py:188} INFO - [2026-01-09T12:14:29.966+0000] {dag.py:3823} INFO - Setting next_dagrun for example_time_delta_sensor_async to None, run_after=None
[2026-01-09T12:14:30.025+0000] {processor.py:183} INFO - Processing /home/airflow/.local/lib/python3.8/site-packages/airflow/example_dags/example_time_delta_sensor_async.py took 0.177 seconds
[2026-01-09T12:15:00.307+0000] {processor.py:161} INFO - Started process (PID=3194) to work on /home/airflow/.local/lib/python3.8/site-packages/airflow/example_dags/example_time_delta_sensor_async.py
[2026-01-09T12:15:00.310+0000] {processor.py:830} INFO - Processing file /home/airflow/.local/lib/python3.8/site-packages/airflow/example_dags/example_time_delta_sensor_async.py for tasks to queue
[2026-01-09T12:15:00.311+0000] {logging_mixin.py:188} INFO - [2026-01-09T12:15:00.311+0000] {dagbag.py:538} INFO - Filling up the DagBag from /home/airflow/.local/lib/python3.8/site-packages/airflow/example_dags/example_time_delta_sensor_async.py
[2026-01-09T12:15:00.321+0000] {processor.py:840} INFO - DAG(s) 'example_time_delta_sensor_async' retrieved from /home/airflow/.local/lib/python3.8/site-packages/airflow/example_dags/example_time_delta_sensor_async.py
[2026-01-09T12:15:00.364+0000] {logging_mixin.py:188} INFO - [2026-01-09T12:15:00.364+0000] {dag.py:3036} INFO - Sync 1 DAGs
[2026-01-09T12:15:00.388+0000] {logging_mixin.py:188} INFO - [2026-01-09T12:15:00.388+0000] {dag.py:3823} INFO - Setting next_dagrun for example_time_delta_sensor_async to None, run_after=None
[2026-01-09T12:15:00.435+0000] {processor.py:183} INFO - Processing /home/airflow/.local/lib/python3.8/site-packages/airflow/example_dags/example_time_delta_sensor_async.py took 0.134 seconds
[2026-01-09T12:15:30.553+0000] {processor.py:161} INFO - Started process (PID=3441) to work on /home/airflow/.local/lib/python3.8/site-packages/airflow/example_dags/example_time_delta_sensor_async.py
[2026-01-09T12:15:30.558+0000] {processor.py:830} INFO - Processing file /home/airflow/.local/lib/python3.8/site-packages/airflow/example_dags/example_time_delta_sensor_async.py for tasks to queue
[2026-01-09T12:15:30.560+0000] {logging_mixin.py:188} INFO - [2026-01-09T12:15:30.559+0000] {dagbag.py:538} INFO - Filling up the DagBag from /home/airflow/.local/lib/python3.8/site-packages/airflow/example_dags/example_time_delta_sensor_async.py
[2026-01-09T12:15:30.568+0000] {processor.py:840} INFO - DAG(s) 'example_time_delta_sensor_async' retrieved from /home/airflow/.local/lib/python3.8/site-packages/airflow/example_dags/example_time_delta_sensor_async.py
[2026-01-09T12:15:30.609+0000] {logging_mixin.py:188} INFO - [2026-01-09T12:15:30.608+0000] {dag.py:3036} INFO - Sync 1 DAGs
[2026-01-09T12:15:30.635+0000] {logging_mixin.py:188} INFO - [2026-01-09T12:15:30.634+0000] {dag.py:3823} INFO - Setting next_dagrun for example_time_delta_sensor_async to None, run_after=None
[2026-01-09T12:15:30.681+0000] {processor.py:183} INFO - Processing /home/airflow/.local/lib/python3.8/site-packages/airflow/example_dags/example_time_delta_sensor_async.py took 0.135 seconds
[2026-01-09T12:16:01.002+0000] {processor.py:161} INFO - Started process (PID=3687) to work on /home/airflow/.local/lib/python3.8/site-packages/airflow/example_dags/example_time_delta_sensor_async.py
[2026-01-09T12:16:01.004+0000] {processor.py:830} INFO - Processing file /home/airflow/.local/lib/python3.8/site-packages/airflow/example_dags/example_time_delta_sensor_async.py for tasks to queue
[2026-01-09T12:16:01.006+0000] {logging_mixin.py:188} INFO - [2026-01-09T12:16:01.005+0000] {dagbag.py:538} INFO - Filling up the DagBag from /home/airflow/.local/lib/python3.8/site-packages/airflow/example_dags/example_time_delta_sensor_async.py
[2026-01-09T12:16:01.015+0000] {processor.py:840} INFO - DAG(s) 'example_time_delta_sensor_async' retrieved from /home/airflow/.local/lib/python3.8/site-packages/airflow/example_dags/example_time_delta_sensor_async.py
[2026-01-09T12:16:01.058+0000] {logging_mixin.py:188} INFO - [2026-01-09T12:16:01.058+0000] {dag.py:3036} INFO - Sync 1 DAGs
[2026-01-09T12:16:01.078+0000] {logging_mixin.py:188} INFO - [2026-01-09T12:16:01.077+0000] {dag.py:3823} INFO - Setting next_dagrun for example_time_delta_sensor_async to None, run_after=None
[2026-01-09T12:16:01.114+0000] {processor.py:183} INFO - Processing /home/airflow/.local/lib/python3.8/site-packages/airflow/example_dags/example_time_delta_sensor_async.py took 0.119 seconds
[2026-01-09T12:16:31.554+0000] {processor.py:161} INFO - Started process (PID=3934) to work on /home/airflow/.local/lib/python3.8/site-packages/airflow/example_dags/example_time_delta_sensor_async.py
[2026-01-09T12:16:31.557+0000] {processor.py:830} INFO - Processing file /home/airflow/.local/lib/python3.8/site-packages/airflow/example_dags/example_time_delta_sensor_async.py for tasks to queue
[2026-01-09T12:16:31.561+0000] {logging_mixin.py:188} INFO - [2026-01-09T12:16:31.560+0000] {dagbag.py:538} INFO - Filling up the DagBag from /home/airflow/.local/lib/python3.8/site-packages/airflow/example_dags/example_time_delta_sensor_async.py
[2026-01-09T12:16:31.577+0000] {processor.py:840} INFO - DAG(s) 'example_time_delta_sensor_async' retrieved from /home/airflow/.local/lib/python3.8/site-packages/airflow/example_dags/example_time_delta_sensor_async.py
[2026-01-09T12:16:31.647+0000] {logging_mixin.py:188} INFO - [2026-01-09T12:16:31.646+0000] {dag.py:3036} INFO - Sync 1 DAGs
[2026-01-09T12:16:31.701+0000] {logging_mixin.py:188} INFO - [2026-01-09T12:16:31.700+0000] {dag.py:3823} INFO - Setting next_dagrun for example_time_delta_sensor_async to None, run_after=None
[2026-01-09T12:16:31.756+0000] {processor.py:183} INFO - Processing /home/airflow/.local/lib/python3.8/site-packages/airflow/example_dags/example_time_delta_sensor_async.py took 0.214 seconds
[2026-01-09T12:17:02.550+0000] {processor.py:161} INFO - Started process (PID=4181) to work on /home/airflow/.local/lib/python3.8/site-packages/airflow/example_dags/example_time_delta_sensor_async.py
[2026-01-09T12:17:02.552+0000] {processor.py:830} INFO - Processing file /home/airflow/.local/lib/python3.8/site-packages/airflow/example_dags/example_time_delta_sensor_async.py for tasks to queue
[2026-01-09T12:17:02.554+0000] {logging_mixin.py:188} INFO - [2026-01-09T12:17:02.553+0000] {dagbag.py:538} INFO - Filling up the DagBag from /home/airflow/.local/lib/python3.8/site-packages/airflow/example_dags/example_time_delta_sensor_async.py
[2026-01-09T12:17:02.563+0000] {processor.py:840} INFO - DAG(s) 'example_time_delta_sensor_async' retrieved from /home/airflow/.local/lib/python3.8/site-packages/airflow/example_dags/example_time_delta_sensor_async.py
[2026-01-09T12:17:02.605+0000] {logging_mixin.py:188} INFO - [2026-01-09T12:17:02.604+0000] {dag.py:3036} INFO - Sync 1 DAGs
[2026-01-09T12:17:02.627+0000] {logging_mixin.py:188} INFO - [2026-01-09T12:17:02.626+0000] {dag.py:3823} INFO - Setting next_dagrun for example_time_delta_sensor_async to None, run_after=None
[2026-01-09T12:17:02.669+0000] {processor.py:183} INFO - Processing /home/airflow/.local/lib/python3.8/site-packages/airflow/example_dags/example_time_delta_sensor_async.py took 0.126 seconds
[2026-01-09T12:17:33.036+0000] {processor.py:161} INFO - Started process (PID=4428) to work on /home/airflow/.local/lib/python3.8/site-packages/airflow/example_dags/example_time_delta_sensor_async.py
[2026-01-09T12:17:33.041+0000] {processor.py:830} INFO - Processing file /home/airflow/.local/lib/python3.8/site-packages/airflow/example_dags/example_time_delta_sensor_async.py for tasks to queue
[2026-01-09T12:17:33.042+0000] {logging_mixin.py:188} INFO - [2026-01-09T12:17:33.042+0000] {dagbag.py:538} INFO - Filling up the DagBag from /home/airflow/.local/lib/python3.8/site-packages/airflow/example_dags/example_time_delta_sensor_async.py
[2026-01-09T12:17:33.051+0000] {processor.py:840} INFO - DAG(s) 'example_time_delta_sensor_async' retrieved from /home/airflow/.local/lib/python3.8/site-packages/airflow/example_dags/example_time_delta_sensor_async.py
[2026-01-09T12:17:33.092+0000] {logging_mixin.py:188} INFO - [2026-01-09T12:17:33.092+0000] {dag.py:3036} INFO - Sync 1 DAGs
[2026-01-09T12:17:33.116+0000] {logging_mixin.py:188} INFO - [2026-01-09T12:17:33.115+0000] {dag.py:3823} INFO - Setting next_dagrun for example_time_delta_sensor_async to None, run_after=None
[2026-01-09T12:17:33.158+0000] {processor.py:183} INFO - Processing /home/airflow/.local/lib/python3.8/site-packages/airflow/example_dags/example_time_delta_sensor_async.py took 0.129 seconds
[2026-01-09T12:18:03.869+0000] {processor.py:161} INFO - Started process (PID=4675) to work on /home/airflow/.local/lib/python3.8/site-packages/airflow/example_dags/example_time_delta_sensor_async.py
[2026-01-09T12:18:03.879+0000] {processor.py:830} INFO - Processing file /home/airflow/.local/lib/python3.8/site-packages/airflow/example_dags/example_time_delta_sensor_async.py for tasks to queue
[2026-01-09T12:18:03.882+0000] {logging_mixin.py:188} INFO - [2026-01-09T12:18:03.881+0000] {dagbag.py:538} INFO - Filling up the DagBag from /home/airflow/.local/lib/python3.8/site-packages/airflow/example_dags/example_time_delta_sensor_async.py
[2026-01-09T12:18:03.894+0000] {processor.py:840} INFO - DAG(s) 'example_time_delta_sensor_async' retrieved from /home/airflow/.local/lib/python3.8/site-packages/airflow/example_dags/example_time_delta_sensor_async.py
[2026-01-09T12:18:03.946+0000] {logging_mixin.py:188} INFO - [2026-01-09T12:18:03.945+0000] {dag.py:3036} INFO - Sync 1 DAGs
[2026-01-09T12:18:03.975+0000] {logging_mixin.py:188} INFO - [2026-01-09T12:18:03.975+0000] {dag.py:3823} INFO - Setting next_dagrun for example_time_delta_sensor_async to None, run_after=None
[2026-01-09T12:18:04.023+0000] {processor.py:183} INFO - Processing /home/airflow/.local/lib/python3.8/site-packages/airflow/example_dags/example_time_delta_sensor_async.py took 0.164 seconds
[2026-01-09T12:18:34.274+0000] {processor.py:161} INFO - Started process (PID=4922) to work on /home/airflow/.local/lib/python3.8/site-packages/airflow/example_dags/example_time_delta_sensor_async.py
[2026-01-09T12:18:34.279+0000] {processor.py:830} INFO - Processing file /home/airflow/.local/lib/python3.8/site-packages/airflow/example_dags/example_time_delta_sensor_async.py for tasks to queue
[2026-01-09T12:18:34.281+0000] {logging_mixin.py:188} INFO - [2026-01-09T12:18:34.280+0000] {dagbag.py:538} INFO - Filling up the DagBag from /home/airflow/.local/lib/python3.8/site-packages/airflow/example_dags/example_time_delta_sensor_async.py
[2026-01-09T12:18:34.289+0000] {processor.py:840} INFO - DAG(s) 'example_time_delta_sensor_async' retrieved from /home/airflow/.local/lib/python3.8/site-packages/airflow/example_dags/example_time_delta_sensor_async.py
[2026-01-09T12:18:34.332+0000] {logging_mixin.py:188} INFO - [2026-01-09T12:18:34.331+0000] {dag.py:3036} INFO - Sync 1 DAGs
[2026-01-09T12:18:34.352+0000] {logging_mixin.py:188} INFO - [2026-01-09T12:18:34.352+0000] {dag.py:3823} INFO - Setting next_dagrun for example_time_delta_sensor_async to None, run_after=None
[2026-01-09T12:18:34.392+0000] {processor.py:183} INFO - Processing /home/airflow/.local/lib/python3.8/site-packages/airflow/example_dags/example_time_delta_sensor_async.py took 0.125 seconds
[2026-01-09T12:19:04.980+0000] {processor.py:161} INFO - Started process (PID=5169) to work on /home/airflow/.local/lib/python3.8/site-packages/airflow/example_dags/example_time_delta_sensor_async.py
[2026-01-09T12:19:04.981+0000] {processor.py:830} INFO - Processing file /home/airflow/.local/lib/python3.8/site-packages/airflow/example_dags/example_time_delta_sensor_async.py for tasks to queue
[2026-01-09T12:19:04.983+0000] {logging_mixin.py:188} INFO - [2026-01-09T12:19:04.983+0000] {dagbag.py:538} INFO - Filling up the DagBag from /home/airflow/.local/lib/python3.8/site-packages/airflow/example_dags/example_time_delta_sensor_async.py
[2026-01-09T12:19:04.992+0000] {processor.py:840} INFO - DAG(s) 'example_time_delta_sensor_async' retrieved from /home/airflow/.local/lib/python3.8/site-packages/airflow/example_dags/example_time_delta_sensor_async.py
[2026-01-09T12:19:05.035+0000] {logging_mixin.py:188} INFO - [2026-01-09T12:19:05.035+0000] {dag.py:3036} INFO - Sync 1 DAGs
[2026-01-09T12:19:05.063+0000] {logging_mixin.py:188} INFO - [2026-01-09T12:19:05.062+0000] {dag.py:3823} INFO - Setting next_dagrun for example_time_delta_sensor_async to None, run_after=None
[2026-01-09T12:19:05.104+0000] {processor.py:183} INFO - Processing /home/airflow/.local/lib/python3.8/site-packages/airflow/example_dags/example_time_delta_sensor_async.py took 0.131 seconds
[2026-01-09T12:19:35.612+0000] {processor.py:161} INFO - Started process (PID=5416) to work on /home/airflow/.local/lib/python3.8/site-packages/airflow/example_dags/example_time_delta_sensor_async.py
[2026-01-09T12:19:35.616+0000] {processor.py:830} INFO - Processing file /home/airflow/.local/lib/python3.8/site-packages/airflow/example_dags/example_time_delta_sensor_async.py for tasks to queue
[2026-01-09T12:19:35.620+0000] {logging_mixin.py:188} INFO - [2026-01-09T12:19:35.618+0000] {dagbag.py:538} INFO - Filling up the DagBag from /home/airflow/.local/lib/python3.8/site-packages/airflow/example_dags/example_time_delta_sensor_async.py
[2026-01-09T12:19:35.633+0000] {processor.py:840} INFO - DAG(s) 'example_time_delta_sensor_async' retrieved from /home/airflow/.local/lib/python3.8/site-packages/airflow/example_dags/example_time_delta_sensor_async.py
[2026-01-09T12:19:35.685+0000] {logging_mixin.py:188} INFO - [2026-01-09T12:19:35.685+0000] {dag.py:3036} INFO - Sync 1 DAGs
[2026-01-09T12:19:35.711+0000] {logging_mixin.py:188} INFO - [2026-01-09T12:19:35.711+0000] {dag.py:3823} INFO - Setting next_dagrun for example_time_delta_sensor_async to None, run_after=None
[2026-01-09T12:19:35.759+0000] {processor.py:183} INFO - Processing /home/airflow/.local/lib/python3.8/site-packages/airflow/example_dags/example_time_delta_sensor_async.py took 0.157 seconds
[2026-01-09T12:20:06.594+0000] {processor.py:161} INFO - Started process (PID=5663) to work on /home/airflow/.local/lib/python3.8/site-packages/airflow/example_dags/example_time_delta_sensor_async.py
[2026-01-09T12:20:06.600+0000] {processor.py:830} INFO - Processing file /home/airflow/.local/lib/python3.8/site-packages/airflow/example_dags/example_time_delta_sensor_async.py for tasks to queue
[2026-01-09T12:20:06.603+0000] {logging_mixin.py:188} INFO - [2026-01-09T12:20:06.602+0000] {dagbag.py:538} INFO - Filling up the DagBag from /home/airflow/.local/lib/python3.8/site-packages/airflow/example_dags/example_time_delta_sensor_async.py
[2026-01-09T12:20:06.615+0000] {processor.py:840} INFO - DAG(s) 'example_time_delta_sensor_async' retrieved from /home/airflow/.local/lib/python3.8/site-packages/airflow/example_dags/example_time_delta_sensor_async.py
[2026-01-09T12:20:06.664+0000] {logging_mixin.py:188} INFO - [2026-01-09T12:20:06.663+0000] {dag.py:3036} INFO - Sync 1 DAGs
[2026-01-09T12:20:06.685+0000] {logging_mixin.py:188} INFO - [2026-01-09T12:20:06.685+0000] {dag.py:3823} INFO - Setting next_dagrun for example_time_delta_sensor_async to None, run_after=None
[2026-01-09T12:20:06.727+0000] {processor.py:183} INFO - Processing /home/airflow/.local/lib/python3.8/site-packages/airflow/example_dags/example_time_delta_sensor_async.py took 0.140 seconds
[2026-01-09T12:20:36.892+0000] {processor.py:161} INFO - Started process (PID=5910) to work on /home/airflow/.local/lib/python3.8/site-packages/airflow/example_dags/example_time_delta_sensor_async.py
[2026-01-09T12:20:36.894+0000] {processor.py:830} INFO - Processing file /home/airflow/.local/lib/python3.8/site-packages/airflow/example_dags/example_time_delta_sensor_async.py for tasks to queue
[2026-01-09T12:20:36.895+0000] {logging_mixin.py:188} INFO - [2026-01-09T12:20:36.895+0000] {dagbag.py:538} INFO - Filling up the DagBag from /home/airflow/.local/lib/python3.8/site-packages/airflow/example_dags/example_time_delta_sensor_async.py
[2026-01-09T12:20:36.905+0000] {processor.py:840} INFO - DAG(s) 'example_time_delta_sensor_async' retrieved from /home/airflow/.local/lib/python3.8/site-packages/airflow/example_dags/example_time_delta_sensor_async.py
[2026-01-09T12:20:36.949+0000] {logging_mixin.py:188} INFO - [2026-01-09T12:20:36.949+0000] {dag.py:3036} INFO - Sync 1 DAGs
[2026-01-09T12:20:36.971+0000] {logging_mixin.py:188} INFO - [2026-01-09T12:20:36.970+0000] {dag.py:3823} INFO - Setting next_dagrun for example_time_delta_sensor_async to None, run_after=None
[2026-01-09T12:20:37.010+0000] {processor.py:183} INFO - Processing /home/airflow/.local/lib/python3.8/site-packages/airflow/example_dags/example_time_delta_sensor_async.py took 0.125 seconds
[2026-01-09T12:21:07.389+0000] {processor.py:161} INFO - Started process (PID=6157) to work on /home/airflow/.local/lib/python3.8/site-packages/airflow/example_dags/example_time_delta_sensor_async.py
[2026-01-09T12:21:07.391+0000] {processor.py:830} INFO - Processing file /home/airflow/.local/lib/python3.8/site-packages/airflow/example_dags/example_time_delta_sensor_async.py for tasks to queue
[2026-01-09T12:21:07.393+0000] {logging_mixin.py:188} INFO - [2026-01-09T12:21:07.393+0000] {dagbag.py:538} INFO - Filling up the DagBag from /home/airflow/.local/lib/python3.8/site-packages/airflow/example_dags/example_time_delta_sensor_async.py
[2026-01-09T12:21:07.402+0000] {processor.py:840} INFO - DAG(s) 'example_time_delta_sensor_async' retrieved from /home/airflow/.local/lib/python3.8/site-packages/airflow/example_dags/example_time_delta_sensor_async.py
[2026-01-09T12:21:07.450+0000] {logging_mixin.py:188} INFO - [2026-01-09T12:21:07.449+0000] {dag.py:3036} INFO - Sync 1 DAGs
[2026-01-09T12:21:07.479+0000] {logging_mixin.py:188} INFO - [2026-01-09T12:21:07.478+0000] {dag.py:3823} INFO - Setting next_dagrun for example_time_delta_sensor_async to None, run_after=None
[2026-01-09T12:21:07.529+0000] {processor.py:183} INFO - Processing /home/airflow/.local/lib/python3.8/site-packages/airflow/example_dags/example_time_delta_sensor_async.py took 0.146 seconds
[2026-01-09T12:21:37.865+0000] {processor.py:161} INFO - Started process (PID=6404) to work on /home/airflow/.local/lib/python3.8/site-packages/airflow/example_dags/example_time_delta_sensor_async.py
[2026-01-09T12:21:37.873+0000] {processor.py:830} INFO - Processing file /home/airflow/.local/lib/python3.8/site-packages/airflow/example_dags/example_time_delta_sensor_async.py for tasks to queue
[2026-01-09T12:21:37.876+0000] {logging_mixin.py:188} INFO - [2026-01-09T12:21:37.875+0000] {dagbag.py:538} INFO - Filling up the DagBag from /home/airflow/.local/lib/python3.8/site-packages/airflow/example_dags/example_time_delta_sensor_async.py
[2026-01-09T12:21:37.891+0000] {processor.py:840} INFO - DAG(s) 'example_time_delta_sensor_async' retrieved from /home/airflow/.local/lib/python3.8/site-packages/airflow/example_dags/example_time_delta_sensor_async.py
[2026-01-09T12:21:37.952+0000] {logging_mixin.py:188} INFO - [2026-01-09T12:21:37.951+0000] {dag.py:3036} INFO - Sync 1 DAGs
[2026-01-09T12:21:37.993+0000] {logging_mixin.py:188} INFO - [2026-01-09T12:21:37.992+0000] {dag.py:3823} INFO - Setting next_dagrun for example_time_delta_sensor_async to None, run_after=None
[2026-01-09T12:21:38.057+0000] {processor.py:183} INFO - Processing /home/airflow/.local/lib/python3.8/site-packages/airflow/example_dags/example_time_delta_sensor_async.py took 0.206 seconds
[2026-01-09T12:22:08.437+0000] {processor.py:161} INFO - Started process (PID=6652) to work on /home/airflow/.local/lib/python3.8/site-packages/airflow/example_dags/example_time_delta_sensor_async.py
[2026-01-09T12:22:08.440+0000] {processor.py:830} INFO - Processing file /home/airflow/.local/lib/python3.8/site-packages/airflow/example_dags/example_time_delta_sensor_async.py for tasks to queue
[2026-01-09T12:22:08.443+0000] {logging_mixin.py:188} INFO - [2026-01-09T12:22:08.442+0000] {dagbag.py:538} INFO - Filling up the DagBag from /home/airflow/.local/lib/python3.8/site-packages/airflow/example_dags/example_time_delta_sensor_async.py
[2026-01-09T12:22:08.453+0000] {processor.py:840} INFO - DAG(s) 'example_time_delta_sensor_async' retrieved from /home/airflow/.local/lib/python3.8/site-packages/airflow/example_dags/example_time_delta_sensor_async.py
[2026-01-09T12:22:08.500+0000] {logging_mixin.py:188} INFO - [2026-01-09T12:22:08.500+0000] {dag.py:3036} INFO - Sync 1 DAGs
[2026-01-09T12:22:08.525+0000] {logging_mixin.py:188} INFO - [2026-01-09T12:22:08.525+0000] {dag.py:3823} INFO - Setting next_dagrun for example_time_delta_sensor_async to None, run_after=None
[2026-01-09T12:22:08.577+0000] {processor.py:183} INFO - Processing /home/airflow/.local/lib/python3.8/site-packages/airflow/example_dags/example_time_delta_sensor_async.py took 0.146 seconds
[2026-01-09T12:22:38.829+0000] {processor.py:161} INFO - Started process (PID=6899) to work on /home/airflow/.local/lib/python3.8/site-packages/airflow/example_dags/example_time_delta_sensor_async.py
[2026-01-09T12:22:38.834+0000] {processor.py:830} INFO - Processing file /home/airflow/.local/lib/python3.8/site-packages/airflow/example_dags/example_time_delta_sensor_async.py for tasks to queue
[2026-01-09T12:22:38.836+0000] {logging_mixin.py:188} INFO - [2026-01-09T12:22:38.835+0000] {dagbag.py:538} INFO - Filling up the DagBag from /home/airflow/.local/lib/python3.8/site-packages/airflow/example_dags/example_time_delta_sensor_async.py
[2026-01-09T12:22:38.847+0000] {processor.py:840} INFO - DAG(s) 'example_time_delta_sensor_async' retrieved from /home/airflow/.local/lib/python3.8/site-packages/airflow/example_dags/example_time_delta_sensor_async.py
[2026-01-09T12:22:38.901+0000] {logging_mixin.py:188} INFO - [2026-01-09T12:22:38.901+0000] {dag.py:3036} INFO - Sync 1 DAGs
[2026-01-09T12:22:38.928+0000] {logging_mixin.py:188} INFO - [2026-01-09T12:22:38.928+0000] {dag.py:3823} INFO - Setting next_dagrun for example_time_delta_sensor_async to None, run_after=None
[2026-01-09T12:22:38.984+0000] {processor.py:183} INFO - Processing /home/airflow/.local/lib/python3.8/site-packages/airflow/example_dags/example_time_delta_sensor_async.py took 0.162 seconds
[2026-01-09T12:23:09.316+0000] {processor.py:161} INFO - Started process (PID=7146) to work on /home/airflow/.local/lib/python3.8/site-packages/airflow/example_dags/example_time_delta_sensor_async.py
[2026-01-09T12:23:09.319+0000] {processor.py:830} INFO - Processing file /home/airflow/.local/lib/python3.8/site-packages/airflow/example_dags/example_time_delta_sensor_async.py for tasks to queue
[2026-01-09T12:23:09.321+0000] {logging_mixin.py:188} INFO - [2026-01-09T12:23:09.320+0000] {dagbag.py:538} INFO - Filling up the DagBag from /home/airflow/.local/lib/python3.8/site-packages/airflow/example_dags/example_time_delta_sensor_async.py
[2026-01-09T12:23:09.332+0000] {processor.py:840} INFO - DAG(s) 'example_time_delta_sensor_async' retrieved from /home/airflow/.local/lib/python3.8/site-packages/airflow/example_dags/example_time_delta_sensor_async.py
[2026-01-09T12:23:09.377+0000] {logging_mixin.py:188} INFO - [2026-01-09T12:23:09.376+0000] {dag.py:3036} INFO - Sync 1 DAGs
[2026-01-09T12:23:09.402+0000] {logging_mixin.py:188} INFO - [2026-01-09T12:23:09.402+0000] {dag.py:3823} INFO - Setting next_dagrun for example_time_delta_sensor_async to None, run_after=None
[2026-01-09T12:23:09.448+0000] {processor.py:183} INFO - Processing /home/airflow/.local/lib/python3.8/site-packages/airflow/example_dags/example_time_delta_sensor_async.py took 0.137 seconds
[2026-01-09T12:23:40.831+0000] {processor.py:161} INFO - Started process (PID=7391) to work on /home/airflow/.local/lib/python3.8/site-packages/airflow/example_dags/example_time_delta_sensor_async.py
[2026-01-09T12:23:40.834+0000] {processor.py:830} INFO - Processing file /home/airflow/.local/lib/python3.8/site-packages/airflow/example_dags/example_time_delta_sensor_async.py for tasks to queue
[2026-01-09T12:23:40.836+0000] {logging_mixin.py:188} INFO - [2026-01-09T12:23:40.835+0000] {dagbag.py:538} INFO - Filling up the DagBag from /home/airflow/.local/lib/python3.8/site-packages/airflow/example_dags/example_time_delta_sensor_async.py
[2026-01-09T12:23:40.847+0000] {processor.py:840} INFO - DAG(s) 'example_time_delta_sensor_async' retrieved from /home/airflow/.local/lib/python3.8/site-packages/airflow/example_dags/example_time_delta_sensor_async.py
[2026-01-09T12:23:40.899+0000] {logging_mixin.py:188} INFO - [2026-01-09T12:23:40.898+0000] {dag.py:3036} INFO - Sync 1 DAGs
[2026-01-09T12:23:40.931+0000] {logging_mixin.py:188} INFO - [2026-01-09T12:23:40.931+0000] {dag.py:3823} INFO - Setting next_dagrun for example_time_delta_sensor_async to None, run_after=None
[2026-01-09T12:23:40.980+0000] {processor.py:183} INFO - Processing /home/airflow/.local/lib/python3.8/site-packages/airflow/example_dags/example_time_delta_sensor_async.py took 0.157 seconds
[2026-01-09T12:24:11.274+0000] {processor.py:161} INFO - Started process (PID=7639) to work on /home/airflow/.local/lib/python3.8/site-packages/airflow/example_dags/example_time_delta_sensor_async.py
[2026-01-09T12:24:11.278+0000] {processor.py:830} INFO - Processing file /home/airflow/.local/lib/python3.8/site-packages/airflow/example_dags/example_time_delta_sensor_async.py for tasks to queue
[2026-01-09T12:24:11.280+0000] {logging_mixin.py:188} INFO - [2026-01-09T12:24:11.279+0000] {dagbag.py:538} INFO - Filling up the DagBag from /home/airflow/.local/lib/python3.8/site-packages/airflow/example_dags/example_time_delta_sensor_async.py
[2026-01-09T12:24:11.289+0000] {processor.py:840} INFO - DAG(s) 'example_time_delta_sensor_async' retrieved from /home/airflow/.local/lib/python3.8/site-packages/airflow/example_dags/example_time_delta_sensor_async.py
[2026-01-09T12:24:11.340+0000] {logging_mixin.py:188} INFO - [2026-01-09T12:24:11.339+0000] {dag.py:3036} INFO - Sync 1 DAGs
[2026-01-09T12:24:11.364+0000] {logging_mixin.py:188} INFO - [2026-01-09T12:24:11.364+0000] {dag.py:3823} INFO - Setting next_dagrun for example_time_delta_sensor_async to None, run_after=None
[2026-01-09T12:24:11.419+0000] {processor.py:183} INFO - Processing /home/airflow/.local/lib/python3.8/site-packages/airflow/example_dags/example_time_delta_sensor_async.py took 0.152 seconds
[2026-01-09T12:24:41.673+0000] {processor.py:161} INFO - Started process (PID=7882) to work on /home/airflow/.local/lib/python3.8/site-packages/airflow/example_dags/example_time_delta_sensor_async.py
[2026-01-09T12:24:41.690+0000] {processor.py:830} INFO - Processing file /home/airflow/.local/lib/python3.8/site-packages/airflow/example_dags/example_time_delta_sensor_async.py for tasks to queue
[2026-01-09T12:24:41.692+0000] {logging_mixin.py:188} INFO - [2026-01-09T12:24:41.692+0000] {dagbag.py:538} INFO - Filling up the DagBag from /home/airflow/.local/lib/python3.8/site-packages/airflow/example_dags/example_time_delta_sensor_async.py
[2026-01-09T12:24:41.701+0000] {processor.py:840} INFO - DAG(s) 'example_time_delta_sensor_async' retrieved from /home/airflow/.local/lib/python3.8/site-packages/airflow/example_dags/example_time_delta_sensor_async.py
[2026-01-09T12:24:41.745+0000] {logging_mixin.py:188} INFO - [2026-01-09T12:24:41.745+0000] {dag.py:3036} INFO - Sync 1 DAGs
[2026-01-09T12:24:41.770+0000] {logging_mixin.py:188} INFO - [2026-01-09T12:24:41.770+0000] {dag.py:3823} INFO - Setting next_dagrun for example_time_delta_sensor_async to None, run_after=None
[2026-01-09T12:24:41.819+0000] {processor.py:183} INFO - Processing /home/airflow/.local/lib/python3.8/site-packages/airflow/example_dags/example_time_delta_sensor_async.py took 0.153 seconds
[2026-01-09T12:25:11.964+0000] {processor.py:161} INFO - Started process (PID=8129) to work on /home/airflow/.local/lib/python3.8/site-packages/airflow/example_dags/example_time_delta_sensor_async.py
[2026-01-09T12:25:11.966+0000] {processor.py:830} INFO - Processing file /home/airflow/.local/lib/python3.8/site-packages/airflow/example_dags/example_time_delta_sensor_async.py for tasks to queue
[2026-01-09T12:25:11.969+0000] {logging_mixin.py:188} INFO - [2026-01-09T12:25:11.968+0000] {dagbag.py:538} INFO - Filling up the DagBag from /home/airflow/.local/lib/python3.8/site-packages/airflow/example_dags/example_time_delta_sensor_async.py
[2026-01-09T12:25:11.978+0000] {processor.py:840} INFO - DAG(s) 'example_time_delta_sensor_async' retrieved from /home/airflow/.local/lib/python3.8/site-packages/airflow/example_dags/example_time_delta_sensor_async.py
[2026-01-09T12:25:12.022+0000] {logging_mixin.py:188} INFO - [2026-01-09T12:25:12.021+0000] {dag.py:3036} INFO - Sync 1 DAGs
[2026-01-09T12:25:12.046+0000] {logging_mixin.py:188} INFO - [2026-01-09T12:25:12.045+0000] {dag.py:3823} INFO - Setting next_dagrun for example_time_delta_sensor_async to None, run_after=None
[2026-01-09T12:25:12.093+0000] {processor.py:183} INFO - Processing /home/airflow/.local/lib/python3.8/site-packages/airflow/example_dags/example_time_delta_sensor_async.py took 0.135 seconds
[2026-01-09T12:25:42.428+0000] {processor.py:161} INFO - Started process (PID=8377) to work on /home/airflow/.local/lib/python3.8/site-packages/airflow/example_dags/example_time_delta_sensor_async.py
[2026-01-09T12:25:42.431+0000] {processor.py:830} INFO - Processing file /home/airflow/.local/lib/python3.8/site-packages/airflow/example_dags/example_time_delta_sensor_async.py for tasks to queue
[2026-01-09T12:25:42.433+0000] {logging_mixin.py:188} INFO - [2026-01-09T12:25:42.432+0000] {dagbag.py:538} INFO - Filling up the DagBag from /home/airflow/.local/lib/python3.8/site-packages/airflow/example_dags/example_time_delta_sensor_async.py
[2026-01-09T12:25:42.441+0000] {processor.py:840} INFO - DAG(s) 'example_time_delta_sensor_async' retrieved from /home/airflow/.local/lib/python3.8/site-packages/airflow/example_dags/example_time_delta_sensor_async.py
[2026-01-09T12:25:42.478+0000] {logging_mixin.py:188} INFO - [2026-01-09T12:25:42.478+0000] {dag.py:3036} INFO - Sync 1 DAGs
[2026-01-09T12:25:42.496+0000] {logging_mixin.py:188} INFO - [2026-01-09T12:25:42.496+0000] {dag.py:3823} INFO - Setting next_dagrun for example_time_delta_sensor_async to None, run_after=None
[2026-01-09T12:25:42.532+0000] {processor.py:183} INFO - Processing /home/airflow/.local/lib/python3.8/site-packages/airflow/example_dags/example_time_delta_sensor_async.py took 0.109 seconds
[2026-01-09T12:26:13.221+0000] {processor.py:161} INFO - Started process (PID=8624) to work on /home/airflow/.local/lib/python3.8/site-packages/airflow/example_dags/example_time_delta_sensor_async.py
[2026-01-09T12:26:13.224+0000] {processor.py:830} INFO - Processing file /home/airflow/.local/lib/python3.8/site-packages/airflow/example_dags/example_time_delta_sensor_async.py for tasks to queue
[2026-01-09T12:26:13.225+0000] {logging_mixin.py:188} INFO - [2026-01-09T12:26:13.225+0000] {dagbag.py:538} INFO - Filling up the DagBag from /home/airflow/.local/lib/python3.8/site-packages/airflow/example_dags/example_time_delta_sensor_async.py
[2026-01-09T12:26:13.234+0000] {processor.py:840} INFO - DAG(s) 'example_time_delta_sensor_async' retrieved from /home/airflow/.local/lib/python3.8/site-packages/airflow/example_dags/example_time_delta_sensor_async.py
[2026-01-09T12:26:13.276+0000] {logging_mixin.py:188} INFO - [2026-01-09T12:26:13.276+0000] {dag.py:3036} INFO - Sync 1 DAGs
[2026-01-09T12:26:13.296+0000] {logging_mixin.py:188} INFO - [2026-01-09T12:26:13.295+0000] {dag.py:3823} INFO - Setting next_dagrun for example_time_delta_sensor_async to None, run_after=None
[2026-01-09T12:26:13.338+0000] {processor.py:183} INFO - Processing /home/airflow/.local/lib/python3.8/site-packages/airflow/example_dags/example_time_delta_sensor_async.py took 0.123 seconds
[2026-01-09T12:26:43.732+0000] {processor.py:161} INFO - Started process (PID=8871) to work on /home/airflow/.local/lib/python3.8/site-packages/airflow/example_dags/example_time_delta_sensor_async.py
[2026-01-09T12:26:43.734+0000] {processor.py:830} INFO - Processing file /home/airflow/.local/lib/python3.8/site-packages/airflow/example_dags/example_time_delta_sensor_async.py for tasks to queue
[2026-01-09T12:26:43.736+0000] {logging_mixin.py:188} INFO - [2026-01-09T12:26:43.735+0000] {dagbag.py:538} INFO - Filling up the DagBag from /home/airflow/.local/lib/python3.8/site-packages/airflow/example_dags/example_time_delta_sensor_async.py
[2026-01-09T12:26:43.745+0000] {processor.py:840} INFO - DAG(s) 'example_time_delta_sensor_async' retrieved from /home/airflow/.local/lib/python3.8/site-packages/airflow/example_dags/example_time_delta_sensor_async.py
[2026-01-09T12:26:43.794+0000] {logging_mixin.py:188} INFO - [2026-01-09T12:26:43.793+0000] {dag.py:3036} INFO - Sync 1 DAGs
[2026-01-09T12:26:43.814+0000] {logging_mixin.py:188} INFO - [2026-01-09T12:26:43.814+0000] {dag.py:3823} INFO - Setting next_dagrun for example_time_delta_sensor_async to None, run_after=None
[2026-01-09T12:26:43.857+0000] {processor.py:183} INFO - Processing /home/airflow/.local/lib/python3.8/site-packages/airflow/example_dags/example_time_delta_sensor_async.py took 0.131 seconds
[2026-01-09T12:27:14.690+0000] {processor.py:161} INFO - Started process (PID=9118) to work on /home/airflow/.local/lib/python3.8/site-packages/airflow/example_dags/example_time_delta_sensor_async.py
[2026-01-09T12:27:14.692+0000] {processor.py:830} INFO - Processing file /home/airflow/.local/lib/python3.8/site-packages/airflow/example_dags/example_time_delta_sensor_async.py for tasks to queue
[2026-01-09T12:27:14.694+0000] {logging_mixin.py:188} INFO - [2026-01-09T12:27:14.693+0000] {dagbag.py:538} INFO - Filling up the DagBag from /home/airflow/.local/lib/python3.8/site-packages/airflow/example_dags/example_time_delta_sensor_async.py
[2026-01-09T12:27:14.702+0000] {processor.py:840} INFO - DAG(s) 'example_time_delta_sensor_async' retrieved from /home/airflow/.local/lib/python3.8/site-packages/airflow/example_dags/example_time_delta_sensor_async.py
[2026-01-09T12:27:14.741+0000] {logging_mixin.py:188} INFO - [2026-01-09T12:27:14.740+0000] {dag.py:3036} INFO - Sync 1 DAGs
[2026-01-09T12:27:14.759+0000] {logging_mixin.py:188} INFO - [2026-01-09T12:27:14.759+0000] {dag.py:3823} INFO - Setting next_dagrun for example_time_delta_sensor_async to None, run_after=None
[2026-01-09T12:27:14.797+0000] {processor.py:183} INFO - Processing /home/airflow/.local/lib/python3.8/site-packages/airflow/example_dags/example_time_delta_sensor_async.py took 0.113 seconds
[2026-01-09T12:27:45.482+0000] {processor.py:161} INFO - Started process (PID=9365) to work on /home/airflow/.local/lib/python3.8/site-packages/airflow/example_dags/example_time_delta_sensor_async.py
[2026-01-09T12:27:45.484+0000] {processor.py:830} INFO - Processing file /home/airflow/.local/lib/python3.8/site-packages/airflow/example_dags/example_time_delta_sensor_async.py for tasks to queue
[2026-01-09T12:27:45.486+0000] {logging_mixin.py:188} INFO - [2026-01-09T12:27:45.485+0000] {dagbag.py:538} INFO - Filling up the DagBag from /home/airflow/.local/lib/python3.8/site-packages/airflow/example_dags/example_time_delta_sensor_async.py
[2026-01-09T12:27:45.495+0000] {processor.py:840} INFO - DAG(s) 'example_time_delta_sensor_async' retrieved from /home/airflow/.local/lib/python3.8/site-packages/airflow/example_dags/example_time_delta_sensor_async.py
[2026-01-09T12:27:45.539+0000] {logging_mixin.py:188} INFO - [2026-01-09T12:27:45.538+0000] {dag.py:3036} INFO - Sync 1 DAGs
[2026-01-09T12:27:45.560+0000] {logging_mixin.py:188} INFO - [2026-01-09T12:27:45.560+0000] {dag.py:3823} INFO - Setting next_dagrun for example_time_delta_sensor_async to None, run_after=None
[2026-01-09T12:27:45.608+0000] {processor.py:183} INFO - Processing /home/airflow/.local/lib/python3.8/site-packages/airflow/example_dags/example_time_delta_sensor_async.py took 0.135 seconds
[2026-01-09T12:28:16.259+0000] {processor.py:161} INFO - Started process (PID=9612) to work on /home/airflow/.local/lib/python3.8/site-packages/airflow/example_dags/example_time_delta_sensor_async.py
[2026-01-09T12:28:16.261+0000] {processor.py:830} INFO - Processing file /home/airflow/.local/lib/python3.8/site-packages/airflow/example_dags/example_time_delta_sensor_async.py for tasks to queue
[2026-01-09T12:28:16.263+0000] {logging_mixin.py:188} INFO - [2026-01-09T12:28:16.262+0000] {dagbag.py:538} INFO - Filling up the DagBag from /home/airflow/.local/lib/python3.8/site-packages/airflow/example_dags/example_time_delta_sensor_async.py
[2026-01-09T12:28:16.271+0000] {processor.py:840} INFO - DAG(s) 'example_time_delta_sensor_async' retrieved from /home/airflow/.local/lib/python3.8/site-packages/airflow/example_dags/example_time_delta_sensor_async.py
[2026-01-09T12:28:16.313+0000] {logging_mixin.py:188} INFO - [2026-01-09T12:28:16.312+0000] {dag.py:3036} INFO - Sync 1 DAGs
[2026-01-09T12:28:16.333+0000] {logging_mixin.py:188} INFO - [2026-01-09T12:28:16.332+0000] {dag.py:3823} INFO - Setting next_dagrun for example_time_delta_sensor_async to None, run_after=None
[2026-01-09T12:28:16.373+0000] {processor.py:183} INFO - Processing /home/airflow/.local/lib/python3.8/site-packages/airflow/example_dags/example_time_delta_sensor_async.py took 0.120 seconds
[2026-01-09T12:28:47.085+0000] {processor.py:161} INFO - Started process (PID=9859) to work on /home/airflow/.local/lib/python3.8/site-packages/airflow/example_dags/example_time_delta_sensor_async.py
[2026-01-09T12:28:47.088+0000] {processor.py:830} INFO - Processing file /home/airflow/.local/lib/python3.8/site-packages/airflow/example_dags/example_time_delta_sensor_async.py for tasks to queue
[2026-01-09T12:28:47.090+0000] {logging_mixin.py:188} INFO - [2026-01-09T12:28:47.089+0000] {dagbag.py:538} INFO - Filling up the DagBag from /home/airflow/.local/lib/python3.8/site-packages/airflow/example_dags/example_time_delta_sensor_async.py
[2026-01-09T12:28:47.099+0000] {processor.py:840} INFO - DAG(s) 'example_time_delta_sensor_async' retrieved from /home/airflow/.local/lib/python3.8/site-packages/airflow/example_dags/example_time_delta_sensor_async.py
[2026-01-09T12:28:47.150+0000] {logging_mixin.py:188} INFO - [2026-01-09T12:28:47.150+0000] {dag.py:3036} INFO - Sync 1 DAGs
[2026-01-09T12:28:47.179+0000] {logging_mixin.py:188} INFO - [2026-01-09T12:28:47.179+0000] {dag.py:3823} INFO - Setting next_dagrun for example_time_delta_sensor_async to None, run_after=None
[2026-01-09T12:28:47.236+0000] {processor.py:183} INFO - Processing /home/airflow/.local/lib/python3.8/site-packages/airflow/example_dags/example_time_delta_sensor_async.py took 0.160 seconds
[2026-01-09T12:29:17.429+0000] {processor.py:161} INFO - Started process (PID=10106) to work on /home/airflow/.local/lib/python3.8/site-packages/airflow/example_dags/example_time_delta_sensor_async.py
[2026-01-09T12:29:17.431+0000] {processor.py:830} INFO - Processing file /home/airflow/.local/lib/python3.8/site-packages/airflow/example_dags/example_time_delta_sensor_async.py for tasks to queue
[2026-01-09T12:29:17.433+0000] {logging_mixin.py:188} INFO - [2026-01-09T12:29:17.432+0000] {dagbag.py:538} INFO - Filling up the DagBag from /home/airflow/.local/lib/python3.8/site-packages/airflow/example_dags/example_time_delta_sensor_async.py
[2026-01-09T12:29:17.440+0000] {processor.py:840} INFO - DAG(s) 'example_time_delta_sensor_async' retrieved from /home/airflow/.local/lib/python3.8/site-packages/airflow/example_dags/example_time_delta_sensor_async.py
[2026-01-09T12:29:17.478+0000] {logging_mixin.py:188} INFO - [2026-01-09T12:29:17.478+0000] {dag.py:3036} INFO - Sync 1 DAGs
[2026-01-09T12:29:17.500+0000] {logging_mixin.py:188} INFO - [2026-01-09T12:29:17.500+0000] {dag.py:3823} INFO - Setting next_dagrun for example_time_delta_sensor_async to None, run_after=None
[2026-01-09T12:29:17.544+0000] {processor.py:183} INFO - Processing /home/airflow/.local/lib/python3.8/site-packages/airflow/example_dags/example_time_delta_sensor_async.py took 0.121 seconds
[2026-01-09T12:29:48.340+0000] {processor.py:161} INFO - Started process (PID=10353) to work on /home/airflow/.local/lib/python3.8/site-packages/airflow/example_dags/example_time_delta_sensor_async.py
[2026-01-09T12:29:48.343+0000] {processor.py:830} INFO - Processing file /home/airflow/.local/lib/python3.8/site-packages/airflow/example_dags/example_time_delta_sensor_async.py for tasks to queue
[2026-01-09T12:29:48.344+0000] {logging_mixin.py:188} INFO - [2026-01-09T12:29:48.344+0000] {dagbag.py:538} INFO - Filling up the DagBag from /home/airflow/.local/lib/python3.8/site-packages/airflow/example_dags/example_time_delta_sensor_async.py
[2026-01-09T12:29:48.353+0000] {processor.py:840} INFO - DAG(s) 'example_time_delta_sensor_async' retrieved from /home/airflow/.local/lib/python3.8/site-packages/airflow/example_dags/example_time_delta_sensor_async.py
[2026-01-09T12:29:48.396+0000] {logging_mixin.py:188} INFO - [2026-01-09T12:29:48.396+0000] {dag.py:3036} INFO - Sync 1 DAGs
[2026-01-09T12:29:48.419+0000] {logging_mixin.py:188} INFO - [2026-01-09T12:29:48.419+0000] {dag.py:3823} INFO - Setting next_dagrun for example_time_delta_sensor_async to None, run_after=None
[2026-01-09T12:29:48.461+0000] {processor.py:183} INFO - Processing /home/airflow/.local/lib/python3.8/site-packages/airflow/example_dags/example_time_delta_sensor_async.py took 0.127 seconds
[2026-01-09T12:30:19.099+0000] {processor.py:161} INFO - Started process (PID=10601) to work on /home/airflow/.local/lib/python3.8/site-packages/airflow/example_dags/example_time_delta_sensor_async.py
[2026-01-09T12:30:19.101+0000] {processor.py:830} INFO - Processing file /home/airflow/.local/lib/python3.8/site-packages/airflow/example_dags/example_time_delta_sensor_async.py for tasks to queue
[2026-01-09T12:30:19.103+0000] {logging_mixin.py:188} INFO - [2026-01-09T12:30:19.102+0000] {dagbag.py:538} INFO - Filling up the DagBag from /home/airflow/.local/lib/python3.8/site-packages/airflow/example_dags/example_time_delta_sensor_async.py
[2026-01-09T12:30:19.111+0000] {processor.py:840} INFO - DAG(s) 'example_time_delta_sensor_async' retrieved from /home/airflow/.local/lib/python3.8/site-packages/airflow/example_dags/example_time_delta_sensor_async.py
[2026-01-09T12:30:19.155+0000] {logging_mixin.py:188} INFO - [2026-01-09T12:30:19.154+0000] {dag.py:3036} INFO - Sync 1 DAGs
[2026-01-09T12:30:19.173+0000] {logging_mixin.py:188} INFO - [2026-01-09T12:30:19.173+0000] {dag.py:3823} INFO - Setting next_dagrun for example_time_delta_sensor_async to None, run_after=None
[2026-01-09T12:30:19.215+0000] {processor.py:183} INFO - Processing /home/airflow/.local/lib/python3.8/site-packages/airflow/example_dags/example_time_delta_sensor_async.py took 0.121 seconds
[2026-01-09T12:30:49.751+0000] {processor.py:161} INFO - Started process (PID=10848) to work on /home/airflow/.local/lib/python3.8/site-packages/airflow/example_dags/example_time_delta_sensor_async.py
[2026-01-09T12:30:49.753+0000] {processor.py:830} INFO - Processing file /home/airflow/.local/lib/python3.8/site-packages/airflow/example_dags/example_time_delta_sensor_async.py for tasks to queue
[2026-01-09T12:30:49.755+0000] {logging_mixin.py:188} INFO - [2026-01-09T12:30:49.755+0000] {dagbag.py:538} INFO - Filling up the DagBag from /home/airflow/.local/lib/python3.8/site-packages/airflow/example_dags/example_time_delta_sensor_async.py
[2026-01-09T12:30:49.762+0000] {processor.py:840} INFO - DAG(s) 'example_time_delta_sensor_async' retrieved from /home/airflow/.local/lib/python3.8/site-packages/airflow/example_dags/example_time_delta_sensor_async.py
[2026-01-09T12:30:49.803+0000] {logging_mixin.py:188} INFO - [2026-01-09T12:30:49.803+0000] {dag.py:3036} INFO - Sync 1 DAGs
[2026-01-09T12:30:49.822+0000] {logging_mixin.py:188} INFO - [2026-01-09T12:30:49.821+0000] {dag.py:3823} INFO - Setting next_dagrun for example_time_delta_sensor_async to None, run_after=None
[2026-01-09T12:30:49.861+0000] {processor.py:183} INFO - Processing /home/airflow/.local/lib/python3.8/site-packages/airflow/example_dags/example_time_delta_sensor_async.py took 0.118 seconds
[2026-01-09T12:31:20.177+0000] {processor.py:161} INFO - Started process (PID=11095) to work on /home/airflow/.local/lib/python3.8/site-packages/airflow/example_dags/example_time_delta_sensor_async.py
[2026-01-09T12:31:20.178+0000] {processor.py:830} INFO - Processing file /home/airflow/.local/lib/python3.8/site-packages/airflow/example_dags/example_time_delta_sensor_async.py for tasks to queue
[2026-01-09T12:31:20.180+0000] {logging_mixin.py:188} INFO - [2026-01-09T12:31:20.179+0000] {dagbag.py:538} INFO - Filling up the DagBag from /home/airflow/.local/lib/python3.8/site-packages/airflow/example_dags/example_time_delta_sensor_async.py
[2026-01-09T12:31:20.187+0000] {processor.py:840} INFO - DAG(s) 'example_time_delta_sensor_async' retrieved from /home/airflow/.local/lib/python3.8/site-packages/airflow/example_dags/example_time_delta_sensor_async.py
[2026-01-09T12:31:20.229+0000] {logging_mixin.py:188} INFO - [2026-01-09T12:31:20.228+0000] {dag.py:3036} INFO - Sync 1 DAGs
[2026-01-09T12:31:20.252+0000] {logging_mixin.py:188} INFO - [2026-01-09T12:31:20.252+0000] {dag.py:3823} INFO - Setting next_dagrun for example_time_delta_sensor_async to None, run_after=None
[2026-01-09T12:31:20.297+0000] {processor.py:183} INFO - Processing /home/airflow/.local/lib/python3.8/site-packages/airflow/example_dags/example_time_delta_sensor_async.py took 0.127 seconds
[2026-01-09T12:31:50.795+0000] {processor.py:161} INFO - Started process (PID=11341) to work on /home/airflow/.local/lib/python3.8/site-packages/airflow/example_dags/example_time_delta_sensor_async.py
[2026-01-09T12:31:50.797+0000] {processor.py:830} INFO - Processing file /home/airflow/.local/lib/python3.8/site-packages/airflow/example_dags/example_time_delta_sensor_async.py for tasks to queue
[2026-01-09T12:31:50.798+0000] {logging_mixin.py:188} INFO - [2026-01-09T12:31:50.798+0000] {dagbag.py:538} INFO - Filling up the DagBag from /home/airflow/.local/lib/python3.8/site-packages/airflow/example_dags/example_time_delta_sensor_async.py
[2026-01-09T12:31:50.805+0000] {processor.py:840} INFO - DAG(s) 'example_time_delta_sensor_async' retrieved from /home/airflow/.local/lib/python3.8/site-packages/airflow/example_dags/example_time_delta_sensor_async.py
[2026-01-09T12:31:50.844+0000] {logging_mixin.py:188} INFO - [2026-01-09T12:31:50.844+0000] {dag.py:3036} INFO - Sync 1 DAGs
[2026-01-09T12:31:50.866+0000] {logging_mixin.py:188} INFO - [2026-01-09T12:31:50.865+0000] {dag.py:3823} INFO - Setting next_dagrun for example_time_delta_sensor_async to None, run_after=None
[2026-01-09T12:31:50.901+0000] {processor.py:183} INFO - Processing /home/airflow/.local/lib/python3.8/site-packages/airflow/example_dags/example_time_delta_sensor_async.py took 0.114 seconds
[2026-01-09T12:32:21.681+0000] {processor.py:161} INFO - Started process (PID=11588) to work on /home/airflow/.local/lib/python3.8/site-packages/airflow/example_dags/example_time_delta_sensor_async.py
[2026-01-09T12:32:21.694+0000] {processor.py:830} INFO - Processing file /home/airflow/.local/lib/python3.8/site-packages/airflow/example_dags/example_time_delta_sensor_async.py for tasks to queue
[2026-01-09T12:32:21.697+0000] {logging_mixin.py:188} INFO - [2026-01-09T12:32:21.695+0000] {dagbag.py:538} INFO - Filling up the DagBag from /home/airflow/.local/lib/python3.8/site-packages/airflow/example_dags/example_time_delta_sensor_async.py
[2026-01-09T12:32:21.716+0000] {processor.py:840} INFO - DAG(s) 'example_time_delta_sensor_async' retrieved from /home/airflow/.local/lib/python3.8/site-packages/airflow/example_dags/example_time_delta_sensor_async.py
[2026-01-09T12:32:21.825+0000] {logging_mixin.py:188} INFO - [2026-01-09T12:32:21.824+0000] {dag.py:3036} INFO - Sync 1 DAGs
[2026-01-09T12:32:21.865+0000] {logging_mixin.py:188} INFO - [2026-01-09T12:32:21.865+0000] {dag.py:3823} INFO - Setting next_dagrun for example_time_delta_sensor_async to None, run_after=None
[2026-01-09T12:32:21.925+0000] {processor.py:183} INFO - Processing /home/airflow/.local/lib/python3.8/site-packages/airflow/example_dags/example_time_delta_sensor_async.py took 0.253 seconds
[2026-01-09T12:32:52.091+0000] {processor.py:161} INFO - Started process (PID=11835) to work on /home/airflow/.local/lib/python3.8/site-packages/airflow/example_dags/example_time_delta_sensor_async.py
[2026-01-09T12:32:52.099+0000] {processor.py:830} INFO - Processing file /home/airflow/.local/lib/python3.8/site-packages/airflow/example_dags/example_time_delta_sensor_async.py for tasks to queue
[2026-01-09T12:32:52.101+0000] {logging_mixin.py:188} INFO - [2026-01-09T12:32:52.100+0000] {dagbag.py:538} INFO - Filling up the DagBag from /home/airflow/.local/lib/python3.8/site-packages/airflow/example_dags/example_time_delta_sensor_async.py
[2026-01-09T12:32:52.110+0000] {processor.py:840} INFO - DAG(s) 'example_time_delta_sensor_async' retrieved from /home/airflow/.local/lib/python3.8/site-packages/airflow/example_dags/example_time_delta_sensor_async.py
[2026-01-09T12:32:52.151+0000] {logging_mixin.py:188} INFO - [2026-01-09T12:32:52.151+0000] {dag.py:3036} INFO - Sync 1 DAGs
[2026-01-09T12:32:52.174+0000] {logging_mixin.py:188} INFO - [2026-01-09T12:32:52.173+0000] {dag.py:3823} INFO - Setting next_dagrun for example_time_delta_sensor_async to None, run_after=None
[2026-01-09T12:32:52.223+0000] {processor.py:183} INFO - Processing /home/airflow/.local/lib/python3.8/site-packages/airflow/example_dags/example_time_delta_sensor_async.py took 0.139 seconds
[2026-01-09T12:33:22.681+0000] {processor.py:161} INFO - Started process (PID=12082) to work on /home/airflow/.local/lib/python3.8/site-packages/airflow/example_dags/example_time_delta_sensor_async.py
[2026-01-09T12:33:22.683+0000] {processor.py:830} INFO - Processing file /home/airflow/.local/lib/python3.8/site-packages/airflow/example_dags/example_time_delta_sensor_async.py for tasks to queue
[2026-01-09T12:33:22.686+0000] {logging_mixin.py:188} INFO - [2026-01-09T12:33:22.685+0000] {dagbag.py:538} INFO - Filling up the DagBag from /home/airflow/.local/lib/python3.8/site-packages/airflow/example_dags/example_time_delta_sensor_async.py
[2026-01-09T12:33:22.695+0000] {processor.py:840} INFO - DAG(s) 'example_time_delta_sensor_async' retrieved from /home/airflow/.local/lib/python3.8/site-packages/airflow/example_dags/example_time_delta_sensor_async.py
[2026-01-09T12:33:22.743+0000] {logging_mixin.py:188} INFO - [2026-01-09T12:33:22.742+0000] {dag.py:3036} INFO - Sync 1 DAGs
[2026-01-09T12:33:22.764+0000] {logging_mixin.py:188} INFO - [2026-01-09T12:33:22.763+0000] {dag.py:3823} INFO - Setting next_dagrun for example_time_delta_sensor_async to None, run_after=None
[2026-01-09T12:33:22.804+0000] {processor.py:183} INFO - Processing /home/airflow/.local/lib/python3.8/site-packages/airflow/example_dags/example_time_delta_sensor_async.py took 0.129 seconds
[2026-01-09T12:33:53.496+0000] {processor.py:161} INFO - Started process (PID=12335) to work on /home/airflow/.local/lib/python3.8/site-packages/airflow/example_dags/example_time_delta_sensor_async.py
[2026-01-09T12:33:53.498+0000] {processor.py:830} INFO - Processing file /home/airflow/.local/lib/python3.8/site-packages/airflow/example_dags/example_time_delta_sensor_async.py for tasks to queue
[2026-01-09T12:33:53.500+0000] {logging_mixin.py:188} INFO - [2026-01-09T12:33:53.499+0000] {dagbag.py:538} INFO - Filling up the DagBag from /home/airflow/.local/lib/python3.8/site-packages/airflow/example_dags/example_time_delta_sensor_async.py
[2026-01-09T12:33:53.508+0000] {processor.py:840} INFO - DAG(s) 'example_time_delta_sensor_async' retrieved from /home/airflow/.local/lib/python3.8/site-packages/airflow/example_dags/example_time_delta_sensor_async.py
[2026-01-09T12:33:53.554+0000] {logging_mixin.py:188} INFO - [2026-01-09T12:33:53.553+0000] {dag.py:3036} INFO - Sync 1 DAGs
[2026-01-09T12:33:53.577+0000] {logging_mixin.py:188} INFO - [2026-01-09T12:33:53.576+0000] {dag.py:3823} INFO - Setting next_dagrun for example_time_delta_sensor_async to None, run_after=None
[2026-01-09T12:33:53.617+0000] {processor.py:183} INFO - Processing /home/airflow/.local/lib/python3.8/site-packages/airflow/example_dags/example_time_delta_sensor_async.py took 0.130 seconds
[2026-01-09T12:34:23.967+0000] {processor.py:161} INFO - Started process (PID=12582) to work on /home/airflow/.local/lib/python3.8/site-packages/airflow/example_dags/example_time_delta_sensor_async.py
[2026-01-09T12:34:23.968+0000] {processor.py:830} INFO - Processing file /home/airflow/.local/lib/python3.8/site-packages/airflow/example_dags/example_time_delta_sensor_async.py for tasks to queue
[2026-01-09T12:34:23.969+0000] {logging_mixin.py:188} INFO - [2026-01-09T12:34:23.969+0000] {dagbag.py:538} INFO - Filling up the DagBag from /home/airflow/.local/lib/python3.8/site-packages/airflow/example_dags/example_time_delta_sensor_async.py
[2026-01-09T12:34:23.978+0000] {processor.py:840} INFO - DAG(s) 'example_time_delta_sensor_async' retrieved from /home/airflow/.local/lib/python3.8/site-packages/airflow/example_dags/example_time_delta_sensor_async.py
[2026-01-09T12:34:24.020+0000] {logging_mixin.py:188} INFO - [2026-01-09T12:34:24.020+0000] {dag.py:3036} INFO - Sync 1 DAGs
[2026-01-09T12:34:24.047+0000] {logging_mixin.py:188} INFO - [2026-01-09T12:34:24.046+0000] {dag.py:3823} INFO - Setting next_dagrun for example_time_delta_sensor_async to None, run_after=None
[2026-01-09T12:34:24.094+0000] {processor.py:183} INFO - Processing /home/airflow/.local/lib/python3.8/site-packages/airflow/example_dags/example_time_delta_sensor_async.py took 0.133 seconds
[2026-01-09T12:34:54.762+0000] {processor.py:161} INFO - Started process (PID=12829) to work on /home/airflow/.local/lib/python3.8/site-packages/airflow/example_dags/example_time_delta_sensor_async.py
[2026-01-09T12:34:54.765+0000] {processor.py:830} INFO - Processing file /home/airflow/.local/lib/python3.8/site-packages/airflow/example_dags/example_time_delta_sensor_async.py for tasks to queue
[2026-01-09T12:34:54.766+0000] {logging_mixin.py:188} INFO - [2026-01-09T12:34:54.766+0000] {dagbag.py:538} INFO - Filling up the DagBag from /home/airflow/.local/lib/python3.8/site-packages/airflow/example_dags/example_time_delta_sensor_async.py
[2026-01-09T12:34:54.774+0000] {processor.py:840} INFO - DAG(s) 'example_time_delta_sensor_async' retrieved from /home/airflow/.local/lib/python3.8/site-packages/airflow/example_dags/example_time_delta_sensor_async.py
[2026-01-09T12:34:54.812+0000] {logging_mixin.py:188} INFO - [2026-01-09T12:34:54.812+0000] {dag.py:3036} INFO - Sync 1 DAGs
[2026-01-09T12:34:54.830+0000] {logging_mixin.py:188} INFO - [2026-01-09T12:34:54.829+0000] {dag.py:3823} INFO - Setting next_dagrun for example_time_delta_sensor_async to None, run_after=None
[2026-01-09T12:34:54.868+0000] {processor.py:183} INFO - Processing /home/airflow/.local/lib/python3.8/site-packages/airflow/example_dags/example_time_delta_sensor_async.py took 0.113 seconds
[2026-01-09T12:35:25.465+0000] {processor.py:161} INFO - Started process (PID=13076) to work on /home/airflow/.local/lib/python3.8/site-packages/airflow/example_dags/example_time_delta_sensor_async.py
[2026-01-09T12:35:25.470+0000] {processor.py:830} INFO - Processing file /home/airflow/.local/lib/python3.8/site-packages/airflow/example_dags/example_time_delta_sensor_async.py for tasks to queue
[2026-01-09T12:35:25.472+0000] {logging_mixin.py:188} INFO - [2026-01-09T12:35:25.471+0000] {dagbag.py:538} INFO - Filling up the DagBag from /home/airflow/.local/lib/python3.8/site-packages/airflow/example_dags/example_time_delta_sensor_async.py
[2026-01-09T12:35:25.482+0000] {processor.py:840} INFO - DAG(s) 'example_time_delta_sensor_async' retrieved from /home/airflow/.local/lib/python3.8/site-packages/airflow/example_dags/example_time_delta_sensor_async.py
[2026-01-09T12:35:25.522+0000] {logging_mixin.py:188} INFO - [2026-01-09T12:35:25.521+0000] {dag.py:3036} INFO - Sync 1 DAGs
[2026-01-09T12:35:25.542+0000] {logging_mixin.py:188} INFO - [2026-01-09T12:35:25.542+0000] {dag.py:3823} INFO - Setting next_dagrun for example_time_delta_sensor_async to None, run_after=None
[2026-01-09T12:35:25.584+0000] {processor.py:183} INFO - Processing /home/airflow/.local/lib/python3.8/site-packages/airflow/example_dags/example_time_delta_sensor_async.py took 0.127 seconds
[2026-01-09T12:35:56.027+0000] {processor.py:161} INFO - Started process (PID=13323) to work on /home/airflow/.local/lib/python3.8/site-packages/airflow/example_dags/example_time_delta_sensor_async.py
[2026-01-09T12:35:56.029+0000] {processor.py:830} INFO - Processing file /home/airflow/.local/lib/python3.8/site-packages/airflow/example_dags/example_time_delta_sensor_async.py for tasks to queue
[2026-01-09T12:35:56.030+0000] {logging_mixin.py:188} INFO - [2026-01-09T12:35:56.030+0000] {dagbag.py:538} INFO - Filling up the DagBag from /home/airflow/.local/lib/python3.8/site-packages/airflow/example_dags/example_time_delta_sensor_async.py
[2026-01-09T12:35:56.038+0000] {processor.py:840} INFO - DAG(s) 'example_time_delta_sensor_async' retrieved from /home/airflow/.local/lib/python3.8/site-packages/airflow/example_dags/example_time_delta_sensor_async.py
[2026-01-09T12:35:56.078+0000] {logging_mixin.py:188} INFO - [2026-01-09T12:35:56.078+0000] {dag.py:3036} INFO - Sync 1 DAGs
[2026-01-09T12:35:56.096+0000] {logging_mixin.py:188} INFO - [2026-01-09T12:35:56.096+0000] {dag.py:3823} INFO - Setting next_dagrun for example_time_delta_sensor_async to None, run_after=None
[2026-01-09T12:35:56.133+0000] {processor.py:183} INFO - Processing /home/airflow/.local/lib/python3.8/site-packages/airflow/example_dags/example_time_delta_sensor_async.py took 0.112 seconds
[2026-01-09T12:36:26.880+0000] {processor.py:161} INFO - Started process (PID=13570) to work on /home/airflow/.local/lib/python3.8/site-packages/airflow/example_dags/example_time_delta_sensor_async.py
[2026-01-09T12:36:26.881+0000] {processor.py:830} INFO - Processing file /home/airflow/.local/lib/python3.8/site-packages/airflow/example_dags/example_time_delta_sensor_async.py for tasks to queue
[2026-01-09T12:36:26.882+0000] {logging_mixin.py:188} INFO - [2026-01-09T12:36:26.882+0000] {dagbag.py:538} INFO - Filling up the DagBag from /home/airflow/.local/lib/python3.8/site-packages/airflow/example_dags/example_time_delta_sensor_async.py
[2026-01-09T12:36:26.890+0000] {processor.py:840} INFO - DAG(s) 'example_time_delta_sensor_async' retrieved from /home/airflow/.local/lib/python3.8/site-packages/airflow/example_dags/example_time_delta_sensor_async.py
[2026-01-09T12:36:26.923+0000] {logging_mixin.py:188} INFO - [2026-01-09T12:36:26.923+0000] {dag.py:3036} INFO - Sync 1 DAGs
[2026-01-09T12:36:26.943+0000] {logging_mixin.py:188} INFO - [2026-01-09T12:36:26.943+0000] {dag.py:3823} INFO - Setting next_dagrun for example_time_delta_sensor_async to None, run_after=None
[2026-01-09T12:36:26.990+0000] {processor.py:183} INFO - Processing /home/airflow/.local/lib/python3.8/site-packages/airflow/example_dags/example_time_delta_sensor_async.py took 0.116 seconds
[2026-01-09T12:36:57.095+0000] {processor.py:161} INFO - Started process (PID=13815) to work on /home/airflow/.local/lib/python3.8/site-packages/airflow/example_dags/example_time_delta_sensor_async.py
[2026-01-09T12:36:57.097+0000] {processor.py:830} INFO - Processing file /home/airflow/.local/lib/python3.8/site-packages/airflow/example_dags/example_time_delta_sensor_async.py for tasks to queue
[2026-01-09T12:36:57.099+0000] {logging_mixin.py:188} INFO - [2026-01-09T12:36:57.099+0000] {dagbag.py:538} INFO - Filling up the DagBag from /home/airflow/.local/lib/python3.8/site-packages/airflow/example_dags/example_time_delta_sensor_async.py
[2026-01-09T12:36:57.109+0000] {processor.py:840} INFO - DAG(s) 'example_time_delta_sensor_async' retrieved from /home/airflow/.local/lib/python3.8/site-packages/airflow/example_dags/example_time_delta_sensor_async.py
[2026-01-09T12:36:57.147+0000] {logging_mixin.py:188} INFO - [2026-01-09T12:36:57.147+0000] {dag.py:3036} INFO - Sync 1 DAGs
[2026-01-09T12:36:57.168+0000] {logging_mixin.py:188} INFO - [2026-01-09T12:36:57.167+0000] {dag.py:3823} INFO - Setting next_dagrun for example_time_delta_sensor_async to None, run_after=None
[2026-01-09T12:36:57.209+0000] {processor.py:183} INFO - Processing /home/airflow/.local/lib/python3.8/site-packages/airflow/example_dags/example_time_delta_sensor_async.py took 0.121 seconds
[2026-01-09T12:37:27.703+0000] {processor.py:161} INFO - Started process (PID=14064) to work on /home/airflow/.local/lib/python3.8/site-packages/airflow/example_dags/example_time_delta_sensor_async.py
[2026-01-09T12:37:27.705+0000] {processor.py:830} INFO - Processing file /home/airflow/.local/lib/python3.8/site-packages/airflow/example_dags/example_time_delta_sensor_async.py for tasks to queue
[2026-01-09T12:37:27.707+0000] {logging_mixin.py:188} INFO - [2026-01-09T12:37:27.706+0000] {dagbag.py:538} INFO - Filling up the DagBag from /home/airflow/.local/lib/python3.8/site-packages/airflow/example_dags/example_time_delta_sensor_async.py
[2026-01-09T12:37:27.716+0000] {processor.py:840} INFO - DAG(s) 'example_time_delta_sensor_async' retrieved from /home/airflow/.local/lib/python3.8/site-packages/airflow/example_dags/example_time_delta_sensor_async.py
[2026-01-09T12:37:27.751+0000] {logging_mixin.py:188} INFO - [2026-01-09T12:37:27.750+0000] {dag.py:3036} INFO - Sync 1 DAGs
[2026-01-09T12:37:27.769+0000] {logging_mixin.py:188} INFO - [2026-01-09T12:37:27.768+0000] {dag.py:3823} INFO - Setting next_dagrun for example_time_delta_sensor_async to None, run_after=None
[2026-01-09T12:37:27.804+0000] {processor.py:183} INFO - Processing /home/airflow/.local/lib/python3.8/site-packages/airflow/example_dags/example_time_delta_sensor_async.py took 0.108 seconds
[2026-01-09T12:37:58.391+0000] {processor.py:161} INFO - Started process (PID=14311) to work on /home/airflow/.local/lib/python3.8/site-packages/airflow/example_dags/example_time_delta_sensor_async.py
[2026-01-09T12:37:58.393+0000] {processor.py:830} INFO - Processing file /home/airflow/.local/lib/python3.8/site-packages/airflow/example_dags/example_time_delta_sensor_async.py for tasks to queue
[2026-01-09T12:37:58.395+0000] {logging_mixin.py:188} INFO - [2026-01-09T12:37:58.394+0000] {dagbag.py:538} INFO - Filling up the DagBag from /home/airflow/.local/lib/python3.8/site-packages/airflow/example_dags/example_time_delta_sensor_async.py
[2026-01-09T12:37:58.404+0000] {processor.py:840} INFO - DAG(s) 'example_time_delta_sensor_async' retrieved from /home/airflow/.local/lib/python3.8/site-packages/airflow/example_dags/example_time_delta_sensor_async.py
[2026-01-09T12:37:58.445+0000] {logging_mixin.py:188} INFO - [2026-01-09T12:37:58.445+0000] {dag.py:3036} INFO - Sync 1 DAGs
[2026-01-09T12:37:58.465+0000] {logging_mixin.py:188} INFO - [2026-01-09T12:37:58.464+0000] {dag.py:3823} INFO - Setting next_dagrun for example_time_delta_sensor_async to None, run_after=None
[2026-01-09T12:37:58.505+0000] {processor.py:183} INFO - Processing /home/airflow/.local/lib/python3.8/site-packages/airflow/example_dags/example_time_delta_sensor_async.py took 0.120 seconds
[2026-01-09T12:38:29.176+0000] {processor.py:161} INFO - Started process (PID=14558) to work on /home/airflow/.local/lib/python3.8/site-packages/airflow/example_dags/example_time_delta_sensor_async.py
[2026-01-09T12:38:29.178+0000] {processor.py:830} INFO - Processing file /home/airflow/.local/lib/python3.8/site-packages/airflow/example_dags/example_time_delta_sensor_async.py for tasks to queue
[2026-01-09T12:38:29.180+0000] {logging_mixin.py:188} INFO - [2026-01-09T12:38:29.179+0000] {dagbag.py:538} INFO - Filling up the DagBag from /home/airflow/.local/lib/python3.8/site-packages/airflow/example_dags/example_time_delta_sensor_async.py
[2026-01-09T12:38:29.188+0000] {processor.py:840} INFO - DAG(s) 'example_time_delta_sensor_async' retrieved from /home/airflow/.local/lib/python3.8/site-packages/airflow/example_dags/example_time_delta_sensor_async.py
[2026-01-09T12:38:29.224+0000] {logging_mixin.py:188} INFO - [2026-01-09T12:38:29.224+0000] {dag.py:3036} INFO - Sync 1 DAGs
[2026-01-09T12:38:29.241+0000] {logging_mixin.py:188} INFO - [2026-01-09T12:38:29.241+0000] {dag.py:3823} INFO - Setting next_dagrun for example_time_delta_sensor_async to None, run_after=None
[2026-01-09T12:38:29.277+0000] {processor.py:183} INFO - Processing /home/airflow/.local/lib/python3.8/site-packages/airflow/example_dags/example_time_delta_sensor_async.py took 0.107 seconds
[2026-01-09T12:38:59.757+0000] {processor.py:161} INFO - Started process (PID=14805) to work on /home/airflow/.local/lib/python3.8/site-packages/airflow/example_dags/example_time_delta_sensor_async.py
[2026-01-09T12:38:59.760+0000] {processor.py:830} INFO - Processing file /home/airflow/.local/lib/python3.8/site-packages/airflow/example_dags/example_time_delta_sensor_async.py for tasks to queue
[2026-01-09T12:38:59.762+0000] {logging_mixin.py:188} INFO - [2026-01-09T12:38:59.761+0000] {dagbag.py:538} INFO - Filling up the DagBag from /home/airflow/.local/lib/python3.8/site-packages/airflow/example_dags/example_time_delta_sensor_async.py
[2026-01-09T12:38:59.771+0000] {processor.py:840} INFO - DAG(s) 'example_time_delta_sensor_async' retrieved from /home/airflow/.local/lib/python3.8/site-packages/airflow/example_dags/example_time_delta_sensor_async.py
[2026-01-09T12:38:59.810+0000] {logging_mixin.py:188} INFO - [2026-01-09T12:38:59.810+0000] {dag.py:3036} INFO - Sync 1 DAGs
[2026-01-09T12:38:59.828+0000] {logging_mixin.py:188} INFO - [2026-01-09T12:38:59.828+0000] {dag.py:3823} INFO - Setting next_dagrun for example_time_delta_sensor_async to None, run_after=None
[2026-01-09T12:38:59.865+0000] {processor.py:183} INFO - Processing /home/airflow/.local/lib/python3.8/site-packages/airflow/example_dags/example_time_delta_sensor_async.py took 0.114 seconds
[2026-01-09T12:39:30.091+0000] {processor.py:161} INFO - Started process (PID=15052) to work on /home/airflow/.local/lib/python3.8/site-packages/airflow/example_dags/example_time_delta_sensor_async.py
[2026-01-09T12:39:30.093+0000] {processor.py:830} INFO - Processing file /home/airflow/.local/lib/python3.8/site-packages/airflow/example_dags/example_time_delta_sensor_async.py for tasks to queue
[2026-01-09T12:39:30.095+0000] {logging_mixin.py:188} INFO - [2026-01-09T12:39:30.094+0000] {dagbag.py:538} INFO - Filling up the DagBag from /home/airflow/.local/lib/python3.8/site-packages/airflow/example_dags/example_time_delta_sensor_async.py
[2026-01-09T12:39:30.102+0000] {processor.py:840} INFO - DAG(s) 'example_time_delta_sensor_async' retrieved from /home/airflow/.local/lib/python3.8/site-packages/airflow/example_dags/example_time_delta_sensor_async.py
[2026-01-09T12:39:30.140+0000] {logging_mixin.py:188} INFO - [2026-01-09T12:39:30.139+0000] {dag.py:3036} INFO - Sync 1 DAGs
[2026-01-09T12:39:30.159+0000] {logging_mixin.py:188} INFO - [2026-01-09T12:39:30.159+0000] {dag.py:3823} INFO - Setting next_dagrun for example_time_delta_sensor_async to None, run_after=None
[2026-01-09T12:39:30.198+0000] {processor.py:183} INFO - Processing /home/airflow/.local/lib/python3.8/site-packages/airflow/example_dags/example_time_delta_sensor_async.py took 0.113 seconds
