[2026-01-09T12:08:59.119+0000] {processor.py:161} INFO - Started process (PID=367) to work on /home/airflow/.local/lib/python3.8/site-packages/airflow/example_dags/example_trigger_target_dag.py
[2026-01-09T12:08:59.120+0000] {processor.py:830} INFO - Processing file /home/airflow/.local/lib/python3.8/site-packages/airflow/example_dags/example_trigger_target_dag.py for tasks to queue
[2026-01-09T12:08:59.122+0000] {logging_mixin.py:188} INFO - [2026-01-09T12:08:59.121+0000] {dagbag.py:538} INFO - Filling up the DagBag from /home/airflow/.local/lib/python3.8/site-packages/airflow/example_dags/example_trigger_target_dag.py
[2026-01-09T12:08:59.133+0000] {processor.py:840} INFO - DAG(s) 'example_trigger_target_dag' retrieved from /home/airflow/.local/lib/python3.8/site-packages/airflow/example_dags/example_trigger_target_dag.py
[2026-01-09T12:08:59.299+0000] {logging_mixin.py:188} INFO - [2026-01-09T12:08:59.298+0000] {dag.py:3036} INFO - Sync 1 DAGs
[2026-01-09T12:08:59.316+0000] {logging_mixin.py:188} INFO - [2026-01-09T12:08:59.316+0000] {dag.py:3823} INFO - Setting next_dagrun for example_trigger_target_dag to None, run_after=None
[2026-01-09T12:08:59.368+0000] {processor.py:183} INFO - Processing /home/airflow/.local/lib/python3.8/site-packages/airflow/example_dags/example_trigger_target_dag.py took 0.255 seconds
[2026-01-09T12:09:29.609+0000] {processor.py:161} INFO - Started process (PID=616) to work on /home/airflow/.local/lib/python3.8/site-packages/airflow/example_dags/example_trigger_target_dag.py
[2026-01-09T12:09:29.611+0000] {processor.py:830} INFO - Processing file /home/airflow/.local/lib/python3.8/site-packages/airflow/example_dags/example_trigger_target_dag.py for tasks to queue
[2026-01-09T12:09:29.613+0000] {logging_mixin.py:188} INFO - [2026-01-09T12:09:29.612+0000] {dagbag.py:538} INFO - Filling up the DagBag from /home/airflow/.local/lib/python3.8/site-packages/airflow/example_dags/example_trigger_target_dag.py
[2026-01-09T12:09:29.623+0000] {processor.py:840} INFO - DAG(s) 'example_trigger_target_dag' retrieved from /home/airflow/.local/lib/python3.8/site-packages/airflow/example_dags/example_trigger_target_dag.py
[2026-01-09T12:09:29.661+0000] {logging_mixin.py:188} INFO - [2026-01-09T12:09:29.661+0000] {dag.py:3036} INFO - Sync 1 DAGs
[2026-01-09T12:09:29.679+0000] {logging_mixin.py:188} INFO - [2026-01-09T12:09:29.679+0000] {dag.py:3823} INFO - Setting next_dagrun for example_trigger_target_dag to None, run_after=None
[2026-01-09T12:09:29.714+0000] {processor.py:183} INFO - Processing /home/airflow/.local/lib/python3.8/site-packages/airflow/example_dags/example_trigger_target_dag.py took 0.111 seconds
[2026-01-09T12:09:59.978+0000] {processor.py:161} INFO - Started process (PID=863) to work on /home/airflow/.local/lib/python3.8/site-packages/airflow/example_dags/example_trigger_target_dag.py
[2026-01-09T12:09:59.980+0000] {processor.py:830} INFO - Processing file /home/airflow/.local/lib/python3.8/site-packages/airflow/example_dags/example_trigger_target_dag.py for tasks to queue
[2026-01-09T12:09:59.981+0000] {logging_mixin.py:188} INFO - [2026-01-09T12:09:59.981+0000] {dagbag.py:538} INFO - Filling up the DagBag from /home/airflow/.local/lib/python3.8/site-packages/airflow/example_dags/example_trigger_target_dag.py
[2026-01-09T12:09:59.990+0000] {processor.py:840} INFO - DAG(s) 'example_trigger_target_dag' retrieved from /home/airflow/.local/lib/python3.8/site-packages/airflow/example_dags/example_trigger_target_dag.py
[2026-01-09T12:10:00.024+0000] {logging_mixin.py:188} INFO - [2026-01-09T12:10:00.023+0000] {dag.py:3036} INFO - Sync 1 DAGs
[2026-01-09T12:10:00.042+0000] {logging_mixin.py:188} INFO - [2026-01-09T12:10:00.042+0000] {dag.py:3823} INFO - Setting next_dagrun for example_trigger_target_dag to None, run_after=None
[2026-01-09T12:10:00.083+0000] {processor.py:183} INFO - Processing /home/airflow/.local/lib/python3.8/site-packages/airflow/example_dags/example_trigger_target_dag.py took 0.112 seconds
[2026-01-09T12:10:30.258+0000] {processor.py:161} INFO - Started process (PID=1108) to work on /home/airflow/.local/lib/python3.8/site-packages/airflow/example_dags/example_trigger_target_dag.py
[2026-01-09T12:10:30.262+0000] {processor.py:830} INFO - Processing file /home/airflow/.local/lib/python3.8/site-packages/airflow/example_dags/example_trigger_target_dag.py for tasks to queue
[2026-01-09T12:10:30.264+0000] {logging_mixin.py:188} INFO - [2026-01-09T12:10:30.263+0000] {dagbag.py:538} INFO - Filling up the DagBag from /home/airflow/.local/lib/python3.8/site-packages/airflow/example_dags/example_trigger_target_dag.py
[2026-01-09T12:10:30.284+0000] {processor.py:840} INFO - DAG(s) 'example_trigger_target_dag' retrieved from /home/airflow/.local/lib/python3.8/site-packages/airflow/example_dags/example_trigger_target_dag.py
[2026-01-09T12:10:30.342+0000] {logging_mixin.py:188} INFO - [2026-01-09T12:10:30.342+0000] {dag.py:3036} INFO - Sync 1 DAGs
[2026-01-09T12:10:30.370+0000] {logging_mixin.py:188} INFO - [2026-01-09T12:10:30.370+0000] {dag.py:3823} INFO - Setting next_dagrun for example_trigger_target_dag to None, run_after=None
[2026-01-09T12:10:30.425+0000] {processor.py:183} INFO - Processing /home/airflow/.local/lib/python3.8/site-packages/airflow/example_dags/example_trigger_target_dag.py took 0.173 seconds
[2026-01-09T12:11:00.747+0000] {processor.py:161} INFO - Started process (PID=1355) to work on /home/airflow/.local/lib/python3.8/site-packages/airflow/example_dags/example_trigger_target_dag.py
[2026-01-09T12:11:00.749+0000] {processor.py:830} INFO - Processing file /home/airflow/.local/lib/python3.8/site-packages/airflow/example_dags/example_trigger_target_dag.py for tasks to queue
[2026-01-09T12:11:00.752+0000] {logging_mixin.py:188} INFO - [2026-01-09T12:11:00.751+0000] {dagbag.py:538} INFO - Filling up the DagBag from /home/airflow/.local/lib/python3.8/site-packages/airflow/example_dags/example_trigger_target_dag.py
[2026-01-09T12:11:00.765+0000] {processor.py:840} INFO - DAG(s) 'example_trigger_target_dag' retrieved from /home/airflow/.local/lib/python3.8/site-packages/airflow/example_dags/example_trigger_target_dag.py
[2026-01-09T12:11:00.817+0000] {logging_mixin.py:188} INFO - [2026-01-09T12:11:00.817+0000] {dag.py:3036} INFO - Sync 1 DAGs
[2026-01-09T12:11:00.844+0000] {logging_mixin.py:188} INFO - [2026-01-09T12:11:00.844+0000] {dag.py:3823} INFO - Setting next_dagrun for example_trigger_target_dag to None, run_after=None
[2026-01-09T12:11:00.896+0000] {processor.py:183} INFO - Processing /home/airflow/.local/lib/python3.8/site-packages/airflow/example_dags/example_trigger_target_dag.py took 0.156 seconds
[2026-01-09T12:11:31.436+0000] {processor.py:161} INFO - Started process (PID=1604) to work on /home/airflow/.local/lib/python3.8/site-packages/airflow/example_dags/example_trigger_target_dag.py
[2026-01-09T12:11:31.439+0000] {processor.py:830} INFO - Processing file /home/airflow/.local/lib/python3.8/site-packages/airflow/example_dags/example_trigger_target_dag.py for tasks to queue
[2026-01-09T12:11:31.440+0000] {logging_mixin.py:188} INFO - [2026-01-09T12:11:31.440+0000] {dagbag.py:538} INFO - Filling up the DagBag from /home/airflow/.local/lib/python3.8/site-packages/airflow/example_dags/example_trigger_target_dag.py
[2026-01-09T12:11:31.453+0000] {processor.py:840} INFO - DAG(s) 'example_trigger_target_dag' retrieved from /home/airflow/.local/lib/python3.8/site-packages/airflow/example_dags/example_trigger_target_dag.py
[2026-01-09T12:11:31.506+0000] {logging_mixin.py:188} INFO - [2026-01-09T12:11:31.505+0000] {dag.py:3036} INFO - Sync 1 DAGs
[2026-01-09T12:11:31.532+0000] {logging_mixin.py:188} INFO - [2026-01-09T12:11:31.532+0000] {dag.py:3823} INFO - Setting next_dagrun for example_trigger_target_dag to None, run_after=None
[2026-01-09T12:11:31.578+0000] {processor.py:183} INFO - Processing /home/airflow/.local/lib/python3.8/site-packages/airflow/example_dags/example_trigger_target_dag.py took 0.150 seconds
[2026-01-09T12:12:02.742+0000] {processor.py:161} INFO - Started process (PID=1850) to work on /home/airflow/.local/lib/python3.8/site-packages/airflow/example_dags/example_trigger_target_dag.py
[2026-01-09T12:12:02.745+0000] {processor.py:830} INFO - Processing file /home/airflow/.local/lib/python3.8/site-packages/airflow/example_dags/example_trigger_target_dag.py for tasks to queue
[2026-01-09T12:12:02.746+0000] {logging_mixin.py:188} INFO - [2026-01-09T12:12:02.746+0000] {dagbag.py:538} INFO - Filling up the DagBag from /home/airflow/.local/lib/python3.8/site-packages/airflow/example_dags/example_trigger_target_dag.py
[2026-01-09T12:12:02.760+0000] {processor.py:840} INFO - DAG(s) 'example_trigger_target_dag' retrieved from /home/airflow/.local/lib/python3.8/site-packages/airflow/example_dags/example_trigger_target_dag.py
[2026-01-09T12:12:02.818+0000] {logging_mixin.py:188} INFO - [2026-01-09T12:12:02.817+0000] {dag.py:3036} INFO - Sync 1 DAGs
[2026-01-09T12:12:02.851+0000] {logging_mixin.py:188} INFO - [2026-01-09T12:12:02.850+0000] {dag.py:3823} INFO - Setting next_dagrun for example_trigger_target_dag to None, run_after=None
[2026-01-09T12:12:02.909+0000] {processor.py:183} INFO - Processing /home/airflow/.local/lib/python3.8/site-packages/airflow/example_dags/example_trigger_target_dag.py took 0.175 seconds
[2026-01-09T12:12:33.746+0000] {processor.py:161} INFO - Started process (PID=2099) to work on /home/airflow/.local/lib/python3.8/site-packages/airflow/example_dags/example_trigger_target_dag.py
[2026-01-09T12:12:33.748+0000] {processor.py:830} INFO - Processing file /home/airflow/.local/lib/python3.8/site-packages/airflow/example_dags/example_trigger_target_dag.py for tasks to queue
[2026-01-09T12:12:33.750+0000] {logging_mixin.py:188} INFO - [2026-01-09T12:12:33.749+0000] {dagbag.py:538} INFO - Filling up the DagBag from /home/airflow/.local/lib/python3.8/site-packages/airflow/example_dags/example_trigger_target_dag.py
[2026-01-09T12:12:33.761+0000] {processor.py:840} INFO - DAG(s) 'example_trigger_target_dag' retrieved from /home/airflow/.local/lib/python3.8/site-packages/airflow/example_dags/example_trigger_target_dag.py
[2026-01-09T12:12:33.802+0000] {logging_mixin.py:188} INFO - [2026-01-09T12:12:33.801+0000] {dag.py:3036} INFO - Sync 1 DAGs
[2026-01-09T12:12:33.829+0000] {logging_mixin.py:188} INFO - [2026-01-09T12:12:33.828+0000] {dag.py:3823} INFO - Setting next_dagrun for example_trigger_target_dag to None, run_after=None
[2026-01-09T12:12:33.869+0000] {processor.py:183} INFO - Processing /home/airflow/.local/lib/python3.8/site-packages/airflow/example_dags/example_trigger_target_dag.py took 0.129 seconds
[2026-01-09T12:13:04.395+0000] {processor.py:161} INFO - Started process (PID=2346) to work on /home/airflow/.local/lib/python3.8/site-packages/airflow/example_dags/example_trigger_target_dag.py
[2026-01-09T12:13:04.397+0000] {processor.py:830} INFO - Processing file /home/airflow/.local/lib/python3.8/site-packages/airflow/example_dags/example_trigger_target_dag.py for tasks to queue
[2026-01-09T12:13:04.399+0000] {logging_mixin.py:188} INFO - [2026-01-09T12:13:04.398+0000] {dagbag.py:538} INFO - Filling up the DagBag from /home/airflow/.local/lib/python3.8/site-packages/airflow/example_dags/example_trigger_target_dag.py
[2026-01-09T12:13:04.409+0000] {processor.py:840} INFO - DAG(s) 'example_trigger_target_dag' retrieved from /home/airflow/.local/lib/python3.8/site-packages/airflow/example_dags/example_trigger_target_dag.py
[2026-01-09T12:13:04.450+0000] {logging_mixin.py:188} INFO - [2026-01-09T12:13:04.450+0000] {dag.py:3036} INFO - Sync 1 DAGs
[2026-01-09T12:13:04.472+0000] {logging_mixin.py:188} INFO - [2026-01-09T12:13:04.472+0000] {dag.py:3823} INFO - Setting next_dagrun for example_trigger_target_dag to None, run_after=None
[2026-01-09T12:13:04.519+0000] {processor.py:183} INFO - Processing /home/airflow/.local/lib/python3.8/site-packages/airflow/example_dags/example_trigger_target_dag.py took 0.130 seconds
[2026-01-09T12:13:34.658+0000] {processor.py:161} INFO - Started process (PID=2591) to work on /home/airflow/.local/lib/python3.8/site-packages/airflow/example_dags/example_trigger_target_dag.py
[2026-01-09T12:13:34.659+0000] {processor.py:830} INFO - Processing file /home/airflow/.local/lib/python3.8/site-packages/airflow/example_dags/example_trigger_target_dag.py for tasks to queue
[2026-01-09T12:13:34.660+0000] {logging_mixin.py:188} INFO - [2026-01-09T12:13:34.660+0000] {dagbag.py:538} INFO - Filling up the DagBag from /home/airflow/.local/lib/python3.8/site-packages/airflow/example_dags/example_trigger_target_dag.py
[2026-01-09T12:13:34.671+0000] {processor.py:840} INFO - DAG(s) 'example_trigger_target_dag' retrieved from /home/airflow/.local/lib/python3.8/site-packages/airflow/example_dags/example_trigger_target_dag.py
[2026-01-09T12:13:34.708+0000] {logging_mixin.py:188} INFO - [2026-01-09T12:13:34.708+0000] {dag.py:3036} INFO - Sync 1 DAGs
[2026-01-09T12:13:34.726+0000] {logging_mixin.py:188} INFO - [2026-01-09T12:13:34.725+0000] {dag.py:3823} INFO - Setting next_dagrun for example_trigger_target_dag to None, run_after=None
[2026-01-09T12:13:34.762+0000] {processor.py:183} INFO - Processing /home/airflow/.local/lib/python3.8/site-packages/airflow/example_dags/example_trigger_target_dag.py took 0.110 seconds
[2026-01-09T12:14:04.863+0000] {processor.py:161} INFO - Started process (PID=2838) to work on /home/airflow/.local/lib/python3.8/site-packages/airflow/example_dags/example_trigger_target_dag.py
[2026-01-09T12:14:04.869+0000] {processor.py:830} INFO - Processing file /home/airflow/.local/lib/python3.8/site-packages/airflow/example_dags/example_trigger_target_dag.py for tasks to queue
[2026-01-09T12:14:04.871+0000] {logging_mixin.py:188} INFO - [2026-01-09T12:14:04.870+0000] {dagbag.py:538} INFO - Filling up the DagBag from /home/airflow/.local/lib/python3.8/site-packages/airflow/example_dags/example_trigger_target_dag.py
[2026-01-09T12:14:04.881+0000] {processor.py:840} INFO - DAG(s) 'example_trigger_target_dag' retrieved from /home/airflow/.local/lib/python3.8/site-packages/airflow/example_dags/example_trigger_target_dag.py
[2026-01-09T12:14:04.922+0000] {logging_mixin.py:188} INFO - [2026-01-09T12:14:04.922+0000] {dag.py:3036} INFO - Sync 1 DAGs
[2026-01-09T12:14:04.942+0000] {logging_mixin.py:188} INFO - [2026-01-09T12:14:04.941+0000] {dag.py:3823} INFO - Setting next_dagrun for example_trigger_target_dag to None, run_after=None
[2026-01-09T12:14:04.984+0000] {processor.py:183} INFO - Processing /home/airflow/.local/lib/python3.8/site-packages/airflow/example_dags/example_trigger_target_dag.py took 0.127 seconds
[2026-01-09T12:14:35.226+0000] {processor.py:161} INFO - Started process (PID=3085) to work on /home/airflow/.local/lib/python3.8/site-packages/airflow/example_dags/example_trigger_target_dag.py
[2026-01-09T12:14:35.228+0000] {processor.py:830} INFO - Processing file /home/airflow/.local/lib/python3.8/site-packages/airflow/example_dags/example_trigger_target_dag.py for tasks to queue
[2026-01-09T12:14:35.230+0000] {logging_mixin.py:188} INFO - [2026-01-09T12:14:35.229+0000] {dagbag.py:538} INFO - Filling up the DagBag from /home/airflow/.local/lib/python3.8/site-packages/airflow/example_dags/example_trigger_target_dag.py
[2026-01-09T12:14:35.240+0000] {processor.py:840} INFO - DAG(s) 'example_trigger_target_dag' retrieved from /home/airflow/.local/lib/python3.8/site-packages/airflow/example_dags/example_trigger_target_dag.py
[2026-01-09T12:14:35.279+0000] {logging_mixin.py:188} INFO - [2026-01-09T12:14:35.279+0000] {dag.py:3036} INFO - Sync 1 DAGs
[2026-01-09T12:14:35.299+0000] {logging_mixin.py:188} INFO - [2026-01-09T12:14:35.299+0000] {dag.py:3823} INFO - Setting next_dagrun for example_trigger_target_dag to None, run_after=None
[2026-01-09T12:14:35.339+0000] {processor.py:183} INFO - Processing /home/airflow/.local/lib/python3.8/site-packages/airflow/example_dags/example_trigger_target_dag.py took 0.119 seconds
[2026-01-09T12:15:07.008+0000] {processor.py:161} INFO - Started process (PID=3334) to work on /home/airflow/.local/lib/python3.8/site-packages/airflow/example_dags/example_trigger_target_dag.py
[2026-01-09T12:15:07.054+0000] {processor.py:830} INFO - Processing file /home/airflow/.local/lib/python3.8/site-packages/airflow/example_dags/example_trigger_target_dag.py for tasks to queue
[2026-01-09T12:15:07.057+0000] {logging_mixin.py:188} INFO - [2026-01-09T12:15:07.055+0000] {dagbag.py:538} INFO - Filling up the DagBag from /home/airflow/.local/lib/python3.8/site-packages/airflow/example_dags/example_trigger_target_dag.py
[2026-01-09T12:15:07.088+0000] {processor.py:840} INFO - DAG(s) 'example_trigger_target_dag' retrieved from /home/airflow/.local/lib/python3.8/site-packages/airflow/example_dags/example_trigger_target_dag.py
[2026-01-09T12:15:07.144+0000] {logging_mixin.py:188} INFO - [2026-01-09T12:15:07.143+0000] {dag.py:3036} INFO - Sync 1 DAGs
[2026-01-09T12:15:07.177+0000] {logging_mixin.py:188} INFO - [2026-01-09T12:15:07.177+0000] {dag.py:3823} INFO - Setting next_dagrun for example_trigger_target_dag to None, run_after=None
[2026-01-09T12:15:07.355+0000] {processor.py:183} INFO - Processing /home/airflow/.local/lib/python3.8/site-packages/airflow/example_dags/example_trigger_target_dag.py took 0.468 seconds
[2026-01-09T12:15:38.127+0000] {processor.py:161} INFO - Started process (PID=3581) to work on /home/airflow/.local/lib/python3.8/site-packages/airflow/example_dags/example_trigger_target_dag.py
[2026-01-09T12:15:38.129+0000] {processor.py:830} INFO - Processing file /home/airflow/.local/lib/python3.8/site-packages/airflow/example_dags/example_trigger_target_dag.py for tasks to queue
[2026-01-09T12:15:38.131+0000] {logging_mixin.py:188} INFO - [2026-01-09T12:15:38.130+0000] {dagbag.py:538} INFO - Filling up the DagBag from /home/airflow/.local/lib/python3.8/site-packages/airflow/example_dags/example_trigger_target_dag.py
[2026-01-09T12:15:38.142+0000] {processor.py:840} INFO - DAG(s) 'example_trigger_target_dag' retrieved from /home/airflow/.local/lib/python3.8/site-packages/airflow/example_dags/example_trigger_target_dag.py
[2026-01-09T12:15:38.184+0000] {logging_mixin.py:188} INFO - [2026-01-09T12:15:38.184+0000] {dag.py:3036} INFO - Sync 1 DAGs
[2026-01-09T12:15:38.208+0000] {logging_mixin.py:188} INFO - [2026-01-09T12:15:38.207+0000] {dag.py:3823} INFO - Setting next_dagrun for example_trigger_target_dag to None, run_after=None
[2026-01-09T12:15:38.258+0000] {processor.py:183} INFO - Processing /home/airflow/.local/lib/python3.8/site-packages/airflow/example_dags/example_trigger_target_dag.py took 0.137 seconds
[2026-01-09T12:16:08.347+0000] {processor.py:161} INFO - Started process (PID=3825) to work on /home/airflow/.local/lib/python3.8/site-packages/airflow/example_dags/example_trigger_target_dag.py
[2026-01-09T12:16:08.353+0000] {processor.py:830} INFO - Processing file /home/airflow/.local/lib/python3.8/site-packages/airflow/example_dags/example_trigger_target_dag.py for tasks to queue
[2026-01-09T12:16:08.356+0000] {logging_mixin.py:188} INFO - [2026-01-09T12:16:08.355+0000] {dagbag.py:538} INFO - Filling up the DagBag from /home/airflow/.local/lib/python3.8/site-packages/airflow/example_dags/example_trigger_target_dag.py
[2026-01-09T12:16:08.367+0000] {processor.py:840} INFO - DAG(s) 'example_trigger_target_dag' retrieved from /home/airflow/.local/lib/python3.8/site-packages/airflow/example_dags/example_trigger_target_dag.py
[2026-01-09T12:16:08.411+0000] {logging_mixin.py:188} INFO - [2026-01-09T12:16:08.411+0000] {dag.py:3036} INFO - Sync 1 DAGs
[2026-01-09T12:16:08.430+0000] {logging_mixin.py:188} INFO - [2026-01-09T12:16:08.430+0000] {dag.py:3823} INFO - Setting next_dagrun for example_trigger_target_dag to None, run_after=None
[2026-01-09T12:16:08.472+0000] {processor.py:183} INFO - Processing /home/airflow/.local/lib/python3.8/site-packages/airflow/example_dags/example_trigger_target_dag.py took 0.133 seconds
[2026-01-09T12:16:38.752+0000] {processor.py:161} INFO - Started process (PID=4074) to work on /home/airflow/.local/lib/python3.8/site-packages/airflow/example_dags/example_trigger_target_dag.py
[2026-01-09T12:16:38.754+0000] {processor.py:830} INFO - Processing file /home/airflow/.local/lib/python3.8/site-packages/airflow/example_dags/example_trigger_target_dag.py for tasks to queue
[2026-01-09T12:16:38.756+0000] {logging_mixin.py:188} INFO - [2026-01-09T12:16:38.755+0000] {dagbag.py:538} INFO - Filling up the DagBag from /home/airflow/.local/lib/python3.8/site-packages/airflow/example_dags/example_trigger_target_dag.py
[2026-01-09T12:16:38.769+0000] {processor.py:840} INFO - DAG(s) 'example_trigger_target_dag' retrieved from /home/airflow/.local/lib/python3.8/site-packages/airflow/example_dags/example_trigger_target_dag.py
[2026-01-09T12:16:38.818+0000] {logging_mixin.py:188} INFO - [2026-01-09T12:16:38.817+0000] {dag.py:3036} INFO - Sync 1 DAGs
[2026-01-09T12:16:38.842+0000] {logging_mixin.py:188} INFO - [2026-01-09T12:16:38.842+0000] {dag.py:3823} INFO - Setting next_dagrun for example_trigger_target_dag to None, run_after=None
[2026-01-09T12:16:38.891+0000] {processor.py:183} INFO - Processing /home/airflow/.local/lib/python3.8/site-packages/airflow/example_dags/example_trigger_target_dag.py took 0.146 seconds
[2026-01-09T12:17:09.079+0000] {processor.py:161} INFO - Started process (PID=4321) to work on /home/airflow/.local/lib/python3.8/site-packages/airflow/example_dags/example_trigger_target_dag.py
[2026-01-09T12:17:09.081+0000] {processor.py:830} INFO - Processing file /home/airflow/.local/lib/python3.8/site-packages/airflow/example_dags/example_trigger_target_dag.py for tasks to queue
[2026-01-09T12:17:09.083+0000] {logging_mixin.py:188} INFO - [2026-01-09T12:17:09.082+0000] {dagbag.py:538} INFO - Filling up the DagBag from /home/airflow/.local/lib/python3.8/site-packages/airflow/example_dags/example_trigger_target_dag.py
[2026-01-09T12:17:09.092+0000] {processor.py:840} INFO - DAG(s) 'example_trigger_target_dag' retrieved from /home/airflow/.local/lib/python3.8/site-packages/airflow/example_dags/example_trigger_target_dag.py
[2026-01-09T12:17:09.135+0000] {logging_mixin.py:188} INFO - [2026-01-09T12:17:09.134+0000] {dag.py:3036} INFO - Sync 1 DAGs
[2026-01-09T12:17:09.161+0000] {logging_mixin.py:188} INFO - [2026-01-09T12:17:09.160+0000] {dag.py:3823} INFO - Setting next_dagrun for example_trigger_target_dag to None, run_after=None
[2026-01-09T12:17:09.202+0000] {processor.py:183} INFO - Processing /home/airflow/.local/lib/python3.8/site-packages/airflow/example_dags/example_trigger_target_dag.py took 0.129 seconds
[2026-01-09T12:17:39.485+0000] {processor.py:161} INFO - Started process (PID=4568) to work on /home/airflow/.local/lib/python3.8/site-packages/airflow/example_dags/example_trigger_target_dag.py
[2026-01-09T12:17:39.487+0000] {processor.py:830} INFO - Processing file /home/airflow/.local/lib/python3.8/site-packages/airflow/example_dags/example_trigger_target_dag.py for tasks to queue
[2026-01-09T12:17:39.489+0000] {logging_mixin.py:188} INFO - [2026-01-09T12:17:39.488+0000] {dagbag.py:538} INFO - Filling up the DagBag from /home/airflow/.local/lib/python3.8/site-packages/airflow/example_dags/example_trigger_target_dag.py
[2026-01-09T12:17:39.500+0000] {processor.py:840} INFO - DAG(s) 'example_trigger_target_dag' retrieved from /home/airflow/.local/lib/python3.8/site-packages/airflow/example_dags/example_trigger_target_dag.py
[2026-01-09T12:17:39.544+0000] {logging_mixin.py:188} INFO - [2026-01-09T12:17:39.543+0000] {dag.py:3036} INFO - Sync 1 DAGs
[2026-01-09T12:17:39.566+0000] {logging_mixin.py:188} INFO - [2026-01-09T12:17:39.565+0000] {dag.py:3823} INFO - Setting next_dagrun for example_trigger_target_dag to None, run_after=None
[2026-01-09T12:17:39.608+0000] {processor.py:183} INFO - Processing /home/airflow/.local/lib/python3.8/site-packages/airflow/example_dags/example_trigger_target_dag.py took 0.130 seconds
[2026-01-09T12:18:10.493+0000] {processor.py:161} INFO - Started process (PID=4813) to work on /home/airflow/.local/lib/python3.8/site-packages/airflow/example_dags/example_trigger_target_dag.py
[2026-01-09T12:18:10.497+0000] {processor.py:830} INFO - Processing file /home/airflow/.local/lib/python3.8/site-packages/airflow/example_dags/example_trigger_target_dag.py for tasks to queue
[2026-01-09T12:18:10.499+0000] {logging_mixin.py:188} INFO - [2026-01-09T12:18:10.498+0000] {dagbag.py:538} INFO - Filling up the DagBag from /home/airflow/.local/lib/python3.8/site-packages/airflow/example_dags/example_trigger_target_dag.py
[2026-01-09T12:18:10.515+0000] {processor.py:840} INFO - DAG(s) 'example_trigger_target_dag' retrieved from /home/airflow/.local/lib/python3.8/site-packages/airflow/example_dags/example_trigger_target_dag.py
[2026-01-09T12:18:10.558+0000] {logging_mixin.py:188} INFO - [2026-01-09T12:18:10.556+0000] {dag.py:3036} INFO - Sync 1 DAGs
[2026-01-09T12:18:10.582+0000] {logging_mixin.py:188} INFO - [2026-01-09T12:18:10.581+0000] {dag.py:3823} INFO - Setting next_dagrun for example_trigger_target_dag to None, run_after=None
[2026-01-09T12:18:10.630+0000] {processor.py:183} INFO - Processing /home/airflow/.local/lib/python3.8/site-packages/airflow/example_dags/example_trigger_target_dag.py took 0.144 seconds
[2026-01-09T12:18:41.156+0000] {processor.py:161} INFO - Started process (PID=5060) to work on /home/airflow/.local/lib/python3.8/site-packages/airflow/example_dags/example_trigger_target_dag.py
[2026-01-09T12:18:41.158+0000] {processor.py:830} INFO - Processing file /home/airflow/.local/lib/python3.8/site-packages/airflow/example_dags/example_trigger_target_dag.py for tasks to queue
[2026-01-09T12:18:41.160+0000] {logging_mixin.py:188} INFO - [2026-01-09T12:18:41.159+0000] {dagbag.py:538} INFO - Filling up the DagBag from /home/airflow/.local/lib/python3.8/site-packages/airflow/example_dags/example_trigger_target_dag.py
[2026-01-09T12:18:41.172+0000] {processor.py:840} INFO - DAG(s) 'example_trigger_target_dag' retrieved from /home/airflow/.local/lib/python3.8/site-packages/airflow/example_dags/example_trigger_target_dag.py
[2026-01-09T12:18:41.216+0000] {logging_mixin.py:188} INFO - [2026-01-09T12:18:41.215+0000] {dag.py:3036} INFO - Sync 1 DAGs
[2026-01-09T12:18:41.243+0000] {logging_mixin.py:188} INFO - [2026-01-09T12:18:41.242+0000] {dag.py:3823} INFO - Setting next_dagrun for example_trigger_target_dag to None, run_after=None
[2026-01-09T12:18:41.290+0000] {processor.py:183} INFO - Processing /home/airflow/.local/lib/python3.8/site-packages/airflow/example_dags/example_trigger_target_dag.py took 0.142 seconds
[2026-01-09T12:19:11.461+0000] {processor.py:161} INFO - Started process (PID=5307) to work on /home/airflow/.local/lib/python3.8/site-packages/airflow/example_dags/example_trigger_target_dag.py
[2026-01-09T12:19:11.463+0000] {processor.py:830} INFO - Processing file /home/airflow/.local/lib/python3.8/site-packages/airflow/example_dags/example_trigger_target_dag.py for tasks to queue
[2026-01-09T12:19:11.464+0000] {logging_mixin.py:188} INFO - [2026-01-09T12:19:11.464+0000] {dagbag.py:538} INFO - Filling up the DagBag from /home/airflow/.local/lib/python3.8/site-packages/airflow/example_dags/example_trigger_target_dag.py
[2026-01-09T12:19:11.479+0000] {processor.py:840} INFO - DAG(s) 'example_trigger_target_dag' retrieved from /home/airflow/.local/lib/python3.8/site-packages/airflow/example_dags/example_trigger_target_dag.py
[2026-01-09T12:19:11.526+0000] {logging_mixin.py:188} INFO - [2026-01-09T12:19:11.526+0000] {dag.py:3036} INFO - Sync 1 DAGs
[2026-01-09T12:19:11.548+0000] {logging_mixin.py:188} INFO - [2026-01-09T12:19:11.547+0000] {dag.py:3823} INFO - Setting next_dagrun for example_trigger_target_dag to None, run_after=None
[2026-01-09T12:19:11.599+0000] {processor.py:183} INFO - Processing /home/airflow/.local/lib/python3.8/site-packages/airflow/example_dags/example_trigger_target_dag.py took 0.146 seconds
[2026-01-09T12:19:42.087+0000] {processor.py:161} INFO - Started process (PID=5549) to work on /home/airflow/.local/lib/python3.8/site-packages/airflow/example_dags/example_trigger_target_dag.py
[2026-01-09T12:19:42.089+0000] {processor.py:830} INFO - Processing file /home/airflow/.local/lib/python3.8/site-packages/airflow/example_dags/example_trigger_target_dag.py for tasks to queue
[2026-01-09T12:19:42.091+0000] {logging_mixin.py:188} INFO - [2026-01-09T12:19:42.091+0000] {dagbag.py:538} INFO - Filling up the DagBag from /home/airflow/.local/lib/python3.8/site-packages/airflow/example_dags/example_trigger_target_dag.py
[2026-01-09T12:19:42.104+0000] {processor.py:840} INFO - DAG(s) 'example_trigger_target_dag' retrieved from /home/airflow/.local/lib/python3.8/site-packages/airflow/example_dags/example_trigger_target_dag.py
[2026-01-09T12:19:42.146+0000] {logging_mixin.py:188} INFO - [2026-01-09T12:19:42.146+0000] {dag.py:3036} INFO - Sync 1 DAGs
[2026-01-09T12:19:42.169+0000] {logging_mixin.py:188} INFO - [2026-01-09T12:19:42.169+0000] {dag.py:3823} INFO - Setting next_dagrun for example_trigger_target_dag to None, run_after=None
[2026-01-09T12:19:42.216+0000] {processor.py:183} INFO - Processing /home/airflow/.local/lib/python3.8/site-packages/airflow/example_dags/example_trigger_target_dag.py took 0.137 seconds
[2026-01-09T12:20:12.920+0000] {processor.py:161} INFO - Started process (PID=5801) to work on /home/airflow/.local/lib/python3.8/site-packages/airflow/example_dags/example_trigger_target_dag.py
[2026-01-09T12:20:12.942+0000] {processor.py:830} INFO - Processing file /home/airflow/.local/lib/python3.8/site-packages/airflow/example_dags/example_trigger_target_dag.py for tasks to queue
[2026-01-09T12:20:12.944+0000] {logging_mixin.py:188} INFO - [2026-01-09T12:20:12.943+0000] {dagbag.py:538} INFO - Filling up the DagBag from /home/airflow/.local/lib/python3.8/site-packages/airflow/example_dags/example_trigger_target_dag.py
[2026-01-09T12:20:12.959+0000] {processor.py:840} INFO - DAG(s) 'example_trigger_target_dag' retrieved from /home/airflow/.local/lib/python3.8/site-packages/airflow/example_dags/example_trigger_target_dag.py
[2026-01-09T12:20:12.998+0000] {logging_mixin.py:188} INFO - [2026-01-09T12:20:12.998+0000] {dag.py:3036} INFO - Sync 1 DAGs
[2026-01-09T12:20:13.019+0000] {logging_mixin.py:188} INFO - [2026-01-09T12:20:13.019+0000] {dag.py:3823} INFO - Setting next_dagrun for example_trigger_target_dag to None, run_after=None
[2026-01-09T12:20:13.104+0000] {processor.py:183} INFO - Processing /home/airflow/.local/lib/python3.8/site-packages/airflow/example_dags/example_trigger_target_dag.py took 0.190 seconds
[2026-01-09T12:20:43.952+0000] {processor.py:161} INFO - Started process (PID=6048) to work on /home/airflow/.local/lib/python3.8/site-packages/airflow/example_dags/example_trigger_target_dag.py
[2026-01-09T12:20:43.954+0000] {processor.py:830} INFO - Processing file /home/airflow/.local/lib/python3.8/site-packages/airflow/example_dags/example_trigger_target_dag.py for tasks to queue
[2026-01-09T12:20:43.956+0000] {logging_mixin.py:188} INFO - [2026-01-09T12:20:43.956+0000] {dagbag.py:538} INFO - Filling up the DagBag from /home/airflow/.local/lib/python3.8/site-packages/airflow/example_dags/example_trigger_target_dag.py
[2026-01-09T12:20:43.968+0000] {processor.py:840} INFO - DAG(s) 'example_trigger_target_dag' retrieved from /home/airflow/.local/lib/python3.8/site-packages/airflow/example_dags/example_trigger_target_dag.py
[2026-01-09T12:20:44.011+0000] {logging_mixin.py:188} INFO - [2026-01-09T12:20:44.010+0000] {dag.py:3036} INFO - Sync 1 DAGs
[2026-01-09T12:20:44.036+0000] {logging_mixin.py:188} INFO - [2026-01-09T12:20:44.035+0000] {dag.py:3823} INFO - Setting next_dagrun for example_trigger_target_dag to None, run_after=None
[2026-01-09T12:20:44.078+0000] {processor.py:183} INFO - Processing /home/airflow/.local/lib/python3.8/site-packages/airflow/example_dags/example_trigger_target_dag.py took 0.134 seconds
[2026-01-09T12:21:14.507+0000] {processor.py:161} INFO - Started process (PID=6295) to work on /home/airflow/.local/lib/python3.8/site-packages/airflow/example_dags/example_trigger_target_dag.py
[2026-01-09T12:21:14.511+0000] {processor.py:830} INFO - Processing file /home/airflow/.local/lib/python3.8/site-packages/airflow/example_dags/example_trigger_target_dag.py for tasks to queue
[2026-01-09T12:21:14.513+0000] {logging_mixin.py:188} INFO - [2026-01-09T12:21:14.512+0000] {dagbag.py:538} INFO - Filling up the DagBag from /home/airflow/.local/lib/python3.8/site-packages/airflow/example_dags/example_trigger_target_dag.py
[2026-01-09T12:21:14.525+0000] {processor.py:840} INFO - DAG(s) 'example_trigger_target_dag' retrieved from /home/airflow/.local/lib/python3.8/site-packages/airflow/example_dags/example_trigger_target_dag.py
[2026-01-09T12:21:14.573+0000] {logging_mixin.py:188} INFO - [2026-01-09T12:21:14.573+0000] {dag.py:3036} INFO - Sync 1 DAGs
[2026-01-09T12:21:14.597+0000] {logging_mixin.py:188} INFO - [2026-01-09T12:21:14.596+0000] {dag.py:3823} INFO - Setting next_dagrun for example_trigger_target_dag to None, run_after=None
[2026-01-09T12:21:14.642+0000] {processor.py:183} INFO - Processing /home/airflow/.local/lib/python3.8/site-packages/airflow/example_dags/example_trigger_target_dag.py took 0.147 seconds
[2026-01-09T12:21:45.183+0000] {processor.py:161} INFO - Started process (PID=6537) to work on /home/airflow/.local/lib/python3.8/site-packages/airflow/example_dags/example_trigger_target_dag.py
[2026-01-09T12:21:45.185+0000] {processor.py:830} INFO - Processing file /home/airflow/.local/lib/python3.8/site-packages/airflow/example_dags/example_trigger_target_dag.py for tasks to queue
[2026-01-09T12:21:45.187+0000] {logging_mixin.py:188} INFO - [2026-01-09T12:21:45.187+0000] {dagbag.py:538} INFO - Filling up the DagBag from /home/airflow/.local/lib/python3.8/site-packages/airflow/example_dags/example_trigger_target_dag.py
[2026-01-09T12:21:45.198+0000] {processor.py:840} INFO - DAG(s) 'example_trigger_target_dag' retrieved from /home/airflow/.local/lib/python3.8/site-packages/airflow/example_dags/example_trigger_target_dag.py
[2026-01-09T12:21:45.242+0000] {logging_mixin.py:188} INFO - [2026-01-09T12:21:45.242+0000] {dag.py:3036} INFO - Sync 1 DAGs
[2026-01-09T12:21:45.270+0000] {logging_mixin.py:188} INFO - [2026-01-09T12:21:45.270+0000] {dag.py:3823} INFO - Setting next_dagrun for example_trigger_target_dag to None, run_after=None
[2026-01-09T12:21:45.320+0000] {processor.py:183} INFO - Processing /home/airflow/.local/lib/python3.8/site-packages/airflow/example_dags/example_trigger_target_dag.py took 0.144 seconds
[2026-01-09T12:22:16.123+0000] {processor.py:161} INFO - Started process (PID=6785) to work on /home/airflow/.local/lib/python3.8/site-packages/airflow/example_dags/example_trigger_target_dag.py
[2026-01-09T12:22:16.125+0000] {processor.py:830} INFO - Processing file /home/airflow/.local/lib/python3.8/site-packages/airflow/example_dags/example_trigger_target_dag.py for tasks to queue
[2026-01-09T12:22:16.127+0000] {logging_mixin.py:188} INFO - [2026-01-09T12:22:16.126+0000] {dagbag.py:538} INFO - Filling up the DagBag from /home/airflow/.local/lib/python3.8/site-packages/airflow/example_dags/example_trigger_target_dag.py
[2026-01-09T12:22:16.138+0000] {processor.py:840} INFO - DAG(s) 'example_trigger_target_dag' retrieved from /home/airflow/.local/lib/python3.8/site-packages/airflow/example_dags/example_trigger_target_dag.py
[2026-01-09T12:22:16.181+0000] {logging_mixin.py:188} INFO - [2026-01-09T12:22:16.181+0000] {dag.py:3036} INFO - Sync 1 DAGs
[2026-01-09T12:22:16.210+0000] {logging_mixin.py:188} INFO - [2026-01-09T12:22:16.209+0000] {dag.py:3823} INFO - Setting next_dagrun for example_trigger_target_dag to None, run_after=None
[2026-01-09T12:22:16.257+0000] {processor.py:183} INFO - Processing /home/airflow/.local/lib/python3.8/site-packages/airflow/example_dags/example_trigger_target_dag.py took 0.141 seconds
[2026-01-09T12:22:46.615+0000] {processor.py:161} INFO - Started process (PID=7029) to work on /home/airflow/.local/lib/python3.8/site-packages/airflow/example_dags/example_trigger_target_dag.py
[2026-01-09T12:22:46.617+0000] {processor.py:830} INFO - Processing file /home/airflow/.local/lib/python3.8/site-packages/airflow/example_dags/example_trigger_target_dag.py for tasks to queue
[2026-01-09T12:22:46.619+0000] {logging_mixin.py:188} INFO - [2026-01-09T12:22:46.619+0000] {dagbag.py:538} INFO - Filling up the DagBag from /home/airflow/.local/lib/python3.8/site-packages/airflow/example_dags/example_trigger_target_dag.py
[2026-01-09T12:22:46.634+0000] {processor.py:840} INFO - DAG(s) 'example_trigger_target_dag' retrieved from /home/airflow/.local/lib/python3.8/site-packages/airflow/example_dags/example_trigger_target_dag.py
[2026-01-09T12:22:46.683+0000] {logging_mixin.py:188} INFO - [2026-01-09T12:22:46.682+0000] {dag.py:3036} INFO - Sync 1 DAGs
[2026-01-09T12:22:46.706+0000] {logging_mixin.py:188} INFO - [2026-01-09T12:22:46.706+0000] {dag.py:3823} INFO - Setting next_dagrun for example_trigger_target_dag to None, run_after=None
[2026-01-09T12:22:46.757+0000] {processor.py:183} INFO - Processing /home/airflow/.local/lib/python3.8/site-packages/airflow/example_dags/example_trigger_target_dag.py took 0.150 seconds
[2026-01-09T12:23:16.971+0000] {processor.py:161} INFO - Started process (PID=7276) to work on /home/airflow/.local/lib/python3.8/site-packages/airflow/example_dags/example_trigger_target_dag.py
[2026-01-09T12:23:16.975+0000] {processor.py:830} INFO - Processing file /home/airflow/.local/lib/python3.8/site-packages/airflow/example_dags/example_trigger_target_dag.py for tasks to queue
[2026-01-09T12:23:16.977+0000] {logging_mixin.py:188} INFO - [2026-01-09T12:23:16.976+0000] {dagbag.py:538} INFO - Filling up the DagBag from /home/airflow/.local/lib/python3.8/site-packages/airflow/example_dags/example_trigger_target_dag.py
[2026-01-09T12:23:16.990+0000] {processor.py:840} INFO - DAG(s) 'example_trigger_target_dag' retrieved from /home/airflow/.local/lib/python3.8/site-packages/airflow/example_dags/example_trigger_target_dag.py
[2026-01-09T12:23:17.038+0000] {logging_mixin.py:188} INFO - [2026-01-09T12:23:17.037+0000] {dag.py:3036} INFO - Sync 1 DAGs
[2026-01-09T12:23:17.065+0000] {logging_mixin.py:188} INFO - [2026-01-09T12:23:17.064+0000] {dag.py:3823} INFO - Setting next_dagrun for example_trigger_target_dag to None, run_after=None
[2026-01-09T12:23:17.115+0000] {processor.py:183} INFO - Processing /home/airflow/.local/lib/python3.8/site-packages/airflow/example_dags/example_trigger_target_dag.py took 0.151 seconds
[2026-01-09T12:23:47.180+0000] {processor.py:161} INFO - Started process (PID=7521) to work on /home/airflow/.local/lib/python3.8/site-packages/airflow/example_dags/example_trigger_target_dag.py
[2026-01-09T12:23:47.185+0000] {processor.py:830} INFO - Processing file /home/airflow/.local/lib/python3.8/site-packages/airflow/example_dags/example_trigger_target_dag.py for tasks to queue
[2026-01-09T12:23:47.187+0000] {logging_mixin.py:188} INFO - [2026-01-09T12:23:47.186+0000] {dagbag.py:538} INFO - Filling up the DagBag from /home/airflow/.local/lib/python3.8/site-packages/airflow/example_dags/example_trigger_target_dag.py
[2026-01-09T12:23:47.201+0000] {processor.py:840} INFO - DAG(s) 'example_trigger_target_dag' retrieved from /home/airflow/.local/lib/python3.8/site-packages/airflow/example_dags/example_trigger_target_dag.py
[2026-01-09T12:23:47.249+0000] {logging_mixin.py:188} INFO - [2026-01-09T12:23:47.248+0000] {dag.py:3036} INFO - Sync 1 DAGs
[2026-01-09T12:23:47.275+0000] {logging_mixin.py:188} INFO - [2026-01-09T12:23:47.275+0000] {dag.py:3823} INFO - Setting next_dagrun for example_trigger_target_dag to None, run_after=None
[2026-01-09T12:23:47.344+0000] {processor.py:183} INFO - Processing /home/airflow/.local/lib/python3.8/site-packages/airflow/example_dags/example_trigger_target_dag.py took 0.171 seconds
[2026-01-09T12:24:17.718+0000] {processor.py:161} INFO - Started process (PID=7771) to work on /home/airflow/.local/lib/python3.8/site-packages/airflow/example_dags/example_trigger_target_dag.py
[2026-01-09T12:24:17.735+0000] {processor.py:830} INFO - Processing file /home/airflow/.local/lib/python3.8/site-packages/airflow/example_dags/example_trigger_target_dag.py for tasks to queue
[2026-01-09T12:24:17.738+0000] {logging_mixin.py:188} INFO - [2026-01-09T12:24:17.737+0000] {dagbag.py:538} INFO - Filling up the DagBag from /home/airflow/.local/lib/python3.8/site-packages/airflow/example_dags/example_trigger_target_dag.py
[2026-01-09T12:24:17.751+0000] {processor.py:840} INFO - DAG(s) 'example_trigger_target_dag' retrieved from /home/airflow/.local/lib/python3.8/site-packages/airflow/example_dags/example_trigger_target_dag.py
[2026-01-09T12:24:17.792+0000] {logging_mixin.py:188} INFO - [2026-01-09T12:24:17.792+0000] {dag.py:3036} INFO - Sync 1 DAGs
[2026-01-09T12:24:17.815+0000] {logging_mixin.py:188} INFO - [2026-01-09T12:24:17.814+0000] {dag.py:3823} INFO - Setting next_dagrun for example_trigger_target_dag to None, run_after=None
[2026-01-09T12:24:17.858+0000] {processor.py:183} INFO - Processing /home/airflow/.local/lib/python3.8/site-packages/airflow/example_dags/example_trigger_target_dag.py took 0.146 seconds
[2026-01-09T12:24:48.180+0000] {processor.py:161} INFO - Started process (PID=8018) to work on /home/airflow/.local/lib/python3.8/site-packages/airflow/example_dags/example_trigger_target_dag.py
[2026-01-09T12:24:48.184+0000] {processor.py:830} INFO - Processing file /home/airflow/.local/lib/python3.8/site-packages/airflow/example_dags/example_trigger_target_dag.py for tasks to queue
[2026-01-09T12:24:48.185+0000] {logging_mixin.py:188} INFO - [2026-01-09T12:24:48.185+0000] {dagbag.py:538} INFO - Filling up the DagBag from /home/airflow/.local/lib/python3.8/site-packages/airflow/example_dags/example_trigger_target_dag.py
[2026-01-09T12:24:48.196+0000] {processor.py:840} INFO - DAG(s) 'example_trigger_target_dag' retrieved from /home/airflow/.local/lib/python3.8/site-packages/airflow/example_dags/example_trigger_target_dag.py
[2026-01-09T12:24:48.237+0000] {logging_mixin.py:188} INFO - [2026-01-09T12:24:48.236+0000] {dag.py:3036} INFO - Sync 1 DAGs
[2026-01-09T12:24:48.259+0000] {logging_mixin.py:188} INFO - [2026-01-09T12:24:48.258+0000] {dag.py:3823} INFO - Setting next_dagrun for example_trigger_target_dag to None, run_after=None
[2026-01-09T12:24:48.306+0000] {processor.py:183} INFO - Processing /home/airflow/.local/lib/python3.8/site-packages/airflow/example_dags/example_trigger_target_dag.py took 0.135 seconds
[2026-01-09T12:25:19.085+0000] {processor.py:161} INFO - Started process (PID=8263) to work on /home/airflow/.local/lib/python3.8/site-packages/airflow/example_dags/example_trigger_target_dag.py
[2026-01-09T12:25:19.087+0000] {processor.py:830} INFO - Processing file /home/airflow/.local/lib/python3.8/site-packages/airflow/example_dags/example_trigger_target_dag.py for tasks to queue
[2026-01-09T12:25:19.089+0000] {logging_mixin.py:188} INFO - [2026-01-09T12:25:19.088+0000] {dagbag.py:538} INFO - Filling up the DagBag from /home/airflow/.local/lib/python3.8/site-packages/airflow/example_dags/example_trigger_target_dag.py
[2026-01-09T12:25:19.103+0000] {processor.py:840} INFO - DAG(s) 'example_trigger_target_dag' retrieved from /home/airflow/.local/lib/python3.8/site-packages/airflow/example_dags/example_trigger_target_dag.py
[2026-01-09T12:25:19.150+0000] {logging_mixin.py:188} INFO - [2026-01-09T12:25:19.149+0000] {dag.py:3036} INFO - Sync 1 DAGs
[2026-01-09T12:25:19.172+0000] {logging_mixin.py:188} INFO - [2026-01-09T12:25:19.171+0000] {dag.py:3823} INFO - Setting next_dagrun for example_trigger_target_dag to None, run_after=None
[2026-01-09T12:25:19.216+0000] {processor.py:183} INFO - Processing /home/airflow/.local/lib/python3.8/site-packages/airflow/example_dags/example_trigger_target_dag.py took 0.139 seconds
[2026-01-09T12:25:49.600+0000] {processor.py:161} INFO - Started process (PID=8511) to work on /home/airflow/.local/lib/python3.8/site-packages/airflow/example_dags/example_trigger_target_dag.py
[2026-01-09T12:25:49.601+0000] {processor.py:830} INFO - Processing file /home/airflow/.local/lib/python3.8/site-packages/airflow/example_dags/example_trigger_target_dag.py for tasks to queue
[2026-01-09T12:25:49.603+0000] {logging_mixin.py:188} INFO - [2026-01-09T12:25:49.602+0000] {dagbag.py:538} INFO - Filling up the DagBag from /home/airflow/.local/lib/python3.8/site-packages/airflow/example_dags/example_trigger_target_dag.py
[2026-01-09T12:25:49.613+0000] {processor.py:840} INFO - DAG(s) 'example_trigger_target_dag' retrieved from /home/airflow/.local/lib/python3.8/site-packages/airflow/example_dags/example_trigger_target_dag.py
[2026-01-09T12:25:49.651+0000] {logging_mixin.py:188} INFO - [2026-01-09T12:25:49.651+0000] {dag.py:3036} INFO - Sync 1 DAGs
[2026-01-09T12:25:49.670+0000] {logging_mixin.py:188} INFO - [2026-01-09T12:25:49.670+0000] {dag.py:3823} INFO - Setting next_dagrun for example_trigger_target_dag to None, run_after=None
[2026-01-09T12:25:49.714+0000] {processor.py:183} INFO - Processing /home/airflow/.local/lib/python3.8/site-packages/airflow/example_dags/example_trigger_target_dag.py took 0.119 seconds
[2026-01-09T12:26:20.480+0000] {processor.py:161} INFO - Started process (PID=8758) to work on /home/airflow/.local/lib/python3.8/site-packages/airflow/example_dags/example_trigger_target_dag.py
[2026-01-09T12:26:20.482+0000] {processor.py:830} INFO - Processing file /home/airflow/.local/lib/python3.8/site-packages/airflow/example_dags/example_trigger_target_dag.py for tasks to queue
[2026-01-09T12:26:20.483+0000] {logging_mixin.py:188} INFO - [2026-01-09T12:26:20.483+0000] {dagbag.py:538} INFO - Filling up the DagBag from /home/airflow/.local/lib/python3.8/site-packages/airflow/example_dags/example_trigger_target_dag.py
[2026-01-09T12:26:20.495+0000] {processor.py:840} INFO - DAG(s) 'example_trigger_target_dag' retrieved from /home/airflow/.local/lib/python3.8/site-packages/airflow/example_dags/example_trigger_target_dag.py
[2026-01-09T12:26:20.533+0000] {logging_mixin.py:188} INFO - [2026-01-09T12:26:20.533+0000] {dag.py:3036} INFO - Sync 1 DAGs
[2026-01-09T12:26:20.554+0000] {logging_mixin.py:188} INFO - [2026-01-09T12:26:20.553+0000] {dag.py:3823} INFO - Setting next_dagrun for example_trigger_target_dag to None, run_after=None
[2026-01-09T12:26:20.594+0000] {processor.py:183} INFO - Processing /home/airflow/.local/lib/python3.8/site-packages/airflow/example_dags/example_trigger_target_dag.py took 0.121 seconds
[2026-01-09T12:26:51.218+0000] {processor.py:161} INFO - Started process (PID=9005) to work on /home/airflow/.local/lib/python3.8/site-packages/airflow/example_dags/example_trigger_target_dag.py
[2026-01-09T12:26:51.232+0000] {processor.py:830} INFO - Processing file /home/airflow/.local/lib/python3.8/site-packages/airflow/example_dags/example_trigger_target_dag.py for tasks to queue
[2026-01-09T12:26:51.234+0000] {logging_mixin.py:188} INFO - [2026-01-09T12:26:51.233+0000] {dagbag.py:538} INFO - Filling up the DagBag from /home/airflow/.local/lib/python3.8/site-packages/airflow/example_dags/example_trigger_target_dag.py
[2026-01-09T12:26:51.248+0000] {processor.py:840} INFO - DAG(s) 'example_trigger_target_dag' retrieved from /home/airflow/.local/lib/python3.8/site-packages/airflow/example_dags/example_trigger_target_dag.py
[2026-01-09T12:26:51.293+0000] {logging_mixin.py:188} INFO - [2026-01-09T12:26:51.292+0000] {dag.py:3036} INFO - Sync 1 DAGs
[2026-01-09T12:26:51.315+0000] {logging_mixin.py:188} INFO - [2026-01-09T12:26:51.315+0000] {dag.py:3823} INFO - Setting next_dagrun for example_trigger_target_dag to None, run_after=None
[2026-01-09T12:26:51.475+0000] {processor.py:183} INFO - Processing /home/airflow/.local/lib/python3.8/site-packages/airflow/example_dags/example_trigger_target_dag.py took 0.264 seconds
[2026-01-09T12:27:21.819+0000] {processor.py:161} INFO - Started process (PID=9254) to work on /home/airflow/.local/lib/python3.8/site-packages/airflow/example_dags/example_trigger_target_dag.py
[2026-01-09T12:27:21.821+0000] {processor.py:830} INFO - Processing file /home/airflow/.local/lib/python3.8/site-packages/airflow/example_dags/example_trigger_target_dag.py for tasks to queue
[2026-01-09T12:27:21.822+0000] {logging_mixin.py:188} INFO - [2026-01-09T12:27:21.822+0000] {dagbag.py:538} INFO - Filling up the DagBag from /home/airflow/.local/lib/python3.8/site-packages/airflow/example_dags/example_trigger_target_dag.py
[2026-01-09T12:27:21.831+0000] {processor.py:840} INFO - DAG(s) 'example_trigger_target_dag' retrieved from /home/airflow/.local/lib/python3.8/site-packages/airflow/example_dags/example_trigger_target_dag.py
[2026-01-09T12:27:21.874+0000] {logging_mixin.py:188} INFO - [2026-01-09T12:27:21.874+0000] {dag.py:3036} INFO - Sync 1 DAGs
[2026-01-09T12:27:21.897+0000] {logging_mixin.py:188} INFO - [2026-01-09T12:27:21.897+0000] {dag.py:3823} INFO - Setting next_dagrun for example_trigger_target_dag to None, run_after=None
[2026-01-09T12:27:21.935+0000] {processor.py:183} INFO - Processing /home/airflow/.local/lib/python3.8/site-packages/airflow/example_dags/example_trigger_target_dag.py took 0.122 seconds
[2026-01-09T12:27:52.847+0000] {processor.py:161} INFO - Started process (PID=9499) to work on /home/airflow/.local/lib/python3.8/site-packages/airflow/example_dags/example_trigger_target_dag.py
[2026-01-09T12:27:52.851+0000] {processor.py:830} INFO - Processing file /home/airflow/.local/lib/python3.8/site-packages/airflow/example_dags/example_trigger_target_dag.py for tasks to queue
[2026-01-09T12:27:52.854+0000] {logging_mixin.py:188} INFO - [2026-01-09T12:27:52.853+0000] {dagbag.py:538} INFO - Filling up the DagBag from /home/airflow/.local/lib/python3.8/site-packages/airflow/example_dags/example_trigger_target_dag.py
[2026-01-09T12:27:52.867+0000] {processor.py:840} INFO - DAG(s) 'example_trigger_target_dag' retrieved from /home/airflow/.local/lib/python3.8/site-packages/airflow/example_dags/example_trigger_target_dag.py
[2026-01-09T12:27:52.914+0000] {logging_mixin.py:188} INFO - [2026-01-09T12:27:52.914+0000] {dag.py:3036} INFO - Sync 1 DAGs
[2026-01-09T12:27:52.941+0000] {logging_mixin.py:188} INFO - [2026-01-09T12:27:52.941+0000] {dag.py:3823} INFO - Setting next_dagrun for example_trigger_target_dag to None, run_after=None
[2026-01-09T12:27:52.991+0000] {processor.py:183} INFO - Processing /home/airflow/.local/lib/python3.8/site-packages/airflow/example_dags/example_trigger_target_dag.py took 0.152 seconds
[2026-01-09T12:28:24.600+0000] {processor.py:161} INFO - Started process (PID=9759) to work on /home/airflow/.local/lib/python3.8/site-packages/airflow/example_dags/example_trigger_target_dag.py
[2026-01-09T12:28:24.611+0000] {processor.py:830} INFO - Processing file /home/airflow/.local/lib/python3.8/site-packages/airflow/example_dags/example_trigger_target_dag.py for tasks to queue
[2026-01-09T12:28:24.613+0000] {logging_mixin.py:188} INFO - [2026-01-09T12:28:24.612+0000] {dagbag.py:538} INFO - Filling up the DagBag from /home/airflow/.local/lib/python3.8/site-packages/airflow/example_dags/example_trigger_target_dag.py
[2026-01-09T12:28:24.626+0000] {processor.py:840} INFO - DAG(s) 'example_trigger_target_dag' retrieved from /home/airflow/.local/lib/python3.8/site-packages/airflow/example_dags/example_trigger_target_dag.py
[2026-01-09T12:28:24.673+0000] {logging_mixin.py:188} INFO - [2026-01-09T12:28:24.673+0000] {dag.py:3036} INFO - Sync 1 DAGs
[2026-01-09T12:28:24.698+0000] {logging_mixin.py:188} INFO - [2026-01-09T12:28:24.698+0000] {dag.py:3823} INFO - Setting next_dagrun for example_trigger_target_dag to None, run_after=None
[2026-01-09T12:28:24.887+0000] {processor.py:183} INFO - Processing /home/airflow/.local/lib/python3.8/site-packages/airflow/example_dags/example_trigger_target_dag.py took 0.297 seconds
[2026-01-09T12:28:55.371+0000] {processor.py:161} INFO - Started process (PID=10009) to work on /home/airflow/.local/lib/python3.8/site-packages/airflow/example_dags/example_trigger_target_dag.py
[2026-01-09T12:28:55.373+0000] {processor.py:830} INFO - Processing file /home/airflow/.local/lib/python3.8/site-packages/airflow/example_dags/example_trigger_target_dag.py for tasks to queue
[2026-01-09T12:28:55.375+0000] {logging_mixin.py:188} INFO - [2026-01-09T12:28:55.375+0000] {dagbag.py:538} INFO - Filling up the DagBag from /home/airflow/.local/lib/python3.8/site-packages/airflow/example_dags/example_trigger_target_dag.py
[2026-01-09T12:28:55.388+0000] {processor.py:840} INFO - DAG(s) 'example_trigger_target_dag' retrieved from /home/airflow/.local/lib/python3.8/site-packages/airflow/example_dags/example_trigger_target_dag.py
[2026-01-09T12:28:55.439+0000] {logging_mixin.py:188} INFO - [2026-01-09T12:28:55.438+0000] {dag.py:3036} INFO - Sync 1 DAGs
[2026-01-09T12:28:55.468+0000] {logging_mixin.py:188} INFO - [2026-01-09T12:28:55.467+0000] {dag.py:3823} INFO - Setting next_dagrun for example_trigger_target_dag to None, run_after=None
[2026-01-09T12:28:55.526+0000] {processor.py:183} INFO - Processing /home/airflow/.local/lib/python3.8/site-packages/airflow/example_dags/example_trigger_target_dag.py took 0.161 seconds
[2026-01-09T12:29:26.444+0000] {processor.py:161} INFO - Started process (PID=10256) to work on /home/airflow/.local/lib/python3.8/site-packages/airflow/example_dags/example_trigger_target_dag.py
[2026-01-09T12:29:26.447+0000] {processor.py:830} INFO - Processing file /home/airflow/.local/lib/python3.8/site-packages/airflow/example_dags/example_trigger_target_dag.py for tasks to queue
[2026-01-09T12:29:26.449+0000] {logging_mixin.py:188} INFO - [2026-01-09T12:29:26.448+0000] {dagbag.py:538} INFO - Filling up the DagBag from /home/airflow/.local/lib/python3.8/site-packages/airflow/example_dags/example_trigger_target_dag.py
[2026-01-09T12:29:26.459+0000] {processor.py:840} INFO - DAG(s) 'example_trigger_target_dag' retrieved from /home/airflow/.local/lib/python3.8/site-packages/airflow/example_dags/example_trigger_target_dag.py
[2026-01-09T12:29:26.500+0000] {logging_mixin.py:188} INFO - [2026-01-09T12:29:26.500+0000] {dag.py:3036} INFO - Sync 1 DAGs
[2026-01-09T12:29:26.526+0000] {logging_mixin.py:188} INFO - [2026-01-09T12:29:26.525+0000] {dag.py:3823} INFO - Setting next_dagrun for example_trigger_target_dag to None, run_after=None
[2026-01-09T12:29:26.569+0000] {processor.py:183} INFO - Processing /home/airflow/.local/lib/python3.8/site-packages/airflow/example_dags/example_trigger_target_dag.py took 0.131 seconds
[2026-01-09T12:29:56.924+0000] {processor.py:161} INFO - Started process (PID=10499) to work on /home/airflow/.local/lib/python3.8/site-packages/airflow/example_dags/example_trigger_target_dag.py
[2026-01-09T12:29:56.926+0000] {processor.py:830} INFO - Processing file /home/airflow/.local/lib/python3.8/site-packages/airflow/example_dags/example_trigger_target_dag.py for tasks to queue
[2026-01-09T12:29:56.928+0000] {logging_mixin.py:188} INFO - [2026-01-09T12:29:56.927+0000] {dagbag.py:538} INFO - Filling up the DagBag from /home/airflow/.local/lib/python3.8/site-packages/airflow/example_dags/example_trigger_target_dag.py
[2026-01-09T12:29:56.942+0000] {processor.py:840} INFO - DAG(s) 'example_trigger_target_dag' retrieved from /home/airflow/.local/lib/python3.8/site-packages/airflow/example_dags/example_trigger_target_dag.py
[2026-01-09T12:29:56.985+0000] {logging_mixin.py:188} INFO - [2026-01-09T12:29:56.984+0000] {dag.py:3036} INFO - Sync 1 DAGs
[2026-01-09T12:29:57.009+0000] {logging_mixin.py:188} INFO - [2026-01-09T12:29:57.008+0000] {dag.py:3823} INFO - Setting next_dagrun for example_trigger_target_dag to None, run_after=None
[2026-01-09T12:29:57.044+0000] {processor.py:183} INFO - Processing /home/airflow/.local/lib/python3.8/site-packages/airflow/example_dags/example_trigger_target_dag.py took 0.129 seconds
[2026-01-09T12:30:27.605+0000] {processor.py:161} INFO - Started process (PID=10746) to work on /home/airflow/.local/lib/python3.8/site-packages/airflow/example_dags/example_trigger_target_dag.py
[2026-01-09T12:30:27.607+0000] {processor.py:830} INFO - Processing file /home/airflow/.local/lib/python3.8/site-packages/airflow/example_dags/example_trigger_target_dag.py for tasks to queue
[2026-01-09T12:30:27.609+0000] {logging_mixin.py:188} INFO - [2026-01-09T12:30:27.608+0000] {dagbag.py:538} INFO - Filling up the DagBag from /home/airflow/.local/lib/python3.8/site-packages/airflow/example_dags/example_trigger_target_dag.py
[2026-01-09T12:30:27.618+0000] {processor.py:840} INFO - DAG(s) 'example_trigger_target_dag' retrieved from /home/airflow/.local/lib/python3.8/site-packages/airflow/example_dags/example_trigger_target_dag.py
[2026-01-09T12:30:27.652+0000] {logging_mixin.py:188} INFO - [2026-01-09T12:30:27.651+0000] {dag.py:3036} INFO - Sync 1 DAGs
[2026-01-09T12:30:27.671+0000] {logging_mixin.py:188} INFO - [2026-01-09T12:30:27.671+0000] {dag.py:3823} INFO - Setting next_dagrun for example_trigger_target_dag to None, run_after=None
[2026-01-09T12:30:27.710+0000] {processor.py:183} INFO - Processing /home/airflow/.local/lib/python3.8/site-packages/airflow/example_dags/example_trigger_target_dag.py took 0.110 seconds
[2026-01-09T12:30:59.397+0000] {processor.py:161} INFO - Started process (PID=10998) to work on /home/airflow/.local/lib/python3.8/site-packages/airflow/example_dags/example_trigger_target_dag.py
[2026-01-09T12:30:59.399+0000] {processor.py:830} INFO - Processing file /home/airflow/.local/lib/python3.8/site-packages/airflow/example_dags/example_trigger_target_dag.py for tasks to queue
[2026-01-09T12:30:59.400+0000] {logging_mixin.py:188} INFO - [2026-01-09T12:30:59.400+0000] {dagbag.py:538} INFO - Filling up the DagBag from /home/airflow/.local/lib/python3.8/site-packages/airflow/example_dags/example_trigger_target_dag.py
[2026-01-09T12:30:59.414+0000] {processor.py:840} INFO - DAG(s) 'example_trigger_target_dag' retrieved from /home/airflow/.local/lib/python3.8/site-packages/airflow/example_dags/example_trigger_target_dag.py
[2026-01-09T12:30:59.451+0000] {logging_mixin.py:188} INFO - [2026-01-09T12:30:59.450+0000] {dag.py:3036} INFO - Sync 1 DAGs
[2026-01-09T12:30:59.472+0000] {logging_mixin.py:188} INFO - [2026-01-09T12:30:59.472+0000] {dag.py:3823} INFO - Setting next_dagrun for example_trigger_target_dag to None, run_after=None
[2026-01-09T12:30:59.515+0000] {processor.py:183} INFO - Processing /home/airflow/.local/lib/python3.8/site-packages/airflow/example_dags/example_trigger_target_dag.py took 0.125 seconds
[2026-01-09T12:31:30.082+0000] {processor.py:161} INFO - Started process (PID=11244) to work on /home/airflow/.local/lib/python3.8/site-packages/airflow/example_dags/example_trigger_target_dag.py
[2026-01-09T12:31:30.084+0000] {processor.py:830} INFO - Processing file /home/airflow/.local/lib/python3.8/site-packages/airflow/example_dags/example_trigger_target_dag.py for tasks to queue
[2026-01-09T12:31:30.085+0000] {logging_mixin.py:188} INFO - [2026-01-09T12:31:30.085+0000] {dagbag.py:538} INFO - Filling up the DagBag from /home/airflow/.local/lib/python3.8/site-packages/airflow/example_dags/example_trigger_target_dag.py
[2026-01-09T12:31:30.095+0000] {processor.py:840} INFO - DAG(s) 'example_trigger_target_dag' retrieved from /home/airflow/.local/lib/python3.8/site-packages/airflow/example_dags/example_trigger_target_dag.py
[2026-01-09T12:31:30.131+0000] {logging_mixin.py:188} INFO - [2026-01-09T12:31:30.131+0000] {dag.py:3036} INFO - Sync 1 DAGs
[2026-01-09T12:31:30.151+0000] {logging_mixin.py:188} INFO - [2026-01-09T12:31:30.150+0000] {dag.py:3823} INFO - Setting next_dagrun for example_trigger_target_dag to None, run_after=None
[2026-01-09T12:31:30.211+0000] {processor.py:183} INFO - Processing /home/airflow/.local/lib/python3.8/site-packages/airflow/example_dags/example_trigger_target_dag.py took 0.134 seconds
[2026-01-09T12:32:00.746+0000] {processor.py:161} INFO - Started process (PID=11491) to work on /home/airflow/.local/lib/python3.8/site-packages/airflow/example_dags/example_trigger_target_dag.py
[2026-01-09T12:32:00.748+0000] {processor.py:830} INFO - Processing file /home/airflow/.local/lib/python3.8/site-packages/airflow/example_dags/example_trigger_target_dag.py for tasks to queue
[2026-01-09T12:32:00.750+0000] {logging_mixin.py:188} INFO - [2026-01-09T12:32:00.750+0000] {dagbag.py:538} INFO - Filling up the DagBag from /home/airflow/.local/lib/python3.8/site-packages/airflow/example_dags/example_trigger_target_dag.py
[2026-01-09T12:32:00.762+0000] {processor.py:840} INFO - DAG(s) 'example_trigger_target_dag' retrieved from /home/airflow/.local/lib/python3.8/site-packages/airflow/example_dags/example_trigger_target_dag.py
[2026-01-09T12:32:00.805+0000] {logging_mixin.py:188} INFO - [2026-01-09T12:32:00.805+0000] {dag.py:3036} INFO - Sync 1 DAGs
[2026-01-09T12:32:00.827+0000] {logging_mixin.py:188} INFO - [2026-01-09T12:32:00.827+0000] {dag.py:3823} INFO - Setting next_dagrun for example_trigger_target_dag to None, run_after=None
[2026-01-09T12:32:00.867+0000] {processor.py:183} INFO - Processing /home/airflow/.local/lib/python3.8/site-packages/airflow/example_dags/example_trigger_target_dag.py took 0.129 seconds
[2026-01-09T12:32:31.835+0000] {processor.py:161} INFO - Started process (PID=11738) to work on /home/airflow/.local/lib/python3.8/site-packages/airflow/example_dags/example_trigger_target_dag.py
[2026-01-09T12:32:31.837+0000] {processor.py:830} INFO - Processing file /home/airflow/.local/lib/python3.8/site-packages/airflow/example_dags/example_trigger_target_dag.py for tasks to queue
[2026-01-09T12:32:31.839+0000] {logging_mixin.py:188} INFO - [2026-01-09T12:32:31.839+0000] {dagbag.py:538} INFO - Filling up the DagBag from /home/airflow/.local/lib/python3.8/site-packages/airflow/example_dags/example_trigger_target_dag.py
[2026-01-09T12:32:31.852+0000] {processor.py:840} INFO - DAG(s) 'example_trigger_target_dag' retrieved from /home/airflow/.local/lib/python3.8/site-packages/airflow/example_dags/example_trigger_target_dag.py
[2026-01-09T12:32:31.899+0000] {logging_mixin.py:188} INFO - [2026-01-09T12:32:31.898+0000] {dag.py:3036} INFO - Sync 1 DAGs
[2026-01-09T12:32:31.928+0000] {logging_mixin.py:188} INFO - [2026-01-09T12:32:31.927+0000] {dag.py:3823} INFO - Setting next_dagrun for example_trigger_target_dag to None, run_after=None
[2026-01-09T12:32:31.975+0000] {processor.py:183} INFO - Processing /home/airflow/.local/lib/python3.8/site-packages/airflow/example_dags/example_trigger_target_dag.py took 0.147 seconds
[2026-01-09T12:33:02.410+0000] {processor.py:161} INFO - Started process (PID=11979) to work on /home/airflow/.local/lib/python3.8/site-packages/airflow/example_dags/example_trigger_target_dag.py
[2026-01-09T12:33:02.412+0000] {processor.py:830} INFO - Processing file /home/airflow/.local/lib/python3.8/site-packages/airflow/example_dags/example_trigger_target_dag.py for tasks to queue
[2026-01-09T12:33:02.413+0000] {logging_mixin.py:188} INFO - [2026-01-09T12:33:02.413+0000] {dagbag.py:538} INFO - Filling up the DagBag from /home/airflow/.local/lib/python3.8/site-packages/airflow/example_dags/example_trigger_target_dag.py
[2026-01-09T12:33:02.424+0000] {processor.py:840} INFO - DAG(s) 'example_trigger_target_dag' retrieved from /home/airflow/.local/lib/python3.8/site-packages/airflow/example_dags/example_trigger_target_dag.py
[2026-01-09T12:33:02.463+0000] {logging_mixin.py:188} INFO - [2026-01-09T12:33:02.462+0000] {dag.py:3036} INFO - Sync 1 DAGs
[2026-01-09T12:33:02.486+0000] {logging_mixin.py:188} INFO - [2026-01-09T12:33:02.485+0000] {dag.py:3823} INFO - Setting next_dagrun for example_trigger_target_dag to None, run_after=None
[2026-01-09T12:33:02.539+0000] {processor.py:183} INFO - Processing /home/airflow/.local/lib/python3.8/site-packages/airflow/example_dags/example_trigger_target_dag.py took 0.137 seconds
[2026-01-09T12:33:32.832+0000] {processor.py:161} INFO - Started process (PID=12226) to work on /home/airflow/.local/lib/python3.8/site-packages/airflow/example_dags/example_trigger_target_dag.py
[2026-01-09T12:33:32.834+0000] {processor.py:830} INFO - Processing file /home/airflow/.local/lib/python3.8/site-packages/airflow/example_dags/example_trigger_target_dag.py for tasks to queue
[2026-01-09T12:33:32.836+0000] {logging_mixin.py:188} INFO - [2026-01-09T12:33:32.835+0000] {dagbag.py:538} INFO - Filling up the DagBag from /home/airflow/.local/lib/python3.8/site-packages/airflow/example_dags/example_trigger_target_dag.py
[2026-01-09T12:33:32.848+0000] {processor.py:840} INFO - DAG(s) 'example_trigger_target_dag' retrieved from /home/airflow/.local/lib/python3.8/site-packages/airflow/example_dags/example_trigger_target_dag.py
[2026-01-09T12:33:32.890+0000] {logging_mixin.py:188} INFO - [2026-01-09T12:33:32.890+0000] {dag.py:3036} INFO - Sync 1 DAGs
[2026-01-09T12:33:32.910+0000] {logging_mixin.py:188} INFO - [2026-01-09T12:33:32.910+0000] {dag.py:3823} INFO - Setting next_dagrun for example_trigger_target_dag to None, run_after=None
[2026-01-09T12:33:32.953+0000] {processor.py:183} INFO - Processing /home/airflow/.local/lib/python3.8/site-packages/airflow/example_dags/example_trigger_target_dag.py took 0.127 seconds
[2026-01-09T12:34:03.176+0000] {processor.py:161} INFO - Started process (PID=12473) to work on /home/airflow/.local/lib/python3.8/site-packages/airflow/example_dags/example_trigger_target_dag.py
[2026-01-09T12:34:03.178+0000] {processor.py:830} INFO - Processing file /home/airflow/.local/lib/python3.8/site-packages/airflow/example_dags/example_trigger_target_dag.py for tasks to queue
[2026-01-09T12:34:03.179+0000] {logging_mixin.py:188} INFO - [2026-01-09T12:34:03.179+0000] {dagbag.py:538} INFO - Filling up the DagBag from /home/airflow/.local/lib/python3.8/site-packages/airflow/example_dags/example_trigger_target_dag.py
[2026-01-09T12:34:03.192+0000] {processor.py:840} INFO - DAG(s) 'example_trigger_target_dag' retrieved from /home/airflow/.local/lib/python3.8/site-packages/airflow/example_dags/example_trigger_target_dag.py
[2026-01-09T12:34:03.236+0000] {logging_mixin.py:188} INFO - [2026-01-09T12:34:03.235+0000] {dag.py:3036} INFO - Sync 1 DAGs
[2026-01-09T12:34:03.270+0000] {logging_mixin.py:188} INFO - [2026-01-09T12:34:03.269+0000] {dag.py:3823} INFO - Setting next_dagrun for example_trigger_target_dag to None, run_after=None
[2026-01-09T12:34:03.318+0000] {processor.py:183} INFO - Processing /home/airflow/.local/lib/python3.8/site-packages/airflow/example_dags/example_trigger_target_dag.py took 0.151 seconds
[2026-01-09T12:34:33.932+0000] {processor.py:161} INFO - Started process (PID=12720) to work on /home/airflow/.local/lib/python3.8/site-packages/airflow/example_dags/example_trigger_target_dag.py
[2026-01-09T12:34:33.935+0000] {processor.py:830} INFO - Processing file /home/airflow/.local/lib/python3.8/site-packages/airflow/example_dags/example_trigger_target_dag.py for tasks to queue
[2026-01-09T12:34:33.937+0000] {logging_mixin.py:188} INFO - [2026-01-09T12:34:33.936+0000] {dagbag.py:538} INFO - Filling up the DagBag from /home/airflow/.local/lib/python3.8/site-packages/airflow/example_dags/example_trigger_target_dag.py
[2026-01-09T12:34:33.948+0000] {processor.py:840} INFO - DAG(s) 'example_trigger_target_dag' retrieved from /home/airflow/.local/lib/python3.8/site-packages/airflow/example_dags/example_trigger_target_dag.py
[2026-01-09T12:34:33.990+0000] {logging_mixin.py:188} INFO - [2026-01-09T12:34:33.990+0000] {dag.py:3036} INFO - Sync 1 DAGs
[2026-01-09T12:34:34.012+0000] {logging_mixin.py:188} INFO - [2026-01-09T12:34:34.012+0000] {dag.py:3823} INFO - Setting next_dagrun for example_trigger_target_dag to None, run_after=None
[2026-01-09T12:34:34.055+0000] {processor.py:183} INFO - Processing /home/airflow/.local/lib/python3.8/site-packages/airflow/example_dags/example_trigger_target_dag.py took 0.129 seconds
[2026-01-09T12:35:05.073+0000] {processor.py:161} INFO - Started process (PID=12967) to work on /home/airflow/.local/lib/python3.8/site-packages/airflow/example_dags/example_trigger_target_dag.py
[2026-01-09T12:35:05.075+0000] {processor.py:830} INFO - Processing file /home/airflow/.local/lib/python3.8/site-packages/airflow/example_dags/example_trigger_target_dag.py for tasks to queue
[2026-01-09T12:35:05.077+0000] {logging_mixin.py:188} INFO - [2026-01-09T12:35:05.076+0000] {dagbag.py:538} INFO - Filling up the DagBag from /home/airflow/.local/lib/python3.8/site-packages/airflow/example_dags/example_trigger_target_dag.py
[2026-01-09T12:35:05.088+0000] {processor.py:840} INFO - DAG(s) 'example_trigger_target_dag' retrieved from /home/airflow/.local/lib/python3.8/site-packages/airflow/example_dags/example_trigger_target_dag.py
[2026-01-09T12:35:05.127+0000] {logging_mixin.py:188} INFO - [2026-01-09T12:35:05.127+0000] {dag.py:3036} INFO - Sync 1 DAGs
[2026-01-09T12:35:05.146+0000] {logging_mixin.py:188} INFO - [2026-01-09T12:35:05.146+0000] {dag.py:3823} INFO - Setting next_dagrun for example_trigger_target_dag to None, run_after=None
[2026-01-09T12:35:05.192+0000] {processor.py:183} INFO - Processing /home/airflow/.local/lib/python3.8/site-packages/airflow/example_dags/example_trigger_target_dag.py took 0.128 seconds
[2026-01-09T12:35:35.608+0000] {processor.py:161} INFO - Started process (PID=13214) to work on /home/airflow/.local/lib/python3.8/site-packages/airflow/example_dags/example_trigger_target_dag.py
[2026-01-09T12:35:35.611+0000] {processor.py:830} INFO - Processing file /home/airflow/.local/lib/python3.8/site-packages/airflow/example_dags/example_trigger_target_dag.py for tasks to queue
[2026-01-09T12:35:35.612+0000] {logging_mixin.py:188} INFO - [2026-01-09T12:35:35.612+0000] {dagbag.py:538} INFO - Filling up the DagBag from /home/airflow/.local/lib/python3.8/site-packages/airflow/example_dags/example_trigger_target_dag.py
[2026-01-09T12:35:35.626+0000] {processor.py:840} INFO - DAG(s) 'example_trigger_target_dag' retrieved from /home/airflow/.local/lib/python3.8/site-packages/airflow/example_dags/example_trigger_target_dag.py
[2026-01-09T12:35:35.671+0000] {logging_mixin.py:188} INFO - [2026-01-09T12:35:35.670+0000] {dag.py:3036} INFO - Sync 1 DAGs
[2026-01-09T12:35:35.691+0000] {logging_mixin.py:188} INFO - [2026-01-09T12:35:35.690+0000] {dag.py:3823} INFO - Setting next_dagrun for example_trigger_target_dag to None, run_after=None
[2026-01-09T12:35:35.738+0000] {processor.py:183} INFO - Processing /home/airflow/.local/lib/python3.8/site-packages/airflow/example_dags/example_trigger_target_dag.py took 0.136 seconds
[2026-01-09T12:36:06.010+0000] {processor.py:161} INFO - Started process (PID=13461) to work on /home/airflow/.local/lib/python3.8/site-packages/airflow/example_dags/example_trigger_target_dag.py
[2026-01-09T12:36:06.012+0000] {processor.py:830} INFO - Processing file /home/airflow/.local/lib/python3.8/site-packages/airflow/example_dags/example_trigger_target_dag.py for tasks to queue
[2026-01-09T12:36:06.014+0000] {logging_mixin.py:188} INFO - [2026-01-09T12:36:06.013+0000] {dagbag.py:538} INFO - Filling up the DagBag from /home/airflow/.local/lib/python3.8/site-packages/airflow/example_dags/example_trigger_target_dag.py
[2026-01-09T12:36:06.025+0000] {processor.py:840} INFO - DAG(s) 'example_trigger_target_dag' retrieved from /home/airflow/.local/lib/python3.8/site-packages/airflow/example_dags/example_trigger_target_dag.py
[2026-01-09T12:36:06.073+0000] {logging_mixin.py:188} INFO - [2026-01-09T12:36:06.073+0000] {dag.py:3036} INFO - Sync 1 DAGs
[2026-01-09T12:36:06.097+0000] {logging_mixin.py:188} INFO - [2026-01-09T12:36:06.097+0000] {dag.py:3823} INFO - Setting next_dagrun for example_trigger_target_dag to None, run_after=None
[2026-01-09T12:36:06.153+0000] {processor.py:183} INFO - Processing /home/airflow/.local/lib/python3.8/site-packages/airflow/example_dags/example_trigger_target_dag.py took 0.149 seconds
[2026-01-09T12:36:37.188+0000] {processor.py:161} INFO - Started process (PID=13708) to work on /home/airflow/.local/lib/python3.8/site-packages/airflow/example_dags/example_trigger_target_dag.py
[2026-01-09T12:36:37.191+0000] {processor.py:830} INFO - Processing file /home/airflow/.local/lib/python3.8/site-packages/airflow/example_dags/example_trigger_target_dag.py for tasks to queue
[2026-01-09T12:36:37.193+0000] {logging_mixin.py:188} INFO - [2026-01-09T12:36:37.192+0000] {dagbag.py:538} INFO - Filling up the DagBag from /home/airflow/.local/lib/python3.8/site-packages/airflow/example_dags/example_trigger_target_dag.py
[2026-01-09T12:36:37.205+0000] {processor.py:840} INFO - DAG(s) 'example_trigger_target_dag' retrieved from /home/airflow/.local/lib/python3.8/site-packages/airflow/example_dags/example_trigger_target_dag.py
[2026-01-09T12:36:37.247+0000] {logging_mixin.py:188} INFO - [2026-01-09T12:36:37.247+0000] {dag.py:3036} INFO - Sync 1 DAGs
[2026-01-09T12:36:37.287+0000] {logging_mixin.py:188} INFO - [2026-01-09T12:36:37.286+0000] {dag.py:3823} INFO - Setting next_dagrun for example_trigger_target_dag to None, run_after=None
[2026-01-09T12:36:37.337+0000] {processor.py:183} INFO - Processing /home/airflow/.local/lib/python3.8/site-packages/airflow/example_dags/example_trigger_target_dag.py took 0.156 seconds
[2026-01-09T12:37:07.454+0000] {processor.py:161} INFO - Started process (PID=13950) to work on /home/airflow/.local/lib/python3.8/site-packages/airflow/example_dags/example_trigger_target_dag.py
[2026-01-09T12:37:07.456+0000] {processor.py:830} INFO - Processing file /home/airflow/.local/lib/python3.8/site-packages/airflow/example_dags/example_trigger_target_dag.py for tasks to queue
[2026-01-09T12:37:07.458+0000] {logging_mixin.py:188} INFO - [2026-01-09T12:37:07.457+0000] {dagbag.py:538} INFO - Filling up the DagBag from /home/airflow/.local/lib/python3.8/site-packages/airflow/example_dags/example_trigger_target_dag.py
[2026-01-09T12:37:07.473+0000] {processor.py:840} INFO - DAG(s) 'example_trigger_target_dag' retrieved from /home/airflow/.local/lib/python3.8/site-packages/airflow/example_dags/example_trigger_target_dag.py
[2026-01-09T12:37:07.537+0000] {logging_mixin.py:188} INFO - [2026-01-09T12:37:07.535+0000] {dag.py:3036} INFO - Sync 1 DAGs
[2026-01-09T12:37:07.585+0000] {logging_mixin.py:188} INFO - [2026-01-09T12:37:07.585+0000] {dag.py:3823} INFO - Setting next_dagrun for example_trigger_target_dag to None, run_after=None
[2026-01-09T12:37:07.515+0000] {processor.py:183} INFO - Processing /home/airflow/.local/lib/python3.8/site-packages/airflow/example_dags/example_trigger_target_dag.py took 0.204 seconds
[2026-01-09T12:37:38.734+0000] {processor.py:161} INFO - Started process (PID=14202) to work on /home/airflow/.local/lib/python3.8/site-packages/airflow/example_dags/example_trigger_target_dag.py
[2026-01-09T12:37:38.736+0000] {processor.py:830} INFO - Processing file /home/airflow/.local/lib/python3.8/site-packages/airflow/example_dags/example_trigger_target_dag.py for tasks to queue
[2026-01-09T12:37:38.737+0000] {logging_mixin.py:188} INFO - [2026-01-09T12:37:38.737+0000] {dagbag.py:538} INFO - Filling up the DagBag from /home/airflow/.local/lib/python3.8/site-packages/airflow/example_dags/example_trigger_target_dag.py
[2026-01-09T12:37:38.749+0000] {processor.py:840} INFO - DAG(s) 'example_trigger_target_dag' retrieved from /home/airflow/.local/lib/python3.8/site-packages/airflow/example_dags/example_trigger_target_dag.py
[2026-01-09T12:37:38.793+0000] {logging_mixin.py:188} INFO - [2026-01-09T12:37:38.793+0000] {dag.py:3036} INFO - Sync 1 DAGs
[2026-01-09T12:37:38.814+0000] {logging_mixin.py:188} INFO - [2026-01-09T12:37:38.814+0000] {dag.py:3823} INFO - Setting next_dagrun for example_trigger_target_dag to None, run_after=None
[2026-01-09T12:37:38.856+0000] {processor.py:183} INFO - Processing /home/airflow/.local/lib/python3.8/site-packages/airflow/example_dags/example_trigger_target_dag.py took 0.129 seconds
[2026-01-09T12:38:09.215+0000] {processor.py:161} INFO - Started process (PID=14449) to work on /home/airflow/.local/lib/python3.8/site-packages/airflow/example_dags/example_trigger_target_dag.py
[2026-01-09T12:38:09.217+0000] {processor.py:830} INFO - Processing file /home/airflow/.local/lib/python3.8/site-packages/airflow/example_dags/example_trigger_target_dag.py for tasks to queue
[2026-01-09T12:38:09.218+0000] {logging_mixin.py:188} INFO - [2026-01-09T12:38:09.218+0000] {dagbag.py:538} INFO - Filling up the DagBag from /home/airflow/.local/lib/python3.8/site-packages/airflow/example_dags/example_trigger_target_dag.py
[2026-01-09T12:38:09.227+0000] {processor.py:840} INFO - DAG(s) 'example_trigger_target_dag' retrieved from /home/airflow/.local/lib/python3.8/site-packages/airflow/example_dags/example_trigger_target_dag.py
[2026-01-09T12:38:09.267+0000] {logging_mixin.py:188} INFO - [2026-01-09T12:38:09.266+0000] {dag.py:3036} INFO - Sync 1 DAGs
[2026-01-09T12:38:09.287+0000] {logging_mixin.py:188} INFO - [2026-01-09T12:38:09.287+0000] {dag.py:3823} INFO - Setting next_dagrun for example_trigger_target_dag to None, run_after=None
[2026-01-09T12:38:09.331+0000] {processor.py:183} INFO - Processing /home/airflow/.local/lib/python3.8/site-packages/airflow/example_dags/example_trigger_target_dag.py took 0.122 seconds
[2026-01-09T12:38:39.643+0000] {processor.py:161} INFO - Started process (PID=14696) to work on /home/airflow/.local/lib/python3.8/site-packages/airflow/example_dags/example_trigger_target_dag.py
[2026-01-09T12:38:39.646+0000] {processor.py:830} INFO - Processing file /home/airflow/.local/lib/python3.8/site-packages/airflow/example_dags/example_trigger_target_dag.py for tasks to queue
[2026-01-09T12:38:39.648+0000] {logging_mixin.py:188} INFO - [2026-01-09T12:38:39.647+0000] {dagbag.py:538} INFO - Filling up the DagBag from /home/airflow/.local/lib/python3.8/site-packages/airflow/example_dags/example_trigger_target_dag.py
[2026-01-09T12:38:39.659+0000] {processor.py:840} INFO - DAG(s) 'example_trigger_target_dag' retrieved from /home/airflow/.local/lib/python3.8/site-packages/airflow/example_dags/example_trigger_target_dag.py
[2026-01-09T12:38:39.699+0000] {logging_mixin.py:188} INFO - [2026-01-09T12:38:39.698+0000] {dag.py:3036} INFO - Sync 1 DAGs
[2026-01-09T12:38:39.720+0000] {logging_mixin.py:188} INFO - [2026-01-09T12:38:39.720+0000] {dag.py:3823} INFO - Setting next_dagrun for example_trigger_target_dag to None, run_after=None
[2026-01-09T12:38:39.762+0000] {processor.py:183} INFO - Processing /home/airflow/.local/lib/python3.8/site-packages/airflow/example_dags/example_trigger_target_dag.py took 0.124 seconds
[2026-01-09T12:39:10.209+0000] {processor.py:161} INFO - Started process (PID=14938) to work on /home/airflow/.local/lib/python3.8/site-packages/airflow/example_dags/example_trigger_target_dag.py
[2026-01-09T12:39:10.216+0000] {processor.py:830} INFO - Processing file /home/airflow/.local/lib/python3.8/site-packages/airflow/example_dags/example_trigger_target_dag.py for tasks to queue
[2026-01-09T12:39:10.217+0000] {logging_mixin.py:188} INFO - [2026-01-09T12:39:10.217+0000] {dagbag.py:538} INFO - Filling up the DagBag from /home/airflow/.local/lib/python3.8/site-packages/airflow/example_dags/example_trigger_target_dag.py
[2026-01-09T12:39:10.228+0000] {processor.py:840} INFO - DAG(s) 'example_trigger_target_dag' retrieved from /home/airflow/.local/lib/python3.8/site-packages/airflow/example_dags/example_trigger_target_dag.py
[2026-01-09T12:39:10.267+0000] {logging_mixin.py:188} INFO - [2026-01-09T12:39:10.266+0000] {dag.py:3036} INFO - Sync 1 DAGs
[2026-01-09T12:39:10.290+0000] {logging_mixin.py:188} INFO - [2026-01-09T12:39:10.289+0000] {dag.py:3823} INFO - Setting next_dagrun for example_trigger_target_dag to None, run_after=None
[2026-01-09T12:39:10.338+0000] {processor.py:183} INFO - Processing /home/airflow/.local/lib/python3.8/site-packages/airflow/example_dags/example_trigger_target_dag.py took 0.134 seconds
[2026-01-09T12:39:40.520+0000] {processor.py:161} INFO - Started process (PID=15185) to work on /home/airflow/.local/lib/python3.8/site-packages/airflow/example_dags/example_trigger_target_dag.py
[2026-01-09T12:39:40.522+0000] {processor.py:830} INFO - Processing file /home/airflow/.local/lib/python3.8/site-packages/airflow/example_dags/example_trigger_target_dag.py for tasks to queue
[2026-01-09T12:39:40.524+0000] {logging_mixin.py:188} INFO - [2026-01-09T12:39:40.524+0000] {dagbag.py:538} INFO - Filling up the DagBag from /home/airflow/.local/lib/python3.8/site-packages/airflow/example_dags/example_trigger_target_dag.py
[2026-01-09T12:39:40.537+0000] {processor.py:840} INFO - DAG(s) 'example_trigger_target_dag' retrieved from /home/airflow/.local/lib/python3.8/site-packages/airflow/example_dags/example_trigger_target_dag.py
[2026-01-09T12:39:40.576+0000] {logging_mixin.py:188} INFO - [2026-01-09T12:39:40.575+0000] {dag.py:3036} INFO - Sync 1 DAGs
[2026-01-09T12:39:40.596+0000] {logging_mixin.py:188} INFO - [2026-01-09T12:39:40.595+0000] {dag.py:3823} INFO - Setting next_dagrun for example_trigger_target_dag to None, run_after=None
[2026-01-09T12:39:40.640+0000] {processor.py:183} INFO - Processing /home/airflow/.local/lib/python3.8/site-packages/airflow/example_dags/example_trigger_target_dag.py took 0.125 seconds
