[2026-01-09T12:08:59.393+0000] {processor.py:161} INFO - Started process (PID=372) to work on /home/airflow/.local/lib/python3.8/site-packages/airflow/example_dags/example_kubernetes_executor.py
[2026-01-09T12:08:59.395+0000] {processor.py:830} INFO - Processing file /home/airflow/.local/lib/python3.8/site-packages/airflow/example_dags/example_kubernetes_executor.py for tasks to queue
[2026-01-09T12:08:59.396+0000] {logging_mixin.py:188} INFO - [2026-01-09T12:08:59.396+0000] {dagbag.py:538} INFO - Filling up the DagBag from /home/airflow/.local/lib/python3.8/site-packages/airflow/example_dags/example_kubernetes_executor.py
[2026-01-09T12:08:59.423+0000] {processor.py:840} INFO - DAG(s) 'example_kubernetes_executor' retrieved from /home/airflow/.local/lib/python3.8/site-packages/airflow/example_dags/example_kubernetes_executor.py
[2026-01-09T12:08:59.622+0000] {logging_mixin.py:188} INFO - [2026-01-09T12:08:59.621+0000] {dag.py:3036} INFO - Sync 1 DAGs
[2026-01-09T12:08:59.642+0000] {logging_mixin.py:188} INFO - [2026-01-09T12:08:59.642+0000] {dag.py:3823} INFO - Setting next_dagrun for example_kubernetes_executor to None, run_after=None
[2026-01-09T12:08:59.686+0000] {processor.py:183} INFO - Processing /home/airflow/.local/lib/python3.8/site-packages/airflow/example_dags/example_kubernetes_executor.py took 0.299 seconds
[2026-01-09T12:09:29.770+0000] {processor.py:161} INFO - Started process (PID=621) to work on /home/airflow/.local/lib/python3.8/site-packages/airflow/example_dags/example_kubernetes_executor.py
[2026-01-09T12:09:29.772+0000] {processor.py:830} INFO - Processing file /home/airflow/.local/lib/python3.8/site-packages/airflow/example_dags/example_kubernetes_executor.py for tasks to queue
[2026-01-09T12:09:29.774+0000] {logging_mixin.py:188} INFO - [2026-01-09T12:09:29.774+0000] {dagbag.py:538} INFO - Filling up the DagBag from /home/airflow/.local/lib/python3.8/site-packages/airflow/example_dags/example_kubernetes_executor.py
[2026-01-09T12:09:29.802+0000] {processor.py:840} INFO - DAG(s) 'example_kubernetes_executor' retrieved from /home/airflow/.local/lib/python3.8/site-packages/airflow/example_dags/example_kubernetes_executor.py
[2026-01-09T12:09:29.864+0000] {logging_mixin.py:188} INFO - [2026-01-09T12:09:29.864+0000] {dag.py:3036} INFO - Sync 1 DAGs
[2026-01-09T12:09:29.882+0000] {logging_mixin.py:188} INFO - [2026-01-09T12:09:29.882+0000] {dag.py:3823} INFO - Setting next_dagrun for example_kubernetes_executor to None, run_after=None
[2026-01-09T12:09:29.922+0000] {processor.py:183} INFO - Processing /home/airflow/.local/lib/python3.8/site-packages/airflow/example_dags/example_kubernetes_executor.py took 0.159 seconds
[2026-01-09T12:10:00.016+0000] {processor.py:161} INFO - Started process (PID=866) to work on /home/airflow/.local/lib/python3.8/site-packages/airflow/example_dags/example_kubernetes_executor.py
[2026-01-09T12:10:00.018+0000] {processor.py:830} INFO - Processing file /home/airflow/.local/lib/python3.8/site-packages/airflow/example_dags/example_kubernetes_executor.py for tasks to queue
[2026-01-09T12:10:00.020+0000] {logging_mixin.py:188} INFO - [2026-01-09T12:10:00.020+0000] {dagbag.py:538} INFO - Filling up the DagBag from /home/airflow/.local/lib/python3.8/site-packages/airflow/example_dags/example_kubernetes_executor.py
[2026-01-09T12:10:00.043+0000] {processor.py:840} INFO - DAG(s) 'example_kubernetes_executor' retrieved from /home/airflow/.local/lib/python3.8/site-packages/airflow/example_dags/example_kubernetes_executor.py
[2026-01-09T12:10:00.113+0000] {logging_mixin.py:188} INFO - [2026-01-09T12:10:00.113+0000] {dag.py:3036} INFO - Sync 1 DAGs
[2026-01-09T12:10:00.135+0000] {logging_mixin.py:188} INFO - [2026-01-09T12:10:00.135+0000] {dag.py:3823} INFO - Setting next_dagrun for example_kubernetes_executor to None, run_after=None
[2026-01-09T12:10:00.176+0000] {processor.py:183} INFO - Processing /home/airflow/.local/lib/python3.8/site-packages/airflow/example_dags/example_kubernetes_executor.py took 0.168 seconds
[2026-01-09T12:10:30.487+0000] {processor.py:161} INFO - Started process (PID=1113) to work on /home/airflow/.local/lib/python3.8/site-packages/airflow/example_dags/example_kubernetes_executor.py
[2026-01-09T12:10:30.489+0000] {processor.py:830} INFO - Processing file /home/airflow/.local/lib/python3.8/site-packages/airflow/example_dags/example_kubernetes_executor.py for tasks to queue
[2026-01-09T12:10:30.491+0000] {logging_mixin.py:188} INFO - [2026-01-09T12:10:30.490+0000] {dagbag.py:538} INFO - Filling up the DagBag from /home/airflow/.local/lib/python3.8/site-packages/airflow/example_dags/example_kubernetes_executor.py
[2026-01-09T12:10:30.518+0000] {processor.py:840} INFO - DAG(s) 'example_kubernetes_executor' retrieved from /home/airflow/.local/lib/python3.8/site-packages/airflow/example_dags/example_kubernetes_executor.py
[2026-01-09T12:10:30.634+0000] {logging_mixin.py:188} INFO - [2026-01-09T12:10:30.633+0000] {dag.py:3036} INFO - Sync 1 DAGs
[2026-01-09T12:10:30.694+0000] {logging_mixin.py:188} INFO - [2026-01-09T12:10:30.693+0000] {dag.py:3823} INFO - Setting next_dagrun for example_kubernetes_executor to None, run_after=None
[2026-01-09T12:10:30.776+0000] {processor.py:183} INFO - Processing /home/airflow/.local/lib/python3.8/site-packages/airflow/example_dags/example_kubernetes_executor.py took 0.296 seconds
[2026-01-09T12:11:00.962+0000] {processor.py:161} INFO - Started process (PID=1360) to work on /home/airflow/.local/lib/python3.8/site-packages/airflow/example_dags/example_kubernetes_executor.py
[2026-01-09T12:11:00.966+0000] {processor.py:830} INFO - Processing file /home/airflow/.local/lib/python3.8/site-packages/airflow/example_dags/example_kubernetes_executor.py for tasks to queue
[2026-01-09T12:11:00.968+0000] {logging_mixin.py:188} INFO - [2026-01-09T12:11:00.968+0000] {dagbag.py:538} INFO - Filling up the DagBag from /home/airflow/.local/lib/python3.8/site-packages/airflow/example_dags/example_kubernetes_executor.py
[2026-01-09T12:11:00.999+0000] {processor.py:840} INFO - DAG(s) 'example_kubernetes_executor' retrieved from /home/airflow/.local/lib/python3.8/site-packages/airflow/example_dags/example_kubernetes_executor.py
[2026-01-09T12:11:01.088+0000] {logging_mixin.py:188} INFO - [2026-01-09T12:11:01.087+0000] {dag.py:3036} INFO - Sync 1 DAGs
[2026-01-09T12:11:01.113+0000] {logging_mixin.py:188} INFO - [2026-01-09T12:11:01.113+0000] {dag.py:3823} INFO - Setting next_dagrun for example_kubernetes_executor to None, run_after=None
[2026-01-09T12:11:01.164+0000] {processor.py:183} INFO - Processing /home/airflow/.local/lib/python3.8/site-packages/airflow/example_dags/example_kubernetes_executor.py took 0.209 seconds
[2026-01-09T12:11:31.640+0000] {processor.py:161} INFO - Started process (PID=1609) to work on /home/airflow/.local/lib/python3.8/site-packages/airflow/example_dags/example_kubernetes_executor.py
[2026-01-09T12:11:31.647+0000] {processor.py:830} INFO - Processing file /home/airflow/.local/lib/python3.8/site-packages/airflow/example_dags/example_kubernetes_executor.py for tasks to queue
[2026-01-09T12:11:31.650+0000] {logging_mixin.py:188} INFO - [2026-01-09T12:11:31.649+0000] {dagbag.py:538} INFO - Filling up the DagBag from /home/airflow/.local/lib/python3.8/site-packages/airflow/example_dags/example_kubernetes_executor.py
[2026-01-09T12:11:31.677+0000] {processor.py:840} INFO - DAG(s) 'example_kubernetes_executor' retrieved from /home/airflow/.local/lib/python3.8/site-packages/airflow/example_dags/example_kubernetes_executor.py
[2026-01-09T12:11:31.754+0000] {logging_mixin.py:188} INFO - [2026-01-09T12:11:31.754+0000] {dag.py:3036} INFO - Sync 1 DAGs
[2026-01-09T12:11:31.775+0000] {logging_mixin.py:188} INFO - [2026-01-09T12:11:31.774+0000] {dag.py:3823} INFO - Setting next_dagrun for example_kubernetes_executor to None, run_after=None
[2026-01-09T12:11:31.819+0000] {processor.py:183} INFO - Processing /home/airflow/.local/lib/python3.8/site-packages/airflow/example_dags/example_kubernetes_executor.py took 0.187 seconds
[2026-01-09T12:12:02.839+0000] {processor.py:161} INFO - Started process (PID=1855) to work on /home/airflow/.local/lib/python3.8/site-packages/airflow/example_dags/example_kubernetes_executor.py
[2026-01-09T12:12:02.842+0000] {processor.py:830} INFO - Processing file /home/airflow/.local/lib/python3.8/site-packages/airflow/example_dags/example_kubernetes_executor.py for tasks to queue
[2026-01-09T12:12:02.844+0000] {logging_mixin.py:188} INFO - [2026-01-09T12:12:02.843+0000] {dagbag.py:538} INFO - Filling up the DagBag from /home/airflow/.local/lib/python3.8/site-packages/airflow/example_dags/example_kubernetes_executor.py
[2026-01-09T12:12:02.877+0000] {processor.py:840} INFO - DAG(s) 'example_kubernetes_executor' retrieved from /home/airflow/.local/lib/python3.8/site-packages/airflow/example_dags/example_kubernetes_executor.py
[2026-01-09T12:12:02.978+0000] {logging_mixin.py:188} INFO - [2026-01-09T12:12:02.977+0000] {dag.py:3036} INFO - Sync 1 DAGs
[2026-01-09T12:12:03.012+0000] {logging_mixin.py:188} INFO - [2026-01-09T12:12:03.011+0000] {dag.py:3823} INFO - Setting next_dagrun for example_kubernetes_executor to None, run_after=None
[2026-01-09T12:12:03.067+0000] {processor.py:183} INFO - Processing /home/airflow/.local/lib/python3.8/site-packages/airflow/example_dags/example_kubernetes_executor.py took 0.238 seconds
[2026-01-09T12:12:33.922+0000] {processor.py:161} INFO - Started process (PID=2104) to work on /home/airflow/.local/lib/python3.8/site-packages/airflow/example_dags/example_kubernetes_executor.py
[2026-01-09T12:12:33.925+0000] {processor.py:830} INFO - Processing file /home/airflow/.local/lib/python3.8/site-packages/airflow/example_dags/example_kubernetes_executor.py for tasks to queue
[2026-01-09T12:12:33.927+0000] {logging_mixin.py:188} INFO - [2026-01-09T12:12:33.926+0000] {dagbag.py:538} INFO - Filling up the DagBag from /home/airflow/.local/lib/python3.8/site-packages/airflow/example_dags/example_kubernetes_executor.py
[2026-01-09T12:12:33.949+0000] {processor.py:840} INFO - DAG(s) 'example_kubernetes_executor' retrieved from /home/airflow/.local/lib/python3.8/site-packages/airflow/example_dags/example_kubernetes_executor.py
[2026-01-09T12:12:34.011+0000] {logging_mixin.py:188} INFO - [2026-01-09T12:12:34.011+0000] {dag.py:3036} INFO - Sync 1 DAGs
[2026-01-09T12:12:34.032+0000] {logging_mixin.py:188} INFO - [2026-01-09T12:12:34.032+0000] {dag.py:3823} INFO - Setting next_dagrun for example_kubernetes_executor to None, run_after=None
[2026-01-09T12:12:34.077+0000] {processor.py:183} INFO - Processing /home/airflow/.local/lib/python3.8/site-packages/airflow/example_dags/example_kubernetes_executor.py took 0.162 seconds
[2026-01-09T12:13:04.592+0000] {processor.py:161} INFO - Started process (PID=2351) to work on /home/airflow/.local/lib/python3.8/site-packages/airflow/example_dags/example_kubernetes_executor.py
[2026-01-09T12:13:04.595+0000] {processor.py:830} INFO - Processing file /home/airflow/.local/lib/python3.8/site-packages/airflow/example_dags/example_kubernetes_executor.py for tasks to queue
[2026-01-09T12:13:04.597+0000] {logging_mixin.py:188} INFO - [2026-01-09T12:13:04.596+0000] {dagbag.py:538} INFO - Filling up the DagBag from /home/airflow/.local/lib/python3.8/site-packages/airflow/example_dags/example_kubernetes_executor.py
[2026-01-09T12:13:04.629+0000] {processor.py:840} INFO - DAG(s) 'example_kubernetes_executor' retrieved from /home/airflow/.local/lib/python3.8/site-packages/airflow/example_dags/example_kubernetes_executor.py
[2026-01-09T12:13:04.786+0000] {logging_mixin.py:188} INFO - [2026-01-09T12:13:04.785+0000] {dag.py:3036} INFO - Sync 1 DAGs
[2026-01-09T12:13:04.823+0000] {logging_mixin.py:188} INFO - [2026-01-09T12:13:04.823+0000] {dag.py:3823} INFO - Setting next_dagrun for example_kubernetes_executor to None, run_after=None
[2026-01-09T12:13:04.875+0000] {processor.py:183} INFO - Processing /home/airflow/.local/lib/python3.8/site-packages/airflow/example_dags/example_kubernetes_executor.py took 0.292 seconds
[2026-01-09T12:13:35.738+0000] {processor.py:161} INFO - Started process (PID=2598) to work on /home/airflow/.local/lib/python3.8/site-packages/airflow/example_dags/example_kubernetes_executor.py
[2026-01-09T12:13:35.740+0000] {processor.py:830} INFO - Processing file /home/airflow/.local/lib/python3.8/site-packages/airflow/example_dags/example_kubernetes_executor.py for tasks to queue
[2026-01-09T12:13:35.741+0000] {logging_mixin.py:188} INFO - [2026-01-09T12:13:35.741+0000] {dagbag.py:538} INFO - Filling up the DagBag from /home/airflow/.local/lib/python3.8/site-packages/airflow/example_dags/example_kubernetes_executor.py
[2026-01-09T12:13:35.768+0000] {processor.py:840} INFO - DAG(s) 'example_kubernetes_executor' retrieved from /home/airflow/.local/lib/python3.8/site-packages/airflow/example_dags/example_kubernetes_executor.py
[2026-01-09T12:13:35.847+0000] {logging_mixin.py:188} INFO - [2026-01-09T12:13:35.847+0000] {dag.py:3036} INFO - Sync 1 DAGs
[2026-01-09T12:13:35.865+0000] {logging_mixin.py:188} INFO - [2026-01-09T12:13:35.865+0000] {dag.py:3823} INFO - Setting next_dagrun for example_kubernetes_executor to None, run_after=None
[2026-01-09T12:13:35.909+0000] {processor.py:183} INFO - Processing /home/airflow/.local/lib/python3.8/site-packages/airflow/example_dags/example_kubernetes_executor.py took 0.178 seconds
[2026-01-09T12:14:06.061+0000] {processor.py:161} INFO - Started process (PID=2845) to work on /home/airflow/.local/lib/python3.8/site-packages/airflow/example_dags/example_kubernetes_executor.py
[2026-01-09T12:14:06.066+0000] {processor.py:830} INFO - Processing file /home/airflow/.local/lib/python3.8/site-packages/airflow/example_dags/example_kubernetes_executor.py for tasks to queue
[2026-01-09T12:14:06.068+0000] {logging_mixin.py:188} INFO - [2026-01-09T12:14:06.068+0000] {dagbag.py:538} INFO - Filling up the DagBag from /home/airflow/.local/lib/python3.8/site-packages/airflow/example_dags/example_kubernetes_executor.py
[2026-01-09T12:14:06.096+0000] {processor.py:840} INFO - DAG(s) 'example_kubernetes_executor' retrieved from /home/airflow/.local/lib/python3.8/site-packages/airflow/example_dags/example_kubernetes_executor.py
[2026-01-09T12:14:06.183+0000] {logging_mixin.py:188} INFO - [2026-01-09T12:14:06.182+0000] {dag.py:3036} INFO - Sync 1 DAGs
[2026-01-09T12:14:06.204+0000] {logging_mixin.py:188} INFO - [2026-01-09T12:14:06.204+0000] {dag.py:3823} INFO - Setting next_dagrun for example_kubernetes_executor to None, run_after=None
[2026-01-09T12:14:06.249+0000] {processor.py:183} INFO - Processing /home/airflow/.local/lib/python3.8/site-packages/airflow/example_dags/example_kubernetes_executor.py took 0.197 seconds
[2026-01-09T12:14:36.403+0000] {processor.py:161} INFO - Started process (PID=3092) to work on /home/airflow/.local/lib/python3.8/site-packages/airflow/example_dags/example_kubernetes_executor.py
[2026-01-09T12:14:36.408+0000] {processor.py:830} INFO - Processing file /home/airflow/.local/lib/python3.8/site-packages/airflow/example_dags/example_kubernetes_executor.py for tasks to queue
[2026-01-09T12:14:36.410+0000] {logging_mixin.py:188} INFO - [2026-01-09T12:14:36.409+0000] {dagbag.py:538} INFO - Filling up the DagBag from /home/airflow/.local/lib/python3.8/site-packages/airflow/example_dags/example_kubernetes_executor.py
[2026-01-09T12:14:36.439+0000] {processor.py:840} INFO - DAG(s) 'example_kubernetes_executor' retrieved from /home/airflow/.local/lib/python3.8/site-packages/airflow/example_dags/example_kubernetes_executor.py
[2026-01-09T12:14:36.516+0000] {logging_mixin.py:188} INFO - [2026-01-09T12:14:36.516+0000] {dag.py:3036} INFO - Sync 1 DAGs
[2026-01-09T12:14:36.541+0000] {logging_mixin.py:188} INFO - [2026-01-09T12:14:36.541+0000] {dag.py:3823} INFO - Setting next_dagrun for example_kubernetes_executor to None, run_after=None
[2026-01-09T12:14:36.588+0000] {processor.py:183} INFO - Processing /home/airflow/.local/lib/python3.8/site-packages/airflow/example_dags/example_kubernetes_executor.py took 0.193 seconds
[2026-01-09T12:15:06.955+0000] {processor.py:161} INFO - Started process (PID=3337) to work on /home/airflow/.local/lib/python3.8/site-packages/airflow/example_dags/example_kubernetes_executor.py
[2026-01-09T12:15:07.004+0000] {processor.py:830} INFO - Processing file /home/airflow/.local/lib/python3.8/site-packages/airflow/example_dags/example_kubernetes_executor.py for tasks to queue
[2026-01-09T12:15:07.006+0000] {logging_mixin.py:188} INFO - [2026-01-09T12:15:07.005+0000] {dagbag.py:538} INFO - Filling up the DagBag from /home/airflow/.local/lib/python3.8/site-packages/airflow/example_dags/example_kubernetes_executor.py
[2026-01-09T12:15:07.087+0000] {processor.py:840} INFO - DAG(s) 'example_kubernetes_executor' retrieved from /home/airflow/.local/lib/python3.8/site-packages/airflow/example_dags/example_kubernetes_executor.py
[2026-01-09T12:15:07.190+0000] {logging_mixin.py:188} INFO - [2026-01-09T12:15:07.189+0000] {dag.py:3036} INFO - Sync 1 DAGs
[2026-01-09T12:15:07.222+0000] {logging_mixin.py:188} INFO - [2026-01-09T12:15:07.221+0000] {dag.py:3823} INFO - Setting next_dagrun for example_kubernetes_executor to None, run_after=None
[2026-01-09T12:15:07.352+0000] {processor.py:183} INFO - Processing /home/airflow/.local/lib/python3.8/site-packages/airflow/example_dags/example_kubernetes_executor.py took 0.405 seconds
[2026-01-09T12:15:38.150+0000] {processor.py:161} INFO - Started process (PID=3584) to work on /home/airflow/.local/lib/python3.8/site-packages/airflow/example_dags/example_kubernetes_executor.py
[2026-01-09T12:15:38.152+0000] {processor.py:830} INFO - Processing file /home/airflow/.local/lib/python3.8/site-packages/airflow/example_dags/example_kubernetes_executor.py for tasks to queue
[2026-01-09T12:15:38.153+0000] {logging_mixin.py:188} INFO - [2026-01-09T12:15:38.153+0000] {dagbag.py:538} INFO - Filling up the DagBag from /home/airflow/.local/lib/python3.8/site-packages/airflow/example_dags/example_kubernetes_executor.py
[2026-01-09T12:15:38.184+0000] {processor.py:840} INFO - DAG(s) 'example_kubernetes_executor' retrieved from /home/airflow/.local/lib/python3.8/site-packages/airflow/example_dags/example_kubernetes_executor.py
[2026-01-09T12:15:38.275+0000] {logging_mixin.py:188} INFO - [2026-01-09T12:15:38.274+0000] {dag.py:3036} INFO - Sync 1 DAGs
[2026-01-09T12:15:38.306+0000] {logging_mixin.py:188} INFO - [2026-01-09T12:15:38.306+0000] {dag.py:3823} INFO - Setting next_dagrun for example_kubernetes_executor to None, run_after=None
[2026-01-09T12:15:38.356+0000] {processor.py:183} INFO - Processing /home/airflow/.local/lib/python3.8/site-packages/airflow/example_dags/example_kubernetes_executor.py took 0.213 seconds
[2026-01-09T12:16:08.458+0000] {processor.py:161} INFO - Started process (PID=3830) to work on /home/airflow/.local/lib/python3.8/site-packages/airflow/example_dags/example_kubernetes_executor.py
[2026-01-09T12:16:08.461+0000] {processor.py:830} INFO - Processing file /home/airflow/.local/lib/python3.8/site-packages/airflow/example_dags/example_kubernetes_executor.py for tasks to queue
[2026-01-09T12:16:08.463+0000] {logging_mixin.py:188} INFO - [2026-01-09T12:16:08.462+0000] {dagbag.py:538} INFO - Filling up the DagBag from /home/airflow/.local/lib/python3.8/site-packages/airflow/example_dags/example_kubernetes_executor.py
[2026-01-09T12:16:08.491+0000] {processor.py:840} INFO - DAG(s) 'example_kubernetes_executor' retrieved from /home/airflow/.local/lib/python3.8/site-packages/airflow/example_dags/example_kubernetes_executor.py
[2026-01-09T12:16:08.550+0000] {logging_mixin.py:188} INFO - [2026-01-09T12:16:08.550+0000] {dag.py:3036} INFO - Sync 1 DAGs
[2026-01-09T12:16:08.568+0000] {logging_mixin.py:188} INFO - [2026-01-09T12:16:08.567+0000] {dag.py:3823} INFO - Setting next_dagrun for example_kubernetes_executor to None, run_after=None
[2026-01-09T12:16:08.607+0000] {processor.py:183} INFO - Processing /home/airflow/.local/lib/python3.8/site-packages/airflow/example_dags/example_kubernetes_executor.py took 0.157 seconds
[2026-01-09T12:16:38.775+0000] {processor.py:161} INFO - Started process (PID=4077) to work on /home/airflow/.local/lib/python3.8/site-packages/airflow/example_dags/example_kubernetes_executor.py
[2026-01-09T12:16:38.777+0000] {processor.py:830} INFO - Processing file /home/airflow/.local/lib/python3.8/site-packages/airflow/example_dags/example_kubernetes_executor.py for tasks to queue
[2026-01-09T12:16:38.780+0000] {logging_mixin.py:188} INFO - [2026-01-09T12:16:38.779+0000] {dagbag.py:538} INFO - Filling up the DagBag from /home/airflow/.local/lib/python3.8/site-packages/airflow/example_dags/example_kubernetes_executor.py
[2026-01-09T12:16:38.811+0000] {processor.py:840} INFO - DAG(s) 'example_kubernetes_executor' retrieved from /home/airflow/.local/lib/python3.8/site-packages/airflow/example_dags/example_kubernetes_executor.py
[2026-01-09T12:16:38.892+0000] {logging_mixin.py:188} INFO - [2026-01-09T12:16:38.892+0000] {dag.py:3036} INFO - Sync 1 DAGs
[2026-01-09T12:16:38.921+0000] {logging_mixin.py:188} INFO - [2026-01-09T12:16:38.920+0000] {dag.py:3823} INFO - Setting next_dagrun for example_kubernetes_executor to None, run_after=None
[2026-01-09T12:16:38.972+0000] {processor.py:183} INFO - Processing /home/airflow/.local/lib/python3.8/site-packages/airflow/example_dags/example_kubernetes_executor.py took 0.204 seconds
[2026-01-09T12:17:09.101+0000] {processor.py:161} INFO - Started process (PID=4324) to work on /home/airflow/.local/lib/python3.8/site-packages/airflow/example_dags/example_kubernetes_executor.py
[2026-01-09T12:17:09.103+0000] {processor.py:830} INFO - Processing file /home/airflow/.local/lib/python3.8/site-packages/airflow/example_dags/example_kubernetes_executor.py for tasks to queue
[2026-01-09T12:17:09.105+0000] {logging_mixin.py:188} INFO - [2026-01-09T12:17:09.104+0000] {dagbag.py:538} INFO - Filling up the DagBag from /home/airflow/.local/lib/python3.8/site-packages/airflow/example_dags/example_kubernetes_executor.py
[2026-01-09T12:17:09.129+0000] {processor.py:840} INFO - DAG(s) 'example_kubernetes_executor' retrieved from /home/airflow/.local/lib/python3.8/site-packages/airflow/example_dags/example_kubernetes_executor.py
[2026-01-09T12:17:09.202+0000] {logging_mixin.py:188} INFO - [2026-01-09T12:17:09.201+0000] {dag.py:3036} INFO - Sync 1 DAGs
[2026-01-09T12:17:09.223+0000] {logging_mixin.py:188} INFO - [2026-01-09T12:17:09.222+0000] {dag.py:3823} INFO - Setting next_dagrun for example_kubernetes_executor to None, run_after=None
[2026-01-09T12:17:09.264+0000] {processor.py:183} INFO - Processing /home/airflow/.local/lib/python3.8/site-packages/airflow/example_dags/example_kubernetes_executor.py took 0.170 seconds
[2026-01-09T12:17:39.503+0000] {processor.py:161} INFO - Started process (PID=4571) to work on /home/airflow/.local/lib/python3.8/site-packages/airflow/example_dags/example_kubernetes_executor.py
[2026-01-09T12:17:39.506+0000] {processor.py:830} INFO - Processing file /home/airflow/.local/lib/python3.8/site-packages/airflow/example_dags/example_kubernetes_executor.py for tasks to queue
[2026-01-09T12:17:39.507+0000] {logging_mixin.py:188} INFO - [2026-01-09T12:17:39.506+0000] {dagbag.py:538} INFO - Filling up the DagBag from /home/airflow/.local/lib/python3.8/site-packages/airflow/example_dags/example_kubernetes_executor.py
[2026-01-09T12:17:39.528+0000] {processor.py:840} INFO - DAG(s) 'example_kubernetes_executor' retrieved from /home/airflow/.local/lib/python3.8/site-packages/airflow/example_dags/example_kubernetes_executor.py
[2026-01-09T12:17:39.593+0000] {logging_mixin.py:188} INFO - [2026-01-09T12:17:39.593+0000] {dag.py:3036} INFO - Sync 1 DAGs
[2026-01-09T12:17:39.614+0000] {logging_mixin.py:188} INFO - [2026-01-09T12:17:39.614+0000] {dag.py:3823} INFO - Setting next_dagrun for example_kubernetes_executor to None, run_after=None
[2026-01-09T12:17:39.660+0000] {processor.py:183} INFO - Processing /home/airflow/.local/lib/python3.8/site-packages/airflow/example_dags/example_kubernetes_executor.py took 0.164 seconds
[2026-01-09T12:18:10.588+0000] {processor.py:161} INFO - Started process (PID=4818) to work on /home/airflow/.local/lib/python3.8/site-packages/airflow/example_dags/example_kubernetes_executor.py
[2026-01-09T12:18:10.591+0000] {processor.py:830} INFO - Processing file /home/airflow/.local/lib/python3.8/site-packages/airflow/example_dags/example_kubernetes_executor.py for tasks to queue
[2026-01-09T12:18:10.593+0000] {logging_mixin.py:188} INFO - [2026-01-09T12:18:10.592+0000] {dagbag.py:538} INFO - Filling up the DagBag from /home/airflow/.local/lib/python3.8/site-packages/airflow/example_dags/example_kubernetes_executor.py
[2026-01-09T12:18:10.621+0000] {processor.py:840} INFO - DAG(s) 'example_kubernetes_executor' retrieved from /home/airflow/.local/lib/python3.8/site-packages/airflow/example_dags/example_kubernetes_executor.py
[2026-01-09T12:18:10.704+0000] {logging_mixin.py:188} INFO - [2026-01-09T12:18:10.704+0000] {dag.py:3036} INFO - Sync 1 DAGs
[2026-01-09T12:18:10.732+0000] {logging_mixin.py:188} INFO - [2026-01-09T12:18:10.732+0000] {dag.py:3823} INFO - Setting next_dagrun for example_kubernetes_executor to None, run_after=None
[2026-01-09T12:18:10.781+0000] {processor.py:183} INFO - Processing /home/airflow/.local/lib/python3.8/site-packages/airflow/example_dags/example_kubernetes_executor.py took 0.201 seconds
[2026-01-09T12:18:41.253+0000] {processor.py:161} INFO - Started process (PID=5065) to work on /home/airflow/.local/lib/python3.8/site-packages/airflow/example_dags/example_kubernetes_executor.py
[2026-01-09T12:18:41.259+0000] {processor.py:830} INFO - Processing file /home/airflow/.local/lib/python3.8/site-packages/airflow/example_dags/example_kubernetes_executor.py for tasks to queue
[2026-01-09T12:18:41.261+0000] {logging_mixin.py:188} INFO - [2026-01-09T12:18:41.260+0000] {dagbag.py:538} INFO - Filling up the DagBag from /home/airflow/.local/lib/python3.8/site-packages/airflow/example_dags/example_kubernetes_executor.py
[2026-01-09T12:18:41.287+0000] {processor.py:840} INFO - DAG(s) 'example_kubernetes_executor' retrieved from /home/airflow/.local/lib/python3.8/site-packages/airflow/example_dags/example_kubernetes_executor.py
[2026-01-09T12:18:41.367+0000] {logging_mixin.py:188} INFO - [2026-01-09T12:18:41.367+0000] {dag.py:3036} INFO - Sync 1 DAGs
[2026-01-09T12:18:41.397+0000] {logging_mixin.py:188} INFO - [2026-01-09T12:18:41.397+0000] {dag.py:3823} INFO - Setting next_dagrun for example_kubernetes_executor to None, run_after=None
[2026-01-09T12:18:41.453+0000] {processor.py:183} INFO - Processing /home/airflow/.local/lib/python3.8/site-packages/airflow/example_dags/example_kubernetes_executor.py took 0.207 seconds
[2026-01-09T12:19:11.657+0000] {processor.py:161} INFO - Started process (PID=5312) to work on /home/airflow/.local/lib/python3.8/site-packages/airflow/example_dags/example_kubernetes_executor.py
[2026-01-09T12:19:11.659+0000] {processor.py:830} INFO - Processing file /home/airflow/.local/lib/python3.8/site-packages/airflow/example_dags/example_kubernetes_executor.py for tasks to queue
[2026-01-09T12:19:11.660+0000] {logging_mixin.py:188} INFO - [2026-01-09T12:19:11.660+0000] {dagbag.py:538} INFO - Filling up the DagBag from /home/airflow/.local/lib/python3.8/site-packages/airflow/example_dags/example_kubernetes_executor.py
[2026-01-09T12:19:11.683+0000] {processor.py:840} INFO - DAG(s) 'example_kubernetes_executor' retrieved from /home/airflow/.local/lib/python3.8/site-packages/airflow/example_dags/example_kubernetes_executor.py
[2026-01-09T12:19:11.755+0000] {logging_mixin.py:188} INFO - [2026-01-09T12:19:11.755+0000] {dag.py:3036} INFO - Sync 1 DAGs
[2026-01-09T12:19:11.779+0000] {logging_mixin.py:188} INFO - [2026-01-09T12:19:11.779+0000] {dag.py:3823} INFO - Setting next_dagrun for example_kubernetes_executor to None, run_after=None
[2026-01-09T12:19:11.831+0000] {processor.py:183} INFO - Processing /home/airflow/.local/lib/python3.8/site-packages/airflow/example_dags/example_kubernetes_executor.py took 0.180 seconds
[2026-01-09T12:19:42.282+0000] {processor.py:161} INFO - Started process (PID=5559) to work on /home/airflow/.local/lib/python3.8/site-packages/airflow/example_dags/example_kubernetes_executor.py
[2026-01-09T12:19:42.284+0000] {processor.py:830} INFO - Processing file /home/airflow/.local/lib/python3.8/site-packages/airflow/example_dags/example_kubernetes_executor.py for tasks to queue
[2026-01-09T12:19:42.286+0000] {logging_mixin.py:188} INFO - [2026-01-09T12:19:42.285+0000] {dagbag.py:538} INFO - Filling up the DagBag from /home/airflow/.local/lib/python3.8/site-packages/airflow/example_dags/example_kubernetes_executor.py
[2026-01-09T12:19:42.316+0000] {processor.py:840} INFO - DAG(s) 'example_kubernetes_executor' retrieved from /home/airflow/.local/lib/python3.8/site-packages/airflow/example_dags/example_kubernetes_executor.py
[2026-01-09T12:19:42.397+0000] {logging_mixin.py:188} INFO - [2026-01-09T12:19:42.397+0000] {dag.py:3036} INFO - Sync 1 DAGs
[2026-01-09T12:19:42.422+0000] {logging_mixin.py:188} INFO - [2026-01-09T12:19:42.422+0000] {dag.py:3823} INFO - Setting next_dagrun for example_kubernetes_executor to None, run_after=None
[2026-01-09T12:19:42.477+0000] {processor.py:183} INFO - Processing /home/airflow/.local/lib/python3.8/site-packages/airflow/example_dags/example_kubernetes_executor.py took 0.202 seconds
[2026-01-09T12:20:13.038+0000] {processor.py:161} INFO - Started process (PID=5806) to work on /home/airflow/.local/lib/python3.8/site-packages/airflow/example_dags/example_kubernetes_executor.py
[2026-01-09T12:20:13.079+0000] {processor.py:830} INFO - Processing file /home/airflow/.local/lib/python3.8/site-packages/airflow/example_dags/example_kubernetes_executor.py for tasks to queue
[2026-01-09T12:20:13.081+0000] {logging_mixin.py:188} INFO - [2026-01-09T12:20:13.080+0000] {dagbag.py:538} INFO - Filling up the DagBag from /home/airflow/.local/lib/python3.8/site-packages/airflow/example_dags/example_kubernetes_executor.py
[2026-01-09T12:20:13.109+0000] {processor.py:840} INFO - DAG(s) 'example_kubernetes_executor' retrieved from /home/airflow/.local/lib/python3.8/site-packages/airflow/example_dags/example_kubernetes_executor.py
[2026-01-09T12:20:13.190+0000] {logging_mixin.py:188} INFO - [2026-01-09T12:20:13.190+0000] {dag.py:3036} INFO - Sync 1 DAGs
[2026-01-09T12:20:13.215+0000] {logging_mixin.py:188} INFO - [2026-01-09T12:20:13.215+0000] {dag.py:3823} INFO - Setting next_dagrun for example_kubernetes_executor to None, run_after=None
[2026-01-09T12:20:13.255+0000] {processor.py:183} INFO - Processing /home/airflow/.local/lib/python3.8/site-packages/airflow/example_dags/example_kubernetes_executor.py took 0.224 seconds
[2026-01-09T12:20:44.033+0000] {processor.py:161} INFO - Started process (PID=6053) to work on /home/airflow/.local/lib/python3.8/site-packages/airflow/example_dags/example_kubernetes_executor.py
[2026-01-09T12:20:44.041+0000] {processor.py:830} INFO - Processing file /home/airflow/.local/lib/python3.8/site-packages/airflow/example_dags/example_kubernetes_executor.py for tasks to queue
[2026-01-09T12:20:44.043+0000] {logging_mixin.py:188} INFO - [2026-01-09T12:20:44.043+0000] {dagbag.py:538} INFO - Filling up the DagBag from /home/airflow/.local/lib/python3.8/site-packages/airflow/example_dags/example_kubernetes_executor.py
[2026-01-09T12:20:44.069+0000] {processor.py:840} INFO - DAG(s) 'example_kubernetes_executor' retrieved from /home/airflow/.local/lib/python3.8/site-packages/airflow/example_dags/example_kubernetes_executor.py
[2026-01-09T12:20:44.153+0000] {logging_mixin.py:188} INFO - [2026-01-09T12:20:44.153+0000] {dag.py:3036} INFO - Sync 1 DAGs
[2026-01-09T12:20:44.180+0000] {logging_mixin.py:188} INFO - [2026-01-09T12:20:44.180+0000] {dag.py:3823} INFO - Setting next_dagrun for example_kubernetes_executor to None, run_after=None
[2026-01-09T12:20:44.225+0000] {processor.py:183} INFO - Processing /home/airflow/.local/lib/python3.8/site-packages/airflow/example_dags/example_kubernetes_executor.py took 0.199 seconds
[2026-01-09T12:21:14.707+0000] {processor.py:161} INFO - Started process (PID=6300) to work on /home/airflow/.local/lib/python3.8/site-packages/airflow/example_dags/example_kubernetes_executor.py
[2026-01-09T12:21:14.709+0000] {processor.py:830} INFO - Processing file /home/airflow/.local/lib/python3.8/site-packages/airflow/example_dags/example_kubernetes_executor.py for tasks to queue
[2026-01-09T12:21:14.711+0000] {logging_mixin.py:188} INFO - [2026-01-09T12:21:14.710+0000] {dagbag.py:538} INFO - Filling up the DagBag from /home/airflow/.local/lib/python3.8/site-packages/airflow/example_dags/example_kubernetes_executor.py
[2026-01-09T12:21:14.742+0000] {processor.py:840} INFO - DAG(s) 'example_kubernetes_executor' retrieved from /home/airflow/.local/lib/python3.8/site-packages/airflow/example_dags/example_kubernetes_executor.py
[2026-01-09T12:21:14.826+0000] {logging_mixin.py:188} INFO - [2026-01-09T12:21:14.826+0000] {dag.py:3036} INFO - Sync 1 DAGs
[2026-01-09T12:21:14.851+0000] {logging_mixin.py:188} INFO - [2026-01-09T12:21:14.851+0000] {dag.py:3823} INFO - Setting next_dagrun for example_kubernetes_executor to None, run_after=None
[2026-01-09T12:21:14.890+0000] {processor.py:183} INFO - Processing /home/airflow/.local/lib/python3.8/site-packages/airflow/example_dags/example_kubernetes_executor.py took 0.190 seconds
[2026-01-09T12:21:45.384+0000] {processor.py:161} INFO - Started process (PID=6547) to work on /home/airflow/.local/lib/python3.8/site-packages/airflow/example_dags/example_kubernetes_executor.py
[2026-01-09T12:21:45.388+0000] {processor.py:830} INFO - Processing file /home/airflow/.local/lib/python3.8/site-packages/airflow/example_dags/example_kubernetes_executor.py for tasks to queue
[2026-01-09T12:21:45.389+0000] {logging_mixin.py:188} INFO - [2026-01-09T12:21:45.389+0000] {dagbag.py:538} INFO - Filling up the DagBag from /home/airflow/.local/lib/python3.8/site-packages/airflow/example_dags/example_kubernetes_executor.py
[2026-01-09T12:21:45.420+0000] {processor.py:840} INFO - DAG(s) 'example_kubernetes_executor' retrieved from /home/airflow/.local/lib/python3.8/site-packages/airflow/example_dags/example_kubernetes_executor.py
[2026-01-09T12:21:45.502+0000] {logging_mixin.py:188} INFO - [2026-01-09T12:21:45.501+0000] {dag.py:3036} INFO - Sync 1 DAGs
[2026-01-09T12:21:45.530+0000] {logging_mixin.py:188} INFO - [2026-01-09T12:21:45.529+0000] {dag.py:3823} INFO - Setting next_dagrun for example_kubernetes_executor to None, run_after=None
[2026-01-09T12:21:45.578+0000] {processor.py:183} INFO - Processing /home/airflow/.local/lib/python3.8/site-packages/airflow/example_dags/example_kubernetes_executor.py took 0.200 seconds
[2026-01-09T12:22:16.646+0000] {processor.py:161} INFO - Started process (PID=6797) to work on /home/airflow/.local/lib/python3.8/site-packages/airflow/example_dags/example_kubernetes_executor.py
[2026-01-09T12:22:16.702+0000] {processor.py:830} INFO - Processing file /home/airflow/.local/lib/python3.8/site-packages/airflow/example_dags/example_kubernetes_executor.py for tasks to queue
[2026-01-09T12:22:16.704+0000] {logging_mixin.py:188} INFO - [2026-01-09T12:22:16.703+0000] {dagbag.py:538} INFO - Filling up the DagBag from /home/airflow/.local/lib/python3.8/site-packages/airflow/example_dags/example_kubernetes_executor.py
[2026-01-09T12:22:16.731+0000] {processor.py:840} INFO - DAG(s) 'example_kubernetes_executor' retrieved from /home/airflow/.local/lib/python3.8/site-packages/airflow/example_dags/example_kubernetes_executor.py
[2026-01-09T12:22:16.806+0000] {logging_mixin.py:188} INFO - [2026-01-09T12:22:16.805+0000] {dag.py:3036} INFO - Sync 1 DAGs
[2026-01-09T12:22:16.833+0000] {logging_mixin.py:188} INFO - [2026-01-09T12:22:16.833+0000] {dag.py:3823} INFO - Setting next_dagrun for example_kubernetes_executor to None, run_after=None
[2026-01-09T12:22:16.878+0000] {processor.py:183} INFO - Processing /home/airflow/.local/lib/python3.8/site-packages/airflow/example_dags/example_kubernetes_executor.py took 0.239 seconds
[2026-01-09T12:22:47.065+0000] {processor.py:161} INFO - Started process (PID=7042) to work on /home/airflow/.local/lib/python3.8/site-packages/airflow/example_dags/example_kubernetes_executor.py
[2026-01-09T12:22:47.074+0000] {processor.py:830} INFO - Processing file /home/airflow/.local/lib/python3.8/site-packages/airflow/example_dags/example_kubernetes_executor.py for tasks to queue
[2026-01-09T12:22:47.076+0000] {logging_mixin.py:188} INFO - [2026-01-09T12:22:47.075+0000] {dagbag.py:538} INFO - Filling up the DagBag from /home/airflow/.local/lib/python3.8/site-packages/airflow/example_dags/example_kubernetes_executor.py
[2026-01-09T12:22:47.121+0000] {processor.py:840} INFO - DAG(s) 'example_kubernetes_executor' retrieved from /home/airflow/.local/lib/python3.8/site-packages/airflow/example_dags/example_kubernetes_executor.py
[2026-01-09T12:22:47.219+0000] {logging_mixin.py:188} INFO - [2026-01-09T12:22:47.218+0000] {dag.py:3036} INFO - Sync 1 DAGs
[2026-01-09T12:22:47.244+0000] {logging_mixin.py:188} INFO - [2026-01-09T12:22:47.243+0000] {dag.py:3823} INFO - Setting next_dagrun for example_kubernetes_executor to None, run_after=None
[2026-01-09T12:22:47.310+0000] {processor.py:183} INFO - Processing /home/airflow/.local/lib/python3.8/site-packages/airflow/example_dags/example_kubernetes_executor.py took 0.254 seconds
[2026-01-09T12:23:17.422+0000] {processor.py:161} INFO - Started process (PID=7289) to work on /home/airflow/.local/lib/python3.8/site-packages/airflow/example_dags/example_kubernetes_executor.py
[2026-01-09T12:23:17.425+0000] {processor.py:830} INFO - Processing file /home/airflow/.local/lib/python3.8/site-packages/airflow/example_dags/example_kubernetes_executor.py for tasks to queue
[2026-01-09T12:23:17.429+0000] {logging_mixin.py:188} INFO - [2026-01-09T12:23:17.427+0000] {dagbag.py:538} INFO - Filling up the DagBag from /home/airflow/.local/lib/python3.8/site-packages/airflow/example_dags/example_kubernetes_executor.py
[2026-01-09T12:23:17.462+0000] {processor.py:840} INFO - DAG(s) 'example_kubernetes_executor' retrieved from /home/airflow/.local/lib/python3.8/site-packages/airflow/example_dags/example_kubernetes_executor.py
[2026-01-09T12:23:17.541+0000] {logging_mixin.py:188} INFO - [2026-01-09T12:23:17.540+0000] {dag.py:3036} INFO - Sync 1 DAGs
[2026-01-09T12:23:17.570+0000] {logging_mixin.py:188} INFO - [2026-01-09T12:23:17.570+0000] {dag.py:3823} INFO - Setting next_dagrun for example_kubernetes_executor to None, run_after=None
[2026-01-09T12:23:17.622+0000] {processor.py:183} INFO - Processing /home/airflow/.local/lib/python3.8/site-packages/airflow/example_dags/example_kubernetes_executor.py took 0.208 seconds
[2026-01-09T12:23:48.682+0000] {processor.py:161} INFO - Started process (PID=7536) to work on /home/airflow/.local/lib/python3.8/site-packages/airflow/example_dags/example_kubernetes_executor.py
[2026-01-09T12:23:48.684+0000] {processor.py:830} INFO - Processing file /home/airflow/.local/lib/python3.8/site-packages/airflow/example_dags/example_kubernetes_executor.py for tasks to queue
[2026-01-09T12:23:48.687+0000] {logging_mixin.py:188} INFO - [2026-01-09T12:23:48.686+0000] {dagbag.py:538} INFO - Filling up the DagBag from /home/airflow/.local/lib/python3.8/site-packages/airflow/example_dags/example_kubernetes_executor.py
[2026-01-09T12:23:48.719+0000] {processor.py:840} INFO - DAG(s) 'example_kubernetes_executor' retrieved from /home/airflow/.local/lib/python3.8/site-packages/airflow/example_dags/example_kubernetes_executor.py
[2026-01-09T12:23:48.801+0000] {logging_mixin.py:188} INFO - [2026-01-09T12:23:48.800+0000] {dag.py:3036} INFO - Sync 1 DAGs
[2026-01-09T12:23:48.825+0000] {logging_mixin.py:188} INFO - [2026-01-09T12:23:48.825+0000] {dag.py:3823} INFO - Setting next_dagrun for example_kubernetes_executor to None, run_after=None
[2026-01-09T12:23:48.873+0000] {processor.py:183} INFO - Processing /home/airflow/.local/lib/python3.8/site-packages/airflow/example_dags/example_kubernetes_executor.py took 0.198 seconds
[2026-01-09T12:24:18.997+0000] {processor.py:161} INFO - Started process (PID=7784) to work on /home/airflow/.local/lib/python3.8/site-packages/airflow/example_dags/example_kubernetes_executor.py
[2026-01-09T12:24:19.003+0000] {processor.py:830} INFO - Processing file /home/airflow/.local/lib/python3.8/site-packages/airflow/example_dags/example_kubernetes_executor.py for tasks to queue
[2026-01-09T12:24:19.005+0000] {logging_mixin.py:188} INFO - [2026-01-09T12:24:19.005+0000] {dagbag.py:538} INFO - Filling up the DagBag from /home/airflow/.local/lib/python3.8/site-packages/airflow/example_dags/example_kubernetes_executor.py
[2026-01-09T12:24:19.036+0000] {processor.py:840} INFO - DAG(s) 'example_kubernetes_executor' retrieved from /home/airflow/.local/lib/python3.8/site-packages/airflow/example_dags/example_kubernetes_executor.py
[2026-01-09T12:24:19.122+0000] {logging_mixin.py:188} INFO - [2026-01-09T12:24:19.121+0000] {dag.py:3036} INFO - Sync 1 DAGs
[2026-01-09T12:24:19.146+0000] {logging_mixin.py:188} INFO - [2026-01-09T12:24:19.145+0000] {dag.py:3823} INFO - Setting next_dagrun for example_kubernetes_executor to None, run_after=None
[2026-01-09T12:24:19.194+0000] {processor.py:183} INFO - Processing /home/airflow/.local/lib/python3.8/site-packages/airflow/example_dags/example_kubernetes_executor.py took 0.204 seconds
[2026-01-09T12:24:49.479+0000] {processor.py:161} INFO - Started process (PID=8031) to work on /home/airflow/.local/lib/python3.8/site-packages/airflow/example_dags/example_kubernetes_executor.py
[2026-01-09T12:24:49.482+0000] {processor.py:830} INFO - Processing file /home/airflow/.local/lib/python3.8/site-packages/airflow/example_dags/example_kubernetes_executor.py for tasks to queue
[2026-01-09T12:24:49.484+0000] {logging_mixin.py:188} INFO - [2026-01-09T12:24:49.484+0000] {dagbag.py:538} INFO - Filling up the DagBag from /home/airflow/.local/lib/python3.8/site-packages/airflow/example_dags/example_kubernetes_executor.py
[2026-01-09T12:24:49.516+0000] {processor.py:840} INFO - DAG(s) 'example_kubernetes_executor' retrieved from /home/airflow/.local/lib/python3.8/site-packages/airflow/example_dags/example_kubernetes_executor.py
[2026-01-09T12:24:49.605+0000] {logging_mixin.py:188} INFO - [2026-01-09T12:24:49.604+0000] {dag.py:3036} INFO - Sync 1 DAGs
[2026-01-09T12:24:49.631+0000] {logging_mixin.py:188} INFO - [2026-01-09T12:24:49.631+0000] {dag.py:3823} INFO - Setting next_dagrun for example_kubernetes_executor to None, run_after=None
[2026-01-09T12:24:49.679+0000] {processor.py:183} INFO - Processing /home/airflow/.local/lib/python3.8/site-packages/airflow/example_dags/example_kubernetes_executor.py took 0.209 seconds
[2026-01-09T12:25:20.524+0000] {processor.py:161} INFO - Started process (PID=8278) to work on /home/airflow/.local/lib/python3.8/site-packages/airflow/example_dags/example_kubernetes_executor.py
[2026-01-09T12:25:20.526+0000] {processor.py:830} INFO - Processing file /home/airflow/.local/lib/python3.8/site-packages/airflow/example_dags/example_kubernetes_executor.py for tasks to queue
[2026-01-09T12:25:20.527+0000] {logging_mixin.py:188} INFO - [2026-01-09T12:25:20.527+0000] {dagbag.py:538} INFO - Filling up the DagBag from /home/airflow/.local/lib/python3.8/site-packages/airflow/example_dags/example_kubernetes_executor.py
[2026-01-09T12:25:20.555+0000] {processor.py:840} INFO - DAG(s) 'example_kubernetes_executor' retrieved from /home/airflow/.local/lib/python3.8/site-packages/airflow/example_dags/example_kubernetes_executor.py
[2026-01-09T12:25:20.636+0000] {logging_mixin.py:188} INFO - [2026-01-09T12:25:20.636+0000] {dag.py:3036} INFO - Sync 1 DAGs
[2026-01-09T12:25:20.657+0000] {logging_mixin.py:188} INFO - [2026-01-09T12:25:20.656+0000] {dag.py:3823} INFO - Setting next_dagrun for example_kubernetes_executor to None, run_after=None
[2026-01-09T12:25:20.712+0000] {processor.py:183} INFO - Processing /home/airflow/.local/lib/python3.8/site-packages/airflow/example_dags/example_kubernetes_executor.py took 0.195 seconds
[2026-01-09T12:25:50.954+0000] {processor.py:161} INFO - Started process (PID=8526) to work on /home/airflow/.local/lib/python3.8/site-packages/airflow/example_dags/example_kubernetes_executor.py
[2026-01-09T12:25:50.955+0000] {processor.py:830} INFO - Processing file /home/airflow/.local/lib/python3.8/site-packages/airflow/example_dags/example_kubernetes_executor.py for tasks to queue
[2026-01-09T12:25:50.956+0000] {logging_mixin.py:188} INFO - [2026-01-09T12:25:50.956+0000] {dagbag.py:538} INFO - Filling up the DagBag from /home/airflow/.local/lib/python3.8/site-packages/airflow/example_dags/example_kubernetes_executor.py
[2026-01-09T12:25:50.985+0000] {processor.py:840} INFO - DAG(s) 'example_kubernetes_executor' retrieved from /home/airflow/.local/lib/python3.8/site-packages/airflow/example_dags/example_kubernetes_executor.py
[2026-01-09T12:25:51.056+0000] {logging_mixin.py:188} INFO - [2026-01-09T12:25:51.056+0000] {dag.py:3036} INFO - Sync 1 DAGs
[2026-01-09T12:25:51.080+0000] {logging_mixin.py:188} INFO - [2026-01-09T12:25:51.080+0000] {dag.py:3823} INFO - Setting next_dagrun for example_kubernetes_executor to None, run_after=None
[2026-01-09T12:25:51.127+0000] {processor.py:183} INFO - Processing /home/airflow/.local/lib/python3.8/site-packages/airflow/example_dags/example_kubernetes_executor.py took 0.180 seconds
[2026-01-09T12:26:21.846+0000] {processor.py:161} INFO - Started process (PID=8773) to work on /home/airflow/.local/lib/python3.8/site-packages/airflow/example_dags/example_kubernetes_executor.py
[2026-01-09T12:26:21.850+0000] {processor.py:830} INFO - Processing file /home/airflow/.local/lib/python3.8/site-packages/airflow/example_dags/example_kubernetes_executor.py for tasks to queue
[2026-01-09T12:26:21.851+0000] {logging_mixin.py:188} INFO - [2026-01-09T12:26:21.851+0000] {dagbag.py:538} INFO - Filling up the DagBag from /home/airflow/.local/lib/python3.8/site-packages/airflow/example_dags/example_kubernetes_executor.py
[2026-01-09T12:26:21.873+0000] {processor.py:840} INFO - DAG(s) 'example_kubernetes_executor' retrieved from /home/airflow/.local/lib/python3.8/site-packages/airflow/example_dags/example_kubernetes_executor.py
[2026-01-09T12:26:21.947+0000] {logging_mixin.py:188} INFO - [2026-01-09T12:26:21.947+0000] {dag.py:3036} INFO - Sync 1 DAGs
[2026-01-09T12:26:21.975+0000] {logging_mixin.py:188} INFO - [2026-01-09T12:26:21.974+0000] {dag.py:3823} INFO - Setting next_dagrun for example_kubernetes_executor to None, run_after=None
[2026-01-09T12:26:22.019+0000] {processor.py:183} INFO - Processing /home/airflow/.local/lib/python3.8/site-packages/airflow/example_dags/example_kubernetes_executor.py took 0.179 seconds
[2026-01-09T12:26:52.697+0000] {processor.py:161} INFO - Started process (PID=9020) to work on /home/airflow/.local/lib/python3.8/site-packages/airflow/example_dags/example_kubernetes_executor.py
[2026-01-09T12:26:52.702+0000] {processor.py:830} INFO - Processing file /home/airflow/.local/lib/python3.8/site-packages/airflow/example_dags/example_kubernetes_executor.py for tasks to queue
[2026-01-09T12:26:52.704+0000] {logging_mixin.py:188} INFO - [2026-01-09T12:26:52.703+0000] {dagbag.py:538} INFO - Filling up the DagBag from /home/airflow/.local/lib/python3.8/site-packages/airflow/example_dags/example_kubernetes_executor.py
[2026-01-09T12:26:52.735+0000] {processor.py:840} INFO - DAG(s) 'example_kubernetes_executor' retrieved from /home/airflow/.local/lib/python3.8/site-packages/airflow/example_dags/example_kubernetes_executor.py
[2026-01-09T12:26:52.811+0000] {logging_mixin.py:188} INFO - [2026-01-09T12:26:52.811+0000] {dag.py:3036} INFO - Sync 1 DAGs
[2026-01-09T12:26:52.835+0000] {logging_mixin.py:188} INFO - [2026-01-09T12:26:52.835+0000] {dag.py:3823} INFO - Setting next_dagrun for example_kubernetes_executor to None, run_after=None
[2026-01-09T12:26:52.888+0000] {processor.py:183} INFO - Processing /home/airflow/.local/lib/python3.8/site-packages/airflow/example_dags/example_kubernetes_executor.py took 0.198 seconds
[2026-01-09T12:27:23.061+0000] {processor.py:161} INFO - Started process (PID=9267) to work on /home/airflow/.local/lib/python3.8/site-packages/airflow/example_dags/example_kubernetes_executor.py
[2026-01-09T12:27:23.063+0000] {processor.py:830} INFO - Processing file /home/airflow/.local/lib/python3.8/site-packages/airflow/example_dags/example_kubernetes_executor.py for tasks to queue
[2026-01-09T12:27:23.065+0000] {logging_mixin.py:188} INFO - [2026-01-09T12:27:23.064+0000] {dagbag.py:538} INFO - Filling up the DagBag from /home/airflow/.local/lib/python3.8/site-packages/airflow/example_dags/example_kubernetes_executor.py
[2026-01-09T12:27:23.092+0000] {processor.py:840} INFO - DAG(s) 'example_kubernetes_executor' retrieved from /home/airflow/.local/lib/python3.8/site-packages/airflow/example_dags/example_kubernetes_executor.py
[2026-01-09T12:27:23.163+0000] {logging_mixin.py:188} INFO - [2026-01-09T12:27:23.163+0000] {dag.py:3036} INFO - Sync 1 DAGs
[2026-01-09T12:27:23.184+0000] {logging_mixin.py:188} INFO - [2026-01-09T12:27:23.184+0000] {dag.py:3823} INFO - Setting next_dagrun for example_kubernetes_executor to None, run_after=None
[2026-01-09T12:27:23.228+0000] {processor.py:183} INFO - Processing /home/airflow/.local/lib/python3.8/site-packages/airflow/example_dags/example_kubernetes_executor.py took 0.174 seconds
[2026-01-09T12:27:53.560+0000] {processor.py:161} INFO - Started process (PID=9522) to work on /home/airflow/.local/lib/python3.8/site-packages/airflow/example_dags/example_kubernetes_executor.py
[2026-01-09T12:27:53.568+0000] {processor.py:830} INFO - Processing file /home/airflow/.local/lib/python3.8/site-packages/airflow/example_dags/example_kubernetes_executor.py for tasks to queue
[2026-01-09T12:27:53.569+0000] {logging_mixin.py:188} INFO - [2026-01-09T12:27:53.569+0000] {dagbag.py:538} INFO - Filling up the DagBag from /home/airflow/.local/lib/python3.8/site-packages/airflow/example_dags/example_kubernetes_executor.py
[2026-01-09T12:27:53.595+0000] {processor.py:840} INFO - DAG(s) 'example_kubernetes_executor' retrieved from /home/airflow/.local/lib/python3.8/site-packages/airflow/example_dags/example_kubernetes_executor.py
[2026-01-09T12:27:53.674+0000] {logging_mixin.py:188} INFO - [2026-01-09T12:27:53.673+0000] {dag.py:3036} INFO - Sync 1 DAGs
[2026-01-09T12:27:53.695+0000] {logging_mixin.py:188} INFO - [2026-01-09T12:27:53.695+0000] {dag.py:3823} INFO - Setting next_dagrun for example_kubernetes_executor to None, run_after=None
[2026-01-09T12:27:53.743+0000] {processor.py:183} INFO - Processing /home/airflow/.local/lib/python3.8/site-packages/airflow/example_dags/example_kubernetes_executor.py took 0.190 seconds
[2026-01-09T12:28:24.973+0000] {processor.py:161} INFO - Started process (PID=9767) to work on /home/airflow/.local/lib/python3.8/site-packages/airflow/example_dags/example_kubernetes_executor.py
[2026-01-09T12:28:24.987+0000] {processor.py:830} INFO - Processing file /home/airflow/.local/lib/python3.8/site-packages/airflow/example_dags/example_kubernetes_executor.py for tasks to queue
[2026-01-09T12:28:24.989+0000] {logging_mixin.py:188} INFO - [2026-01-09T12:28:24.988+0000] {dagbag.py:538} INFO - Filling up the DagBag from /home/airflow/.local/lib/python3.8/site-packages/airflow/example_dags/example_kubernetes_executor.py
[2026-01-09T12:28:25.079+0000] {processor.py:840} INFO - DAG(s) 'example_kubernetes_executor' retrieved from /home/airflow/.local/lib/python3.8/site-packages/airflow/example_dags/example_kubernetes_executor.py
[2026-01-09T12:28:25.160+0000] {logging_mixin.py:188} INFO - [2026-01-09T12:28:25.159+0000] {dag.py:3036} INFO - Sync 1 DAGs
[2026-01-09T12:28:25.181+0000] {logging_mixin.py:188} INFO - [2026-01-09T12:28:25.181+0000] {dag.py:3823} INFO - Setting next_dagrun for example_kubernetes_executor to None, run_after=None
[2026-01-09T12:28:25.227+0000] {processor.py:183} INFO - Processing /home/airflow/.local/lib/python3.8/site-packages/airflow/example_dags/example_kubernetes_executor.py took 0.267 seconds
[2026-01-09T12:28:55.591+0000] {processor.py:161} INFO - Started process (PID=10014) to work on /home/airflow/.local/lib/python3.8/site-packages/airflow/example_dags/example_kubernetes_executor.py
[2026-01-09T12:28:55.595+0000] {processor.py:830} INFO - Processing file /home/airflow/.local/lib/python3.8/site-packages/airflow/example_dags/example_kubernetes_executor.py for tasks to queue
[2026-01-09T12:28:55.596+0000] {logging_mixin.py:188} INFO - [2026-01-09T12:28:55.596+0000] {dagbag.py:538} INFO - Filling up the DagBag from /home/airflow/.local/lib/python3.8/site-packages/airflow/example_dags/example_kubernetes_executor.py
[2026-01-09T12:28:55.627+0000] {processor.py:840} INFO - DAG(s) 'example_kubernetes_executor' retrieved from /home/airflow/.local/lib/python3.8/site-packages/airflow/example_dags/example_kubernetes_executor.py
[2026-01-09T12:28:55.719+0000] {logging_mixin.py:188} INFO - [2026-01-09T12:28:55.719+0000] {dag.py:3036} INFO - Sync 1 DAGs
[2026-01-09T12:28:55.749+0000] {logging_mixin.py:188} INFO - [2026-01-09T12:28:55.749+0000] {dag.py:3823} INFO - Setting next_dagrun for example_kubernetes_executor to None, run_after=None
[2026-01-09T12:28:55.800+0000] {processor.py:183} INFO - Processing /home/airflow/.local/lib/python3.8/site-packages/airflow/example_dags/example_kubernetes_executor.py took 0.216 seconds
[2026-01-09T12:29:26.627+0000] {processor.py:161} INFO - Started process (PID=10261) to work on /home/airflow/.local/lib/python3.8/site-packages/airflow/example_dags/example_kubernetes_executor.py
[2026-01-09T12:29:26.629+0000] {processor.py:830} INFO - Processing file /home/airflow/.local/lib/python3.8/site-packages/airflow/example_dags/example_kubernetes_executor.py for tasks to queue
[2026-01-09T12:29:26.630+0000] {logging_mixin.py:188} INFO - [2026-01-09T12:29:26.630+0000] {dagbag.py:538} INFO - Filling up the DagBag from /home/airflow/.local/lib/python3.8/site-packages/airflow/example_dags/example_kubernetes_executor.py
[2026-01-09T12:29:26.652+0000] {processor.py:840} INFO - DAG(s) 'example_kubernetes_executor' retrieved from /home/airflow/.local/lib/python3.8/site-packages/airflow/example_dags/example_kubernetes_executor.py
[2026-01-09T12:29:26.727+0000] {logging_mixin.py:188} INFO - [2026-01-09T12:29:26.727+0000] {dag.py:3036} INFO - Sync 1 DAGs
[2026-01-09T12:29:26.749+0000] {logging_mixin.py:188} INFO - [2026-01-09T12:29:26.748+0000] {dag.py:3823} INFO - Setting next_dagrun for example_kubernetes_executor to None, run_after=None
[2026-01-09T12:29:26.795+0000] {processor.py:183} INFO - Processing /home/airflow/.local/lib/python3.8/site-packages/airflow/example_dags/example_kubernetes_executor.py took 0.175 seconds
[2026-01-09T12:29:57.108+0000] {processor.py:161} INFO - Started process (PID=10509) to work on /home/airflow/.local/lib/python3.8/site-packages/airflow/example_dags/example_kubernetes_executor.py
[2026-01-09T12:29:57.110+0000] {processor.py:830} INFO - Processing file /home/airflow/.local/lib/python3.8/site-packages/airflow/example_dags/example_kubernetes_executor.py for tasks to queue
[2026-01-09T12:29:57.113+0000] {logging_mixin.py:188} INFO - [2026-01-09T12:29:57.112+0000] {dagbag.py:538} INFO - Filling up the DagBag from /home/airflow/.local/lib/python3.8/site-packages/airflow/example_dags/example_kubernetes_executor.py
[2026-01-09T12:29:57.139+0000] {processor.py:840} INFO - DAG(s) 'example_kubernetes_executor' retrieved from /home/airflow/.local/lib/python3.8/site-packages/airflow/example_dags/example_kubernetes_executor.py
[2026-01-09T12:29:57.222+0000] {logging_mixin.py:188} INFO - [2026-01-09T12:29:57.222+0000] {dag.py:3036} INFO - Sync 1 DAGs
[2026-01-09T12:29:57.251+0000] {logging_mixin.py:188} INFO - [2026-01-09T12:29:57.250+0000] {dag.py:3823} INFO - Setting next_dagrun for example_kubernetes_executor to None, run_after=None
[2026-01-09T12:29:57.294+0000] {processor.py:183} INFO - Processing /home/airflow/.local/lib/python3.8/site-packages/airflow/example_dags/example_kubernetes_executor.py took 0.194 seconds
[2026-01-09T12:30:27.997+0000] {processor.py:161} INFO - Started process (PID=10758) to work on /home/airflow/.local/lib/python3.8/site-packages/airflow/example_dags/example_kubernetes_executor.py
[2026-01-09T12:30:28.000+0000] {processor.py:830} INFO - Processing file /home/airflow/.local/lib/python3.8/site-packages/airflow/example_dags/example_kubernetes_executor.py for tasks to queue
[2026-01-09T12:30:28.002+0000] {logging_mixin.py:188} INFO - [2026-01-09T12:30:28.001+0000] {dagbag.py:538} INFO - Filling up the DagBag from /home/airflow/.local/lib/python3.8/site-packages/airflow/example_dags/example_kubernetes_executor.py
[2026-01-09T12:30:28.032+0000] {processor.py:840} INFO - DAG(s) 'example_kubernetes_executor' retrieved from /home/airflow/.local/lib/python3.8/site-packages/airflow/example_dags/example_kubernetes_executor.py
[2026-01-09T12:30:28.097+0000] {logging_mixin.py:188} INFO - [2026-01-09T12:30:28.097+0000] {dag.py:3036} INFO - Sync 1 DAGs
[2026-01-09T12:30:28.118+0000] {logging_mixin.py:188} INFO - [2026-01-09T12:30:28.118+0000] {dag.py:3823} INFO - Setting next_dagrun for example_kubernetes_executor to None, run_after=None
[2026-01-09T12:30:28.159+0000] {processor.py:183} INFO - Processing /home/airflow/.local/lib/python3.8/site-packages/airflow/example_dags/example_kubernetes_executor.py took 0.169 seconds
[2026-01-09T12:30:59.493+0000] {processor.py:161} INFO - Started process (PID=11003) to work on /home/airflow/.local/lib/python3.8/site-packages/airflow/example_dags/example_kubernetes_executor.py
[2026-01-09T12:30:59.496+0000] {processor.py:830} INFO - Processing file /home/airflow/.local/lib/python3.8/site-packages/airflow/example_dags/example_kubernetes_executor.py for tasks to queue
[2026-01-09T12:30:59.497+0000] {logging_mixin.py:188} INFO - [2026-01-09T12:30:59.497+0000] {dagbag.py:538} INFO - Filling up the DagBag from /home/airflow/.local/lib/python3.8/site-packages/airflow/example_dags/example_kubernetes_executor.py
[2026-01-09T12:30:59.521+0000] {processor.py:840} INFO - DAG(s) 'example_kubernetes_executor' retrieved from /home/airflow/.local/lib/python3.8/site-packages/airflow/example_dags/example_kubernetes_executor.py
[2026-01-09T12:30:59.595+0000] {logging_mixin.py:188} INFO - [2026-01-09T12:30:59.595+0000] {dag.py:3036} INFO - Sync 1 DAGs
[2026-01-09T12:30:59.619+0000] {logging_mixin.py:188} INFO - [2026-01-09T12:30:59.619+0000] {dag.py:3823} INFO - Setting next_dagrun for example_kubernetes_executor to None, run_after=None
[2026-01-09T12:30:59.664+0000] {processor.py:183} INFO - Processing /home/airflow/.local/lib/python3.8/site-packages/airflow/example_dags/example_kubernetes_executor.py took 0.177 seconds
[2026-01-09T12:31:30.148+0000] {processor.py:161} INFO - Started process (PID=11249) to work on /home/airflow/.local/lib/python3.8/site-packages/airflow/example_dags/example_kubernetes_executor.py
[2026-01-09T12:31:30.150+0000] {processor.py:830} INFO - Processing file /home/airflow/.local/lib/python3.8/site-packages/airflow/example_dags/example_kubernetes_executor.py for tasks to queue
[2026-01-09T12:31:30.151+0000] {logging_mixin.py:188} INFO - [2026-01-09T12:31:30.151+0000] {dagbag.py:538} INFO - Filling up the DagBag from /home/airflow/.local/lib/python3.8/site-packages/airflow/example_dags/example_kubernetes_executor.py
[2026-01-09T12:31:30.173+0000] {processor.py:840} INFO - DAG(s) 'example_kubernetes_executor' retrieved from /home/airflow/.local/lib/python3.8/site-packages/airflow/example_dags/example_kubernetes_executor.py
[2026-01-09T12:31:30.241+0000] {logging_mixin.py:188} INFO - [2026-01-09T12:31:30.241+0000] {dag.py:3036} INFO - Sync 1 DAGs
[2026-01-09T12:31:30.263+0000] {logging_mixin.py:188} INFO - [2026-01-09T12:31:30.263+0000] {dag.py:3823} INFO - Setting next_dagrun for example_kubernetes_executor to None, run_after=None
[2026-01-09T12:31:30.306+0000] {processor.py:183} INFO - Processing /home/airflow/.local/lib/python3.8/site-packages/airflow/example_dags/example_kubernetes_executor.py took 0.165 seconds
[2026-01-09T12:32:00.818+0000] {processor.py:161} INFO - Started process (PID=11496) to work on /home/airflow/.local/lib/python3.8/site-packages/airflow/example_dags/example_kubernetes_executor.py
[2026-01-09T12:32:00.820+0000] {processor.py:830} INFO - Processing file /home/airflow/.local/lib/python3.8/site-packages/airflow/example_dags/example_kubernetes_executor.py for tasks to queue
[2026-01-09T12:32:00.822+0000] {logging_mixin.py:188} INFO - [2026-01-09T12:32:00.822+0000] {dagbag.py:538} INFO - Filling up the DagBag from /home/airflow/.local/lib/python3.8/site-packages/airflow/example_dags/example_kubernetes_executor.py
[2026-01-09T12:32:00.845+0000] {processor.py:840} INFO - DAG(s) 'example_kubernetes_executor' retrieved from /home/airflow/.local/lib/python3.8/site-packages/airflow/example_dags/example_kubernetes_executor.py
[2026-01-09T12:32:00.913+0000] {logging_mixin.py:188} INFO - [2026-01-09T12:32:00.913+0000] {dag.py:3036} INFO - Sync 1 DAGs
[2026-01-09T12:32:00.934+0000] {logging_mixin.py:188} INFO - [2026-01-09T12:32:00.934+0000] {dag.py:3823} INFO - Setting next_dagrun for example_kubernetes_executor to None, run_after=None
[2026-01-09T12:32:00.977+0000] {processor.py:183} INFO - Processing /home/airflow/.local/lib/python3.8/site-packages/airflow/example_dags/example_kubernetes_executor.py took 0.164 seconds
[2026-01-09T12:32:32.039+0000] {processor.py:161} INFO - Started process (PID=11743) to work on /home/airflow/.local/lib/python3.8/site-packages/airflow/example_dags/example_kubernetes_executor.py
[2026-01-09T12:32:32.042+0000] {processor.py:830} INFO - Processing file /home/airflow/.local/lib/python3.8/site-packages/airflow/example_dags/example_kubernetes_executor.py for tasks to queue
[2026-01-09T12:32:32.044+0000] {logging_mixin.py:188} INFO - [2026-01-09T12:32:32.043+0000] {dagbag.py:538} INFO - Filling up the DagBag from /home/airflow/.local/lib/python3.8/site-packages/airflow/example_dags/example_kubernetes_executor.py
[2026-01-09T12:32:32.069+0000] {processor.py:840} INFO - DAG(s) 'example_kubernetes_executor' retrieved from /home/airflow/.local/lib/python3.8/site-packages/airflow/example_dags/example_kubernetes_executor.py
[2026-01-09T12:32:32.146+0000] {logging_mixin.py:188} INFO - [2026-01-09T12:32:32.146+0000] {dag.py:3036} INFO - Sync 1 DAGs
[2026-01-09T12:32:32.173+0000] {logging_mixin.py:188} INFO - [2026-01-09T12:32:32.172+0000] {dag.py:3823} INFO - Setting next_dagrun for example_kubernetes_executor to None, run_after=None
[2026-01-09T12:32:32.219+0000] {processor.py:183} INFO - Processing /home/airflow/.local/lib/python3.8/site-packages/airflow/example_dags/example_kubernetes_executor.py took 0.190 seconds
[2026-01-09T12:33:02.595+0000] {processor.py:161} INFO - Started process (PID=11984) to work on /home/airflow/.local/lib/python3.8/site-packages/airflow/example_dags/example_kubernetes_executor.py
[2026-01-09T12:33:02.597+0000] {processor.py:830} INFO - Processing file /home/airflow/.local/lib/python3.8/site-packages/airflow/example_dags/example_kubernetes_executor.py for tasks to queue
[2026-01-09T12:33:02.598+0000] {logging_mixin.py:188} INFO - [2026-01-09T12:33:02.598+0000] {dagbag.py:538} INFO - Filling up the DagBag from /home/airflow/.local/lib/python3.8/site-packages/airflow/example_dags/example_kubernetes_executor.py
[2026-01-09T12:33:02.621+0000] {processor.py:840} INFO - DAG(s) 'example_kubernetes_executor' retrieved from /home/airflow/.local/lib/python3.8/site-packages/airflow/example_dags/example_kubernetes_executor.py
[2026-01-09T12:33:02.691+0000] {logging_mixin.py:188} INFO - [2026-01-09T12:33:02.691+0000] {dag.py:3036} INFO - Sync 1 DAGs
[2026-01-09T12:33:02.714+0000] {logging_mixin.py:188} INFO - [2026-01-09T12:33:02.714+0000] {dag.py:3823} INFO - Setting next_dagrun for example_kubernetes_executor to None, run_after=None
[2026-01-09T12:33:02.756+0000] {processor.py:183} INFO - Processing /home/airflow/.local/lib/python3.8/site-packages/airflow/example_dags/example_kubernetes_executor.py took 0.168 seconds
[2026-01-09T12:33:33.018+0000] {processor.py:161} INFO - Started process (PID=12231) to work on /home/airflow/.local/lib/python3.8/site-packages/airflow/example_dags/example_kubernetes_executor.py
[2026-01-09T12:33:33.022+0000] {processor.py:830} INFO - Processing file /home/airflow/.local/lib/python3.8/site-packages/airflow/example_dags/example_kubernetes_executor.py for tasks to queue
[2026-01-09T12:33:33.024+0000] {logging_mixin.py:188} INFO - [2026-01-09T12:33:33.023+0000] {dagbag.py:538} INFO - Filling up the DagBag from /home/airflow/.local/lib/python3.8/site-packages/airflow/example_dags/example_kubernetes_executor.py
[2026-01-09T12:33:33.057+0000] {processor.py:840} INFO - DAG(s) 'example_kubernetes_executor' retrieved from /home/airflow/.local/lib/python3.8/site-packages/airflow/example_dags/example_kubernetes_executor.py
[2026-01-09T12:33:33.149+0000] {logging_mixin.py:188} INFO - [2026-01-09T12:33:33.148+0000] {dag.py:3036} INFO - Sync 1 DAGs
[2026-01-09T12:33:33.179+0000] {logging_mixin.py:188} INFO - [2026-01-09T12:33:33.179+0000] {dag.py:3823} INFO - Setting next_dagrun for example_kubernetes_executor to None, run_after=None
[2026-01-09T12:33:33.231+0000] {processor.py:183} INFO - Processing /home/airflow/.local/lib/python3.8/site-packages/airflow/example_dags/example_kubernetes_executor.py took 0.221 seconds
[2026-01-09T12:34:03.379+0000] {processor.py:161} INFO - Started process (PID=12478) to work on /home/airflow/.local/lib/python3.8/site-packages/airflow/example_dags/example_kubernetes_executor.py
[2026-01-09T12:34:03.380+0000] {processor.py:830} INFO - Processing file /home/airflow/.local/lib/python3.8/site-packages/airflow/example_dags/example_kubernetes_executor.py for tasks to queue
[2026-01-09T12:34:03.382+0000] {logging_mixin.py:188} INFO - [2026-01-09T12:34:03.381+0000] {dagbag.py:538} INFO - Filling up the DagBag from /home/airflow/.local/lib/python3.8/site-packages/airflow/example_dags/example_kubernetes_executor.py
[2026-01-09T12:34:03.407+0000] {processor.py:840} INFO - DAG(s) 'example_kubernetes_executor' retrieved from /home/airflow/.local/lib/python3.8/site-packages/airflow/example_dags/example_kubernetes_executor.py
[2026-01-09T12:34:03.484+0000] {logging_mixin.py:188} INFO - [2026-01-09T12:34:03.484+0000] {dag.py:3036} INFO - Sync 1 DAGs
[2026-01-09T12:34:03.508+0000] {logging_mixin.py:188} INFO - [2026-01-09T12:34:03.507+0000] {dag.py:3823} INFO - Setting next_dagrun for example_kubernetes_executor to None, run_after=None
[2026-01-09T12:34:03.559+0000] {processor.py:183} INFO - Processing /home/airflow/.local/lib/python3.8/site-packages/airflow/example_dags/example_kubernetes_executor.py took 0.189 seconds
[2026-01-09T12:34:34.121+0000] {processor.py:161} INFO - Started process (PID=12725) to work on /home/airflow/.local/lib/python3.8/site-packages/airflow/example_dags/example_kubernetes_executor.py
[2026-01-09T12:34:34.126+0000] {processor.py:830} INFO - Processing file /home/airflow/.local/lib/python3.8/site-packages/airflow/example_dags/example_kubernetes_executor.py for tasks to queue
[2026-01-09T12:34:34.129+0000] {logging_mixin.py:188} INFO - [2026-01-09T12:34:34.127+0000] {dagbag.py:538} INFO - Filling up the DagBag from /home/airflow/.local/lib/python3.8/site-packages/airflow/example_dags/example_kubernetes_executor.py
[2026-01-09T12:34:34.162+0000] {processor.py:840} INFO - DAG(s) 'example_kubernetes_executor' retrieved from /home/airflow/.local/lib/python3.8/site-packages/airflow/example_dags/example_kubernetes_executor.py
[2026-01-09T12:34:34.254+0000] {logging_mixin.py:188} INFO - [2026-01-09T12:34:34.254+0000] {dag.py:3036} INFO - Sync 1 DAGs
[2026-01-09T12:34:34.280+0000] {logging_mixin.py:188} INFO - [2026-01-09T12:34:34.279+0000] {dag.py:3823} INFO - Setting next_dagrun for example_kubernetes_executor to None, run_after=None
[2026-01-09T12:34:34.336+0000] {processor.py:183} INFO - Processing /home/airflow/.local/lib/python3.8/site-packages/airflow/example_dags/example_kubernetes_executor.py took 0.223 seconds
[2026-01-09T12:35:05.108+0000] {processor.py:161} INFO - Started process (PID=12972) to work on /home/airflow/.local/lib/python3.8/site-packages/airflow/example_dags/example_kubernetes_executor.py
[2026-01-09T12:35:05.110+0000] {processor.py:830} INFO - Processing file /home/airflow/.local/lib/python3.8/site-packages/airflow/example_dags/example_kubernetes_executor.py for tasks to queue
[2026-01-09T12:35:05.111+0000] {logging_mixin.py:188} INFO - [2026-01-09T12:35:05.111+0000] {dagbag.py:538} INFO - Filling up the DagBag from /home/airflow/.local/lib/python3.8/site-packages/airflow/example_dags/example_kubernetes_executor.py
[2026-01-09T12:35:05.133+0000] {processor.py:840} INFO - DAG(s) 'example_kubernetes_executor' retrieved from /home/airflow/.local/lib/python3.8/site-packages/airflow/example_dags/example_kubernetes_executor.py
[2026-01-09T12:35:05.195+0000] {logging_mixin.py:188} INFO - [2026-01-09T12:35:05.195+0000] {dag.py:3036} INFO - Sync 1 DAGs
[2026-01-09T12:35:05.214+0000] {logging_mixin.py:188} INFO - [2026-01-09T12:35:05.213+0000] {dag.py:3823} INFO - Setting next_dagrun for example_kubernetes_executor to None, run_after=None
[2026-01-09T12:35:05.254+0000] {processor.py:183} INFO - Processing /home/airflow/.local/lib/python3.8/site-packages/airflow/example_dags/example_kubernetes_executor.py took 0.153 seconds
[2026-01-09T12:35:35.802+0000] {processor.py:161} INFO - Started process (PID=13219) to work on /home/airflow/.local/lib/python3.8/site-packages/airflow/example_dags/example_kubernetes_executor.py
[2026-01-09T12:35:35.804+0000] {processor.py:830} INFO - Processing file /home/airflow/.local/lib/python3.8/site-packages/airflow/example_dags/example_kubernetes_executor.py for tasks to queue
[2026-01-09T12:35:35.806+0000] {logging_mixin.py:188} INFO - [2026-01-09T12:35:35.806+0000] {dagbag.py:538} INFO - Filling up the DagBag from /home/airflow/.local/lib/python3.8/site-packages/airflow/example_dags/example_kubernetes_executor.py
[2026-01-09T12:35:35.833+0000] {processor.py:840} INFO - DAG(s) 'example_kubernetes_executor' retrieved from /home/airflow/.local/lib/python3.8/site-packages/airflow/example_dags/example_kubernetes_executor.py
[2026-01-09T12:35:35.905+0000] {logging_mixin.py:188} INFO - [2026-01-09T12:35:35.905+0000] {dag.py:3036} INFO - Sync 1 DAGs
[2026-01-09T12:35:35.924+0000] {logging_mixin.py:188} INFO - [2026-01-09T12:35:35.924+0000] {dag.py:3823} INFO - Setting next_dagrun for example_kubernetes_executor to None, run_after=None
[2026-01-09T12:35:35.967+0000] {processor.py:183} INFO - Processing /home/airflow/.local/lib/python3.8/site-packages/airflow/example_dags/example_kubernetes_executor.py took 0.174 seconds
[2026-01-09T12:36:06.227+0000] {processor.py:161} INFO - Started process (PID=13466) to work on /home/airflow/.local/lib/python3.8/site-packages/airflow/example_dags/example_kubernetes_executor.py
[2026-01-09T12:36:06.228+0000] {processor.py:830} INFO - Processing file /home/airflow/.local/lib/python3.8/site-packages/airflow/example_dags/example_kubernetes_executor.py for tasks to queue
[2026-01-09T12:36:06.230+0000] {logging_mixin.py:188} INFO - [2026-01-09T12:36:06.229+0000] {dagbag.py:538} INFO - Filling up the DagBag from /home/airflow/.local/lib/python3.8/site-packages/airflow/example_dags/example_kubernetes_executor.py
[2026-01-09T12:36:06.254+0000] {processor.py:840} INFO - DAG(s) 'example_kubernetes_executor' retrieved from /home/airflow/.local/lib/python3.8/site-packages/airflow/example_dags/example_kubernetes_executor.py
[2026-01-09T12:36:06.346+0000] {logging_mixin.py:188} INFO - [2026-01-09T12:36:06.345+0000] {dag.py:3036} INFO - Sync 1 DAGs
[2026-01-09T12:36:06.371+0000] {logging_mixin.py:188} INFO - [2026-01-09T12:36:06.371+0000] {dag.py:3823} INFO - Setting next_dagrun for example_kubernetes_executor to None, run_after=None
[2026-01-09T12:36:06.422+0000] {processor.py:183} INFO - Processing /home/airflow/.local/lib/python3.8/site-packages/airflow/example_dags/example_kubernetes_executor.py took 0.202 seconds
[2026-01-09T12:36:37.395+0000] {processor.py:161} INFO - Started process (PID=13713) to work on /home/airflow/.local/lib/python3.8/site-packages/airflow/example_dags/example_kubernetes_executor.py
[2026-01-09T12:36:37.397+0000] {processor.py:830} INFO - Processing file /home/airflow/.local/lib/python3.8/site-packages/airflow/example_dags/example_kubernetes_executor.py for tasks to queue
[2026-01-09T12:36:37.399+0000] {logging_mixin.py:188} INFO - [2026-01-09T12:36:37.398+0000] {dagbag.py:538} INFO - Filling up the DagBag from /home/airflow/.local/lib/python3.8/site-packages/airflow/example_dags/example_kubernetes_executor.py
[2026-01-09T12:36:37.433+0000] {processor.py:840} INFO - DAG(s) 'example_kubernetes_executor' retrieved from /home/airflow/.local/lib/python3.8/site-packages/airflow/example_dags/example_kubernetes_executor.py
[2026-01-09T12:36:37.544+0000] {logging_mixin.py:188} INFO - [2026-01-09T12:36:37.544+0000] {dag.py:3036} INFO - Sync 1 DAGs
[2026-01-09T12:36:37.573+0000] {logging_mixin.py:188} INFO - [2026-01-09T12:36:37.573+0000] {dag.py:3823} INFO - Setting next_dagrun for example_kubernetes_executor to None, run_after=None
[2026-01-09T12:36:37.628+0000] {processor.py:183} INFO - Processing /home/airflow/.local/lib/python3.8/site-packages/airflow/example_dags/example_kubernetes_executor.py took 0.239 seconds
[2026-01-09T12:37:08.155+0000] {processor.py:161} INFO - Started process (PID=13962) to work on /home/airflow/.local/lib/python3.8/site-packages/airflow/example_dags/example_kubernetes_executor.py
[2026-01-09T12:37:08.157+0000] {processor.py:830} INFO - Processing file /home/airflow/.local/lib/python3.8/site-packages/airflow/example_dags/example_kubernetes_executor.py for tasks to queue
[2026-01-09T12:37:08.158+0000] {logging_mixin.py:188} INFO - [2026-01-09T12:37:08.157+0000] {dagbag.py:538} INFO - Filling up the DagBag from /home/airflow/.local/lib/python3.8/site-packages/airflow/example_dags/example_kubernetes_executor.py
[2026-01-09T12:37:08.182+0000] {processor.py:840} INFO - DAG(s) 'example_kubernetes_executor' retrieved from /home/airflow/.local/lib/python3.8/site-packages/airflow/example_dags/example_kubernetes_executor.py
[2026-01-09T12:37:08.251+0000] {logging_mixin.py:188} INFO - [2026-01-09T12:37:08.251+0000] {dag.py:3036} INFO - Sync 1 DAGs
[2026-01-09T12:37:08.272+0000] {logging_mixin.py:188} INFO - [2026-01-09T12:37:08.272+0000] {dag.py:3823} INFO - Setting next_dagrun for example_kubernetes_executor to None, run_after=None
[2026-01-09T12:37:08.308+0000] {processor.py:183} INFO - Processing /home/airflow/.local/lib/python3.8/site-packages/airflow/example_dags/example_kubernetes_executor.py took 0.160 seconds
[2026-01-09T12:37:38.877+0000] {processor.py:161} INFO - Started process (PID=14207) to work on /home/airflow/.local/lib/python3.8/site-packages/airflow/example_dags/example_kubernetes_executor.py
[2026-01-09T12:37:38.881+0000] {processor.py:830} INFO - Processing file /home/airflow/.local/lib/python3.8/site-packages/airflow/example_dags/example_kubernetes_executor.py for tasks to queue
[2026-01-09T12:37:38.882+0000] {logging_mixin.py:188} INFO - [2026-01-09T12:37:38.882+0000] {dagbag.py:538} INFO - Filling up the DagBag from /home/airflow/.local/lib/python3.8/site-packages/airflow/example_dags/example_kubernetes_executor.py
[2026-01-09T12:37:38.903+0000] {processor.py:840} INFO - DAG(s) 'example_kubernetes_executor' retrieved from /home/airflow/.local/lib/python3.8/site-packages/airflow/example_dags/example_kubernetes_executor.py
[2026-01-09T12:37:38.963+0000] {logging_mixin.py:188} INFO - [2026-01-09T12:37:38.962+0000] {dag.py:3036} INFO - Sync 1 DAGs
[2026-01-09T12:37:38.981+0000] {logging_mixin.py:188} INFO - [2026-01-09T12:37:38.980+0000] {dag.py:3823} INFO - Setting next_dagrun for example_kubernetes_executor to None, run_after=None
[2026-01-09T12:37:39.019+0000] {processor.py:183} INFO - Processing /home/airflow/.local/lib/python3.8/site-packages/airflow/example_dags/example_kubernetes_executor.py took 0.147 seconds
[2026-01-09T12:38:09.389+0000] {processor.py:161} INFO - Started process (PID=14454) to work on /home/airflow/.local/lib/python3.8/site-packages/airflow/example_dags/example_kubernetes_executor.py
[2026-01-09T12:38:09.390+0000] {processor.py:830} INFO - Processing file /home/airflow/.local/lib/python3.8/site-packages/airflow/example_dags/example_kubernetes_executor.py for tasks to queue
[2026-01-09T12:38:09.392+0000] {logging_mixin.py:188} INFO - [2026-01-09T12:38:09.392+0000] {dagbag.py:538} INFO - Filling up the DagBag from /home/airflow/.local/lib/python3.8/site-packages/airflow/example_dags/example_kubernetes_executor.py
[2026-01-09T12:38:09.417+0000] {processor.py:840} INFO - DAG(s) 'example_kubernetes_executor' retrieved from /home/airflow/.local/lib/python3.8/site-packages/airflow/example_dags/example_kubernetes_executor.py
[2026-01-09T12:38:09.482+0000] {logging_mixin.py:188} INFO - [2026-01-09T12:38:09.482+0000] {dag.py:3036} INFO - Sync 1 DAGs
[2026-01-09T12:38:09.502+0000] {logging_mixin.py:188} INFO - [2026-01-09T12:38:09.501+0000] {dag.py:3823} INFO - Setting next_dagrun for example_kubernetes_executor to None, run_after=None
[2026-01-09T12:38:09.547+0000] {processor.py:183} INFO - Processing /home/airflow/.local/lib/python3.8/site-packages/airflow/example_dags/example_kubernetes_executor.py took 0.165 seconds
[2026-01-09T12:38:39.822+0000] {processor.py:161} INFO - Started process (PID=14701) to work on /home/airflow/.local/lib/python3.8/site-packages/airflow/example_dags/example_kubernetes_executor.py
[2026-01-09T12:38:39.824+0000] {processor.py:830} INFO - Processing file /home/airflow/.local/lib/python3.8/site-packages/airflow/example_dags/example_kubernetes_executor.py for tasks to queue
[2026-01-09T12:38:39.826+0000] {logging_mixin.py:188} INFO - [2026-01-09T12:38:39.826+0000] {dagbag.py:538} INFO - Filling up the DagBag from /home/airflow/.local/lib/python3.8/site-packages/airflow/example_dags/example_kubernetes_executor.py
[2026-01-09T12:38:39.850+0000] {processor.py:840} INFO - DAG(s) 'example_kubernetes_executor' retrieved from /home/airflow/.local/lib/python3.8/site-packages/airflow/example_dags/example_kubernetes_executor.py
[2026-01-09T12:38:39.931+0000] {logging_mixin.py:188} INFO - [2026-01-09T12:38:39.931+0000] {dag.py:3036} INFO - Sync 1 DAGs
[2026-01-09T12:38:39.955+0000] {logging_mixin.py:188} INFO - [2026-01-09T12:38:39.955+0000] {dag.py:3823} INFO - Setting next_dagrun for example_kubernetes_executor to None, run_after=None
[2026-01-09T12:38:40.004+0000] {processor.py:183} INFO - Processing /home/airflow/.local/lib/python3.8/site-packages/airflow/example_dags/example_kubernetes_executor.py took 0.188 seconds
[2026-01-09T12:39:10.390+0000] {processor.py:161} INFO - Started process (PID=14943) to work on /home/airflow/.local/lib/python3.8/site-packages/airflow/example_dags/example_kubernetes_executor.py
[2026-01-09T12:39:10.394+0000] {processor.py:830} INFO - Processing file /home/airflow/.local/lib/python3.8/site-packages/airflow/example_dags/example_kubernetes_executor.py for tasks to queue
[2026-01-09T12:39:10.396+0000] {logging_mixin.py:188} INFO - [2026-01-09T12:39:10.395+0000] {dagbag.py:538} INFO - Filling up the DagBag from /home/airflow/.local/lib/python3.8/site-packages/airflow/example_dags/example_kubernetes_executor.py
[2026-01-09T12:39:10.417+0000] {processor.py:840} INFO - DAG(s) 'example_kubernetes_executor' retrieved from /home/airflow/.local/lib/python3.8/site-packages/airflow/example_dags/example_kubernetes_executor.py
[2026-01-09T12:39:10.478+0000] {logging_mixin.py:188} INFO - [2026-01-09T12:39:10.478+0000] {dag.py:3036} INFO - Sync 1 DAGs
[2026-01-09T12:39:10.496+0000] {logging_mixin.py:188} INFO - [2026-01-09T12:39:10.496+0000] {dag.py:3823} INFO - Setting next_dagrun for example_kubernetes_executor to None, run_after=None
[2026-01-09T12:39:10.536+0000] {processor.py:183} INFO - Processing /home/airflow/.local/lib/python3.8/site-packages/airflow/example_dags/example_kubernetes_executor.py took 0.152 seconds
[2026-01-09T12:39:40.698+0000] {processor.py:161} INFO - Started process (PID=15190) to work on /home/airflow/.local/lib/python3.8/site-packages/airflow/example_dags/example_kubernetes_executor.py
[2026-01-09T12:39:40.700+0000] {processor.py:830} INFO - Processing file /home/airflow/.local/lib/python3.8/site-packages/airflow/example_dags/example_kubernetes_executor.py for tasks to queue
[2026-01-09T12:39:40.702+0000] {logging_mixin.py:188} INFO - [2026-01-09T12:39:40.701+0000] {dagbag.py:538} INFO - Filling up the DagBag from /home/airflow/.local/lib/python3.8/site-packages/airflow/example_dags/example_kubernetes_executor.py
[2026-01-09T12:39:40.723+0000] {processor.py:840} INFO - DAG(s) 'example_kubernetes_executor' retrieved from /home/airflow/.local/lib/python3.8/site-packages/airflow/example_dags/example_kubernetes_executor.py
[2026-01-09T12:39:40.795+0000] {logging_mixin.py:188} INFO - [2026-01-09T12:39:40.795+0000] {dag.py:3036} INFO - Sync 1 DAGs
[2026-01-09T12:39:40.816+0000] {logging_mixin.py:188} INFO - [2026-01-09T12:39:40.815+0000] {dag.py:3823} INFO - Setting next_dagrun for example_kubernetes_executor to None, run_after=None
[2026-01-09T12:39:40.858+0000] {processor.py:183} INFO - Processing /home/airflow/.local/lib/python3.8/site-packages/airflow/example_dags/example_kubernetes_executor.py took 0.165 seconds
