[2026-01-09T12:09:00.069+0000] {processor.py:161} INFO - Started process (PID=389) to work on /home/airflow/.local/lib/python3.8/site-packages/airflow/example_dags/example_setup_teardown.py
[2026-01-09T12:09:00.071+0000] {processor.py:830} INFO - Processing file /home/airflow/.local/lib/python3.8/site-packages/airflow/example_dags/example_setup_teardown.py for tasks to queue
[2026-01-09T12:09:00.072+0000] {logging_mixin.py:188} INFO - [2026-01-09T12:09:00.072+0000] {dagbag.py:538} INFO - Filling up the DagBag from /home/airflow/.local/lib/python3.8/site-packages/airflow/example_dags/example_setup_teardown.py
[2026-01-09T12:09:00.085+0000] {processor.py:840} INFO - DAG(s) 'example_setup_teardown' retrieved from /home/airflow/.local/lib/python3.8/site-packages/airflow/example_dags/example_setup_teardown.py
[2026-01-09T12:09:00.259+0000] {logging_mixin.py:188} INFO - [2026-01-09T12:09:00.258+0000] {dag.py:3036} INFO - Sync 1 DAGs
[2026-01-09T12:09:00.297+0000] {logging_mixin.py:188} INFO - [2026-01-09T12:09:00.296+0000] {dag.py:3823} INFO - Setting next_dagrun for example_setup_teardown to 2026-01-08 00:00:00+00:00, run_after=2026-01-09 00:00:00+00:00
[2026-01-09T12:09:00.344+0000] {processor.py:183} INFO - Processing /home/airflow/.local/lib/python3.8/site-packages/airflow/example_dags/example_setup_teardown.py took 0.282 seconds
[2026-01-09T12:09:30.854+0000] {processor.py:161} INFO - Started process (PID=634) to work on /home/airflow/.local/lib/python3.8/site-packages/airflow/example_dags/example_setup_teardown.py
[2026-01-09T12:09:30.859+0000] {processor.py:830} INFO - Processing file /home/airflow/.local/lib/python3.8/site-packages/airflow/example_dags/example_setup_teardown.py for tasks to queue
[2026-01-09T12:09:30.861+0000] {logging_mixin.py:188} INFO - [2026-01-09T12:09:30.861+0000] {dagbag.py:538} INFO - Filling up the DagBag from /home/airflow/.local/lib/python3.8/site-packages/airflow/example_dags/example_setup_teardown.py
[2026-01-09T12:09:30.881+0000] {processor.py:840} INFO - DAG(s) 'example_setup_teardown' retrieved from /home/airflow/.local/lib/python3.8/site-packages/airflow/example_dags/example_setup_teardown.py
[2026-01-09T12:09:30.928+0000] {logging_mixin.py:188} INFO - [2026-01-09T12:09:30.927+0000] {dag.py:3036} INFO - Sync 1 DAGs
[2026-01-09T12:09:30.969+0000] {logging_mixin.py:188} INFO - [2026-01-09T12:09:30.968+0000] {dag.py:3823} INFO - Setting next_dagrun for example_setup_teardown to 2026-01-08 00:00:00+00:00, run_after=2026-01-09 00:00:00+00:00
[2026-01-09T12:09:31.011+0000] {processor.py:183} INFO - Processing /home/airflow/.local/lib/python3.8/site-packages/airflow/example_dags/example_setup_teardown.py took 0.170 seconds
[2026-01-09T12:10:01.254+0000] {processor.py:161} INFO - Started process (PID=881) to work on /home/airflow/.local/lib/python3.8/site-packages/airflow/example_dags/example_setup_teardown.py
[2026-01-09T12:10:01.257+0000] {processor.py:830} INFO - Processing file /home/airflow/.local/lib/python3.8/site-packages/airflow/example_dags/example_setup_teardown.py for tasks to queue
[2026-01-09T12:10:01.260+0000] {logging_mixin.py:188} INFO - [2026-01-09T12:10:01.259+0000] {dagbag.py:538} INFO - Filling up the DagBag from /home/airflow/.local/lib/python3.8/site-packages/airflow/example_dags/example_setup_teardown.py
[2026-01-09T12:10:01.276+0000] {processor.py:840} INFO - DAG(s) 'example_setup_teardown' retrieved from /home/airflow/.local/lib/python3.8/site-packages/airflow/example_dags/example_setup_teardown.py
[2026-01-09T12:10:01.317+0000] {logging_mixin.py:188} INFO - [2026-01-09T12:10:01.317+0000] {dag.py:3036} INFO - Sync 1 DAGs
[2026-01-09T12:10:01.354+0000] {logging_mixin.py:188} INFO - [2026-01-09T12:10:01.354+0000] {dag.py:3823} INFO - Setting next_dagrun for example_setup_teardown to 2026-01-08 00:00:00+00:00, run_after=2026-01-09 00:00:00+00:00
[2026-01-09T12:10:01.398+0000] {processor.py:183} INFO - Processing /home/airflow/.local/lib/python3.8/site-packages/airflow/example_dags/example_setup_teardown.py took 0.151 seconds
[2026-01-09T12:10:31.905+0000] {processor.py:161} INFO - Started process (PID=1128) to work on /home/airflow/.local/lib/python3.8/site-packages/airflow/example_dags/example_setup_teardown.py
[2026-01-09T12:10:31.910+0000] {processor.py:830} INFO - Processing file /home/airflow/.local/lib/python3.8/site-packages/airflow/example_dags/example_setup_teardown.py for tasks to queue
[2026-01-09T12:10:31.912+0000] {logging_mixin.py:188} INFO - [2026-01-09T12:10:31.911+0000] {dagbag.py:538} INFO - Filling up the DagBag from /home/airflow/.local/lib/python3.8/site-packages/airflow/example_dags/example_setup_teardown.py
[2026-01-09T12:10:31.949+0000] {processor.py:840} INFO - DAG(s) 'example_setup_teardown' retrieved from /home/airflow/.local/lib/python3.8/site-packages/airflow/example_dags/example_setup_teardown.py
[2026-01-09T12:10:32.082+0000] {logging_mixin.py:188} INFO - [2026-01-09T12:10:32.081+0000] {dag.py:3036} INFO - Sync 1 DAGs
[2026-01-09T12:10:32.178+0000] {logging_mixin.py:188} INFO - [2026-01-09T12:10:32.178+0000] {dag.py:3823} INFO - Setting next_dagrun for example_setup_teardown to 2026-01-08 00:00:00+00:00, run_after=2026-01-09 00:00:00+00:00
[2026-01-09T12:10:32.233+0000] {processor.py:183} INFO - Processing /home/airflow/.local/lib/python3.8/site-packages/airflow/example_dags/example_setup_teardown.py took 0.364 seconds
[2026-01-09T12:11:02.482+0000] {processor.py:161} INFO - Started process (PID=1377) to work on /home/airflow/.local/lib/python3.8/site-packages/airflow/example_dags/example_setup_teardown.py
[2026-01-09T12:11:02.485+0000] {processor.py:830} INFO - Processing file /home/airflow/.local/lib/python3.8/site-packages/airflow/example_dags/example_setup_teardown.py for tasks to queue
[2026-01-09T12:11:02.488+0000] {logging_mixin.py:188} INFO - [2026-01-09T12:11:02.487+0000] {dagbag.py:538} INFO - Filling up the DagBag from /home/airflow/.local/lib/python3.8/site-packages/airflow/example_dags/example_setup_teardown.py
[2026-01-09T12:11:02.505+0000] {processor.py:840} INFO - DAG(s) 'example_setup_teardown' retrieved from /home/airflow/.local/lib/python3.8/site-packages/airflow/example_dags/example_setup_teardown.py
[2026-01-09T12:11:02.558+0000] {logging_mixin.py:188} INFO - [2026-01-09T12:11:02.557+0000] {dag.py:3036} INFO - Sync 1 DAGs
[2026-01-09T12:11:02.619+0000] {logging_mixin.py:188} INFO - [2026-01-09T12:11:02.619+0000] {dag.py:3823} INFO - Setting next_dagrun for example_setup_teardown to 2026-01-08 00:00:00+00:00, run_after=2026-01-09 00:00:00+00:00
[2026-01-09T12:11:02.668+0000] {processor.py:183} INFO - Processing /home/airflow/.local/lib/python3.8/site-packages/airflow/example_dags/example_setup_teardown.py took 0.195 seconds
[2026-01-09T12:11:32.904+0000] {processor.py:161} INFO - Started process (PID=1622) to work on /home/airflow/.local/lib/python3.8/site-packages/airflow/example_dags/example_setup_teardown.py
[2026-01-09T12:11:32.906+0000] {processor.py:830} INFO - Processing file /home/airflow/.local/lib/python3.8/site-packages/airflow/example_dags/example_setup_teardown.py for tasks to queue
[2026-01-09T12:11:32.907+0000] {logging_mixin.py:188} INFO - [2026-01-09T12:11:32.907+0000] {dagbag.py:538} INFO - Filling up the DagBag from /home/airflow/.local/lib/python3.8/site-packages/airflow/example_dags/example_setup_teardown.py
[2026-01-09T12:11:32.921+0000] {processor.py:840} INFO - DAG(s) 'example_setup_teardown' retrieved from /home/airflow/.local/lib/python3.8/site-packages/airflow/example_dags/example_setup_teardown.py
[2026-01-09T12:11:32.962+0000] {logging_mixin.py:188} INFO - [2026-01-09T12:11:32.961+0000] {dag.py:3036} INFO - Sync 1 DAGs
[2026-01-09T12:11:33.002+0000] {logging_mixin.py:188} INFO - [2026-01-09T12:11:33.001+0000] {dag.py:3823} INFO - Setting next_dagrun for example_setup_teardown to 2026-01-08 00:00:00+00:00, run_after=2026-01-09 00:00:00+00:00
[2026-01-09T12:11:33.056+0000] {processor.py:183} INFO - Processing /home/airflow/.local/lib/python3.8/site-packages/airflow/example_dags/example_setup_teardown.py took 0.158 seconds
[2026-01-09T12:12:03.282+0000] {processor.py:161} INFO - Started process (PID=1870) to work on /home/airflow/.local/lib/python3.8/site-packages/airflow/example_dags/example_setup_teardown.py
[2026-01-09T12:12:03.284+0000] {processor.py:830} INFO - Processing file /home/airflow/.local/lib/python3.8/site-packages/airflow/example_dags/example_setup_teardown.py for tasks to queue
[2026-01-09T12:12:03.286+0000] {logging_mixin.py:188} INFO - [2026-01-09T12:12:03.285+0000] {dagbag.py:538} INFO - Filling up the DagBag from /home/airflow/.local/lib/python3.8/site-packages/airflow/example_dags/example_setup_teardown.py
[2026-01-09T12:12:03.303+0000] {processor.py:840} INFO - DAG(s) 'example_setup_teardown' retrieved from /home/airflow/.local/lib/python3.8/site-packages/airflow/example_dags/example_setup_teardown.py
[2026-01-09T12:12:03.356+0000] {logging_mixin.py:188} INFO - [2026-01-09T12:12:03.356+0000] {dag.py:3036} INFO - Sync 1 DAGs
[2026-01-09T12:12:03.408+0000] {logging_mixin.py:188} INFO - [2026-01-09T12:12:03.407+0000] {dag.py:3823} INFO - Setting next_dagrun for example_setup_teardown to 2026-01-08 00:00:00+00:00, run_after=2026-01-09 00:00:00+00:00
[2026-01-09T12:12:03.463+0000] {processor.py:183} INFO - Processing /home/airflow/.local/lib/python3.8/site-packages/airflow/example_dags/example_setup_teardown.py took 0.190 seconds
[2026-01-09T12:12:34.312+0000] {processor.py:161} INFO - Started process (PID=2119) to work on /home/airflow/.local/lib/python3.8/site-packages/airflow/example_dags/example_setup_teardown.py
[2026-01-09T12:12:34.315+0000] {processor.py:830} INFO - Processing file /home/airflow/.local/lib/python3.8/site-packages/airflow/example_dags/example_setup_teardown.py for tasks to queue
[2026-01-09T12:12:34.317+0000] {logging_mixin.py:188} INFO - [2026-01-09T12:12:34.316+0000] {dagbag.py:538} INFO - Filling up the DagBag from /home/airflow/.local/lib/python3.8/site-packages/airflow/example_dags/example_setup_teardown.py
[2026-01-09T12:12:34.331+0000] {processor.py:840} INFO - DAG(s) 'example_setup_teardown' retrieved from /home/airflow/.local/lib/python3.8/site-packages/airflow/example_dags/example_setup_teardown.py
[2026-01-09T12:12:34.371+0000] {logging_mixin.py:188} INFO - [2026-01-09T12:12:34.371+0000] {dag.py:3036} INFO - Sync 1 DAGs
[2026-01-09T12:12:34.407+0000] {logging_mixin.py:188} INFO - [2026-01-09T12:12:34.406+0000] {dag.py:3823} INFO - Setting next_dagrun for example_setup_teardown to 2026-01-08 00:00:00+00:00, run_after=2026-01-09 00:00:00+00:00
[2026-01-09T12:12:34.454+0000] {processor.py:183} INFO - Processing /home/airflow/.local/lib/python3.8/site-packages/airflow/example_dags/example_setup_teardown.py took 0.151 seconds
[2026-01-09T12:13:05.190+0000] {processor.py:161} INFO - Started process (PID=2366) to work on /home/airflow/.local/lib/python3.8/site-packages/airflow/example_dags/example_setup_teardown.py
[2026-01-09T12:13:05.192+0000] {processor.py:830} INFO - Processing file /home/airflow/.local/lib/python3.8/site-packages/airflow/example_dags/example_setup_teardown.py for tasks to queue
[2026-01-09T12:13:05.194+0000] {logging_mixin.py:188} INFO - [2026-01-09T12:13:05.193+0000] {dagbag.py:538} INFO - Filling up the DagBag from /home/airflow/.local/lib/python3.8/site-packages/airflow/example_dags/example_setup_teardown.py
[2026-01-09T12:13:05.210+0000] {processor.py:840} INFO - DAG(s) 'example_setup_teardown' retrieved from /home/airflow/.local/lib/python3.8/site-packages/airflow/example_dags/example_setup_teardown.py
[2026-01-09T12:13:05.270+0000] {logging_mixin.py:188} INFO - [2026-01-09T12:13:05.269+0000] {dag.py:3036} INFO - Sync 1 DAGs
[2026-01-09T12:13:05.315+0000] {logging_mixin.py:188} INFO - [2026-01-09T12:13:05.314+0000] {dag.py:3823} INFO - Setting next_dagrun for example_setup_teardown to 2026-01-08 00:00:00+00:00, run_after=2026-01-09 00:00:00+00:00
[2026-01-09T12:13:05.370+0000] {processor.py:183} INFO - Processing /home/airflow/.local/lib/python3.8/site-packages/airflow/example_dags/example_setup_teardown.py took 0.187 seconds
[2026-01-09T12:13:35.978+0000] {processor.py:161} INFO - Started process (PID=2611) to work on /home/airflow/.local/lib/python3.8/site-packages/airflow/example_dags/example_setup_teardown.py
[2026-01-09T12:13:35.980+0000] {processor.py:830} INFO - Processing file /home/airflow/.local/lib/python3.8/site-packages/airflow/example_dags/example_setup_teardown.py for tasks to queue
[2026-01-09T12:13:35.981+0000] {logging_mixin.py:188} INFO - [2026-01-09T12:13:35.981+0000] {dagbag.py:538} INFO - Filling up the DagBag from /home/airflow/.local/lib/python3.8/site-packages/airflow/example_dags/example_setup_teardown.py
[2026-01-09T12:13:35.995+0000] {processor.py:840} INFO - DAG(s) 'example_setup_teardown' retrieved from /home/airflow/.local/lib/python3.8/site-packages/airflow/example_dags/example_setup_teardown.py
[2026-01-09T12:13:36.036+0000] {logging_mixin.py:188} INFO - [2026-01-09T12:13:36.035+0000] {dag.py:3036} INFO - Sync 1 DAGs
[2026-01-09T12:13:36.074+0000] {logging_mixin.py:188} INFO - [2026-01-09T12:13:36.073+0000] {dag.py:3823} INFO - Setting next_dagrun for example_setup_teardown to 2026-01-08 00:00:00+00:00, run_after=2026-01-09 00:00:00+00:00
[2026-01-09T12:13:36.117+0000] {processor.py:183} INFO - Processing /home/airflow/.local/lib/python3.8/site-packages/airflow/example_dags/example_setup_teardown.py took 0.148 seconds
[2026-01-09T12:14:06.321+0000] {processor.py:161} INFO - Started process (PID=2858) to work on /home/airflow/.local/lib/python3.8/site-packages/airflow/example_dags/example_setup_teardown.py
[2026-01-09T12:14:06.323+0000] {processor.py:830} INFO - Processing file /home/airflow/.local/lib/python3.8/site-packages/airflow/example_dags/example_setup_teardown.py for tasks to queue
[2026-01-09T12:14:06.325+0000] {logging_mixin.py:188} INFO - [2026-01-09T12:14:06.324+0000] {dagbag.py:538} INFO - Filling up the DagBag from /home/airflow/.local/lib/python3.8/site-packages/airflow/example_dags/example_setup_teardown.py
[2026-01-09T12:14:06.338+0000] {processor.py:840} INFO - DAG(s) 'example_setup_teardown' retrieved from /home/airflow/.local/lib/python3.8/site-packages/airflow/example_dags/example_setup_teardown.py
[2026-01-09T12:14:06.381+0000] {logging_mixin.py:188} INFO - [2026-01-09T12:14:06.381+0000] {dag.py:3036} INFO - Sync 1 DAGs
[2026-01-09T12:14:06.423+0000] {logging_mixin.py:188} INFO - [2026-01-09T12:14:06.422+0000] {dag.py:3823} INFO - Setting next_dagrun for example_setup_teardown to 2026-01-08 00:00:00+00:00, run_after=2026-01-09 00:00:00+00:00
[2026-01-09T12:14:06.467+0000] {processor.py:183} INFO - Processing /home/airflow/.local/lib/python3.8/site-packages/airflow/example_dags/example_setup_teardown.py took 0.154 seconds
[2026-01-09T12:14:36.647+0000] {processor.py:161} INFO - Started process (PID=3105) to work on /home/airflow/.local/lib/python3.8/site-packages/airflow/example_dags/example_setup_teardown.py
[2026-01-09T12:14:36.649+0000] {processor.py:830} INFO - Processing file /home/airflow/.local/lib/python3.8/site-packages/airflow/example_dags/example_setup_teardown.py for tasks to queue
[2026-01-09T12:14:36.651+0000] {logging_mixin.py:188} INFO - [2026-01-09T12:14:36.650+0000] {dagbag.py:538} INFO - Filling up the DagBag from /home/airflow/.local/lib/python3.8/site-packages/airflow/example_dags/example_setup_teardown.py
[2026-01-09T12:14:36.663+0000] {processor.py:840} INFO - DAG(s) 'example_setup_teardown' retrieved from /home/airflow/.local/lib/python3.8/site-packages/airflow/example_dags/example_setup_teardown.py
[2026-01-09T12:14:36.703+0000] {logging_mixin.py:188} INFO - [2026-01-09T12:14:36.702+0000] {dag.py:3036} INFO - Sync 1 DAGs
[2026-01-09T12:14:36.738+0000] {logging_mixin.py:188} INFO - [2026-01-09T12:14:36.738+0000] {dag.py:3823} INFO - Setting next_dagrun for example_setup_teardown to 2026-01-08 00:00:00+00:00, run_after=2026-01-09 00:00:00+00:00
[2026-01-09T12:14:36.784+0000] {processor.py:183} INFO - Processing /home/airflow/.local/lib/python3.8/site-packages/airflow/example_dags/example_setup_teardown.py took 0.144 seconds
[2026-01-09T12:15:08.002+0000] {processor.py:161} INFO - Started process (PID=3352) to work on /home/airflow/.local/lib/python3.8/site-packages/airflow/example_dags/example_setup_teardown.py
[2026-01-09T12:15:08.105+0000] {processor.py:830} INFO - Processing file /home/airflow/.local/lib/python3.8/site-packages/airflow/example_dags/example_setup_teardown.py for tasks to queue
[2026-01-09T12:15:08.108+0000] {logging_mixin.py:188} INFO - [2026-01-09T12:15:08.107+0000] {dagbag.py:538} INFO - Filling up the DagBag from /home/airflow/.local/lib/python3.8/site-packages/airflow/example_dags/example_setup_teardown.py
[2026-01-09T12:15:08.130+0000] {processor.py:840} INFO - DAG(s) 'example_setup_teardown' retrieved from /home/airflow/.local/lib/python3.8/site-packages/airflow/example_dags/example_setup_teardown.py
[2026-01-09T12:15:08.201+0000] {logging_mixin.py:188} INFO - [2026-01-09T12:15:08.200+0000] {dag.py:3036} INFO - Sync 1 DAGs
[2026-01-09T12:15:08.283+0000] {logging_mixin.py:188} INFO - [2026-01-09T12:15:08.282+0000] {dag.py:3823} INFO - Setting next_dagrun for example_setup_teardown to 2026-01-08 00:00:00+00:00, run_after=2026-01-09 00:00:00+00:00
[2026-01-09T12:15:08.443+0000] {processor.py:183} INFO - Processing /home/airflow/.local/lib/python3.8/site-packages/airflow/example_dags/example_setup_teardown.py took 0.448 seconds
[2026-01-09T12:15:38.550+0000] {processor.py:161} INFO - Started process (PID=3596) to work on /home/airflow/.local/lib/python3.8/site-packages/airflow/example_dags/example_setup_teardown.py
[2026-01-09T12:15:38.552+0000] {processor.py:830} INFO - Processing file /home/airflow/.local/lib/python3.8/site-packages/airflow/example_dags/example_setup_teardown.py for tasks to queue
[2026-01-09T12:15:38.553+0000] {logging_mixin.py:188} INFO - [2026-01-09T12:15:38.553+0000] {dagbag.py:538} INFO - Filling up the DagBag from /home/airflow/.local/lib/python3.8/site-packages/airflow/example_dags/example_setup_teardown.py
[2026-01-09T12:15:38.566+0000] {processor.py:840} INFO - DAG(s) 'example_setup_teardown' retrieved from /home/airflow/.local/lib/python3.8/site-packages/airflow/example_dags/example_setup_teardown.py
[2026-01-09T12:15:38.609+0000] {logging_mixin.py:188} INFO - [2026-01-09T12:15:38.609+0000] {dag.py:3036} INFO - Sync 1 DAGs
[2026-01-09T12:15:38.646+0000] {logging_mixin.py:188} INFO - [2026-01-09T12:15:38.646+0000] {dag.py:3823} INFO - Setting next_dagrun for example_setup_teardown to 2026-01-08 00:00:00+00:00, run_after=2026-01-09 00:00:00+00:00
[2026-01-09T12:15:38.690+0000] {processor.py:183} INFO - Processing /home/airflow/.local/lib/python3.8/site-packages/airflow/example_dags/example_setup_teardown.py took 0.145 seconds
[2026-01-09T12:16:08.870+0000] {processor.py:161} INFO - Started process (PID=3842) to work on /home/airflow/.local/lib/python3.8/site-packages/airflow/example_dags/example_setup_teardown.py
[2026-01-09T12:16:08.872+0000] {processor.py:830} INFO - Processing file /home/airflow/.local/lib/python3.8/site-packages/airflow/example_dags/example_setup_teardown.py for tasks to queue
[2026-01-09T12:16:08.873+0000] {logging_mixin.py:188} INFO - [2026-01-09T12:16:08.873+0000] {dagbag.py:538} INFO - Filling up the DagBag from /home/airflow/.local/lib/python3.8/site-packages/airflow/example_dags/example_setup_teardown.py
[2026-01-09T12:16:08.889+0000] {processor.py:840} INFO - DAG(s) 'example_setup_teardown' retrieved from /home/airflow/.local/lib/python3.8/site-packages/airflow/example_dags/example_setup_teardown.py
[2026-01-09T12:16:08.930+0000] {logging_mixin.py:188} INFO - [2026-01-09T12:16:08.930+0000] {dag.py:3036} INFO - Sync 1 DAGs
[2026-01-09T12:16:08.966+0000] {logging_mixin.py:188} INFO - [2026-01-09T12:16:08.965+0000] {dag.py:3823} INFO - Setting next_dagrun for example_setup_teardown to 2026-01-08 00:00:00+00:00, run_after=2026-01-09 00:00:00+00:00
[2026-01-09T12:16:09.008+0000] {processor.py:183} INFO - Processing /home/airflow/.local/lib/python3.8/site-packages/airflow/example_dags/example_setup_teardown.py took 0.143 seconds
[2026-01-09T12:16:39.096+0000] {processor.py:161} INFO - Started process (PID=4087) to work on /home/airflow/.local/lib/python3.8/site-packages/airflow/example_dags/example_setup_teardown.py
[2026-01-09T12:16:39.099+0000] {processor.py:830} INFO - Processing file /home/airflow/.local/lib/python3.8/site-packages/airflow/example_dags/example_setup_teardown.py for tasks to queue
[2026-01-09T12:16:39.102+0000] {logging_mixin.py:188} INFO - [2026-01-09T12:16:39.101+0000] {dagbag.py:538} INFO - Filling up the DagBag from /home/airflow/.local/lib/python3.8/site-packages/airflow/example_dags/example_setup_teardown.py
[2026-01-09T12:16:39.125+0000] {processor.py:840} INFO - DAG(s) 'example_setup_teardown' retrieved from /home/airflow/.local/lib/python3.8/site-packages/airflow/example_dags/example_setup_teardown.py
[2026-01-09T12:16:39.215+0000] {logging_mixin.py:188} INFO - [2026-01-09T12:16:39.215+0000] {dag.py:3036} INFO - Sync 1 DAGs
[2026-01-09T12:16:39.274+0000] {logging_mixin.py:188} INFO - [2026-01-09T12:16:39.273+0000] {dag.py:3823} INFO - Setting next_dagrun for example_setup_teardown to 2026-01-08 00:00:00+00:00, run_after=2026-01-09 00:00:00+00:00
[2026-01-09T12:16:39.323+0000] {processor.py:183} INFO - Processing /home/airflow/.local/lib/python3.8/site-packages/airflow/example_dags/example_setup_teardown.py took 0.242 seconds
[2026-01-09T12:17:09.520+0000] {processor.py:161} INFO - Started process (PID=4336) to work on /home/airflow/.local/lib/python3.8/site-packages/airflow/example_dags/example_setup_teardown.py
[2026-01-09T12:17:09.522+0000] {processor.py:830} INFO - Processing file /home/airflow/.local/lib/python3.8/site-packages/airflow/example_dags/example_setup_teardown.py for tasks to queue
[2026-01-09T12:17:09.524+0000] {logging_mixin.py:188} INFO - [2026-01-09T12:17:09.524+0000] {dagbag.py:538} INFO - Filling up the DagBag from /home/airflow/.local/lib/python3.8/site-packages/airflow/example_dags/example_setup_teardown.py
[2026-01-09T12:17:09.537+0000] {processor.py:840} INFO - DAG(s) 'example_setup_teardown' retrieved from /home/airflow/.local/lib/python3.8/site-packages/airflow/example_dags/example_setup_teardown.py
[2026-01-09T12:17:09.575+0000] {logging_mixin.py:188} INFO - [2026-01-09T12:17:09.575+0000] {dag.py:3036} INFO - Sync 1 DAGs
[2026-01-09T12:17:09.610+0000] {logging_mixin.py:188} INFO - [2026-01-09T12:17:09.610+0000] {dag.py:3823} INFO - Setting next_dagrun for example_setup_teardown to 2026-01-08 00:00:00+00:00, run_after=2026-01-09 00:00:00+00:00
[2026-01-09T12:17:09.651+0000] {processor.py:183} INFO - Processing /home/airflow/.local/lib/python3.8/site-packages/airflow/example_dags/example_setup_teardown.py took 0.139 seconds
[2026-01-09T12:17:39.722+0000] {processor.py:161} INFO - Started process (PID=4581) to work on /home/airflow/.local/lib/python3.8/site-packages/airflow/example_dags/example_setup_teardown.py
[2026-01-09T12:17:39.724+0000] {processor.py:830} INFO - Processing file /home/airflow/.local/lib/python3.8/site-packages/airflow/example_dags/example_setup_teardown.py for tasks to queue
[2026-01-09T12:17:39.725+0000] {logging_mixin.py:188} INFO - [2026-01-09T12:17:39.725+0000] {dagbag.py:538} INFO - Filling up the DagBag from /home/airflow/.local/lib/python3.8/site-packages/airflow/example_dags/example_setup_teardown.py
[2026-01-09T12:17:39.737+0000] {processor.py:840} INFO - DAG(s) 'example_setup_teardown' retrieved from /home/airflow/.local/lib/python3.8/site-packages/airflow/example_dags/example_setup_teardown.py
[2026-01-09T12:17:39.777+0000] {logging_mixin.py:188} INFO - [2026-01-09T12:17:39.776+0000] {dag.py:3036} INFO - Sync 1 DAGs
[2026-01-09T12:17:39.813+0000] {logging_mixin.py:188} INFO - [2026-01-09T12:17:39.812+0000] {dag.py:3823} INFO - Setting next_dagrun for example_setup_teardown to 2026-01-08 00:00:00+00:00, run_after=2026-01-09 00:00:00+00:00
[2026-01-09T12:17:39.855+0000] {processor.py:183} INFO - Processing /home/airflow/.local/lib/python3.8/site-packages/airflow/example_dags/example_setup_teardown.py took 0.140 seconds
[2026-01-09T12:18:10.910+0000] {processor.py:161} INFO - Started process (PID=4833) to work on /home/airflow/.local/lib/python3.8/site-packages/airflow/example_dags/example_setup_teardown.py
[2026-01-09T12:18:10.913+0000] {processor.py:830} INFO - Processing file /home/airflow/.local/lib/python3.8/site-packages/airflow/example_dags/example_setup_teardown.py for tasks to queue
[2026-01-09T12:18:10.916+0000] {logging_mixin.py:188} INFO - [2026-01-09T12:18:10.915+0000] {dagbag.py:538} INFO - Filling up the DagBag from /home/airflow/.local/lib/python3.8/site-packages/airflow/example_dags/example_setup_teardown.py
[2026-01-09T12:18:10.931+0000] {processor.py:840} INFO - DAG(s) 'example_setup_teardown' retrieved from /home/airflow/.local/lib/python3.8/site-packages/airflow/example_dags/example_setup_teardown.py
[2026-01-09T12:18:10.978+0000] {logging_mixin.py:188} INFO - [2026-01-09T12:18:10.978+0000] {dag.py:3036} INFO - Sync 1 DAGs
[2026-01-09T12:18:11.018+0000] {logging_mixin.py:188} INFO - [2026-01-09T12:18:11.018+0000] {dag.py:3823} INFO - Setting next_dagrun for example_setup_teardown to 2026-01-08 00:00:00+00:00, run_after=2026-01-09 00:00:00+00:00
[2026-01-09T12:18:11.072+0000] {processor.py:183} INFO - Processing /home/airflow/.local/lib/python3.8/site-packages/airflow/example_dags/example_setup_teardown.py took 0.169 seconds
[2026-01-09T12:18:41.594+0000] {processor.py:161} INFO - Started process (PID=5080) to work on /home/airflow/.local/lib/python3.8/site-packages/airflow/example_dags/example_setup_teardown.py
[2026-01-09T12:18:41.596+0000] {processor.py:830} INFO - Processing file /home/airflow/.local/lib/python3.8/site-packages/airflow/example_dags/example_setup_teardown.py for tasks to queue
[2026-01-09T12:18:41.598+0000] {logging_mixin.py:188} INFO - [2026-01-09T12:18:41.597+0000] {dagbag.py:538} INFO - Filling up the DagBag from /home/airflow/.local/lib/python3.8/site-packages/airflow/example_dags/example_setup_teardown.py
[2026-01-09T12:18:41.611+0000] {processor.py:840} INFO - DAG(s) 'example_setup_teardown' retrieved from /home/airflow/.local/lib/python3.8/site-packages/airflow/example_dags/example_setup_teardown.py
[2026-01-09T12:18:41.655+0000] {logging_mixin.py:188} INFO - [2026-01-09T12:18:41.654+0000] {dag.py:3036} INFO - Sync 1 DAGs
[2026-01-09T12:18:41.704+0000] {logging_mixin.py:188} INFO - [2026-01-09T12:18:41.703+0000] {dag.py:3823} INFO - Setting next_dagrun for example_setup_teardown to 2026-01-08 00:00:00+00:00, run_after=2026-01-09 00:00:00+00:00
[2026-01-09T12:18:41.769+0000] {processor.py:183} INFO - Processing /home/airflow/.local/lib/python3.8/site-packages/airflow/example_dags/example_setup_teardown.py took 0.182 seconds
[2026-01-09T12:19:11.934+0000] {processor.py:161} INFO - Started process (PID=5327) to work on /home/airflow/.local/lib/python3.8/site-packages/airflow/example_dags/example_setup_teardown.py
[2026-01-09T12:19:11.935+0000] {processor.py:830} INFO - Processing file /home/airflow/.local/lib/python3.8/site-packages/airflow/example_dags/example_setup_teardown.py for tasks to queue
[2026-01-09T12:19:11.937+0000] {logging_mixin.py:188} INFO - [2026-01-09T12:19:11.936+0000] {dagbag.py:538} INFO - Filling up the DagBag from /home/airflow/.local/lib/python3.8/site-packages/airflow/example_dags/example_setup_teardown.py
[2026-01-09T12:19:11.950+0000] {processor.py:840} INFO - DAG(s) 'example_setup_teardown' retrieved from /home/airflow/.local/lib/python3.8/site-packages/airflow/example_dags/example_setup_teardown.py
[2026-01-09T12:19:11.992+0000] {logging_mixin.py:188} INFO - [2026-01-09T12:19:11.991+0000] {dag.py:3036} INFO - Sync 1 DAGs
[2026-01-09T12:19:12.029+0000] {logging_mixin.py:188} INFO - [2026-01-09T12:19:12.028+0000] {dag.py:3823} INFO - Setting next_dagrun for example_setup_teardown to 2026-01-08 00:00:00+00:00, run_after=2026-01-09 00:00:00+00:00
[2026-01-09T12:19:12.076+0000] {processor.py:183} INFO - Processing /home/airflow/.local/lib/python3.8/site-packages/airflow/example_dags/example_setup_teardown.py took 0.149 seconds
[2026-01-09T12:19:42.764+0000] {processor.py:161} INFO - Started process (PID=5574) to work on /home/airflow/.local/lib/python3.8/site-packages/airflow/example_dags/example_setup_teardown.py
[2026-01-09T12:19:42.773+0000] {processor.py:830} INFO - Processing file /home/airflow/.local/lib/python3.8/site-packages/airflow/example_dags/example_setup_teardown.py for tasks to queue
[2026-01-09T12:19:42.775+0000] {logging_mixin.py:188} INFO - [2026-01-09T12:19:42.774+0000] {dagbag.py:538} INFO - Filling up the DagBag from /home/airflow/.local/lib/python3.8/site-packages/airflow/example_dags/example_setup_teardown.py
[2026-01-09T12:19:42.790+0000] {processor.py:840} INFO - DAG(s) 'example_setup_teardown' retrieved from /home/airflow/.local/lib/python3.8/site-packages/airflow/example_dags/example_setup_teardown.py
[2026-01-09T12:19:42.837+0000] {logging_mixin.py:188} INFO - [2026-01-09T12:19:42.836+0000] {dag.py:3036} INFO - Sync 1 DAGs
[2026-01-09T12:19:42.882+0000] {logging_mixin.py:188} INFO - [2026-01-09T12:19:42.882+0000] {dag.py:3823} INFO - Setting next_dagrun for example_setup_teardown to 2026-01-08 00:00:00+00:00, run_after=2026-01-09 00:00:00+00:00
[2026-01-09T12:19:42.931+0000] {processor.py:183} INFO - Processing /home/airflow/.local/lib/python3.8/site-packages/airflow/example_dags/example_setup_teardown.py took 0.176 seconds
[2026-01-09T12:20:13.385+0000] {processor.py:161} INFO - Started process (PID=5821) to work on /home/airflow/.local/lib/python3.8/site-packages/airflow/example_dags/example_setup_teardown.py
[2026-01-09T12:20:13.422+0000] {processor.py:830} INFO - Processing file /home/airflow/.local/lib/python3.8/site-packages/airflow/example_dags/example_setup_teardown.py for tasks to queue
[2026-01-09T12:20:13.424+0000] {logging_mixin.py:188} INFO - [2026-01-09T12:20:13.423+0000] {dagbag.py:538} INFO - Filling up the DagBag from /home/airflow/.local/lib/python3.8/site-packages/airflow/example_dags/example_setup_teardown.py
[2026-01-09T12:20:13.444+0000] {processor.py:840} INFO - DAG(s) 'example_setup_teardown' retrieved from /home/airflow/.local/lib/python3.8/site-packages/airflow/example_dags/example_setup_teardown.py
[2026-01-09T12:20:13.493+0000] {logging_mixin.py:188} INFO - [2026-01-09T12:20:13.493+0000] {dag.py:3036} INFO - Sync 1 DAGs
[2026-01-09T12:20:13.536+0000] {logging_mixin.py:188} INFO - [2026-01-09T12:20:13.536+0000] {dag.py:3823} INFO - Setting next_dagrun for example_setup_teardown to 2026-01-08 00:00:00+00:00, run_after=2026-01-09 00:00:00+00:00
[2026-01-09T12:20:13.577+0000] {processor.py:183} INFO - Processing /home/airflow/.local/lib/python3.8/site-packages/airflow/example_dags/example_setup_teardown.py took 0.202 seconds
[2026-01-09T12:20:44.408+0000] {processor.py:161} INFO - Started process (PID=6068) to work on /home/airflow/.local/lib/python3.8/site-packages/airflow/example_dags/example_setup_teardown.py
[2026-01-09T12:20:44.414+0000] {processor.py:830} INFO - Processing file /home/airflow/.local/lib/python3.8/site-packages/airflow/example_dags/example_setup_teardown.py for tasks to queue
[2026-01-09T12:20:44.416+0000] {logging_mixin.py:188} INFO - [2026-01-09T12:20:44.416+0000] {dagbag.py:538} INFO - Filling up the DagBag from /home/airflow/.local/lib/python3.8/site-packages/airflow/example_dags/example_setup_teardown.py
[2026-01-09T12:20:44.435+0000] {processor.py:840} INFO - DAG(s) 'example_setup_teardown' retrieved from /home/airflow/.local/lib/python3.8/site-packages/airflow/example_dags/example_setup_teardown.py
[2026-01-09T12:20:44.491+0000] {logging_mixin.py:188} INFO - [2026-01-09T12:20:44.491+0000] {dag.py:3036} INFO - Sync 1 DAGs
[2026-01-09T12:20:44.549+0000] {logging_mixin.py:188} INFO - [2026-01-09T12:20:44.549+0000] {dag.py:3823} INFO - Setting next_dagrun for example_setup_teardown to 2026-01-08 00:00:00+00:00, run_after=2026-01-09 00:00:00+00:00
[2026-01-09T12:20:44.604+0000] {processor.py:183} INFO - Processing /home/airflow/.local/lib/python3.8/site-packages/airflow/example_dags/example_setup_teardown.py took 0.204 seconds
[2026-01-09T12:21:15.019+0000] {processor.py:161} INFO - Started process (PID=6315) to work on /home/airflow/.local/lib/python3.8/site-packages/airflow/example_dags/example_setup_teardown.py
[2026-01-09T12:21:15.024+0000] {processor.py:830} INFO - Processing file /home/airflow/.local/lib/python3.8/site-packages/airflow/example_dags/example_setup_teardown.py for tasks to queue
[2026-01-09T12:21:15.026+0000] {logging_mixin.py:188} INFO - [2026-01-09T12:21:15.025+0000] {dagbag.py:538} INFO - Filling up the DagBag from /home/airflow/.local/lib/python3.8/site-packages/airflow/example_dags/example_setup_teardown.py
[2026-01-09T12:21:15.039+0000] {processor.py:840} INFO - DAG(s) 'example_setup_teardown' retrieved from /home/airflow/.local/lib/python3.8/site-packages/airflow/example_dags/example_setup_teardown.py
[2026-01-09T12:21:15.084+0000] {logging_mixin.py:188} INFO - [2026-01-09T12:21:15.083+0000] {dag.py:3036} INFO - Sync 1 DAGs
[2026-01-09T12:21:15.137+0000] {logging_mixin.py:188} INFO - [2026-01-09T12:21:15.136+0000] {dag.py:3823} INFO - Setting next_dagrun for example_setup_teardown to 2026-01-08 00:00:00+00:00, run_after=2026-01-09 00:00:00+00:00
[2026-01-09T12:21:15.182+0000] {processor.py:183} INFO - Processing /home/airflow/.local/lib/python3.8/site-packages/airflow/example_dags/example_setup_teardown.py took 0.170 seconds
[2026-01-09T12:21:45.844+0000] {processor.py:161} INFO - Started process (PID=6564) to work on /home/airflow/.local/lib/python3.8/site-packages/airflow/example_dags/example_setup_teardown.py
[2026-01-09T12:21:45.846+0000] {processor.py:830} INFO - Processing file /home/airflow/.local/lib/python3.8/site-packages/airflow/example_dags/example_setup_teardown.py for tasks to queue
[2026-01-09T12:21:45.848+0000] {logging_mixin.py:188} INFO - [2026-01-09T12:21:45.847+0000] {dagbag.py:538} INFO - Filling up the DagBag from /home/airflow/.local/lib/python3.8/site-packages/airflow/example_dags/example_setup_teardown.py
[2026-01-09T12:21:45.866+0000] {processor.py:840} INFO - DAG(s) 'example_setup_teardown' retrieved from /home/airflow/.local/lib/python3.8/site-packages/airflow/example_dags/example_setup_teardown.py
[2026-01-09T12:21:45.912+0000] {logging_mixin.py:188} INFO - [2026-01-09T12:21:45.911+0000] {dag.py:3036} INFO - Sync 1 DAGs
[2026-01-09T12:21:45.954+0000] {logging_mixin.py:188} INFO - [2026-01-09T12:21:45.954+0000] {dag.py:3823} INFO - Setting next_dagrun for example_setup_teardown to 2026-01-08 00:00:00+00:00, run_after=2026-01-09 00:00:00+00:00
[2026-01-09T12:21:46.002+0000] {processor.py:183} INFO - Processing /home/airflow/.local/lib/python3.8/site-packages/airflow/example_dags/example_setup_teardown.py took 0.167 seconds
[2026-01-09T12:22:16.950+0000] {processor.py:161} INFO - Started process (PID=6810) to work on /home/airflow/.local/lib/python3.8/site-packages/airflow/example_dags/example_setup_teardown.py
[2026-01-09T12:22:16.952+0000] {processor.py:830} INFO - Processing file /home/airflow/.local/lib/python3.8/site-packages/airflow/example_dags/example_setup_teardown.py for tasks to queue
[2026-01-09T12:22:16.954+0000] {logging_mixin.py:188} INFO - [2026-01-09T12:22:16.954+0000] {dagbag.py:538} INFO - Filling up the DagBag from /home/airflow/.local/lib/python3.8/site-packages/airflow/example_dags/example_setup_teardown.py
[2026-01-09T12:22:16.967+0000] {processor.py:840} INFO - DAG(s) 'example_setup_teardown' retrieved from /home/airflow/.local/lib/python3.8/site-packages/airflow/example_dags/example_setup_teardown.py
[2026-01-09T12:22:17.010+0000] {logging_mixin.py:188} INFO - [2026-01-09T12:22:17.010+0000] {dag.py:3036} INFO - Sync 1 DAGs
[2026-01-09T12:22:17.054+0000] {logging_mixin.py:188} INFO - [2026-01-09T12:22:17.053+0000] {dag.py:3823} INFO - Setting next_dagrun for example_setup_teardown to 2026-01-08 00:00:00+00:00, run_after=2026-01-09 00:00:00+00:00
[2026-01-09T12:22:17.102+0000] {processor.py:183} INFO - Processing /home/airflow/.local/lib/python3.8/site-packages/airflow/example_dags/example_setup_teardown.py took 0.161 seconds
[2026-01-09T12:22:47.445+0000] {processor.py:161} INFO - Started process (PID=7057) to work on /home/airflow/.local/lib/python3.8/site-packages/airflow/example_dags/example_setup_teardown.py
[2026-01-09T12:22:47.448+0000] {processor.py:830} INFO - Processing file /home/airflow/.local/lib/python3.8/site-packages/airflow/example_dags/example_setup_teardown.py for tasks to queue
[2026-01-09T12:22:47.450+0000] {logging_mixin.py:188} INFO - [2026-01-09T12:22:47.449+0000] {dagbag.py:538} INFO - Filling up the DagBag from /home/airflow/.local/lib/python3.8/site-packages/airflow/example_dags/example_setup_teardown.py
[2026-01-09T12:22:47.472+0000] {processor.py:840} INFO - DAG(s) 'example_setup_teardown' retrieved from /home/airflow/.local/lib/python3.8/site-packages/airflow/example_dags/example_setup_teardown.py
[2026-01-09T12:22:47.536+0000] {logging_mixin.py:188} INFO - [2026-01-09T12:22:47.535+0000] {dag.py:3036} INFO - Sync 1 DAGs
[2026-01-09T12:22:47.585+0000] {logging_mixin.py:188} INFO - [2026-01-09T12:22:47.585+0000] {dag.py:3823} INFO - Setting next_dagrun for example_setup_teardown to 2026-01-08 00:00:00+00:00, run_after=2026-01-09 00:00:00+00:00
[2026-01-09T12:22:47.635+0000] {processor.py:183} INFO - Processing /home/airflow/.local/lib/python3.8/site-packages/airflow/example_dags/example_setup_teardown.py took 0.200 seconds
[2026-01-09T12:23:17.777+0000] {processor.py:161} INFO - Started process (PID=7304) to work on /home/airflow/.local/lib/python3.8/site-packages/airflow/example_dags/example_setup_teardown.py
[2026-01-09T12:23:17.780+0000] {processor.py:830} INFO - Processing file /home/airflow/.local/lib/python3.8/site-packages/airflow/example_dags/example_setup_teardown.py for tasks to queue
[2026-01-09T12:23:17.782+0000] {logging_mixin.py:188} INFO - [2026-01-09T12:23:17.781+0000] {dagbag.py:538} INFO - Filling up the DagBag from /home/airflow/.local/lib/python3.8/site-packages/airflow/example_dags/example_setup_teardown.py
[2026-01-09T12:23:17.799+0000] {processor.py:840} INFO - DAG(s) 'example_setup_teardown' retrieved from /home/airflow/.local/lib/python3.8/site-packages/airflow/example_dags/example_setup_teardown.py
[2026-01-09T12:23:17.844+0000] {logging_mixin.py:188} INFO - [2026-01-09T12:23:17.844+0000] {dag.py:3036} INFO - Sync 1 DAGs
[2026-01-09T12:23:17.887+0000] {logging_mixin.py:188} INFO - [2026-01-09T12:23:17.887+0000] {dag.py:3823} INFO - Setting next_dagrun for example_setup_teardown to 2026-01-08 00:00:00+00:00, run_after=2026-01-09 00:00:00+00:00
[2026-01-09T12:23:17.934+0000] {processor.py:183} INFO - Processing /home/airflow/.local/lib/python3.8/site-packages/airflow/example_dags/example_setup_teardown.py took 0.164 seconds
[2026-01-09T12:23:49.007+0000] {processor.py:161} INFO - Started process (PID=7551) to work on /home/airflow/.local/lib/python3.8/site-packages/airflow/example_dags/example_setup_teardown.py
[2026-01-09T12:23:49.009+0000] {processor.py:830} INFO - Processing file /home/airflow/.local/lib/python3.8/site-packages/airflow/example_dags/example_setup_teardown.py for tasks to queue
[2026-01-09T12:23:49.010+0000] {logging_mixin.py:188} INFO - [2026-01-09T12:23:49.010+0000] {dagbag.py:538} INFO - Filling up the DagBag from /home/airflow/.local/lib/python3.8/site-packages/airflow/example_dags/example_setup_teardown.py
[2026-01-09T12:23:49.025+0000] {processor.py:840} INFO - DAG(s) 'example_setup_teardown' retrieved from /home/airflow/.local/lib/python3.8/site-packages/airflow/example_dags/example_setup_teardown.py
[2026-01-09T12:23:49.068+0000] {logging_mixin.py:188} INFO - [2026-01-09T12:23:49.068+0000] {dag.py:3036} INFO - Sync 1 DAGs
[2026-01-09T12:23:49.109+0000] {logging_mixin.py:188} INFO - [2026-01-09T12:23:49.108+0000] {dag.py:3823} INFO - Setting next_dagrun for example_setup_teardown to 2026-01-08 00:00:00+00:00, run_after=2026-01-09 00:00:00+00:00
[2026-01-09T12:23:49.156+0000] {processor.py:183} INFO - Processing /home/airflow/.local/lib/python3.8/site-packages/airflow/example_dags/example_setup_teardown.py took 0.156 seconds
[2026-01-09T12:24:19.485+0000] {processor.py:161} INFO - Started process (PID=7799) to work on /home/airflow/.local/lib/python3.8/site-packages/airflow/example_dags/example_setup_teardown.py
[2026-01-09T12:24:19.490+0000] {processor.py:830} INFO - Processing file /home/airflow/.local/lib/python3.8/site-packages/airflow/example_dags/example_setup_teardown.py for tasks to queue
[2026-01-09T12:24:19.492+0000] {logging_mixin.py:188} INFO - [2026-01-09T12:24:19.492+0000] {dagbag.py:538} INFO - Filling up the DagBag from /home/airflow/.local/lib/python3.8/site-packages/airflow/example_dags/example_setup_teardown.py
[2026-01-09T12:24:19.506+0000] {processor.py:840} INFO - DAG(s) 'example_setup_teardown' retrieved from /home/airflow/.local/lib/python3.8/site-packages/airflow/example_dags/example_setup_teardown.py
[2026-01-09T12:24:19.552+0000] {logging_mixin.py:188} INFO - [2026-01-09T12:24:19.551+0000] {dag.py:3036} INFO - Sync 1 DAGs
[2026-01-09T12:24:19.596+0000] {logging_mixin.py:188} INFO - [2026-01-09T12:24:19.595+0000] {dag.py:3823} INFO - Setting next_dagrun for example_setup_teardown to 2026-01-08 00:00:00+00:00, run_after=2026-01-09 00:00:00+00:00
[2026-01-09T12:24:19.644+0000] {processor.py:183} INFO - Processing /home/airflow/.local/lib/python3.8/site-packages/airflow/example_dags/example_setup_teardown.py took 0.166 seconds
[2026-01-09T12:24:49.988+0000] {processor.py:161} INFO - Started process (PID=8046) to work on /home/airflow/.local/lib/python3.8/site-packages/airflow/example_dags/example_setup_teardown.py
[2026-01-09T12:24:49.990+0000] {processor.py:830} INFO - Processing file /home/airflow/.local/lib/python3.8/site-packages/airflow/example_dags/example_setup_teardown.py for tasks to queue
[2026-01-09T12:24:49.991+0000] {logging_mixin.py:188} INFO - [2026-01-09T12:24:49.991+0000] {dagbag.py:538} INFO - Filling up the DagBag from /home/airflow/.local/lib/python3.8/site-packages/airflow/example_dags/example_setup_teardown.py
[2026-01-09T12:24:50.006+0000] {processor.py:840} INFO - DAG(s) 'example_setup_teardown' retrieved from /home/airflow/.local/lib/python3.8/site-packages/airflow/example_dags/example_setup_teardown.py
[2026-01-09T12:24:50.054+0000] {logging_mixin.py:188} INFO - [2026-01-09T12:24:50.053+0000] {dag.py:3036} INFO - Sync 1 DAGs
[2026-01-09T12:24:50.104+0000] {logging_mixin.py:188} INFO - [2026-01-09T12:24:50.104+0000] {dag.py:3823} INFO - Setting next_dagrun for example_setup_teardown to 2026-01-08 00:00:00+00:00, run_after=2026-01-09 00:00:00+00:00
[2026-01-09T12:24:50.159+0000] {processor.py:183} INFO - Processing /home/airflow/.local/lib/python3.8/site-packages/airflow/example_dags/example_setup_teardown.py took 0.178 seconds
[2026-01-09T12:25:20.839+0000] {processor.py:161} INFO - Started process (PID=8293) to work on /home/airflow/.local/lib/python3.8/site-packages/airflow/example_dags/example_setup_teardown.py
[2026-01-09T12:25:20.843+0000] {processor.py:830} INFO - Processing file /home/airflow/.local/lib/python3.8/site-packages/airflow/example_dags/example_setup_teardown.py for tasks to queue
[2026-01-09T12:25:20.844+0000] {logging_mixin.py:188} INFO - [2026-01-09T12:25:20.844+0000] {dagbag.py:538} INFO - Filling up the DagBag from /home/airflow/.local/lib/python3.8/site-packages/airflow/example_dags/example_setup_teardown.py
[2026-01-09T12:25:20.860+0000] {processor.py:840} INFO - DAG(s) 'example_setup_teardown' retrieved from /home/airflow/.local/lib/python3.8/site-packages/airflow/example_dags/example_setup_teardown.py
[2026-01-09T12:25:20.909+0000] {logging_mixin.py:188} INFO - [2026-01-09T12:25:20.909+0000] {dag.py:3036} INFO - Sync 1 DAGs
[2026-01-09T12:25:20.956+0000] {logging_mixin.py:188} INFO - [2026-01-09T12:25:20.956+0000] {dag.py:3823} INFO - Setting next_dagrun for example_setup_teardown to 2026-01-08 00:00:00+00:00, run_after=2026-01-09 00:00:00+00:00
[2026-01-09T12:25:21.003+0000] {processor.py:183} INFO - Processing /home/airflow/.local/lib/python3.8/site-packages/airflow/example_dags/example_setup_teardown.py took 0.173 seconds
[2026-01-09T12:25:51.230+0000] {processor.py:161} INFO - Started process (PID=8541) to work on /home/airflow/.local/lib/python3.8/site-packages/airflow/example_dags/example_setup_teardown.py
[2026-01-09T12:25:51.231+0000] {processor.py:830} INFO - Processing file /home/airflow/.local/lib/python3.8/site-packages/airflow/example_dags/example_setup_teardown.py for tasks to queue
[2026-01-09T12:25:51.232+0000] {logging_mixin.py:188} INFO - [2026-01-09T12:25:51.232+0000] {dagbag.py:538} INFO - Filling up the DagBag from /home/airflow/.local/lib/python3.8/site-packages/airflow/example_dags/example_setup_teardown.py
[2026-01-09T12:25:51.245+0000] {processor.py:840} INFO - DAG(s) 'example_setup_teardown' retrieved from /home/airflow/.local/lib/python3.8/site-packages/airflow/example_dags/example_setup_teardown.py
[2026-01-09T12:25:51.287+0000] {logging_mixin.py:188} INFO - [2026-01-09T12:25:51.287+0000] {dag.py:3036} INFO - Sync 1 DAGs
[2026-01-09T12:25:51.326+0000] {logging_mixin.py:188} INFO - [2026-01-09T12:25:51.325+0000] {dag.py:3823} INFO - Setting next_dagrun for example_setup_teardown to 2026-01-08 00:00:00+00:00, run_after=2026-01-09 00:00:00+00:00
[2026-01-09T12:25:51.375+0000] {processor.py:183} INFO - Processing /home/airflow/.local/lib/python3.8/site-packages/airflow/example_dags/example_setup_teardown.py took 0.151 seconds
[2026-01-09T12:26:22.122+0000] {processor.py:161} INFO - Started process (PID=8788) to work on /home/airflow/.local/lib/python3.8/site-packages/airflow/example_dags/example_setup_teardown.py
[2026-01-09T12:26:22.147+0000] {processor.py:830} INFO - Processing file /home/airflow/.local/lib/python3.8/site-packages/airflow/example_dags/example_setup_teardown.py for tasks to queue
[2026-01-09T12:26:22.149+0000] {logging_mixin.py:188} INFO - [2026-01-09T12:26:22.148+0000] {dagbag.py:538} INFO - Filling up the DagBag from /home/airflow/.local/lib/python3.8/site-packages/airflow/example_dags/example_setup_teardown.py
[2026-01-09T12:26:22.168+0000] {processor.py:840} INFO - DAG(s) 'example_setup_teardown' retrieved from /home/airflow/.local/lib/python3.8/site-packages/airflow/example_dags/example_setup_teardown.py
[2026-01-09T12:26:22.211+0000] {logging_mixin.py:188} INFO - [2026-01-09T12:26:22.210+0000] {dag.py:3036} INFO - Sync 1 DAGs
[2026-01-09T12:26:22.247+0000] {logging_mixin.py:188} INFO - [2026-01-09T12:26:22.247+0000] {dag.py:3823} INFO - Setting next_dagrun for example_setup_teardown to 2026-01-08 00:00:00+00:00, run_after=2026-01-09 00:00:00+00:00
[2026-01-09T12:26:22.292+0000] {processor.py:183} INFO - Processing /home/airflow/.local/lib/python3.8/site-packages/airflow/example_dags/example_setup_teardown.py took 0.177 seconds
[2026-01-09T12:26:53.176+0000] {processor.py:161} INFO - Started process (PID=9037) to work on /home/airflow/.local/lib/python3.8/site-packages/airflow/example_dags/example_setup_teardown.py
[2026-01-09T12:26:53.179+0000] {processor.py:830} INFO - Processing file /home/airflow/.local/lib/python3.8/site-packages/airflow/example_dags/example_setup_teardown.py for tasks to queue
[2026-01-09T12:26:53.181+0000] {logging_mixin.py:188} INFO - [2026-01-09T12:26:53.181+0000] {dagbag.py:538} INFO - Filling up the DagBag from /home/airflow/.local/lib/python3.8/site-packages/airflow/example_dags/example_setup_teardown.py
[2026-01-09T12:26:53.195+0000] {processor.py:840} INFO - DAG(s) 'example_setup_teardown' retrieved from /home/airflow/.local/lib/python3.8/site-packages/airflow/example_dags/example_setup_teardown.py
[2026-01-09T12:26:53.243+0000] {logging_mixin.py:188} INFO - [2026-01-09T12:26:53.243+0000] {dag.py:3036} INFO - Sync 1 DAGs
[2026-01-09T12:26:53.290+0000] {logging_mixin.py:188} INFO - [2026-01-09T12:26:53.290+0000] {dag.py:3823} INFO - Setting next_dagrun for example_setup_teardown to 2026-01-08 00:00:00+00:00, run_after=2026-01-09 00:00:00+00:00
[2026-01-09T12:26:53.343+0000] {processor.py:183} INFO - Processing /home/airflow/.local/lib/python3.8/site-packages/airflow/example_dags/example_setup_teardown.py took 0.172 seconds
[2026-01-09T12:27:23.480+0000] {processor.py:161} INFO - Started process (PID=9290) to work on /home/airflow/.local/lib/python3.8/site-packages/airflow/example_dags/example_setup_teardown.py
[2026-01-09T12:27:23.483+0000] {processor.py:830} INFO - Processing file /home/airflow/.local/lib/python3.8/site-packages/airflow/example_dags/example_setup_teardown.py for tasks to queue
[2026-01-09T12:27:23.484+0000] {logging_mixin.py:188} INFO - [2026-01-09T12:27:23.484+0000] {dagbag.py:538} INFO - Filling up the DagBag from /home/airflow/.local/lib/python3.8/site-packages/airflow/example_dags/example_setup_teardown.py
[2026-01-09T12:27:23.496+0000] {processor.py:840} INFO - DAG(s) 'example_setup_teardown' retrieved from /home/airflow/.local/lib/python3.8/site-packages/airflow/example_dags/example_setup_teardown.py
[2026-01-09T12:27:23.536+0000] {logging_mixin.py:188} INFO - [2026-01-09T12:27:23.536+0000] {dag.py:3036} INFO - Sync 1 DAGs
[2026-01-09T12:27:23.574+0000] {logging_mixin.py:188} INFO - [2026-01-09T12:27:23.574+0000] {dag.py:3823} INFO - Setting next_dagrun for example_setup_teardown to 2026-01-08 00:00:00+00:00, run_after=2026-01-09 00:00:00+00:00
[2026-01-09T12:27:23.623+0000] {processor.py:183} INFO - Processing /home/airflow/.local/lib/python3.8/site-packages/airflow/example_dags/example_setup_teardown.py took 0.151 seconds
[2026-01-09T12:27:53.804+0000] {processor.py:161} INFO - Started process (PID=9535) to work on /home/airflow/.local/lib/python3.8/site-packages/airflow/example_dags/example_setup_teardown.py
[2026-01-09T12:27:53.806+0000] {processor.py:830} INFO - Processing file /home/airflow/.local/lib/python3.8/site-packages/airflow/example_dags/example_setup_teardown.py for tasks to queue
[2026-01-09T12:27:53.808+0000] {logging_mixin.py:188} INFO - [2026-01-09T12:27:53.807+0000] {dagbag.py:538} INFO - Filling up the DagBag from /home/airflow/.local/lib/python3.8/site-packages/airflow/example_dags/example_setup_teardown.py
[2026-01-09T12:27:53.820+0000] {processor.py:840} INFO - DAG(s) 'example_setup_teardown' retrieved from /home/airflow/.local/lib/python3.8/site-packages/airflow/example_dags/example_setup_teardown.py
[2026-01-09T12:27:53.861+0000] {logging_mixin.py:188} INFO - [2026-01-09T12:27:53.861+0000] {dag.py:3036} INFO - Sync 1 DAGs
[2026-01-09T12:27:53.905+0000] {logging_mixin.py:188} INFO - [2026-01-09T12:27:53.904+0000] {dag.py:3823} INFO - Setting next_dagrun for example_setup_teardown to 2026-01-08 00:00:00+00:00, run_after=2026-01-09 00:00:00+00:00
[2026-01-09T12:27:53.956+0000] {processor.py:183} INFO - Processing /home/airflow/.local/lib/python3.8/site-packages/airflow/example_dags/example_setup_teardown.py took 0.158 seconds
[2026-01-09T12:28:25.531+0000] {processor.py:161} INFO - Started process (PID=9784) to work on /home/airflow/.local/lib/python3.8/site-packages/airflow/example_dags/example_setup_teardown.py
[2026-01-09T12:28:25.533+0000] {processor.py:830} INFO - Processing file /home/airflow/.local/lib/python3.8/site-packages/airflow/example_dags/example_setup_teardown.py for tasks to queue
[2026-01-09T12:28:25.535+0000] {logging_mixin.py:188} INFO - [2026-01-09T12:28:25.534+0000] {dagbag.py:538} INFO - Filling up the DagBag from /home/airflow/.local/lib/python3.8/site-packages/airflow/example_dags/example_setup_teardown.py
[2026-01-09T12:28:25.550+0000] {processor.py:840} INFO - DAG(s) 'example_setup_teardown' retrieved from /home/airflow/.local/lib/python3.8/site-packages/airflow/example_dags/example_setup_teardown.py
[2026-01-09T12:28:25.591+0000] {logging_mixin.py:188} INFO - [2026-01-09T12:28:25.591+0000] {dag.py:3036} INFO - Sync 1 DAGs
[2026-01-09T12:28:25.630+0000] {logging_mixin.py:188} INFO - [2026-01-09T12:28:25.630+0000] {dag.py:3823} INFO - Setting next_dagrun for example_setup_teardown to 2026-01-08 00:00:00+00:00, run_after=2026-01-09 00:00:00+00:00
[2026-01-09T12:28:25.673+0000] {processor.py:183} INFO - Processing /home/airflow/.local/lib/python3.8/site-packages/airflow/example_dags/example_setup_teardown.py took 0.148 seconds
[2026-01-09T12:28:55.948+0000] {processor.py:161} INFO - Started process (PID=10029) to work on /home/airflow/.local/lib/python3.8/site-packages/airflow/example_dags/example_setup_teardown.py
[2026-01-09T12:28:55.951+0000] {processor.py:830} INFO - Processing file /home/airflow/.local/lib/python3.8/site-packages/airflow/example_dags/example_setup_teardown.py for tasks to queue
[2026-01-09T12:28:55.953+0000] {logging_mixin.py:188} INFO - [2026-01-09T12:28:55.952+0000] {dagbag.py:538} INFO - Filling up the DagBag from /home/airflow/.local/lib/python3.8/site-packages/airflow/example_dags/example_setup_teardown.py
[2026-01-09T12:28:55.968+0000] {processor.py:840} INFO - DAG(s) 'example_setup_teardown' retrieved from /home/airflow/.local/lib/python3.8/site-packages/airflow/example_dags/example_setup_teardown.py
[2026-01-09T12:28:56.012+0000] {logging_mixin.py:188} INFO - [2026-01-09T12:28:56.012+0000] {dag.py:3036} INFO - Sync 1 DAGs
[2026-01-09T12:28:56.059+0000] {logging_mixin.py:188} INFO - [2026-01-09T12:28:56.059+0000] {dag.py:3823} INFO - Setting next_dagrun for example_setup_teardown to 2026-01-08 00:00:00+00:00, run_after=2026-01-09 00:00:00+00:00
[2026-01-09T12:28:56.110+0000] {processor.py:183} INFO - Processing /home/airflow/.local/lib/python3.8/site-packages/airflow/example_dags/example_setup_teardown.py took 0.169 seconds
[2026-01-09T12:29:26.930+0000] {processor.py:161} INFO - Started process (PID=10276) to work on /home/airflow/.local/lib/python3.8/site-packages/airflow/example_dags/example_setup_teardown.py
[2026-01-09T12:29:26.933+0000] {processor.py:830} INFO - Processing file /home/airflow/.local/lib/python3.8/site-packages/airflow/example_dags/example_setup_teardown.py for tasks to queue
[2026-01-09T12:29:26.935+0000] {logging_mixin.py:188} INFO - [2026-01-09T12:29:26.934+0000] {dagbag.py:538} INFO - Filling up the DagBag from /home/airflow/.local/lib/python3.8/site-packages/airflow/example_dags/example_setup_teardown.py
[2026-01-09T12:29:26.950+0000] {processor.py:840} INFO - DAG(s) 'example_setup_teardown' retrieved from /home/airflow/.local/lib/python3.8/site-packages/airflow/example_dags/example_setup_teardown.py
[2026-01-09T12:29:26.990+0000] {logging_mixin.py:188} INFO - [2026-01-09T12:29:26.990+0000] {dag.py:3036} INFO - Sync 1 DAGs
[2026-01-09T12:29:27.030+0000] {logging_mixin.py:188} INFO - [2026-01-09T12:29:27.030+0000] {dag.py:3823} INFO - Setting next_dagrun for example_setup_teardown to 2026-01-08 00:00:00+00:00, run_after=2026-01-09 00:00:00+00:00
[2026-01-09T12:29:27.078+0000] {processor.py:183} INFO - Processing /home/airflow/.local/lib/python3.8/site-packages/airflow/example_dags/example_setup_teardown.py took 0.156 seconds
[2026-01-09T12:29:57.480+0000] {processor.py:161} INFO - Started process (PID=10524) to work on /home/airflow/.local/lib/python3.8/site-packages/airflow/example_dags/example_setup_teardown.py
[2026-01-09T12:29:57.482+0000] {processor.py:830} INFO - Processing file /home/airflow/.local/lib/python3.8/site-packages/airflow/example_dags/example_setup_teardown.py for tasks to queue
[2026-01-09T12:29:57.484+0000] {logging_mixin.py:188} INFO - [2026-01-09T12:29:57.483+0000] {dagbag.py:538} INFO - Filling up the DagBag from /home/airflow/.local/lib/python3.8/site-packages/airflow/example_dags/example_setup_teardown.py
[2026-01-09T12:29:57.497+0000] {processor.py:840} INFO - DAG(s) 'example_setup_teardown' retrieved from /home/airflow/.local/lib/python3.8/site-packages/airflow/example_dags/example_setup_teardown.py
[2026-01-09T12:29:57.545+0000] {logging_mixin.py:188} INFO - [2026-01-09T12:29:57.545+0000] {dag.py:3036} INFO - Sync 1 DAGs
[2026-01-09T12:29:57.599+0000] {logging_mixin.py:188} INFO - [2026-01-09T12:29:57.598+0000] {dag.py:3823} INFO - Setting next_dagrun for example_setup_teardown to 2026-01-08 00:00:00+00:00, run_after=2026-01-09 00:00:00+00:00
[2026-01-09T12:29:57.652+0000] {processor.py:183} INFO - Processing /home/airflow/.local/lib/python3.8/site-packages/airflow/example_dags/example_setup_teardown.py took 0.179 seconds
[2026-01-09T12:30:28.237+0000] {processor.py:161} INFO - Started process (PID=10771) to work on /home/airflow/.local/lib/python3.8/site-packages/airflow/example_dags/example_setup_teardown.py
[2026-01-09T12:30:28.240+0000] {processor.py:830} INFO - Processing file /home/airflow/.local/lib/python3.8/site-packages/airflow/example_dags/example_setup_teardown.py for tasks to queue
[2026-01-09T12:30:28.241+0000] {logging_mixin.py:188} INFO - [2026-01-09T12:30:28.241+0000] {dagbag.py:538} INFO - Filling up the DagBag from /home/airflow/.local/lib/python3.8/site-packages/airflow/example_dags/example_setup_teardown.py
[2026-01-09T12:30:28.255+0000] {processor.py:840} INFO - DAG(s) 'example_setup_teardown' retrieved from /home/airflow/.local/lib/python3.8/site-packages/airflow/example_dags/example_setup_teardown.py
[2026-01-09T12:30:28.297+0000] {logging_mixin.py:188} INFO - [2026-01-09T12:30:28.296+0000] {dag.py:3036} INFO - Sync 1 DAGs
[2026-01-09T12:30:28.345+0000] {logging_mixin.py:188} INFO - [2026-01-09T12:30:28.344+0000] {dag.py:3823} INFO - Setting next_dagrun for example_setup_teardown to 2026-01-08 00:00:00+00:00, run_after=2026-01-09 00:00:00+00:00
[2026-01-09T12:30:28.388+0000] {processor.py:183} INFO - Processing /home/airflow/.local/lib/python3.8/site-packages/airflow/example_dags/example_setup_teardown.py took 0.157 seconds
[2026-01-09T12:30:59.758+0000] {processor.py:161} INFO - Started process (PID=11018) to work on /home/airflow/.local/lib/python3.8/site-packages/airflow/example_dags/example_setup_teardown.py
[2026-01-09T12:30:59.761+0000] {processor.py:830} INFO - Processing file /home/airflow/.local/lib/python3.8/site-packages/airflow/example_dags/example_setup_teardown.py for tasks to queue
[2026-01-09T12:30:59.763+0000] {logging_mixin.py:188} INFO - [2026-01-09T12:30:59.762+0000] {dagbag.py:538} INFO - Filling up the DagBag from /home/airflow/.local/lib/python3.8/site-packages/airflow/example_dags/example_setup_teardown.py
[2026-01-09T12:30:59.776+0000] {processor.py:840} INFO - DAG(s) 'example_setup_teardown' retrieved from /home/airflow/.local/lib/python3.8/site-packages/airflow/example_dags/example_setup_teardown.py
[2026-01-09T12:30:59.816+0000] {logging_mixin.py:188} INFO - [2026-01-09T12:30:59.815+0000] {dag.py:3036} INFO - Sync 1 DAGs
[2026-01-09T12:30:59.854+0000] {logging_mixin.py:188} INFO - [2026-01-09T12:30:59.854+0000] {dag.py:3823} INFO - Setting next_dagrun for example_setup_teardown to 2026-01-08 00:00:00+00:00, run_after=2026-01-09 00:00:00+00:00
[2026-01-09T12:30:59.898+0000] {processor.py:183} INFO - Processing /home/airflow/.local/lib/python3.8/site-packages/airflow/example_dags/example_setup_teardown.py took 0.146 seconds
[2026-01-09T12:31:30.453+0000] {processor.py:161} INFO - Started process (PID=11264) to work on /home/airflow/.local/lib/python3.8/site-packages/airflow/example_dags/example_setup_teardown.py
[2026-01-09T12:31:30.455+0000] {processor.py:830} INFO - Processing file /home/airflow/.local/lib/python3.8/site-packages/airflow/example_dags/example_setup_teardown.py for tasks to queue
[2026-01-09T12:31:30.456+0000] {logging_mixin.py:188} INFO - [2026-01-09T12:31:30.455+0000] {dagbag.py:538} INFO - Filling up the DagBag from /home/airflow/.local/lib/python3.8/site-packages/airflow/example_dags/example_setup_teardown.py
[2026-01-09T12:31:30.467+0000] {processor.py:840} INFO - DAG(s) 'example_setup_teardown' retrieved from /home/airflow/.local/lib/python3.8/site-packages/airflow/example_dags/example_setup_teardown.py
[2026-01-09T12:31:30.502+0000] {logging_mixin.py:188} INFO - [2026-01-09T12:31:30.502+0000] {dag.py:3036} INFO - Sync 1 DAGs
[2026-01-09T12:31:30.542+0000] {logging_mixin.py:188} INFO - [2026-01-09T12:31:30.542+0000] {dag.py:3823} INFO - Setting next_dagrun for example_setup_teardown to 2026-01-08 00:00:00+00:00, run_after=2026-01-09 00:00:00+00:00
[2026-01-09T12:31:30.583+0000] {processor.py:183} INFO - Processing /home/airflow/.local/lib/python3.8/site-packages/airflow/example_dags/example_setup_teardown.py took 0.135 seconds
[2026-01-09T12:32:01.106+0000] {processor.py:161} INFO - Started process (PID=11511) to work on /home/airflow/.local/lib/python3.8/site-packages/airflow/example_dags/example_setup_teardown.py
[2026-01-09T12:32:01.109+0000] {processor.py:830} INFO - Processing file /home/airflow/.local/lib/python3.8/site-packages/airflow/example_dags/example_setup_teardown.py for tasks to queue
[2026-01-09T12:32:01.110+0000] {logging_mixin.py:188} INFO - [2026-01-09T12:32:01.110+0000] {dagbag.py:538} INFO - Filling up the DagBag from /home/airflow/.local/lib/python3.8/site-packages/airflow/example_dags/example_setup_teardown.py
[2026-01-09T12:32:01.122+0000] {processor.py:840} INFO - DAG(s) 'example_setup_teardown' retrieved from /home/airflow/.local/lib/python3.8/site-packages/airflow/example_dags/example_setup_teardown.py
[2026-01-09T12:32:01.157+0000] {logging_mixin.py:188} INFO - [2026-01-09T12:32:01.157+0000] {dag.py:3036} INFO - Sync 1 DAGs
[2026-01-09T12:32:01.196+0000] {logging_mixin.py:188} INFO - [2026-01-09T12:32:01.195+0000] {dag.py:3823} INFO - Setting next_dagrun for example_setup_teardown to 2026-01-08 00:00:00+00:00, run_after=2026-01-09 00:00:00+00:00
[2026-01-09T12:32:01.238+0000] {processor.py:183} INFO - Processing /home/airflow/.local/lib/python3.8/site-packages/airflow/example_dags/example_setup_teardown.py took 0.138 seconds
[2026-01-09T12:32:32.355+0000] {processor.py:161} INFO - Started process (PID=11758) to work on /home/airflow/.local/lib/python3.8/site-packages/airflow/example_dags/example_setup_teardown.py
[2026-01-09T12:32:32.358+0000] {processor.py:830} INFO - Processing file /home/airflow/.local/lib/python3.8/site-packages/airflow/example_dags/example_setup_teardown.py for tasks to queue
[2026-01-09T12:32:32.360+0000] {logging_mixin.py:188} INFO - [2026-01-09T12:32:32.359+0000] {dagbag.py:538} INFO - Filling up the DagBag from /home/airflow/.local/lib/python3.8/site-packages/airflow/example_dags/example_setup_teardown.py
[2026-01-09T12:32:32.377+0000] {processor.py:840} INFO - DAG(s) 'example_setup_teardown' retrieved from /home/airflow/.local/lib/python3.8/site-packages/airflow/example_dags/example_setup_teardown.py
[2026-01-09T12:32:32.425+0000] {logging_mixin.py:188} INFO - [2026-01-09T12:32:32.424+0000] {dag.py:3036} INFO - Sync 1 DAGs
[2026-01-09T12:32:32.467+0000] {logging_mixin.py:188} INFO - [2026-01-09T12:32:32.467+0000] {dag.py:3823} INFO - Setting next_dagrun for example_setup_teardown to 2026-01-08 00:00:00+00:00, run_after=2026-01-09 00:00:00+00:00
[2026-01-09T12:32:32.531+0000] {processor.py:183} INFO - Processing /home/airflow/.local/lib/python3.8/site-packages/airflow/example_dags/example_setup_teardown.py took 0.183 seconds
[2026-01-09T12:33:03.095+0000] {processor.py:161} INFO - Started process (PID=12005) to work on /home/airflow/.local/lib/python3.8/site-packages/airflow/example_dags/example_setup_teardown.py
[2026-01-09T12:33:03.096+0000] {processor.py:830} INFO - Processing file /home/airflow/.local/lib/python3.8/site-packages/airflow/example_dags/example_setup_teardown.py for tasks to queue
[2026-01-09T12:33:03.098+0000] {logging_mixin.py:188} INFO - [2026-01-09T12:33:03.097+0000] {dagbag.py:538} INFO - Filling up the DagBag from /home/airflow/.local/lib/python3.8/site-packages/airflow/example_dags/example_setup_teardown.py
[2026-01-09T12:33:03.112+0000] {processor.py:840} INFO - DAG(s) 'example_setup_teardown' retrieved from /home/airflow/.local/lib/python3.8/site-packages/airflow/example_dags/example_setup_teardown.py
[2026-01-09T12:33:03.153+0000] {logging_mixin.py:188} INFO - [2026-01-09T12:33:03.153+0000] {dag.py:3036} INFO - Sync 1 DAGs
[2026-01-09T12:33:03.189+0000] {logging_mixin.py:188} INFO - [2026-01-09T12:33:03.189+0000] {dag.py:3823} INFO - Setting next_dagrun for example_setup_teardown to 2026-01-08 00:00:00+00:00, run_after=2026-01-09 00:00:00+00:00
[2026-01-09T12:33:03.237+0000] {processor.py:183} INFO - Processing /home/airflow/.local/lib/python3.8/site-packages/airflow/example_dags/example_setup_teardown.py took 0.149 seconds
[2026-01-09T12:33:33.350+0000] {processor.py:161} INFO - Started process (PID=12246) to work on /home/airflow/.local/lib/python3.8/site-packages/airflow/example_dags/example_setup_teardown.py
[2026-01-09T12:33:33.352+0000] {processor.py:830} INFO - Processing file /home/airflow/.local/lib/python3.8/site-packages/airflow/example_dags/example_setup_teardown.py for tasks to queue
[2026-01-09T12:33:33.354+0000] {logging_mixin.py:188} INFO - [2026-01-09T12:33:33.353+0000] {dagbag.py:538} INFO - Filling up the DagBag from /home/airflow/.local/lib/python3.8/site-packages/airflow/example_dags/example_setup_teardown.py
[2026-01-09T12:33:33.372+0000] {processor.py:840} INFO - DAG(s) 'example_setup_teardown' retrieved from /home/airflow/.local/lib/python3.8/site-packages/airflow/example_dags/example_setup_teardown.py
[2026-01-09T12:33:33.411+0000] {logging_mixin.py:188} INFO - [2026-01-09T12:33:33.411+0000] {dag.py:3036} INFO - Sync 1 DAGs
[2026-01-09T12:33:33.454+0000] {logging_mixin.py:188} INFO - [2026-01-09T12:33:33.454+0000] {dag.py:3823} INFO - Setting next_dagrun for example_setup_teardown to 2026-01-08 00:00:00+00:00, run_after=2026-01-09 00:00:00+00:00
[2026-01-09T12:33:33.498+0000] {processor.py:183} INFO - Processing /home/airflow/.local/lib/python3.8/site-packages/airflow/example_dags/example_setup_teardown.py took 0.154 seconds
[2026-01-09T12:34:03.684+0000] {processor.py:161} INFO - Started process (PID=12493) to work on /home/airflow/.local/lib/python3.8/site-packages/airflow/example_dags/example_setup_teardown.py
[2026-01-09T12:34:03.686+0000] {processor.py:830} INFO - Processing file /home/airflow/.local/lib/python3.8/site-packages/airflow/example_dags/example_setup_teardown.py for tasks to queue
[2026-01-09T12:34:03.687+0000] {logging_mixin.py:188} INFO - [2026-01-09T12:34:03.687+0000] {dagbag.py:538} INFO - Filling up the DagBag from /home/airflow/.local/lib/python3.8/site-packages/airflow/example_dags/example_setup_teardown.py
[2026-01-09T12:34:03.701+0000] {processor.py:840} INFO - DAG(s) 'example_setup_teardown' retrieved from /home/airflow/.local/lib/python3.8/site-packages/airflow/example_dags/example_setup_teardown.py
[2026-01-09T12:34:03.742+0000] {logging_mixin.py:188} INFO - [2026-01-09T12:34:03.741+0000] {dag.py:3036} INFO - Sync 1 DAGs
[2026-01-09T12:34:03.784+0000] {logging_mixin.py:188} INFO - [2026-01-09T12:34:03.784+0000] {dag.py:3823} INFO - Setting next_dagrun for example_setup_teardown to 2026-01-08 00:00:00+00:00, run_after=2026-01-09 00:00:00+00:00
[2026-01-09T12:34:03.833+0000] {processor.py:183} INFO - Processing /home/airflow/.local/lib/python3.8/site-packages/airflow/example_dags/example_setup_teardown.py took 0.154 seconds
[2026-01-09T12:34:34.481+0000] {processor.py:161} INFO - Started process (PID=12740) to work on /home/airflow/.local/lib/python3.8/site-packages/airflow/example_dags/example_setup_teardown.py
[2026-01-09T12:34:34.483+0000] {processor.py:830} INFO - Processing file /home/airflow/.local/lib/python3.8/site-packages/airflow/example_dags/example_setup_teardown.py for tasks to queue
[2026-01-09T12:34:34.485+0000] {logging_mixin.py:188} INFO - [2026-01-09T12:34:34.484+0000] {dagbag.py:538} INFO - Filling up the DagBag from /home/airflow/.local/lib/python3.8/site-packages/airflow/example_dags/example_setup_teardown.py
[2026-01-09T12:34:34.497+0000] {processor.py:840} INFO - DAG(s) 'example_setup_teardown' retrieved from /home/airflow/.local/lib/python3.8/site-packages/airflow/example_dags/example_setup_teardown.py
[2026-01-09T12:34:34.538+0000] {logging_mixin.py:188} INFO - [2026-01-09T12:34:34.537+0000] {dag.py:3036} INFO - Sync 1 DAGs
[2026-01-09T12:34:34.576+0000] {logging_mixin.py:188} INFO - [2026-01-09T12:34:34.576+0000] {dag.py:3823} INFO - Setting next_dagrun for example_setup_teardown to 2026-01-08 00:00:00+00:00, run_after=2026-01-09 00:00:00+00:00
[2026-01-09T12:34:34.619+0000] {processor.py:183} INFO - Processing /home/airflow/.local/lib/python3.8/site-packages/airflow/example_dags/example_setup_teardown.py took 0.144 seconds
[2026-01-09T12:35:05.435+0000] {processor.py:161} INFO - Started process (PID=12987) to work on /home/airflow/.local/lib/python3.8/site-packages/airflow/example_dags/example_setup_teardown.py
[2026-01-09T12:35:05.436+0000] {processor.py:830} INFO - Processing file /home/airflow/.local/lib/python3.8/site-packages/airflow/example_dags/example_setup_teardown.py for tasks to queue
[2026-01-09T12:35:05.437+0000] {logging_mixin.py:188} INFO - [2026-01-09T12:35:05.437+0000] {dagbag.py:538} INFO - Filling up the DagBag from /home/airflow/.local/lib/python3.8/site-packages/airflow/example_dags/example_setup_teardown.py
[2026-01-09T12:35:05.450+0000] {processor.py:840} INFO - DAG(s) 'example_setup_teardown' retrieved from /home/airflow/.local/lib/python3.8/site-packages/airflow/example_dags/example_setup_teardown.py
[2026-01-09T12:35:05.487+0000] {logging_mixin.py:188} INFO - [2026-01-09T12:35:05.487+0000] {dag.py:3036} INFO - Sync 1 DAGs
[2026-01-09T12:35:05.527+0000] {logging_mixin.py:188} INFO - [2026-01-09T12:35:05.527+0000] {dag.py:3823} INFO - Setting next_dagrun for example_setup_teardown to 2026-01-08 00:00:00+00:00, run_after=2026-01-09 00:00:00+00:00
[2026-01-09T12:35:05.569+0000] {processor.py:183} INFO - Processing /home/airflow/.local/lib/python3.8/site-packages/airflow/example_dags/example_setup_teardown.py took 0.140 seconds
[2026-01-09T12:35:36.066+0000] {processor.py:161} INFO - Started process (PID=13234) to work on /home/airflow/.local/lib/python3.8/site-packages/airflow/example_dags/example_setup_teardown.py
[2026-01-09T12:35:36.069+0000] {processor.py:830} INFO - Processing file /home/airflow/.local/lib/python3.8/site-packages/airflow/example_dags/example_setup_teardown.py for tasks to queue
[2026-01-09T12:35:36.071+0000] {logging_mixin.py:188} INFO - [2026-01-09T12:35:36.071+0000] {dagbag.py:538} INFO - Filling up the DagBag from /home/airflow/.local/lib/python3.8/site-packages/airflow/example_dags/example_setup_teardown.py
[2026-01-09T12:35:36.088+0000] {processor.py:840} INFO - DAG(s) 'example_setup_teardown' retrieved from /home/airflow/.local/lib/python3.8/site-packages/airflow/example_dags/example_setup_teardown.py
[2026-01-09T12:35:36.129+0000] {logging_mixin.py:188} INFO - [2026-01-09T12:35:36.129+0000] {dag.py:3036} INFO - Sync 1 DAGs
[2026-01-09T12:35:36.164+0000] {logging_mixin.py:188} INFO - [2026-01-09T12:35:36.164+0000] {dag.py:3823} INFO - Setting next_dagrun for example_setup_teardown to 2026-01-08 00:00:00+00:00, run_after=2026-01-09 00:00:00+00:00
[2026-01-09T12:35:36.207+0000] {processor.py:183} INFO - Processing /home/airflow/.local/lib/python3.8/site-packages/airflow/example_dags/example_setup_teardown.py took 0.149 seconds
[2026-01-09T12:36:06.778+0000] {processor.py:161} INFO - Started process (PID=13481) to work on /home/airflow/.local/lib/python3.8/site-packages/airflow/example_dags/example_setup_teardown.py
[2026-01-09T12:36:06.780+0000] {processor.py:830} INFO - Processing file /home/airflow/.local/lib/python3.8/site-packages/airflow/example_dags/example_setup_teardown.py for tasks to queue
[2026-01-09T12:36:06.781+0000] {logging_mixin.py:188} INFO - [2026-01-09T12:36:06.781+0000] {dagbag.py:538} INFO - Filling up the DagBag from /home/airflow/.local/lib/python3.8/site-packages/airflow/example_dags/example_setup_teardown.py
[2026-01-09T12:36:06.800+0000] {processor.py:840} INFO - DAG(s) 'example_setup_teardown' retrieved from /home/airflow/.local/lib/python3.8/site-packages/airflow/example_dags/example_setup_teardown.py
[2026-01-09T12:36:06.850+0000] {logging_mixin.py:188} INFO - [2026-01-09T12:36:06.850+0000] {dag.py:3036} INFO - Sync 1 DAGs
[2026-01-09T12:36:06.893+0000] {logging_mixin.py:188} INFO - [2026-01-09T12:36:06.893+0000] {dag.py:3823} INFO - Setting next_dagrun for example_setup_teardown to 2026-01-08 00:00:00+00:00, run_after=2026-01-09 00:00:00+00:00
[2026-01-09T12:36:06.941+0000] {processor.py:183} INFO - Processing /home/airflow/.local/lib/python3.8/site-packages/airflow/example_dags/example_setup_teardown.py took 0.171 seconds
[2026-01-09T12:36:37.706+0000] {processor.py:161} INFO - Started process (PID=13728) to work on /home/airflow/.local/lib/python3.8/site-packages/airflow/example_dags/example_setup_teardown.py
[2026-01-09T12:36:37.709+0000] {processor.py:830} INFO - Processing file /home/airflow/.local/lib/python3.8/site-packages/airflow/example_dags/example_setup_teardown.py for tasks to queue
[2026-01-09T12:36:37.711+0000] {logging_mixin.py:188} INFO - [2026-01-09T12:36:37.711+0000] {dagbag.py:538} INFO - Filling up the DagBag from /home/airflow/.local/lib/python3.8/site-packages/airflow/example_dags/example_setup_teardown.py
[2026-01-09T12:36:37.729+0000] {processor.py:840} INFO - DAG(s) 'example_setup_teardown' retrieved from /home/airflow/.local/lib/python3.8/site-packages/airflow/example_dags/example_setup_teardown.py
[2026-01-09T12:36:37.781+0000] {logging_mixin.py:188} INFO - [2026-01-09T12:36:37.780+0000] {dag.py:3036} INFO - Sync 1 DAGs
[2026-01-09T12:36:37.832+0000] {logging_mixin.py:188} INFO - [2026-01-09T12:36:37.832+0000] {dag.py:3823} INFO - Setting next_dagrun for example_setup_teardown to 2026-01-08 00:00:00+00:00, run_after=2026-01-09 00:00:00+00:00
[2026-01-09T12:36:37.889+0000] {processor.py:183} INFO - Processing /home/airflow/.local/lib/python3.8/site-packages/airflow/example_dags/example_setup_teardown.py took 0.190 seconds
[2026-01-09T12:37:08.522+0000] {processor.py:161} INFO - Started process (PID=13977) to work on /home/airflow/.local/lib/python3.8/site-packages/airflow/example_dags/example_setup_teardown.py
[2026-01-09T12:37:08.524+0000] {processor.py:830} INFO - Processing file /home/airflow/.local/lib/python3.8/site-packages/airflow/example_dags/example_setup_teardown.py for tasks to queue
[2026-01-09T12:37:08.526+0000] {logging_mixin.py:188} INFO - [2026-01-09T12:37:08.526+0000] {dagbag.py:538} INFO - Filling up the DagBag from /home/airflow/.local/lib/python3.8/site-packages/airflow/example_dags/example_setup_teardown.py
[2026-01-09T12:37:08.541+0000] {processor.py:840} INFO - DAG(s) 'example_setup_teardown' retrieved from /home/airflow/.local/lib/python3.8/site-packages/airflow/example_dags/example_setup_teardown.py
[2026-01-09T12:37:08.587+0000] {logging_mixin.py:188} INFO - [2026-01-09T12:37:08.587+0000] {dag.py:3036} INFO - Sync 1 DAGs
[2026-01-09T12:37:08.630+0000] {logging_mixin.py:188} INFO - [2026-01-09T12:37:08.630+0000] {dag.py:3823} INFO - Setting next_dagrun for example_setup_teardown to 2026-01-08 00:00:00+00:00, run_after=2026-01-09 00:00:00+00:00
[2026-01-09T12:37:08.670+0000] {processor.py:183} INFO - Processing /home/airflow/.local/lib/python3.8/site-packages/airflow/example_dags/example_setup_teardown.py took 0.156 seconds
[2026-01-09T12:37:39.243+0000] {processor.py:161} INFO - Started process (PID=14224) to work on /home/airflow/.local/lib/python3.8/site-packages/airflow/example_dags/example_setup_teardown.py
[2026-01-09T12:37:39.245+0000] {processor.py:830} INFO - Processing file /home/airflow/.local/lib/python3.8/site-packages/airflow/example_dags/example_setup_teardown.py for tasks to queue
[2026-01-09T12:37:39.247+0000] {logging_mixin.py:188} INFO - [2026-01-09T12:37:39.247+0000] {dagbag.py:538} INFO - Filling up the DagBag from /home/airflow/.local/lib/python3.8/site-packages/airflow/example_dags/example_setup_teardown.py
[2026-01-09T12:37:39.262+0000] {processor.py:840} INFO - DAG(s) 'example_setup_teardown' retrieved from /home/airflow/.local/lib/python3.8/site-packages/airflow/example_dags/example_setup_teardown.py
[2026-01-09T12:37:39.307+0000] {logging_mixin.py:188} INFO - [2026-01-09T12:37:39.306+0000] {dag.py:3036} INFO - Sync 1 DAGs
[2026-01-09T12:37:39.345+0000] {logging_mixin.py:188} INFO - [2026-01-09T12:37:39.344+0000] {dag.py:3823} INFO - Setting next_dagrun for example_setup_teardown to 2026-01-08 00:00:00+00:00, run_after=2026-01-09 00:00:00+00:00
[2026-01-09T12:37:39.392+0000] {processor.py:183} INFO - Processing /home/airflow/.local/lib/python3.8/site-packages/airflow/example_dags/example_setup_teardown.py took 0.154 seconds
[2026-01-09T12:38:09.740+0000] {processor.py:161} INFO - Started process (PID=14469) to work on /home/airflow/.local/lib/python3.8/site-packages/airflow/example_dags/example_setup_teardown.py
[2026-01-09T12:38:09.741+0000] {processor.py:830} INFO - Processing file /home/airflow/.local/lib/python3.8/site-packages/airflow/example_dags/example_setup_teardown.py for tasks to queue
[2026-01-09T12:38:09.743+0000] {logging_mixin.py:188} INFO - [2026-01-09T12:38:09.742+0000] {dagbag.py:538} INFO - Filling up the DagBag from /home/airflow/.local/lib/python3.8/site-packages/airflow/example_dags/example_setup_teardown.py
[2026-01-09T12:38:09.757+0000] {processor.py:840} INFO - DAG(s) 'example_setup_teardown' retrieved from /home/airflow/.local/lib/python3.8/site-packages/airflow/example_dags/example_setup_teardown.py
[2026-01-09T12:38:09.800+0000] {logging_mixin.py:188} INFO - [2026-01-09T12:38:09.800+0000] {dag.py:3036} INFO - Sync 1 DAGs
[2026-01-09T12:38:09.836+0000] {logging_mixin.py:188} INFO - [2026-01-09T12:38:09.836+0000] {dag.py:3823} INFO - Setting next_dagrun for example_setup_teardown to 2026-01-08 00:00:00+00:00, run_after=2026-01-09 00:00:00+00:00
[2026-01-09T12:38:09.878+0000] {processor.py:183} INFO - Processing /home/airflow/.local/lib/python3.8/site-packages/airflow/example_dags/example_setup_teardown.py took 0.144 seconds
[2026-01-09T12:38:40.317+0000] {processor.py:161} INFO - Started process (PID=14716) to work on /home/airflow/.local/lib/python3.8/site-packages/airflow/example_dags/example_setup_teardown.py
[2026-01-09T12:38:40.319+0000] {processor.py:830} INFO - Processing file /home/airflow/.local/lib/python3.8/site-packages/airflow/example_dags/example_setup_teardown.py for tasks to queue
[2026-01-09T12:38:40.321+0000] {logging_mixin.py:188} INFO - [2026-01-09T12:38:40.320+0000] {dagbag.py:538} INFO - Filling up the DagBag from /home/airflow/.local/lib/python3.8/site-packages/airflow/example_dags/example_setup_teardown.py
[2026-01-09T12:38:40.332+0000] {processor.py:840} INFO - DAG(s) 'example_setup_teardown' retrieved from /home/airflow/.local/lib/python3.8/site-packages/airflow/example_dags/example_setup_teardown.py
[2026-01-09T12:38:40.369+0000] {logging_mixin.py:188} INFO - [2026-01-09T12:38:40.369+0000] {dag.py:3036} INFO - Sync 1 DAGs
[2026-01-09T12:38:40.403+0000] {logging_mixin.py:188} INFO - [2026-01-09T12:38:40.403+0000] {dag.py:3823} INFO - Setting next_dagrun for example_setup_teardown to 2026-01-08 00:00:00+00:00, run_after=2026-01-09 00:00:00+00:00
[2026-01-09T12:38:40.444+0000] {processor.py:183} INFO - Processing /home/airflow/.local/lib/python3.8/site-packages/airflow/example_dags/example_setup_teardown.py took 0.134 seconds
[2026-01-09T12:39:11.006+0000] {processor.py:161} INFO - Started process (PID=14963) to work on /home/airflow/.local/lib/python3.8/site-packages/airflow/example_dags/example_setup_teardown.py
[2026-01-09T12:39:11.008+0000] {processor.py:830} INFO - Processing file /home/airflow/.local/lib/python3.8/site-packages/airflow/example_dags/example_setup_teardown.py for tasks to queue
[2026-01-09T12:39:11.010+0000] {logging_mixin.py:188} INFO - [2026-01-09T12:39:11.010+0000] {dagbag.py:538} INFO - Filling up the DagBag from /home/airflow/.local/lib/python3.8/site-packages/airflow/example_dags/example_setup_teardown.py
[2026-01-09T12:39:11.027+0000] {processor.py:840} INFO - DAG(s) 'example_setup_teardown' retrieved from /home/airflow/.local/lib/python3.8/site-packages/airflow/example_dags/example_setup_teardown.py
[2026-01-09T12:39:11.072+0000] {logging_mixin.py:188} INFO - [2026-01-09T12:39:11.071+0000] {dag.py:3036} INFO - Sync 1 DAGs
[2026-01-09T12:39:11.111+0000] {logging_mixin.py:188} INFO - [2026-01-09T12:39:11.111+0000] {dag.py:3823} INFO - Setting next_dagrun for example_setup_teardown to 2026-01-08 00:00:00+00:00, run_after=2026-01-09 00:00:00+00:00
[2026-01-09T12:39:11.152+0000] {processor.py:183} INFO - Processing /home/airflow/.local/lib/python3.8/site-packages/airflow/example_dags/example_setup_teardown.py took 0.154 seconds
[2026-01-09T12:39:41.702+0000] {processor.py:161} INFO - Started process (PID=15210) to work on /home/airflow/.local/lib/python3.8/site-packages/airflow/example_dags/example_setup_teardown.py
[2026-01-09T12:39:41.704+0000] {processor.py:830} INFO - Processing file /home/airflow/.local/lib/python3.8/site-packages/airflow/example_dags/example_setup_teardown.py for tasks to queue
[2026-01-09T12:39:41.705+0000] {logging_mixin.py:188} INFO - [2026-01-09T12:39:41.705+0000] {dagbag.py:538} INFO - Filling up the DagBag from /home/airflow/.local/lib/python3.8/site-packages/airflow/example_dags/example_setup_teardown.py
[2026-01-09T12:39:41.717+0000] {processor.py:840} INFO - DAG(s) 'example_setup_teardown' retrieved from /home/airflow/.local/lib/python3.8/site-packages/airflow/example_dags/example_setup_teardown.py
[2026-01-09T12:39:41.753+0000] {logging_mixin.py:188} INFO - [2026-01-09T12:39:41.752+0000] {dag.py:3036} INFO - Sync 1 DAGs
[2026-01-09T12:39:41.985+0000] {logging_mixin.py:188} INFO - [2026-01-09T12:39:41.985+0000] {dag.py:3823} INFO - Setting next_dagrun for example_setup_teardown to 2026-01-08 00:00:00+00:00, run_after=2026-01-09 00:00:00+00:00
[2026-01-09T12:39:42.023+0000] {processor.py:183} INFO - Processing /home/airflow/.local/lib/python3.8/site-packages/airflow/example_dags/example_setup_teardown.py took 0.327 seconds
