[2026-01-09T12:09:00.872+0000] {processor.py:161} INFO - Started process (PID=407) to work on /home/airflow/.local/lib/python3.8/site-packages/airflow/example_dags/example_sensors.py
[2026-01-09T12:09:00.874+0000] {processor.py:830} INFO - Processing file /home/airflow/.local/lib/python3.8/site-packages/airflow/example_dags/example_sensors.py for tasks to queue
[2026-01-09T12:09:00.876+0000] {logging_mixin.py:188} INFO - [2026-01-09T12:09:00.875+0000] {dagbag.py:538} INFO - Filling up the DagBag from /home/airflow/.local/lib/python3.8/site-packages/airflow/example_dags/example_sensors.py
[2026-01-09T12:09:00.898+0000] {processor.py:840} INFO - DAG(s) 'example_sensors' retrieved from /home/airflow/.local/lib/python3.8/site-packages/airflow/example_dags/example_sensors.py
[2026-01-09T12:09:01.094+0000] {logging_mixin.py:188} INFO - [2026-01-09T12:09:01.094+0000] {dag.py:3036} INFO - Sync 1 DAGs
[2026-01-09T12:09:01.116+0000] {logging_mixin.py:188} INFO - [2026-01-09T12:09:01.115+0000] {dag.py:3823} INFO - Setting next_dagrun for example_sensors to None, run_after=None
[2026-01-09T12:09:01.161+0000] {processor.py:183} INFO - Processing /home/airflow/.local/lib/python3.8/site-packages/airflow/example_dags/example_sensors.py took 0.295 seconds
[2026-01-09T12:09:31.440+0000] {processor.py:161} INFO - Started process (PID=656) to work on /home/airflow/.local/lib/python3.8/site-packages/airflow/example_dags/example_sensors.py
[2026-01-09T12:09:31.442+0000] {processor.py:830} INFO - Processing file /home/airflow/.local/lib/python3.8/site-packages/airflow/example_dags/example_sensors.py for tasks to queue
[2026-01-09T12:09:31.444+0000] {logging_mixin.py:188} INFO - [2026-01-09T12:09:31.443+0000] {dagbag.py:538} INFO - Filling up the DagBag from /home/airflow/.local/lib/python3.8/site-packages/airflow/example_dags/example_sensors.py
[2026-01-09T12:09:31.461+0000] {processor.py:840} INFO - DAG(s) 'example_sensors' retrieved from /home/airflow/.local/lib/python3.8/site-packages/airflow/example_dags/example_sensors.py
[2026-01-09T12:09:31.505+0000] {logging_mixin.py:188} INFO - [2026-01-09T12:09:31.504+0000] {dag.py:3036} INFO - Sync 1 DAGs
[2026-01-09T12:09:31.525+0000] {logging_mixin.py:188} INFO - [2026-01-09T12:09:31.525+0000] {dag.py:3823} INFO - Setting next_dagrun for example_sensors to None, run_after=None
[2026-01-09T12:09:31.617+0000] {processor.py:183} INFO - Processing /home/airflow/.local/lib/python3.8/site-packages/airflow/example_dags/example_sensors.py took 0.183 seconds
[2026-01-09T12:10:01.860+0000] {processor.py:161} INFO - Started process (PID=903) to work on /home/airflow/.local/lib/python3.8/site-packages/airflow/example_dags/example_sensors.py
[2026-01-09T12:10:01.863+0000] {processor.py:830} INFO - Processing file /home/airflow/.local/lib/python3.8/site-packages/airflow/example_dags/example_sensors.py for tasks to queue
[2026-01-09T12:10:01.865+0000] {logging_mixin.py:188} INFO - [2026-01-09T12:10:01.865+0000] {dagbag.py:538} INFO - Filling up the DagBag from /home/airflow/.local/lib/python3.8/site-packages/airflow/example_dags/example_sensors.py
[2026-01-09T12:10:01.882+0000] {processor.py:840} INFO - DAG(s) 'example_sensors' retrieved from /home/airflow/.local/lib/python3.8/site-packages/airflow/example_dags/example_sensors.py
[2026-01-09T12:10:01.932+0000] {logging_mixin.py:188} INFO - [2026-01-09T12:10:01.932+0000] {dag.py:3036} INFO - Sync 1 DAGs
[2026-01-09T12:10:01.951+0000] {logging_mixin.py:188} INFO - [2026-01-09T12:10:01.950+0000] {dag.py:3823} INFO - Setting next_dagrun for example_sensors to None, run_after=None
[2026-01-09T12:10:01.987+0000] {processor.py:183} INFO - Processing /home/airflow/.local/lib/python3.8/site-packages/airflow/example_dags/example_sensors.py took 0.134 seconds
[2026-01-09T12:10:32.598+0000] {processor.py:161} INFO - Started process (PID=1148) to work on /home/airflow/.local/lib/python3.8/site-packages/airflow/example_dags/example_sensors.py
[2026-01-09T12:10:32.601+0000] {processor.py:830} INFO - Processing file /home/airflow/.local/lib/python3.8/site-packages/airflow/example_dags/example_sensors.py for tasks to queue
[2026-01-09T12:10:32.604+0000] {logging_mixin.py:188} INFO - [2026-01-09T12:10:32.602+0000] {dagbag.py:538} INFO - Filling up the DagBag from /home/airflow/.local/lib/python3.8/site-packages/airflow/example_dags/example_sensors.py
[2026-01-09T12:10:32.641+0000] {processor.py:840} INFO - DAG(s) 'example_sensors' retrieved from /home/airflow/.local/lib/python3.8/site-packages/airflow/example_dags/example_sensors.py
[2026-01-09T12:10:32.707+0000] {logging_mixin.py:188} INFO - [2026-01-09T12:10:32.707+0000] {dag.py:3036} INFO - Sync 1 DAGs
[2026-01-09T12:10:32.738+0000] {logging_mixin.py:188} INFO - [2026-01-09T12:10:32.737+0000] {dag.py:3823} INFO - Setting next_dagrun for example_sensors to None, run_after=None
[2026-01-09T12:10:32.792+0000] {processor.py:183} INFO - Processing /home/airflow/.local/lib/python3.8/site-packages/airflow/example_dags/example_sensors.py took 0.200 seconds
[2026-01-09T12:11:03.025+0000] {processor.py:161} INFO - Started process (PID=1395) to work on /home/airflow/.local/lib/python3.8/site-packages/airflow/example_dags/example_sensors.py
[2026-01-09T12:11:03.027+0000] {processor.py:830} INFO - Processing file /home/airflow/.local/lib/python3.8/site-packages/airflow/example_dags/example_sensors.py for tasks to queue
[2026-01-09T12:11:03.028+0000] {logging_mixin.py:188} INFO - [2026-01-09T12:11:03.028+0000] {dagbag.py:538} INFO - Filling up the DagBag from /home/airflow/.local/lib/python3.8/site-packages/airflow/example_dags/example_sensors.py
[2026-01-09T12:11:03.047+0000] {processor.py:840} INFO - DAG(s) 'example_sensors' retrieved from /home/airflow/.local/lib/python3.8/site-packages/airflow/example_dags/example_sensors.py
[2026-01-09T12:11:03.102+0000] {logging_mixin.py:188} INFO - [2026-01-09T12:11:03.102+0000] {dag.py:3036} INFO - Sync 1 DAGs
[2026-01-09T12:11:03.125+0000] {logging_mixin.py:188} INFO - [2026-01-09T12:11:03.125+0000] {dag.py:3823} INFO - Setting next_dagrun for example_sensors to None, run_after=None
[2026-01-09T12:11:03.175+0000] {processor.py:183} INFO - Processing /home/airflow/.local/lib/python3.8/site-packages/airflow/example_dags/example_sensors.py took 0.156 seconds
[2026-01-09T12:11:33.601+0000] {processor.py:161} INFO - Started process (PID=1644) to work on /home/airflow/.local/lib/python3.8/site-packages/airflow/example_dags/example_sensors.py
[2026-01-09T12:11:33.604+0000] {processor.py:830} INFO - Processing file /home/airflow/.local/lib/python3.8/site-packages/airflow/example_dags/example_sensors.py for tasks to queue
[2026-01-09T12:11:33.606+0000] {logging_mixin.py:188} INFO - [2026-01-09T12:11:33.605+0000] {dagbag.py:538} INFO - Filling up the DagBag from /home/airflow/.local/lib/python3.8/site-packages/airflow/example_dags/example_sensors.py
[2026-01-09T12:11:33.625+0000] {processor.py:840} INFO - DAG(s) 'example_sensors' retrieved from /home/airflow/.local/lib/python3.8/site-packages/airflow/example_dags/example_sensors.py
[2026-01-09T12:11:33.682+0000] {logging_mixin.py:188} INFO - [2026-01-09T12:11:33.681+0000] {dag.py:3036} INFO - Sync 1 DAGs
[2026-01-09T12:11:33.714+0000] {logging_mixin.py:188} INFO - [2026-01-09T12:11:33.713+0000] {dag.py:3823} INFO - Setting next_dagrun for example_sensors to None, run_after=None
[2026-01-09T12:11:33.783+0000] {processor.py:183} INFO - Processing /home/airflow/.local/lib/python3.8/site-packages/airflow/example_dags/example_sensors.py took 0.189 seconds
[2026-01-09T12:12:03.939+0000] {processor.py:161} INFO - Started process (PID=1892) to work on /home/airflow/.local/lib/python3.8/site-packages/airflow/example_dags/example_sensors.py
[2026-01-09T12:12:03.941+0000] {processor.py:830} INFO - Processing file /home/airflow/.local/lib/python3.8/site-packages/airflow/example_dags/example_sensors.py for tasks to queue
[2026-01-09T12:12:03.942+0000] {logging_mixin.py:188} INFO - [2026-01-09T12:12:03.942+0000] {dagbag.py:538} INFO - Filling up the DagBag from /home/airflow/.local/lib/python3.8/site-packages/airflow/example_dags/example_sensors.py
[2026-01-09T12:12:03.965+0000] {processor.py:840} INFO - DAG(s) 'example_sensors' retrieved from /home/airflow/.local/lib/python3.8/site-packages/airflow/example_dags/example_sensors.py
[2026-01-09T12:12:04.024+0000] {logging_mixin.py:188} INFO - [2026-01-09T12:12:04.023+0000] {dag.py:3036} INFO - Sync 1 DAGs
[2026-01-09T12:12:04.049+0000] {logging_mixin.py:188} INFO - [2026-01-09T12:12:04.049+0000] {dag.py:3823} INFO - Setting next_dagrun for example_sensors to None, run_after=None
[2026-01-09T12:12:04.094+0000] {processor.py:183} INFO - Processing /home/airflow/.local/lib/python3.8/site-packages/airflow/example_dags/example_sensors.py took 0.164 seconds
[2026-01-09T12:12:34.753+0000] {processor.py:161} INFO - Started process (PID=2137) to work on /home/airflow/.local/lib/python3.8/site-packages/airflow/example_dags/example_sensors.py
[2026-01-09T12:12:34.756+0000] {processor.py:830} INFO - Processing file /home/airflow/.local/lib/python3.8/site-packages/airflow/example_dags/example_sensors.py for tasks to queue
[2026-01-09T12:12:34.759+0000] {logging_mixin.py:188} INFO - [2026-01-09T12:12:34.758+0000] {dagbag.py:538} INFO - Filling up the DagBag from /home/airflow/.local/lib/python3.8/site-packages/airflow/example_dags/example_sensors.py
[2026-01-09T12:12:34.783+0000] {processor.py:840} INFO - DAG(s) 'example_sensors' retrieved from /home/airflow/.local/lib/python3.8/site-packages/airflow/example_dags/example_sensors.py
[2026-01-09T12:12:34.834+0000] {logging_mixin.py:188} INFO - [2026-01-09T12:12:34.833+0000] {dag.py:3036} INFO - Sync 1 DAGs
[2026-01-09T12:12:34.856+0000] {logging_mixin.py:188} INFO - [2026-01-09T12:12:34.856+0000] {dag.py:3823} INFO - Setting next_dagrun for example_sensors to None, run_after=None
[2026-01-09T12:12:34.901+0000] {processor.py:183} INFO - Processing /home/airflow/.local/lib/python3.8/site-packages/airflow/example_dags/example_sensors.py took 0.160 seconds
[2026-01-09T12:13:05.659+0000] {processor.py:161} INFO - Started process (PID=2384) to work on /home/airflow/.local/lib/python3.8/site-packages/airflow/example_dags/example_sensors.py
[2026-01-09T12:13:05.662+0000] {processor.py:830} INFO - Processing file /home/airflow/.local/lib/python3.8/site-packages/airflow/example_dags/example_sensors.py for tasks to queue
[2026-01-09T12:13:05.664+0000] {logging_mixin.py:188} INFO - [2026-01-09T12:13:05.663+0000] {dagbag.py:538} INFO - Filling up the DagBag from /home/airflow/.local/lib/python3.8/site-packages/airflow/example_dags/example_sensors.py
[2026-01-09T12:13:05.684+0000] {processor.py:840} INFO - DAG(s) 'example_sensors' retrieved from /home/airflow/.local/lib/python3.8/site-packages/airflow/example_dags/example_sensors.py
[2026-01-09T12:13:05.736+0000] {logging_mixin.py:188} INFO - [2026-01-09T12:13:05.735+0000] {dag.py:3036} INFO - Sync 1 DAGs
[2026-01-09T12:13:05.755+0000] {logging_mixin.py:188} INFO - [2026-01-09T12:13:05.754+0000] {dag.py:3823} INFO - Setting next_dagrun for example_sensors to None, run_after=None
[2026-01-09T12:13:05.801+0000] {processor.py:183} INFO - Processing /home/airflow/.local/lib/python3.8/site-packages/airflow/example_dags/example_sensors.py took 0.149 seconds
[2026-01-09T12:13:36.417+0000] {processor.py:161} INFO - Started process (PID=2631) to work on /home/airflow/.local/lib/python3.8/site-packages/airflow/example_dags/example_sensors.py
[2026-01-09T12:13:36.419+0000] {processor.py:830} INFO - Processing file /home/airflow/.local/lib/python3.8/site-packages/airflow/example_dags/example_sensors.py for tasks to queue
[2026-01-09T12:13:36.421+0000] {logging_mixin.py:188} INFO - [2026-01-09T12:13:36.420+0000] {dagbag.py:538} INFO - Filling up the DagBag from /home/airflow/.local/lib/python3.8/site-packages/airflow/example_dags/example_sensors.py
[2026-01-09T12:13:36.437+0000] {processor.py:840} INFO - DAG(s) 'example_sensors' retrieved from /home/airflow/.local/lib/python3.8/site-packages/airflow/example_dags/example_sensors.py
[2026-01-09T12:13:36.483+0000] {logging_mixin.py:188} INFO - [2026-01-09T12:13:36.482+0000] {dag.py:3036} INFO - Sync 1 DAGs
[2026-01-09T12:13:36.504+0000] {logging_mixin.py:188} INFO - [2026-01-09T12:13:36.503+0000] {dag.py:3823} INFO - Setting next_dagrun for example_sensors to None, run_after=None
[2026-01-09T12:13:36.546+0000] {processor.py:183} INFO - Processing /home/airflow/.local/lib/python3.8/site-packages/airflow/example_dags/example_sensors.py took 0.134 seconds
[2026-01-09T12:14:06.796+0000] {processor.py:161} INFO - Started process (PID=2878) to work on /home/airflow/.local/lib/python3.8/site-packages/airflow/example_dags/example_sensors.py
[2026-01-09T12:14:06.799+0000] {processor.py:830} INFO - Processing file /home/airflow/.local/lib/python3.8/site-packages/airflow/example_dags/example_sensors.py for tasks to queue
[2026-01-09T12:14:06.801+0000] {logging_mixin.py:188} INFO - [2026-01-09T12:14:06.800+0000] {dagbag.py:538} INFO - Filling up the DagBag from /home/airflow/.local/lib/python3.8/site-packages/airflow/example_dags/example_sensors.py
[2026-01-09T12:14:06.821+0000] {processor.py:840} INFO - DAG(s) 'example_sensors' retrieved from /home/airflow/.local/lib/python3.8/site-packages/airflow/example_dags/example_sensors.py
[2026-01-09T12:14:06.873+0000] {logging_mixin.py:188} INFO - [2026-01-09T12:14:06.872+0000] {dag.py:3036} INFO - Sync 1 DAGs
[2026-01-09T12:14:06.899+0000] {logging_mixin.py:188} INFO - [2026-01-09T12:14:06.899+0000] {dag.py:3823} INFO - Setting next_dagrun for example_sensors to None, run_after=None
[2026-01-09T12:14:06.947+0000] {processor.py:183} INFO - Processing /home/airflow/.local/lib/python3.8/site-packages/airflow/example_dags/example_sensors.py took 0.158 seconds
[2026-01-09T12:14:37.077+0000] {processor.py:161} INFO - Started process (PID=3125) to work on /home/airflow/.local/lib/python3.8/site-packages/airflow/example_dags/example_sensors.py
[2026-01-09T12:14:37.079+0000] {processor.py:830} INFO - Processing file /home/airflow/.local/lib/python3.8/site-packages/airflow/example_dags/example_sensors.py for tasks to queue
[2026-01-09T12:14:37.081+0000] {logging_mixin.py:188} INFO - [2026-01-09T12:14:37.080+0000] {dagbag.py:538} INFO - Filling up the DagBag from /home/airflow/.local/lib/python3.8/site-packages/airflow/example_dags/example_sensors.py
[2026-01-09T12:14:37.096+0000] {processor.py:840} INFO - DAG(s) 'example_sensors' retrieved from /home/airflow/.local/lib/python3.8/site-packages/airflow/example_dags/example_sensors.py
[2026-01-09T12:14:37.140+0000] {logging_mixin.py:188} INFO - [2026-01-09T12:14:37.139+0000] {dag.py:3036} INFO - Sync 1 DAGs
[2026-01-09T12:14:37.160+0000] {logging_mixin.py:188} INFO - [2026-01-09T12:14:37.160+0000] {dag.py:3823} INFO - Setting next_dagrun for example_sensors to None, run_after=None
[2026-01-09T12:14:37.206+0000] {processor.py:183} INFO - Processing /home/airflow/.local/lib/python3.8/site-packages/airflow/example_dags/example_sensors.py took 0.136 seconds
[2026-01-09T12:15:09.123+0000] {processor.py:161} INFO - Started process (PID=3372) to work on /home/airflow/.local/lib/python3.8/site-packages/airflow/example_dags/example_sensors.py
[2026-01-09T12:15:09.153+0000] {processor.py:830} INFO - Processing file /home/airflow/.local/lib/python3.8/site-packages/airflow/example_dags/example_sensors.py for tasks to queue
[2026-01-09T12:15:09.155+0000] {logging_mixin.py:188} INFO - [2026-01-09T12:15:09.154+0000] {dagbag.py:538} INFO - Filling up the DagBag from /home/airflow/.local/lib/python3.8/site-packages/airflow/example_dags/example_sensors.py
[2026-01-09T12:15:09.182+0000] {processor.py:840} INFO - DAG(s) 'example_sensors' retrieved from /home/airflow/.local/lib/python3.8/site-packages/airflow/example_dags/example_sensors.py
[2026-01-09T12:15:09.258+0000] {logging_mixin.py:188} INFO - [2026-01-09T12:15:09.257+0000] {dag.py:3036} INFO - Sync 1 DAGs
[2026-01-09T12:15:09.288+0000] {logging_mixin.py:188} INFO - [2026-01-09T12:15:09.287+0000] {dag.py:3823} INFO - Setting next_dagrun for example_sensors to None, run_after=None
[2026-01-09T12:15:09.456+0000] {processor.py:183} INFO - Processing /home/airflow/.local/lib/python3.8/site-packages/airflow/example_dags/example_sensors.py took 0.343 seconds
[2026-01-09T12:15:39.640+0000] {processor.py:161} INFO - Started process (PID=3621) to work on /home/airflow/.local/lib/python3.8/site-packages/airflow/example_dags/example_sensors.py
[2026-01-09T12:15:39.641+0000] {processor.py:830} INFO - Processing file /home/airflow/.local/lib/python3.8/site-packages/airflow/example_dags/example_sensors.py for tasks to queue
[2026-01-09T12:15:39.643+0000] {logging_mixin.py:188} INFO - [2026-01-09T12:15:39.642+0000] {dagbag.py:538} INFO - Filling up the DagBag from /home/airflow/.local/lib/python3.8/site-packages/airflow/example_dags/example_sensors.py
[2026-01-09T12:15:39.660+0000] {processor.py:840} INFO - DAG(s) 'example_sensors' retrieved from /home/airflow/.local/lib/python3.8/site-packages/airflow/example_dags/example_sensors.py
[2026-01-09T12:15:39.705+0000] {logging_mixin.py:188} INFO - [2026-01-09T12:15:39.705+0000] {dag.py:3036} INFO - Sync 1 DAGs
[2026-01-09T12:15:39.726+0000] {logging_mixin.py:188} INFO - [2026-01-09T12:15:39.726+0000] {dag.py:3823} INFO - Setting next_dagrun for example_sensors to None, run_after=None
[2026-01-09T12:15:39.769+0000] {processor.py:183} INFO - Processing /home/airflow/.local/lib/python3.8/site-packages/airflow/example_dags/example_sensors.py took 0.136 seconds
[2026-01-09T12:16:09.966+0000] {processor.py:161} INFO - Started process (PID=3867) to work on /home/airflow/.local/lib/python3.8/site-packages/airflow/example_dags/example_sensors.py
[2026-01-09T12:16:09.968+0000] {processor.py:830} INFO - Processing file /home/airflow/.local/lib/python3.8/site-packages/airflow/example_dags/example_sensors.py for tasks to queue
[2026-01-09T12:16:09.970+0000] {logging_mixin.py:188} INFO - [2026-01-09T12:16:09.969+0000] {dagbag.py:538} INFO - Filling up the DagBag from /home/airflow/.local/lib/python3.8/site-packages/airflow/example_dags/example_sensors.py
[2026-01-09T12:16:09.991+0000] {processor.py:840} INFO - DAG(s) 'example_sensors' retrieved from /home/airflow/.local/lib/python3.8/site-packages/airflow/example_dags/example_sensors.py
[2026-01-09T12:16:10.047+0000] {logging_mixin.py:188} INFO - [2026-01-09T12:16:10.046+0000] {dag.py:3036} INFO - Sync 1 DAGs
[2026-01-09T12:16:10.074+0000] {logging_mixin.py:188} INFO - [2026-01-09T12:16:10.073+0000] {dag.py:3823} INFO - Setting next_dagrun for example_sensors to None, run_after=None
[2026-01-09T12:16:10.122+0000] {processor.py:183} INFO - Processing /home/airflow/.local/lib/python3.8/site-packages/airflow/example_dags/example_sensors.py took 0.165 seconds
[2026-01-09T12:16:40.222+0000] {processor.py:161} INFO - Started process (PID=4112) to work on /home/airflow/.local/lib/python3.8/site-packages/airflow/example_dags/example_sensors.py
[2026-01-09T12:16:40.225+0000] {processor.py:830} INFO - Processing file /home/airflow/.local/lib/python3.8/site-packages/airflow/example_dags/example_sensors.py for tasks to queue
[2026-01-09T12:16:40.229+0000] {logging_mixin.py:188} INFO - [2026-01-09T12:16:40.226+0000] {dagbag.py:538} INFO - Filling up the DagBag from /home/airflow/.local/lib/python3.8/site-packages/airflow/example_dags/example_sensors.py
[2026-01-09T12:16:40.262+0000] {processor.py:840} INFO - DAG(s) 'example_sensors' retrieved from /home/airflow/.local/lib/python3.8/site-packages/airflow/example_dags/example_sensors.py
[2026-01-09T12:16:40.350+0000] {logging_mixin.py:188} INFO - [2026-01-09T12:16:40.349+0000] {dag.py:3036} INFO - Sync 1 DAGs
[2026-01-09T12:16:40.403+0000] {logging_mixin.py:188} INFO - [2026-01-09T12:16:40.402+0000] {dag.py:3823} INFO - Setting next_dagrun for example_sensors to None, run_after=None
[2026-01-09T12:16:40.451+0000] {processor.py:183} INFO - Processing /home/airflow/.local/lib/python3.8/site-packages/airflow/example_dags/example_sensors.py took 0.246 seconds
[2026-01-09T12:17:11.182+0000] {processor.py:161} INFO - Started process (PID=4361) to work on /home/airflow/.local/lib/python3.8/site-packages/airflow/example_dags/example_sensors.py
[2026-01-09T12:17:11.187+0000] {processor.py:830} INFO - Processing file /home/airflow/.local/lib/python3.8/site-packages/airflow/example_dags/example_sensors.py for tasks to queue
[2026-01-09T12:17:11.189+0000] {logging_mixin.py:188} INFO - [2026-01-09T12:17:11.188+0000] {dagbag.py:538} INFO - Filling up the DagBag from /home/airflow/.local/lib/python3.8/site-packages/airflow/example_dags/example_sensors.py
[2026-01-09T12:17:11.206+0000] {processor.py:840} INFO - DAG(s) 'example_sensors' retrieved from /home/airflow/.local/lib/python3.8/site-packages/airflow/example_dags/example_sensors.py
[2026-01-09T12:17:11.255+0000] {logging_mixin.py:188} INFO - [2026-01-09T12:17:11.254+0000] {dag.py:3036} INFO - Sync 1 DAGs
[2026-01-09T12:17:11.279+0000] {logging_mixin.py:188} INFO - [2026-01-09T12:17:11.278+0000] {dag.py:3823} INFO - Setting next_dagrun for example_sensors to None, run_after=None
[2026-01-09T12:17:11.327+0000] {processor.py:183} INFO - Processing /home/airflow/.local/lib/python3.8/site-packages/airflow/example_dags/example_sensors.py took 0.153 seconds
[2026-01-09T12:17:41.509+0000] {processor.py:161} INFO - Started process (PID=4608) to work on /home/airflow/.local/lib/python3.8/site-packages/airflow/example_dags/example_sensors.py
[2026-01-09T12:17:41.512+0000] {processor.py:830} INFO - Processing file /home/airflow/.local/lib/python3.8/site-packages/airflow/example_dags/example_sensors.py for tasks to queue
[2026-01-09T12:17:41.513+0000] {logging_mixin.py:188} INFO - [2026-01-09T12:17:41.513+0000] {dagbag.py:538} INFO - Filling up the DagBag from /home/airflow/.local/lib/python3.8/site-packages/airflow/example_dags/example_sensors.py
[2026-01-09T12:17:41.528+0000] {processor.py:840} INFO - DAG(s) 'example_sensors' retrieved from /home/airflow/.local/lib/python3.8/site-packages/airflow/example_dags/example_sensors.py
[2026-01-09T12:17:41.570+0000] {logging_mixin.py:188} INFO - [2026-01-09T12:17:41.569+0000] {dag.py:3036} INFO - Sync 1 DAGs
[2026-01-09T12:17:41.588+0000] {logging_mixin.py:188} INFO - [2026-01-09T12:17:41.587+0000] {dag.py:3823} INFO - Setting next_dagrun for example_sensors to None, run_after=None
[2026-01-09T12:17:41.626+0000] {processor.py:183} INFO - Processing /home/airflow/.local/lib/python3.8/site-packages/airflow/example_dags/example_sensors.py took 0.123 seconds
[2026-01-09T12:18:12.288+0000] {processor.py:161} INFO - Started process (PID=4855) to work on /home/airflow/.local/lib/python3.8/site-packages/airflow/example_dags/example_sensors.py
[2026-01-09T12:18:12.290+0000] {processor.py:830} INFO - Processing file /home/airflow/.local/lib/python3.8/site-packages/airflow/example_dags/example_sensors.py for tasks to queue
[2026-01-09T12:18:12.292+0000] {logging_mixin.py:188} INFO - [2026-01-09T12:18:12.291+0000] {dagbag.py:538} INFO - Filling up the DagBag from /home/airflow/.local/lib/python3.8/site-packages/airflow/example_dags/example_sensors.py
[2026-01-09T12:18:12.312+0000] {processor.py:840} INFO - DAG(s) 'example_sensors' retrieved from /home/airflow/.local/lib/python3.8/site-packages/airflow/example_dags/example_sensors.py
[2026-01-09T12:18:12.367+0000] {logging_mixin.py:188} INFO - [2026-01-09T12:18:12.366+0000] {dag.py:3036} INFO - Sync 1 DAGs
[2026-01-09T12:18:12.394+0000] {logging_mixin.py:188} INFO - [2026-01-09T12:18:12.394+0000] {dag.py:3823} INFO - Setting next_dagrun for example_sensors to None, run_after=None
[2026-01-09T12:18:12.452+0000] {processor.py:183} INFO - Processing /home/airflow/.local/lib/python3.8/site-packages/airflow/example_dags/example_sensors.py took 0.170 seconds
[2026-01-09T12:18:42.972+0000] {processor.py:161} INFO - Started process (PID=5102) to work on /home/airflow/.local/lib/python3.8/site-packages/airflow/example_dags/example_sensors.py
[2026-01-09T12:18:42.976+0000] {processor.py:830} INFO - Processing file /home/airflow/.local/lib/python3.8/site-packages/airflow/example_dags/example_sensors.py for tasks to queue
[2026-01-09T12:18:42.978+0000] {logging_mixin.py:188} INFO - [2026-01-09T12:18:42.977+0000] {dagbag.py:538} INFO - Filling up the DagBag from /home/airflow/.local/lib/python3.8/site-packages/airflow/example_dags/example_sensors.py
[2026-01-09T12:18:42.997+0000] {processor.py:840} INFO - DAG(s) 'example_sensors' retrieved from /home/airflow/.local/lib/python3.8/site-packages/airflow/example_dags/example_sensors.py
[2026-01-09T12:18:43.050+0000] {logging_mixin.py:188} INFO - [2026-01-09T12:18:43.050+0000] {dag.py:3036} INFO - Sync 1 DAGs
[2026-01-09T12:18:43.078+0000] {logging_mixin.py:188} INFO - [2026-01-09T12:18:43.077+0000] {dag.py:3823} INFO - Setting next_dagrun for example_sensors to None, run_after=None
[2026-01-09T12:18:43.129+0000] {processor.py:183} INFO - Processing /home/airflow/.local/lib/python3.8/site-packages/airflow/example_dags/example_sensors.py took 0.164 seconds
[2026-01-09T12:19:13.284+0000] {processor.py:161} INFO - Started process (PID=5349) to work on /home/airflow/.local/lib/python3.8/site-packages/airflow/example_dags/example_sensors.py
[2026-01-09T12:19:13.286+0000] {processor.py:830} INFO - Processing file /home/airflow/.local/lib/python3.8/site-packages/airflow/example_dags/example_sensors.py for tasks to queue
[2026-01-09T12:19:13.287+0000] {logging_mixin.py:188} INFO - [2026-01-09T12:19:13.287+0000] {dagbag.py:538} INFO - Filling up the DagBag from /home/airflow/.local/lib/python3.8/site-packages/airflow/example_dags/example_sensors.py
[2026-01-09T12:19:13.306+0000] {processor.py:840} INFO - DAG(s) 'example_sensors' retrieved from /home/airflow/.local/lib/python3.8/site-packages/airflow/example_dags/example_sensors.py
[2026-01-09T12:19:13.351+0000] {logging_mixin.py:188} INFO - [2026-01-09T12:19:13.350+0000] {dag.py:3036} INFO - Sync 1 DAGs
[2026-01-09T12:19:13.370+0000] {logging_mixin.py:188} INFO - [2026-01-09T12:19:13.369+0000] {dag.py:3823} INFO - Setting next_dagrun for example_sensors to None, run_after=None
[2026-01-09T12:19:13.422+0000] {processor.py:183} INFO - Processing /home/airflow/.local/lib/python3.8/site-packages/airflow/example_dags/example_sensors.py took 0.146 seconds
[2026-01-09T12:19:44.266+0000] {processor.py:161} INFO - Started process (PID=5596) to work on /home/airflow/.local/lib/python3.8/site-packages/airflow/example_dags/example_sensors.py
[2026-01-09T12:19:44.269+0000] {processor.py:830} INFO - Processing file /home/airflow/.local/lib/python3.8/site-packages/airflow/example_dags/example_sensors.py for tasks to queue
[2026-01-09T12:19:44.270+0000] {logging_mixin.py:188} INFO - [2026-01-09T12:19:44.270+0000] {dagbag.py:538} INFO - Filling up the DagBag from /home/airflow/.local/lib/python3.8/site-packages/airflow/example_dags/example_sensors.py
[2026-01-09T12:19:44.315+0000] {processor.py:840} INFO - DAG(s) 'example_sensors' retrieved from /home/airflow/.local/lib/python3.8/site-packages/airflow/example_dags/example_sensors.py
[2026-01-09T12:19:44.377+0000] {logging_mixin.py:188} INFO - [2026-01-09T12:19:44.377+0000] {dag.py:3036} INFO - Sync 1 DAGs
[2026-01-09T12:19:44.401+0000] {logging_mixin.py:188} INFO - [2026-01-09T12:19:44.401+0000] {dag.py:3823} INFO - Setting next_dagrun for example_sensors to None, run_after=None
[2026-01-09T12:19:44.449+0000] {processor.py:183} INFO - Processing /home/airflow/.local/lib/python3.8/site-packages/airflow/example_dags/example_sensors.py took 0.189 seconds
[2026-01-09T12:20:14.896+0000] {processor.py:161} INFO - Started process (PID=5843) to work on /home/airflow/.local/lib/python3.8/site-packages/airflow/example_dags/example_sensors.py
[2026-01-09T12:20:14.898+0000] {processor.py:830} INFO - Processing file /home/airflow/.local/lib/python3.8/site-packages/airflow/example_dags/example_sensors.py for tasks to queue
[2026-01-09T12:20:14.900+0000] {logging_mixin.py:188} INFO - [2026-01-09T12:20:14.899+0000] {dagbag.py:538} INFO - Filling up the DagBag from /home/airflow/.local/lib/python3.8/site-packages/airflow/example_dags/example_sensors.py
[2026-01-09T12:20:14.920+0000] {processor.py:840} INFO - DAG(s) 'example_sensors' retrieved from /home/airflow/.local/lib/python3.8/site-packages/airflow/example_dags/example_sensors.py
[2026-01-09T12:20:14.969+0000] {logging_mixin.py:188} INFO - [2026-01-09T12:20:14.969+0000] {dag.py:3036} INFO - Sync 1 DAGs
[2026-01-09T12:20:14.992+0000] {logging_mixin.py:188} INFO - [2026-01-09T12:20:14.992+0000] {dag.py:3823} INFO - Setting next_dagrun for example_sensors to None, run_after=None
[2026-01-09T12:20:15.034+0000] {processor.py:183} INFO - Processing /home/airflow/.local/lib/python3.8/site-packages/airflow/example_dags/example_sensors.py took 0.144 seconds
[2026-01-09T12:20:45.974+0000] {processor.py:161} INFO - Started process (PID=6090) to work on /home/airflow/.local/lib/python3.8/site-packages/airflow/example_dags/example_sensors.py
[2026-01-09T12:20:45.976+0000] {processor.py:830} INFO - Processing file /home/airflow/.local/lib/python3.8/site-packages/airflow/example_dags/example_sensors.py for tasks to queue
[2026-01-09T12:20:45.978+0000] {logging_mixin.py:188} INFO - [2026-01-09T12:20:45.977+0000] {dagbag.py:538} INFO - Filling up the DagBag from /home/airflow/.local/lib/python3.8/site-packages/airflow/example_dags/example_sensors.py
[2026-01-09T12:20:45.996+0000] {processor.py:840} INFO - DAG(s) 'example_sensors' retrieved from /home/airflow/.local/lib/python3.8/site-packages/airflow/example_dags/example_sensors.py
[2026-01-09T12:20:46.058+0000] {logging_mixin.py:188} INFO - [2026-01-09T12:20:46.057+0000] {dag.py:3036} INFO - Sync 1 DAGs
[2026-01-09T12:20:46.088+0000] {logging_mixin.py:188} INFO - [2026-01-09T12:20:46.088+0000] {dag.py:3823} INFO - Setting next_dagrun for example_sensors to None, run_after=None
[2026-01-09T12:20:46.140+0000] {processor.py:183} INFO - Processing /home/airflow/.local/lib/python3.8/site-packages/airflow/example_dags/example_sensors.py took 0.177 seconds
[2026-01-09T12:21:16.524+0000] {processor.py:161} INFO - Started process (PID=6337) to work on /home/airflow/.local/lib/python3.8/site-packages/airflow/example_dags/example_sensors.py
[2026-01-09T12:21:16.527+0000] {processor.py:830} INFO - Processing file /home/airflow/.local/lib/python3.8/site-packages/airflow/example_dags/example_sensors.py for tasks to queue
[2026-01-09T12:21:16.528+0000] {logging_mixin.py:188} INFO - [2026-01-09T12:21:16.528+0000] {dagbag.py:538} INFO - Filling up the DagBag from /home/airflow/.local/lib/python3.8/site-packages/airflow/example_dags/example_sensors.py
[2026-01-09T12:21:16.548+0000] {processor.py:840} INFO - DAG(s) 'example_sensors' retrieved from /home/airflow/.local/lib/python3.8/site-packages/airflow/example_dags/example_sensors.py
[2026-01-09T12:21:16.601+0000] {logging_mixin.py:188} INFO - [2026-01-09T12:21:16.600+0000] {dag.py:3036} INFO - Sync 1 DAGs
[2026-01-09T12:21:16.624+0000] {logging_mixin.py:188} INFO - [2026-01-09T12:21:16.624+0000] {dag.py:3823} INFO - Setting next_dagrun for example_sensors to None, run_after=None
[2026-01-09T12:21:16.665+0000] {processor.py:183} INFO - Processing /home/airflow/.local/lib/python3.8/site-packages/airflow/example_dags/example_sensors.py took 0.148 seconds
[2026-01-09T12:21:47.357+0000] {processor.py:161} INFO - Started process (PID=6584) to work on /home/airflow/.local/lib/python3.8/site-packages/airflow/example_dags/example_sensors.py
[2026-01-09T12:21:47.359+0000] {processor.py:830} INFO - Processing file /home/airflow/.local/lib/python3.8/site-packages/airflow/example_dags/example_sensors.py for tasks to queue
[2026-01-09T12:21:47.361+0000] {logging_mixin.py:188} INFO - [2026-01-09T12:21:47.361+0000] {dagbag.py:538} INFO - Filling up the DagBag from /home/airflow/.local/lib/python3.8/site-packages/airflow/example_dags/example_sensors.py
[2026-01-09T12:21:47.381+0000] {processor.py:840} INFO - DAG(s) 'example_sensors' retrieved from /home/airflow/.local/lib/python3.8/site-packages/airflow/example_dags/example_sensors.py
[2026-01-09T12:21:47.432+0000] {logging_mixin.py:188} INFO - [2026-01-09T12:21:47.432+0000] {dag.py:3036} INFO - Sync 1 DAGs
[2026-01-09T12:21:47.454+0000] {logging_mixin.py:188} INFO - [2026-01-09T12:21:47.454+0000] {dag.py:3823} INFO - Setting next_dagrun for example_sensors to None, run_after=None
[2026-01-09T12:21:47.503+0000] {processor.py:183} INFO - Processing /home/airflow/.local/lib/python3.8/site-packages/airflow/example_dags/example_sensors.py took 0.153 seconds
[2026-01-09T12:22:18.427+0000] {processor.py:161} INFO - Started process (PID=6832) to work on /home/airflow/.local/lib/python3.8/site-packages/airflow/example_dags/example_sensors.py
[2026-01-09T12:22:18.430+0000] {processor.py:830} INFO - Processing file /home/airflow/.local/lib/python3.8/site-packages/airflow/example_dags/example_sensors.py for tasks to queue
[2026-01-09T12:22:18.432+0000] {logging_mixin.py:188} INFO - [2026-01-09T12:22:18.431+0000] {dagbag.py:538} INFO - Filling up the DagBag from /home/airflow/.local/lib/python3.8/site-packages/airflow/example_dags/example_sensors.py
[2026-01-09T12:22:18.448+0000] {processor.py:840} INFO - DAG(s) 'example_sensors' retrieved from /home/airflow/.local/lib/python3.8/site-packages/airflow/example_dags/example_sensors.py
[2026-01-09T12:22:18.502+0000] {logging_mixin.py:188} INFO - [2026-01-09T12:22:18.501+0000] {dag.py:3036} INFO - Sync 1 DAGs
[2026-01-09T12:22:18.527+0000] {logging_mixin.py:188} INFO - [2026-01-09T12:22:18.526+0000] {dag.py:3823} INFO - Setting next_dagrun for example_sensors to None, run_after=None
[2026-01-09T12:22:18.580+0000] {processor.py:183} INFO - Processing /home/airflow/.local/lib/python3.8/site-packages/airflow/example_dags/example_sensors.py took 0.159 seconds
[2026-01-09T12:22:48.957+0000] {processor.py:161} INFO - Started process (PID=7077) to work on /home/airflow/.local/lib/python3.8/site-packages/airflow/example_dags/example_sensors.py
[2026-01-09T12:22:48.959+0000] {processor.py:830} INFO - Processing file /home/airflow/.local/lib/python3.8/site-packages/airflow/example_dags/example_sensors.py for tasks to queue
[2026-01-09T12:22:48.961+0000] {logging_mixin.py:188} INFO - [2026-01-09T12:22:48.960+0000] {dagbag.py:538} INFO - Filling up the DagBag from /home/airflow/.local/lib/python3.8/site-packages/airflow/example_dags/example_sensors.py
[2026-01-09T12:22:48.981+0000] {processor.py:840} INFO - DAG(s) 'example_sensors' retrieved from /home/airflow/.local/lib/python3.8/site-packages/airflow/example_dags/example_sensors.py
[2026-01-09T12:22:49.028+0000] {logging_mixin.py:188} INFO - [2026-01-09T12:22:49.027+0000] {dag.py:3036} INFO - Sync 1 DAGs
[2026-01-09T12:22:49.050+0000] {logging_mixin.py:188} INFO - [2026-01-09T12:22:49.050+0000] {dag.py:3823} INFO - Setting next_dagrun for example_sensors to None, run_after=None
[2026-01-09T12:22:49.095+0000] {processor.py:183} INFO - Processing /home/airflow/.local/lib/python3.8/site-packages/airflow/example_dags/example_sensors.py took 0.145 seconds
[2026-01-09T12:23:19.370+0000] {processor.py:161} INFO - Started process (PID=7331) to work on /home/airflow/.local/lib/python3.8/site-packages/airflow/example_dags/example_sensors.py
[2026-01-09T12:23:19.372+0000] {processor.py:830} INFO - Processing file /home/airflow/.local/lib/python3.8/site-packages/airflow/example_dags/example_sensors.py for tasks to queue
[2026-01-09T12:23:19.374+0000] {logging_mixin.py:188} INFO - [2026-01-09T12:23:19.373+0000] {dagbag.py:538} INFO - Filling up the DagBag from /home/airflow/.local/lib/python3.8/site-packages/airflow/example_dags/example_sensors.py
[2026-01-09T12:23:19.394+0000] {processor.py:840} INFO - DAG(s) 'example_sensors' retrieved from /home/airflow/.local/lib/python3.8/site-packages/airflow/example_dags/example_sensors.py
[2026-01-09T12:23:19.448+0000] {logging_mixin.py:188} INFO - [2026-01-09T12:23:19.447+0000] {dag.py:3036} INFO - Sync 1 DAGs
[2026-01-09T12:23:19.471+0000] {logging_mixin.py:188} INFO - [2026-01-09T12:23:19.470+0000] {dag.py:3823} INFO - Setting next_dagrun for example_sensors to None, run_after=None
[2026-01-09T12:23:19.518+0000] {processor.py:183} INFO - Processing /home/airflow/.local/lib/python3.8/site-packages/airflow/example_dags/example_sensors.py took 0.156 seconds
[2026-01-09T12:23:49.736+0000] {processor.py:161} INFO - Started process (PID=7578) to work on /home/airflow/.local/lib/python3.8/site-packages/airflow/example_dags/example_sensors.py
[2026-01-09T12:23:49.739+0000] {processor.py:830} INFO - Processing file /home/airflow/.local/lib/python3.8/site-packages/airflow/example_dags/example_sensors.py for tasks to queue
[2026-01-09T12:23:49.741+0000] {logging_mixin.py:188} INFO - [2026-01-09T12:23:49.740+0000] {dagbag.py:538} INFO - Filling up the DagBag from /home/airflow/.local/lib/python3.8/site-packages/airflow/example_dags/example_sensors.py
[2026-01-09T12:23:49.762+0000] {processor.py:840} INFO - DAG(s) 'example_sensors' retrieved from /home/airflow/.local/lib/python3.8/site-packages/airflow/example_dags/example_sensors.py
[2026-01-09T12:23:49.822+0000] {logging_mixin.py:188} INFO - [2026-01-09T12:23:49.821+0000] {dag.py:3036} INFO - Sync 1 DAGs
[2026-01-09T12:23:49.847+0000] {logging_mixin.py:188} INFO - [2026-01-09T12:23:49.847+0000] {dag.py:3823} INFO - Setting next_dagrun for example_sensors to None, run_after=None
[2026-01-09T12:23:49.897+0000] {processor.py:183} INFO - Processing /home/airflow/.local/lib/python3.8/site-packages/airflow/example_dags/example_sensors.py took 0.167 seconds
[2026-01-09T12:24:20.132+0000] {processor.py:161} INFO - Started process (PID=7821) to work on /home/airflow/.local/lib/python3.8/site-packages/airflow/example_dags/example_sensors.py
[2026-01-09T12:24:20.134+0000] {processor.py:830} INFO - Processing file /home/airflow/.local/lib/python3.8/site-packages/airflow/example_dags/example_sensors.py for tasks to queue
[2026-01-09T12:24:20.136+0000] {logging_mixin.py:188} INFO - [2026-01-09T12:24:20.135+0000] {dagbag.py:538} INFO - Filling up the DagBag from /home/airflow/.local/lib/python3.8/site-packages/airflow/example_dags/example_sensors.py
[2026-01-09T12:24:20.153+0000] {processor.py:840} INFO - DAG(s) 'example_sensors' retrieved from /home/airflow/.local/lib/python3.8/site-packages/airflow/example_dags/example_sensors.py
[2026-01-09T12:24:20.209+0000] {logging_mixin.py:188} INFO - [2026-01-09T12:24:20.208+0000] {dag.py:3036} INFO - Sync 1 DAGs
[2026-01-09T12:24:20.230+0000] {logging_mixin.py:188} INFO - [2026-01-09T12:24:20.230+0000] {dag.py:3823} INFO - Setting next_dagrun for example_sensors to None, run_after=None
[2026-01-09T12:24:20.273+0000] {processor.py:183} INFO - Processing /home/airflow/.local/lib/python3.8/site-packages/airflow/example_dags/example_sensors.py took 0.149 seconds
[2026-01-09T12:24:50.745+0000] {processor.py:161} INFO - Started process (PID=8068) to work on /home/airflow/.local/lib/python3.8/site-packages/airflow/example_dags/example_sensors.py
[2026-01-09T12:24:50.747+0000] {processor.py:830} INFO - Processing file /home/airflow/.local/lib/python3.8/site-packages/airflow/example_dags/example_sensors.py for tasks to queue
[2026-01-09T12:24:50.748+0000] {logging_mixin.py:188} INFO - [2026-01-09T12:24:50.747+0000] {dagbag.py:538} INFO - Filling up the DagBag from /home/airflow/.local/lib/python3.8/site-packages/airflow/example_dags/example_sensors.py
[2026-01-09T12:24:50.790+0000] {processor.py:840} INFO - DAG(s) 'example_sensors' retrieved from /home/airflow/.local/lib/python3.8/site-packages/airflow/example_dags/example_sensors.py
[2026-01-09T12:24:50.847+0000] {logging_mixin.py:188} INFO - [2026-01-09T12:24:50.846+0000] {dag.py:3036} INFO - Sync 1 DAGs
[2026-01-09T12:24:50.872+0000] {logging_mixin.py:188} INFO - [2026-01-09T12:24:50.872+0000] {dag.py:3823} INFO - Setting next_dagrun for example_sensors to None, run_after=None
[2026-01-09T12:24:50.920+0000] {processor.py:183} INFO - Processing /home/airflow/.local/lib/python3.8/site-packages/airflow/example_dags/example_sensors.py took 0.182 seconds
[2026-01-09T12:25:21.352+0000] {processor.py:161} INFO - Started process (PID=8313) to work on /home/airflow/.local/lib/python3.8/site-packages/airflow/example_dags/example_sensors.py
[2026-01-09T12:25:21.354+0000] {processor.py:830} INFO - Processing file /home/airflow/.local/lib/python3.8/site-packages/airflow/example_dags/example_sensors.py for tasks to queue
[2026-01-09T12:25:21.355+0000] {logging_mixin.py:188} INFO - [2026-01-09T12:25:21.355+0000] {dagbag.py:538} INFO - Filling up the DagBag from /home/airflow/.local/lib/python3.8/site-packages/airflow/example_dags/example_sensors.py
[2026-01-09T12:25:21.373+0000] {processor.py:840} INFO - DAG(s) 'example_sensors' retrieved from /home/airflow/.local/lib/python3.8/site-packages/airflow/example_dags/example_sensors.py
[2026-01-09T12:25:21.438+0000] {logging_mixin.py:188} INFO - [2026-01-09T12:25:21.437+0000] {dag.py:3036} INFO - Sync 1 DAGs
[2026-01-09T12:25:21.464+0000] {logging_mixin.py:188} INFO - [2026-01-09T12:25:21.463+0000] {dag.py:3823} INFO - Setting next_dagrun for example_sensors to None, run_after=None
[2026-01-09T12:25:21.515+0000] {processor.py:183} INFO - Processing /home/airflow/.local/lib/python3.8/site-packages/airflow/example_dags/example_sensors.py took 0.171 seconds
[2026-01-09T12:25:51.667+0000] {processor.py:161} INFO - Started process (PID=8561) to work on /home/airflow/.local/lib/python3.8/site-packages/airflow/example_dags/example_sensors.py
[2026-01-09T12:25:51.669+0000] {processor.py:830} INFO - Processing file /home/airflow/.local/lib/python3.8/site-packages/airflow/example_dags/example_sensors.py for tasks to queue
[2026-01-09T12:25:51.670+0000] {logging_mixin.py:188} INFO - [2026-01-09T12:25:51.669+0000] {dagbag.py:538} INFO - Filling up the DagBag from /home/airflow/.local/lib/python3.8/site-packages/airflow/example_dags/example_sensors.py
[2026-01-09T12:25:51.686+0000] {processor.py:840} INFO - DAG(s) 'example_sensors' retrieved from /home/airflow/.local/lib/python3.8/site-packages/airflow/example_dags/example_sensors.py
[2026-01-09T12:25:51.733+0000] {logging_mixin.py:188} INFO - [2026-01-09T12:25:51.732+0000] {dag.py:3036} INFO - Sync 1 DAGs
[2026-01-09T12:25:51.753+0000] {logging_mixin.py:188} INFO - [2026-01-09T12:25:51.752+0000] {dag.py:3823} INFO - Setting next_dagrun for example_sensors to None, run_after=None
[2026-01-09T12:25:52.201+0000] {processor.py:183} INFO - Processing /home/airflow/.local/lib/python3.8/site-packages/airflow/example_dags/example_sensors.py took 0.540 seconds
[2026-01-09T12:26:22.596+0000] {processor.py:161} INFO - Started process (PID=8808) to work on /home/airflow/.local/lib/python3.8/site-packages/airflow/example_dags/example_sensors.py
[2026-01-09T12:26:22.598+0000] {processor.py:830} INFO - Processing file /home/airflow/.local/lib/python3.8/site-packages/airflow/example_dags/example_sensors.py for tasks to queue
[2026-01-09T12:26:22.600+0000] {logging_mixin.py:188} INFO - [2026-01-09T12:26:22.599+0000] {dagbag.py:538} INFO - Filling up the DagBag from /home/airflow/.local/lib/python3.8/site-packages/airflow/example_dags/example_sensors.py
[2026-01-09T12:26:22.615+0000] {processor.py:840} INFO - DAG(s) 'example_sensors' retrieved from /home/airflow/.local/lib/python3.8/site-packages/airflow/example_dags/example_sensors.py
[2026-01-09T12:26:22.659+0000] {logging_mixin.py:188} INFO - [2026-01-09T12:26:22.659+0000] {dag.py:3036} INFO - Sync 1 DAGs
[2026-01-09T12:26:22.684+0000] {logging_mixin.py:188} INFO - [2026-01-09T12:26:22.683+0000] {dag.py:3823} INFO - Setting next_dagrun for example_sensors to None, run_after=None
[2026-01-09T12:26:22.723+0000] {processor.py:183} INFO - Processing /home/airflow/.local/lib/python3.8/site-packages/airflow/example_dags/example_sensors.py took 0.133 seconds
[2026-01-09T12:26:53.683+0000] {processor.py:161} INFO - Started process (PID=9061) to work on /home/airflow/.local/lib/python3.8/site-packages/airflow/example_dags/example_sensors.py
[2026-01-09T12:26:53.692+0000] {processor.py:830} INFO - Processing file /home/airflow/.local/lib/python3.8/site-packages/airflow/example_dags/example_sensors.py for tasks to queue
[2026-01-09T12:26:53.694+0000] {logging_mixin.py:188} INFO - [2026-01-09T12:26:53.693+0000] {dagbag.py:538} INFO - Filling up the DagBag from /home/airflow/.local/lib/python3.8/site-packages/airflow/example_dags/example_sensors.py
[2026-01-09T12:26:53.716+0000] {processor.py:840} INFO - DAG(s) 'example_sensors' retrieved from /home/airflow/.local/lib/python3.8/site-packages/airflow/example_dags/example_sensors.py
[2026-01-09T12:26:53.772+0000] {logging_mixin.py:188} INFO - [2026-01-09T12:26:53.771+0000] {dag.py:3036} INFO - Sync 1 DAGs
[2026-01-09T12:26:53.798+0000] {logging_mixin.py:188} INFO - [2026-01-09T12:26:53.797+0000] {dag.py:3823} INFO - Setting next_dagrun for example_sensors to None, run_after=None
[2026-01-09T12:26:53.847+0000] {processor.py:183} INFO - Processing /home/airflow/.local/lib/python3.8/site-packages/airflow/example_dags/example_sensors.py took 0.174 seconds
[2026-01-09T12:27:24.138+0000] {processor.py:161} INFO - Started process (PID=9310) to work on /home/airflow/.local/lib/python3.8/site-packages/airflow/example_dags/example_sensors.py
[2026-01-09T12:27:24.141+0000] {processor.py:830} INFO - Processing file /home/airflow/.local/lib/python3.8/site-packages/airflow/example_dags/example_sensors.py for tasks to queue
[2026-01-09T12:27:24.143+0000] {logging_mixin.py:188} INFO - [2026-01-09T12:27:24.142+0000] {dagbag.py:538} INFO - Filling up the DagBag from /home/airflow/.local/lib/python3.8/site-packages/airflow/example_dags/example_sensors.py
[2026-01-09T12:27:24.163+0000] {processor.py:840} INFO - DAG(s) 'example_sensors' retrieved from /home/airflow/.local/lib/python3.8/site-packages/airflow/example_dags/example_sensors.py
[2026-01-09T12:27:24.205+0000] {logging_mixin.py:188} INFO - [2026-01-09T12:27:24.204+0000] {dag.py:3036} INFO - Sync 1 DAGs
[2026-01-09T12:27:24.224+0000] {logging_mixin.py:188} INFO - [2026-01-09T12:27:24.223+0000] {dag.py:3823} INFO - Setting next_dagrun for example_sensors to None, run_after=None
[2026-01-09T12:27:24.276+0000] {processor.py:183} INFO - Processing /home/airflow/.local/lib/python3.8/site-packages/airflow/example_dags/example_sensors.py took 0.145 seconds
[2026-01-09T12:27:54.392+0000] {processor.py:161} INFO - Started process (PID=9555) to work on /home/airflow/.local/lib/python3.8/site-packages/airflow/example_dags/example_sensors.py
[2026-01-09T12:27:54.394+0000] {processor.py:830} INFO - Processing file /home/airflow/.local/lib/python3.8/site-packages/airflow/example_dags/example_sensors.py for tasks to queue
[2026-01-09T12:27:54.396+0000] {logging_mixin.py:188} INFO - [2026-01-09T12:27:54.395+0000] {dagbag.py:538} INFO - Filling up the DagBag from /home/airflow/.local/lib/python3.8/site-packages/airflow/example_dags/example_sensors.py
[2026-01-09T12:27:54.413+0000] {processor.py:840} INFO - DAG(s) 'example_sensors' retrieved from /home/airflow/.local/lib/python3.8/site-packages/airflow/example_dags/example_sensors.py
[2026-01-09T12:27:54.475+0000] {logging_mixin.py:188} INFO - [2026-01-09T12:27:54.475+0000] {dag.py:3036} INFO - Sync 1 DAGs
[2026-01-09T12:27:54.498+0000] {logging_mixin.py:188} INFO - [2026-01-09T12:27:54.498+0000] {dag.py:3823} INFO - Setting next_dagrun for example_sensors to None, run_after=None
[2026-01-09T12:27:54.543+0000] {processor.py:183} INFO - Processing /home/airflow/.local/lib/python3.8/site-packages/airflow/example_dags/example_sensors.py took 0.158 seconds
[2026-01-09T12:28:25.996+0000] {processor.py:161} INFO - Started process (PID=9802) to work on /home/airflow/.local/lib/python3.8/site-packages/airflow/example_dags/example_sensors.py
[2026-01-09T12:28:25.999+0000] {processor.py:830} INFO - Processing file /home/airflow/.local/lib/python3.8/site-packages/airflow/example_dags/example_sensors.py for tasks to queue
[2026-01-09T12:28:26.001+0000] {logging_mixin.py:188} INFO - [2026-01-09T12:28:26.000+0000] {dagbag.py:538} INFO - Filling up the DagBag from /home/airflow/.local/lib/python3.8/site-packages/airflow/example_dags/example_sensors.py
[2026-01-09T12:28:26.019+0000] {processor.py:840} INFO - DAG(s) 'example_sensors' retrieved from /home/airflow/.local/lib/python3.8/site-packages/airflow/example_dags/example_sensors.py
[2026-01-09T12:28:26.069+0000] {logging_mixin.py:188} INFO - [2026-01-09T12:28:26.069+0000] {dag.py:3036} INFO - Sync 1 DAGs
[2026-01-09T12:28:26.091+0000] {logging_mixin.py:188} INFO - [2026-01-09T12:28:26.090+0000] {dag.py:3823} INFO - Setting next_dagrun for example_sensors to None, run_after=None
[2026-01-09T12:28:26.137+0000] {processor.py:183} INFO - Processing /home/airflow/.local/lib/python3.8/site-packages/airflow/example_dags/example_sensors.py took 0.148 seconds
[2026-01-09T12:28:56.453+0000] {processor.py:161} INFO - Started process (PID=10049) to work on /home/airflow/.local/lib/python3.8/site-packages/airflow/example_dags/example_sensors.py
[2026-01-09T12:28:56.459+0000] {processor.py:830} INFO - Processing file /home/airflow/.local/lib/python3.8/site-packages/airflow/example_dags/example_sensors.py for tasks to queue
[2026-01-09T12:28:56.461+0000] {logging_mixin.py:188} INFO - [2026-01-09T12:28:56.460+0000] {dagbag.py:538} INFO - Filling up the DagBag from /home/airflow/.local/lib/python3.8/site-packages/airflow/example_dags/example_sensors.py
[2026-01-09T12:28:56.481+0000] {processor.py:840} INFO - DAG(s) 'example_sensors' retrieved from /home/airflow/.local/lib/python3.8/site-packages/airflow/example_dags/example_sensors.py
[2026-01-09T12:28:56.536+0000] {logging_mixin.py:188} INFO - [2026-01-09T12:28:56.536+0000] {dag.py:3036} INFO - Sync 1 DAGs
[2026-01-09T12:28:56.561+0000] {logging_mixin.py:188} INFO - [2026-01-09T12:28:56.561+0000] {dag.py:3823} INFO - Setting next_dagrun for example_sensors to None, run_after=None
[2026-01-09T12:28:56.609+0000] {processor.py:183} INFO - Processing /home/airflow/.local/lib/python3.8/site-packages/airflow/example_dags/example_sensors.py took 0.165 seconds
[2026-01-09T12:29:27.365+0000] {processor.py:161} INFO - Started process (PID=10296) to work on /home/airflow/.local/lib/python3.8/site-packages/airflow/example_dags/example_sensors.py
[2026-01-09T12:29:27.369+0000] {processor.py:830} INFO - Processing file /home/airflow/.local/lib/python3.8/site-packages/airflow/example_dags/example_sensors.py for tasks to queue
[2026-01-09T12:29:27.371+0000] {logging_mixin.py:188} INFO - [2026-01-09T12:29:27.370+0000] {dagbag.py:538} INFO - Filling up the DagBag from /home/airflow/.local/lib/python3.8/site-packages/airflow/example_dags/example_sensors.py
[2026-01-09T12:29:27.388+0000] {processor.py:840} INFO - DAG(s) 'example_sensors' retrieved from /home/airflow/.local/lib/python3.8/site-packages/airflow/example_dags/example_sensors.py
[2026-01-09T12:29:27.439+0000] {logging_mixin.py:188} INFO - [2026-01-09T12:29:27.439+0000] {dag.py:3036} INFO - Sync 1 DAGs
[2026-01-09T12:29:27.463+0000] {logging_mixin.py:188} INFO - [2026-01-09T12:29:27.462+0000] {dag.py:3823} INFO - Setting next_dagrun for example_sensors to None, run_after=None
[2026-01-09T12:29:27.504+0000] {processor.py:183} INFO - Processing /home/airflow/.local/lib/python3.8/site-packages/airflow/example_dags/example_sensors.py took 0.147 seconds
[2026-01-09T12:29:58.118+0000] {processor.py:161} INFO - Started process (PID=10545) to work on /home/airflow/.local/lib/python3.8/site-packages/airflow/example_dags/example_sensors.py
[2026-01-09T12:29:58.125+0000] {processor.py:830} INFO - Processing file /home/airflow/.local/lib/python3.8/site-packages/airflow/example_dags/example_sensors.py for tasks to queue
[2026-01-09T12:29:58.128+0000] {logging_mixin.py:188} INFO - [2026-01-09T12:29:58.127+0000] {dagbag.py:538} INFO - Filling up the DagBag from /home/airflow/.local/lib/python3.8/site-packages/airflow/example_dags/example_sensors.py
[2026-01-09T12:29:58.160+0000] {processor.py:840} INFO - DAG(s) 'example_sensors' retrieved from /home/airflow/.local/lib/python3.8/site-packages/airflow/example_dags/example_sensors.py
[2026-01-09T12:29:58.232+0000] {logging_mixin.py:188} INFO - [2026-01-09T12:29:58.231+0000] {dag.py:3036} INFO - Sync 1 DAGs
[2026-01-09T12:29:58.257+0000] {logging_mixin.py:188} INFO - [2026-01-09T12:29:58.256+0000] {dag.py:3823} INFO - Setting next_dagrun for example_sensors to None, run_after=None
[2026-01-09T12:29:58.302+0000] {processor.py:183} INFO - Processing /home/airflow/.local/lib/python3.8/site-packages/airflow/example_dags/example_sensors.py took 0.198 seconds
[2026-01-09T12:30:28.691+0000] {processor.py:161} INFO - Started process (PID=10791) to work on /home/airflow/.local/lib/python3.8/site-packages/airflow/example_dags/example_sensors.py
[2026-01-09T12:30:28.693+0000] {processor.py:830} INFO - Processing file /home/airflow/.local/lib/python3.8/site-packages/airflow/example_dags/example_sensors.py for tasks to queue
[2026-01-09T12:30:28.696+0000] {logging_mixin.py:188} INFO - [2026-01-09T12:30:28.695+0000] {dagbag.py:538} INFO - Filling up the DagBag from /home/airflow/.local/lib/python3.8/site-packages/airflow/example_dags/example_sensors.py
[2026-01-09T12:30:28.717+0000] {processor.py:840} INFO - DAG(s) 'example_sensors' retrieved from /home/airflow/.local/lib/python3.8/site-packages/airflow/example_dags/example_sensors.py
[2026-01-09T12:30:28.771+0000] {logging_mixin.py:188} INFO - [2026-01-09T12:30:28.771+0000] {dag.py:3036} INFO - Sync 1 DAGs
[2026-01-09T12:30:28.793+0000] {logging_mixin.py:188} INFO - [2026-01-09T12:30:28.792+0000] {dag.py:3823} INFO - Setting next_dagrun for example_sensors to None, run_after=None
[2026-01-09T12:30:28.843+0000] {processor.py:183} INFO - Processing /home/airflow/.local/lib/python3.8/site-packages/airflow/example_dags/example_sensors.py took 0.162 seconds
[2026-01-09T12:31:00.211+0000] {processor.py:161} INFO - Started process (PID=11038) to work on /home/airflow/.local/lib/python3.8/site-packages/airflow/example_dags/example_sensors.py
[2026-01-09T12:31:00.213+0000] {processor.py:830} INFO - Processing file /home/airflow/.local/lib/python3.8/site-packages/airflow/example_dags/example_sensors.py for tasks to queue
[2026-01-09T12:31:00.215+0000] {logging_mixin.py:188} INFO - [2026-01-09T12:31:00.215+0000] {dagbag.py:538} INFO - Filling up the DagBag from /home/airflow/.local/lib/python3.8/site-packages/airflow/example_dags/example_sensors.py
[2026-01-09T12:31:00.237+0000] {processor.py:840} INFO - DAG(s) 'example_sensors' retrieved from /home/airflow/.local/lib/python3.8/site-packages/airflow/example_dags/example_sensors.py
[2026-01-09T12:31:00.287+0000] {logging_mixin.py:188} INFO - [2026-01-09T12:31:00.287+0000] {dag.py:3036} INFO - Sync 1 DAGs
[2026-01-09T12:31:00.310+0000] {logging_mixin.py:188} INFO - [2026-01-09T12:31:00.310+0000] {dag.py:3823} INFO - Setting next_dagrun for example_sensors to None, run_after=None
[2026-01-09T12:31:00.353+0000] {processor.py:183} INFO - Processing /home/airflow/.local/lib/python3.8/site-packages/airflow/example_dags/example_sensors.py took 0.149 seconds
[2026-01-09T12:31:30.857+0000] {processor.py:161} INFO - Started process (PID=11284) to work on /home/airflow/.local/lib/python3.8/site-packages/airflow/example_dags/example_sensors.py
[2026-01-09T12:31:30.859+0000] {processor.py:830} INFO - Processing file /home/airflow/.local/lib/python3.8/site-packages/airflow/example_dags/example_sensors.py for tasks to queue
[2026-01-09T12:31:30.860+0000] {logging_mixin.py:188} INFO - [2026-01-09T12:31:30.860+0000] {dagbag.py:538} INFO - Filling up the DagBag from /home/airflow/.local/lib/python3.8/site-packages/airflow/example_dags/example_sensors.py
[2026-01-09T12:31:30.875+0000] {processor.py:840} INFO - DAG(s) 'example_sensors' retrieved from /home/airflow/.local/lib/python3.8/site-packages/airflow/example_dags/example_sensors.py
[2026-01-09T12:31:30.916+0000] {logging_mixin.py:188} INFO - [2026-01-09T12:31:30.916+0000] {dag.py:3036} INFO - Sync 1 DAGs
[2026-01-09T12:31:30.935+0000] {logging_mixin.py:188} INFO - [2026-01-09T12:31:30.935+0000] {dag.py:3823} INFO - Setting next_dagrun for example_sensors to None, run_after=None
[2026-01-09T12:31:30.983+0000] {processor.py:183} INFO - Processing /home/airflow/.local/lib/python3.8/site-packages/airflow/example_dags/example_sensors.py took 0.132 seconds
[2026-01-09T12:32:01.590+0000] {processor.py:161} INFO - Started process (PID=11538) to work on /home/airflow/.local/lib/python3.8/site-packages/airflow/example_dags/example_sensors.py
[2026-01-09T12:32:01.592+0000] {processor.py:830} INFO - Processing file /home/airflow/.local/lib/python3.8/site-packages/airflow/example_dags/example_sensors.py for tasks to queue
[2026-01-09T12:32:01.593+0000] {logging_mixin.py:188} INFO - [2026-01-09T12:32:01.593+0000] {dagbag.py:538} INFO - Filling up the DagBag from /home/airflow/.local/lib/python3.8/site-packages/airflow/example_dags/example_sensors.py
[2026-01-09T12:32:01.609+0000] {processor.py:840} INFO - DAG(s) 'example_sensors' retrieved from /home/airflow/.local/lib/python3.8/site-packages/airflow/example_dags/example_sensors.py
[2026-01-09T12:32:01.651+0000] {logging_mixin.py:188} INFO - [2026-01-09T12:32:01.650+0000] {dag.py:3036} INFO - Sync 1 DAGs
[2026-01-09T12:32:01.670+0000] {logging_mixin.py:188} INFO - [2026-01-09T12:32:01.670+0000] {dag.py:3823} INFO - Setting next_dagrun for example_sensors to None, run_after=None
[2026-01-09T12:32:01.718+0000] {processor.py:183} INFO - Processing /home/airflow/.local/lib/python3.8/site-packages/airflow/example_dags/example_sensors.py took 0.133 seconds
[2026-01-09T12:32:32.961+0000] {processor.py:161} INFO - Started process (PID=11778) to work on /home/airflow/.local/lib/python3.8/site-packages/airflow/example_dags/example_sensors.py
[2026-01-09T12:32:32.972+0000] {processor.py:830} INFO - Processing file /home/airflow/.local/lib/python3.8/site-packages/airflow/example_dags/example_sensors.py for tasks to queue
[2026-01-09T12:32:32.975+0000] {logging_mixin.py:188} INFO - [2026-01-09T12:32:32.974+0000] {dagbag.py:538} INFO - Filling up the DagBag from /home/airflow/.local/lib/python3.8/site-packages/airflow/example_dags/example_sensors.py
[2026-01-09T12:32:32.995+0000] {processor.py:840} INFO - DAG(s) 'example_sensors' retrieved from /home/airflow/.local/lib/python3.8/site-packages/airflow/example_dags/example_sensors.py
[2026-01-09T12:32:33.053+0000] {logging_mixin.py:188} INFO - [2026-01-09T12:32:33.053+0000] {dag.py:3036} INFO - Sync 1 DAGs
[2026-01-09T12:32:33.075+0000] {logging_mixin.py:188} INFO - [2026-01-09T12:32:33.075+0000] {dag.py:3823} INFO - Setting next_dagrun for example_sensors to None, run_after=None
[2026-01-09T12:32:33.140+0000] {processor.py:183} INFO - Processing /home/airflow/.local/lib/python3.8/site-packages/airflow/example_dags/example_sensors.py took 0.186 seconds
[2026-01-09T12:33:03.785+0000] {processor.py:161} INFO - Started process (PID=12025) to work on /home/airflow/.local/lib/python3.8/site-packages/airflow/example_dags/example_sensors.py
[2026-01-09T12:33:03.787+0000] {processor.py:830} INFO - Processing file /home/airflow/.local/lib/python3.8/site-packages/airflow/example_dags/example_sensors.py for tasks to queue
[2026-01-09T12:33:03.788+0000] {logging_mixin.py:188} INFO - [2026-01-09T12:33:03.788+0000] {dagbag.py:538} INFO - Filling up the DagBag from /home/airflow/.local/lib/python3.8/site-packages/airflow/example_dags/example_sensors.py
[2026-01-09T12:33:03.805+0000] {processor.py:840} INFO - DAG(s) 'example_sensors' retrieved from /home/airflow/.local/lib/python3.8/site-packages/airflow/example_dags/example_sensors.py
[2026-01-09T12:33:03.852+0000] {logging_mixin.py:188} INFO - [2026-01-09T12:33:03.852+0000] {dag.py:3036} INFO - Sync 1 DAGs
[2026-01-09T12:33:03.873+0000] {logging_mixin.py:188} INFO - [2026-01-09T12:33:03.873+0000] {dag.py:3823} INFO - Setting next_dagrun for example_sensors to None, run_after=None
[2026-01-09T12:33:03.917+0000] {processor.py:183} INFO - Processing /home/airflow/.local/lib/python3.8/site-packages/airflow/example_dags/example_sensors.py took 0.138 seconds
[2026-01-09T12:33:34.583+0000] {processor.py:161} INFO - Started process (PID=12274) to work on /home/airflow/.local/lib/python3.8/site-packages/airflow/example_dags/example_sensors.py
[2026-01-09T12:33:34.587+0000] {processor.py:830} INFO - Processing file /home/airflow/.local/lib/python3.8/site-packages/airflow/example_dags/example_sensors.py for tasks to queue
[2026-01-09T12:33:34.590+0000] {logging_mixin.py:188} INFO - [2026-01-09T12:33:34.589+0000] {dagbag.py:538} INFO - Filling up the DagBag from /home/airflow/.local/lib/python3.8/site-packages/airflow/example_dags/example_sensors.py
[2026-01-09T12:33:34.626+0000] {processor.py:840} INFO - DAG(s) 'example_sensors' retrieved from /home/airflow/.local/lib/python3.8/site-packages/airflow/example_dags/example_sensors.py
[2026-01-09T12:33:34.677+0000] {logging_mixin.py:188} INFO - [2026-01-09T12:33:34.676+0000] {dag.py:3036} INFO - Sync 1 DAGs
[2026-01-09T12:33:34.700+0000] {logging_mixin.py:188} INFO - [2026-01-09T12:33:34.699+0000] {dag.py:3823} INFO - Setting next_dagrun for example_sensors to None, run_after=None
[2026-01-09T12:33:34.747+0000] {processor.py:183} INFO - Processing /home/airflow/.local/lib/python3.8/site-packages/airflow/example_dags/example_sensors.py took 0.176 seconds
[2026-01-09T12:34:05.132+0000] {processor.py:161} INFO - Started process (PID=12515) to work on /home/airflow/.local/lib/python3.8/site-packages/airflow/example_dags/example_sensors.py
[2026-01-09T12:34:05.133+0000] {processor.py:830} INFO - Processing file /home/airflow/.local/lib/python3.8/site-packages/airflow/example_dags/example_sensors.py for tasks to queue
[2026-01-09T12:34:05.134+0000] {logging_mixin.py:188} INFO - [2026-01-09T12:34:05.134+0000] {dagbag.py:538} INFO - Filling up the DagBag from /home/airflow/.local/lib/python3.8/site-packages/airflow/example_dags/example_sensors.py
[2026-01-09T12:34:05.150+0000] {processor.py:840} INFO - DAG(s) 'example_sensors' retrieved from /home/airflow/.local/lib/python3.8/site-packages/airflow/example_dags/example_sensors.py
[2026-01-09T12:34:05.198+0000] {logging_mixin.py:188} INFO - [2026-01-09T12:34:05.197+0000] {dag.py:3036} INFO - Sync 1 DAGs
[2026-01-09T12:34:05.219+0000] {logging_mixin.py:188} INFO - [2026-01-09T12:34:05.219+0000] {dag.py:3823} INFO - Setting next_dagrun for example_sensors to None, run_after=None
[2026-01-09T12:34:05.264+0000] {processor.py:183} INFO - Processing /home/airflow/.local/lib/python3.8/site-packages/airflow/example_dags/example_sensors.py took 0.139 seconds
[2026-01-09T12:34:35.930+0000] {processor.py:161} INFO - Started process (PID=12762) to work on /home/airflow/.local/lib/python3.8/site-packages/airflow/example_dags/example_sensors.py
[2026-01-09T12:34:35.932+0000] {processor.py:830} INFO - Processing file /home/airflow/.local/lib/python3.8/site-packages/airflow/example_dags/example_sensors.py for tasks to queue
[2026-01-09T12:34:35.933+0000] {logging_mixin.py:188} INFO - [2026-01-09T12:34:35.932+0000] {dagbag.py:538} INFO - Filling up the DagBag from /home/airflow/.local/lib/python3.8/site-packages/airflow/example_dags/example_sensors.py
[2026-01-09T12:34:35.946+0000] {processor.py:840} INFO - DAG(s) 'example_sensors' retrieved from /home/airflow/.local/lib/python3.8/site-packages/airflow/example_dags/example_sensors.py
[2026-01-09T12:34:35.993+0000] {logging_mixin.py:188} INFO - [2026-01-09T12:34:35.992+0000] {dag.py:3036} INFO - Sync 1 DAGs
[2026-01-09T12:34:36.012+0000] {logging_mixin.py:188} INFO - [2026-01-09T12:34:36.012+0000] {dag.py:3823} INFO - Setting next_dagrun for example_sensors to None, run_after=None
[2026-01-09T12:34:36.060+0000] {processor.py:183} INFO - Processing /home/airflow/.local/lib/python3.8/site-packages/airflow/example_dags/example_sensors.py took 0.136 seconds
[2026-01-09T12:35:06.857+0000] {processor.py:161} INFO - Started process (PID=13009) to work on /home/airflow/.local/lib/python3.8/site-packages/airflow/example_dags/example_sensors.py
[2026-01-09T12:35:06.858+0000] {processor.py:830} INFO - Processing file /home/airflow/.local/lib/python3.8/site-packages/airflow/example_dags/example_sensors.py for tasks to queue
[2026-01-09T12:35:06.859+0000] {logging_mixin.py:188} INFO - [2026-01-09T12:35:06.859+0000] {dagbag.py:538} INFO - Filling up the DagBag from /home/airflow/.local/lib/python3.8/site-packages/airflow/example_dags/example_sensors.py
[2026-01-09T12:35:06.872+0000] {processor.py:840} INFO - DAG(s) 'example_sensors' retrieved from /home/airflow/.local/lib/python3.8/site-packages/airflow/example_dags/example_sensors.py
[2026-01-09T12:35:06.916+0000] {logging_mixin.py:188} INFO - [2026-01-09T12:35:06.916+0000] {dag.py:3036} INFO - Sync 1 DAGs
[2026-01-09T12:35:06.934+0000] {logging_mixin.py:188} INFO - [2026-01-09T12:35:06.933+0000] {dag.py:3823} INFO - Setting next_dagrun for example_sensors to None, run_after=None
[2026-01-09T12:35:06.969+0000] {processor.py:183} INFO - Processing /home/airflow/.local/lib/python3.8/site-packages/airflow/example_dags/example_sensors.py took 0.118 seconds
[2026-01-09T12:35:37.502+0000] {processor.py:161} INFO - Started process (PID=13256) to work on /home/airflow/.local/lib/python3.8/site-packages/airflow/example_dags/example_sensors.py
[2026-01-09T12:35:37.505+0000] {processor.py:830} INFO - Processing file /home/airflow/.local/lib/python3.8/site-packages/airflow/example_dags/example_sensors.py for tasks to queue
[2026-01-09T12:35:37.508+0000] {logging_mixin.py:188} INFO - [2026-01-09T12:35:37.507+0000] {dagbag.py:538} INFO - Filling up the DagBag from /home/airflow/.local/lib/python3.8/site-packages/airflow/example_dags/example_sensors.py
[2026-01-09T12:35:37.524+0000] {processor.py:840} INFO - DAG(s) 'example_sensors' retrieved from /home/airflow/.local/lib/python3.8/site-packages/airflow/example_dags/example_sensors.py
[2026-01-09T12:35:37.567+0000] {logging_mixin.py:188} INFO - [2026-01-09T12:35:37.567+0000] {dag.py:3036} INFO - Sync 1 DAGs
[2026-01-09T12:35:37.587+0000] {logging_mixin.py:188} INFO - [2026-01-09T12:35:37.587+0000] {dag.py:3823} INFO - Setting next_dagrun for example_sensors to None, run_after=None
[2026-01-09T12:35:37.644+0000] {processor.py:183} INFO - Processing /home/airflow/.local/lib/python3.8/site-packages/airflow/example_dags/example_sensors.py took 0.147 seconds
[2026-01-09T12:36:08.093+0000] {processor.py:161} INFO - Started process (PID=13503) to work on /home/airflow/.local/lib/python3.8/site-packages/airflow/example_dags/example_sensors.py
[2026-01-09T12:36:08.094+0000] {processor.py:830} INFO - Processing file /home/airflow/.local/lib/python3.8/site-packages/airflow/example_dags/example_sensors.py for tasks to queue
[2026-01-09T12:36:08.096+0000] {logging_mixin.py:188} INFO - [2026-01-09T12:36:08.095+0000] {dagbag.py:538} INFO - Filling up the DagBag from /home/airflow/.local/lib/python3.8/site-packages/airflow/example_dags/example_sensors.py
[2026-01-09T12:36:08.112+0000] {processor.py:840} INFO - DAG(s) 'example_sensors' retrieved from /home/airflow/.local/lib/python3.8/site-packages/airflow/example_dags/example_sensors.py
[2026-01-09T12:36:08.159+0000] {logging_mixin.py:188} INFO - [2026-01-09T12:36:08.158+0000] {dag.py:3036} INFO - Sync 1 DAGs
[2026-01-09T12:36:08.180+0000] {logging_mixin.py:188} INFO - [2026-01-09T12:36:08.180+0000] {dag.py:3823} INFO - Setting next_dagrun for example_sensors to None, run_after=None
[2026-01-09T12:36:08.224+0000] {processor.py:183} INFO - Processing /home/airflow/.local/lib/python3.8/site-packages/airflow/example_dags/example_sensors.py took 0.137 seconds
[2026-01-09T12:36:39.182+0000] {processor.py:161} INFO - Started process (PID=13750) to work on /home/airflow/.local/lib/python3.8/site-packages/airflow/example_dags/example_sensors.py
[2026-01-09T12:36:39.184+0000] {processor.py:830} INFO - Processing file /home/airflow/.local/lib/python3.8/site-packages/airflow/example_dags/example_sensors.py for tasks to queue
[2026-01-09T12:36:39.185+0000] {logging_mixin.py:188} INFO - [2026-01-09T12:36:39.185+0000] {dagbag.py:538} INFO - Filling up the DagBag from /home/airflow/.local/lib/python3.8/site-packages/airflow/example_dags/example_sensors.py
[2026-01-09T12:36:39.199+0000] {processor.py:840} INFO - DAG(s) 'example_sensors' retrieved from /home/airflow/.local/lib/python3.8/site-packages/airflow/example_dags/example_sensors.py
[2026-01-09T12:36:39.242+0000] {logging_mixin.py:188} INFO - [2026-01-09T12:36:39.242+0000] {dag.py:3036} INFO - Sync 1 DAGs
[2026-01-09T12:36:39.259+0000] {logging_mixin.py:188} INFO - [2026-01-09T12:36:39.258+0000] {dag.py:3823} INFO - Setting next_dagrun for example_sensors to None, run_after=None
[2026-01-09T12:36:39.293+0000] {processor.py:183} INFO - Processing /home/airflow/.local/lib/python3.8/site-packages/airflow/example_dags/example_sensors.py took 0.116 seconds
[2026-01-09T12:37:09.949+0000] {processor.py:161} INFO - Started process (PID=13997) to work on /home/airflow/.local/lib/python3.8/site-packages/airflow/example_dags/example_sensors.py
[2026-01-09T12:37:09.951+0000] {processor.py:830} INFO - Processing file /home/airflow/.local/lib/python3.8/site-packages/airflow/example_dags/example_sensors.py for tasks to queue
[2026-01-09T12:37:09.952+0000] {logging_mixin.py:188} INFO - [2026-01-09T12:37:09.952+0000] {dagbag.py:538} INFO - Filling up the DagBag from /home/airflow/.local/lib/python3.8/site-packages/airflow/example_dags/example_sensors.py
[2026-01-09T12:37:09.967+0000] {processor.py:840} INFO - DAG(s) 'example_sensors' retrieved from /home/airflow/.local/lib/python3.8/site-packages/airflow/example_dags/example_sensors.py
[2026-01-09T12:37:10.016+0000] {logging_mixin.py:188} INFO - [2026-01-09T12:37:10.015+0000] {dag.py:3036} INFO - Sync 1 DAGs
[2026-01-09T12:37:10.041+0000] {logging_mixin.py:188} INFO - [2026-01-09T12:37:10.040+0000] {dag.py:3823} INFO - Setting next_dagrun for example_sensors to None, run_after=None
[2026-01-09T12:37:10.087+0000] {processor.py:183} INFO - Processing /home/airflow/.local/lib/python3.8/site-packages/airflow/example_dags/example_sensors.py took 0.143 seconds
[2026-01-09T12:37:40.661+0000] {processor.py:161} INFO - Started process (PID=14244) to work on /home/airflow/.local/lib/python3.8/site-packages/airflow/example_dags/example_sensors.py
[2026-01-09T12:37:40.663+0000] {processor.py:830} INFO - Processing file /home/airflow/.local/lib/python3.8/site-packages/airflow/example_dags/example_sensors.py for tasks to queue
[2026-01-09T12:37:40.664+0000] {logging_mixin.py:188} INFO - [2026-01-09T12:37:40.664+0000] {dagbag.py:538} INFO - Filling up the DagBag from /home/airflow/.local/lib/python3.8/site-packages/airflow/example_dags/example_sensors.py
[2026-01-09T12:37:40.681+0000] {processor.py:840} INFO - DAG(s) 'example_sensors' retrieved from /home/airflow/.local/lib/python3.8/site-packages/airflow/example_dags/example_sensors.py
[2026-01-09T12:37:40.721+0000] {logging_mixin.py:188} INFO - [2026-01-09T12:37:40.720+0000] {dag.py:3036} INFO - Sync 1 DAGs
[2026-01-09T12:37:40.737+0000] {logging_mixin.py:188} INFO - [2026-01-09T12:37:40.737+0000] {dag.py:3823} INFO - Setting next_dagrun for example_sensors to None, run_after=None
[2026-01-09T12:37:40.774+0000] {processor.py:183} INFO - Processing /home/airflow/.local/lib/python3.8/site-packages/airflow/example_dags/example_sensors.py took 0.120 seconds
[2026-01-09T12:38:11.171+0000] {processor.py:161} INFO - Started process (PID=14491) to work on /home/airflow/.local/lib/python3.8/site-packages/airflow/example_dags/example_sensors.py
[2026-01-09T12:38:11.175+0000] {processor.py:830} INFO - Processing file /home/airflow/.local/lib/python3.8/site-packages/airflow/example_dags/example_sensors.py for tasks to queue
[2026-01-09T12:38:11.177+0000] {logging_mixin.py:188} INFO - [2026-01-09T12:38:11.176+0000] {dagbag.py:538} INFO - Filling up the DagBag from /home/airflow/.local/lib/python3.8/site-packages/airflow/example_dags/example_sensors.py
[2026-01-09T12:38:11.202+0000] {processor.py:840} INFO - DAG(s) 'example_sensors' retrieved from /home/airflow/.local/lib/python3.8/site-packages/airflow/example_dags/example_sensors.py
[2026-01-09T12:38:11.264+0000] {logging_mixin.py:188} INFO - [2026-01-09T12:38:11.263+0000] {dag.py:3036} INFO - Sync 1 DAGs
[2026-01-09T12:38:11.296+0000] {logging_mixin.py:188} INFO - [2026-01-09T12:38:11.295+0000] {dag.py:3823} INFO - Setting next_dagrun for example_sensors to None, run_after=None
[2026-01-09T12:38:11.361+0000] {processor.py:183} INFO - Processing /home/airflow/.local/lib/python3.8/site-packages/airflow/example_dags/example_sensors.py took 0.196 seconds
[2026-01-09T12:38:41.729+0000] {processor.py:161} INFO - Started process (PID=14738) to work on /home/airflow/.local/lib/python3.8/site-packages/airflow/example_dags/example_sensors.py
[2026-01-09T12:38:41.732+0000] {processor.py:830} INFO - Processing file /home/airflow/.local/lib/python3.8/site-packages/airflow/example_dags/example_sensors.py for tasks to queue
[2026-01-09T12:38:41.733+0000] {logging_mixin.py:188} INFO - [2026-01-09T12:38:41.732+0000] {dagbag.py:538} INFO - Filling up the DagBag from /home/airflow/.local/lib/python3.8/site-packages/airflow/example_dags/example_sensors.py
[2026-01-09T12:38:41.750+0000] {processor.py:840} INFO - DAG(s) 'example_sensors' retrieved from /home/airflow/.local/lib/python3.8/site-packages/airflow/example_dags/example_sensors.py
[2026-01-09T12:38:41.796+0000] {logging_mixin.py:188} INFO - [2026-01-09T12:38:41.796+0000] {dag.py:3036} INFO - Sync 1 DAGs
[2026-01-09T12:38:41.814+0000] {logging_mixin.py:188} INFO - [2026-01-09T12:38:41.813+0000] {dag.py:3823} INFO - Setting next_dagrun for example_sensors to None, run_after=None
[2026-01-09T12:38:41.854+0000] {processor.py:183} INFO - Processing /home/airflow/.local/lib/python3.8/site-packages/airflow/example_dags/example_sensors.py took 0.131 seconds
[2026-01-09T12:39:12.440+0000] {processor.py:161} INFO - Started process (PID=14985) to work on /home/airflow/.local/lib/python3.8/site-packages/airflow/example_dags/example_sensors.py
[2026-01-09T12:39:12.443+0000] {processor.py:830} INFO - Processing file /home/airflow/.local/lib/python3.8/site-packages/airflow/example_dags/example_sensors.py for tasks to queue
[2026-01-09T12:39:12.444+0000] {logging_mixin.py:188} INFO - [2026-01-09T12:39:12.443+0000] {dagbag.py:538} INFO - Filling up the DagBag from /home/airflow/.local/lib/python3.8/site-packages/airflow/example_dags/example_sensors.py
[2026-01-09T12:39:12.457+0000] {processor.py:840} INFO - DAG(s) 'example_sensors' retrieved from /home/airflow/.local/lib/python3.8/site-packages/airflow/example_dags/example_sensors.py
[2026-01-09T12:39:12.501+0000] {logging_mixin.py:188} INFO - [2026-01-09T12:39:12.501+0000] {dag.py:3036} INFO - Sync 1 DAGs
[2026-01-09T12:39:12.521+0000] {logging_mixin.py:188} INFO - [2026-01-09T12:39:12.521+0000] {dag.py:3823} INFO - Setting next_dagrun for example_sensors to None, run_after=None
[2026-01-09T12:39:12.558+0000] {processor.py:183} INFO - Processing /home/airflow/.local/lib/python3.8/site-packages/airflow/example_dags/example_sensors.py took 0.124 seconds
[2026-01-09T12:39:43.536+0000] {processor.py:161} INFO - Started process (PID=15232) to work on /home/airflow/.local/lib/python3.8/site-packages/airflow/example_dags/example_sensors.py
[2026-01-09T12:39:43.545+0000] {processor.py:830} INFO - Processing file /home/airflow/.local/lib/python3.8/site-packages/airflow/example_dags/example_sensors.py for tasks to queue
[2026-01-09T12:39:43.546+0000] {logging_mixin.py:188} INFO - [2026-01-09T12:39:43.546+0000] {dagbag.py:538} INFO - Filling up the DagBag from /home/airflow/.local/lib/python3.8/site-packages/airflow/example_dags/example_sensors.py
[2026-01-09T12:39:43.562+0000] {processor.py:840} INFO - DAG(s) 'example_sensors' retrieved from /home/airflow/.local/lib/python3.8/site-packages/airflow/example_dags/example_sensors.py
[2026-01-09T12:39:43.610+0000] {logging_mixin.py:188} INFO - [2026-01-09T12:39:43.609+0000] {dag.py:3036} INFO - Sync 1 DAGs
[2026-01-09T12:39:43.635+0000] {logging_mixin.py:188} INFO - [2026-01-09T12:39:43.634+0000] {dag.py:3823} INFO - Setting next_dagrun for example_sensors to None, run_after=None
[2026-01-09T12:39:43.679+0000] {processor.py:183} INFO - Processing /home/airflow/.local/lib/python3.8/site-packages/airflow/example_dags/example_sensors.py took 0.150 seconds
