[2026-01-09T12:08:54.617+0000] {processor.py:161} INFO - Started process (PID=269) to work on /home/airflow/.local/lib/python3.8/site-packages/airflow/example_dags/example_params_ui_tutorial.py
[2026-01-09T12:08:54.618+0000] {processor.py:830} INFO - Processing file /home/airflow/.local/lib/python3.8/site-packages/airflow/example_dags/example_params_ui_tutorial.py for tasks to queue
[2026-01-09T12:08:54.619+0000] {logging_mixin.py:188} INFO - [2026-01-09T12:08:54.619+0000] {dagbag.py:538} INFO - Filling up the DagBag from /home/airflow/.local/lib/python3.8/site-packages/airflow/example_dags/example_params_ui_tutorial.py
[2026-01-09T12:08:54.643+0000] {processor.py:840} INFO - DAG(s) 'example_params_ui_tutorial' retrieved from /home/airflow/.local/lib/python3.8/site-packages/airflow/example_dags/example_params_ui_tutorial.py
[2026-01-09T12:08:54.867+0000] {logging_mixin.py:188} INFO - [2026-01-09T12:08:54.866+0000] {dag.py:3036} INFO - Sync 1 DAGs
[2026-01-09T12:08:54.884+0000] {logging_mixin.py:188} INFO - [2026-01-09T12:08:54.883+0000] {dag.py:3823} INFO - Setting next_dagrun for example_params_ui_tutorial to None, run_after=None
[2026-01-09T12:08:54.945+0000] {processor.py:183} INFO - Processing /home/airflow/.local/lib/python3.8/site-packages/airflow/example_dags/example_params_ui_tutorial.py took 0.334 seconds
[2026-01-09T12:09:25.822+0000] {processor.py:161} INFO - Started process (PID=516) to work on /home/airflow/.local/lib/python3.8/site-packages/airflow/example_dags/example_params_ui_tutorial.py
[2026-01-09T12:09:25.829+0000] {processor.py:830} INFO - Processing file /home/airflow/.local/lib/python3.8/site-packages/airflow/example_dags/example_params_ui_tutorial.py for tasks to queue
[2026-01-09T12:09:25.831+0000] {logging_mixin.py:188} INFO - [2026-01-09T12:09:25.830+0000] {dagbag.py:538} INFO - Filling up the DagBag from /home/airflow/.local/lib/python3.8/site-packages/airflow/example_dags/example_params_ui_tutorial.py
[2026-01-09T12:09:25.863+0000] {processor.py:840} INFO - DAG(s) 'example_params_ui_tutorial' retrieved from /home/airflow/.local/lib/python3.8/site-packages/airflow/example_dags/example_params_ui_tutorial.py
[2026-01-09T12:09:25.978+0000] {logging_mixin.py:188} INFO - [2026-01-09T12:09:25.977+0000] {dag.py:3036} INFO - Sync 1 DAGs
[2026-01-09T12:09:26.001+0000] {logging_mixin.py:188} INFO - [2026-01-09T12:09:26.001+0000] {dag.py:3823} INFO - Setting next_dagrun for example_params_ui_tutorial to None, run_after=None
[2026-01-09T12:09:26.056+0000] {processor.py:183} INFO - Processing /home/airflow/.local/lib/python3.8/site-packages/airflow/example_dags/example_params_ui_tutorial.py took 0.241 seconds
[2026-01-09T12:09:56.115+0000] {processor.py:161} INFO - Started process (PID=763) to work on /home/airflow/.local/lib/python3.8/site-packages/airflow/example_dags/example_params_ui_tutorial.py
[2026-01-09T12:09:56.119+0000] {processor.py:830} INFO - Processing file /home/airflow/.local/lib/python3.8/site-packages/airflow/example_dags/example_params_ui_tutorial.py for tasks to queue
[2026-01-09T12:09:56.121+0000] {logging_mixin.py:188} INFO - [2026-01-09T12:09:56.120+0000] {dagbag.py:538} INFO - Filling up the DagBag from /home/airflow/.local/lib/python3.8/site-packages/airflow/example_dags/example_params_ui_tutorial.py
[2026-01-09T12:09:56.142+0000] {processor.py:840} INFO - DAG(s) 'example_params_ui_tutorial' retrieved from /home/airflow/.local/lib/python3.8/site-packages/airflow/example_dags/example_params_ui_tutorial.py
[2026-01-09T12:09:56.236+0000] {logging_mixin.py:188} INFO - [2026-01-09T12:09:56.236+0000] {dag.py:3036} INFO - Sync 1 DAGs
[2026-01-09T12:09:56.256+0000] {logging_mixin.py:188} INFO - [2026-01-09T12:09:56.256+0000] {dag.py:3823} INFO - Setting next_dagrun for example_params_ui_tutorial to None, run_after=None
[2026-01-09T12:09:56.297+0000] {processor.py:183} INFO - Processing /home/airflow/.local/lib/python3.8/site-packages/airflow/example_dags/example_params_ui_tutorial.py took 0.189 seconds
[2026-01-09T12:10:26.752+0000] {processor.py:161} INFO - Started process (PID=1008) to work on /home/airflow/.local/lib/python3.8/site-packages/airflow/example_dags/example_params_ui_tutorial.py
[2026-01-09T12:10:26.755+0000] {processor.py:830} INFO - Processing file /home/airflow/.local/lib/python3.8/site-packages/airflow/example_dags/example_params_ui_tutorial.py for tasks to queue
[2026-01-09T12:10:26.756+0000] {logging_mixin.py:188} INFO - [2026-01-09T12:10:26.755+0000] {dagbag.py:538} INFO - Filling up the DagBag from /home/airflow/.local/lib/python3.8/site-packages/airflow/example_dags/example_params_ui_tutorial.py
[2026-01-09T12:10:26.774+0000] {processor.py:840} INFO - DAG(s) 'example_params_ui_tutorial' retrieved from /home/airflow/.local/lib/python3.8/site-packages/airflow/example_dags/example_params_ui_tutorial.py
[2026-01-09T12:10:26.862+0000] {logging_mixin.py:188} INFO - [2026-01-09T12:10:26.862+0000] {dag.py:3036} INFO - Sync 1 DAGs
[2026-01-09T12:10:26.881+0000] {logging_mixin.py:188} INFO - [2026-01-09T12:10:26.881+0000] {dag.py:3823} INFO - Setting next_dagrun for example_params_ui_tutorial to None, run_after=None
[2026-01-09T12:10:26.921+0000] {processor.py:183} INFO - Processing /home/airflow/.local/lib/python3.8/site-packages/airflow/example_dags/example_params_ui_tutorial.py took 0.174 seconds
[2026-01-09T12:10:57.590+0000] {processor.py:161} INFO - Started process (PID=1255) to work on /home/airflow/.local/lib/python3.8/site-packages/airflow/example_dags/example_params_ui_tutorial.py
[2026-01-09T12:10:57.592+0000] {processor.py:830} INFO - Processing file /home/airflow/.local/lib/python3.8/site-packages/airflow/example_dags/example_params_ui_tutorial.py for tasks to queue
[2026-01-09T12:10:57.594+0000] {logging_mixin.py:188} INFO - [2026-01-09T12:10:57.593+0000] {dagbag.py:538} INFO - Filling up the DagBag from /home/airflow/.local/lib/python3.8/site-packages/airflow/example_dags/example_params_ui_tutorial.py
[2026-01-09T12:10:57.617+0000] {processor.py:840} INFO - DAG(s) 'example_params_ui_tutorial' retrieved from /home/airflow/.local/lib/python3.8/site-packages/airflow/example_dags/example_params_ui_tutorial.py
[2026-01-09T12:10:57.728+0000] {logging_mixin.py:188} INFO - [2026-01-09T12:10:57.727+0000] {dag.py:3036} INFO - Sync 1 DAGs
[2026-01-09T12:10:57.751+0000] {logging_mixin.py:188} INFO - [2026-01-09T12:10:57.750+0000] {dag.py:3823} INFO - Setting next_dagrun for example_params_ui_tutorial to None, run_after=None
[2026-01-09T12:10:57.800+0000] {processor.py:183} INFO - Processing /home/airflow/.local/lib/python3.8/site-packages/airflow/example_dags/example_params_ui_tutorial.py took 0.217 seconds
[2026-01-09T12:11:28.198+0000] {processor.py:161} INFO - Started process (PID=1502) to work on /home/airflow/.local/lib/python3.8/site-packages/airflow/example_dags/example_params_ui_tutorial.py
[2026-01-09T12:11:28.202+0000] {processor.py:830} INFO - Processing file /home/airflow/.local/lib/python3.8/site-packages/airflow/example_dags/example_params_ui_tutorial.py for tasks to queue
[2026-01-09T12:11:28.204+0000] {logging_mixin.py:188} INFO - [2026-01-09T12:11:28.203+0000] {dagbag.py:538} INFO - Filling up the DagBag from /home/airflow/.local/lib/python3.8/site-packages/airflow/example_dags/example_params_ui_tutorial.py
[2026-01-09T12:11:28.242+0000] {processor.py:840} INFO - DAG(s) 'example_params_ui_tutorial' retrieved from /home/airflow/.local/lib/python3.8/site-packages/airflow/example_dags/example_params_ui_tutorial.py
[2026-01-09T12:11:28.376+0000] {logging_mixin.py:188} INFO - [2026-01-09T12:11:28.375+0000] {dag.py:3036} INFO - Sync 1 DAGs
[2026-01-09T12:11:28.399+0000] {logging_mixin.py:188} INFO - [2026-01-09T12:11:28.399+0000] {dag.py:3823} INFO - Setting next_dagrun for example_params_ui_tutorial to None, run_after=None
[2026-01-09T12:11:28.457+0000] {processor.py:183} INFO - Processing /home/airflow/.local/lib/python3.8/site-packages/airflow/example_dags/example_params_ui_tutorial.py took 0.270 seconds
[2026-01-09T12:11:59.303+0000] {processor.py:161} INFO - Started process (PID=1750) to work on /home/airflow/.local/lib/python3.8/site-packages/airflow/example_dags/example_params_ui_tutorial.py
[2026-01-09T12:11:59.305+0000] {processor.py:830} INFO - Processing file /home/airflow/.local/lib/python3.8/site-packages/airflow/example_dags/example_params_ui_tutorial.py for tasks to queue
[2026-01-09T12:11:59.306+0000] {logging_mixin.py:188} INFO - [2026-01-09T12:11:59.306+0000] {dagbag.py:538} INFO - Filling up the DagBag from /home/airflow/.local/lib/python3.8/site-packages/airflow/example_dags/example_params_ui_tutorial.py
[2026-01-09T12:11:59.327+0000] {processor.py:840} INFO - DAG(s) 'example_params_ui_tutorial' retrieved from /home/airflow/.local/lib/python3.8/site-packages/airflow/example_dags/example_params_ui_tutorial.py
[2026-01-09T12:11:59.450+0000] {logging_mixin.py:188} INFO - [2026-01-09T12:11:59.450+0000] {dag.py:3036} INFO - Sync 1 DAGs
[2026-01-09T12:11:59.473+0000] {logging_mixin.py:188} INFO - [2026-01-09T12:11:59.472+0000] {dag.py:3823} INFO - Setting next_dagrun for example_params_ui_tutorial to None, run_after=None
[2026-01-09T12:11:59.525+0000] {processor.py:183} INFO - Processing /home/airflow/.local/lib/python3.8/site-packages/airflow/example_dags/example_params_ui_tutorial.py took 0.229 seconds
[2026-01-09T12:12:29.991+0000] {processor.py:161} INFO - Started process (PID=1997) to work on /home/airflow/.local/lib/python3.8/site-packages/airflow/example_dags/example_params_ui_tutorial.py
[2026-01-09T12:12:29.994+0000] {processor.py:830} INFO - Processing file /home/airflow/.local/lib/python3.8/site-packages/airflow/example_dags/example_params_ui_tutorial.py for tasks to queue
[2026-01-09T12:12:29.997+0000] {logging_mixin.py:188} INFO - [2026-01-09T12:12:29.996+0000] {dagbag.py:538} INFO - Filling up the DagBag from /home/airflow/.local/lib/python3.8/site-packages/airflow/example_dags/example_params_ui_tutorial.py
[2026-01-09T12:12:30.025+0000] {processor.py:840} INFO - DAG(s) 'example_params_ui_tutorial' retrieved from /home/airflow/.local/lib/python3.8/site-packages/airflow/example_dags/example_params_ui_tutorial.py
[2026-01-09T12:12:30.141+0000] {logging_mixin.py:188} INFO - [2026-01-09T12:12:30.140+0000] {dag.py:3036} INFO - Sync 1 DAGs
[2026-01-09T12:12:30.163+0000] {logging_mixin.py:188} INFO - [2026-01-09T12:12:30.163+0000] {dag.py:3823} INFO - Setting next_dagrun for example_params_ui_tutorial to None, run_after=None
[2026-01-09T12:12:30.219+0000] {processor.py:183} INFO - Processing /home/airflow/.local/lib/python3.8/site-packages/airflow/example_dags/example_params_ui_tutorial.py took 0.238 seconds
[2026-01-09T12:13:00.599+0000] {processor.py:161} INFO - Started process (PID=2244) to work on /home/airflow/.local/lib/python3.8/site-packages/airflow/example_dags/example_params_ui_tutorial.py
[2026-01-09T12:13:00.601+0000] {processor.py:830} INFO - Processing file /home/airflow/.local/lib/python3.8/site-packages/airflow/example_dags/example_params_ui_tutorial.py for tasks to queue
[2026-01-09T12:13:00.603+0000] {logging_mixin.py:188} INFO - [2026-01-09T12:13:00.602+0000] {dagbag.py:538} INFO - Filling up the DagBag from /home/airflow/.local/lib/python3.8/site-packages/airflow/example_dags/example_params_ui_tutorial.py
[2026-01-09T12:13:00.624+0000] {processor.py:840} INFO - DAG(s) 'example_params_ui_tutorial' retrieved from /home/airflow/.local/lib/python3.8/site-packages/airflow/example_dags/example_params_ui_tutorial.py
[2026-01-09T12:13:00.713+0000] {logging_mixin.py:188} INFO - [2026-01-09T12:13:00.712+0000] {dag.py:3036} INFO - Sync 1 DAGs
[2026-01-09T12:13:00.732+0000] {logging_mixin.py:188} INFO - [2026-01-09T12:13:00.732+0000] {dag.py:3823} INFO - Setting next_dagrun for example_params_ui_tutorial to None, run_after=None
[2026-01-09T12:13:00.780+0000] {processor.py:183} INFO - Processing /home/airflow/.local/lib/python3.8/site-packages/airflow/example_dags/example_params_ui_tutorial.py took 0.188 seconds
[2026-01-09T12:13:30.939+0000] {processor.py:161} INFO - Started process (PID=2488) to work on /home/airflow/.local/lib/python3.8/site-packages/airflow/example_dags/example_params_ui_tutorial.py
[2026-01-09T12:13:30.941+0000] {processor.py:830} INFO - Processing file /home/airflow/.local/lib/python3.8/site-packages/airflow/example_dags/example_params_ui_tutorial.py for tasks to queue
[2026-01-09T12:13:30.943+0000] {logging_mixin.py:188} INFO - [2026-01-09T12:13:30.942+0000] {dagbag.py:538} INFO - Filling up the DagBag from /home/airflow/.local/lib/python3.8/site-packages/airflow/example_dags/example_params_ui_tutorial.py
[2026-01-09T12:13:30.965+0000] {processor.py:840} INFO - DAG(s) 'example_params_ui_tutorial' retrieved from /home/airflow/.local/lib/python3.8/site-packages/airflow/example_dags/example_params_ui_tutorial.py
[2026-01-09T12:13:31.064+0000] {logging_mixin.py:188} INFO - [2026-01-09T12:13:31.064+0000] {dag.py:3036} INFO - Sync 1 DAGs
[2026-01-09T12:13:31.082+0000] {logging_mixin.py:188} INFO - [2026-01-09T12:13:31.082+0000] {dag.py:3823} INFO - Setting next_dagrun for example_params_ui_tutorial to None, run_after=None
[2026-01-09T12:13:31.122+0000] {processor.py:183} INFO - Processing /home/airflow/.local/lib/python3.8/site-packages/airflow/example_dags/example_params_ui_tutorial.py took 0.189 seconds
[2026-01-09T12:14:01.267+0000] {processor.py:161} INFO - Started process (PID=2735) to work on /home/airflow/.local/lib/python3.8/site-packages/airflow/example_dags/example_params_ui_tutorial.py
[2026-01-09T12:14:01.274+0000] {processor.py:830} INFO - Processing file /home/airflow/.local/lib/python3.8/site-packages/airflow/example_dags/example_params_ui_tutorial.py for tasks to queue
[2026-01-09T12:14:01.277+0000] {logging_mixin.py:188} INFO - [2026-01-09T12:14:01.276+0000] {dagbag.py:538} INFO - Filling up the DagBag from /home/airflow/.local/lib/python3.8/site-packages/airflow/example_dags/example_params_ui_tutorial.py
[2026-01-09T12:14:01.313+0000] {processor.py:840} INFO - DAG(s) 'example_params_ui_tutorial' retrieved from /home/airflow/.local/lib/python3.8/site-packages/airflow/example_dags/example_params_ui_tutorial.py
[2026-01-09T12:14:01.445+0000] {logging_mixin.py:188} INFO - [2026-01-09T12:14:01.445+0000] {dag.py:3036} INFO - Sync 1 DAGs
[2026-01-09T12:14:01.467+0000] {logging_mixin.py:188} INFO - [2026-01-09T12:14:01.467+0000] {dag.py:3823} INFO - Setting next_dagrun for example_params_ui_tutorial to None, run_after=None
[2026-01-09T12:14:01.518+0000] {processor.py:183} INFO - Processing /home/airflow/.local/lib/python3.8/site-packages/airflow/example_dags/example_params_ui_tutorial.py took 0.258 seconds
[2026-01-09T12:14:31.707+0000] {processor.py:161} INFO - Started process (PID=2982) to work on /home/airflow/.local/lib/python3.8/site-packages/airflow/example_dags/example_params_ui_tutorial.py
[2026-01-09T12:14:31.709+0000] {processor.py:830} INFO - Processing file /home/airflow/.local/lib/python3.8/site-packages/airflow/example_dags/example_params_ui_tutorial.py for tasks to queue
[2026-01-09T12:14:31.711+0000] {logging_mixin.py:188} INFO - [2026-01-09T12:14:31.710+0000] {dagbag.py:538} INFO - Filling up the DagBag from /home/airflow/.local/lib/python3.8/site-packages/airflow/example_dags/example_params_ui_tutorial.py
[2026-01-09T12:14:31.733+0000] {processor.py:840} INFO - DAG(s) 'example_params_ui_tutorial' retrieved from /home/airflow/.local/lib/python3.8/site-packages/airflow/example_dags/example_params_ui_tutorial.py
[2026-01-09T12:14:31.837+0000] {logging_mixin.py:188} INFO - [2026-01-09T12:14:31.836+0000] {dag.py:3036} INFO - Sync 1 DAGs
[2026-01-09T12:14:31.856+0000] {logging_mixin.py:188} INFO - [2026-01-09T12:14:31.856+0000] {dag.py:3823} INFO - Setting next_dagrun for example_params_ui_tutorial to None, run_after=None
[2026-01-09T12:14:31.896+0000] {processor.py:183} INFO - Processing /home/airflow/.local/lib/python3.8/site-packages/airflow/example_dags/example_params_ui_tutorial.py took 0.195 seconds
[2026-01-09T12:15:01.961+0000] {processor.py:161} INFO - Started process (PID=3229) to work on /home/airflow/.local/lib/python3.8/site-packages/airflow/example_dags/example_params_ui_tutorial.py
[2026-01-09T12:15:01.967+0000] {processor.py:830} INFO - Processing file /home/airflow/.local/lib/python3.8/site-packages/airflow/example_dags/example_params_ui_tutorial.py for tasks to queue
[2026-01-09T12:15:01.969+0000] {logging_mixin.py:188} INFO - [2026-01-09T12:15:01.968+0000] {dagbag.py:538} INFO - Filling up the DagBag from /home/airflow/.local/lib/python3.8/site-packages/airflow/example_dags/example_params_ui_tutorial.py
[2026-01-09T12:15:01.994+0000] {processor.py:840} INFO - DAG(s) 'example_params_ui_tutorial' retrieved from /home/airflow/.local/lib/python3.8/site-packages/airflow/example_dags/example_params_ui_tutorial.py
[2026-01-09T12:15:02.100+0000] {logging_mixin.py:188} INFO - [2026-01-09T12:15:02.099+0000] {dag.py:3036} INFO - Sync 1 DAGs
[2026-01-09T12:15:02.124+0000] {logging_mixin.py:188} INFO - [2026-01-09T12:15:02.124+0000] {dag.py:3823} INFO - Setting next_dagrun for example_params_ui_tutorial to None, run_after=None
[2026-01-09T12:15:02.176+0000] {processor.py:183} INFO - Processing /home/airflow/.local/lib/python3.8/site-packages/airflow/example_dags/example_params_ui_tutorial.py took 0.222 seconds
[2026-01-09T12:15:32.323+0000] {processor.py:161} INFO - Started process (PID=3476) to work on /home/airflow/.local/lib/python3.8/site-packages/airflow/example_dags/example_params_ui_tutorial.py
[2026-01-09T12:15:32.328+0000] {processor.py:830} INFO - Processing file /home/airflow/.local/lib/python3.8/site-packages/airflow/example_dags/example_params_ui_tutorial.py for tasks to queue
[2026-01-09T12:15:32.330+0000] {logging_mixin.py:188} INFO - [2026-01-09T12:15:32.329+0000] {dagbag.py:538} INFO - Filling up the DagBag from /home/airflow/.local/lib/python3.8/site-packages/airflow/example_dags/example_params_ui_tutorial.py
[2026-01-09T12:15:32.351+0000] {processor.py:840} INFO - DAG(s) 'example_params_ui_tutorial' retrieved from /home/airflow/.local/lib/python3.8/site-packages/airflow/example_dags/example_params_ui_tutorial.py
[2026-01-09T12:15:32.445+0000] {logging_mixin.py:188} INFO - [2026-01-09T12:15:32.444+0000] {dag.py:3036} INFO - Sync 1 DAGs
[2026-01-09T12:15:32.463+0000] {logging_mixin.py:188} INFO - [2026-01-09T12:15:32.462+0000] {dag.py:3823} INFO - Setting next_dagrun for example_params_ui_tutorial to None, run_after=None
[2026-01-09T12:15:32.499+0000] {processor.py:183} INFO - Processing /home/airflow/.local/lib/python3.8/site-packages/airflow/example_dags/example_params_ui_tutorial.py took 0.184 seconds
[2026-01-09T12:16:02.643+0000] {processor.py:161} INFO - Started process (PID=3722) to work on /home/airflow/.local/lib/python3.8/site-packages/airflow/example_dags/example_params_ui_tutorial.py
[2026-01-09T12:16:02.646+0000] {processor.py:830} INFO - Processing file /home/airflow/.local/lib/python3.8/site-packages/airflow/example_dags/example_params_ui_tutorial.py for tasks to queue
[2026-01-09T12:16:02.648+0000] {logging_mixin.py:188} INFO - [2026-01-09T12:16:02.647+0000] {dagbag.py:538} INFO - Filling up the DagBag from /home/airflow/.local/lib/python3.8/site-packages/airflow/example_dags/example_params_ui_tutorial.py
[2026-01-09T12:16:02.669+0000] {processor.py:840} INFO - DAG(s) 'example_params_ui_tutorial' retrieved from /home/airflow/.local/lib/python3.8/site-packages/airflow/example_dags/example_params_ui_tutorial.py
[2026-01-09T12:16:02.760+0000] {logging_mixin.py:188} INFO - [2026-01-09T12:16:02.760+0000] {dag.py:3036} INFO - Sync 1 DAGs
[2026-01-09T12:16:02.778+0000] {logging_mixin.py:188} INFO - [2026-01-09T12:16:02.778+0000] {dag.py:3823} INFO - Setting next_dagrun for example_params_ui_tutorial to None, run_after=None
[2026-01-09T12:16:02.823+0000] {processor.py:183} INFO - Processing /home/airflow/.local/lib/python3.8/site-packages/airflow/example_dags/example_params_ui_tutorial.py took 0.187 seconds
[2026-01-09T12:16:33.491+0000] {processor.py:161} INFO - Started process (PID=3969) to work on /home/airflow/.local/lib/python3.8/site-packages/airflow/example_dags/example_params_ui_tutorial.py
[2026-01-09T12:16:33.494+0000] {processor.py:830} INFO - Processing file /home/airflow/.local/lib/python3.8/site-packages/airflow/example_dags/example_params_ui_tutorial.py for tasks to queue
[2026-01-09T12:16:33.496+0000] {logging_mixin.py:188} INFO - [2026-01-09T12:16:33.495+0000] {dagbag.py:538} INFO - Filling up the DagBag from /home/airflow/.local/lib/python3.8/site-packages/airflow/example_dags/example_params_ui_tutorial.py
[2026-01-09T12:16:33.522+0000] {processor.py:840} INFO - DAG(s) 'example_params_ui_tutorial' retrieved from /home/airflow/.local/lib/python3.8/site-packages/airflow/example_dags/example_params_ui_tutorial.py
[2026-01-09T12:16:33.643+0000] {logging_mixin.py:188} INFO - [2026-01-09T12:16:33.642+0000] {dag.py:3036} INFO - Sync 1 DAGs
[2026-01-09T12:16:33.664+0000] {logging_mixin.py:188} INFO - [2026-01-09T12:16:33.663+0000] {dag.py:3823} INFO - Setting next_dagrun for example_params_ui_tutorial to None, run_after=None
[2026-01-09T12:16:33.709+0000] {processor.py:183} INFO - Processing /home/airflow/.local/lib/python3.8/site-packages/airflow/example_dags/example_params_ui_tutorial.py took 0.226 seconds
[2026-01-09T12:17:04.191+0000] {processor.py:161} INFO - Started process (PID=4216) to work on /home/airflow/.local/lib/python3.8/site-packages/airflow/example_dags/example_params_ui_tutorial.py
[2026-01-09T12:17:04.194+0000] {processor.py:830} INFO - Processing file /home/airflow/.local/lib/python3.8/site-packages/airflow/example_dags/example_params_ui_tutorial.py for tasks to queue
[2026-01-09T12:17:04.195+0000] {logging_mixin.py:188} INFO - [2026-01-09T12:17:04.195+0000] {dagbag.py:538} INFO - Filling up the DagBag from /home/airflow/.local/lib/python3.8/site-packages/airflow/example_dags/example_params_ui_tutorial.py
[2026-01-09T12:17:04.217+0000] {processor.py:840} INFO - DAG(s) 'example_params_ui_tutorial' retrieved from /home/airflow/.local/lib/python3.8/site-packages/airflow/example_dags/example_params_ui_tutorial.py
[2026-01-09T12:17:04.331+0000] {logging_mixin.py:188} INFO - [2026-01-09T12:17:04.330+0000] {dag.py:3036} INFO - Sync 1 DAGs
[2026-01-09T12:17:04.351+0000] {logging_mixin.py:188} INFO - [2026-01-09T12:17:04.351+0000] {dag.py:3823} INFO - Setting next_dagrun for example_params_ui_tutorial to None, run_after=None
[2026-01-09T12:17:04.396+0000] {processor.py:183} INFO - Processing /home/airflow/.local/lib/python3.8/site-packages/airflow/example_dags/example_params_ui_tutorial.py took 0.212 seconds
[2026-01-09T12:17:34.669+0000] {processor.py:161} INFO - Started process (PID=4463) to work on /home/airflow/.local/lib/python3.8/site-packages/airflow/example_dags/example_params_ui_tutorial.py
[2026-01-09T12:17:34.674+0000] {processor.py:830} INFO - Processing file /home/airflow/.local/lib/python3.8/site-packages/airflow/example_dags/example_params_ui_tutorial.py for tasks to queue
[2026-01-09T12:17:34.676+0000] {logging_mixin.py:188} INFO - [2026-01-09T12:17:34.676+0000] {dagbag.py:538} INFO - Filling up the DagBag from /home/airflow/.local/lib/python3.8/site-packages/airflow/example_dags/example_params_ui_tutorial.py
[2026-01-09T12:17:34.698+0000] {processor.py:840} INFO - DAG(s) 'example_params_ui_tutorial' retrieved from /home/airflow/.local/lib/python3.8/site-packages/airflow/example_dags/example_params_ui_tutorial.py
[2026-01-09T12:17:34.825+0000] {logging_mixin.py:188} INFO - [2026-01-09T12:17:34.824+0000] {dag.py:3036} INFO - Sync 1 DAGs
[2026-01-09T12:17:34.847+0000] {logging_mixin.py:188} INFO - [2026-01-09T12:17:34.846+0000] {dag.py:3823} INFO - Setting next_dagrun for example_params_ui_tutorial to None, run_after=None
[2026-01-09T12:17:34.894+0000] {processor.py:183} INFO - Processing /home/airflow/.local/lib/python3.8/site-packages/airflow/example_dags/example_params_ui_tutorial.py took 0.232 seconds
[2026-01-09T12:18:05.668+0000] {processor.py:161} INFO - Started process (PID=4710) to work on /home/airflow/.local/lib/python3.8/site-packages/airflow/example_dags/example_params_ui_tutorial.py
[2026-01-09T12:18:05.674+0000] {processor.py:830} INFO - Processing file /home/airflow/.local/lib/python3.8/site-packages/airflow/example_dags/example_params_ui_tutorial.py for tasks to queue
[2026-01-09T12:18:05.676+0000] {logging_mixin.py:188} INFO - [2026-01-09T12:18:05.675+0000] {dagbag.py:538} INFO - Filling up the DagBag from /home/airflow/.local/lib/python3.8/site-packages/airflow/example_dags/example_params_ui_tutorial.py
[2026-01-09T12:18:05.705+0000] {processor.py:840} INFO - DAG(s) 'example_params_ui_tutorial' retrieved from /home/airflow/.local/lib/python3.8/site-packages/airflow/example_dags/example_params_ui_tutorial.py
[2026-01-09T12:18:05.825+0000] {logging_mixin.py:188} INFO - [2026-01-09T12:18:05.825+0000] {dag.py:3036} INFO - Sync 1 DAGs
[2026-01-09T12:18:05.847+0000] {logging_mixin.py:188} INFO - [2026-01-09T12:18:05.846+0000] {dag.py:3823} INFO - Setting next_dagrun for example_params_ui_tutorial to None, run_after=None
[2026-01-09T12:18:05.895+0000] {processor.py:183} INFO - Processing /home/airflow/.local/lib/python3.8/site-packages/airflow/example_dags/example_params_ui_tutorial.py took 0.235 seconds
[2026-01-09T12:18:36.067+0000] {processor.py:161} INFO - Started process (PID=4960) to work on /home/airflow/.local/lib/python3.8/site-packages/airflow/example_dags/example_params_ui_tutorial.py
[2026-01-09T12:18:36.073+0000] {processor.py:830} INFO - Processing file /home/airflow/.local/lib/python3.8/site-packages/airflow/example_dags/example_params_ui_tutorial.py for tasks to queue
[2026-01-09T12:18:36.075+0000] {logging_mixin.py:188} INFO - [2026-01-09T12:18:36.074+0000] {dagbag.py:538} INFO - Filling up the DagBag from /home/airflow/.local/lib/python3.8/site-packages/airflow/example_dags/example_params_ui_tutorial.py
[2026-01-09T12:18:36.094+0000] {processor.py:840} INFO - DAG(s) 'example_params_ui_tutorial' retrieved from /home/airflow/.local/lib/python3.8/site-packages/airflow/example_dags/example_params_ui_tutorial.py
[2026-01-09T12:18:36.190+0000] {logging_mixin.py:188} INFO - [2026-01-09T12:18:36.190+0000] {dag.py:3036} INFO - Sync 1 DAGs
[2026-01-09T12:18:36.211+0000] {logging_mixin.py:188} INFO - [2026-01-09T12:18:36.210+0000] {dag.py:3823} INFO - Setting next_dagrun for example_params_ui_tutorial to None, run_after=None
[2026-01-09T12:18:36.258+0000] {processor.py:183} INFO - Processing /home/airflow/.local/lib/python3.8/site-packages/airflow/example_dags/example_params_ui_tutorial.py took 0.198 seconds
[2026-01-09T12:19:06.678+0000] {processor.py:161} INFO - Started process (PID=5204) to work on /home/airflow/.local/lib/python3.8/site-packages/airflow/example_dags/example_params_ui_tutorial.py
[2026-01-09T12:19:06.679+0000] {processor.py:830} INFO - Processing file /home/airflow/.local/lib/python3.8/site-packages/airflow/example_dags/example_params_ui_tutorial.py for tasks to queue
[2026-01-09T12:19:06.681+0000] {logging_mixin.py:188} INFO - [2026-01-09T12:19:06.680+0000] {dagbag.py:538} INFO - Filling up the DagBag from /home/airflow/.local/lib/python3.8/site-packages/airflow/example_dags/example_params_ui_tutorial.py
[2026-01-09T12:19:06.704+0000] {processor.py:840} INFO - DAG(s) 'example_params_ui_tutorial' retrieved from /home/airflow/.local/lib/python3.8/site-packages/airflow/example_dags/example_params_ui_tutorial.py
[2026-01-09T12:19:06.840+0000] {logging_mixin.py:188} INFO - [2026-01-09T12:19:06.839+0000] {dag.py:3036} INFO - Sync 1 DAGs
[2026-01-09T12:19:06.875+0000] {logging_mixin.py:188} INFO - [2026-01-09T12:19:06.874+0000] {dag.py:3823} INFO - Setting next_dagrun for example_params_ui_tutorial to None, run_after=None
[2026-01-09T12:19:06.942+0000] {processor.py:183} INFO - Processing /home/airflow/.local/lib/python3.8/site-packages/airflow/example_dags/example_params_ui_tutorial.py took 0.271 seconds
[2026-01-09T12:19:37.389+0000] {processor.py:161} INFO - Started process (PID=5451) to work on /home/airflow/.local/lib/python3.8/site-packages/airflow/example_dags/example_params_ui_tutorial.py
[2026-01-09T12:19:37.395+0000] {processor.py:830} INFO - Processing file /home/airflow/.local/lib/python3.8/site-packages/airflow/example_dags/example_params_ui_tutorial.py for tasks to queue
[2026-01-09T12:19:37.397+0000] {logging_mixin.py:188} INFO - [2026-01-09T12:19:37.396+0000] {dagbag.py:538} INFO - Filling up the DagBag from /home/airflow/.local/lib/python3.8/site-packages/airflow/example_dags/example_params_ui_tutorial.py
[2026-01-09T12:19:37.432+0000] {processor.py:840} INFO - DAG(s) 'example_params_ui_tutorial' retrieved from /home/airflow/.local/lib/python3.8/site-packages/airflow/example_dags/example_params_ui_tutorial.py
[2026-01-09T12:19:37.578+0000] {logging_mixin.py:188} INFO - [2026-01-09T12:19:37.578+0000] {dag.py:3036} INFO - Sync 1 DAGs
[2026-01-09T12:19:37.604+0000] {logging_mixin.py:188} INFO - [2026-01-09T12:19:37.603+0000] {dag.py:3823} INFO - Setting next_dagrun for example_params_ui_tutorial to None, run_after=None
[2026-01-09T12:19:37.654+0000] {processor.py:183} INFO - Processing /home/airflow/.local/lib/python3.8/site-packages/airflow/example_dags/example_params_ui_tutorial.py took 0.273 seconds
[2026-01-09T12:20:08.310+0000] {processor.py:161} INFO - Started process (PID=5698) to work on /home/airflow/.local/lib/python3.8/site-packages/airflow/example_dags/example_params_ui_tutorial.py
[2026-01-09T12:20:08.315+0000] {processor.py:830} INFO - Processing file /home/airflow/.local/lib/python3.8/site-packages/airflow/example_dags/example_params_ui_tutorial.py for tasks to queue
[2026-01-09T12:20:08.317+0000] {logging_mixin.py:188} INFO - [2026-01-09T12:20:08.316+0000] {dagbag.py:538} INFO - Filling up the DagBag from /home/airflow/.local/lib/python3.8/site-packages/airflow/example_dags/example_params_ui_tutorial.py
[2026-01-09T12:20:08.344+0000] {processor.py:840} INFO - DAG(s) 'example_params_ui_tutorial' retrieved from /home/airflow/.local/lib/python3.8/site-packages/airflow/example_dags/example_params_ui_tutorial.py
[2026-01-09T12:20:08.448+0000] {logging_mixin.py:188} INFO - [2026-01-09T12:20:08.448+0000] {dag.py:3036} INFO - Sync 1 DAGs
[2026-01-09T12:20:08.473+0000] {logging_mixin.py:188} INFO - [2026-01-09T12:20:08.472+0000] {dag.py:3823} INFO - Setting next_dagrun for example_params_ui_tutorial to None, run_after=None
[2026-01-09T12:20:08.524+0000] {processor.py:183} INFO - Processing /home/airflow/.local/lib/python3.8/site-packages/airflow/example_dags/example_params_ui_tutorial.py took 0.223 seconds
[2026-01-09T12:20:38.769+0000] {processor.py:161} INFO - Started process (PID=5945) to work on /home/airflow/.local/lib/python3.8/site-packages/airflow/example_dags/example_params_ui_tutorial.py
[2026-01-09T12:20:38.772+0000] {processor.py:830} INFO - Processing file /home/airflow/.local/lib/python3.8/site-packages/airflow/example_dags/example_params_ui_tutorial.py for tasks to queue
[2026-01-09T12:20:38.774+0000] {logging_mixin.py:188} INFO - [2026-01-09T12:20:38.773+0000] {dagbag.py:538} INFO - Filling up the DagBag from /home/airflow/.local/lib/python3.8/site-packages/airflow/example_dags/example_params_ui_tutorial.py
[2026-01-09T12:20:38.800+0000] {processor.py:840} INFO - DAG(s) 'example_params_ui_tutorial' retrieved from /home/airflow/.local/lib/python3.8/site-packages/airflow/example_dags/example_params_ui_tutorial.py
[2026-01-09T12:20:38.910+0000] {logging_mixin.py:188} INFO - [2026-01-09T12:20:38.909+0000] {dag.py:3036} INFO - Sync 1 DAGs
[2026-01-09T12:20:38.934+0000] {logging_mixin.py:188} INFO - [2026-01-09T12:20:38.934+0000] {dag.py:3823} INFO - Setting next_dagrun for example_params_ui_tutorial to None, run_after=None
[2026-01-09T12:20:38.977+0000] {processor.py:183} INFO - Processing /home/airflow/.local/lib/python3.8/site-packages/airflow/example_dags/example_params_ui_tutorial.py took 0.216 seconds
[2026-01-09T12:21:09.485+0000] {processor.py:161} INFO - Started process (PID=6192) to work on /home/airflow/.local/lib/python3.8/site-packages/airflow/example_dags/example_params_ui_tutorial.py
[2026-01-09T12:21:09.490+0000] {processor.py:830} INFO - Processing file /home/airflow/.local/lib/python3.8/site-packages/airflow/example_dags/example_params_ui_tutorial.py for tasks to queue
[2026-01-09T12:21:09.493+0000] {logging_mixin.py:188} INFO - [2026-01-09T12:21:09.492+0000] {dagbag.py:538} INFO - Filling up the DagBag from /home/airflow/.local/lib/python3.8/site-packages/airflow/example_dags/example_params_ui_tutorial.py
[2026-01-09T12:21:09.523+0000] {processor.py:840} INFO - DAG(s) 'example_params_ui_tutorial' retrieved from /home/airflow/.local/lib/python3.8/site-packages/airflow/example_dags/example_params_ui_tutorial.py
[2026-01-09T12:21:09.635+0000] {logging_mixin.py:188} INFO - [2026-01-09T12:21:09.635+0000] {dag.py:3036} INFO - Sync 1 DAGs
[2026-01-09T12:21:09.656+0000] {logging_mixin.py:188} INFO - [2026-01-09T12:21:09.655+0000] {dag.py:3823} INFO - Setting next_dagrun for example_params_ui_tutorial to None, run_after=None
[2026-01-09T12:21:09.698+0000] {processor.py:183} INFO - Processing /home/airflow/.local/lib/python3.8/site-packages/airflow/example_dags/example_params_ui_tutorial.py took 0.222 seconds
[2026-01-09T12:21:40.106+0000] {processor.py:161} INFO - Started process (PID=6439) to work on /home/airflow/.local/lib/python3.8/site-packages/airflow/example_dags/example_params_ui_tutorial.py
[2026-01-09T12:21:40.112+0000] {processor.py:830} INFO - Processing file /home/airflow/.local/lib/python3.8/site-packages/airflow/example_dags/example_params_ui_tutorial.py for tasks to queue
[2026-01-09T12:21:40.114+0000] {logging_mixin.py:188} INFO - [2026-01-09T12:21:40.113+0000] {dagbag.py:538} INFO - Filling up the DagBag from /home/airflow/.local/lib/python3.8/site-packages/airflow/example_dags/example_params_ui_tutorial.py
[2026-01-09T12:21:40.138+0000] {processor.py:840} INFO - DAG(s) 'example_params_ui_tutorial' retrieved from /home/airflow/.local/lib/python3.8/site-packages/airflow/example_dags/example_params_ui_tutorial.py
[2026-01-09T12:21:40.247+0000] {logging_mixin.py:188} INFO - [2026-01-09T12:21:40.246+0000] {dag.py:3036} INFO - Sync 1 DAGs
[2026-01-09T12:21:40.272+0000] {logging_mixin.py:188} INFO - [2026-01-09T12:21:40.271+0000] {dag.py:3823} INFO - Setting next_dagrun for example_params_ui_tutorial to None, run_after=None
[2026-01-09T12:21:40.317+0000] {processor.py:183} INFO - Processing /home/airflow/.local/lib/python3.8/site-packages/airflow/example_dags/example_params_ui_tutorial.py took 0.222 seconds
[2026-01-09T12:22:10.520+0000] {processor.py:161} INFO - Started process (PID=6687) to work on /home/airflow/.local/lib/python3.8/site-packages/airflow/example_dags/example_params_ui_tutorial.py
[2026-01-09T12:22:10.526+0000] {processor.py:830} INFO - Processing file /home/airflow/.local/lib/python3.8/site-packages/airflow/example_dags/example_params_ui_tutorial.py for tasks to queue
[2026-01-09T12:22:10.528+0000] {logging_mixin.py:188} INFO - [2026-01-09T12:22:10.527+0000] {dagbag.py:538} INFO - Filling up the DagBag from /home/airflow/.local/lib/python3.8/site-packages/airflow/example_dags/example_params_ui_tutorial.py
[2026-01-09T12:22:10.551+0000] {processor.py:840} INFO - DAG(s) 'example_params_ui_tutorial' retrieved from /home/airflow/.local/lib/python3.8/site-packages/airflow/example_dags/example_params_ui_tutorial.py
[2026-01-09T12:22:10.652+0000] {logging_mixin.py:188} INFO - [2026-01-09T12:22:10.651+0000] {dag.py:3036} INFO - Sync 1 DAGs
[2026-01-09T12:22:10.674+0000] {logging_mixin.py:188} INFO - [2026-01-09T12:22:10.674+0000] {dag.py:3823} INFO - Setting next_dagrun for example_params_ui_tutorial to None, run_after=None
[2026-01-09T12:22:10.720+0000] {processor.py:183} INFO - Processing /home/airflow/.local/lib/python3.8/site-packages/airflow/example_dags/example_params_ui_tutorial.py took 0.207 seconds
[2026-01-09T12:22:40.967+0000] {processor.py:161} INFO - Started process (PID=6934) to work on /home/airflow/.local/lib/python3.8/site-packages/airflow/example_dags/example_params_ui_tutorial.py
[2026-01-09T12:22:40.973+0000] {processor.py:830} INFO - Processing file /home/airflow/.local/lib/python3.8/site-packages/airflow/example_dags/example_params_ui_tutorial.py for tasks to queue
[2026-01-09T12:22:40.975+0000] {logging_mixin.py:188} INFO - [2026-01-09T12:22:40.974+0000] {dagbag.py:538} INFO - Filling up the DagBag from /home/airflow/.local/lib/python3.8/site-packages/airflow/example_dags/example_params_ui_tutorial.py
[2026-01-09T12:22:41.000+0000] {processor.py:840} INFO - DAG(s) 'example_params_ui_tutorial' retrieved from /home/airflow/.local/lib/python3.8/site-packages/airflow/example_dags/example_params_ui_tutorial.py
[2026-01-09T12:22:41.136+0000] {logging_mixin.py:188} INFO - [2026-01-09T12:22:41.136+0000] {dag.py:3036} INFO - Sync 1 DAGs
[2026-01-09T12:22:41.160+0000] {logging_mixin.py:188} INFO - [2026-01-09T12:22:41.159+0000] {dag.py:3823} INFO - Setting next_dagrun for example_params_ui_tutorial to None, run_after=None
[2026-01-09T12:22:41.212+0000] {processor.py:183} INFO - Processing /home/airflow/.local/lib/python3.8/site-packages/airflow/example_dags/example_params_ui_tutorial.py took 0.254 seconds
[2026-01-09T12:23:11.480+0000] {processor.py:161} INFO - Started process (PID=7186) to work on /home/airflow/.local/lib/python3.8/site-packages/airflow/example_dags/example_params_ui_tutorial.py
[2026-01-09T12:23:11.483+0000] {processor.py:830} INFO - Processing file /home/airflow/.local/lib/python3.8/site-packages/airflow/example_dags/example_params_ui_tutorial.py for tasks to queue
[2026-01-09T12:23:11.485+0000] {logging_mixin.py:188} INFO - [2026-01-09T12:23:11.484+0000] {dagbag.py:538} INFO - Filling up the DagBag from /home/airflow/.local/lib/python3.8/site-packages/airflow/example_dags/example_params_ui_tutorial.py
[2026-01-09T12:23:11.512+0000] {processor.py:840} INFO - DAG(s) 'example_params_ui_tutorial' retrieved from /home/airflow/.local/lib/python3.8/site-packages/airflow/example_dags/example_params_ui_tutorial.py
[2026-01-09T12:23:11.622+0000] {logging_mixin.py:188} INFO - [2026-01-09T12:23:11.621+0000] {dag.py:3036} INFO - Sync 1 DAGs
[2026-01-09T12:23:11.645+0000] {logging_mixin.py:188} INFO - [2026-01-09T12:23:11.644+0000] {dag.py:3823} INFO - Setting next_dagrun for example_params_ui_tutorial to None, run_after=None
[2026-01-09T12:23:11.692+0000] {processor.py:183} INFO - Processing /home/airflow/.local/lib/python3.8/site-packages/airflow/example_dags/example_params_ui_tutorial.py took 0.219 seconds
[2026-01-09T12:23:41.851+0000] {processor.py:161} INFO - Started process (PID=7433) to work on /home/airflow/.local/lib/python3.8/site-packages/airflow/example_dags/example_params_ui_tutorial.py
[2026-01-09T12:23:41.853+0000] {processor.py:830} INFO - Processing file /home/airflow/.local/lib/python3.8/site-packages/airflow/example_dags/example_params_ui_tutorial.py for tasks to queue
[2026-01-09T12:23:41.855+0000] {logging_mixin.py:188} INFO - [2026-01-09T12:23:41.855+0000] {dagbag.py:538} INFO - Filling up the DagBag from /home/airflow/.local/lib/python3.8/site-packages/airflow/example_dags/example_params_ui_tutorial.py
[2026-01-09T12:23:41.878+0000] {processor.py:840} INFO - DAG(s) 'example_params_ui_tutorial' retrieved from /home/airflow/.local/lib/python3.8/site-packages/airflow/example_dags/example_params_ui_tutorial.py
[2026-01-09T12:23:41.981+0000] {logging_mixin.py:188} INFO - [2026-01-09T12:23:41.980+0000] {dag.py:3036} INFO - Sync 1 DAGs
[2026-01-09T12:23:42.006+0000] {logging_mixin.py:188} INFO - [2026-01-09T12:23:42.005+0000] {dag.py:3823} INFO - Setting next_dagrun for example_params_ui_tutorial to None, run_after=None
[2026-01-09T12:23:42.051+0000] {processor.py:183} INFO - Processing /home/airflow/.local/lib/python3.8/site-packages/airflow/example_dags/example_params_ui_tutorial.py took 0.206 seconds
[2026-01-09T12:24:12.343+0000] {processor.py:161} INFO - Started process (PID=7679) to work on /home/airflow/.local/lib/python3.8/site-packages/airflow/example_dags/example_params_ui_tutorial.py
[2026-01-09T12:24:12.345+0000] {processor.py:830} INFO - Processing file /home/airflow/.local/lib/python3.8/site-packages/airflow/example_dags/example_params_ui_tutorial.py for tasks to queue
[2026-01-09T12:24:12.347+0000] {logging_mixin.py:188} INFO - [2026-01-09T12:24:12.346+0000] {dagbag.py:538} INFO - Filling up the DagBag from /home/airflow/.local/lib/python3.8/site-packages/airflow/example_dags/example_params_ui_tutorial.py
[2026-01-09T12:24:12.368+0000] {processor.py:840} INFO - DAG(s) 'example_params_ui_tutorial' retrieved from /home/airflow/.local/lib/python3.8/site-packages/airflow/example_dags/example_params_ui_tutorial.py
[2026-01-09T12:24:12.483+0000] {logging_mixin.py:188} INFO - [2026-01-09T12:24:12.482+0000] {dag.py:3036} INFO - Sync 1 DAGs
[2026-01-09T12:24:12.507+0000] {logging_mixin.py:188} INFO - [2026-01-09T12:24:12.506+0000] {dag.py:3823} INFO - Setting next_dagrun for example_params_ui_tutorial to None, run_after=None
[2026-01-09T12:24:12.559+0000] {processor.py:183} INFO - Processing /home/airflow/.local/lib/python3.8/site-packages/airflow/example_dags/example_params_ui_tutorial.py took 0.223 seconds
[2026-01-09T12:24:42.818+0000] {processor.py:161} INFO - Started process (PID=7921) to work on /home/airflow/.local/lib/python3.8/site-packages/airflow/example_dags/example_params_ui_tutorial.py
[2026-01-09T12:24:42.823+0000] {processor.py:830} INFO - Processing file /home/airflow/.local/lib/python3.8/site-packages/airflow/example_dags/example_params_ui_tutorial.py for tasks to queue
[2026-01-09T12:24:42.826+0000] {logging_mixin.py:188} INFO - [2026-01-09T12:24:42.825+0000] {dagbag.py:538} INFO - Filling up the DagBag from /home/airflow/.local/lib/python3.8/site-packages/airflow/example_dags/example_params_ui_tutorial.py
[2026-01-09T12:24:42.850+0000] {processor.py:840} INFO - DAG(s) 'example_params_ui_tutorial' retrieved from /home/airflow/.local/lib/python3.8/site-packages/airflow/example_dags/example_params_ui_tutorial.py
[2026-01-09T12:24:42.958+0000] {logging_mixin.py:188} INFO - [2026-01-09T12:24:42.957+0000] {dag.py:3036} INFO - Sync 1 DAGs
[2026-01-09T12:24:42.979+0000] {logging_mixin.py:188} INFO - [2026-01-09T12:24:42.979+0000] {dag.py:3823} INFO - Setting next_dagrun for example_params_ui_tutorial to None, run_after=None
[2026-01-09T12:24:43.025+0000] {processor.py:183} INFO - Processing /home/airflow/.local/lib/python3.8/site-packages/airflow/example_dags/example_params_ui_tutorial.py took 0.214 seconds
[2026-01-09T12:25:13.784+0000] {processor.py:161} INFO - Started process (PID=8168) to work on /home/airflow/.local/lib/python3.8/site-packages/airflow/example_dags/example_params_ui_tutorial.py
[2026-01-09T12:25:13.787+0000] {processor.py:830} INFO - Processing file /home/airflow/.local/lib/python3.8/site-packages/airflow/example_dags/example_params_ui_tutorial.py for tasks to queue
[2026-01-09T12:25:13.789+0000] {logging_mixin.py:188} INFO - [2026-01-09T12:25:13.788+0000] {dagbag.py:538} INFO - Filling up the DagBag from /home/airflow/.local/lib/python3.8/site-packages/airflow/example_dags/example_params_ui_tutorial.py
[2026-01-09T12:25:13.812+0000] {processor.py:840} INFO - DAG(s) 'example_params_ui_tutorial' retrieved from /home/airflow/.local/lib/python3.8/site-packages/airflow/example_dags/example_params_ui_tutorial.py
[2026-01-09T12:25:13.917+0000] {logging_mixin.py:188} INFO - [2026-01-09T12:25:13.917+0000] {dag.py:3036} INFO - Sync 1 DAGs
[2026-01-09T12:25:13.941+0000] {logging_mixin.py:188} INFO - [2026-01-09T12:25:13.941+0000] {dag.py:3823} INFO - Setting next_dagrun for example_params_ui_tutorial to None, run_after=None
[2026-01-09T12:25:13.986+0000] {processor.py:183} INFO - Processing /home/airflow/.local/lib/python3.8/site-packages/airflow/example_dags/example_params_ui_tutorial.py took 0.210 seconds
[2026-01-09T12:25:44.656+0000] {processor.py:161} INFO - Started process (PID=8418) to work on /home/airflow/.local/lib/python3.8/site-packages/airflow/example_dags/example_params_ui_tutorial.py
[2026-01-09T12:25:44.658+0000] {processor.py:830} INFO - Processing file /home/airflow/.local/lib/python3.8/site-packages/airflow/example_dags/example_params_ui_tutorial.py for tasks to queue
[2026-01-09T12:25:44.660+0000] {logging_mixin.py:188} INFO - [2026-01-09T12:25:44.659+0000] {dagbag.py:538} INFO - Filling up the DagBag from /home/airflow/.local/lib/python3.8/site-packages/airflow/example_dags/example_params_ui_tutorial.py
[2026-01-09T12:25:44.678+0000] {processor.py:840} INFO - DAG(s) 'example_params_ui_tutorial' retrieved from /home/airflow/.local/lib/python3.8/site-packages/airflow/example_dags/example_params_ui_tutorial.py
[2026-01-09T12:25:44.766+0000] {logging_mixin.py:188} INFO - [2026-01-09T12:25:44.766+0000] {dag.py:3036} INFO - Sync 1 DAGs
[2026-01-09T12:25:44.786+0000] {logging_mixin.py:188} INFO - [2026-01-09T12:25:44.786+0000] {dag.py:3823} INFO - Setting next_dagrun for example_params_ui_tutorial to None, run_after=None
[2026-01-09T12:25:44.881+0000] {processor.py:183} INFO - Processing /home/airflow/.local/lib/python3.8/site-packages/airflow/example_dags/example_params_ui_tutorial.py took 0.230 seconds
[2026-01-09T12:26:15.657+0000] {processor.py:161} INFO - Started process (PID=8668) to work on /home/airflow/.local/lib/python3.8/site-packages/airflow/example_dags/example_params_ui_tutorial.py
[2026-01-09T12:26:15.670+0000] {processor.py:830} INFO - Processing file /home/airflow/.local/lib/python3.8/site-packages/airflow/example_dags/example_params_ui_tutorial.py for tasks to queue
[2026-01-09T12:26:15.674+0000] {logging_mixin.py:188} INFO - [2026-01-09T12:26:15.673+0000] {dagbag.py:538} INFO - Filling up the DagBag from /home/airflow/.local/lib/python3.8/site-packages/airflow/example_dags/example_params_ui_tutorial.py
[2026-01-09T12:26:15.699+0000] {processor.py:840} INFO - DAG(s) 'example_params_ui_tutorial' retrieved from /home/airflow/.local/lib/python3.8/site-packages/airflow/example_dags/example_params_ui_tutorial.py
[2026-01-09T12:26:15.794+0000] {logging_mixin.py:188} INFO - [2026-01-09T12:26:15.794+0000] {dag.py:3036} INFO - Sync 1 DAGs
[2026-01-09T12:26:15.813+0000] {logging_mixin.py:188} INFO - [2026-01-09T12:26:15.812+0000] {dag.py:3823} INFO - Setting next_dagrun for example_params_ui_tutorial to None, run_after=None
[2026-01-09T12:26:15.858+0000] {processor.py:183} INFO - Processing /home/airflow/.local/lib/python3.8/site-packages/airflow/example_dags/example_params_ui_tutorial.py took 0.211 seconds
[2026-01-09T12:26:46.832+0000] {processor.py:161} INFO - Started process (PID=8917) to work on /home/airflow/.local/lib/python3.8/site-packages/airflow/example_dags/example_params_ui_tutorial.py
[2026-01-09T12:26:46.838+0000] {processor.py:830} INFO - Processing file /home/airflow/.local/lib/python3.8/site-packages/airflow/example_dags/example_params_ui_tutorial.py for tasks to queue
[2026-01-09T12:26:46.840+0000] {logging_mixin.py:188} INFO - [2026-01-09T12:26:46.839+0000] {dagbag.py:538} INFO - Filling up the DagBag from /home/airflow/.local/lib/python3.8/site-packages/airflow/example_dags/example_params_ui_tutorial.py
[2026-01-09T12:26:46.863+0000] {processor.py:840} INFO - DAG(s) 'example_params_ui_tutorial' retrieved from /home/airflow/.local/lib/python3.8/site-packages/airflow/example_dags/example_params_ui_tutorial.py
[2026-01-09T12:26:46.968+0000] {logging_mixin.py:188} INFO - [2026-01-09T12:26:46.968+0000] {dag.py:3036} INFO - Sync 1 DAGs
[2026-01-09T12:26:46.990+0000] {logging_mixin.py:188} INFO - [2026-01-09T12:26:46.990+0000] {dag.py:3823} INFO - Setting next_dagrun for example_params_ui_tutorial to None, run_after=None
[2026-01-09T12:26:47.040+0000] {processor.py:183} INFO - Processing /home/airflow/.local/lib/python3.8/site-packages/airflow/example_dags/example_params_ui_tutorial.py took 0.214 seconds
[2026-01-09T12:27:17.647+0000] {processor.py:161} INFO - Started process (PID=9158) to work on /home/airflow/.local/lib/python3.8/site-packages/airflow/example_dags/example_params_ui_tutorial.py
[2026-01-09T12:27:17.649+0000] {processor.py:830} INFO - Processing file /home/airflow/.local/lib/python3.8/site-packages/airflow/example_dags/example_params_ui_tutorial.py for tasks to queue
[2026-01-09T12:27:17.650+0000] {logging_mixin.py:188} INFO - [2026-01-09T12:27:17.650+0000] {dagbag.py:538} INFO - Filling up the DagBag from /home/airflow/.local/lib/python3.8/site-packages/airflow/example_dags/example_params_ui_tutorial.py
[2026-01-09T12:27:17.673+0000] {processor.py:840} INFO - DAG(s) 'example_params_ui_tutorial' retrieved from /home/airflow/.local/lib/python3.8/site-packages/airflow/example_dags/example_params_ui_tutorial.py
[2026-01-09T12:27:17.791+0000] {logging_mixin.py:188} INFO - [2026-01-09T12:27:17.791+0000] {dag.py:3036} INFO - Sync 1 DAGs
[2026-01-09T12:27:17.810+0000] {logging_mixin.py:188} INFO - [2026-01-09T12:27:17.809+0000] {dag.py:3823} INFO - Setting next_dagrun for example_params_ui_tutorial to None, run_after=None
[2026-01-09T12:27:17.853+0000] {processor.py:183} INFO - Processing /home/airflow/.local/lib/python3.8/site-packages/airflow/example_dags/example_params_ui_tutorial.py took 0.212 seconds
[2026-01-09T12:27:48.221+0000] {processor.py:161} INFO - Started process (PID=9405) to work on /home/airflow/.local/lib/python3.8/site-packages/airflow/example_dags/example_params_ui_tutorial.py
[2026-01-09T12:27:48.223+0000] {processor.py:830} INFO - Processing file /home/airflow/.local/lib/python3.8/site-packages/airflow/example_dags/example_params_ui_tutorial.py for tasks to queue
[2026-01-09T12:27:48.225+0000] {logging_mixin.py:188} INFO - [2026-01-09T12:27:48.225+0000] {dagbag.py:538} INFO - Filling up the DagBag from /home/airflow/.local/lib/python3.8/site-packages/airflow/example_dags/example_params_ui_tutorial.py
[2026-01-09T12:27:48.256+0000] {processor.py:840} INFO - DAG(s) 'example_params_ui_tutorial' retrieved from /home/airflow/.local/lib/python3.8/site-packages/airflow/example_dags/example_params_ui_tutorial.py
[2026-01-09T12:27:48.357+0000] {logging_mixin.py:188} INFO - [2026-01-09T12:27:48.356+0000] {dag.py:3036} INFO - Sync 1 DAGs
[2026-01-09T12:27:48.375+0000] {logging_mixin.py:188} INFO - [2026-01-09T12:27:48.375+0000] {dag.py:3823} INFO - Setting next_dagrun for example_params_ui_tutorial to None, run_after=None
[2026-01-09T12:27:48.421+0000] {processor.py:183} INFO - Processing /home/airflow/.local/lib/python3.8/site-packages/airflow/example_dags/example_params_ui_tutorial.py took 0.208 seconds
[2026-01-09T12:28:19.060+0000] {processor.py:161} INFO - Started process (PID=9652) to work on /home/airflow/.local/lib/python3.8/site-packages/airflow/example_dags/example_params_ui_tutorial.py
[2026-01-09T12:28:19.062+0000] {processor.py:830} INFO - Processing file /home/airflow/.local/lib/python3.8/site-packages/airflow/example_dags/example_params_ui_tutorial.py for tasks to queue
[2026-01-09T12:28:19.064+0000] {logging_mixin.py:188} INFO - [2026-01-09T12:28:19.063+0000] {dagbag.py:538} INFO - Filling up the DagBag from /home/airflow/.local/lib/python3.8/site-packages/airflow/example_dags/example_params_ui_tutorial.py
[2026-01-09T12:28:19.086+0000] {processor.py:840} INFO - DAG(s) 'example_params_ui_tutorial' retrieved from /home/airflow/.local/lib/python3.8/site-packages/airflow/example_dags/example_params_ui_tutorial.py
[2026-01-09T12:28:19.212+0000] {logging_mixin.py:188} INFO - [2026-01-09T12:28:19.211+0000] {dag.py:3036} INFO - Sync 1 DAGs
[2026-01-09T12:28:19.236+0000] {logging_mixin.py:188} INFO - [2026-01-09T12:28:19.236+0000] {dag.py:3823} INFO - Setting next_dagrun for example_params_ui_tutorial to None, run_after=None
[2026-01-09T12:28:19.281+0000] {processor.py:183} INFO - Processing /home/airflow/.local/lib/python3.8/site-packages/airflow/example_dags/example_params_ui_tutorial.py took 0.228 seconds
[2026-01-09T12:28:49.448+0000] {processor.py:161} INFO - Started process (PID=9897) to work on /home/airflow/.local/lib/python3.8/site-packages/airflow/example_dags/example_params_ui_tutorial.py
[2026-01-09T12:28:49.451+0000] {processor.py:830} INFO - Processing file /home/airflow/.local/lib/python3.8/site-packages/airflow/example_dags/example_params_ui_tutorial.py for tasks to queue
[2026-01-09T12:28:49.453+0000] {logging_mixin.py:188} INFO - [2026-01-09T12:28:49.452+0000] {dagbag.py:538} INFO - Filling up the DagBag from /home/airflow/.local/lib/python3.8/site-packages/airflow/example_dags/example_params_ui_tutorial.py
[2026-01-09T12:28:49.483+0000] {processor.py:840} INFO - DAG(s) 'example_params_ui_tutorial' retrieved from /home/airflow/.local/lib/python3.8/site-packages/airflow/example_dags/example_params_ui_tutorial.py
[2026-01-09T12:28:49.634+0000] {logging_mixin.py:188} INFO - [2026-01-09T12:28:49.634+0000] {dag.py:3036} INFO - Sync 1 DAGs
[2026-01-09T12:28:49.669+0000] {logging_mixin.py:188} INFO - [2026-01-09T12:28:49.668+0000] {dag.py:3823} INFO - Setting next_dagrun for example_params_ui_tutorial to None, run_after=None
[2026-01-09T12:28:49.716+0000] {processor.py:183} INFO - Processing /home/airflow/.local/lib/python3.8/site-packages/airflow/example_dags/example_params_ui_tutorial.py took 0.275 seconds
[2026-01-09T12:29:20.235+0000] {processor.py:161} INFO - Started process (PID=10141) to work on /home/airflow/.local/lib/python3.8/site-packages/airflow/example_dags/example_params_ui_tutorial.py
[2026-01-09T12:29:20.237+0000] {processor.py:830} INFO - Processing file /home/airflow/.local/lib/python3.8/site-packages/airflow/example_dags/example_params_ui_tutorial.py for tasks to queue
[2026-01-09T12:29:20.239+0000] {logging_mixin.py:188} INFO - [2026-01-09T12:29:20.238+0000] {dagbag.py:538} INFO - Filling up the DagBag from /home/airflow/.local/lib/python3.8/site-packages/airflow/example_dags/example_params_ui_tutorial.py
[2026-01-09T12:29:20.270+0000] {processor.py:840} INFO - DAG(s) 'example_params_ui_tutorial' retrieved from /home/airflow/.local/lib/python3.8/site-packages/airflow/example_dags/example_params_ui_tutorial.py
[2026-01-09T12:29:20.369+0000] {logging_mixin.py:188} INFO - [2026-01-09T12:29:20.369+0000] {dag.py:3036} INFO - Sync 1 DAGs
[2026-01-09T12:29:20.389+0000] {logging_mixin.py:188} INFO - [2026-01-09T12:29:20.389+0000] {dag.py:3823} INFO - Setting next_dagrun for example_params_ui_tutorial to None, run_after=None
[2026-01-09T12:29:20.431+0000] {processor.py:183} INFO - Processing /home/airflow/.local/lib/python3.8/site-packages/airflow/example_dags/example_params_ui_tutorial.py took 0.203 seconds
[2026-01-09T12:29:50.994+0000] {processor.py:161} INFO - Started process (PID=10388) to work on /home/airflow/.local/lib/python3.8/site-packages/airflow/example_dags/example_params_ui_tutorial.py
[2026-01-09T12:29:50.997+0000] {processor.py:830} INFO - Processing file /home/airflow/.local/lib/python3.8/site-packages/airflow/example_dags/example_params_ui_tutorial.py for tasks to queue
[2026-01-09T12:29:50.999+0000] {logging_mixin.py:188} INFO - [2026-01-09T12:29:50.998+0000] {dagbag.py:538} INFO - Filling up the DagBag from /home/airflow/.local/lib/python3.8/site-packages/airflow/example_dags/example_params_ui_tutorial.py
[2026-01-09T12:29:51.026+0000] {processor.py:840} INFO - DAG(s) 'example_params_ui_tutorial' retrieved from /home/airflow/.local/lib/python3.8/site-packages/airflow/example_dags/example_params_ui_tutorial.py
[2026-01-09T12:29:51.162+0000] {logging_mixin.py:188} INFO - [2026-01-09T12:29:51.161+0000] {dag.py:3036} INFO - Sync 1 DAGs
[2026-01-09T12:29:51.191+0000] {logging_mixin.py:188} INFO - [2026-01-09T12:29:51.190+0000] {dag.py:3823} INFO - Setting next_dagrun for example_params_ui_tutorial to None, run_after=None
[2026-01-09T12:29:51.256+0000] {processor.py:183} INFO - Processing /home/airflow/.local/lib/python3.8/site-packages/airflow/example_dags/example_params_ui_tutorial.py took 0.270 seconds
[2026-01-09T12:30:21.913+0000] {processor.py:161} INFO - Started process (PID=10636) to work on /home/airflow/.local/lib/python3.8/site-packages/airflow/example_dags/example_params_ui_tutorial.py
[2026-01-09T12:30:21.915+0000] {processor.py:830} INFO - Processing file /home/airflow/.local/lib/python3.8/site-packages/airflow/example_dags/example_params_ui_tutorial.py for tasks to queue
[2026-01-09T12:30:21.917+0000] {logging_mixin.py:188} INFO - [2026-01-09T12:30:21.916+0000] {dagbag.py:538} INFO - Filling up the DagBag from /home/airflow/.local/lib/python3.8/site-packages/airflow/example_dags/example_params_ui_tutorial.py
[2026-01-09T12:30:21.942+0000] {processor.py:840} INFO - DAG(s) 'example_params_ui_tutorial' retrieved from /home/airflow/.local/lib/python3.8/site-packages/airflow/example_dags/example_params_ui_tutorial.py
[2026-01-09T12:30:22.041+0000] {logging_mixin.py:188} INFO - [2026-01-09T12:30:22.040+0000] {dag.py:3036} INFO - Sync 1 DAGs
[2026-01-09T12:30:22.059+0000] {logging_mixin.py:188} INFO - [2026-01-09T12:30:22.058+0000] {dag.py:3823} INFO - Setting next_dagrun for example_params_ui_tutorial to None, run_after=None
[2026-01-09T12:30:22.107+0000] {processor.py:183} INFO - Processing /home/airflow/.local/lib/python3.8/site-packages/airflow/example_dags/example_params_ui_tutorial.py took 0.203 seconds
[2026-01-09T12:30:52.709+0000] {processor.py:161} INFO - Started process (PID=10883) to work on /home/airflow/.local/lib/python3.8/site-packages/airflow/example_dags/example_params_ui_tutorial.py
[2026-01-09T12:30:52.712+0000] {processor.py:830} INFO - Processing file /home/airflow/.local/lib/python3.8/site-packages/airflow/example_dags/example_params_ui_tutorial.py for tasks to queue
[2026-01-09T12:30:52.713+0000] {logging_mixin.py:188} INFO - [2026-01-09T12:30:52.713+0000] {dagbag.py:538} INFO - Filling up the DagBag from /home/airflow/.local/lib/python3.8/site-packages/airflow/example_dags/example_params_ui_tutorial.py
[2026-01-09T12:30:52.733+0000] {processor.py:840} INFO - DAG(s) 'example_params_ui_tutorial' retrieved from /home/airflow/.local/lib/python3.8/site-packages/airflow/example_dags/example_params_ui_tutorial.py
[2026-01-09T12:30:52.820+0000] {logging_mixin.py:188} INFO - [2026-01-09T12:30:52.820+0000] {dag.py:3036} INFO - Sync 1 DAGs
[2026-01-09T12:30:52.837+0000] {logging_mixin.py:188} INFO - [2026-01-09T12:30:52.837+0000] {dag.py:3823} INFO - Setting next_dagrun for example_params_ui_tutorial to None, run_after=None
[2026-01-09T12:30:52.885+0000] {processor.py:183} INFO - Processing /home/airflow/.local/lib/python3.8/site-packages/airflow/example_dags/example_params_ui_tutorial.py took 0.181 seconds
[2026-01-09T12:31:22.977+0000] {processor.py:161} INFO - Started process (PID=11130) to work on /home/airflow/.local/lib/python3.8/site-packages/airflow/example_dags/example_params_ui_tutorial.py
[2026-01-09T12:31:22.978+0000] {processor.py:830} INFO - Processing file /home/airflow/.local/lib/python3.8/site-packages/airflow/example_dags/example_params_ui_tutorial.py for tasks to queue
[2026-01-09T12:31:22.979+0000] {logging_mixin.py:188} INFO - [2026-01-09T12:31:22.979+0000] {dagbag.py:538} INFO - Filling up the DagBag from /home/airflow/.local/lib/python3.8/site-packages/airflow/example_dags/example_params_ui_tutorial.py
[2026-01-09T12:31:23.000+0000] {processor.py:840} INFO - DAG(s) 'example_params_ui_tutorial' retrieved from /home/airflow/.local/lib/python3.8/site-packages/airflow/example_dags/example_params_ui_tutorial.py
[2026-01-09T12:31:23.080+0000] {logging_mixin.py:188} INFO - [2026-01-09T12:31:23.080+0000] {dag.py:3036} INFO - Sync 1 DAGs
[2026-01-09T12:31:23.098+0000] {logging_mixin.py:188} INFO - [2026-01-09T12:31:23.098+0000] {dag.py:3823} INFO - Setting next_dagrun for example_params_ui_tutorial to None, run_after=None
[2026-01-09T12:31:23.137+0000] {processor.py:183} INFO - Processing /home/airflow/.local/lib/python3.8/site-packages/airflow/example_dags/example_params_ui_tutorial.py took 0.167 seconds
[2026-01-09T12:31:53.549+0000] {processor.py:161} INFO - Started process (PID=11381) to work on /home/airflow/.local/lib/python3.8/site-packages/airflow/example_dags/example_params_ui_tutorial.py
[2026-01-09T12:31:53.551+0000] {processor.py:830} INFO - Processing file /home/airflow/.local/lib/python3.8/site-packages/airflow/example_dags/example_params_ui_tutorial.py for tasks to queue
[2026-01-09T12:31:53.553+0000] {logging_mixin.py:188} INFO - [2026-01-09T12:31:53.552+0000] {dagbag.py:538} INFO - Filling up the DagBag from /home/airflow/.local/lib/python3.8/site-packages/airflow/example_dags/example_params_ui_tutorial.py
[2026-01-09T12:31:53.577+0000] {processor.py:840} INFO - DAG(s) 'example_params_ui_tutorial' retrieved from /home/airflow/.local/lib/python3.8/site-packages/airflow/example_dags/example_params_ui_tutorial.py
[2026-01-09T12:31:53.662+0000] {logging_mixin.py:188} INFO - [2026-01-09T12:31:53.662+0000] {dag.py:3036} INFO - Sync 1 DAGs
[2026-01-09T12:31:53.682+0000] {logging_mixin.py:188} INFO - [2026-01-09T12:31:53.681+0000] {dag.py:3823} INFO - Setting next_dagrun for example_params_ui_tutorial to None, run_after=None
[2026-01-09T12:31:53.722+0000] {processor.py:183} INFO - Processing /home/airflow/.local/lib/python3.8/site-packages/airflow/example_dags/example_params_ui_tutorial.py took 0.179 seconds
[2026-01-09T12:32:24.282+0000] {processor.py:161} INFO - Started process (PID=11627) to work on /home/airflow/.local/lib/python3.8/site-packages/airflow/example_dags/example_params_ui_tutorial.py
[2026-01-09T12:32:24.285+0000] {processor.py:830} INFO - Processing file /home/airflow/.local/lib/python3.8/site-packages/airflow/example_dags/example_params_ui_tutorial.py for tasks to queue
[2026-01-09T12:32:24.288+0000] {logging_mixin.py:188} INFO - [2026-01-09T12:32:24.287+0000] {dagbag.py:538} INFO - Filling up the DagBag from /home/airflow/.local/lib/python3.8/site-packages/airflow/example_dags/example_params_ui_tutorial.py
[2026-01-09T12:32:24.330+0000] {processor.py:840} INFO - DAG(s) 'example_params_ui_tutorial' retrieved from /home/airflow/.local/lib/python3.8/site-packages/airflow/example_dags/example_params_ui_tutorial.py
[2026-01-09T12:32:24.549+0000] {logging_mixin.py:188} INFO - [2026-01-09T12:32:24.548+0000] {dag.py:3036} INFO - Sync 1 DAGs
[2026-01-09T12:32:24.584+0000] {logging_mixin.py:188} INFO - [2026-01-09T12:32:24.583+0000] {dag.py:3823} INFO - Setting next_dagrun for example_params_ui_tutorial to None, run_after=None
[2026-01-09T12:32:24.639+0000] {processor.py:183} INFO - Processing /home/airflow/.local/lib/python3.8/site-packages/airflow/example_dags/example_params_ui_tutorial.py took 0.374 seconds
[2026-01-09T12:32:55.008+0000] {processor.py:161} INFO - Started process (PID=11874) to work on /home/airflow/.local/lib/python3.8/site-packages/airflow/example_dags/example_params_ui_tutorial.py
[2026-01-09T12:32:55.009+0000] {processor.py:830} INFO - Processing file /home/airflow/.local/lib/python3.8/site-packages/airflow/example_dags/example_params_ui_tutorial.py for tasks to queue
[2026-01-09T12:32:55.010+0000] {logging_mixin.py:188} INFO - [2026-01-09T12:32:55.010+0000] {dagbag.py:538} INFO - Filling up the DagBag from /home/airflow/.local/lib/python3.8/site-packages/airflow/example_dags/example_params_ui_tutorial.py
[2026-01-09T12:32:55.031+0000] {processor.py:840} INFO - DAG(s) 'example_params_ui_tutorial' retrieved from /home/airflow/.local/lib/python3.8/site-packages/airflow/example_dags/example_params_ui_tutorial.py
[2026-01-09T12:32:55.145+0000] {logging_mixin.py:188} INFO - [2026-01-09T12:32:55.145+0000] {dag.py:3036} INFO - Sync 1 DAGs
[2026-01-09T12:32:55.167+0000] {logging_mixin.py:188} INFO - [2026-01-09T12:32:55.167+0000] {dag.py:3823} INFO - Setting next_dagrun for example_params_ui_tutorial to None, run_after=None
[2026-01-09T12:32:55.209+0000] {processor.py:183} INFO - Processing /home/airflow/.local/lib/python3.8/site-packages/airflow/example_dags/example_params_ui_tutorial.py took 0.208 seconds
[2026-01-09T12:33:25.566+0000] {processor.py:161} INFO - Started process (PID=12121) to work on /home/airflow/.local/lib/python3.8/site-packages/airflow/example_dags/example_params_ui_tutorial.py
[2026-01-09T12:33:25.568+0000] {processor.py:830} INFO - Processing file /home/airflow/.local/lib/python3.8/site-packages/airflow/example_dags/example_params_ui_tutorial.py for tasks to queue
[2026-01-09T12:33:25.570+0000] {logging_mixin.py:188} INFO - [2026-01-09T12:33:25.569+0000] {dagbag.py:538} INFO - Filling up the DagBag from /home/airflow/.local/lib/python3.8/site-packages/airflow/example_dags/example_params_ui_tutorial.py
[2026-01-09T12:33:25.592+0000] {processor.py:840} INFO - DAG(s) 'example_params_ui_tutorial' retrieved from /home/airflow/.local/lib/python3.8/site-packages/airflow/example_dags/example_params_ui_tutorial.py
[2026-01-09T12:33:25.695+0000] {logging_mixin.py:188} INFO - [2026-01-09T12:33:25.694+0000] {dag.py:3036} INFO - Sync 1 DAGs
[2026-01-09T12:33:25.717+0000] {logging_mixin.py:188} INFO - [2026-01-09T12:33:25.716+0000] {dag.py:3823} INFO - Setting next_dagrun for example_params_ui_tutorial to None, run_after=None
[2026-01-09T12:33:25.758+0000] {processor.py:183} INFO - Processing /home/airflow/.local/lib/python3.8/site-packages/airflow/example_dags/example_params_ui_tutorial.py took 0.198 seconds
[2026-01-09T12:33:56.483+0000] {processor.py:161} INFO - Started process (PID=12368) to work on /home/airflow/.local/lib/python3.8/site-packages/airflow/example_dags/example_params_ui_tutorial.py
[2026-01-09T12:33:56.485+0000] {processor.py:830} INFO - Processing file /home/airflow/.local/lib/python3.8/site-packages/airflow/example_dags/example_params_ui_tutorial.py for tasks to queue
[2026-01-09T12:33:56.487+0000] {logging_mixin.py:188} INFO - [2026-01-09T12:33:56.487+0000] {dagbag.py:538} INFO - Filling up the DagBag from /home/airflow/.local/lib/python3.8/site-packages/airflow/example_dags/example_params_ui_tutorial.py
[2026-01-09T12:33:56.506+0000] {processor.py:840} INFO - DAG(s) 'example_params_ui_tutorial' retrieved from /home/airflow/.local/lib/python3.8/site-packages/airflow/example_dags/example_params_ui_tutorial.py
[2026-01-09T12:33:56.600+0000] {logging_mixin.py:188} INFO - [2026-01-09T12:33:56.600+0000] {dag.py:3036} INFO - Sync 1 DAGs
[2026-01-09T12:33:56.620+0000] {logging_mixin.py:188} INFO - [2026-01-09T12:33:56.619+0000] {dag.py:3823} INFO - Setting next_dagrun for example_params_ui_tutorial to None, run_after=None
[2026-01-09T12:33:56.656+0000] {processor.py:183} INFO - Processing /home/airflow/.local/lib/python3.8/site-packages/airflow/example_dags/example_params_ui_tutorial.py took 0.180 seconds
[2026-01-09T12:34:26.977+0000] {processor.py:161} INFO - Started process (PID=12615) to work on /home/airflow/.local/lib/python3.8/site-packages/airflow/example_dags/example_params_ui_tutorial.py
[2026-01-09T12:34:26.980+0000] {processor.py:830} INFO - Processing file /home/airflow/.local/lib/python3.8/site-packages/airflow/example_dags/example_params_ui_tutorial.py for tasks to queue
[2026-01-09T12:34:26.982+0000] {logging_mixin.py:188} INFO - [2026-01-09T12:34:26.981+0000] {dagbag.py:538} INFO - Filling up the DagBag from /home/airflow/.local/lib/python3.8/site-packages/airflow/example_dags/example_params_ui_tutorial.py
[2026-01-09T12:34:27.004+0000] {processor.py:840} INFO - DAG(s) 'example_params_ui_tutorial' retrieved from /home/airflow/.local/lib/python3.8/site-packages/airflow/example_dags/example_params_ui_tutorial.py
[2026-01-09T12:34:27.170+0000] {logging_mixin.py:188} INFO - [2026-01-09T12:34:27.169+0000] {dag.py:3036} INFO - Sync 1 DAGs
[2026-01-09T12:34:27.202+0000] {logging_mixin.py:188} INFO - [2026-01-09T12:34:27.201+0000] {dag.py:3823} INFO - Setting next_dagrun for example_params_ui_tutorial to None, run_after=None
[2026-01-09T12:34:27.256+0000] {processor.py:183} INFO - Processing /home/airflow/.local/lib/python3.8/site-packages/airflow/example_dags/example_params_ui_tutorial.py took 0.285 seconds
[2026-01-09T12:34:57.585+0000] {processor.py:161} INFO - Started process (PID=12862) to work on /home/airflow/.local/lib/python3.8/site-packages/airflow/example_dags/example_params_ui_tutorial.py
[2026-01-09T12:34:57.587+0000] {processor.py:830} INFO - Processing file /home/airflow/.local/lib/python3.8/site-packages/airflow/example_dags/example_params_ui_tutorial.py for tasks to queue
[2026-01-09T12:34:57.588+0000] {logging_mixin.py:188} INFO - [2026-01-09T12:34:57.588+0000] {dagbag.py:538} INFO - Filling up the DagBag from /home/airflow/.local/lib/python3.8/site-packages/airflow/example_dags/example_params_ui_tutorial.py
[2026-01-09T12:34:57.607+0000] {processor.py:840} INFO - DAG(s) 'example_params_ui_tutorial' retrieved from /home/airflow/.local/lib/python3.8/site-packages/airflow/example_dags/example_params_ui_tutorial.py
[2026-01-09T12:34:57.707+0000] {logging_mixin.py:188} INFO - [2026-01-09T12:34:57.706+0000] {dag.py:3036} INFO - Sync 1 DAGs
[2026-01-09T12:34:57.737+0000] {logging_mixin.py:188} INFO - [2026-01-09T12:34:57.737+0000] {dag.py:3823} INFO - Setting next_dagrun for example_params_ui_tutorial to None, run_after=None
[2026-01-09T12:34:57.783+0000] {processor.py:183} INFO - Processing /home/airflow/.local/lib/python3.8/site-packages/airflow/example_dags/example_params_ui_tutorial.py took 0.203 seconds
[2026-01-09T12:35:28.254+0000] {processor.py:161} INFO - Started process (PID=13111) to work on /home/airflow/.local/lib/python3.8/site-packages/airflow/example_dags/example_params_ui_tutorial.py
[2026-01-09T12:35:28.256+0000] {processor.py:830} INFO - Processing file /home/airflow/.local/lib/python3.8/site-packages/airflow/example_dags/example_params_ui_tutorial.py for tasks to queue
[2026-01-09T12:35:28.258+0000] {logging_mixin.py:188} INFO - [2026-01-09T12:35:28.257+0000] {dagbag.py:538} INFO - Filling up the DagBag from /home/airflow/.local/lib/python3.8/site-packages/airflow/example_dags/example_params_ui_tutorial.py
[2026-01-09T12:35:28.275+0000] {processor.py:840} INFO - DAG(s) 'example_params_ui_tutorial' retrieved from /home/airflow/.local/lib/python3.8/site-packages/airflow/example_dags/example_params_ui_tutorial.py
[2026-01-09T12:35:28.365+0000] {logging_mixin.py:188} INFO - [2026-01-09T12:35:28.365+0000] {dag.py:3036} INFO - Sync 1 DAGs
[2026-01-09T12:35:28.384+0000] {logging_mixin.py:188} INFO - [2026-01-09T12:35:28.384+0000] {dag.py:3823} INFO - Setting next_dagrun for example_params_ui_tutorial to None, run_after=None
[2026-01-09T12:35:28.438+0000] {processor.py:183} INFO - Processing /home/airflow/.local/lib/python3.8/site-packages/airflow/example_dags/example_params_ui_tutorial.py took 0.190 seconds
[2026-01-09T12:35:59.107+0000] {processor.py:161} INFO - Started process (PID=13358) to work on /home/airflow/.local/lib/python3.8/site-packages/airflow/example_dags/example_params_ui_tutorial.py
[2026-01-09T12:35:59.108+0000] {processor.py:830} INFO - Processing file /home/airflow/.local/lib/python3.8/site-packages/airflow/example_dags/example_params_ui_tutorial.py for tasks to queue
[2026-01-09T12:35:59.110+0000] {logging_mixin.py:188} INFO - [2026-01-09T12:35:59.109+0000] {dagbag.py:538} INFO - Filling up the DagBag from /home/airflow/.local/lib/python3.8/site-packages/airflow/example_dags/example_params_ui_tutorial.py
[2026-01-09T12:35:59.135+0000] {processor.py:840} INFO - DAG(s) 'example_params_ui_tutorial' retrieved from /home/airflow/.local/lib/python3.8/site-packages/airflow/example_dags/example_params_ui_tutorial.py
[2026-01-09T12:35:59.238+0000] {logging_mixin.py:188} INFO - [2026-01-09T12:35:59.237+0000] {dag.py:3036} INFO - Sync 1 DAGs
[2026-01-09T12:35:59.257+0000] {logging_mixin.py:188} INFO - [2026-01-09T12:35:59.257+0000] {dag.py:3823} INFO - Setting next_dagrun for example_params_ui_tutorial to None, run_after=None
[2026-01-09T12:35:59.307+0000] {processor.py:183} INFO - Processing /home/airflow/.local/lib/python3.8/site-packages/airflow/example_dags/example_params_ui_tutorial.py took 0.207 seconds
[2026-01-09T12:36:29.740+0000] {processor.py:161} INFO - Started process (PID=13605) to work on /home/airflow/.local/lib/python3.8/site-packages/airflow/example_dags/example_params_ui_tutorial.py
[2026-01-09T12:36:29.742+0000] {processor.py:830} INFO - Processing file /home/airflow/.local/lib/python3.8/site-packages/airflow/example_dags/example_params_ui_tutorial.py for tasks to queue
[2026-01-09T12:36:29.744+0000] {logging_mixin.py:188} INFO - [2026-01-09T12:36:29.744+0000] {dagbag.py:538} INFO - Filling up the DagBag from /home/airflow/.local/lib/python3.8/site-packages/airflow/example_dags/example_params_ui_tutorial.py
[2026-01-09T12:36:29.768+0000] {processor.py:840} INFO - DAG(s) 'example_params_ui_tutorial' retrieved from /home/airflow/.local/lib/python3.8/site-packages/airflow/example_dags/example_params_ui_tutorial.py
[2026-01-09T12:36:29.871+0000] {logging_mixin.py:188} INFO - [2026-01-09T12:36:29.871+0000] {dag.py:3036} INFO - Sync 1 DAGs
[2026-01-09T12:36:29.890+0000] {logging_mixin.py:188} INFO - [2026-01-09T12:36:29.890+0000] {dag.py:3823} INFO - Setting next_dagrun for example_params_ui_tutorial to None, run_after=None
[2026-01-09T12:36:29.938+0000] {processor.py:183} INFO - Processing /home/airflow/.local/lib/python3.8/site-packages/airflow/example_dags/example_params_ui_tutorial.py took 0.208 seconds
[2026-01-09T12:36:59.998+0000] {processor.py:161} INFO - Started process (PID=13852) to work on /home/airflow/.local/lib/python3.8/site-packages/airflow/example_dags/example_params_ui_tutorial.py
[2026-01-09T12:36:59.999+0000] {processor.py:830} INFO - Processing file /home/airflow/.local/lib/python3.8/site-packages/airflow/example_dags/example_params_ui_tutorial.py for tasks to queue
[2026-01-09T12:37:00.001+0000] {logging_mixin.py:188} INFO - [2026-01-09T12:37:00.000+0000] {dagbag.py:538} INFO - Filling up the DagBag from /home/airflow/.local/lib/python3.8/site-packages/airflow/example_dags/example_params_ui_tutorial.py
[2026-01-09T12:37:00.025+0000] {processor.py:840} INFO - DAG(s) 'example_params_ui_tutorial' retrieved from /home/airflow/.local/lib/python3.8/site-packages/airflow/example_dags/example_params_ui_tutorial.py
[2026-01-09T12:37:00.121+0000] {logging_mixin.py:188} INFO - [2026-01-09T12:37:00.120+0000] {dag.py:3036} INFO - Sync 1 DAGs
[2026-01-09T12:37:00.137+0000] {logging_mixin.py:188} INFO - [2026-01-09T12:37:00.137+0000] {dag.py:3823} INFO - Setting next_dagrun for example_params_ui_tutorial to None, run_after=None
[2026-01-09T12:37:00.178+0000] {processor.py:183} INFO - Processing /home/airflow/.local/lib/python3.8/site-packages/airflow/example_dags/example_params_ui_tutorial.py took 0.187 seconds
[2026-01-09T12:37:30.465+0000] {processor.py:161} INFO - Started process (PID=14099) to work on /home/airflow/.local/lib/python3.8/site-packages/airflow/example_dags/example_params_ui_tutorial.py
[2026-01-09T12:37:30.467+0000] {processor.py:830} INFO - Processing file /home/airflow/.local/lib/python3.8/site-packages/airflow/example_dags/example_params_ui_tutorial.py for tasks to queue
[2026-01-09T12:37:30.469+0000] {logging_mixin.py:188} INFO - [2026-01-09T12:37:30.468+0000] {dagbag.py:538} INFO - Filling up the DagBag from /home/airflow/.local/lib/python3.8/site-packages/airflow/example_dags/example_params_ui_tutorial.py
[2026-01-09T12:37:30.488+0000] {processor.py:840} INFO - DAG(s) 'example_params_ui_tutorial' retrieved from /home/airflow/.local/lib/python3.8/site-packages/airflow/example_dags/example_params_ui_tutorial.py
[2026-01-09T12:37:30.574+0000] {logging_mixin.py:188} INFO - [2026-01-09T12:37:30.574+0000] {dag.py:3036} INFO - Sync 1 DAGs
[2026-01-09T12:37:30.591+0000] {logging_mixin.py:188} INFO - [2026-01-09T12:37:30.590+0000] {dag.py:3823} INFO - Setting next_dagrun for example_params_ui_tutorial to None, run_after=None
[2026-01-09T12:37:30.630+0000] {processor.py:183} INFO - Processing /home/airflow/.local/lib/python3.8/site-packages/airflow/example_dags/example_params_ui_tutorial.py took 0.172 seconds
[2026-01-09T12:38:01.175+0000] {processor.py:161} INFO - Started process (PID=14346) to work on /home/airflow/.local/lib/python3.8/site-packages/airflow/example_dags/example_params_ui_tutorial.py
[2026-01-09T12:38:01.177+0000] {processor.py:830} INFO - Processing file /home/airflow/.local/lib/python3.8/site-packages/airflow/example_dags/example_params_ui_tutorial.py for tasks to queue
[2026-01-09T12:38:01.178+0000] {logging_mixin.py:188} INFO - [2026-01-09T12:38:01.178+0000] {dagbag.py:538} INFO - Filling up the DagBag from /home/airflow/.local/lib/python3.8/site-packages/airflow/example_dags/example_params_ui_tutorial.py
[2026-01-09T12:38:01.200+0000] {processor.py:840} INFO - DAG(s) 'example_params_ui_tutorial' retrieved from /home/airflow/.local/lib/python3.8/site-packages/airflow/example_dags/example_params_ui_tutorial.py
[2026-01-09T12:38:01.307+0000] {logging_mixin.py:188} INFO - [2026-01-09T12:38:01.306+0000] {dag.py:3036} INFO - Sync 1 DAGs
[2026-01-09T12:38:01.330+0000] {logging_mixin.py:188} INFO - [2026-01-09T12:38:01.330+0000] {dag.py:3823} INFO - Setting next_dagrun for example_params_ui_tutorial to None, run_after=None
[2026-01-09T12:38:01.377+0000] {processor.py:183} INFO - Processing /home/airflow/.local/lib/python3.8/site-packages/airflow/example_dags/example_params_ui_tutorial.py took 0.208 seconds
[2026-01-09T12:38:32.375+0000] {processor.py:161} INFO - Started process (PID=14593) to work on /home/airflow/.local/lib/python3.8/site-packages/airflow/example_dags/example_params_ui_tutorial.py
[2026-01-09T12:38:32.377+0000] {processor.py:830} INFO - Processing file /home/airflow/.local/lib/python3.8/site-packages/airflow/example_dags/example_params_ui_tutorial.py for tasks to queue
[2026-01-09T12:38:32.379+0000] {logging_mixin.py:188} INFO - [2026-01-09T12:38:32.378+0000] {dagbag.py:538} INFO - Filling up the DagBag from /home/airflow/.local/lib/python3.8/site-packages/airflow/example_dags/example_params_ui_tutorial.py
[2026-01-09T12:38:32.396+0000] {processor.py:840} INFO - DAG(s) 'example_params_ui_tutorial' retrieved from /home/airflow/.local/lib/python3.8/site-packages/airflow/example_dags/example_params_ui_tutorial.py
[2026-01-09T12:38:32.485+0000] {logging_mixin.py:188} INFO - [2026-01-09T12:38:32.485+0000] {dag.py:3036} INFO - Sync 1 DAGs
[2026-01-09T12:38:32.503+0000] {logging_mixin.py:188} INFO - [2026-01-09T12:38:32.503+0000] {dag.py:3823} INFO - Setting next_dagrun for example_params_ui_tutorial to None, run_after=None
[2026-01-09T12:38:32.542+0000] {processor.py:183} INFO - Processing /home/airflow/.local/lib/python3.8/site-packages/airflow/example_dags/example_params_ui_tutorial.py took 0.173 seconds
[2026-01-09T12:39:02.751+0000] {processor.py:161} INFO - Started process (PID=14840) to work on /home/airflow/.local/lib/python3.8/site-packages/airflow/example_dags/example_params_ui_tutorial.py
[2026-01-09T12:39:02.753+0000] {processor.py:830} INFO - Processing file /home/airflow/.local/lib/python3.8/site-packages/airflow/example_dags/example_params_ui_tutorial.py for tasks to queue
[2026-01-09T12:39:02.755+0000] {logging_mixin.py:188} INFO - [2026-01-09T12:39:02.754+0000] {dagbag.py:538} INFO - Filling up the DagBag from /home/airflow/.local/lib/python3.8/site-packages/airflow/example_dags/example_params_ui_tutorial.py
[2026-01-09T12:39:02.773+0000] {processor.py:840} INFO - DAG(s) 'example_params_ui_tutorial' retrieved from /home/airflow/.local/lib/python3.8/site-packages/airflow/example_dags/example_params_ui_tutorial.py
[2026-01-09T12:39:02.874+0000] {logging_mixin.py:188} INFO - [2026-01-09T12:39:02.874+0000] {dag.py:3036} INFO - Sync 1 DAGs
[2026-01-09T12:39:02.896+0000] {logging_mixin.py:188} INFO - [2026-01-09T12:39:02.895+0000] {dag.py:3823} INFO - Setting next_dagrun for example_params_ui_tutorial to None, run_after=None
[2026-01-09T12:39:02.936+0000] {processor.py:183} INFO - Processing /home/airflow/.local/lib/python3.8/site-packages/airflow/example_dags/example_params_ui_tutorial.py took 0.192 seconds
[2026-01-09T12:39:33.137+0000] {processor.py:161} INFO - Started process (PID=15087) to work on /home/airflow/.local/lib/python3.8/site-packages/airflow/example_dags/example_params_ui_tutorial.py
[2026-01-09T12:39:33.139+0000] {processor.py:830} INFO - Processing file /home/airflow/.local/lib/python3.8/site-packages/airflow/example_dags/example_params_ui_tutorial.py for tasks to queue
[2026-01-09T12:39:33.140+0000] {logging_mixin.py:188} INFO - [2026-01-09T12:39:33.140+0000] {dagbag.py:538} INFO - Filling up the DagBag from /home/airflow/.local/lib/python3.8/site-packages/airflow/example_dags/example_params_ui_tutorial.py
[2026-01-09T12:39:33.158+0000] {processor.py:840} INFO - DAG(s) 'example_params_ui_tutorial' retrieved from /home/airflow/.local/lib/python3.8/site-packages/airflow/example_dags/example_params_ui_tutorial.py
[2026-01-09T12:39:33.251+0000] {logging_mixin.py:188} INFO - [2026-01-09T12:39:33.251+0000] {dag.py:3036} INFO - Sync 1 DAGs
[2026-01-09T12:39:33.269+0000] {logging_mixin.py:188} INFO - [2026-01-09T12:39:33.269+0000] {dag.py:3823} INFO - Setting next_dagrun for example_params_ui_tutorial to None, run_after=None
[2026-01-09T12:39:33.310+0000] {processor.py:183} INFO - Processing /home/airflow/.local/lib/python3.8/site-packages/airflow/example_dags/example_params_ui_tutorial.py took 0.178 seconds
