[2026-01-09T12:08:50.716+0000] {processor.py:161} INFO - Started process (PID=187) to work on /home/airflow/.local/lib/python3.8/site-packages/airflow/example_dags/example_branch_labels.py
[2026-01-09T12:08:50.718+0000] {processor.py:830} INFO - Processing file /home/airflow/.local/lib/python3.8/site-packages/airflow/example_dags/example_branch_labels.py for tasks to queue
[2026-01-09T12:08:50.722+0000] {logging_mixin.py:188} INFO - [2026-01-09T12:08:50.721+0000] {dagbag.py:538} INFO - Filling up the DagBag from /home/airflow/.local/lib/python3.8/site-packages/airflow/example_dags/example_branch_labels.py
[2026-01-09T12:08:50.788+0000] {processor.py:840} INFO - DAG(s) 'example_branch_labels' retrieved from /home/airflow/.local/lib/python3.8/site-packages/airflow/example_dags/example_branch_labels.py
[2026-01-09T12:08:51.337+0000] {logging_mixin.py:188} INFO - [2026-01-09T12:08:51.336+0000] {dag.py:3036} INFO - Sync 1 DAGs
[2026-01-09T12:08:51.380+0000] {logging_mixin.py:188} INFO - [2026-01-09T12:08:51.380+0000] {dag.py:3823} INFO - Setting next_dagrun for example_branch_labels to 2026-01-08 00:00:00+00:00, run_after=2026-01-09 00:00:00+00:00
[2026-01-09T12:08:51.472+0000] {processor.py:183} INFO - Processing /home/airflow/.local/lib/python3.8/site-packages/airflow/example_dags/example_branch_labels.py took 0.768 seconds
[2026-01-09T12:09:21.809+0000] {processor.py:161} INFO - Started process (PID=435) to work on /home/airflow/.local/lib/python3.8/site-packages/airflow/example_dags/example_branch_labels.py
[2026-01-09T12:09:21.812+0000] {processor.py:830} INFO - Processing file /home/airflow/.local/lib/python3.8/site-packages/airflow/example_dags/example_branch_labels.py for tasks to queue
[2026-01-09T12:09:21.814+0000] {logging_mixin.py:188} INFO - [2026-01-09T12:09:21.813+0000] {dagbag.py:538} INFO - Filling up the DagBag from /home/airflow/.local/lib/python3.8/site-packages/airflow/example_dags/example_branch_labels.py
[2026-01-09T12:09:21.852+0000] {processor.py:840} INFO - DAG(s) 'example_branch_labels' retrieved from /home/airflow/.local/lib/python3.8/site-packages/airflow/example_dags/example_branch_labels.py
[2026-01-09T12:09:21.936+0000] {logging_mixin.py:188} INFO - [2026-01-09T12:09:21.936+0000] {dag.py:3036} INFO - Sync 1 DAGs
[2026-01-09T12:09:21.988+0000] {logging_mixin.py:188} INFO - [2026-01-09T12:09:21.988+0000] {dag.py:3823} INFO - Setting next_dagrun for example_branch_labels to 2026-01-08 00:00:00+00:00, run_after=2026-01-09 00:00:00+00:00
[2026-01-09T12:09:22.048+0000] {processor.py:183} INFO - Processing /home/airflow/.local/lib/python3.8/site-packages/airflow/example_dags/example_branch_labels.py took 0.248 seconds
[2026-01-09T12:09:52.271+0000] {processor.py:161} INFO - Started process (PID=682) to work on /home/airflow/.local/lib/python3.8/site-packages/airflow/example_dags/example_branch_labels.py
[2026-01-09T12:09:52.274+0000] {processor.py:830} INFO - Processing file /home/airflow/.local/lib/python3.8/site-packages/airflow/example_dags/example_branch_labels.py for tasks to queue
[2026-01-09T12:09:52.276+0000] {logging_mixin.py:188} INFO - [2026-01-09T12:09:52.275+0000] {dagbag.py:538} INFO - Filling up the DagBag from /home/airflow/.local/lib/python3.8/site-packages/airflow/example_dags/example_branch_labels.py
[2026-01-09T12:09:52.294+0000] {processor.py:840} INFO - DAG(s) 'example_branch_labels' retrieved from /home/airflow/.local/lib/python3.8/site-packages/airflow/example_dags/example_branch_labels.py
[2026-01-09T12:09:52.483+0000] {logging_mixin.py:188} INFO - [2026-01-09T12:09:52.483+0000] {dag.py:3036} INFO - Sync 1 DAGs
[2026-01-09T12:09:52.558+0000] {logging_mixin.py:188} INFO - [2026-01-09T12:09:52.557+0000] {dag.py:3823} INFO - Setting next_dagrun for example_branch_labels to 2026-01-08 00:00:00+00:00, run_after=2026-01-09 00:00:00+00:00
[2026-01-09T12:09:52.596+0000] {processor.py:183} INFO - Processing /home/airflow/.local/lib/python3.8/site-packages/airflow/example_dags/example_branch_labels.py took 0.334 seconds
[2026-01-09T12:10:23.152+0000] {processor.py:161} INFO - Started process (PID=929) to work on /home/airflow/.local/lib/python3.8/site-packages/airflow/example_dags/example_branch_labels.py
[2026-01-09T12:10:23.157+0000] {processor.py:830} INFO - Processing file /home/airflow/.local/lib/python3.8/site-packages/airflow/example_dags/example_branch_labels.py for tasks to queue
[2026-01-09T12:10:23.158+0000] {logging_mixin.py:188} INFO - [2026-01-09T12:10:23.158+0000] {dagbag.py:538} INFO - Filling up the DagBag from /home/airflow/.local/lib/python3.8/site-packages/airflow/example_dags/example_branch_labels.py
[2026-01-09T12:10:23.173+0000] {processor.py:840} INFO - DAG(s) 'example_branch_labels' retrieved from /home/airflow/.local/lib/python3.8/site-packages/airflow/example_dags/example_branch_labels.py
[2026-01-09T12:10:23.217+0000] {logging_mixin.py:188} INFO - [2026-01-09T12:10:23.216+0000] {dag.py:3036} INFO - Sync 1 DAGs
[2026-01-09T12:10:23.257+0000] {logging_mixin.py:188} INFO - [2026-01-09T12:10:23.257+0000] {dag.py:3823} INFO - Setting next_dagrun for example_branch_labels to 2026-01-08 00:00:00+00:00, run_after=2026-01-09 00:00:00+00:00
[2026-01-09T12:10:23.298+0000] {processor.py:183} INFO - Processing /home/airflow/.local/lib/python3.8/site-packages/airflow/example_dags/example_branch_labels.py took 0.152 seconds
[2026-01-09T12:10:53.582+0000] {processor.py:161} INFO - Started process (PID=1176) to work on /home/airflow/.local/lib/python3.8/site-packages/airflow/example_dags/example_branch_labels.py
[2026-01-09T12:10:53.591+0000] {processor.py:830} INFO - Processing file /home/airflow/.local/lib/python3.8/site-packages/airflow/example_dags/example_branch_labels.py for tasks to queue
[2026-01-09T12:10:53.593+0000] {logging_mixin.py:188} INFO - [2026-01-09T12:10:53.593+0000] {dagbag.py:538} INFO - Filling up the DagBag from /home/airflow/.local/lib/python3.8/site-packages/airflow/example_dags/example_branch_labels.py
[2026-01-09T12:10:53.617+0000] {processor.py:840} INFO - DAG(s) 'example_branch_labels' retrieved from /home/airflow/.local/lib/python3.8/site-packages/airflow/example_dags/example_branch_labels.py
[2026-01-09T12:10:53.673+0000] {logging_mixin.py:188} INFO - [2026-01-09T12:10:53.673+0000] {dag.py:3036} INFO - Sync 1 DAGs
[2026-01-09T12:10:53.723+0000] {logging_mixin.py:188} INFO - [2026-01-09T12:10:53.723+0000] {dag.py:3823} INFO - Setting next_dagrun for example_branch_labels to 2026-01-08 00:00:00+00:00, run_after=2026-01-09 00:00:00+00:00
[2026-01-09T12:10:53.776+0000] {processor.py:183} INFO - Processing /home/airflow/.local/lib/python3.8/site-packages/airflow/example_dags/example_branch_labels.py took 0.200 seconds
[2026-01-09T12:11:24.112+0000] {processor.py:161} INFO - Started process (PID=1429) to work on /home/airflow/.local/lib/python3.8/site-packages/airflow/example_dags/example_branch_labels.py
[2026-01-09T12:11:24.118+0000] {processor.py:830} INFO - Processing file /home/airflow/.local/lib/python3.8/site-packages/airflow/example_dags/example_branch_labels.py for tasks to queue
[2026-01-09T12:11:24.119+0000] {logging_mixin.py:188} INFO - [2026-01-09T12:11:24.119+0000] {dagbag.py:538} INFO - Filling up the DagBag from /home/airflow/.local/lib/python3.8/site-packages/airflow/example_dags/example_branch_labels.py
[2026-01-09T12:11:24.133+0000] {processor.py:840} INFO - DAG(s) 'example_branch_labels' retrieved from /home/airflow/.local/lib/python3.8/site-packages/airflow/example_dags/example_branch_labels.py
[2026-01-09T12:11:24.186+0000] {logging_mixin.py:188} INFO - [2026-01-09T12:11:24.185+0000] {dag.py:3036} INFO - Sync 1 DAGs
[2026-01-09T12:11:24.242+0000] {logging_mixin.py:188} INFO - [2026-01-09T12:11:24.241+0000] {dag.py:3823} INFO - Setting next_dagrun for example_branch_labels to 2026-01-08 00:00:00+00:00, run_after=2026-01-09 00:00:00+00:00
[2026-01-09T12:11:24.289+0000] {processor.py:183} INFO - Processing /home/airflow/.local/lib/python3.8/site-packages/airflow/example_dags/example_branch_labels.py took 0.185 seconds
[2026-01-09T12:11:54.522+0000] {processor.py:161} INFO - Started process (PID=1677) to work on /home/airflow/.local/lib/python3.8/site-packages/airflow/example_dags/example_branch_labels.py
[2026-01-09T12:11:54.534+0000] {processor.py:830} INFO - Processing file /home/airflow/.local/lib/python3.8/site-packages/airflow/example_dags/example_branch_labels.py for tasks to queue
[2026-01-09T12:11:54.536+0000] {logging_mixin.py:188} INFO - [2026-01-09T12:11:54.535+0000] {dagbag.py:538} INFO - Filling up the DagBag from /home/airflow/.local/lib/python3.8/site-packages/airflow/example_dags/example_branch_labels.py
[2026-01-09T12:11:54.552+0000] {processor.py:840} INFO - DAG(s) 'example_branch_labels' retrieved from /home/airflow/.local/lib/python3.8/site-packages/airflow/example_dags/example_branch_labels.py
[2026-01-09T12:11:54.604+0000] {logging_mixin.py:188} INFO - [2026-01-09T12:11:54.603+0000] {dag.py:3036} INFO - Sync 1 DAGs
[2026-01-09T12:11:54.641+0000] {logging_mixin.py:188} INFO - [2026-01-09T12:11:54.640+0000] {dag.py:3823} INFO - Setting next_dagrun for example_branch_labels to 2026-01-08 00:00:00+00:00, run_after=2026-01-09 00:00:00+00:00
[2026-01-09T12:11:54.680+0000] {processor.py:183} INFO - Processing /home/airflow/.local/lib/python3.8/site-packages/airflow/example_dags/example_branch_labels.py took 0.166 seconds
[2026-01-09T12:12:24.916+0000] {processor.py:161} INFO - Started process (PID=1924) to work on /home/airflow/.local/lib/python3.8/site-packages/airflow/example_dags/example_branch_labels.py
[2026-01-09T12:12:24.923+0000] {processor.py:830} INFO - Processing file /home/airflow/.local/lib/python3.8/site-packages/airflow/example_dags/example_branch_labels.py for tasks to queue
[2026-01-09T12:12:24.928+0000] {logging_mixin.py:188} INFO - [2026-01-09T12:12:24.926+0000] {dagbag.py:538} INFO - Filling up the DagBag from /home/airflow/.local/lib/python3.8/site-packages/airflow/example_dags/example_branch_labels.py
[2026-01-09T12:12:24.959+0000] {processor.py:840} INFO - DAG(s) 'example_branch_labels' retrieved from /home/airflow/.local/lib/python3.8/site-packages/airflow/example_dags/example_branch_labels.py
[2026-01-09T12:12:25.021+0000] {logging_mixin.py:188} INFO - [2026-01-09T12:12:25.021+0000] {dag.py:3036} INFO - Sync 1 DAGs
[2026-01-09T12:12:25.067+0000] {logging_mixin.py:188} INFO - [2026-01-09T12:12:25.067+0000] {dag.py:3823} INFO - Setting next_dagrun for example_branch_labels to 2026-01-08 00:00:00+00:00, run_after=2026-01-09 00:00:00+00:00
[2026-01-09T12:12:25.114+0000] {processor.py:183} INFO - Processing /home/airflow/.local/lib/python3.8/site-packages/airflow/example_dags/example_branch_labels.py took 0.220 seconds
[2026-01-09T12:12:55.192+0000] {processor.py:161} INFO - Started process (PID=2171) to work on /home/airflow/.local/lib/python3.8/site-packages/airflow/example_dags/example_branch_labels.py
[2026-01-09T12:12:55.194+0000] {processor.py:830} INFO - Processing file /home/airflow/.local/lib/python3.8/site-packages/airflow/example_dags/example_branch_labels.py for tasks to queue
[2026-01-09T12:12:55.195+0000] {logging_mixin.py:188} INFO - [2026-01-09T12:12:55.195+0000] {dagbag.py:538} INFO - Filling up the DagBag from /home/airflow/.local/lib/python3.8/site-packages/airflow/example_dags/example_branch_labels.py
[2026-01-09T12:12:55.210+0000] {processor.py:840} INFO - DAG(s) 'example_branch_labels' retrieved from /home/airflow/.local/lib/python3.8/site-packages/airflow/example_dags/example_branch_labels.py
[2026-01-09T12:12:55.254+0000] {logging_mixin.py:188} INFO - [2026-01-09T12:12:55.253+0000] {dag.py:3036} INFO - Sync 1 DAGs
[2026-01-09T12:12:55.296+0000] {logging_mixin.py:188} INFO - [2026-01-09T12:12:55.296+0000] {dag.py:3823} INFO - Setting next_dagrun for example_branch_labels to 2026-01-08 00:00:00+00:00, run_after=2026-01-09 00:00:00+00:00
[2026-01-09T12:12:55.340+0000] {processor.py:183} INFO - Processing /home/airflow/.local/lib/python3.8/site-packages/airflow/example_dags/example_branch_labels.py took 0.155 seconds
[2026-01-09T12:13:25.469+0000] {processor.py:161} INFO - Started process (PID=2418) to work on /home/airflow/.local/lib/python3.8/site-packages/airflow/example_dags/example_branch_labels.py
[2026-01-09T12:13:25.471+0000] {processor.py:830} INFO - Processing file /home/airflow/.local/lib/python3.8/site-packages/airflow/example_dags/example_branch_labels.py for tasks to queue
[2026-01-09T12:13:25.472+0000] {logging_mixin.py:188} INFO - [2026-01-09T12:13:25.472+0000] {dagbag.py:538} INFO - Filling up the DagBag from /home/airflow/.local/lib/python3.8/site-packages/airflow/example_dags/example_branch_labels.py
[2026-01-09T12:13:25.487+0000] {processor.py:840} INFO - DAG(s) 'example_branch_labels' retrieved from /home/airflow/.local/lib/python3.8/site-packages/airflow/example_dags/example_branch_labels.py
[2026-01-09T12:13:25.528+0000] {logging_mixin.py:188} INFO - [2026-01-09T12:13:25.528+0000] {dag.py:3036} INFO - Sync 1 DAGs
[2026-01-09T12:13:25.566+0000] {logging_mixin.py:188} INFO - [2026-01-09T12:13:25.566+0000] {dag.py:3823} INFO - Setting next_dagrun for example_branch_labels to 2026-01-08 00:00:00+00:00, run_after=2026-01-09 00:00:00+00:00
[2026-01-09T12:13:25.604+0000] {processor.py:183} INFO - Processing /home/airflow/.local/lib/python3.8/site-packages/airflow/example_dags/example_branch_labels.py took 0.142 seconds
[2026-01-09T12:13:55.870+0000] {processor.py:161} INFO - Started process (PID=2665) to work on /home/airflow/.local/lib/python3.8/site-packages/airflow/example_dags/example_branch_labels.py
[2026-01-09T12:13:55.873+0000] {processor.py:830} INFO - Processing file /home/airflow/.local/lib/python3.8/site-packages/airflow/example_dags/example_branch_labels.py for tasks to queue
[2026-01-09T12:13:55.876+0000] {logging_mixin.py:188} INFO - [2026-01-09T12:13:55.875+0000] {dagbag.py:538} INFO - Filling up the DagBag from /home/airflow/.local/lib/python3.8/site-packages/airflow/example_dags/example_branch_labels.py
[2026-01-09T12:13:55.892+0000] {processor.py:840} INFO - DAG(s) 'example_branch_labels' retrieved from /home/airflow/.local/lib/python3.8/site-packages/airflow/example_dags/example_branch_labels.py
[2026-01-09T12:13:55.941+0000] {logging_mixin.py:188} INFO - [2026-01-09T12:13:55.940+0000] {dag.py:3036} INFO - Sync 1 DAGs
[2026-01-09T12:13:55.987+0000] {logging_mixin.py:188} INFO - [2026-01-09T12:13:55.987+0000] {dag.py:3823} INFO - Setting next_dagrun for example_branch_labels to 2026-01-08 00:00:00+00:00, run_after=2026-01-09 00:00:00+00:00
[2026-01-09T12:13:56.033+0000] {processor.py:183} INFO - Processing /home/airflow/.local/lib/python3.8/site-packages/airflow/example_dags/example_branch_labels.py took 0.172 seconds
[2026-01-09T12:14:26.167+0000] {processor.py:161} INFO - Started process (PID=2912) to work on /home/airflow/.local/lib/python3.8/site-packages/airflow/example_dags/example_branch_labels.py
[2026-01-09T12:14:26.172+0000] {processor.py:830} INFO - Processing file /home/airflow/.local/lib/python3.8/site-packages/airflow/example_dags/example_branch_labels.py for tasks to queue
[2026-01-09T12:14:26.174+0000] {logging_mixin.py:188} INFO - [2026-01-09T12:14:26.174+0000] {dagbag.py:538} INFO - Filling up the DagBag from /home/airflow/.local/lib/python3.8/site-packages/airflow/example_dags/example_branch_labels.py
[2026-01-09T12:14:26.189+0000] {processor.py:840} INFO - DAG(s) 'example_branch_labels' retrieved from /home/airflow/.local/lib/python3.8/site-packages/airflow/example_dags/example_branch_labels.py
[2026-01-09T12:14:26.232+0000] {logging_mixin.py:188} INFO - [2026-01-09T12:14:26.232+0000] {dag.py:3036} INFO - Sync 1 DAGs
[2026-01-09T12:14:26.269+0000] {logging_mixin.py:188} INFO - [2026-01-09T12:14:26.268+0000] {dag.py:3823} INFO - Setting next_dagrun for example_branch_labels to 2026-01-08 00:00:00+00:00, run_after=2026-01-09 00:00:00+00:00
[2026-01-09T12:14:26.310+0000] {processor.py:183} INFO - Processing /home/airflow/.local/lib/python3.8/site-packages/airflow/example_dags/example_branch_labels.py took 0.150 seconds
[2026-01-09T12:14:56.478+0000] {processor.py:161} INFO - Started process (PID=3159) to work on /home/airflow/.local/lib/python3.8/site-packages/airflow/example_dags/example_branch_labels.py
[2026-01-09T12:14:56.483+0000] {processor.py:830} INFO - Processing file /home/airflow/.local/lib/python3.8/site-packages/airflow/example_dags/example_branch_labels.py for tasks to queue
[2026-01-09T12:14:56.489+0000] {logging_mixin.py:188} INFO - [2026-01-09T12:14:56.488+0000] {dagbag.py:538} INFO - Filling up the DagBag from /home/airflow/.local/lib/python3.8/site-packages/airflow/example_dags/example_branch_labels.py
[2026-01-09T12:14:56.525+0000] {processor.py:840} INFO - DAG(s) 'example_branch_labels' retrieved from /home/airflow/.local/lib/python3.8/site-packages/airflow/example_dags/example_branch_labels.py
[2026-01-09T12:14:56.578+0000] {logging_mixin.py:188} INFO - [2026-01-09T12:14:56.578+0000] {dag.py:3036} INFO - Sync 1 DAGs
[2026-01-09T12:14:56.628+0000] {logging_mixin.py:188} INFO - [2026-01-09T12:14:56.627+0000] {dag.py:3823} INFO - Setting next_dagrun for example_branch_labels to 2026-01-08 00:00:00+00:00, run_after=2026-01-09 00:00:00+00:00
[2026-01-09T12:14:56.676+0000] {processor.py:183} INFO - Processing /home/airflow/.local/lib/python3.8/site-packages/airflow/example_dags/example_branch_labels.py took 0.211 seconds
[2026-01-09T12:15:26.747+0000] {processor.py:161} INFO - Started process (PID=3406) to work on /home/airflow/.local/lib/python3.8/site-packages/airflow/example_dags/example_branch_labels.py
[2026-01-09T12:15:26.749+0000] {processor.py:830} INFO - Processing file /home/airflow/.local/lib/python3.8/site-packages/airflow/example_dags/example_branch_labels.py for tasks to queue
[2026-01-09T12:15:26.751+0000] {logging_mixin.py:188} INFO - [2026-01-09T12:15:26.750+0000] {dagbag.py:538} INFO - Filling up the DagBag from /home/airflow/.local/lib/python3.8/site-packages/airflow/example_dags/example_branch_labels.py
[2026-01-09T12:15:26.766+0000] {processor.py:840} INFO - DAG(s) 'example_branch_labels' retrieved from /home/airflow/.local/lib/python3.8/site-packages/airflow/example_dags/example_branch_labels.py
[2026-01-09T12:15:26.811+0000] {logging_mixin.py:188} INFO - [2026-01-09T12:15:26.811+0000] {dag.py:3036} INFO - Sync 1 DAGs
[2026-01-09T12:15:26.854+0000] {logging_mixin.py:188} INFO - [2026-01-09T12:15:26.854+0000] {dag.py:3823} INFO - Setting next_dagrun for example_branch_labels to 2026-01-08 00:00:00+00:00, run_after=2026-01-09 00:00:00+00:00
[2026-01-09T12:15:26.894+0000] {processor.py:183} INFO - Processing /home/airflow/.local/lib/python3.8/site-packages/airflow/example_dags/example_branch_labels.py took 0.154 seconds
[2026-01-09T12:15:57.554+0000] {processor.py:161} INFO - Started process (PID=3652) to work on /home/airflow/.local/lib/python3.8/site-packages/airflow/example_dags/example_branch_labels.py
[2026-01-09T12:15:57.556+0000] {processor.py:830} INFO - Processing file /home/airflow/.local/lib/python3.8/site-packages/airflow/example_dags/example_branch_labels.py for tasks to queue
[2026-01-09T12:15:57.558+0000] {logging_mixin.py:188} INFO - [2026-01-09T12:15:57.557+0000] {dagbag.py:538} INFO - Filling up the DagBag from /home/airflow/.local/lib/python3.8/site-packages/airflow/example_dags/example_branch_labels.py
[2026-01-09T12:15:57.573+0000] {processor.py:840} INFO - DAG(s) 'example_branch_labels' retrieved from /home/airflow/.local/lib/python3.8/site-packages/airflow/example_dags/example_branch_labels.py
[2026-01-09T12:15:57.617+0000] {logging_mixin.py:188} INFO - [2026-01-09T12:15:57.617+0000] {dag.py:3036} INFO - Sync 1 DAGs
[2026-01-09T12:15:57.655+0000] {logging_mixin.py:188} INFO - [2026-01-09T12:15:57.655+0000] {dag.py:3823} INFO - Setting next_dagrun for example_branch_labels to 2026-01-08 00:00:00+00:00, run_after=2026-01-09 00:00:00+00:00
[2026-01-09T12:15:57.701+0000] {processor.py:183} INFO - Processing /home/airflow/.local/lib/python3.8/site-packages/airflow/example_dags/example_branch_labels.py took 0.154 seconds
[2026-01-09T12:16:27.883+0000] {processor.py:161} INFO - Started process (PID=3899) to work on /home/airflow/.local/lib/python3.8/site-packages/airflow/example_dags/example_branch_labels.py
[2026-01-09T12:16:27.889+0000] {processor.py:830} INFO - Processing file /home/airflow/.local/lib/python3.8/site-packages/airflow/example_dags/example_branch_labels.py for tasks to queue
[2026-01-09T12:16:27.890+0000] {logging_mixin.py:188} INFO - [2026-01-09T12:16:27.890+0000] {dagbag.py:538} INFO - Filling up the DagBag from /home/airflow/.local/lib/python3.8/site-packages/airflow/example_dags/example_branch_labels.py
[2026-01-09T12:16:27.906+0000] {processor.py:840} INFO - DAG(s) 'example_branch_labels' retrieved from /home/airflow/.local/lib/python3.8/site-packages/airflow/example_dags/example_branch_labels.py
[2026-01-09T12:16:27.950+0000] {logging_mixin.py:188} INFO - [2026-01-09T12:16:27.950+0000] {dag.py:3036} INFO - Sync 1 DAGs
[2026-01-09T12:16:27.992+0000] {logging_mixin.py:188} INFO - [2026-01-09T12:16:27.992+0000] {dag.py:3823} INFO - Setting next_dagrun for example_branch_labels to 2026-01-08 00:00:00+00:00, run_after=2026-01-09 00:00:00+00:00
[2026-01-09T12:16:28.031+0000] {processor.py:183} INFO - Processing /home/airflow/.local/lib/python3.8/site-packages/airflow/example_dags/example_branch_labels.py took 0.154 seconds
[2026-01-09T12:16:58.739+0000] {processor.py:161} INFO - Started process (PID=4146) to work on /home/airflow/.local/lib/python3.8/site-packages/airflow/example_dags/example_branch_labels.py
[2026-01-09T12:16:58.741+0000] {processor.py:830} INFO - Processing file /home/airflow/.local/lib/python3.8/site-packages/airflow/example_dags/example_branch_labels.py for tasks to queue
[2026-01-09T12:16:58.743+0000] {logging_mixin.py:188} INFO - [2026-01-09T12:16:58.742+0000] {dagbag.py:538} INFO - Filling up the DagBag from /home/airflow/.local/lib/python3.8/site-packages/airflow/example_dags/example_branch_labels.py
[2026-01-09T12:16:58.758+0000] {processor.py:840} INFO - DAG(s) 'example_branch_labels' retrieved from /home/airflow/.local/lib/python3.8/site-packages/airflow/example_dags/example_branch_labels.py
[2026-01-09T12:16:58.811+0000] {logging_mixin.py:188} INFO - [2026-01-09T12:16:58.811+0000] {dag.py:3036} INFO - Sync 1 DAGs
[2026-01-09T12:16:58.858+0000] {logging_mixin.py:188} INFO - [2026-01-09T12:16:58.857+0000] {dag.py:3823} INFO - Setting next_dagrun for example_branch_labels to 2026-01-08 00:00:00+00:00, run_after=2026-01-09 00:00:00+00:00
[2026-01-09T12:16:58.917+0000] {processor.py:183} INFO - Processing /home/airflow/.local/lib/python3.8/site-packages/airflow/example_dags/example_branch_labels.py took 0.186 seconds
[2026-01-09T12:17:29.225+0000] {processor.py:161} INFO - Started process (PID=4393) to work on /home/airflow/.local/lib/python3.8/site-packages/airflow/example_dags/example_branch_labels.py
[2026-01-09T12:17:29.230+0000] {processor.py:830} INFO - Processing file /home/airflow/.local/lib/python3.8/site-packages/airflow/example_dags/example_branch_labels.py for tasks to queue
[2026-01-09T12:17:29.232+0000] {logging_mixin.py:188} INFO - [2026-01-09T12:17:29.231+0000] {dagbag.py:538} INFO - Filling up the DagBag from /home/airflow/.local/lib/python3.8/site-packages/airflow/example_dags/example_branch_labels.py
[2026-01-09T12:17:29.248+0000] {processor.py:840} INFO - DAG(s) 'example_branch_labels' retrieved from /home/airflow/.local/lib/python3.8/site-packages/airflow/example_dags/example_branch_labels.py
[2026-01-09T12:17:29.292+0000] {logging_mixin.py:188} INFO - [2026-01-09T12:17:29.292+0000] {dag.py:3036} INFO - Sync 1 DAGs
[2026-01-09T12:17:29.330+0000] {logging_mixin.py:188} INFO - [2026-01-09T12:17:29.329+0000] {dag.py:3823} INFO - Setting next_dagrun for example_branch_labels to 2026-01-08 00:00:00+00:00, run_after=2026-01-09 00:00:00+00:00
[2026-01-09T12:17:29.368+0000] {processor.py:183} INFO - Processing /home/airflow/.local/lib/python3.8/site-packages/airflow/example_dags/example_branch_labels.py took 0.151 seconds
[2026-01-09T12:17:59.809+0000] {processor.py:161} INFO - Started process (PID=4640) to work on /home/airflow/.local/lib/python3.8/site-packages/airflow/example_dags/example_branch_labels.py
[2026-01-09T12:17:59.814+0000] {processor.py:830} INFO - Processing file /home/airflow/.local/lib/python3.8/site-packages/airflow/example_dags/example_branch_labels.py for tasks to queue
[2026-01-09T12:17:59.815+0000] {logging_mixin.py:188} INFO - [2026-01-09T12:17:59.815+0000] {dagbag.py:538} INFO - Filling up the DagBag from /home/airflow/.local/lib/python3.8/site-packages/airflow/example_dags/example_branch_labels.py
[2026-01-09T12:17:59.830+0000] {processor.py:840} INFO - DAG(s) 'example_branch_labels' retrieved from /home/airflow/.local/lib/python3.8/site-packages/airflow/example_dags/example_branch_labels.py
[2026-01-09T12:17:59.873+0000] {logging_mixin.py:188} INFO - [2026-01-09T12:17:59.873+0000] {dag.py:3036} INFO - Sync 1 DAGs
[2026-01-09T12:17:59.913+0000] {logging_mixin.py:188} INFO - [2026-01-09T12:17:59.913+0000] {dag.py:3823} INFO - Setting next_dagrun for example_branch_labels to 2026-01-08 00:00:00+00:00, run_after=2026-01-09 00:00:00+00:00
[2026-01-09T12:17:59.952+0000] {processor.py:183} INFO - Processing /home/airflow/.local/lib/python3.8/site-packages/airflow/example_dags/example_branch_labels.py took 0.151 seconds
[2026-01-09T12:18:30.578+0000] {processor.py:161} INFO - Started process (PID=4887) to work on /home/airflow/.local/lib/python3.8/site-packages/airflow/example_dags/example_branch_labels.py
[2026-01-09T12:18:30.583+0000] {processor.py:830} INFO - Processing file /home/airflow/.local/lib/python3.8/site-packages/airflow/example_dags/example_branch_labels.py for tasks to queue
[2026-01-09T12:18:30.585+0000] {logging_mixin.py:188} INFO - [2026-01-09T12:18:30.585+0000] {dagbag.py:538} INFO - Filling up the DagBag from /home/airflow/.local/lib/python3.8/site-packages/airflow/example_dags/example_branch_labels.py
[2026-01-09T12:18:30.603+0000] {processor.py:840} INFO - DAG(s) 'example_branch_labels' retrieved from /home/airflow/.local/lib/python3.8/site-packages/airflow/example_dags/example_branch_labels.py
[2026-01-09T12:18:30.672+0000] {logging_mixin.py:188} INFO - [2026-01-09T12:18:30.671+0000] {dag.py:3036} INFO - Sync 1 DAGs
[2026-01-09T12:18:30.712+0000] {logging_mixin.py:188} INFO - [2026-01-09T12:18:30.711+0000] {dag.py:3823} INFO - Setting next_dagrun for example_branch_labels to 2026-01-08 00:00:00+00:00, run_after=2026-01-09 00:00:00+00:00
[2026-01-09T12:18:30.759+0000] {processor.py:183} INFO - Processing /home/airflow/.local/lib/python3.8/site-packages/airflow/example_dags/example_branch_labels.py took 0.204 seconds
[2026-01-09T12:19:01.313+0000] {processor.py:161} INFO - Started process (PID=5134) to work on /home/airflow/.local/lib/python3.8/site-packages/airflow/example_dags/example_branch_labels.py
[2026-01-09T12:19:01.315+0000] {processor.py:830} INFO - Processing file /home/airflow/.local/lib/python3.8/site-packages/airflow/example_dags/example_branch_labels.py for tasks to queue
[2026-01-09T12:19:01.317+0000] {logging_mixin.py:188} INFO - [2026-01-09T12:19:01.316+0000] {dagbag.py:538} INFO - Filling up the DagBag from /home/airflow/.local/lib/python3.8/site-packages/airflow/example_dags/example_branch_labels.py
[2026-01-09T12:19:01.340+0000] {processor.py:840} INFO - DAG(s) 'example_branch_labels' retrieved from /home/airflow/.local/lib/python3.8/site-packages/airflow/example_dags/example_branch_labels.py
[2026-01-09T12:19:01.391+0000] {logging_mixin.py:188} INFO - [2026-01-09T12:19:01.391+0000] {dag.py:3036} INFO - Sync 1 DAGs
[2026-01-09T12:19:01.431+0000] {logging_mixin.py:188} INFO - [2026-01-09T12:19:01.430+0000] {dag.py:3823} INFO - Setting next_dagrun for example_branch_labels to 2026-01-08 00:00:00+00:00, run_after=2026-01-09 00:00:00+00:00
[2026-01-09T12:19:01.473+0000] {processor.py:183} INFO - Processing /home/airflow/.local/lib/python3.8/site-packages/airflow/example_dags/example_branch_labels.py took 0.168 seconds
[2026-01-09T12:19:31.545+0000] {processor.py:161} INFO - Started process (PID=5381) to work on /home/airflow/.local/lib/python3.8/site-packages/airflow/example_dags/example_branch_labels.py
[2026-01-09T12:19:31.547+0000] {processor.py:830} INFO - Processing file /home/airflow/.local/lib/python3.8/site-packages/airflow/example_dags/example_branch_labels.py for tasks to queue
[2026-01-09T12:19:31.549+0000] {logging_mixin.py:188} INFO - [2026-01-09T12:19:31.548+0000] {dagbag.py:538} INFO - Filling up the DagBag from /home/airflow/.local/lib/python3.8/site-packages/airflow/example_dags/example_branch_labels.py
[2026-01-09T12:19:31.562+0000] {processor.py:840} INFO - DAG(s) 'example_branch_labels' retrieved from /home/airflow/.local/lib/python3.8/site-packages/airflow/example_dags/example_branch_labels.py
[2026-01-09T12:19:31.614+0000] {logging_mixin.py:188} INFO - [2026-01-09T12:19:31.613+0000] {dag.py:3036} INFO - Sync 1 DAGs
[2026-01-09T12:19:31.661+0000] {logging_mixin.py:188} INFO - [2026-01-09T12:19:31.661+0000] {dag.py:3823} INFO - Setting next_dagrun for example_branch_labels to 2026-01-08 00:00:00+00:00, run_after=2026-01-09 00:00:00+00:00
[2026-01-09T12:19:31.720+0000] {processor.py:183} INFO - Processing /home/airflow/.local/lib/python3.8/site-packages/airflow/example_dags/example_branch_labels.py took 0.185 seconds
[2026-01-09T12:20:01.828+0000] {processor.py:161} INFO - Started process (PID=5628) to work on /home/airflow/.local/lib/python3.8/site-packages/airflow/example_dags/example_branch_labels.py
[2026-01-09T12:20:01.833+0000] {processor.py:830} INFO - Processing file /home/airflow/.local/lib/python3.8/site-packages/airflow/example_dags/example_branch_labels.py for tasks to queue
[2026-01-09T12:20:01.836+0000] {logging_mixin.py:188} INFO - [2026-01-09T12:20:01.835+0000] {dagbag.py:538} INFO - Filling up the DagBag from /home/airflow/.local/lib/python3.8/site-packages/airflow/example_dags/example_branch_labels.py
[2026-01-09T12:20:01.858+0000] {processor.py:840} INFO - DAG(s) 'example_branch_labels' retrieved from /home/airflow/.local/lib/python3.8/site-packages/airflow/example_dags/example_branch_labels.py
[2026-01-09T12:20:01.909+0000] {logging_mixin.py:188} INFO - [2026-01-09T12:20:01.909+0000] {dag.py:3036} INFO - Sync 1 DAGs
[2026-01-09T12:20:01.953+0000] {logging_mixin.py:188} INFO - [2026-01-09T12:20:01.952+0000] {dag.py:3823} INFO - Setting next_dagrun for example_branch_labels to 2026-01-08 00:00:00+00:00, run_after=2026-01-09 00:00:00+00:00
[2026-01-09T12:20:02.005+0000] {processor.py:183} INFO - Processing /home/airflow/.local/lib/python3.8/site-packages/airflow/example_dags/example_branch_labels.py took 0.186 seconds
[2026-01-09T12:20:32.087+0000] {processor.py:161} INFO - Started process (PID=5875) to work on /home/airflow/.local/lib/python3.8/site-packages/airflow/example_dags/example_branch_labels.py
[2026-01-09T12:20:32.089+0000] {processor.py:830} INFO - Processing file /home/airflow/.local/lib/python3.8/site-packages/airflow/example_dags/example_branch_labels.py for tasks to queue
[2026-01-09T12:20:32.091+0000] {logging_mixin.py:188} INFO - [2026-01-09T12:20:32.091+0000] {dagbag.py:538} INFO - Filling up the DagBag from /home/airflow/.local/lib/python3.8/site-packages/airflow/example_dags/example_branch_labels.py
[2026-01-09T12:20:32.107+0000] {processor.py:840} INFO - DAG(s) 'example_branch_labels' retrieved from /home/airflow/.local/lib/python3.8/site-packages/airflow/example_dags/example_branch_labels.py
[2026-01-09T12:20:32.158+0000] {logging_mixin.py:188} INFO - [2026-01-09T12:20:32.157+0000] {dag.py:3036} INFO - Sync 1 DAGs
[2026-01-09T12:20:32.204+0000] {logging_mixin.py:188} INFO - [2026-01-09T12:20:32.204+0000] {dag.py:3823} INFO - Setting next_dagrun for example_branch_labels to 2026-01-08 00:00:00+00:00, run_after=2026-01-09 00:00:00+00:00
[2026-01-09T12:20:32.262+0000] {processor.py:183} INFO - Processing /home/airflow/.local/lib/python3.8/site-packages/airflow/example_dags/example_branch_labels.py took 0.184 seconds
[2026-01-09T12:21:02.542+0000] {processor.py:161} INFO - Started process (PID=6116) to work on /home/airflow/.local/lib/python3.8/site-packages/airflow/example_dags/example_branch_labels.py
[2026-01-09T12:21:02.548+0000] {processor.py:830} INFO - Processing file /home/airflow/.local/lib/python3.8/site-packages/airflow/example_dags/example_branch_labels.py for tasks to queue
[2026-01-09T12:21:02.550+0000] {logging_mixin.py:188} INFO - [2026-01-09T12:21:02.549+0000] {dagbag.py:538} INFO - Filling up the DagBag from /home/airflow/.local/lib/python3.8/site-packages/airflow/example_dags/example_branch_labels.py
[2026-01-09T12:21:02.570+0000] {processor.py:840} INFO - DAG(s) 'example_branch_labels' retrieved from /home/airflow/.local/lib/python3.8/site-packages/airflow/example_dags/example_branch_labels.py
[2026-01-09T12:21:02.630+0000] {logging_mixin.py:188} INFO - [2026-01-09T12:21:02.630+0000] {dag.py:3036} INFO - Sync 1 DAGs
[2026-01-09T12:21:02.681+0000] {logging_mixin.py:188} INFO - [2026-01-09T12:21:02.681+0000] {dag.py:3823} INFO - Setting next_dagrun for example_branch_labels to 2026-01-08 00:00:00+00:00, run_after=2026-01-09 00:00:00+00:00
[2026-01-09T12:21:02.727+0000] {processor.py:183} INFO - Processing /home/airflow/.local/lib/python3.8/site-packages/airflow/example_dags/example_branch_labels.py took 0.195 seconds
[2026-01-09T12:21:33.027+0000] {processor.py:161} INFO - Started process (PID=6363) to work on /home/airflow/.local/lib/python3.8/site-packages/airflow/example_dags/example_branch_labels.py
[2026-01-09T12:21:33.030+0000] {processor.py:830} INFO - Processing file /home/airflow/.local/lib/python3.8/site-packages/airflow/example_dags/example_branch_labels.py for tasks to queue
[2026-01-09T12:21:33.033+0000] {logging_mixin.py:188} INFO - [2026-01-09T12:21:33.032+0000] {dagbag.py:538} INFO - Filling up the DagBag from /home/airflow/.local/lib/python3.8/site-packages/airflow/example_dags/example_branch_labels.py
[2026-01-09T12:21:33.061+0000] {processor.py:840} INFO - DAG(s) 'example_branch_labels' retrieved from /home/airflow/.local/lib/python3.8/site-packages/airflow/example_dags/example_branch_labels.py
[2026-01-09T12:21:33.113+0000] {logging_mixin.py:188} INFO - [2026-01-09T12:21:33.113+0000] {dag.py:3036} INFO - Sync 1 DAGs
[2026-01-09T12:21:33.162+0000] {logging_mixin.py:188} INFO - [2026-01-09T12:21:33.162+0000] {dag.py:3823} INFO - Setting next_dagrun for example_branch_labels to 2026-01-08 00:00:00+00:00, run_after=2026-01-09 00:00:00+00:00
[2026-01-09T12:21:33.204+0000] {processor.py:183} INFO - Processing /home/airflow/.local/lib/python3.8/site-packages/airflow/example_dags/example_branch_labels.py took 0.185 seconds
[2026-01-09T12:22:03.864+0000] {processor.py:161} INFO - Started process (PID=6611) to work on /home/airflow/.local/lib/python3.8/site-packages/airflow/example_dags/example_branch_labels.py
[2026-01-09T12:22:03.870+0000] {processor.py:830} INFO - Processing file /home/airflow/.local/lib/python3.8/site-packages/airflow/example_dags/example_branch_labels.py for tasks to queue
[2026-01-09T12:22:03.872+0000] {logging_mixin.py:188} INFO - [2026-01-09T12:22:03.871+0000] {dagbag.py:538} INFO - Filling up the DagBag from /home/airflow/.local/lib/python3.8/site-packages/airflow/example_dags/example_branch_labels.py
[2026-01-09T12:22:03.892+0000] {processor.py:840} INFO - DAG(s) 'example_branch_labels' retrieved from /home/airflow/.local/lib/python3.8/site-packages/airflow/example_dags/example_branch_labels.py
[2026-01-09T12:22:03.948+0000] {logging_mixin.py:188} INFO - [2026-01-09T12:22:03.947+0000] {dag.py:3036} INFO - Sync 1 DAGs
[2026-01-09T12:22:03.994+0000] {logging_mixin.py:188} INFO - [2026-01-09T12:22:03.994+0000] {dag.py:3823} INFO - Setting next_dagrun for example_branch_labels to 2026-01-08 00:00:00+00:00, run_after=2026-01-09 00:00:00+00:00
[2026-01-09T12:22:04.051+0000] {processor.py:183} INFO - Processing /home/airflow/.local/lib/python3.8/site-packages/airflow/example_dags/example_branch_labels.py took 0.192 seconds
[2026-01-09T12:22:34.924+0000] {processor.py:161} INFO - Started process (PID=6858) to work on /home/airflow/.local/lib/python3.8/site-packages/airflow/example_dags/example_branch_labels.py
[2026-01-09T12:22:34.930+0000] {processor.py:830} INFO - Processing file /home/airflow/.local/lib/python3.8/site-packages/airflow/example_dags/example_branch_labels.py for tasks to queue
[2026-01-09T12:22:34.932+0000] {logging_mixin.py:188} INFO - [2026-01-09T12:22:34.931+0000] {dagbag.py:538} INFO - Filling up the DagBag from /home/airflow/.local/lib/python3.8/site-packages/airflow/example_dags/example_branch_labels.py
[2026-01-09T12:22:34.956+0000] {processor.py:840} INFO - DAG(s) 'example_branch_labels' retrieved from /home/airflow/.local/lib/python3.8/site-packages/airflow/example_dags/example_branch_labels.py
[2026-01-09T12:22:35.009+0000] {logging_mixin.py:188} INFO - [2026-01-09T12:22:35.008+0000] {dag.py:3036} INFO - Sync 1 DAGs
[2026-01-09T12:22:35.055+0000] {logging_mixin.py:188} INFO - [2026-01-09T12:22:35.054+0000] {dag.py:3823} INFO - Setting next_dagrun for example_branch_labels to 2026-01-08 00:00:00+00:00, run_after=2026-01-09 00:00:00+00:00
[2026-01-09T12:22:35.112+0000] {processor.py:183} INFO - Processing /home/airflow/.local/lib/python3.8/site-packages/airflow/example_dags/example_branch_labels.py took 0.197 seconds
[2026-01-09T12:23:05.330+0000] {processor.py:161} INFO - Started process (PID=7105) to work on /home/airflow/.local/lib/python3.8/site-packages/airflow/example_dags/example_branch_labels.py
[2026-01-09T12:23:05.336+0000] {processor.py:830} INFO - Processing file /home/airflow/.local/lib/python3.8/site-packages/airflow/example_dags/example_branch_labels.py for tasks to queue
[2026-01-09T12:23:05.338+0000] {logging_mixin.py:188} INFO - [2026-01-09T12:23:05.337+0000] {dagbag.py:538} INFO - Filling up the DagBag from /home/airflow/.local/lib/python3.8/site-packages/airflow/example_dags/example_branch_labels.py
[2026-01-09T12:23:05.355+0000] {processor.py:840} INFO - DAG(s) 'example_branch_labels' retrieved from /home/airflow/.local/lib/python3.8/site-packages/airflow/example_dags/example_branch_labels.py
[2026-01-09T12:23:05.406+0000] {logging_mixin.py:188} INFO - [2026-01-09T12:23:05.405+0000] {dag.py:3036} INFO - Sync 1 DAGs
[2026-01-09T12:23:05.472+0000] {logging_mixin.py:188} INFO - [2026-01-09T12:23:05.470+0000] {dag.py:3823} INFO - Setting next_dagrun for example_branch_labels to 2026-01-08 00:00:00+00:00, run_after=2026-01-09 00:00:00+00:00
[2026-01-09T12:23:05.681+0000] {processor.py:183} INFO - Processing /home/airflow/.local/lib/python3.8/site-packages/airflow/example_dags/example_branch_labels.py took 0.357 seconds
[2026-01-09T12:23:36.687+0000] {processor.py:161} INFO - Started process (PID=7352) to work on /home/airflow/.local/lib/python3.8/site-packages/airflow/example_dags/example_branch_labels.py
[2026-01-09T12:23:36.697+0000] {processor.py:830} INFO - Processing file /home/airflow/.local/lib/python3.8/site-packages/airflow/example_dags/example_branch_labels.py for tasks to queue
[2026-01-09T12:23:36.699+0000] {logging_mixin.py:188} INFO - [2026-01-09T12:23:36.698+0000] {dagbag.py:538} INFO - Filling up the DagBag from /home/airflow/.local/lib/python3.8/site-packages/airflow/example_dags/example_branch_labels.py
[2026-01-09T12:23:36.718+0000] {processor.py:840} INFO - DAG(s) 'example_branch_labels' retrieved from /home/airflow/.local/lib/python3.8/site-packages/airflow/example_dags/example_branch_labels.py
[2026-01-09T12:23:36.762+0000] {logging_mixin.py:188} INFO - [2026-01-09T12:23:36.761+0000] {dag.py:3036} INFO - Sync 1 DAGs
[2026-01-09T12:23:36.813+0000] {logging_mixin.py:188} INFO - [2026-01-09T12:23:36.812+0000] {dag.py:3823} INFO - Setting next_dagrun for example_branch_labels to 2026-01-08 00:00:00+00:00, run_after=2026-01-09 00:00:00+00:00
[2026-01-09T12:23:36.875+0000] {processor.py:183} INFO - Processing /home/airflow/.local/lib/python3.8/site-packages/airflow/example_dags/example_branch_labels.py took 0.196 seconds
[2026-01-09T12:24:07.233+0000] {processor.py:161} INFO - Started process (PID=7600) to work on /home/airflow/.local/lib/python3.8/site-packages/airflow/example_dags/example_branch_labels.py
[2026-01-09T12:24:07.236+0000] {processor.py:830} INFO - Processing file /home/airflow/.local/lib/python3.8/site-packages/airflow/example_dags/example_branch_labels.py for tasks to queue
[2026-01-09T12:24:07.239+0000] {logging_mixin.py:188} INFO - [2026-01-09T12:24:07.238+0000] {dagbag.py:538} INFO - Filling up the DagBag from /home/airflow/.local/lib/python3.8/site-packages/airflow/example_dags/example_branch_labels.py
[2026-01-09T12:24:07.254+0000] {processor.py:840} INFO - DAG(s) 'example_branch_labels' retrieved from /home/airflow/.local/lib/python3.8/site-packages/airflow/example_dags/example_branch_labels.py
[2026-01-09T12:24:07.305+0000] {logging_mixin.py:188} INFO - [2026-01-09T12:24:07.305+0000] {dag.py:3036} INFO - Sync 1 DAGs
[2026-01-09T12:24:07.356+0000] {logging_mixin.py:188} INFO - [2026-01-09T12:24:07.355+0000] {dag.py:3823} INFO - Setting next_dagrun for example_branch_labels to 2026-01-08 00:00:00+00:00, run_after=2026-01-09 00:00:00+00:00
[2026-01-09T12:24:07.412+0000] {processor.py:183} INFO - Processing /home/airflow/.local/lib/python3.8/site-packages/airflow/example_dags/example_branch_labels.py took 0.187 seconds
[2026-01-09T12:24:37.625+0000] {processor.py:161} INFO - Started process (PID=7847) to work on /home/airflow/.local/lib/python3.8/site-packages/airflow/example_dags/example_branch_labels.py
[2026-01-09T12:24:37.630+0000] {processor.py:830} INFO - Processing file /home/airflow/.local/lib/python3.8/site-packages/airflow/example_dags/example_branch_labels.py for tasks to queue
[2026-01-09T12:24:37.632+0000] {logging_mixin.py:188} INFO - [2026-01-09T12:24:37.631+0000] {dagbag.py:538} INFO - Filling up the DagBag from /home/airflow/.local/lib/python3.8/site-packages/airflow/example_dags/example_branch_labels.py
[2026-01-09T12:24:37.649+0000] {processor.py:840} INFO - DAG(s) 'example_branch_labels' retrieved from /home/airflow/.local/lib/python3.8/site-packages/airflow/example_dags/example_branch_labels.py
[2026-01-09T12:24:37.700+0000] {logging_mixin.py:188} INFO - [2026-01-09T12:24:37.699+0000] {dag.py:3036} INFO - Sync 1 DAGs
[2026-01-09T12:24:37.742+0000] {logging_mixin.py:188} INFO - [2026-01-09T12:24:37.742+0000] {dag.py:3823} INFO - Setting next_dagrun for example_branch_labels to 2026-01-08 00:00:00+00:00, run_after=2026-01-09 00:00:00+00:00
[2026-01-09T12:24:37.818+0000] {processor.py:183} INFO - Processing /home/airflow/.local/lib/python3.8/site-packages/airflow/example_dags/example_branch_labels.py took 0.200 seconds
[2026-01-09T12:25:08.280+0000] {processor.py:161} INFO - Started process (PID=8094) to work on /home/airflow/.local/lib/python3.8/site-packages/airflow/example_dags/example_branch_labels.py
[2026-01-09T12:25:08.286+0000] {processor.py:830} INFO - Processing file /home/airflow/.local/lib/python3.8/site-packages/airflow/example_dags/example_branch_labels.py for tasks to queue
[2026-01-09T12:25:08.288+0000] {logging_mixin.py:188} INFO - [2026-01-09T12:25:08.288+0000] {dagbag.py:538} INFO - Filling up the DagBag from /home/airflow/.local/lib/python3.8/site-packages/airflow/example_dags/example_branch_labels.py
[2026-01-09T12:25:08.307+0000] {processor.py:840} INFO - DAG(s) 'example_branch_labels' retrieved from /home/airflow/.local/lib/python3.8/site-packages/airflow/example_dags/example_branch_labels.py
[2026-01-09T12:25:08.364+0000] {logging_mixin.py:188} INFO - [2026-01-09T12:25:08.363+0000] {dag.py:3036} INFO - Sync 1 DAGs
[2026-01-09T12:25:08.416+0000] {logging_mixin.py:188} INFO - [2026-01-09T12:25:08.415+0000] {dag.py:3823} INFO - Setting next_dagrun for example_branch_labels to 2026-01-08 00:00:00+00:00, run_after=2026-01-09 00:00:00+00:00
[2026-01-09T12:25:08.463+0000] {processor.py:183} INFO - Processing /home/airflow/.local/lib/python3.8/site-packages/airflow/example_dags/example_branch_labels.py took 0.192 seconds
[2026-01-09T12:25:38.852+0000] {processor.py:161} INFO - Started process (PID=8342) to work on /home/airflow/.local/lib/python3.8/site-packages/airflow/example_dags/example_branch_labels.py
[2026-01-09T12:25:38.857+0000] {processor.py:830} INFO - Processing file /home/airflow/.local/lib/python3.8/site-packages/airflow/example_dags/example_branch_labels.py for tasks to queue
[2026-01-09T12:25:38.858+0000] {logging_mixin.py:188} INFO - [2026-01-09T12:25:38.858+0000] {dagbag.py:538} INFO - Filling up the DagBag from /home/airflow/.local/lib/python3.8/site-packages/airflow/example_dags/example_branch_labels.py
[2026-01-09T12:25:38.874+0000] {processor.py:840} INFO - DAG(s) 'example_branch_labels' retrieved from /home/airflow/.local/lib/python3.8/site-packages/airflow/example_dags/example_branch_labels.py
[2026-01-09T12:25:38.920+0000] {logging_mixin.py:188} INFO - [2026-01-09T12:25:38.920+0000] {dag.py:3036} INFO - Sync 1 DAGs
[2026-01-09T12:25:38.964+0000] {logging_mixin.py:188} INFO - [2026-01-09T12:25:38.964+0000] {dag.py:3823} INFO - Setting next_dagrun for example_branch_labels to 2026-01-08 00:00:00+00:00, run_after=2026-01-09 00:00:00+00:00
[2026-01-09T12:25:39.004+0000] {processor.py:183} INFO - Processing /home/airflow/.local/lib/python3.8/site-packages/airflow/example_dags/example_branch_labels.py took 0.159 seconds
[2026-01-09T12:26:09.652+0000] {processor.py:161} INFO - Started process (PID=8589) to work on /home/airflow/.local/lib/python3.8/site-packages/airflow/example_dags/example_branch_labels.py
[2026-01-09T12:26:09.660+0000] {processor.py:830} INFO - Processing file /home/airflow/.local/lib/python3.8/site-packages/airflow/example_dags/example_branch_labels.py for tasks to queue
[2026-01-09T12:26:09.664+0000] {logging_mixin.py:188} INFO - [2026-01-09T12:26:09.663+0000] {dagbag.py:538} INFO - Filling up the DagBag from /home/airflow/.local/lib/python3.8/site-packages/airflow/example_dags/example_branch_labels.py
[2026-01-09T12:26:09.686+0000] {processor.py:840} INFO - DAG(s) 'example_branch_labels' retrieved from /home/airflow/.local/lib/python3.8/site-packages/airflow/example_dags/example_branch_labels.py
[2026-01-09T12:26:09.747+0000] {logging_mixin.py:188} INFO - [2026-01-09T12:26:09.746+0000] {dag.py:3036} INFO - Sync 1 DAGs
[2026-01-09T12:26:09.794+0000] {logging_mixin.py:188} INFO - [2026-01-09T12:26:09.794+0000] {dag.py:3823} INFO - Setting next_dagrun for example_branch_labels to 2026-01-08 00:00:00+00:00, run_after=2026-01-09 00:00:00+00:00
[2026-01-09T12:26:09.857+0000] {processor.py:183} INFO - Processing /home/airflow/.local/lib/python3.8/site-packages/airflow/example_dags/example_branch_labels.py took 0.216 seconds
[2026-01-09T12:26:40.036+0000] {processor.py:161} INFO - Started process (PID=8836) to work on /home/airflow/.local/lib/python3.8/site-packages/airflow/example_dags/example_branch_labels.py
[2026-01-09T12:26:40.040+0000] {processor.py:830} INFO - Processing file /home/airflow/.local/lib/python3.8/site-packages/airflow/example_dags/example_branch_labels.py for tasks to queue
[2026-01-09T12:26:40.042+0000] {logging_mixin.py:188} INFO - [2026-01-09T12:26:40.041+0000] {dagbag.py:538} INFO - Filling up the DagBag from /home/airflow/.local/lib/python3.8/site-packages/airflow/example_dags/example_branch_labels.py
[2026-01-09T12:26:40.071+0000] {processor.py:840} INFO - DAG(s) 'example_branch_labels' retrieved from /home/airflow/.local/lib/python3.8/site-packages/airflow/example_dags/example_branch_labels.py
[2026-01-09T12:26:40.130+0000] {logging_mixin.py:188} INFO - [2026-01-09T12:26:40.130+0000] {dag.py:3036} INFO - Sync 1 DAGs
[2026-01-09T12:26:40.179+0000] {logging_mixin.py:188} INFO - [2026-01-09T12:26:40.178+0000] {dag.py:3823} INFO - Setting next_dagrun for example_branch_labels to 2026-01-08 00:00:00+00:00, run_after=2026-01-09 00:00:00+00:00
[2026-01-09T12:26:40.241+0000] {processor.py:183} INFO - Processing /home/airflow/.local/lib/python3.8/site-packages/airflow/example_dags/example_branch_labels.py took 0.214 seconds
[2026-01-09T12:27:11.131+0000] {processor.py:161} INFO - Started process (PID=9083) to work on /home/airflow/.local/lib/python3.8/site-packages/airflow/example_dags/example_branch_labels.py
[2026-01-09T12:27:11.141+0000] {processor.py:830} INFO - Processing file /home/airflow/.local/lib/python3.8/site-packages/airflow/example_dags/example_branch_labels.py for tasks to queue
[2026-01-09T12:27:11.144+0000] {logging_mixin.py:188} INFO - [2026-01-09T12:27:11.143+0000] {dagbag.py:538} INFO - Filling up the DagBag from /home/airflow/.local/lib/python3.8/site-packages/airflow/example_dags/example_branch_labels.py
[2026-01-09T12:27:11.165+0000] {processor.py:840} INFO - DAG(s) 'example_branch_labels' retrieved from /home/airflow/.local/lib/python3.8/site-packages/airflow/example_dags/example_branch_labels.py
[2026-01-09T12:27:11.218+0000] {logging_mixin.py:188} INFO - [2026-01-09T12:27:11.217+0000] {dag.py:3036} INFO - Sync 1 DAGs
[2026-01-09T12:27:11.264+0000] {logging_mixin.py:188} INFO - [2026-01-09T12:27:11.263+0000] {dag.py:3823} INFO - Setting next_dagrun for example_branch_labels to 2026-01-08 00:00:00+00:00, run_after=2026-01-09 00:00:00+00:00
[2026-01-09T12:27:11.309+0000] {processor.py:183} INFO - Processing /home/airflow/.local/lib/python3.8/site-packages/airflow/example_dags/example_branch_labels.py took 0.189 seconds
[2026-01-09T12:27:41.415+0000] {processor.py:161} INFO - Started process (PID=9330) to work on /home/airflow/.local/lib/python3.8/site-packages/airflow/example_dags/example_branch_labels.py
[2026-01-09T12:27:41.420+0000] {processor.py:830} INFO - Processing file /home/airflow/.local/lib/python3.8/site-packages/airflow/example_dags/example_branch_labels.py for tasks to queue
[2026-01-09T12:27:41.422+0000] {logging_mixin.py:188} INFO - [2026-01-09T12:27:41.421+0000] {dagbag.py:538} INFO - Filling up the DagBag from /home/airflow/.local/lib/python3.8/site-packages/airflow/example_dags/example_branch_labels.py
[2026-01-09T12:27:41.442+0000] {processor.py:840} INFO - DAG(s) 'example_branch_labels' retrieved from /home/airflow/.local/lib/python3.8/site-packages/airflow/example_dags/example_branch_labels.py
[2026-01-09T12:27:41.497+0000] {logging_mixin.py:188} INFO - [2026-01-09T12:27:41.496+0000] {dag.py:3036} INFO - Sync 1 DAGs
[2026-01-09T12:27:41.566+0000] {logging_mixin.py:188} INFO - [2026-01-09T12:27:41.566+0000] {dag.py:3823} INFO - Setting next_dagrun for example_branch_labels to 2026-01-08 00:00:00+00:00, run_after=2026-01-09 00:00:00+00:00
[2026-01-09T12:27:41.624+0000] {processor.py:183} INFO - Processing /home/airflow/.local/lib/python3.8/site-packages/airflow/example_dags/example_branch_labels.py took 0.223 seconds
[2026-01-09T12:28:11.739+0000] {processor.py:161} INFO - Started process (PID=9577) to work on /home/airflow/.local/lib/python3.8/site-packages/airflow/example_dags/example_branch_labels.py
[2026-01-09T12:28:11.745+0000] {processor.py:830} INFO - Processing file /home/airflow/.local/lib/python3.8/site-packages/airflow/example_dags/example_branch_labels.py for tasks to queue
[2026-01-09T12:28:11.748+0000] {logging_mixin.py:188} INFO - [2026-01-09T12:28:11.747+0000] {dagbag.py:538} INFO - Filling up the DagBag from /home/airflow/.local/lib/python3.8/site-packages/airflow/example_dags/example_branch_labels.py
[2026-01-09T12:28:11.765+0000] {processor.py:840} INFO - DAG(s) 'example_branch_labels' retrieved from /home/airflow/.local/lib/python3.8/site-packages/airflow/example_dags/example_branch_labels.py
[2026-01-09T12:28:11.814+0000] {logging_mixin.py:188} INFO - [2026-01-09T12:28:11.813+0000] {dag.py:3036} INFO - Sync 1 DAGs
[2026-01-09T12:28:11.851+0000] {logging_mixin.py:188} INFO - [2026-01-09T12:28:11.851+0000] {dag.py:3823} INFO - Setting next_dagrun for example_branch_labels to 2026-01-08 00:00:00+00:00, run_after=2026-01-09 00:00:00+00:00
[2026-01-09T12:28:11.891+0000] {processor.py:183} INFO - Processing /home/airflow/.local/lib/python3.8/site-packages/airflow/example_dags/example_branch_labels.py took 0.161 seconds
[2026-01-09T12:28:42.410+0000] {processor.py:161} INFO - Started process (PID=9824) to work on /home/airflow/.local/lib/python3.8/site-packages/airflow/example_dags/example_branch_labels.py
[2026-01-09T12:28:42.412+0000] {processor.py:830} INFO - Processing file /home/airflow/.local/lib/python3.8/site-packages/airflow/example_dags/example_branch_labels.py for tasks to queue
[2026-01-09T12:28:42.415+0000] {logging_mixin.py:188} INFO - [2026-01-09T12:28:42.414+0000] {dagbag.py:538} INFO - Filling up the DagBag from /home/airflow/.local/lib/python3.8/site-packages/airflow/example_dags/example_branch_labels.py
[2026-01-09T12:28:42.438+0000] {processor.py:840} INFO - DAG(s) 'example_branch_labels' retrieved from /home/airflow/.local/lib/python3.8/site-packages/airflow/example_dags/example_branch_labels.py
[2026-01-09T12:28:42.512+0000] {logging_mixin.py:188} INFO - [2026-01-09T12:28:42.511+0000] {dag.py:3036} INFO - Sync 1 DAGs
[2026-01-09T12:28:42.585+0000] {logging_mixin.py:188} INFO - [2026-01-09T12:28:42.584+0000] {dag.py:3823} INFO - Setting next_dagrun for example_branch_labels to 2026-01-08 00:00:00+00:00, run_after=2026-01-09 00:00:00+00:00
[2026-01-09T12:28:42.694+0000] {processor.py:183} INFO - Processing /home/airflow/.local/lib/python3.8/site-packages/airflow/example_dags/example_branch_labels.py took 0.306 seconds
[2026-01-09T12:29:12.773+0000] {processor.py:161} INFO - Started process (PID=10071) to work on /home/airflow/.local/lib/python3.8/site-packages/airflow/example_dags/example_branch_labels.py
[2026-01-09T12:29:12.775+0000] {processor.py:830} INFO - Processing file /home/airflow/.local/lib/python3.8/site-packages/airflow/example_dags/example_branch_labels.py for tasks to queue
[2026-01-09T12:29:12.778+0000] {logging_mixin.py:188} INFO - [2026-01-09T12:29:12.777+0000] {dagbag.py:538} INFO - Filling up the DagBag from /home/airflow/.local/lib/python3.8/site-packages/airflow/example_dags/example_branch_labels.py
[2026-01-09T12:29:12.816+0000] {processor.py:840} INFO - DAG(s) 'example_branch_labels' retrieved from /home/airflow/.local/lib/python3.8/site-packages/airflow/example_dags/example_branch_labels.py
[2026-01-09T12:29:12.877+0000] {logging_mixin.py:188} INFO - [2026-01-09T12:29:12.876+0000] {dag.py:3036} INFO - Sync 1 DAGs
[2026-01-09T12:29:12.923+0000] {logging_mixin.py:188} INFO - [2026-01-09T12:29:12.922+0000] {dag.py:3823} INFO - Setting next_dagrun for example_branch_labels to 2026-01-08 00:00:00+00:00, run_after=2026-01-09 00:00:00+00:00
[2026-01-09T12:29:12.963+0000] {processor.py:183} INFO - Processing /home/airflow/.local/lib/python3.8/site-packages/airflow/example_dags/example_branch_labels.py took 0.198 seconds
[2026-01-09T12:29:43.646+0000] {processor.py:161} INFO - Started process (PID=10318) to work on /home/airflow/.local/lib/python3.8/site-packages/airflow/example_dags/example_branch_labels.py
[2026-01-09T12:29:43.651+0000] {processor.py:830} INFO - Processing file /home/airflow/.local/lib/python3.8/site-packages/airflow/example_dags/example_branch_labels.py for tasks to queue
[2026-01-09T12:29:43.653+0000] {logging_mixin.py:188} INFO - [2026-01-09T12:29:43.652+0000] {dagbag.py:538} INFO - Filling up the DagBag from /home/airflow/.local/lib/python3.8/site-packages/airflow/example_dags/example_branch_labels.py
[2026-01-09T12:29:43.669+0000] {processor.py:840} INFO - DAG(s) 'example_branch_labels' retrieved from /home/airflow/.local/lib/python3.8/site-packages/airflow/example_dags/example_branch_labels.py
[2026-01-09T12:29:43.716+0000] {logging_mixin.py:188} INFO - [2026-01-09T12:29:43.715+0000] {dag.py:3036} INFO - Sync 1 DAGs
[2026-01-09T12:29:43.759+0000] {logging_mixin.py:188} INFO - [2026-01-09T12:29:43.758+0000] {dag.py:3823} INFO - Setting next_dagrun for example_branch_labels to 2026-01-08 00:00:00+00:00, run_after=2026-01-09 00:00:00+00:00
[2026-01-09T12:29:43.796+0000] {processor.py:183} INFO - Processing /home/airflow/.local/lib/python3.8/site-packages/airflow/example_dags/example_branch_labels.py took 0.158 seconds
[2026-01-09T12:30:14.433+0000] {processor.py:161} INFO - Started process (PID=10566) to work on /home/airflow/.local/lib/python3.8/site-packages/airflow/example_dags/example_branch_labels.py
[2026-01-09T12:30:14.435+0000] {processor.py:830} INFO - Processing file /home/airflow/.local/lib/python3.8/site-packages/airflow/example_dags/example_branch_labels.py for tasks to queue
[2026-01-09T12:30:14.437+0000] {logging_mixin.py:188} INFO - [2026-01-09T12:30:14.436+0000] {dagbag.py:538} INFO - Filling up the DagBag from /home/airflow/.local/lib/python3.8/site-packages/airflow/example_dags/example_branch_labels.py
[2026-01-09T12:30:14.451+0000] {processor.py:840} INFO - DAG(s) 'example_branch_labels' retrieved from /home/airflow/.local/lib/python3.8/site-packages/airflow/example_dags/example_branch_labels.py
[2026-01-09T12:30:14.504+0000] {logging_mixin.py:188} INFO - [2026-01-09T12:30:14.504+0000] {dag.py:3036} INFO - Sync 1 DAGs
[2026-01-09T12:30:14.546+0000] {logging_mixin.py:188} INFO - [2026-01-09T12:30:14.546+0000] {dag.py:3823} INFO - Setting next_dagrun for example_branch_labels to 2026-01-08 00:00:00+00:00, run_after=2026-01-09 00:00:00+00:00
[2026-01-09T12:30:14.597+0000] {processor.py:183} INFO - Processing /home/airflow/.local/lib/python3.8/site-packages/airflow/example_dags/example_branch_labels.py took 0.170 seconds
[2026-01-09T12:30:45.034+0000] {processor.py:161} INFO - Started process (PID=10813) to work on /home/airflow/.local/lib/python3.8/site-packages/airflow/example_dags/example_branch_labels.py
[2026-01-09T12:30:45.037+0000] {processor.py:830} INFO - Processing file /home/airflow/.local/lib/python3.8/site-packages/airflow/example_dags/example_branch_labels.py for tasks to queue
[2026-01-09T12:30:45.039+0000] {logging_mixin.py:188} INFO - [2026-01-09T12:30:45.038+0000] {dagbag.py:538} INFO - Filling up the DagBag from /home/airflow/.local/lib/python3.8/site-packages/airflow/example_dags/example_branch_labels.py
[2026-01-09T12:30:45.055+0000] {processor.py:840} INFO - DAG(s) 'example_branch_labels' retrieved from /home/airflow/.local/lib/python3.8/site-packages/airflow/example_dags/example_branch_labels.py
[2026-01-09T12:30:45.104+0000] {logging_mixin.py:188} INFO - [2026-01-09T12:30:45.103+0000] {dag.py:3036} INFO - Sync 1 DAGs
[2026-01-09T12:30:45.150+0000] {logging_mixin.py:188} INFO - [2026-01-09T12:30:45.150+0000] {dag.py:3823} INFO - Setting next_dagrun for example_branch_labels to 2026-01-08 00:00:00+00:00, run_after=2026-01-09 00:00:00+00:00
[2026-01-09T12:30:45.199+0000] {processor.py:183} INFO - Processing /home/airflow/.local/lib/python3.8/site-packages/airflow/example_dags/example_branch_labels.py took 0.172 seconds
[2026-01-09T12:31:15.516+0000] {processor.py:161} INFO - Started process (PID=11060) to work on /home/airflow/.local/lib/python3.8/site-packages/airflow/example_dags/example_branch_labels.py
[2026-01-09T12:31:15.517+0000] {processor.py:830} INFO - Processing file /home/airflow/.local/lib/python3.8/site-packages/airflow/example_dags/example_branch_labels.py for tasks to queue
[2026-01-09T12:31:15.519+0000] {logging_mixin.py:188} INFO - [2026-01-09T12:31:15.518+0000] {dagbag.py:538} INFO - Filling up the DagBag from /home/airflow/.local/lib/python3.8/site-packages/airflow/example_dags/example_branch_labels.py
[2026-01-09T12:31:15.533+0000] {processor.py:840} INFO - DAG(s) 'example_branch_labels' retrieved from /home/airflow/.local/lib/python3.8/site-packages/airflow/example_dags/example_branch_labels.py
[2026-01-09T12:31:15.575+0000] {logging_mixin.py:188} INFO - [2026-01-09T12:31:15.575+0000] {dag.py:3036} INFO - Sync 1 DAGs
[2026-01-09T12:31:15.611+0000] {logging_mixin.py:188} INFO - [2026-01-09T12:31:15.611+0000] {dag.py:3823} INFO - Setting next_dagrun for example_branch_labels to 2026-01-08 00:00:00+00:00, run_after=2026-01-09 00:00:00+00:00
[2026-01-09T12:31:15.653+0000] {processor.py:183} INFO - Processing /home/airflow/.local/lib/python3.8/site-packages/airflow/example_dags/example_branch_labels.py took 0.144 seconds
[2026-01-09T12:31:46.107+0000] {processor.py:161} INFO - Started process (PID=11306) to work on /home/airflow/.local/lib/python3.8/site-packages/airflow/example_dags/example_branch_labels.py
[2026-01-09T12:31:46.110+0000] {processor.py:830} INFO - Processing file /home/airflow/.local/lib/python3.8/site-packages/airflow/example_dags/example_branch_labels.py for tasks to queue
[2026-01-09T12:31:46.112+0000] {logging_mixin.py:188} INFO - [2026-01-09T12:31:46.111+0000] {dagbag.py:538} INFO - Filling up the DagBag from /home/airflow/.local/lib/python3.8/site-packages/airflow/example_dags/example_branch_labels.py
[2026-01-09T12:31:46.129+0000] {processor.py:840} INFO - DAG(s) 'example_branch_labels' retrieved from /home/airflow/.local/lib/python3.8/site-packages/airflow/example_dags/example_branch_labels.py
[2026-01-09T12:31:46.183+0000] {logging_mixin.py:188} INFO - [2026-01-09T12:31:46.183+0000] {dag.py:3036} INFO - Sync 1 DAGs
[2026-01-09T12:31:46.234+0000] {logging_mixin.py:188} INFO - [2026-01-09T12:31:46.234+0000] {dag.py:3823} INFO - Setting next_dagrun for example_branch_labels to 2026-01-08 00:00:00+00:00, run_after=2026-01-09 00:00:00+00:00
[2026-01-09T12:31:46.287+0000] {processor.py:183} INFO - Processing /home/airflow/.local/lib/python3.8/site-packages/airflow/example_dags/example_branch_labels.py took 0.189 seconds
[2026-01-09T12:32:16.782+0000] {processor.py:161} INFO - Started process (PID=11553) to work on /home/airflow/.local/lib/python3.8/site-packages/airflow/example_dags/example_branch_labels.py
[2026-01-09T12:32:16.787+0000] {processor.py:830} INFO - Processing file /home/airflow/.local/lib/python3.8/site-packages/airflow/example_dags/example_branch_labels.py for tasks to queue
[2026-01-09T12:32:16.789+0000] {logging_mixin.py:188} INFO - [2026-01-09T12:32:16.788+0000] {dagbag.py:538} INFO - Filling up the DagBag from /home/airflow/.local/lib/python3.8/site-packages/airflow/example_dags/example_branch_labels.py
[2026-01-09T12:32:16.809+0000] {processor.py:840} INFO - DAG(s) 'example_branch_labels' retrieved from /home/airflow/.local/lib/python3.8/site-packages/airflow/example_dags/example_branch_labels.py
[2026-01-09T12:32:16.881+0000] {logging_mixin.py:188} INFO - [2026-01-09T12:32:16.881+0000] {dag.py:3036} INFO - Sync 1 DAGs
[2026-01-09T12:32:16.956+0000] {logging_mixin.py:188} INFO - [2026-01-09T12:32:16.955+0000] {dag.py:3823} INFO - Setting next_dagrun for example_branch_labels to 2026-01-08 00:00:00+00:00, run_after=2026-01-09 00:00:00+00:00
[2026-01-09T12:32:17.018+0000] {processor.py:183} INFO - Processing /home/airflow/.local/lib/python3.8/site-packages/airflow/example_dags/example_branch_labels.py took 0.246 seconds
[2026-01-09T12:32:47.360+0000] {processor.py:161} INFO - Started process (PID=11800) to work on /home/airflow/.local/lib/python3.8/site-packages/airflow/example_dags/example_branch_labels.py
[2026-01-09T12:32:47.369+0000] {processor.py:830} INFO - Processing file /home/airflow/.local/lib/python3.8/site-packages/airflow/example_dags/example_branch_labels.py for tasks to queue
[2026-01-09T12:32:47.373+0000] {logging_mixin.py:188} INFO - [2026-01-09T12:32:47.373+0000] {dagbag.py:538} INFO - Filling up the DagBag from /home/airflow/.local/lib/python3.8/site-packages/airflow/example_dags/example_branch_labels.py
[2026-01-09T12:32:47.400+0000] {processor.py:840} INFO - DAG(s) 'example_branch_labels' retrieved from /home/airflow/.local/lib/python3.8/site-packages/airflow/example_dags/example_branch_labels.py
[2026-01-09T12:32:47.447+0000] {logging_mixin.py:188} INFO - [2026-01-09T12:32:47.447+0000] {dag.py:3036} INFO - Sync 1 DAGs
[2026-01-09T12:32:47.489+0000] {logging_mixin.py:188} INFO - [2026-01-09T12:32:47.488+0000] {dag.py:3823} INFO - Setting next_dagrun for example_branch_labels to 2026-01-08 00:00:00+00:00, run_after=2026-01-09 00:00:00+00:00
[2026-01-09T12:32:47.540+0000] {processor.py:183} INFO - Processing /home/airflow/.local/lib/python3.8/site-packages/airflow/example_dags/example_branch_labels.py took 0.209 seconds
[2026-01-09T12:33:18.157+0000] {processor.py:161} INFO - Started process (PID=12047) to work on /home/airflow/.local/lib/python3.8/site-packages/airflow/example_dags/example_branch_labels.py
[2026-01-09T12:33:18.161+0000] {processor.py:830} INFO - Processing file /home/airflow/.local/lib/python3.8/site-packages/airflow/example_dags/example_branch_labels.py for tasks to queue
[2026-01-09T12:33:18.163+0000] {logging_mixin.py:188} INFO - [2026-01-09T12:33:18.162+0000] {dagbag.py:538} INFO - Filling up the DagBag from /home/airflow/.local/lib/python3.8/site-packages/airflow/example_dags/example_branch_labels.py
[2026-01-09T12:33:18.176+0000] {processor.py:840} INFO - DAG(s) 'example_branch_labels' retrieved from /home/airflow/.local/lib/python3.8/site-packages/airflow/example_dags/example_branch_labels.py
[2026-01-09T12:33:18.231+0000] {logging_mixin.py:188} INFO - [2026-01-09T12:33:18.230+0000] {dag.py:3036} INFO - Sync 1 DAGs
[2026-01-09T12:33:18.277+0000] {logging_mixin.py:188} INFO - [2026-01-09T12:33:18.277+0000] {dag.py:3823} INFO - Setting next_dagrun for example_branch_labels to 2026-01-08 00:00:00+00:00, run_after=2026-01-09 00:00:00+00:00
[2026-01-09T12:33:18.318+0000] {processor.py:183} INFO - Processing /home/airflow/.local/lib/python3.8/site-packages/airflow/example_dags/example_branch_labels.py took 0.167 seconds
[2026-01-09T12:33:48.924+0000] {processor.py:161} INFO - Started process (PID=12294) to work on /home/airflow/.local/lib/python3.8/site-packages/airflow/example_dags/example_branch_labels.py
[2026-01-09T12:33:48.929+0000] {processor.py:830} INFO - Processing file /home/airflow/.local/lib/python3.8/site-packages/airflow/example_dags/example_branch_labels.py for tasks to queue
[2026-01-09T12:33:48.931+0000] {logging_mixin.py:188} INFO - [2026-01-09T12:33:48.930+0000] {dagbag.py:538} INFO - Filling up the DagBag from /home/airflow/.local/lib/python3.8/site-packages/airflow/example_dags/example_branch_labels.py
[2026-01-09T12:33:48.944+0000] {processor.py:840} INFO - DAG(s) 'example_branch_labels' retrieved from /home/airflow/.local/lib/python3.8/site-packages/airflow/example_dags/example_branch_labels.py
[2026-01-09T12:33:48.985+0000] {logging_mixin.py:188} INFO - [2026-01-09T12:33:48.985+0000] {dag.py:3036} INFO - Sync 1 DAGs
[2026-01-09T12:33:49.022+0000] {logging_mixin.py:188} INFO - [2026-01-09T12:33:49.022+0000] {dag.py:3823} INFO - Setting next_dagrun for example_branch_labels to 2026-01-08 00:00:00+00:00, run_after=2026-01-09 00:00:00+00:00
[2026-01-09T12:33:49.066+0000] {processor.py:183} INFO - Processing /home/airflow/.local/lib/python3.8/site-packages/airflow/example_dags/example_branch_labels.py took 0.148 seconds
[2026-01-09T12:34:19.231+0000] {processor.py:161} INFO - Started process (PID=12541) to work on /home/airflow/.local/lib/python3.8/site-packages/airflow/example_dags/example_branch_labels.py
[2026-01-09T12:34:19.239+0000] {processor.py:830} INFO - Processing file /home/airflow/.local/lib/python3.8/site-packages/airflow/example_dags/example_branch_labels.py for tasks to queue
[2026-01-09T12:34:19.241+0000] {logging_mixin.py:188} INFO - [2026-01-09T12:34:19.240+0000] {dagbag.py:538} INFO - Filling up the DagBag from /home/airflow/.local/lib/python3.8/site-packages/airflow/example_dags/example_branch_labels.py
[2026-01-09T12:34:19.260+0000] {processor.py:840} INFO - DAG(s) 'example_branch_labels' retrieved from /home/airflow/.local/lib/python3.8/site-packages/airflow/example_dags/example_branch_labels.py
[2026-01-09T12:34:19.318+0000] {logging_mixin.py:188} INFO - [2026-01-09T12:34:19.317+0000] {dag.py:3036} INFO - Sync 1 DAGs
[2026-01-09T12:34:19.366+0000] {logging_mixin.py:188} INFO - [2026-01-09T12:34:19.365+0000] {dag.py:3823} INFO - Setting next_dagrun for example_branch_labels to 2026-01-08 00:00:00+00:00, run_after=2026-01-09 00:00:00+00:00
[2026-01-09T12:34:19.411+0000] {processor.py:183} INFO - Processing /home/airflow/.local/lib/python3.8/site-packages/airflow/example_dags/example_branch_labels.py took 0.198 seconds
[2026-01-09T12:34:50.078+0000] {processor.py:161} INFO - Started process (PID=12788) to work on /home/airflow/.local/lib/python3.8/site-packages/airflow/example_dags/example_branch_labels.py
[2026-01-09T12:34:50.082+0000] {processor.py:830} INFO - Processing file /home/airflow/.local/lib/python3.8/site-packages/airflow/example_dags/example_branch_labels.py for tasks to queue
[2026-01-09T12:34:50.084+0000] {logging_mixin.py:188} INFO - [2026-01-09T12:34:50.083+0000] {dagbag.py:538} INFO - Filling up the DagBag from /home/airflow/.local/lib/python3.8/site-packages/airflow/example_dags/example_branch_labels.py
[2026-01-09T12:34:50.097+0000] {processor.py:840} INFO - DAG(s) 'example_branch_labels' retrieved from /home/airflow/.local/lib/python3.8/site-packages/airflow/example_dags/example_branch_labels.py
[2026-01-09T12:34:50.145+0000] {logging_mixin.py:188} INFO - [2026-01-09T12:34:50.144+0000] {dag.py:3036} INFO - Sync 1 DAGs
[2026-01-09T12:34:50.184+0000] {logging_mixin.py:188} INFO - [2026-01-09T12:34:50.184+0000] {dag.py:3823} INFO - Setting next_dagrun for example_branch_labels to 2026-01-08 00:00:00+00:00, run_after=2026-01-09 00:00:00+00:00
[2026-01-09T12:34:50.239+0000] {processor.py:183} INFO - Processing /home/airflow/.local/lib/python3.8/site-packages/airflow/example_dags/example_branch_labels.py took 0.167 seconds
[2026-01-09T12:35:20.752+0000] {processor.py:161} INFO - Started process (PID=13035) to work on /home/airflow/.local/lib/python3.8/site-packages/airflow/example_dags/example_branch_labels.py
[2026-01-09T12:35:20.754+0000] {processor.py:830} INFO - Processing file /home/airflow/.local/lib/python3.8/site-packages/airflow/example_dags/example_branch_labels.py for tasks to queue
[2026-01-09T12:35:20.755+0000] {logging_mixin.py:188} INFO - [2026-01-09T12:35:20.755+0000] {dagbag.py:538} INFO - Filling up the DagBag from /home/airflow/.local/lib/python3.8/site-packages/airflow/example_dags/example_branch_labels.py
[2026-01-09T12:35:20.769+0000] {processor.py:840} INFO - DAG(s) 'example_branch_labels' retrieved from /home/airflow/.local/lib/python3.8/site-packages/airflow/example_dags/example_branch_labels.py
[2026-01-09T12:35:20.815+0000] {logging_mixin.py:188} INFO - [2026-01-09T12:35:20.814+0000] {dag.py:3036} INFO - Sync 1 DAGs
[2026-01-09T12:35:20.859+0000] {logging_mixin.py:188} INFO - [2026-01-09T12:35:20.859+0000] {dag.py:3823} INFO - Setting next_dagrun for example_branch_labels to 2026-01-08 00:00:00+00:00, run_after=2026-01-09 00:00:00+00:00
[2026-01-09T12:35:20.899+0000] {processor.py:183} INFO - Processing /home/airflow/.local/lib/python3.8/site-packages/airflow/example_dags/example_branch_labels.py took 0.154 seconds
[2026-01-09T12:35:51.359+0000] {processor.py:161} INFO - Started process (PID=13282) to work on /home/airflow/.local/lib/python3.8/site-packages/airflow/example_dags/example_branch_labels.py
[2026-01-09T12:35:51.364+0000] {processor.py:830} INFO - Processing file /home/airflow/.local/lib/python3.8/site-packages/airflow/example_dags/example_branch_labels.py for tasks to queue
[2026-01-09T12:35:51.367+0000] {logging_mixin.py:188} INFO - [2026-01-09T12:35:51.366+0000] {dagbag.py:538} INFO - Filling up the DagBag from /home/airflow/.local/lib/python3.8/site-packages/airflow/example_dags/example_branch_labels.py
[2026-01-09T12:35:51.382+0000] {processor.py:840} INFO - DAG(s) 'example_branch_labels' retrieved from /home/airflow/.local/lib/python3.8/site-packages/airflow/example_dags/example_branch_labels.py
[2026-01-09T12:35:51.431+0000] {logging_mixin.py:188} INFO - [2026-01-09T12:35:51.431+0000] {dag.py:3036} INFO - Sync 1 DAGs
[2026-01-09T12:35:51.485+0000] {logging_mixin.py:188} INFO - [2026-01-09T12:35:51.485+0000] {dag.py:3823} INFO - Setting next_dagrun for example_branch_labels to 2026-01-08 00:00:00+00:00, run_after=2026-01-09 00:00:00+00:00
[2026-01-09T12:35:51.532+0000] {processor.py:183} INFO - Processing /home/airflow/.local/lib/python3.8/site-packages/airflow/example_dags/example_branch_labels.py took 0.182 seconds
[2026-01-09T12:36:22.215+0000] {processor.py:161} INFO - Started process (PID=13529) to work on /home/airflow/.local/lib/python3.8/site-packages/airflow/example_dags/example_branch_labels.py
[2026-01-09T12:36:22.217+0000] {processor.py:830} INFO - Processing file /home/airflow/.local/lib/python3.8/site-packages/airflow/example_dags/example_branch_labels.py for tasks to queue
[2026-01-09T12:36:22.218+0000] {logging_mixin.py:188} INFO - [2026-01-09T12:36:22.218+0000] {dagbag.py:538} INFO - Filling up the DagBag from /home/airflow/.local/lib/python3.8/site-packages/airflow/example_dags/example_branch_labels.py
[2026-01-09T12:36:22.231+0000] {processor.py:840} INFO - DAG(s) 'example_branch_labels' retrieved from /home/airflow/.local/lib/python3.8/site-packages/airflow/example_dags/example_branch_labels.py
[2026-01-09T12:36:22.275+0000] {logging_mixin.py:188} INFO - [2026-01-09T12:36:22.274+0000] {dag.py:3036} INFO - Sync 1 DAGs
[2026-01-09T12:36:22.313+0000] {logging_mixin.py:188} INFO - [2026-01-09T12:36:22.313+0000] {dag.py:3823} INFO - Setting next_dagrun for example_branch_labels to 2026-01-08 00:00:00+00:00, run_after=2026-01-09 00:00:00+00:00
[2026-01-09T12:36:22.360+0000] {processor.py:183} INFO - Processing /home/airflow/.local/lib/python3.8/site-packages/airflow/example_dags/example_branch_labels.py took 0.151 seconds
[2026-01-09T12:36:52.606+0000] {processor.py:161} INFO - Started process (PID=13776) to work on /home/airflow/.local/lib/python3.8/site-packages/airflow/example_dags/example_branch_labels.py
[2026-01-09T12:36:52.611+0000] {processor.py:830} INFO - Processing file /home/airflow/.local/lib/python3.8/site-packages/airflow/example_dags/example_branch_labels.py for tasks to queue
[2026-01-09T12:36:52.612+0000] {logging_mixin.py:188} INFO - [2026-01-09T12:36:52.612+0000] {dagbag.py:538} INFO - Filling up the DagBag from /home/airflow/.local/lib/python3.8/site-packages/airflow/example_dags/example_branch_labels.py
[2026-01-09T12:36:52.626+0000] {processor.py:840} INFO - DAG(s) 'example_branch_labels' retrieved from /home/airflow/.local/lib/python3.8/site-packages/airflow/example_dags/example_branch_labels.py
[2026-01-09T12:36:52.670+0000] {logging_mixin.py:188} INFO - [2026-01-09T12:36:52.670+0000] {dag.py:3036} INFO - Sync 1 DAGs
[2026-01-09T12:36:52.713+0000] {logging_mixin.py:188} INFO - [2026-01-09T12:36:52.712+0000] {dag.py:3823} INFO - Setting next_dagrun for example_branch_labels to 2026-01-08 00:00:00+00:00, run_after=2026-01-09 00:00:00+00:00
[2026-01-09T12:36:52.753+0000] {processor.py:183} INFO - Processing /home/airflow/.local/lib/python3.8/site-packages/airflow/example_dags/example_branch_labels.py took 0.154 seconds
[2026-01-09T12:37:23.065+0000] {processor.py:161} INFO - Started process (PID=14027) to work on /home/airflow/.local/lib/python3.8/site-packages/airflow/example_dags/example_branch_labels.py
[2026-01-09T12:37:23.066+0000] {processor.py:830} INFO - Processing file /home/airflow/.local/lib/python3.8/site-packages/airflow/example_dags/example_branch_labels.py for tasks to queue
[2026-01-09T12:37:23.068+0000] {logging_mixin.py:188} INFO - [2026-01-09T12:37:23.067+0000] {dagbag.py:538} INFO - Filling up the DagBag from /home/airflow/.local/lib/python3.8/site-packages/airflow/example_dags/example_branch_labels.py
[2026-01-09T12:37:23.083+0000] {processor.py:840} INFO - DAG(s) 'example_branch_labels' retrieved from /home/airflow/.local/lib/python3.8/site-packages/airflow/example_dags/example_branch_labels.py
[2026-01-09T12:37:23.125+0000] {logging_mixin.py:188} INFO - [2026-01-09T12:37:23.125+0000] {dag.py:3036} INFO - Sync 1 DAGs
[2026-01-09T12:37:23.170+0000] {logging_mixin.py:188} INFO - [2026-01-09T12:37:23.170+0000] {dag.py:3823} INFO - Setting next_dagrun for example_branch_labels to 2026-01-08 00:00:00+00:00, run_after=2026-01-09 00:00:00+00:00
[2026-01-09T12:37:23.211+0000] {processor.py:183} INFO - Processing /home/airflow/.local/lib/python3.8/site-packages/airflow/example_dags/example_branch_labels.py took 0.153 seconds
[2026-01-09T12:37:53.767+0000] {processor.py:161} INFO - Started process (PID=14276) to work on /home/airflow/.local/lib/python3.8/site-packages/airflow/example_dags/example_branch_labels.py
[2026-01-09T12:37:53.769+0000] {processor.py:830} INFO - Processing file /home/airflow/.local/lib/python3.8/site-packages/airflow/example_dags/example_branch_labels.py for tasks to queue
[2026-01-09T12:37:53.771+0000] {logging_mixin.py:188} INFO - [2026-01-09T12:37:53.770+0000] {dagbag.py:538} INFO - Filling up the DagBag from /home/airflow/.local/lib/python3.8/site-packages/airflow/example_dags/example_branch_labels.py
[2026-01-09T12:37:53.786+0000] {processor.py:840} INFO - DAG(s) 'example_branch_labels' retrieved from /home/airflow/.local/lib/python3.8/site-packages/airflow/example_dags/example_branch_labels.py
[2026-01-09T12:37:53.831+0000] {logging_mixin.py:188} INFO - [2026-01-09T12:37:53.830+0000] {dag.py:3036} INFO - Sync 1 DAGs
[2026-01-09T12:37:53.873+0000] {logging_mixin.py:188} INFO - [2026-01-09T12:37:53.873+0000] {dag.py:3823} INFO - Setting next_dagrun for example_branch_labels to 2026-01-08 00:00:00+00:00, run_after=2026-01-09 00:00:00+00:00
[2026-01-09T12:37:53.926+0000] {processor.py:183} INFO - Processing /home/airflow/.local/lib/python3.8/site-packages/airflow/example_dags/example_branch_labels.py took 0.165 seconds
[2026-01-09T12:38:24.330+0000] {processor.py:161} INFO - Started process (PID=14523) to work on /home/airflow/.local/lib/python3.8/site-packages/airflow/example_dags/example_branch_labels.py
[2026-01-09T12:38:24.333+0000] {processor.py:830} INFO - Processing file /home/airflow/.local/lib/python3.8/site-packages/airflow/example_dags/example_branch_labels.py for tasks to queue
[2026-01-09T12:38:24.335+0000] {logging_mixin.py:188} INFO - [2026-01-09T12:38:24.335+0000] {dagbag.py:538} INFO - Filling up the DagBag from /home/airflow/.local/lib/python3.8/site-packages/airflow/example_dags/example_branch_labels.py
[2026-01-09T12:38:24.352+0000] {processor.py:840} INFO - DAG(s) 'example_branch_labels' retrieved from /home/airflow/.local/lib/python3.8/site-packages/airflow/example_dags/example_branch_labels.py
[2026-01-09T12:38:24.396+0000] {logging_mixin.py:188} INFO - [2026-01-09T12:38:24.395+0000] {dag.py:3036} INFO - Sync 1 DAGs
[2026-01-09T12:38:24.434+0000] {logging_mixin.py:188} INFO - [2026-01-09T12:38:24.433+0000] {dag.py:3823} INFO - Setting next_dagrun for example_branch_labels to 2026-01-08 00:00:00+00:00, run_after=2026-01-09 00:00:00+00:00
[2026-01-09T12:38:24.476+0000] {processor.py:183} INFO - Processing /home/airflow/.local/lib/python3.8/site-packages/airflow/example_dags/example_branch_labels.py took 0.155 seconds
[2026-01-09T12:38:55.157+0000] {processor.py:161} INFO - Started process (PID=14770) to work on /home/airflow/.local/lib/python3.8/site-packages/airflow/example_dags/example_branch_labels.py
[2026-01-09T12:38:55.159+0000] {processor.py:830} INFO - Processing file /home/airflow/.local/lib/python3.8/site-packages/airflow/example_dags/example_branch_labels.py for tasks to queue
[2026-01-09T12:38:55.160+0000] {logging_mixin.py:188} INFO - [2026-01-09T12:38:55.160+0000] {dagbag.py:538} INFO - Filling up the DagBag from /home/airflow/.local/lib/python3.8/site-packages/airflow/example_dags/example_branch_labels.py
[2026-01-09T12:38:55.175+0000] {processor.py:840} INFO - DAG(s) 'example_branch_labels' retrieved from /home/airflow/.local/lib/python3.8/site-packages/airflow/example_dags/example_branch_labels.py
[2026-01-09T12:38:55.215+0000] {logging_mixin.py:188} INFO - [2026-01-09T12:38:55.215+0000] {dag.py:3036} INFO - Sync 1 DAGs
[2026-01-09T12:38:55.257+0000] {logging_mixin.py:188} INFO - [2026-01-09T12:38:55.256+0000] {dag.py:3823} INFO - Setting next_dagrun for example_branch_labels to 2026-01-08 00:00:00+00:00, run_after=2026-01-09 00:00:00+00:00
[2026-01-09T12:38:55.311+0000] {processor.py:183} INFO - Processing /home/airflow/.local/lib/python3.8/site-packages/airflow/example_dags/example_branch_labels.py took 0.161 seconds
[2026-01-09T12:39:25.462+0000] {processor.py:161} INFO - Started process (PID=15017) to work on /home/airflow/.local/lib/python3.8/site-packages/airflow/example_dags/example_branch_labels.py
[2026-01-09T12:39:25.467+0000] {processor.py:830} INFO - Processing file /home/airflow/.local/lib/python3.8/site-packages/airflow/example_dags/example_branch_labels.py for tasks to queue
[2026-01-09T12:39:25.468+0000] {logging_mixin.py:188} INFO - [2026-01-09T12:39:25.468+0000] {dagbag.py:538} INFO - Filling up the DagBag from /home/airflow/.local/lib/python3.8/site-packages/airflow/example_dags/example_branch_labels.py
[2026-01-09T12:39:25.483+0000] {processor.py:840} INFO - DAG(s) 'example_branch_labels' retrieved from /home/airflow/.local/lib/python3.8/site-packages/airflow/example_dags/example_branch_labels.py
[2026-01-09T12:39:25.527+0000] {logging_mixin.py:188} INFO - [2026-01-09T12:39:25.526+0000] {dag.py:3036} INFO - Sync 1 DAGs
[2026-01-09T12:39:25.564+0000] {logging_mixin.py:188} INFO - [2026-01-09T12:39:25.564+0000] {dag.py:3823} INFO - Setting next_dagrun for example_branch_labels to 2026-01-08 00:00:00+00:00, run_after=2026-01-09 00:00:00+00:00
[2026-01-09T12:39:25.609+0000] {processor.py:183} INFO - Processing /home/airflow/.local/lib/python3.8/site-packages/airflow/example_dags/example_branch_labels.py took 0.154 seconds
