[2026-01-09T12:08:58.567+0000] {processor.py:161} INFO - Started process (PID=354) to work on /home/airflow/.local/lib/python3.8/site-packages/airflow/example_dags/example_branch_python_dop_operator_3.py
[2026-01-09T12:08:58.569+0000] {processor.py:830} INFO - Processing file /home/airflow/.local/lib/python3.8/site-packages/airflow/example_dags/example_branch_python_dop_operator_3.py for tasks to queue
[2026-01-09T12:08:58.570+0000] {logging_mixin.py:188} INFO - [2026-01-09T12:08:58.569+0000] {dagbag.py:538} INFO - Filling up the DagBag from /home/airflow/.local/lib/python3.8/site-packages/airflow/example_dags/example_branch_python_dop_operator_3.py
[2026-01-09T12:08:58.584+0000] {processor.py:840} INFO - DAG(s) 'example_branch_dop_operator_v3' retrieved from /home/airflow/.local/lib/python3.8/site-packages/airflow/example_dags/example_branch_python_dop_operator_3.py
[2026-01-09T12:08:58.756+0000] {logging_mixin.py:188} INFO - [2026-01-09T12:08:58.756+0000] {dag.py:3036} INFO - Sync 1 DAGs
[2026-01-09T12:08:58.801+0000] {logging_mixin.py:188} INFO - [2026-01-09T12:08:58.801+0000] {dag.py:3823} INFO - Setting next_dagrun for example_branch_dop_operator_v3 to 2026-01-09 12:07:00+00:00, run_after=2026-01-09 12:08:00+00:00
[2026-01-09T12:08:58.841+0000] {processor.py:183} INFO - Processing /home/airflow/.local/lib/python3.8/site-packages/airflow/example_dags/example_branch_python_dop_operator_3.py took 0.279 seconds
[2026-01-09T12:09:28.925+0000] {processor.py:161} INFO - Started process (PID=601) to work on /home/airflow/.local/lib/python3.8/site-packages/airflow/example_dags/example_branch_python_dop_operator_3.py
[2026-01-09T12:09:28.927+0000] {processor.py:830} INFO - Processing file /home/airflow/.local/lib/python3.8/site-packages/airflow/example_dags/example_branch_python_dop_operator_3.py for tasks to queue
[2026-01-09T12:09:28.928+0000] {logging_mixin.py:188} INFO - [2026-01-09T12:09:28.928+0000] {dagbag.py:538} INFO - Filling up the DagBag from /home/airflow/.local/lib/python3.8/site-packages/airflow/example_dags/example_branch_python_dop_operator_3.py
[2026-01-09T12:09:28.947+0000] {processor.py:840} INFO - DAG(s) 'example_branch_dop_operator_v3' retrieved from /home/airflow/.local/lib/python3.8/site-packages/airflow/example_dags/example_branch_python_dop_operator_3.py
[2026-01-09T12:09:28.986+0000] {logging_mixin.py:188} INFO - [2026-01-09T12:09:28.985+0000] {dag.py:3036} INFO - Sync 1 DAGs
[2026-01-09T12:09:29.038+0000] {logging_mixin.py:188} INFO - [2026-01-09T12:09:29.038+0000] {dag.py:3823} INFO - Setting next_dagrun for example_branch_dop_operator_v3 to 2026-01-09 12:08:00+00:00, run_after=2026-01-09 12:09:00+00:00
[2026-01-09T12:09:29.079+0000] {processor.py:183} INFO - Processing /home/airflow/.local/lib/python3.8/site-packages/airflow/example_dags/example_branch_python_dop_operator_3.py took 0.160 seconds
[2026-01-09T12:09:59.558+0000] {processor.py:161} INFO - Started process (PID=846) to work on /home/airflow/.local/lib/python3.8/site-packages/airflow/example_dags/example_branch_python_dop_operator_3.py
[2026-01-09T12:09:59.561+0000] {processor.py:830} INFO - Processing file /home/airflow/.local/lib/python3.8/site-packages/airflow/example_dags/example_branch_python_dop_operator_3.py for tasks to queue
[2026-01-09T12:09:59.563+0000] {logging_mixin.py:188} INFO - [2026-01-09T12:09:59.562+0000] {dagbag.py:538} INFO - Filling up the DagBag from /home/airflow/.local/lib/python3.8/site-packages/airflow/example_dags/example_branch_python_dop_operator_3.py
[2026-01-09T12:09:59.580+0000] {processor.py:840} INFO - DAG(s) 'example_branch_dop_operator_v3' retrieved from /home/airflow/.local/lib/python3.8/site-packages/airflow/example_dags/example_branch_python_dop_operator_3.py
[2026-01-09T12:09:59.626+0000] {logging_mixin.py:188} INFO - [2026-01-09T12:09:59.625+0000] {dag.py:3036} INFO - Sync 1 DAGs
[2026-01-09T12:09:59.675+0000] {logging_mixin.py:188} INFO - [2026-01-09T12:09:59.675+0000] {dag.py:3823} INFO - Setting next_dagrun for example_branch_dop_operator_v3 to 2026-01-09 12:08:00+00:00, run_after=2026-01-09 12:09:00+00:00
[2026-01-09T12:09:59.718+0000] {processor.py:183} INFO - Processing /home/airflow/.local/lib/python3.8/site-packages/airflow/example_dags/example_branch_python_dop_operator_3.py took 0.169 seconds
[2026-01-09T12:10:29.961+0000] {processor.py:161} INFO - Started process (PID=1095) to work on /home/airflow/.local/lib/python3.8/site-packages/airflow/example_dags/example_branch_python_dop_operator_3.py
[2026-01-09T12:10:29.963+0000] {processor.py:830} INFO - Processing file /home/airflow/.local/lib/python3.8/site-packages/airflow/example_dags/example_branch_python_dop_operator_3.py for tasks to queue
[2026-01-09T12:10:29.964+0000] {logging_mixin.py:188} INFO - [2026-01-09T12:10:29.964+0000] {dagbag.py:538} INFO - Filling up the DagBag from /home/airflow/.local/lib/python3.8/site-packages/airflow/example_dags/example_branch_python_dop_operator_3.py
[2026-01-09T12:10:29.983+0000] {processor.py:840} INFO - DAG(s) 'example_branch_dop_operator_v3' retrieved from /home/airflow/.local/lib/python3.8/site-packages/airflow/example_dags/example_branch_python_dop_operator_3.py
[2026-01-09T12:10:30.029+0000] {logging_mixin.py:188} INFO - [2026-01-09T12:10:30.028+0000] {dag.py:3036} INFO - Sync 1 DAGs
[2026-01-09T12:10:30.078+0000] {logging_mixin.py:188} INFO - [2026-01-09T12:10:30.078+0000] {dag.py:3823} INFO - Setting next_dagrun for example_branch_dop_operator_v3 to 2026-01-09 12:09:00+00:00, run_after=2026-01-09 12:10:00+00:00
[2026-01-09T12:10:30.138+0000] {processor.py:183} INFO - Processing /home/airflow/.local/lib/python3.8/site-packages/airflow/example_dags/example_branch_python_dop_operator_3.py took 0.183 seconds
[2026-01-09T12:11:00.396+0000] {processor.py:161} INFO - Started process (PID=1340) to work on /home/airflow/.local/lib/python3.8/site-packages/airflow/example_dags/example_branch_python_dop_operator_3.py
[2026-01-09T12:11:00.425+0000] {processor.py:830} INFO - Processing file /home/airflow/.local/lib/python3.8/site-packages/airflow/example_dags/example_branch_python_dop_operator_3.py for tasks to queue
[2026-01-09T12:11:00.427+0000] {logging_mixin.py:188} INFO - [2026-01-09T12:11:00.427+0000] {dagbag.py:538} INFO - Filling up the DagBag from /home/airflow/.local/lib/python3.8/site-packages/airflow/example_dags/example_branch_python_dop_operator_3.py
[2026-01-09T12:11:00.447+0000] {processor.py:840} INFO - DAG(s) 'example_branch_dop_operator_v3' retrieved from /home/airflow/.local/lib/python3.8/site-packages/airflow/example_dags/example_branch_python_dop_operator_3.py
[2026-01-09T12:11:00.495+0000] {logging_mixin.py:188} INFO - [2026-01-09T12:11:00.495+0000] {dag.py:3036} INFO - Sync 1 DAGs
[2026-01-09T12:11:00.559+0000] {logging_mixin.py:188} INFO - [2026-01-09T12:11:00.559+0000] {dag.py:3823} INFO - Setting next_dagrun for example_branch_dop_operator_v3 to 2026-01-09 12:10:00+00:00, run_after=2026-01-09 12:11:00+00:00
[2026-01-09T12:11:00.612+0000] {processor.py:183} INFO - Processing /home/airflow/.local/lib/python3.8/site-packages/airflow/example_dags/example_branch_python_dop_operator_3.py took 0.225 seconds
[2026-01-09T12:11:30.861+0000] {processor.py:161} INFO - Started process (PID=1589) to work on /home/airflow/.local/lib/python3.8/site-packages/airflow/example_dags/example_branch_python_dop_operator_3.py
[2026-01-09T12:11:30.863+0000] {processor.py:830} INFO - Processing file /home/airflow/.local/lib/python3.8/site-packages/airflow/example_dags/example_branch_python_dop_operator_3.py for tasks to queue
[2026-01-09T12:11:30.866+0000] {logging_mixin.py:188} INFO - [2026-01-09T12:11:30.865+0000] {dagbag.py:538} INFO - Filling up the DagBag from /home/airflow/.local/lib/python3.8/site-packages/airflow/example_dags/example_branch_python_dop_operator_3.py
[2026-01-09T12:11:30.885+0000] {processor.py:840} INFO - DAG(s) 'example_branch_dop_operator_v3' retrieved from /home/airflow/.local/lib/python3.8/site-packages/airflow/example_dags/example_branch_python_dop_operator_3.py
[2026-01-09T12:11:30.933+0000] {logging_mixin.py:188} INFO - [2026-01-09T12:11:30.932+0000] {dag.py:3036} INFO - Sync 1 DAGs
[2026-01-09T12:11:30.993+0000] {logging_mixin.py:188} INFO - [2026-01-09T12:11:30.993+0000] {dag.py:3823} INFO - Setting next_dagrun for example_branch_dop_operator_v3 to 2026-01-09 12:10:00+00:00, run_after=2026-01-09 12:11:00+00:00
[2026-01-09T12:11:31.045+0000] {processor.py:183} INFO - Processing /home/airflow/.local/lib/python3.8/site-packages/airflow/example_dags/example_branch_python_dop_operator_3.py took 0.192 seconds
[2026-01-09T12:12:02.175+0000] {processor.py:161} INFO - Started process (PID=1835) to work on /home/airflow/.local/lib/python3.8/site-packages/airflow/example_dags/example_branch_python_dop_operator_3.py
[2026-01-09T12:12:02.180+0000] {processor.py:830} INFO - Processing file /home/airflow/.local/lib/python3.8/site-packages/airflow/example_dags/example_branch_python_dop_operator_3.py for tasks to queue
[2026-01-09T12:12:02.182+0000] {logging_mixin.py:188} INFO - [2026-01-09T12:12:02.181+0000] {dagbag.py:538} INFO - Filling up the DagBag from /home/airflow/.local/lib/python3.8/site-packages/airflow/example_dags/example_branch_python_dop_operator_3.py
[2026-01-09T12:12:02.202+0000] {processor.py:840} INFO - DAG(s) 'example_branch_dop_operator_v3' retrieved from /home/airflow/.local/lib/python3.8/site-packages/airflow/example_dags/example_branch_python_dop_operator_3.py
[2026-01-09T12:12:02.257+0000] {logging_mixin.py:188} INFO - [2026-01-09T12:12:02.256+0000] {dag.py:3036} INFO - Sync 1 DAGs
[2026-01-09T12:12:02.330+0000] {logging_mixin.py:188} INFO - [2026-01-09T12:12:02.330+0000] {dag.py:3823} INFO - Setting next_dagrun for example_branch_dop_operator_v3 to 2026-01-09 12:11:00+00:00, run_after=2026-01-09 12:12:00+00:00
[2026-01-09T12:12:02.398+0000] {processor.py:183} INFO - Processing /home/airflow/.local/lib/python3.8/site-packages/airflow/example_dags/example_branch_python_dop_operator_3.py took 0.232 seconds
[2026-01-09T12:12:33.268+0000] {processor.py:161} INFO - Started process (PID=2082) to work on /home/airflow/.local/lib/python3.8/site-packages/airflow/example_dags/example_branch_python_dop_operator_3.py
[2026-01-09T12:12:33.276+0000] {processor.py:830} INFO - Processing file /home/airflow/.local/lib/python3.8/site-packages/airflow/example_dags/example_branch_python_dop_operator_3.py for tasks to queue
[2026-01-09T12:12:33.279+0000] {logging_mixin.py:188} INFO - [2026-01-09T12:12:33.278+0000] {dagbag.py:538} INFO - Filling up the DagBag from /home/airflow/.local/lib/python3.8/site-packages/airflow/example_dags/example_branch_python_dop_operator_3.py
[2026-01-09T12:12:33.294+0000] {processor.py:840} INFO - DAG(s) 'example_branch_dop_operator_v3' retrieved from /home/airflow/.local/lib/python3.8/site-packages/airflow/example_dags/example_branch_python_dop_operator_3.py
[2026-01-09T12:12:33.335+0000] {logging_mixin.py:188} INFO - [2026-01-09T12:12:33.334+0000] {dag.py:3036} INFO - Sync 1 DAGs
[2026-01-09T12:12:33.380+0000] {logging_mixin.py:188} INFO - [2026-01-09T12:12:33.380+0000] {dag.py:3823} INFO - Setting next_dagrun for example_branch_dop_operator_v3 to 2026-01-09 12:11:00+00:00, run_after=2026-01-09 12:12:00+00:00
[2026-01-09T12:12:33.460+0000] {processor.py:183} INFO - Processing /home/airflow/.local/lib/python3.8/site-packages/airflow/example_dags/example_branch_python_dop_operator_3.py took 0.198 seconds
[2026-01-09T12:13:03.966+0000] {processor.py:161} INFO - Started process (PID=2329) to work on /home/airflow/.local/lib/python3.8/site-packages/airflow/example_dags/example_branch_python_dop_operator_3.py
[2026-01-09T12:13:03.968+0000] {processor.py:830} INFO - Processing file /home/airflow/.local/lib/python3.8/site-packages/airflow/example_dags/example_branch_python_dop_operator_3.py for tasks to queue
[2026-01-09T12:13:03.970+0000] {logging_mixin.py:188} INFO - [2026-01-09T12:13:03.969+0000] {dagbag.py:538} INFO - Filling up the DagBag from /home/airflow/.local/lib/python3.8/site-packages/airflow/example_dags/example_branch_python_dop_operator_3.py
[2026-01-09T12:13:03.988+0000] {processor.py:840} INFO - DAG(s) 'example_branch_dop_operator_v3' retrieved from /home/airflow/.local/lib/python3.8/site-packages/airflow/example_dags/example_branch_python_dop_operator_3.py
[2026-01-09T12:13:04.035+0000] {logging_mixin.py:188} INFO - [2026-01-09T12:13:04.034+0000] {dag.py:3036} INFO - Sync 1 DAGs
[2026-01-09T12:13:04.085+0000] {logging_mixin.py:188} INFO - [2026-01-09T12:13:04.084+0000] {dag.py:3823} INFO - Setting next_dagrun for example_branch_dop_operator_v3 to 2026-01-09 12:12:00+00:00, run_after=2026-01-09 12:13:00+00:00
[2026-01-09T12:13:04.130+0000] {processor.py:183} INFO - Processing /home/airflow/.local/lib/python3.8/site-packages/airflow/example_dags/example_branch_python_dop_operator_3.py took 0.174 seconds
[2026-01-09T12:13:34.235+0000] {processor.py:161} INFO - Started process (PID=2576) to work on /home/airflow/.local/lib/python3.8/site-packages/airflow/example_dags/example_branch_python_dop_operator_3.py
[2026-01-09T12:13:34.237+0000] {processor.py:830} INFO - Processing file /home/airflow/.local/lib/python3.8/site-packages/airflow/example_dags/example_branch_python_dop_operator_3.py for tasks to queue
[2026-01-09T12:13:34.239+0000] {logging_mixin.py:188} INFO - [2026-01-09T12:13:34.238+0000] {dagbag.py:538} INFO - Filling up the DagBag from /home/airflow/.local/lib/python3.8/site-packages/airflow/example_dags/example_branch_python_dop_operator_3.py
[2026-01-09T12:13:34.256+0000] {processor.py:840} INFO - DAG(s) 'example_branch_dop_operator_v3' retrieved from /home/airflow/.local/lib/python3.8/site-packages/airflow/example_dags/example_branch_python_dop_operator_3.py
[2026-01-09T12:13:34.298+0000] {logging_mixin.py:188} INFO - [2026-01-09T12:13:34.297+0000] {dag.py:3036} INFO - Sync 1 DAGs
[2026-01-09T12:13:34.342+0000] {logging_mixin.py:188} INFO - [2026-01-09T12:13:34.342+0000] {dag.py:3823} INFO - Setting next_dagrun for example_branch_dop_operator_v3 to 2026-01-09 12:12:00+00:00, run_after=2026-01-09 12:13:00+00:00
[2026-01-09T12:13:34.390+0000] {processor.py:183} INFO - Processing /home/airflow/.local/lib/python3.8/site-packages/airflow/example_dags/example_branch_python_dop_operator_3.py took 0.162 seconds
[2026-01-09T12:14:04.632+0000] {processor.py:161} INFO - Started process (PID=2825) to work on /home/airflow/.local/lib/python3.8/site-packages/airflow/example_dags/example_branch_python_dop_operator_3.py
[2026-01-09T12:14:04.634+0000] {processor.py:830} INFO - Processing file /home/airflow/.local/lib/python3.8/site-packages/airflow/example_dags/example_branch_python_dop_operator_3.py for tasks to queue
[2026-01-09T12:14:04.635+0000] {logging_mixin.py:188} INFO - [2026-01-09T12:14:04.635+0000] {dagbag.py:538} INFO - Filling up the DagBag from /home/airflow/.local/lib/python3.8/site-packages/airflow/example_dags/example_branch_python_dop_operator_3.py
[2026-01-09T12:14:04.649+0000] {processor.py:840} INFO - DAG(s) 'example_branch_dop_operator_v3' retrieved from /home/airflow/.local/lib/python3.8/site-packages/airflow/example_dags/example_branch_python_dop_operator_3.py
[2026-01-09T12:14:04.690+0000] {logging_mixin.py:188} INFO - [2026-01-09T12:14:04.690+0000] {dag.py:3036} INFO - Sync 1 DAGs
[2026-01-09T12:14:04.731+0000] {logging_mixin.py:188} INFO - [2026-01-09T12:14:04.731+0000] {dag.py:3823} INFO - Setting next_dagrun for example_branch_dop_operator_v3 to 2026-01-09 12:13:00+00:00, run_after=2026-01-09 12:14:00+00:00
[2026-01-09T12:14:04.776+0000] {processor.py:183} INFO - Processing /home/airflow/.local/lib/python3.8/site-packages/airflow/example_dags/example_branch_python_dop_operator_3.py took 0.149 seconds
[2026-01-09T12:14:34.928+0000] {processor.py:161} INFO - Started process (PID=3070) to work on /home/airflow/.local/lib/python3.8/site-packages/airflow/example_dags/example_branch_python_dop_operator_3.py
[2026-01-09T12:14:34.930+0000] {processor.py:830} INFO - Processing file /home/airflow/.local/lib/python3.8/site-packages/airflow/example_dags/example_branch_python_dop_operator_3.py for tasks to queue
[2026-01-09T12:14:34.932+0000] {logging_mixin.py:188} INFO - [2026-01-09T12:14:34.931+0000] {dagbag.py:538} INFO - Filling up the DagBag from /home/airflow/.local/lib/python3.8/site-packages/airflow/example_dags/example_branch_python_dop_operator_3.py
[2026-01-09T12:14:34.949+0000] {processor.py:840} INFO - DAG(s) 'example_branch_dop_operator_v3' retrieved from /home/airflow/.local/lib/python3.8/site-packages/airflow/example_dags/example_branch_python_dop_operator_3.py
[2026-01-09T12:14:34.991+0000] {logging_mixin.py:188} INFO - [2026-01-09T12:14:34.990+0000] {dag.py:3036} INFO - Sync 1 DAGs
[2026-01-09T12:14:35.035+0000] {logging_mixin.py:188} INFO - [2026-01-09T12:14:35.035+0000] {dag.py:3823} INFO - Setting next_dagrun for example_branch_dop_operator_v3 to 2026-01-09 12:13:00+00:00, run_after=2026-01-09 12:14:00+00:00
[2026-01-09T12:14:35.078+0000] {processor.py:183} INFO - Processing /home/airflow/.local/lib/python3.8/site-packages/airflow/example_dags/example_branch_python_dop_operator_3.py took 0.156 seconds
[2026-01-09T12:15:06.170+0000] {processor.py:161} INFO - Started process (PID=3317) to work on /home/airflow/.local/lib/python3.8/site-packages/airflow/example_dags/example_branch_python_dop_operator_3.py
[2026-01-09T12:15:06.173+0000] {processor.py:830} INFO - Processing file /home/airflow/.local/lib/python3.8/site-packages/airflow/example_dags/example_branch_python_dop_operator_3.py for tasks to queue
[2026-01-09T12:15:06.176+0000] {logging_mixin.py:188} INFO - [2026-01-09T12:15:06.175+0000] {dagbag.py:538} INFO - Filling up the DagBag from /home/airflow/.local/lib/python3.8/site-packages/airflow/example_dags/example_branch_python_dop_operator_3.py
[2026-01-09T12:15:06.203+0000] {processor.py:840} INFO - DAG(s) 'example_branch_dop_operator_v3' retrieved from /home/airflow/.local/lib/python3.8/site-packages/airflow/example_dags/example_branch_python_dop_operator_3.py
[2026-01-09T12:15:06.288+0000] {logging_mixin.py:188} INFO - [2026-01-09T12:15:06.287+0000] {dag.py:3036} INFO - Sync 1 DAGs
[2026-01-09T12:15:06.399+0000] {logging_mixin.py:188} INFO - [2026-01-09T12:15:06.399+0000] {dag.py:3823} INFO - Setting next_dagrun for example_branch_dop_operator_v3 to 2026-01-09 12:14:00+00:00, run_after=2026-01-09 12:15:00+00:00
[2026-01-09T12:15:06.463+0000] {processor.py:183} INFO - Processing /home/airflow/.local/lib/python3.8/site-packages/airflow/example_dags/example_branch_python_dop_operator_3.py took 0.306 seconds
[2026-01-09T12:15:36.690+0000] {processor.py:161} INFO - Started process (PID=3564) to work on /home/airflow/.local/lib/python3.8/site-packages/airflow/example_dags/example_branch_python_dop_operator_3.py
[2026-01-09T12:15:36.691+0000] {processor.py:830} INFO - Processing file /home/airflow/.local/lib/python3.8/site-packages/airflow/example_dags/example_branch_python_dop_operator_3.py for tasks to queue
[2026-01-09T12:15:36.693+0000] {logging_mixin.py:188} INFO - [2026-01-09T12:15:36.692+0000] {dagbag.py:538} INFO - Filling up the DagBag from /home/airflow/.local/lib/python3.8/site-packages/airflow/example_dags/example_branch_python_dop_operator_3.py
[2026-01-09T12:15:36.712+0000] {processor.py:840} INFO - DAG(s) 'example_branch_dop_operator_v3' retrieved from /home/airflow/.local/lib/python3.8/site-packages/airflow/example_dags/example_branch_python_dop_operator_3.py
[2026-01-09T12:15:36.756+0000] {logging_mixin.py:188} INFO - [2026-01-09T12:15:36.755+0000] {dag.py:3036} INFO - Sync 1 DAGs
[2026-01-09T12:15:36.807+0000] {logging_mixin.py:188} INFO - [2026-01-09T12:15:36.806+0000] {dag.py:3823} INFO - Setting next_dagrun for example_branch_dop_operator_v3 to 2026-01-09 12:14:00+00:00, run_after=2026-01-09 12:15:00+00:00
[2026-01-09T12:15:36.856+0000] {processor.py:183} INFO - Processing /home/airflow/.local/lib/python3.8/site-packages/airflow/example_dags/example_branch_python_dop_operator_3.py took 0.173 seconds
[2026-01-09T12:16:06.958+0000] {processor.py:161} INFO - Started process (PID=3810) to work on /home/airflow/.local/lib/python3.8/site-packages/airflow/example_dags/example_branch_python_dop_operator_3.py
[2026-01-09T12:16:06.960+0000] {processor.py:830} INFO - Processing file /home/airflow/.local/lib/python3.8/site-packages/airflow/example_dags/example_branch_python_dop_operator_3.py for tasks to queue
[2026-01-09T12:16:06.962+0000] {logging_mixin.py:188} INFO - [2026-01-09T12:16:06.962+0000] {dagbag.py:538} INFO - Filling up the DagBag from /home/airflow/.local/lib/python3.8/site-packages/airflow/example_dags/example_branch_python_dop_operator_3.py
[2026-01-09T12:16:06.981+0000] {processor.py:840} INFO - DAG(s) 'example_branch_dop_operator_v3' retrieved from /home/airflow/.local/lib/python3.8/site-packages/airflow/example_dags/example_branch_python_dop_operator_3.py
[2026-01-09T12:16:07.022+0000] {logging_mixin.py:188} INFO - [2026-01-09T12:16:07.022+0000] {dag.py:3036} INFO - Sync 1 DAGs
[2026-01-09T12:16:07.065+0000] {logging_mixin.py:188} INFO - [2026-01-09T12:16:07.065+0000] {dag.py:3823} INFO - Setting next_dagrun for example_branch_dop_operator_v3 to 2026-01-09 12:15:00+00:00, run_after=2026-01-09 12:16:00+00:00
[2026-01-09T12:16:07.103+0000] {processor.py:183} INFO - Processing /home/airflow/.local/lib/python3.8/site-packages/airflow/example_dags/example_branch_python_dop_operator_3.py took 0.153 seconds
[2026-01-09T12:16:37.959+0000] {processor.py:161} INFO - Started process (PID=4059) to work on /home/airflow/.local/lib/python3.8/site-packages/airflow/example_dags/example_branch_python_dop_operator_3.py
[2026-01-09T12:16:37.963+0000] {processor.py:830} INFO - Processing file /home/airflow/.local/lib/python3.8/site-packages/airflow/example_dags/example_branch_python_dop_operator_3.py for tasks to queue
[2026-01-09T12:16:37.965+0000] {logging_mixin.py:188} INFO - [2026-01-09T12:16:37.964+0000] {dagbag.py:538} INFO - Filling up the DagBag from /home/airflow/.local/lib/python3.8/site-packages/airflow/example_dags/example_branch_python_dop_operator_3.py
[2026-01-09T12:16:37.983+0000] {processor.py:840} INFO - DAG(s) 'example_branch_dop_operator_v3' retrieved from /home/airflow/.local/lib/python3.8/site-packages/airflow/example_dags/example_branch_python_dop_operator_3.py
[2026-01-09T12:16:38.022+0000] {logging_mixin.py:188} INFO - [2026-01-09T12:16:38.021+0000] {dag.py:3036} INFO - Sync 1 DAGs
[2026-01-09T12:16:38.076+0000] {logging_mixin.py:188} INFO - [2026-01-09T12:16:38.075+0000] {dag.py:3823} INFO - Setting next_dagrun for example_branch_dop_operator_v3 to 2026-01-09 12:15:00+00:00, run_after=2026-01-09 12:16:00+00:00
[2026-01-09T12:16:38.123+0000] {processor.py:183} INFO - Processing /home/airflow/.local/lib/python3.8/site-packages/airflow/example_dags/example_branch_python_dop_operator_3.py took 0.177 seconds
[2026-01-09T12:17:08.438+0000] {processor.py:161} INFO - Started process (PID=4306) to work on /home/airflow/.local/lib/python3.8/site-packages/airflow/example_dags/example_branch_python_dop_operator_3.py
[2026-01-09T12:17:08.440+0000] {processor.py:830} INFO - Processing file /home/airflow/.local/lib/python3.8/site-packages/airflow/example_dags/example_branch_python_dop_operator_3.py for tasks to queue
[2026-01-09T12:17:08.441+0000] {logging_mixin.py:188} INFO - [2026-01-09T12:17:08.441+0000] {dagbag.py:538} INFO - Filling up the DagBag from /home/airflow/.local/lib/python3.8/site-packages/airflow/example_dags/example_branch_python_dop_operator_3.py
[2026-01-09T12:17:08.456+0000] {processor.py:840} INFO - DAG(s) 'example_branch_dop_operator_v3' retrieved from /home/airflow/.local/lib/python3.8/site-packages/airflow/example_dags/example_branch_python_dop_operator_3.py
[2026-01-09T12:17:08.495+0000] {logging_mixin.py:188} INFO - [2026-01-09T12:17:08.494+0000] {dag.py:3036} INFO - Sync 1 DAGs
[2026-01-09T12:17:08.535+0000] {logging_mixin.py:188} INFO - [2026-01-09T12:17:08.535+0000] {dag.py:3823} INFO - Setting next_dagrun for example_branch_dop_operator_v3 to 2026-01-09 12:16:00+00:00, run_after=2026-01-09 12:17:00+00:00
[2026-01-09T12:17:08.583+0000] {processor.py:183} INFO - Processing /home/airflow/.local/lib/python3.8/site-packages/airflow/example_dags/example_branch_python_dop_operator_3.py took 0.150 seconds
[2026-01-09T12:17:38.802+0000] {processor.py:161} INFO - Started process (PID=4553) to work on /home/airflow/.local/lib/python3.8/site-packages/airflow/example_dags/example_branch_python_dop_operator_3.py
[2026-01-09T12:17:38.804+0000] {processor.py:830} INFO - Processing file /home/airflow/.local/lib/python3.8/site-packages/airflow/example_dags/example_branch_python_dop_operator_3.py for tasks to queue
[2026-01-09T12:17:38.805+0000] {logging_mixin.py:188} INFO - [2026-01-09T12:17:38.805+0000] {dagbag.py:538} INFO - Filling up the DagBag from /home/airflow/.local/lib/python3.8/site-packages/airflow/example_dags/example_branch_python_dop_operator_3.py
[2026-01-09T12:17:38.818+0000] {processor.py:840} INFO - DAG(s) 'example_branch_dop_operator_v3' retrieved from /home/airflow/.local/lib/python3.8/site-packages/airflow/example_dags/example_branch_python_dop_operator_3.py
[2026-01-09T12:17:38.857+0000] {logging_mixin.py:188} INFO - [2026-01-09T12:17:38.857+0000] {dag.py:3036} INFO - Sync 1 DAGs
[2026-01-09T12:17:38.897+0000] {logging_mixin.py:188} INFO - [2026-01-09T12:17:38.897+0000] {dag.py:3823} INFO - Setting next_dagrun for example_branch_dop_operator_v3 to 2026-01-09 12:16:00+00:00, run_after=2026-01-09 12:17:00+00:00
[2026-01-09T12:17:38.941+0000] {processor.py:183} INFO - Processing /home/airflow/.local/lib/python3.8/site-packages/airflow/example_dags/example_branch_python_dop_operator_3.py took 0.146 seconds
[2026-01-09T12:18:09.994+0000] {processor.py:161} INFO - Started process (PID=4800) to work on /home/airflow/.local/lib/python3.8/site-packages/airflow/example_dags/example_branch_python_dop_operator_3.py
[2026-01-09T12:18:09.997+0000] {processor.py:830} INFO - Processing file /home/airflow/.local/lib/python3.8/site-packages/airflow/example_dags/example_branch_python_dop_operator_3.py for tasks to queue
[2026-01-09T12:18:09.999+0000] {logging_mixin.py:188} INFO - [2026-01-09T12:18:09.998+0000] {dagbag.py:538} INFO - Filling up the DagBag from /home/airflow/.local/lib/python3.8/site-packages/airflow/example_dags/example_branch_python_dop_operator_3.py
[2026-01-09T12:18:10.021+0000] {processor.py:840} INFO - DAG(s) 'example_branch_dop_operator_v3' retrieved from /home/airflow/.local/lib/python3.8/site-packages/airflow/example_dags/example_branch_python_dop_operator_3.py
[2026-01-09T12:18:10.076+0000] {logging_mixin.py:188} INFO - [2026-01-09T12:18:10.075+0000] {dag.py:3036} INFO - Sync 1 DAGs
[2026-01-09T12:18:10.143+0000] {logging_mixin.py:188} INFO - [2026-01-09T12:18:10.142+0000] {dag.py:3823} INFO - Setting next_dagrun for example_branch_dop_operator_v3 to 2026-01-09 12:17:00+00:00, run_after=2026-01-09 12:18:00+00:00
[2026-01-09T12:18:10.193+0000] {processor.py:183} INFO - Processing /home/airflow/.local/lib/python3.8/site-packages/airflow/example_dags/example_branch_python_dop_operator_3.py took 0.209 seconds
[2026-01-09T12:18:40.671+0000] {processor.py:161} INFO - Started process (PID=5047) to work on /home/airflow/.local/lib/python3.8/site-packages/airflow/example_dags/example_branch_python_dop_operator_3.py
[2026-01-09T12:18:40.673+0000] {processor.py:830} INFO - Processing file /home/airflow/.local/lib/python3.8/site-packages/airflow/example_dags/example_branch_python_dop_operator_3.py for tasks to queue
[2026-01-09T12:18:40.675+0000] {logging_mixin.py:188} INFO - [2026-01-09T12:18:40.674+0000] {dagbag.py:538} INFO - Filling up the DagBag from /home/airflow/.local/lib/python3.8/site-packages/airflow/example_dags/example_branch_python_dop_operator_3.py
[2026-01-09T12:18:40.694+0000] {processor.py:840} INFO - DAG(s) 'example_branch_dop_operator_v3' retrieved from /home/airflow/.local/lib/python3.8/site-packages/airflow/example_dags/example_branch_python_dop_operator_3.py
[2026-01-09T12:18:40.745+0000] {logging_mixin.py:188} INFO - [2026-01-09T12:18:40.744+0000] {dag.py:3036} INFO - Sync 1 DAGs
[2026-01-09T12:18:40.803+0000] {logging_mixin.py:188} INFO - [2026-01-09T12:18:40.803+0000] {dag.py:3823} INFO - Setting next_dagrun for example_branch_dop_operator_v3 to 2026-01-09 12:17:00+00:00, run_after=2026-01-09 12:18:00+00:00
[2026-01-09T12:18:40.860+0000] {processor.py:183} INFO - Processing /home/airflow/.local/lib/python3.8/site-packages/airflow/example_dags/example_branch_python_dop_operator_3.py took 0.194 seconds
[2026-01-09T12:19:10.994+0000] {processor.py:161} INFO - Started process (PID=5292) to work on /home/airflow/.local/lib/python3.8/site-packages/airflow/example_dags/example_branch_python_dop_operator_3.py
[2026-01-09T12:19:10.996+0000] {processor.py:830} INFO - Processing file /home/airflow/.local/lib/python3.8/site-packages/airflow/example_dags/example_branch_python_dop_operator_3.py for tasks to queue
[2026-01-09T12:19:10.997+0000] {logging_mixin.py:188} INFO - [2026-01-09T12:19:10.997+0000] {dagbag.py:538} INFO - Filling up the DagBag from /home/airflow/.local/lib/python3.8/site-packages/airflow/example_dags/example_branch_python_dop_operator_3.py
[2026-01-09T12:19:11.012+0000] {processor.py:840} INFO - DAG(s) 'example_branch_dop_operator_v3' retrieved from /home/airflow/.local/lib/python3.8/site-packages/airflow/example_dags/example_branch_python_dop_operator_3.py
[2026-01-09T12:19:11.053+0000] {logging_mixin.py:188} INFO - [2026-01-09T12:19:11.052+0000] {dag.py:3036} INFO - Sync 1 DAGs
[2026-01-09T12:19:11.097+0000] {logging_mixin.py:188} INFO - [2026-01-09T12:19:11.097+0000] {dag.py:3823} INFO - Setting next_dagrun for example_branch_dop_operator_v3 to 2026-01-09 12:18:00+00:00, run_after=2026-01-09 12:19:00+00:00
[2026-01-09T12:19:11.163+0000] {processor.py:183} INFO - Processing /home/airflow/.local/lib/python3.8/site-packages/airflow/example_dags/example_branch_python_dop_operator_3.py took 0.176 seconds
[2026-01-09T12:19:41.949+0000] {processor.py:161} INFO - Started process (PID=5539) to work on /home/airflow/.local/lib/python3.8/site-packages/airflow/example_dags/example_branch_python_dop_operator_3.py
[2026-01-09T12:19:41.952+0000] {processor.py:830} INFO - Processing file /home/airflow/.local/lib/python3.8/site-packages/airflow/example_dags/example_branch_python_dop_operator_3.py for tasks to queue
[2026-01-09T12:19:41.955+0000] {logging_mixin.py:188} INFO - [2026-01-09T12:19:41.954+0000] {dagbag.py:538} INFO - Filling up the DagBag from /home/airflow/.local/lib/python3.8/site-packages/airflow/example_dags/example_branch_python_dop_operator_3.py
[2026-01-09T12:19:41.977+0000] {processor.py:840} INFO - DAG(s) 'example_branch_dop_operator_v3' retrieved from /home/airflow/.local/lib/python3.8/site-packages/airflow/example_dags/example_branch_python_dop_operator_3.py
[2026-01-09T12:19:41.909+0000] {logging_mixin.py:188} INFO - [2026-01-09T12:19:41.908+0000] {dag.py:3036} INFO - Sync 1 DAGs
[2026-01-09T12:19:41.954+0000] {logging_mixin.py:188} INFO - [2026-01-09T12:19:41.954+0000] {dag.py:3823} INFO - Setting next_dagrun for example_branch_dop_operator_v3 to 2026-01-09 12:18:00+00:00, run_after=2026-01-09 12:19:00+00:00
[2026-01-09T12:19:42.025+0000] {processor.py:183} INFO - Processing /home/airflow/.local/lib/python3.8/site-packages/airflow/example_dags/example_branch_python_dop_operator_3.py took 0.204 seconds
[2026-01-09T12:20:12.543+0000] {processor.py:161} INFO - Started process (PID=5786) to work on /home/airflow/.local/lib/python3.8/site-packages/airflow/example_dags/example_branch_python_dop_operator_3.py
[2026-01-09T12:20:12.545+0000] {processor.py:830} INFO - Processing file /home/airflow/.local/lib/python3.8/site-packages/airflow/example_dags/example_branch_python_dop_operator_3.py for tasks to queue
[2026-01-09T12:20:12.547+0000] {logging_mixin.py:188} INFO - [2026-01-09T12:20:12.546+0000] {dagbag.py:538} INFO - Filling up the DagBag from /home/airflow/.local/lib/python3.8/site-packages/airflow/example_dags/example_branch_python_dop_operator_3.py
[2026-01-09T12:20:12.571+0000] {processor.py:840} INFO - DAG(s) 'example_branch_dop_operator_v3' retrieved from /home/airflow/.local/lib/python3.8/site-packages/airflow/example_dags/example_branch_python_dop_operator_3.py
[2026-01-09T12:20:12.616+0000] {logging_mixin.py:188} INFO - [2026-01-09T12:20:12.615+0000] {dag.py:3036} INFO - Sync 1 DAGs
[2026-01-09T12:20:12.667+0000] {logging_mixin.py:188} INFO - [2026-01-09T12:20:12.667+0000] {dag.py:3823} INFO - Setting next_dagrun for example_branch_dop_operator_v3 to 2026-01-09 12:19:00+00:00, run_after=2026-01-09 12:20:00+00:00
[2026-01-09T12:20:12.724+0000] {processor.py:183} INFO - Processing /home/airflow/.local/lib/python3.8/site-packages/airflow/example_dags/example_branch_python_dop_operator_3.py took 0.189 seconds
[2026-01-09T12:20:43.507+0000] {processor.py:161} INFO - Started process (PID=6035) to work on /home/airflow/.local/lib/python3.8/site-packages/airflow/example_dags/example_branch_python_dop_operator_3.py
[2026-01-09T12:20:43.509+0000] {processor.py:830} INFO - Processing file /home/airflow/.local/lib/python3.8/site-packages/airflow/example_dags/example_branch_python_dop_operator_3.py for tasks to queue
[2026-01-09T12:20:43.510+0000] {logging_mixin.py:188} INFO - [2026-01-09T12:20:43.510+0000] {dagbag.py:538} INFO - Filling up the DagBag from /home/airflow/.local/lib/python3.8/site-packages/airflow/example_dags/example_branch_python_dop_operator_3.py
[2026-01-09T12:20:43.526+0000] {processor.py:840} INFO - DAG(s) 'example_branch_dop_operator_v3' retrieved from /home/airflow/.local/lib/python3.8/site-packages/airflow/example_dags/example_branch_python_dop_operator_3.py
[2026-01-09T12:20:43.570+0000] {logging_mixin.py:188} INFO - [2026-01-09T12:20:43.570+0000] {dag.py:3036} INFO - Sync 1 DAGs
[2026-01-09T12:20:43.617+0000] {logging_mixin.py:188} INFO - [2026-01-09T12:20:43.617+0000] {dag.py:3823} INFO - Setting next_dagrun for example_branch_dop_operator_v3 to 2026-01-09 12:19:00+00:00, run_after=2026-01-09 12:20:00+00:00
[2026-01-09T12:20:43.659+0000] {processor.py:183} INFO - Processing /home/airflow/.local/lib/python3.8/site-packages/airflow/example_dags/example_branch_python_dop_operator_3.py took 0.158 seconds
[2026-01-09T12:21:13.963+0000] {processor.py:161} INFO - Started process (PID=6282) to work on /home/airflow/.local/lib/python3.8/site-packages/airflow/example_dags/example_branch_python_dop_operator_3.py
[2026-01-09T12:21:13.965+0000] {processor.py:830} INFO - Processing file /home/airflow/.local/lib/python3.8/site-packages/airflow/example_dags/example_branch_python_dop_operator_3.py for tasks to queue
[2026-01-09T12:21:13.967+0000] {logging_mixin.py:188} INFO - [2026-01-09T12:21:13.967+0000] {dagbag.py:538} INFO - Filling up the DagBag from /home/airflow/.local/lib/python3.8/site-packages/airflow/example_dags/example_branch_python_dop_operator_3.py
[2026-01-09T12:21:13.986+0000] {processor.py:840} INFO - DAG(s) 'example_branch_dop_operator_v3' retrieved from /home/airflow/.local/lib/python3.8/site-packages/airflow/example_dags/example_branch_python_dop_operator_3.py
[2026-01-09T12:21:14.031+0000] {logging_mixin.py:188} INFO - [2026-01-09T12:21:14.031+0000] {dag.py:3036} INFO - Sync 1 DAGs
[2026-01-09T12:21:14.081+0000] {logging_mixin.py:188} INFO - [2026-01-09T12:21:14.081+0000] {dag.py:3823} INFO - Setting next_dagrun for example_branch_dop_operator_v3 to 2026-01-09 12:20:00+00:00, run_after=2026-01-09 12:21:00+00:00
[2026-01-09T12:21:14.137+0000] {processor.py:183} INFO - Processing /home/airflow/.local/lib/python3.8/site-packages/airflow/example_dags/example_branch_python_dop_operator_3.py took 0.181 seconds
[2026-01-09T12:21:44.923+0000] {processor.py:161} INFO - Started process (PID=6527) to work on /home/airflow/.local/lib/python3.8/site-packages/airflow/example_dags/example_branch_python_dop_operator_3.py
[2026-01-09T12:21:44.925+0000] {processor.py:830} INFO - Processing file /home/airflow/.local/lib/python3.8/site-packages/airflow/example_dags/example_branch_python_dop_operator_3.py for tasks to queue
[2026-01-09T12:21:44.927+0000] {logging_mixin.py:188} INFO - [2026-01-09T12:21:44.926+0000] {dagbag.py:538} INFO - Filling up the DagBag from /home/airflow/.local/lib/python3.8/site-packages/airflow/example_dags/example_branch_python_dop_operator_3.py
[2026-01-09T12:21:44.944+0000] {processor.py:840} INFO - DAG(s) 'example_branch_dop_operator_v3' retrieved from /home/airflow/.local/lib/python3.8/site-packages/airflow/example_dags/example_branch_python_dop_operator_3.py
[2026-01-09T12:21:45.001+0000] {logging_mixin.py:188} INFO - [2026-01-09T12:21:45.000+0000] {dag.py:3036} INFO - Sync 1 DAGs
[2026-01-09T12:21:45.064+0000] {logging_mixin.py:188} INFO - [2026-01-09T12:21:45.063+0000] {dag.py:3823} INFO - Setting next_dagrun for example_branch_dop_operator_v3 to 2026-01-09 12:20:00+00:00, run_after=2026-01-09 12:21:00+00:00
[2026-01-09T12:21:45.113+0000] {processor.py:183} INFO - Processing /home/airflow/.local/lib/python3.8/site-packages/airflow/example_dags/example_branch_python_dop_operator_3.py took 0.198 seconds
[2026-01-09T12:22:15.867+0000] {processor.py:161} INFO - Started process (PID=6777) to work on /home/airflow/.local/lib/python3.8/site-packages/airflow/example_dags/example_branch_python_dop_operator_3.py
[2026-01-09T12:22:15.887+0000] {processor.py:830} INFO - Processing file /home/airflow/.local/lib/python3.8/site-packages/airflow/example_dags/example_branch_python_dop_operator_3.py for tasks to queue
[2026-01-09T12:22:15.889+0000] {logging_mixin.py:188} INFO - [2026-01-09T12:22:15.888+0000] {dagbag.py:538} INFO - Filling up the DagBag from /home/airflow/.local/lib/python3.8/site-packages/airflow/example_dags/example_branch_python_dop_operator_3.py
[2026-01-09T12:22:15.907+0000] {processor.py:840} INFO - DAG(s) 'example_branch_dop_operator_v3' retrieved from /home/airflow/.local/lib/python3.8/site-packages/airflow/example_dags/example_branch_python_dop_operator_3.py
[2026-01-09T12:22:15.950+0000] {logging_mixin.py:188} INFO - [2026-01-09T12:22:15.950+0000] {dag.py:3036} INFO - Sync 1 DAGs
[2026-01-09T12:22:16.001+0000] {logging_mixin.py:188} INFO - [2026-01-09T12:22:16.000+0000] {dag.py:3823} INFO - Setting next_dagrun for example_branch_dop_operator_v3 to 2026-01-09 12:21:00+00:00, run_after=2026-01-09 12:22:00+00:00
[2026-01-09T12:22:16.049+0000] {processor.py:183} INFO - Processing /home/airflow/.local/lib/python3.8/site-packages/airflow/example_dags/example_branch_python_dop_operator_3.py took 0.189 seconds
[2026-01-09T12:22:46.342+0000] {processor.py:161} INFO - Started process (PID=7024) to work on /home/airflow/.local/lib/python3.8/site-packages/airflow/example_dags/example_branch_python_dop_operator_3.py
[2026-01-09T12:22:46.361+0000] {processor.py:830} INFO - Processing file /home/airflow/.local/lib/python3.8/site-packages/airflow/example_dags/example_branch_python_dop_operator_3.py for tasks to queue
[2026-01-09T12:22:46.363+0000] {logging_mixin.py:188} INFO - [2026-01-09T12:22:46.362+0000] {dagbag.py:538} INFO - Filling up the DagBag from /home/airflow/.local/lib/python3.8/site-packages/airflow/example_dags/example_branch_python_dop_operator_3.py
[2026-01-09T12:22:46.385+0000] {processor.py:840} INFO - DAG(s) 'example_branch_dop_operator_v3' retrieved from /home/airflow/.local/lib/python3.8/site-packages/airflow/example_dags/example_branch_python_dop_operator_3.py
[2026-01-09T12:22:46.433+0000] {logging_mixin.py:188} INFO - [2026-01-09T12:22:46.432+0000] {dag.py:3036} INFO - Sync 1 DAGs
[2026-01-09T12:22:46.487+0000] {logging_mixin.py:188} INFO - [2026-01-09T12:22:46.486+0000] {dag.py:3823} INFO - Setting next_dagrun for example_branch_dop_operator_v3 to 2026-01-09 12:21:00+00:00, run_after=2026-01-09 12:22:00+00:00
[2026-01-09T12:22:46.540+0000] {processor.py:183} INFO - Processing /home/airflow/.local/lib/python3.8/site-packages/airflow/example_dags/example_branch_python_dop_operator_3.py took 0.211 seconds
[2026-01-09T12:23:16.738+0000] {processor.py:161} INFO - Started process (PID=7271) to work on /home/airflow/.local/lib/python3.8/site-packages/airflow/example_dags/example_branch_python_dop_operator_3.py
[2026-01-09T12:23:16.744+0000] {processor.py:830} INFO - Processing file /home/airflow/.local/lib/python3.8/site-packages/airflow/example_dags/example_branch_python_dop_operator_3.py for tasks to queue
[2026-01-09T12:23:16.745+0000] {logging_mixin.py:188} INFO - [2026-01-09T12:23:16.745+0000] {dagbag.py:538} INFO - Filling up the DagBag from /home/airflow/.local/lib/python3.8/site-packages/airflow/example_dags/example_branch_python_dop_operator_3.py
[2026-01-09T12:23:16.764+0000] {processor.py:840} INFO - DAG(s) 'example_branch_dop_operator_v3' retrieved from /home/airflow/.local/lib/python3.8/site-packages/airflow/example_dags/example_branch_python_dop_operator_3.py
[2026-01-09T12:23:16.812+0000] {logging_mixin.py:188} INFO - [2026-01-09T12:23:16.812+0000] {dag.py:3036} INFO - Sync 1 DAGs
[2026-01-09T12:23:16.863+0000] {logging_mixin.py:188} INFO - [2026-01-09T12:23:16.863+0000] {dag.py:3823} INFO - Setting next_dagrun for example_branch_dop_operator_v3 to 2026-01-09 12:22:00+00:00, run_after=2026-01-09 12:23:00+00:00
[2026-01-09T12:23:16.911+0000] {processor.py:183} INFO - Processing /home/airflow/.local/lib/python3.8/site-packages/airflow/example_dags/example_branch_python_dop_operator_3.py took 0.182 seconds
[2026-01-09T12:23:47.129+0000] {processor.py:161} INFO - Started process (PID=7516) to work on /home/airflow/.local/lib/python3.8/site-packages/airflow/example_dags/example_branch_python_dop_operator_3.py
[2026-01-09T12:23:47.132+0000] {processor.py:830} INFO - Processing file /home/airflow/.local/lib/python3.8/site-packages/airflow/example_dags/example_branch_python_dop_operator_3.py for tasks to queue
[2026-01-09T12:23:47.134+0000] {logging_mixin.py:188} INFO - [2026-01-09T12:23:47.133+0000] {dagbag.py:538} INFO - Filling up the DagBag from /home/airflow/.local/lib/python3.8/site-packages/airflow/example_dags/example_branch_python_dop_operator_3.py
[2026-01-09T12:23:47.151+0000] {processor.py:840} INFO - DAG(s) 'example_branch_dop_operator_v3' retrieved from /home/airflow/.local/lib/python3.8/site-packages/airflow/example_dags/example_branch_python_dop_operator_3.py
[2026-01-09T12:23:47.196+0000] {logging_mixin.py:188} INFO - [2026-01-09T12:23:47.196+0000] {dag.py:3036} INFO - Sync 1 DAGs
[2026-01-09T12:23:47.252+0000] {logging_mixin.py:188} INFO - [2026-01-09T12:23:47.251+0000] {dag.py:3823} INFO - Setting next_dagrun for example_branch_dop_operator_v3 to 2026-01-09 12:22:00+00:00, run_after=2026-01-09 12:23:00+00:00
[2026-01-09T12:23:47.331+0000] {processor.py:183} INFO - Processing /home/airflow/.local/lib/python3.8/site-packages/airflow/example_dags/example_branch_python_dop_operator_3.py took 0.209 seconds
[2026-01-09T12:24:17.454+0000] {processor.py:161} INFO - Started process (PID=7766) to work on /home/airflow/.local/lib/python3.8/site-packages/airflow/example_dags/example_branch_python_dop_operator_3.py
[2026-01-09T12:24:17.457+0000] {processor.py:830} INFO - Processing file /home/airflow/.local/lib/python3.8/site-packages/airflow/example_dags/example_branch_python_dop_operator_3.py for tasks to queue
[2026-01-09T12:24:17.458+0000] {logging_mixin.py:188} INFO - [2026-01-09T12:24:17.458+0000] {dagbag.py:538} INFO - Filling up the DagBag from /home/airflow/.local/lib/python3.8/site-packages/airflow/example_dags/example_branch_python_dop_operator_3.py
[2026-01-09T12:24:17.475+0000] {processor.py:840} INFO - DAG(s) 'example_branch_dop_operator_v3' retrieved from /home/airflow/.local/lib/python3.8/site-packages/airflow/example_dags/example_branch_python_dop_operator_3.py
[2026-01-09T12:24:17.543+0000] {logging_mixin.py:188} INFO - [2026-01-09T12:24:17.543+0000] {dag.py:3036} INFO - Sync 1 DAGs
[2026-01-09T12:24:17.613+0000] {logging_mixin.py:188} INFO - [2026-01-09T12:24:17.613+0000] {dag.py:3823} INFO - Setting next_dagrun for example_branch_dop_operator_v3 to 2026-01-09 12:23:00+00:00, run_after=2026-01-09 12:24:00+00:00
[2026-01-09T12:24:17.660+0000] {processor.py:183} INFO - Processing /home/airflow/.local/lib/python3.8/site-packages/airflow/example_dags/example_branch_python_dop_operator_3.py took 0.212 seconds
[2026-01-09T12:24:47.967+0000] {processor.py:161} INFO - Started process (PID=8011) to work on /home/airflow/.local/lib/python3.8/site-packages/airflow/example_dags/example_branch_python_dop_operator_3.py
[2026-01-09T12:24:47.971+0000] {processor.py:830} INFO - Processing file /home/airflow/.local/lib/python3.8/site-packages/airflow/example_dags/example_branch_python_dop_operator_3.py for tasks to queue
[2026-01-09T12:24:47.973+0000] {logging_mixin.py:188} INFO - [2026-01-09T12:24:47.972+0000] {dagbag.py:538} INFO - Filling up the DagBag from /home/airflow/.local/lib/python3.8/site-packages/airflow/example_dags/example_branch_python_dop_operator_3.py
[2026-01-09T12:24:47.989+0000] {processor.py:840} INFO - DAG(s) 'example_branch_dop_operator_v3' retrieved from /home/airflow/.local/lib/python3.8/site-packages/airflow/example_dags/example_branch_python_dop_operator_3.py
[2026-01-09T12:24:48.040+0000] {logging_mixin.py:188} INFO - [2026-01-09T12:24:48.039+0000] {dag.py:3036} INFO - Sync 1 DAGs
[2026-01-09T12:24:48.094+0000] {logging_mixin.py:188} INFO - [2026-01-09T12:24:48.094+0000] {dag.py:3823} INFO - Setting next_dagrun for example_branch_dop_operator_v3 to 2026-01-09 12:23:00+00:00, run_after=2026-01-09 12:24:00+00:00
[2026-01-09T12:24:48.136+0000] {processor.py:183} INFO - Processing /home/airflow/.local/lib/python3.8/site-packages/airflow/example_dags/example_branch_python_dop_operator_3.py took 0.176 seconds
[2026-01-09T12:25:19.055+0000] {processor.py:161} INFO - Started process (PID=8260) to work on /home/airflow/.local/lib/python3.8/site-packages/airflow/example_dags/example_branch_python_dop_operator_3.py
[2026-01-09T12:25:19.057+0000] {processor.py:830} INFO - Processing file /home/airflow/.local/lib/python3.8/site-packages/airflow/example_dags/example_branch_python_dop_operator_3.py for tasks to queue
[2026-01-09T12:25:19.059+0000] {logging_mixin.py:188} INFO - [2026-01-09T12:25:19.058+0000] {dagbag.py:538} INFO - Filling up the DagBag from /home/airflow/.local/lib/python3.8/site-packages/airflow/example_dags/example_branch_python_dop_operator_3.py
[2026-01-09T12:25:19.077+0000] {processor.py:840} INFO - DAG(s) 'example_branch_dop_operator_v3' retrieved from /home/airflow/.local/lib/python3.8/site-packages/airflow/example_dags/example_branch_python_dop_operator_3.py
[2026-01-09T12:25:19.121+0000] {logging_mixin.py:188} INFO - [2026-01-09T12:25:19.121+0000] {dag.py:3036} INFO - Sync 1 DAGs
[2026-01-09T12:25:19.174+0000] {logging_mixin.py:188} INFO - [2026-01-09T12:25:19.174+0000] {dag.py:3823} INFO - Setting next_dagrun for example_branch_dop_operator_v3 to 2026-01-09 12:24:00+00:00, run_after=2026-01-09 12:25:00+00:00
[2026-01-09T12:25:19.225+0000] {processor.py:183} INFO - Processing /home/airflow/.local/lib/python3.8/site-packages/airflow/example_dags/example_branch_python_dop_operator_3.py took 0.177 seconds
[2026-01-09T12:25:49.542+0000] {processor.py:161} INFO - Started process (PID=8506) to work on /home/airflow/.local/lib/python3.8/site-packages/airflow/example_dags/example_branch_python_dop_operator_3.py
[2026-01-09T12:25:49.544+0000] {processor.py:830} INFO - Processing file /home/airflow/.local/lib/python3.8/site-packages/airflow/example_dags/example_branch_python_dop_operator_3.py for tasks to queue
[2026-01-09T12:25:49.545+0000] {logging_mixin.py:188} INFO - [2026-01-09T12:25:49.545+0000] {dagbag.py:538} INFO - Filling up the DagBag from /home/airflow/.local/lib/python3.8/site-packages/airflow/example_dags/example_branch_python_dop_operator_3.py
[2026-01-09T12:25:49.560+0000] {processor.py:840} INFO - DAG(s) 'example_branch_dop_operator_v3' retrieved from /home/airflow/.local/lib/python3.8/site-packages/airflow/example_dags/example_branch_python_dop_operator_3.py
[2026-01-09T12:25:49.601+0000] {logging_mixin.py:188} INFO - [2026-01-09T12:25:49.601+0000] {dag.py:3036} INFO - Sync 1 DAGs
[2026-01-09T12:25:49.643+0000] {logging_mixin.py:188} INFO - [2026-01-09T12:25:49.643+0000] {dag.py:3823} INFO - Setting next_dagrun for example_branch_dop_operator_v3 to 2026-01-09 12:24:00+00:00, run_after=2026-01-09 12:25:00+00:00
[2026-01-09T12:25:49.688+0000] {processor.py:183} INFO - Processing /home/airflow/.local/lib/python3.8/site-packages/airflow/example_dags/example_branch_python_dop_operator_3.py took 0.152 seconds
[2026-01-09T12:26:20.438+0000] {processor.py:161} INFO - Started process (PID=8753) to work on /home/airflow/.local/lib/python3.8/site-packages/airflow/example_dags/example_branch_python_dop_operator_3.py
[2026-01-09T12:26:20.440+0000] {processor.py:830} INFO - Processing file /home/airflow/.local/lib/python3.8/site-packages/airflow/example_dags/example_branch_python_dop_operator_3.py for tasks to queue
[2026-01-09T12:26:20.442+0000] {logging_mixin.py:188} INFO - [2026-01-09T12:26:20.442+0000] {dagbag.py:538} INFO - Filling up the DagBag from /home/airflow/.local/lib/python3.8/site-packages/airflow/example_dags/example_branch_python_dop_operator_3.py
[2026-01-09T12:26:20.457+0000] {processor.py:840} INFO - DAG(s) 'example_branch_dop_operator_v3' retrieved from /home/airflow/.local/lib/python3.8/site-packages/airflow/example_dags/example_branch_python_dop_operator_3.py
[2026-01-09T12:26:20.496+0000] {logging_mixin.py:188} INFO - [2026-01-09T12:26:20.495+0000] {dag.py:3036} INFO - Sync 1 DAGs
[2026-01-09T12:26:20.539+0000] {logging_mixin.py:188} INFO - [2026-01-09T12:26:20.538+0000] {dag.py:3823} INFO - Setting next_dagrun for example_branch_dop_operator_v3 to 2026-01-09 12:25:00+00:00, run_after=2026-01-09 12:26:00+00:00
[2026-01-09T12:26:20.579+0000] {processor.py:183} INFO - Processing /home/airflow/.local/lib/python3.8/site-packages/airflow/example_dags/example_branch_python_dop_operator_3.py took 0.148 seconds
[2026-01-09T12:26:51.075+0000] {processor.py:161} INFO - Started process (PID=9000) to work on /home/airflow/.local/lib/python3.8/site-packages/airflow/example_dags/example_branch_python_dop_operator_3.py
[2026-01-09T12:26:51.077+0000] {processor.py:830} INFO - Processing file /home/airflow/.local/lib/python3.8/site-packages/airflow/example_dags/example_branch_python_dop_operator_3.py for tasks to queue
[2026-01-09T12:26:51.079+0000] {logging_mixin.py:188} INFO - [2026-01-09T12:26:51.079+0000] {dagbag.py:538} INFO - Filling up the DagBag from /home/airflow/.local/lib/python3.8/site-packages/airflow/example_dags/example_branch_python_dop_operator_3.py
[2026-01-09T12:26:51.096+0000] {processor.py:840} INFO - DAG(s) 'example_branch_dop_operator_v3' retrieved from /home/airflow/.local/lib/python3.8/site-packages/airflow/example_dags/example_branch_python_dop_operator_3.py
[2026-01-09T12:26:51.138+0000] {logging_mixin.py:188} INFO - [2026-01-09T12:26:51.138+0000] {dag.py:3036} INFO - Sync 1 DAGs
[2026-01-09T12:26:51.188+0000] {logging_mixin.py:188} INFO - [2026-01-09T12:26:51.188+0000] {dag.py:3823} INFO - Setting next_dagrun for example_branch_dop_operator_v3 to 2026-01-09 12:25:00+00:00, run_after=2026-01-09 12:26:00+00:00
[2026-01-09T12:26:51.261+0000] {processor.py:183} INFO - Processing /home/airflow/.local/lib/python3.8/site-packages/airflow/example_dags/example_branch_python_dop_operator_3.py took 0.192 seconds
[2026-01-09T12:27:21.599+0000] {processor.py:161} INFO - Started process (PID=9249) to work on /home/airflow/.local/lib/python3.8/site-packages/airflow/example_dags/example_branch_python_dop_operator_3.py
[2026-01-09T12:27:21.605+0000] {processor.py:830} INFO - Processing file /home/airflow/.local/lib/python3.8/site-packages/airflow/example_dags/example_branch_python_dop_operator_3.py for tasks to queue
[2026-01-09T12:27:21.607+0000] {logging_mixin.py:188} INFO - [2026-01-09T12:27:21.606+0000] {dagbag.py:538} INFO - Filling up the DagBag from /home/airflow/.local/lib/python3.8/site-packages/airflow/example_dags/example_branch_python_dop_operator_3.py
[2026-01-09T12:27:21.622+0000] {processor.py:840} INFO - DAG(s) 'example_branch_dop_operator_v3' retrieved from /home/airflow/.local/lib/python3.8/site-packages/airflow/example_dags/example_branch_python_dop_operator_3.py
[2026-01-09T12:27:21.662+0000] {logging_mixin.py:188} INFO - [2026-01-09T12:27:21.662+0000] {dag.py:3036} INFO - Sync 1 DAGs
[2026-01-09T12:27:21.717+0000] {logging_mixin.py:188} INFO - [2026-01-09T12:27:21.716+0000] {dag.py:3823} INFO - Setting next_dagrun for example_branch_dop_operator_v3 to 2026-01-09 12:26:00+00:00, run_after=2026-01-09 12:27:00+00:00
[2026-01-09T12:27:21.763+0000] {processor.py:183} INFO - Processing /home/airflow/.local/lib/python3.8/site-packages/airflow/example_dags/example_branch_python_dop_operator_3.py took 0.171 seconds
[2026-01-09T12:27:52.831+0000] {processor.py:161} INFO - Started process (PID=9496) to work on /home/airflow/.local/lib/python3.8/site-packages/airflow/example_dags/example_branch_python_dop_operator_3.py
[2026-01-09T12:27:52.835+0000] {processor.py:830} INFO - Processing file /home/airflow/.local/lib/python3.8/site-packages/airflow/example_dags/example_branch_python_dop_operator_3.py for tasks to queue
[2026-01-09T12:27:52.837+0000] {logging_mixin.py:188} INFO - [2026-01-09T12:27:52.836+0000] {dagbag.py:538} INFO - Filling up the DagBag from /home/airflow/.local/lib/python3.8/site-packages/airflow/example_dags/example_branch_python_dop_operator_3.py
[2026-01-09T12:27:52.857+0000] {processor.py:840} INFO - DAG(s) 'example_branch_dop_operator_v3' retrieved from /home/airflow/.local/lib/python3.8/site-packages/airflow/example_dags/example_branch_python_dop_operator_3.py
[2026-01-09T12:27:52.906+0000] {logging_mixin.py:188} INFO - [2026-01-09T12:27:52.906+0000] {dag.py:3036} INFO - Sync 1 DAGs
[2026-01-09T12:27:52.960+0000] {logging_mixin.py:188} INFO - [2026-01-09T12:27:52.960+0000] {dag.py:3823} INFO - Setting next_dagrun for example_branch_dop_operator_v3 to 2026-01-09 12:26:00+00:00, run_after=2026-01-09 12:27:00+00:00
[2026-01-09T12:27:53.016+0000] {processor.py:183} INFO - Processing /home/airflow/.local/lib/python3.8/site-packages/airflow/example_dags/example_branch_python_dop_operator_3.py took 0.193 seconds
[2026-01-09T12:28:24.202+0000] {processor.py:161} INFO - Started process (PID=9749) to work on /home/airflow/.local/lib/python3.8/site-packages/airflow/example_dags/example_branch_python_dop_operator_3.py
[2026-01-09T12:28:24.210+0000] {processor.py:830} INFO - Processing file /home/airflow/.local/lib/python3.8/site-packages/airflow/example_dags/example_branch_python_dop_operator_3.py for tasks to queue
[2026-01-09T12:28:24.212+0000] {logging_mixin.py:188} INFO - [2026-01-09T12:28:24.211+0000] {dagbag.py:538} INFO - Filling up the DagBag from /home/airflow/.local/lib/python3.8/site-packages/airflow/example_dags/example_branch_python_dop_operator_3.py
[2026-01-09T12:28:24.234+0000] {processor.py:840} INFO - DAG(s) 'example_branch_dop_operator_v3' retrieved from /home/airflow/.local/lib/python3.8/site-packages/airflow/example_dags/example_branch_python_dop_operator_3.py
[2026-01-09T12:28:24.282+0000] {logging_mixin.py:188} INFO - [2026-01-09T12:28:24.282+0000] {dag.py:3036} INFO - Sync 1 DAGs
[2026-01-09T12:28:24.338+0000] {logging_mixin.py:188} INFO - [2026-01-09T12:28:24.338+0000] {dag.py:3823} INFO - Setting next_dagrun for example_branch_dop_operator_v3 to 2026-01-09 12:27:00+00:00, run_after=2026-01-09 12:28:00+00:00
[2026-01-09T12:28:24.530+0000] {processor.py:183} INFO - Processing /home/airflow/.local/lib/python3.8/site-packages/airflow/example_dags/example_branch_python_dop_operator_3.py took 0.335 seconds
[2026-01-09T12:28:54.919+0000] {processor.py:161} INFO - Started process (PID=9996) to work on /home/airflow/.local/lib/python3.8/site-packages/airflow/example_dags/example_branch_python_dop_operator_3.py
[2026-01-09T12:28:54.921+0000] {processor.py:830} INFO - Processing file /home/airflow/.local/lib/python3.8/site-packages/airflow/example_dags/example_branch_python_dop_operator_3.py for tasks to queue
[2026-01-09T12:28:54.923+0000] {logging_mixin.py:188} INFO - [2026-01-09T12:28:54.923+0000] {dagbag.py:538} INFO - Filling up the DagBag from /home/airflow/.local/lib/python3.8/site-packages/airflow/example_dags/example_branch_python_dop_operator_3.py
[2026-01-09T12:28:54.939+0000] {processor.py:840} INFO - DAG(s) 'example_branch_dop_operator_v3' retrieved from /home/airflow/.local/lib/python3.8/site-packages/airflow/example_dags/example_branch_python_dop_operator_3.py
[2026-01-09T12:28:54.988+0000] {logging_mixin.py:188} INFO - [2026-01-09T12:28:54.988+0000] {dag.py:3036} INFO - Sync 1 DAGs
[2026-01-09T12:28:55.044+0000] {logging_mixin.py:188} INFO - [2026-01-09T12:28:55.044+0000] {dag.py:3823} INFO - Setting next_dagrun for example_branch_dop_operator_v3 to 2026-01-09 12:27:00+00:00, run_after=2026-01-09 12:28:00+00:00
[2026-01-09T12:28:55.095+0000] {processor.py:183} INFO - Processing /home/airflow/.local/lib/python3.8/site-packages/airflow/example_dags/example_branch_python_dop_operator_3.py took 0.182 seconds
[2026-01-09T12:29:25.957+0000] {processor.py:161} INFO - Started process (PID=10241) to work on /home/airflow/.local/lib/python3.8/site-packages/airflow/example_dags/example_branch_python_dop_operator_3.py
[2026-01-09T12:29:25.964+0000] {processor.py:830} INFO - Processing file /home/airflow/.local/lib/python3.8/site-packages/airflow/example_dags/example_branch_python_dop_operator_3.py for tasks to queue
[2026-01-09T12:29:25.968+0000] {logging_mixin.py:188} INFO - [2026-01-09T12:29:25.967+0000] {dagbag.py:538} INFO - Filling up the DagBag from /home/airflow/.local/lib/python3.8/site-packages/airflow/example_dags/example_branch_python_dop_operator_3.py
[2026-01-09T12:29:25.991+0000] {processor.py:840} INFO - DAG(s) 'example_branch_dop_operator_v3' retrieved from /home/airflow/.local/lib/python3.8/site-packages/airflow/example_dags/example_branch_python_dop_operator_3.py
[2026-01-09T12:29:26.034+0000] {logging_mixin.py:188} INFO - [2026-01-09T12:29:26.034+0000] {dag.py:3036} INFO - Sync 1 DAGs
[2026-01-09T12:29:26.123+0000] {logging_mixin.py:188} INFO - [2026-01-09T12:29:26.123+0000] {dag.py:3823} INFO - Setting next_dagrun for example_branch_dop_operator_v3 to 2026-01-09 12:28:00+00:00, run_after=2026-01-09 12:29:00+00:00
[2026-01-09T12:29:26.166+0000] {processor.py:183} INFO - Processing /home/airflow/.local/lib/python3.8/site-packages/airflow/example_dags/example_branch_python_dop_operator_3.py took 0.218 seconds
[2026-01-09T12:29:56.403+0000] {processor.py:161} INFO - Started process (PID=10489) to work on /home/airflow/.local/lib/python3.8/site-packages/airflow/example_dags/example_branch_python_dop_operator_3.py
[2026-01-09T12:29:56.405+0000] {processor.py:830} INFO - Processing file /home/airflow/.local/lib/python3.8/site-packages/airflow/example_dags/example_branch_python_dop_operator_3.py for tasks to queue
[2026-01-09T12:29:56.408+0000] {logging_mixin.py:188} INFO - [2026-01-09T12:29:56.407+0000] {dagbag.py:538} INFO - Filling up the DagBag from /home/airflow/.local/lib/python3.8/site-packages/airflow/example_dags/example_branch_python_dop_operator_3.py
[2026-01-09T12:29:56.429+0000] {processor.py:840} INFO - DAG(s) 'example_branch_dop_operator_v3' retrieved from /home/airflow/.local/lib/python3.8/site-packages/airflow/example_dags/example_branch_python_dop_operator_3.py
[2026-01-09T12:29:56.472+0000] {logging_mixin.py:188} INFO - [2026-01-09T12:29:56.471+0000] {dag.py:3036} INFO - Sync 1 DAGs
[2026-01-09T12:29:56.521+0000] {logging_mixin.py:188} INFO - [2026-01-09T12:29:56.521+0000] {dag.py:3823} INFO - Setting next_dagrun for example_branch_dop_operator_v3 to 2026-01-09 12:28:00+00:00, run_after=2026-01-09 12:29:00+00:00
[2026-01-09T12:29:56.561+0000] {processor.py:183} INFO - Processing /home/airflow/.local/lib/python3.8/site-packages/airflow/example_dags/example_branch_python_dop_operator_3.py took 0.166 seconds
[2026-01-09T12:30:26.897+0000] {processor.py:161} INFO - Started process (PID=10726) to work on /home/airflow/.local/lib/python3.8/site-packages/airflow/example_dags/example_branch_python_dop_operator_3.py
[2026-01-09T12:30:26.900+0000] {processor.py:830} INFO - Processing file /home/airflow/.local/lib/python3.8/site-packages/airflow/example_dags/example_branch_python_dop_operator_3.py for tasks to queue
[2026-01-09T12:30:26.903+0000] {logging_mixin.py:188} INFO - [2026-01-09T12:30:26.902+0000] {dagbag.py:538} INFO - Filling up the DagBag from /home/airflow/.local/lib/python3.8/site-packages/airflow/example_dags/example_branch_python_dop_operator_3.py
[2026-01-09T12:30:26.918+0000] {processor.py:840} INFO - DAG(s) 'example_branch_dop_operator_v3' retrieved from /home/airflow/.local/lib/python3.8/site-packages/airflow/example_dags/example_branch_python_dop_operator_3.py
[2026-01-09T12:30:26.956+0000] {logging_mixin.py:188} INFO - [2026-01-09T12:30:26.955+0000] {dag.py:3036} INFO - Sync 1 DAGs
[2026-01-09T12:30:26.996+0000] {logging_mixin.py:188} INFO - [2026-01-09T12:30:26.996+0000] {dag.py:3823} INFO - Setting next_dagrun for example_branch_dop_operator_v3 to 2026-01-09 12:29:00+00:00, run_after=2026-01-09 12:30:00+00:00
[2026-01-09T12:30:27.037+0000] {processor.py:183} INFO - Processing /home/airflow/.local/lib/python3.8/site-packages/airflow/example_dags/example_branch_python_dop_operator_3.py took 0.146 seconds
[2026-01-09T12:30:58.190+0000] {processor.py:161} INFO - Started process (PID=10977) to work on /home/airflow/.local/lib/python3.8/site-packages/airflow/example_dags/example_branch_python_dop_operator_3.py
[2026-01-09T12:30:58.195+0000] {processor.py:830} INFO - Processing file /home/airflow/.local/lib/python3.8/site-packages/airflow/example_dags/example_branch_python_dop_operator_3.py for tasks to queue
[2026-01-09T12:30:58.197+0000] {logging_mixin.py:188} INFO - [2026-01-09T12:30:58.196+0000] {dagbag.py:538} INFO - Filling up the DagBag from /home/airflow/.local/lib/python3.8/site-packages/airflow/example_dags/example_branch_python_dop_operator_3.py
[2026-01-09T12:30:58.216+0000] {processor.py:840} INFO - DAG(s) 'example_branch_dop_operator_v3' retrieved from /home/airflow/.local/lib/python3.8/site-packages/airflow/example_dags/example_branch_python_dop_operator_3.py
[2026-01-09T12:30:58.256+0000] {logging_mixin.py:188} INFO - [2026-01-09T12:30:58.256+0000] {dag.py:3036} INFO - Sync 1 DAGs
[2026-01-09T12:30:58.299+0000] {logging_mixin.py:188} INFO - [2026-01-09T12:30:58.299+0000] {dag.py:3823} INFO - Setting next_dagrun for example_branch_dop_operator_v3 to 2026-01-09 12:29:00+00:00, run_after=2026-01-09 12:30:00+00:00
[2026-01-09T12:30:58.341+0000] {processor.py:183} INFO - Processing /home/airflow/.local/lib/python3.8/site-packages/airflow/example_dags/example_branch_python_dop_operator_3.py took 0.160 seconds
[2026-01-09T12:31:28.973+0000] {processor.py:161} INFO - Started process (PID=11223) to work on /home/airflow/.local/lib/python3.8/site-packages/airflow/example_dags/example_branch_python_dop_operator_3.py
[2026-01-09T12:31:28.974+0000] {processor.py:830} INFO - Processing file /home/airflow/.local/lib/python3.8/site-packages/airflow/example_dags/example_branch_python_dop_operator_3.py for tasks to queue
[2026-01-09T12:31:28.976+0000] {logging_mixin.py:188} INFO - [2026-01-09T12:31:28.975+0000] {dagbag.py:538} INFO - Filling up the DagBag from /home/airflow/.local/lib/python3.8/site-packages/airflow/example_dags/example_branch_python_dop_operator_3.py
[2026-01-09T12:31:28.990+0000] {processor.py:840} INFO - DAG(s) 'example_branch_dop_operator_v3' retrieved from /home/airflow/.local/lib/python3.8/site-packages/airflow/example_dags/example_branch_python_dop_operator_3.py
[2026-01-09T12:31:29.030+0000] {logging_mixin.py:188} INFO - [2026-01-09T12:31:29.030+0000] {dag.py:3036} INFO - Sync 1 DAGs
[2026-01-09T12:31:29.074+0000] {logging_mixin.py:188} INFO - [2026-01-09T12:31:29.074+0000] {dag.py:3823} INFO - Setting next_dagrun for example_branch_dop_operator_v3 to 2026-01-09 12:30:00+00:00, run_after=2026-01-09 12:31:00+00:00
[2026-01-09T12:31:29.117+0000] {processor.py:183} INFO - Processing /home/airflow/.local/lib/python3.8/site-packages/airflow/example_dags/example_branch_python_dop_operator_3.py took 0.150 seconds
[2026-01-09T12:31:59.346+0000] {processor.py:161} INFO - Started process (PID=11470) to work on /home/airflow/.local/lib/python3.8/site-packages/airflow/example_dags/example_branch_python_dop_operator_3.py
[2026-01-09T12:31:59.349+0000] {processor.py:830} INFO - Processing file /home/airflow/.local/lib/python3.8/site-packages/airflow/example_dags/example_branch_python_dop_operator_3.py for tasks to queue
[2026-01-09T12:31:59.350+0000] {logging_mixin.py:188} INFO - [2026-01-09T12:31:59.349+0000] {dagbag.py:538} INFO - Filling up the DagBag from /home/airflow/.local/lib/python3.8/site-packages/airflow/example_dags/example_branch_python_dop_operator_3.py
[2026-01-09T12:31:59.368+0000] {processor.py:840} INFO - DAG(s) 'example_branch_dop_operator_v3' retrieved from /home/airflow/.local/lib/python3.8/site-packages/airflow/example_dags/example_branch_python_dop_operator_3.py
[2026-01-09T12:31:59.413+0000] {logging_mixin.py:188} INFO - [2026-01-09T12:31:59.412+0000] {dag.py:3036} INFO - Sync 1 DAGs
[2026-01-09T12:31:59.462+0000] {logging_mixin.py:188} INFO - [2026-01-09T12:31:59.461+0000] {dag.py:3823} INFO - Setting next_dagrun for example_branch_dop_operator_v3 to 2026-01-09 12:30:00+00:00, run_after=2026-01-09 12:31:00+00:00
[2026-01-09T12:31:59.504+0000] {processor.py:183} INFO - Processing /home/airflow/.local/lib/python3.8/site-packages/airflow/example_dags/example_branch_python_dop_operator_3.py took 0.163 seconds
[2026-01-09T12:32:29.782+0000] {processor.py:161} INFO - Started process (PID=11714) to work on /home/airflow/.local/lib/python3.8/site-packages/airflow/example_dags/example_branch_python_dop_operator_3.py
[2026-01-09T12:32:29.784+0000] {processor.py:830} INFO - Processing file /home/airflow/.local/lib/python3.8/site-packages/airflow/example_dags/example_branch_python_dop_operator_3.py for tasks to queue
[2026-01-09T12:32:29.786+0000] {logging_mixin.py:188} INFO - [2026-01-09T12:32:29.785+0000] {dagbag.py:538} INFO - Filling up the DagBag from /home/airflow/.local/lib/python3.8/site-packages/airflow/example_dags/example_branch_python_dop_operator_3.py
[2026-01-09T12:32:29.802+0000] {processor.py:840} INFO - DAG(s) 'example_branch_dop_operator_v3' retrieved from /home/airflow/.local/lib/python3.8/site-packages/airflow/example_dags/example_branch_python_dop_operator_3.py
[2026-01-09T12:32:29.842+0000] {logging_mixin.py:188} INFO - [2026-01-09T12:32:29.842+0000] {dag.py:3036} INFO - Sync 1 DAGs
[2026-01-09T12:32:29.887+0000] {logging_mixin.py:188} INFO - [2026-01-09T12:32:29.887+0000] {dag.py:3823} INFO - Setting next_dagrun for example_branch_dop_operator_v3 to 2026-01-09 12:31:00+00:00, run_after=2026-01-09 12:32:00+00:00
[2026-01-09T12:32:29.929+0000] {processor.py:183} INFO - Processing /home/airflow/.local/lib/python3.8/site-packages/airflow/example_dags/example_branch_python_dop_operator_3.py took 0.155 seconds
[2026-01-09T12:32:59.997+0000] {processor.py:161} INFO - Started process (PID=11959) to work on /home/airflow/.local/lib/python3.8/site-packages/airflow/example_dags/example_branch_python_dop_operator_3.py
[2026-01-09T12:32:59.998+0000] {processor.py:830} INFO - Processing file /home/airflow/.local/lib/python3.8/site-packages/airflow/example_dags/example_branch_python_dop_operator_3.py for tasks to queue
[2026-01-09T12:33:00.000+0000] {logging_mixin.py:188} INFO - [2026-01-09T12:32:59.999+0000] {dagbag.py:538} INFO - Filling up the DagBag from /home/airflow/.local/lib/python3.8/site-packages/airflow/example_dags/example_branch_python_dop_operator_3.py
[2026-01-09T12:33:00.014+0000] {processor.py:840} INFO - DAG(s) 'example_branch_dop_operator_v3' retrieved from /home/airflow/.local/lib/python3.8/site-packages/airflow/example_dags/example_branch_python_dop_operator_3.py
[2026-01-09T12:33:00.054+0000] {logging_mixin.py:188} INFO - [2026-01-09T12:33:00.054+0000] {dag.py:3036} INFO - Sync 1 DAGs
[2026-01-09T12:33:00.097+0000] {logging_mixin.py:188} INFO - [2026-01-09T12:33:00.096+0000] {dag.py:3823} INFO - Setting next_dagrun for example_branch_dop_operator_v3 to 2026-01-09 12:32:00+00:00, run_after=2026-01-09 12:33:00+00:00
[2026-01-09T12:33:00.132+0000] {processor.py:183} INFO - Processing /home/airflow/.local/lib/python3.8/site-packages/airflow/example_dags/example_branch_python_dop_operator_3.py took 0.141 seconds
[2026-01-09T12:33:30.529+0000] {processor.py:161} INFO - Started process (PID=12206) to work on /home/airflow/.local/lib/python3.8/site-packages/airflow/example_dags/example_branch_python_dop_operator_3.py
[2026-01-09T12:33:30.537+0000] {processor.py:830} INFO - Processing file /home/airflow/.local/lib/python3.8/site-packages/airflow/example_dags/example_branch_python_dop_operator_3.py for tasks to queue
[2026-01-09T12:33:30.539+0000] {logging_mixin.py:188} INFO - [2026-01-09T12:33:30.539+0000] {dagbag.py:538} INFO - Filling up the DagBag from /home/airflow/.local/lib/python3.8/site-packages/airflow/example_dags/example_branch_python_dop_operator_3.py
[2026-01-09T12:33:30.555+0000] {processor.py:840} INFO - DAG(s) 'example_branch_dop_operator_v3' retrieved from /home/airflow/.local/lib/python3.8/site-packages/airflow/example_dags/example_branch_python_dop_operator_3.py
[2026-01-09T12:33:30.595+0000] {logging_mixin.py:188} INFO - [2026-01-09T12:33:30.594+0000] {dag.py:3036} INFO - Sync 1 DAGs
[2026-01-09T12:33:30.632+0000] {logging_mixin.py:188} INFO - [2026-01-09T12:33:30.632+0000] {dag.py:3823} INFO - Setting next_dagrun for example_branch_dop_operator_v3 to 2026-01-09 12:32:00+00:00, run_after=2026-01-09 12:33:00+00:00
[2026-01-09T12:33:30.666+0000] {processor.py:183} INFO - Processing /home/airflow/.local/lib/python3.8/site-packages/airflow/example_dags/example_branch_python_dop_operator_3.py took 0.143 seconds
[2026-01-09T12:34:01.471+0000] {processor.py:161} INFO - Started process (PID=12453) to work on /home/airflow/.local/lib/python3.8/site-packages/airflow/example_dags/example_branch_python_dop_operator_3.py
[2026-01-09T12:34:01.473+0000] {processor.py:830} INFO - Processing file /home/airflow/.local/lib/python3.8/site-packages/airflow/example_dags/example_branch_python_dop_operator_3.py for tasks to queue
[2026-01-09T12:34:01.476+0000] {logging_mixin.py:188} INFO - [2026-01-09T12:34:01.474+0000] {dagbag.py:538} INFO - Filling up the DagBag from /home/airflow/.local/lib/python3.8/site-packages/airflow/example_dags/example_branch_python_dop_operator_3.py
[2026-01-09T12:34:01.494+0000] {processor.py:840} INFO - DAG(s) 'example_branch_dop_operator_v3' retrieved from /home/airflow/.local/lib/python3.8/site-packages/airflow/example_dags/example_branch_python_dop_operator_3.py
[2026-01-09T12:34:01.535+0000] {logging_mixin.py:188} INFO - [2026-01-09T12:34:01.534+0000] {dag.py:3036} INFO - Sync 1 DAGs
[2026-01-09T12:34:01.577+0000] {logging_mixin.py:188} INFO - [2026-01-09T12:34:01.577+0000] {dag.py:3823} INFO - Setting next_dagrun for example_branch_dop_operator_v3 to 2026-01-09 12:33:00+00:00, run_after=2026-01-09 12:34:00+00:00
[2026-01-09T12:34:01.613+0000] {processor.py:183} INFO - Processing /home/airflow/.local/lib/python3.8/site-packages/airflow/example_dags/example_branch_python_dop_operator_3.py took 0.150 seconds
[2026-01-09T12:34:32.071+0000] {processor.py:161} INFO - Started process (PID=12700) to work on /home/airflow/.local/lib/python3.8/site-packages/airflow/example_dags/example_branch_python_dop_operator_3.py
[2026-01-09T12:34:32.078+0000] {processor.py:830} INFO - Processing file /home/airflow/.local/lib/python3.8/site-packages/airflow/example_dags/example_branch_python_dop_operator_3.py for tasks to queue
[2026-01-09T12:34:32.079+0000] {logging_mixin.py:188} INFO - [2026-01-09T12:34:32.079+0000] {dagbag.py:538} INFO - Filling up the DagBag from /home/airflow/.local/lib/python3.8/site-packages/airflow/example_dags/example_branch_python_dop_operator_3.py
[2026-01-09T12:34:32.093+0000] {processor.py:840} INFO - DAG(s) 'example_branch_dop_operator_v3' retrieved from /home/airflow/.local/lib/python3.8/site-packages/airflow/example_dags/example_branch_python_dop_operator_3.py
[2026-01-09T12:34:32.128+0000] {logging_mixin.py:188} INFO - [2026-01-09T12:34:32.128+0000] {dag.py:3036} INFO - Sync 1 DAGs
[2026-01-09T12:34:32.166+0000] {logging_mixin.py:188} INFO - [2026-01-09T12:34:32.166+0000] {dag.py:3823} INFO - Setting next_dagrun for example_branch_dop_operator_v3 to 2026-01-09 12:33:00+00:00, run_after=2026-01-09 12:34:00+00:00
[2026-01-09T12:34:32.205+0000] {processor.py:183} INFO - Processing /home/airflow/.local/lib/python3.8/site-packages/airflow/example_dags/example_branch_python_dop_operator_3.py took 0.140 seconds
[2026-01-09T12:35:02.564+0000] {processor.py:161} INFO - Started process (PID=12947) to work on /home/airflow/.local/lib/python3.8/site-packages/airflow/example_dags/example_branch_python_dop_operator_3.py
[2026-01-09T12:35:02.565+0000] {processor.py:830} INFO - Processing file /home/airflow/.local/lib/python3.8/site-packages/airflow/example_dags/example_branch_python_dop_operator_3.py for tasks to queue
[2026-01-09T12:35:02.568+0000] {logging_mixin.py:188} INFO - [2026-01-09T12:35:02.567+0000] {dagbag.py:538} INFO - Filling up the DagBag from /home/airflow/.local/lib/python3.8/site-packages/airflow/example_dags/example_branch_python_dop_operator_3.py
[2026-01-09T12:35:02.590+0000] {processor.py:840} INFO - DAG(s) 'example_branch_dop_operator_v3' retrieved from /home/airflow/.local/lib/python3.8/site-packages/airflow/example_dags/example_branch_python_dop_operator_3.py
[2026-01-09T12:35:02.627+0000] {logging_mixin.py:188} INFO - [2026-01-09T12:35:02.627+0000] {dag.py:3036} INFO - Sync 1 DAGs
[2026-01-09T12:35:02.670+0000] {logging_mixin.py:188} INFO - [2026-01-09T12:35:02.670+0000] {dag.py:3823} INFO - Setting next_dagrun for example_branch_dop_operator_v3 to 2026-01-09 12:34:00+00:00, run_after=2026-01-09 12:35:00+00:00
[2026-01-09T12:35:02.715+0000] {processor.py:183} INFO - Processing /home/airflow/.local/lib/python3.8/site-packages/airflow/example_dags/example_branch_python_dop_operator_3.py took 0.157 seconds
[2026-01-09T12:35:33.085+0000] {processor.py:161} INFO - Started process (PID=13196) to work on /home/airflow/.local/lib/python3.8/site-packages/airflow/example_dags/example_branch_python_dop_operator_3.py
[2026-01-09T12:35:33.087+0000] {processor.py:830} INFO - Processing file /home/airflow/.local/lib/python3.8/site-packages/airflow/example_dags/example_branch_python_dop_operator_3.py for tasks to queue
[2026-01-09T12:35:33.088+0000] {logging_mixin.py:188} INFO - [2026-01-09T12:35:33.088+0000] {dagbag.py:538} INFO - Filling up the DagBag from /home/airflow/.local/lib/python3.8/site-packages/airflow/example_dags/example_branch_python_dop_operator_3.py
[2026-01-09T12:35:33.104+0000] {processor.py:840} INFO - DAG(s) 'example_branch_dop_operator_v3' retrieved from /home/airflow/.local/lib/python3.8/site-packages/airflow/example_dags/example_branch_python_dop_operator_3.py
[2026-01-09T12:35:33.140+0000] {logging_mixin.py:188} INFO - [2026-01-09T12:35:33.140+0000] {dag.py:3036} INFO - Sync 1 DAGs
[2026-01-09T12:35:33.183+0000] {logging_mixin.py:188} INFO - [2026-01-09T12:35:33.183+0000] {dag.py:3823} INFO - Setting next_dagrun for example_branch_dop_operator_v3 to 2026-01-09 12:34:00+00:00, run_after=2026-01-09 12:35:00+00:00
[2026-01-09T12:35:33.219+0000] {processor.py:183} INFO - Processing /home/airflow/.local/lib/python3.8/site-packages/airflow/example_dags/example_branch_python_dop_operator_3.py took 0.141 seconds
[2026-01-09T12:36:04.184+0000] {processor.py:161} INFO - Started process (PID=13441) to work on /home/airflow/.local/lib/python3.8/site-packages/airflow/example_dags/example_branch_python_dop_operator_3.py
[2026-01-09T12:36:04.187+0000] {processor.py:830} INFO - Processing file /home/airflow/.local/lib/python3.8/site-packages/airflow/example_dags/example_branch_python_dop_operator_3.py for tasks to queue
[2026-01-09T12:36:04.190+0000] {logging_mixin.py:188} INFO - [2026-01-09T12:36:04.188+0000] {dagbag.py:538} INFO - Filling up the DagBag from /home/airflow/.local/lib/python3.8/site-packages/airflow/example_dags/example_branch_python_dop_operator_3.py
[2026-01-09T12:36:04.224+0000] {processor.py:840} INFO - DAG(s) 'example_branch_dop_operator_v3' retrieved from /home/airflow/.local/lib/python3.8/site-packages/airflow/example_dags/example_branch_python_dop_operator_3.py
[2026-01-09T12:36:04.272+0000] {logging_mixin.py:188} INFO - [2026-01-09T12:36:04.272+0000] {dag.py:3036} INFO - Sync 1 DAGs
[2026-01-09T12:36:04.324+0000] {logging_mixin.py:188} INFO - [2026-01-09T12:36:04.323+0000] {dag.py:3823} INFO - Setting next_dagrun for example_branch_dop_operator_v3 to 2026-01-09 12:35:00+00:00, run_after=2026-01-09 12:36:00+00:00
[2026-01-09T12:36:04.365+0000] {processor.py:183} INFO - Processing /home/airflow/.local/lib/python3.8/site-packages/airflow/example_dags/example_branch_python_dop_operator_3.py took 0.190 seconds
[2026-01-09T12:36:34.608+0000] {processor.py:161} INFO - Started process (PID=13688) to work on /home/airflow/.local/lib/python3.8/site-packages/airflow/example_dags/example_branch_python_dop_operator_3.py
[2026-01-09T12:36:34.617+0000] {processor.py:830} INFO - Processing file /home/airflow/.local/lib/python3.8/site-packages/airflow/example_dags/example_branch_python_dop_operator_3.py for tasks to queue
[2026-01-09T12:36:34.620+0000] {logging_mixin.py:188} INFO - [2026-01-09T12:36:34.619+0000] {dagbag.py:538} INFO - Filling up the DagBag from /home/airflow/.local/lib/python3.8/site-packages/airflow/example_dags/example_branch_python_dop_operator_3.py
[2026-01-09T12:36:34.639+0000] {processor.py:840} INFO - DAG(s) 'example_branch_dop_operator_v3' retrieved from /home/airflow/.local/lib/python3.8/site-packages/airflow/example_dags/example_branch_python_dop_operator_3.py
[2026-01-09T12:36:34.684+0000] {logging_mixin.py:188} INFO - [2026-01-09T12:36:34.683+0000] {dag.py:3036} INFO - Sync 1 DAGs
[2026-01-09T12:36:34.735+0000] {logging_mixin.py:188} INFO - [2026-01-09T12:36:34.735+0000] {dag.py:3823} INFO - Setting next_dagrun for example_branch_dop_operator_v3 to 2026-01-09 12:35:00+00:00, run_after=2026-01-09 12:36:00+00:00
[2026-01-09T12:36:34.785+0000] {processor.py:183} INFO - Processing /home/airflow/.local/lib/python3.8/site-packages/airflow/example_dags/example_branch_python_dop_operator_3.py took 0.186 seconds
[2026-01-09T12:37:05.233+0000] {processor.py:161} INFO - Started process (PID=13937) to work on /home/airflow/.local/lib/python3.8/site-packages/airflow/example_dags/example_branch_python_dop_operator_3.py
[2026-01-09T12:37:05.235+0000] {processor.py:830} INFO - Processing file /home/airflow/.local/lib/python3.8/site-packages/airflow/example_dags/example_branch_python_dop_operator_3.py for tasks to queue
[2026-01-09T12:37:05.236+0000] {logging_mixin.py:188} INFO - [2026-01-09T12:37:05.235+0000] {dagbag.py:538} INFO - Filling up the DagBag from /home/airflow/.local/lib/python3.8/site-packages/airflow/example_dags/example_branch_python_dop_operator_3.py
[2026-01-09T12:37:05.253+0000] {processor.py:840} INFO - DAG(s) 'example_branch_dop_operator_v3' retrieved from /home/airflow/.local/lib/python3.8/site-packages/airflow/example_dags/example_branch_python_dop_operator_3.py
[2026-01-09T12:37:05.296+0000] {logging_mixin.py:188} INFO - [2026-01-09T12:37:05.295+0000] {dag.py:3036} INFO - Sync 1 DAGs
[2026-01-09T12:37:05.338+0000] {logging_mixin.py:188} INFO - [2026-01-09T12:37:05.337+0000] {dag.py:3823} INFO - Setting next_dagrun for example_branch_dop_operator_v3 to 2026-01-09 12:36:00+00:00, run_after=2026-01-09 12:37:00+00:00
[2026-01-09T12:37:05.383+0000] {processor.py:183} INFO - Processing /home/airflow/.local/lib/python3.8/site-packages/airflow/example_dags/example_branch_python_dop_operator_3.py took 0.156 seconds
[2026-01-09T12:37:36.159+0000] {processor.py:161} INFO - Started process (PID=14184) to work on /home/airflow/.local/lib/python3.8/site-packages/airflow/example_dags/example_branch_python_dop_operator_3.py
[2026-01-09T12:37:36.165+0000] {processor.py:830} INFO - Processing file /home/airflow/.local/lib/python3.8/site-packages/airflow/example_dags/example_branch_python_dop_operator_3.py for tasks to queue
[2026-01-09T12:37:36.167+0000] {logging_mixin.py:188} INFO - [2026-01-09T12:37:36.166+0000] {dagbag.py:538} INFO - Filling up the DagBag from /home/airflow/.local/lib/python3.8/site-packages/airflow/example_dags/example_branch_python_dop_operator_3.py
[2026-01-09T12:37:36.183+0000] {processor.py:840} INFO - DAG(s) 'example_branch_dop_operator_v3' retrieved from /home/airflow/.local/lib/python3.8/site-packages/airflow/example_dags/example_branch_python_dop_operator_3.py
[2026-01-09T12:37:36.227+0000] {logging_mixin.py:188} INFO - [2026-01-09T12:37:36.227+0000] {dag.py:3036} INFO - Sync 1 DAGs
[2026-01-09T12:37:36.269+0000] {logging_mixin.py:188} INFO - [2026-01-09T12:37:36.269+0000] {dag.py:3823} INFO - Setting next_dagrun for example_branch_dop_operator_v3 to 2026-01-09 12:36:00+00:00, run_after=2026-01-09 12:37:00+00:00
[2026-01-09T12:37:36.317+0000] {processor.py:183} INFO - Processing /home/airflow/.local/lib/python3.8/site-packages/airflow/example_dags/example_branch_python_dop_operator_3.py took 0.166 seconds
[2026-01-09T12:38:06.816+0000] {processor.py:161} INFO - Started process (PID=14431) to work on /home/airflow/.local/lib/python3.8/site-packages/airflow/example_dags/example_branch_python_dop_operator_3.py
[2026-01-09T12:38:06.817+0000] {processor.py:830} INFO - Processing file /home/airflow/.local/lib/python3.8/site-packages/airflow/example_dags/example_branch_python_dop_operator_3.py for tasks to queue
[2026-01-09T12:38:06.818+0000] {logging_mixin.py:188} INFO - [2026-01-09T12:38:06.818+0000] {dagbag.py:538} INFO - Filling up the DagBag from /home/airflow/.local/lib/python3.8/site-packages/airflow/example_dags/example_branch_python_dop_operator_3.py
[2026-01-09T12:38:06.834+0000] {processor.py:840} INFO - DAG(s) 'example_branch_dop_operator_v3' retrieved from /home/airflow/.local/lib/python3.8/site-packages/airflow/example_dags/example_branch_python_dop_operator_3.py
[2026-01-09T12:38:06.876+0000] {logging_mixin.py:188} INFO - [2026-01-09T12:38:06.876+0000] {dag.py:3036} INFO - Sync 1 DAGs
[2026-01-09T12:38:06.925+0000] {logging_mixin.py:188} INFO - [2026-01-09T12:38:06.924+0000] {dag.py:3823} INFO - Setting next_dagrun for example_branch_dop_operator_v3 to 2026-01-09 12:37:00+00:00, run_after=2026-01-09 12:38:00+00:00
[2026-01-09T12:38:06.969+0000] {processor.py:183} INFO - Processing /home/airflow/.local/lib/python3.8/site-packages/airflow/example_dags/example_branch_python_dop_operator_3.py took 0.159 seconds
[2026-01-09T12:38:37.215+0000] {processor.py:161} INFO - Started process (PID=14678) to work on /home/airflow/.local/lib/python3.8/site-packages/airflow/example_dags/example_branch_python_dop_operator_3.py
[2026-01-09T12:38:37.217+0000] {processor.py:830} INFO - Processing file /home/airflow/.local/lib/python3.8/site-packages/airflow/example_dags/example_branch_python_dop_operator_3.py for tasks to queue
[2026-01-09T12:38:37.218+0000] {logging_mixin.py:188} INFO - [2026-01-09T12:38:37.218+0000] {dagbag.py:538} INFO - Filling up the DagBag from /home/airflow/.local/lib/python3.8/site-packages/airflow/example_dags/example_branch_python_dop_operator_3.py
[2026-01-09T12:38:37.232+0000] {processor.py:840} INFO - DAG(s) 'example_branch_dop_operator_v3' retrieved from /home/airflow/.local/lib/python3.8/site-packages/airflow/example_dags/example_branch_python_dop_operator_3.py
[2026-01-09T12:38:37.130+0000] {logging_mixin.py:188} INFO - [2026-01-09T12:38:37.130+0000] {dag.py:3036} INFO - Sync 1 DAGs
[2026-01-09T12:38:37.179+0000] {logging_mixin.py:188} INFO - [2026-01-09T12:38:37.179+0000] {dag.py:3823} INFO - Setting next_dagrun for example_branch_dop_operator_v3 to 2026-01-09 12:37:00+00:00, run_after=2026-01-09 12:38:00+00:00
[2026-01-09T12:38:37.218+0000] {processor.py:183} INFO - Processing /home/airflow/.local/lib/python3.8/site-packages/airflow/example_dags/example_branch_python_dop_operator_3.py took 0.150 seconds
[2026-01-09T12:39:07.985+0000] {processor.py:161} INFO - Started process (PID=14923) to work on /home/airflow/.local/lib/python3.8/site-packages/airflow/example_dags/example_branch_python_dop_operator_3.py
[2026-01-09T12:39:07.987+0000] {processor.py:830} INFO - Processing file /home/airflow/.local/lib/python3.8/site-packages/airflow/example_dags/example_branch_python_dop_operator_3.py for tasks to queue
[2026-01-09T12:39:07.989+0000] {logging_mixin.py:188} INFO - [2026-01-09T12:39:07.989+0000] {dagbag.py:538} INFO - Filling up the DagBag from /home/airflow/.local/lib/python3.8/site-packages/airflow/example_dags/example_branch_python_dop_operator_3.py
[2026-01-09T12:39:08.003+0000] {processor.py:840} INFO - DAG(s) 'example_branch_dop_operator_v3' retrieved from /home/airflow/.local/lib/python3.8/site-packages/airflow/example_dags/example_branch_python_dop_operator_3.py
[2026-01-09T12:39:08.041+0000] {logging_mixin.py:188} INFO - [2026-01-09T12:39:08.040+0000] {dag.py:3036} INFO - Sync 1 DAGs
[2026-01-09T12:39:08.085+0000] {logging_mixin.py:188} INFO - [2026-01-09T12:39:08.085+0000] {dag.py:3823} INFO - Setting next_dagrun for example_branch_dop_operator_v3 to 2026-01-09 12:38:00+00:00, run_after=2026-01-09 12:39:00+00:00
[2026-01-09T12:39:08.125+0000] {processor.py:183} INFO - Processing /home/airflow/.local/lib/python3.8/site-packages/airflow/example_dags/example_branch_python_dop_operator_3.py took 0.148 seconds
[2026-01-09T12:39:39.073+0000] {processor.py:161} INFO - Started process (PID=15170) to work on /home/airflow/.local/lib/python3.8/site-packages/airflow/example_dags/example_branch_python_dop_operator_3.py
[2026-01-09T12:39:39.075+0000] {processor.py:830} INFO - Processing file /home/airflow/.local/lib/python3.8/site-packages/airflow/example_dags/example_branch_python_dop_operator_3.py for tasks to queue
[2026-01-09T12:39:39.077+0000] {logging_mixin.py:188} INFO - [2026-01-09T12:39:39.076+0000] {dagbag.py:538} INFO - Filling up the DagBag from /home/airflow/.local/lib/python3.8/site-packages/airflow/example_dags/example_branch_python_dop_operator_3.py
[2026-01-09T12:39:39.092+0000] {processor.py:840} INFO - DAG(s) 'example_branch_dop_operator_v3' retrieved from /home/airflow/.local/lib/python3.8/site-packages/airflow/example_dags/example_branch_python_dop_operator_3.py
[2026-01-09T12:39:39.134+0000] {logging_mixin.py:188} INFO - [2026-01-09T12:39:39.133+0000] {dag.py:3036} INFO - Sync 1 DAGs
[2026-01-09T12:39:39.185+0000] {logging_mixin.py:188} INFO - [2026-01-09T12:39:39.184+0000] {dag.py:3823} INFO - Setting next_dagrun for example_branch_dop_operator_v3 to 2026-01-09 12:38:00+00:00, run_after=2026-01-09 12:39:00+00:00
[2026-01-09T12:39:39.417+0000] {processor.py:183} INFO - Processing /home/airflow/.local/lib/python3.8/site-packages/airflow/example_dags/example_branch_python_dop_operator_3.py took 0.351 seconds
