[2026-01-09T12:09:00.599+0000] {processor.py:161} INFO - Started process (PID=402) to work on /home/airflow/.local/lib/python3.8/site-packages/airflow/example_dags/example_task_group_decorator.py
[2026-01-09T12:09:00.601+0000] {processor.py:830} INFO - Processing file /home/airflow/.local/lib/python3.8/site-packages/airflow/example_dags/example_task_group_decorator.py for tasks to queue
[2026-01-09T12:09:00.604+0000] {logging_mixin.py:188} INFO - [2026-01-09T12:09:00.602+0000] {dagbag.py:538} INFO - Filling up the DagBag from /home/airflow/.local/lib/python3.8/site-packages/airflow/example_dags/example_task_group_decorator.py
[2026-01-09T12:09:00.635+0000] {processor.py:840} INFO - DAG(s) 'example_task_group_decorator' retrieved from /home/airflow/.local/lib/python3.8/site-packages/airflow/example_dags/example_task_group_decorator.py
[2026-01-09T12:09:00.815+0000] {logging_mixin.py:188} INFO - [2026-01-09T12:09:00.815+0000] {dag.py:3036} INFO - Sync 1 DAGs
[2026-01-09T12:09:00.850+0000] {logging_mixin.py:188} INFO - [2026-01-09T12:09:00.849+0000] {dag.py:3823} INFO - Setting next_dagrun for example_task_group_decorator to 2026-01-08 00:00:00+00:00, run_after=2026-01-09 00:00:00+00:00
[2026-01-09T12:09:00.893+0000] {processor.py:183} INFO - Processing /home/airflow/.local/lib/python3.8/site-packages/airflow/example_dags/example_task_group_decorator.py took 0.305 seconds
[2026-01-09T12:09:31.235+0000] {processor.py:161} INFO - Started process (PID=649) to work on /home/airflow/.local/lib/python3.8/site-packages/airflow/example_dags/example_task_group_decorator.py
[2026-01-09T12:09:31.238+0000] {processor.py:830} INFO - Processing file /home/airflow/.local/lib/python3.8/site-packages/airflow/example_dags/example_task_group_decorator.py for tasks to queue
[2026-01-09T12:09:31.239+0000] {logging_mixin.py:188} INFO - [2026-01-09T12:09:31.239+0000] {dagbag.py:538} INFO - Filling up the DagBag from /home/airflow/.local/lib/python3.8/site-packages/airflow/example_dags/example_task_group_decorator.py
[2026-01-09T12:09:31.270+0000] {processor.py:840} INFO - DAG(s) 'example_task_group_decorator' retrieved from /home/airflow/.local/lib/python3.8/site-packages/airflow/example_dags/example_task_group_decorator.py
[2026-01-09T12:09:31.318+0000] {logging_mixin.py:188} INFO - [2026-01-09T12:09:31.317+0000] {dag.py:3036} INFO - Sync 1 DAGs
[2026-01-09T12:09:31.352+0000] {logging_mixin.py:188} INFO - [2026-01-09T12:09:31.352+0000] {dag.py:3823} INFO - Setting next_dagrun for example_task_group_decorator to 2026-01-08 00:00:00+00:00, run_after=2026-01-09 00:00:00+00:00
[2026-01-09T12:09:31.390+0000] {processor.py:183} INFO - Processing /home/airflow/.local/lib/python3.8/site-packages/airflow/example_dags/example_task_group_decorator.py took 0.161 seconds
[2026-01-09T12:10:01.642+0000] {processor.py:161} INFO - Started process (PID=896) to work on /home/airflow/.local/lib/python3.8/site-packages/airflow/example_dags/example_task_group_decorator.py
[2026-01-09T12:10:01.645+0000] {processor.py:830} INFO - Processing file /home/airflow/.local/lib/python3.8/site-packages/airflow/example_dags/example_task_group_decorator.py for tasks to queue
[2026-01-09T12:10:01.647+0000] {logging_mixin.py:188} INFO - [2026-01-09T12:10:01.646+0000] {dagbag.py:538} INFO - Filling up the DagBag from /home/airflow/.local/lib/python3.8/site-packages/airflow/example_dags/example_task_group_decorator.py
[2026-01-09T12:10:01.671+0000] {processor.py:840} INFO - DAG(s) 'example_task_group_decorator' retrieved from /home/airflow/.local/lib/python3.8/site-packages/airflow/example_dags/example_task_group_decorator.py
[2026-01-09T12:10:01.723+0000] {logging_mixin.py:188} INFO - [2026-01-09T12:10:01.723+0000] {dag.py:3036} INFO - Sync 1 DAGs
[2026-01-09T12:10:01.760+0000] {logging_mixin.py:188} INFO - [2026-01-09T12:10:01.759+0000] {dag.py:3823} INFO - Setting next_dagrun for example_task_group_decorator to 2026-01-08 00:00:00+00:00, run_after=2026-01-09 00:00:00+00:00
[2026-01-09T12:10:01.796+0000] {processor.py:183} INFO - Processing /home/airflow/.local/lib/python3.8/site-packages/airflow/example_dags/example_task_group_decorator.py took 0.162 seconds
[2026-01-09T12:10:32.423+0000] {processor.py:161} INFO - Started process (PID=1143) to work on /home/airflow/.local/lib/python3.8/site-packages/airflow/example_dags/example_task_group_decorator.py
[2026-01-09T12:10:32.426+0000] {processor.py:830} INFO - Processing file /home/airflow/.local/lib/python3.8/site-packages/airflow/example_dags/example_task_group_decorator.py for tasks to queue
[2026-01-09T12:10:32.428+0000] {logging_mixin.py:188} INFO - [2026-01-09T12:10:32.427+0000] {dagbag.py:538} INFO - Filling up the DagBag from /home/airflow/.local/lib/python3.8/site-packages/airflow/example_dags/example_task_group_decorator.py
[2026-01-09T12:10:32.478+0000] {processor.py:840} INFO - DAG(s) 'example_task_group_decorator' retrieved from /home/airflow/.local/lib/python3.8/site-packages/airflow/example_dags/example_task_group_decorator.py
[2026-01-09T12:10:32.540+0000] {logging_mixin.py:188} INFO - [2026-01-09T12:10:32.540+0000] {dag.py:3036} INFO - Sync 1 DAGs
[2026-01-09T12:10:32.618+0000] {logging_mixin.py:188} INFO - [2026-01-09T12:10:32.617+0000] {dag.py:3823} INFO - Setting next_dagrun for example_task_group_decorator to 2026-01-08 00:00:00+00:00, run_after=2026-01-09 00:00:00+00:00
[2026-01-09T12:10:32.694+0000] {processor.py:183} INFO - Processing /home/airflow/.local/lib/python3.8/site-packages/airflow/example_dags/example_task_group_decorator.py took 0.278 seconds
[2026-01-09T12:11:03.010+0000] {processor.py:161} INFO - Started process (PID=1392) to work on /home/airflow/.local/lib/python3.8/site-packages/airflow/example_dags/example_task_group_decorator.py
[2026-01-09T12:11:03.013+0000] {processor.py:830} INFO - Processing file /home/airflow/.local/lib/python3.8/site-packages/airflow/example_dags/example_task_group_decorator.py for tasks to queue
[2026-01-09T12:11:03.015+0000] {logging_mixin.py:188} INFO - [2026-01-09T12:11:03.014+0000] {dagbag.py:538} INFO - Filling up the DagBag from /home/airflow/.local/lib/python3.8/site-packages/airflow/example_dags/example_task_group_decorator.py
[2026-01-09T12:11:03.046+0000] {processor.py:840} INFO - DAG(s) 'example_task_group_decorator' retrieved from /home/airflow/.local/lib/python3.8/site-packages/airflow/example_dags/example_task_group_decorator.py
[2026-01-09T12:11:03.098+0000] {logging_mixin.py:188} INFO - [2026-01-09T12:11:03.098+0000] {dag.py:3036} INFO - Sync 1 DAGs
[2026-01-09T12:11:03.145+0000] {logging_mixin.py:188} INFO - [2026-01-09T12:11:03.144+0000] {dag.py:3823} INFO - Setting next_dagrun for example_task_group_decorator to 2026-01-08 00:00:00+00:00, run_after=2026-01-09 00:00:00+00:00
[2026-01-09T12:11:03.192+0000] {processor.py:183} INFO - Processing /home/airflow/.local/lib/python3.8/site-packages/airflow/example_dags/example_task_group_decorator.py took 0.191 seconds
[2026-01-09T12:11:33.333+0000] {processor.py:161} INFO - Started process (PID=1637) to work on /home/airflow/.local/lib/python3.8/site-packages/airflow/example_dags/example_task_group_decorator.py
[2026-01-09T12:11:33.365+0000] {processor.py:830} INFO - Processing file /home/airflow/.local/lib/python3.8/site-packages/airflow/example_dags/example_task_group_decorator.py for tasks to queue
[2026-01-09T12:11:33.367+0000] {logging_mixin.py:188} INFO - [2026-01-09T12:11:33.366+0000] {dagbag.py:538} INFO - Filling up the DagBag from /home/airflow/.local/lib/python3.8/site-packages/airflow/example_dags/example_task_group_decorator.py
[2026-01-09T12:11:33.403+0000] {processor.py:840} INFO - DAG(s) 'example_task_group_decorator' retrieved from /home/airflow/.local/lib/python3.8/site-packages/airflow/example_dags/example_task_group_decorator.py
[2026-01-09T12:11:33.459+0000] {logging_mixin.py:188} INFO - [2026-01-09T12:11:33.458+0000] {dag.py:3036} INFO - Sync 1 DAGs
[2026-01-09T12:11:33.506+0000] {logging_mixin.py:188} INFO - [2026-01-09T12:11:33.505+0000] {dag.py:3823} INFO - Setting next_dagrun for example_task_group_decorator to 2026-01-08 00:00:00+00:00, run_after=2026-01-09 00:00:00+00:00
[2026-01-09T12:11:33.566+0000] {processor.py:183} INFO - Processing /home/airflow/.local/lib/python3.8/site-packages/airflow/example_dags/example_task_group_decorator.py took 0.242 seconds
[2026-01-09T12:12:03.667+0000] {processor.py:161} INFO - Started process (PID=1885) to work on /home/airflow/.local/lib/python3.8/site-packages/airflow/example_dags/example_task_group_decorator.py
[2026-01-09T12:12:03.678+0000] {processor.py:830} INFO - Processing file /home/airflow/.local/lib/python3.8/site-packages/airflow/example_dags/example_task_group_decorator.py for tasks to queue
[2026-01-09T12:12:03.680+0000] {logging_mixin.py:188} INFO - [2026-01-09T12:12:03.679+0000] {dagbag.py:538} INFO - Filling up the DagBag from /home/airflow/.local/lib/python3.8/site-packages/airflow/example_dags/example_task_group_decorator.py
[2026-01-09T12:12:03.714+0000] {processor.py:840} INFO - DAG(s) 'example_task_group_decorator' retrieved from /home/airflow/.local/lib/python3.8/site-packages/airflow/example_dags/example_task_group_decorator.py
[2026-01-09T12:12:03.776+0000] {logging_mixin.py:188} INFO - [2026-01-09T12:12:03.773+0000] {dag.py:3036} INFO - Sync 1 DAGs
[2026-01-09T12:12:03.826+0000] {logging_mixin.py:188} INFO - [2026-01-09T12:12:03.826+0000] {dag.py:3823} INFO - Setting next_dagrun for example_task_group_decorator to 2026-01-08 00:00:00+00:00, run_after=2026-01-09 00:00:00+00:00
[2026-01-09T12:12:03.872+0000] {processor.py:183} INFO - Processing /home/airflow/.local/lib/python3.8/site-packages/airflow/example_dags/example_task_group_decorator.py took 0.213 seconds
[2026-01-09T12:12:34.736+0000] {processor.py:161} INFO - Started process (PID=2134) to work on /home/airflow/.local/lib/python3.8/site-packages/airflow/example_dags/example_task_group_decorator.py
[2026-01-09T12:12:34.739+0000] {processor.py:830} INFO - Processing file /home/airflow/.local/lib/python3.8/site-packages/airflow/example_dags/example_task_group_decorator.py for tasks to queue
[2026-01-09T12:12:34.740+0000] {logging_mixin.py:188} INFO - [2026-01-09T12:12:34.740+0000] {dagbag.py:538} INFO - Filling up the DagBag from /home/airflow/.local/lib/python3.8/site-packages/airflow/example_dags/example_task_group_decorator.py
[2026-01-09T12:12:34.783+0000] {processor.py:840} INFO - DAG(s) 'example_task_group_decorator' retrieved from /home/airflow/.local/lib/python3.8/site-packages/airflow/example_dags/example_task_group_decorator.py
[2026-01-09T12:12:34.830+0000] {logging_mixin.py:188} INFO - [2026-01-09T12:12:34.829+0000] {dag.py:3036} INFO - Sync 1 DAGs
[2026-01-09T12:12:34.868+0000] {logging_mixin.py:188} INFO - [2026-01-09T12:12:34.868+0000] {dag.py:3823} INFO - Setting next_dagrun for example_task_group_decorator to 2026-01-08 00:00:00+00:00, run_after=2026-01-09 00:00:00+00:00
[2026-01-09T12:12:34.912+0000] {processor.py:183} INFO - Processing /home/airflow/.local/lib/python3.8/site-packages/airflow/example_dags/example_task_group_decorator.py took 0.184 seconds
[2026-01-09T12:13:05.640+0000] {processor.py:161} INFO - Started process (PID=2381) to work on /home/airflow/.local/lib/python3.8/site-packages/airflow/example_dags/example_task_group_decorator.py
[2026-01-09T12:13:05.642+0000] {processor.py:830} INFO - Processing file /home/airflow/.local/lib/python3.8/site-packages/airflow/example_dags/example_task_group_decorator.py for tasks to queue
[2026-01-09T12:13:05.644+0000] {logging_mixin.py:188} INFO - [2026-01-09T12:13:05.644+0000] {dagbag.py:538} INFO - Filling up the DagBag from /home/airflow/.local/lib/python3.8/site-packages/airflow/example_dags/example_task_group_decorator.py
[2026-01-09T12:13:05.677+0000] {processor.py:840} INFO - DAG(s) 'example_task_group_decorator' retrieved from /home/airflow/.local/lib/python3.8/site-packages/airflow/example_dags/example_task_group_decorator.py
[2026-01-09T12:13:05.722+0000] {logging_mixin.py:188} INFO - [2026-01-09T12:13:05.721+0000] {dag.py:3036} INFO - Sync 1 DAGs
[2026-01-09T12:13:05.759+0000] {logging_mixin.py:188} INFO - [2026-01-09T12:13:05.759+0000] {dag.py:3823} INFO - Setting next_dagrun for example_task_group_decorator to 2026-01-08 00:00:00+00:00, run_after=2026-01-09 00:00:00+00:00
[2026-01-09T12:13:05.809+0000] {processor.py:183} INFO - Processing /home/airflow/.local/lib/python3.8/site-packages/airflow/example_dags/example_task_group_decorator.py took 0.177 seconds
[2026-01-09T12:13:36.308+0000] {processor.py:161} INFO - Started process (PID=2626) to work on /home/airflow/.local/lib/python3.8/site-packages/airflow/example_dags/example_task_group_decorator.py
[2026-01-09T12:13:36.309+0000] {processor.py:830} INFO - Processing file /home/airflow/.local/lib/python3.8/site-packages/airflow/example_dags/example_task_group_decorator.py for tasks to queue
[2026-01-09T12:13:36.311+0000] {logging_mixin.py:188} INFO - [2026-01-09T12:13:36.310+0000] {dagbag.py:538} INFO - Filling up the DagBag from /home/airflow/.local/lib/python3.8/site-packages/airflow/example_dags/example_task_group_decorator.py
[2026-01-09T12:13:36.340+0000] {processor.py:840} INFO - DAG(s) 'example_task_group_decorator' retrieved from /home/airflow/.local/lib/python3.8/site-packages/airflow/example_dags/example_task_group_decorator.py
[2026-01-09T12:13:36.381+0000] {logging_mixin.py:188} INFO - [2026-01-09T12:13:36.380+0000] {dag.py:3036} INFO - Sync 1 DAGs
[2026-01-09T12:13:36.419+0000] {logging_mixin.py:188} INFO - [2026-01-09T12:13:36.419+0000] {dag.py:3823} INFO - Setting next_dagrun for example_task_group_decorator to 2026-01-08 00:00:00+00:00, run_after=2026-01-09 00:00:00+00:00
[2026-01-09T12:13:36.462+0000] {processor.py:183} INFO - Processing /home/airflow/.local/lib/python3.8/site-packages/airflow/example_dags/example_task_group_decorator.py took 0.160 seconds
[2026-01-09T12:14:06.697+0000] {processor.py:161} INFO - Started process (PID=2873) to work on /home/airflow/.local/lib/python3.8/site-packages/airflow/example_dags/example_task_group_decorator.py
[2026-01-09T12:14:06.701+0000] {processor.py:830} INFO - Processing file /home/airflow/.local/lib/python3.8/site-packages/airflow/example_dags/example_task_group_decorator.py for tasks to queue
[2026-01-09T12:14:06.703+0000] {logging_mixin.py:188} INFO - [2026-01-09T12:14:06.702+0000] {dagbag.py:538} INFO - Filling up the DagBag from /home/airflow/.local/lib/python3.8/site-packages/airflow/example_dags/example_task_group_decorator.py
[2026-01-09T12:14:06.737+0000] {processor.py:840} INFO - DAG(s) 'example_task_group_decorator' retrieved from /home/airflow/.local/lib/python3.8/site-packages/airflow/example_dags/example_task_group_decorator.py
[2026-01-09T12:14:06.791+0000] {logging_mixin.py:188} INFO - [2026-01-09T12:14:06.791+0000] {dag.py:3036} INFO - Sync 1 DAGs
[2026-01-09T12:14:06.832+0000] {logging_mixin.py:188} INFO - [2026-01-09T12:14:06.831+0000] {dag.py:3823} INFO - Setting next_dagrun for example_task_group_decorator to 2026-01-08 00:00:00+00:00, run_after=2026-01-09 00:00:00+00:00
[2026-01-09T12:14:06.879+0000] {processor.py:183} INFO - Processing /home/airflow/.local/lib/python3.8/site-packages/airflow/example_dags/example_task_group_decorator.py took 0.189 seconds
[2026-01-09T12:14:36.970+0000] {processor.py:161} INFO - Started process (PID=3120) to work on /home/airflow/.local/lib/python3.8/site-packages/airflow/example_dags/example_task_group_decorator.py
[2026-01-09T12:14:36.972+0000] {processor.py:830} INFO - Processing file /home/airflow/.local/lib/python3.8/site-packages/airflow/example_dags/example_task_group_decorator.py for tasks to queue
[2026-01-09T12:14:36.974+0000] {logging_mixin.py:188} INFO - [2026-01-09T12:14:36.974+0000] {dagbag.py:538} INFO - Filling up the DagBag from /home/airflow/.local/lib/python3.8/site-packages/airflow/example_dags/example_task_group_decorator.py
[2026-01-09T12:14:37.000+0000] {processor.py:840} INFO - DAG(s) 'example_task_group_decorator' retrieved from /home/airflow/.local/lib/python3.8/site-packages/airflow/example_dags/example_task_group_decorator.py
[2026-01-09T12:14:37.044+0000] {logging_mixin.py:188} INFO - [2026-01-09T12:14:37.044+0000] {dag.py:3036} INFO - Sync 1 DAGs
[2026-01-09T12:14:37.081+0000] {logging_mixin.py:188} INFO - [2026-01-09T12:14:37.081+0000] {dag.py:3823} INFO - Setting next_dagrun for example_task_group_decorator to 2026-01-08 00:00:00+00:00, run_after=2026-01-09 00:00:00+00:00
[2026-01-09T12:14:37.122+0000] {processor.py:183} INFO - Processing /home/airflow/.local/lib/python3.8/site-packages/airflow/example_dags/example_task_group_decorator.py took 0.159 seconds
[2026-01-09T12:15:08.940+0000] {processor.py:161} INFO - Started process (PID=3367) to work on /home/airflow/.local/lib/python3.8/site-packages/airflow/example_dags/example_task_group_decorator.py
[2026-01-09T12:15:08.978+0000] {processor.py:830} INFO - Processing file /home/airflow/.local/lib/python3.8/site-packages/airflow/example_dags/example_task_group_decorator.py for tasks to queue
[2026-01-09T12:15:08.981+0000] {logging_mixin.py:188} INFO - [2026-01-09T12:15:08.980+0000] {dagbag.py:538} INFO - Filling up the DagBag from /home/airflow/.local/lib/python3.8/site-packages/airflow/example_dags/example_task_group_decorator.py
[2026-01-09T12:15:09.025+0000] {processor.py:840} INFO - DAG(s) 'example_task_group_decorator' retrieved from /home/airflow/.local/lib/python3.8/site-packages/airflow/example_dags/example_task_group_decorator.py
[2026-01-09T12:15:09.104+0000] {logging_mixin.py:188} INFO - [2026-01-09T12:15:09.103+0000] {dag.py:3036} INFO - Sync 1 DAGs
[2026-01-09T12:15:09.167+0000] {logging_mixin.py:188} INFO - [2026-01-09T12:15:09.166+0000] {dag.py:3823} INFO - Setting next_dagrun for example_task_group_decorator to 2026-01-08 00:00:00+00:00, run_after=2026-01-09 00:00:00+00:00
[2026-01-09T12:15:09.309+0000] {processor.py:183} INFO - Processing /home/airflow/.local/lib/python3.8/site-packages/airflow/example_dags/example_task_group_decorator.py took 0.381 seconds
[2026-01-09T12:15:39.419+0000] {processor.py:161} INFO - Started process (PID=3616) to work on /home/airflow/.local/lib/python3.8/site-packages/airflow/example_dags/example_task_group_decorator.py
[2026-01-09T12:15:39.420+0000] {processor.py:830} INFO - Processing file /home/airflow/.local/lib/python3.8/site-packages/airflow/example_dags/example_task_group_decorator.py for tasks to queue
[2026-01-09T12:15:39.422+0000] {logging_mixin.py:188} INFO - [2026-01-09T12:15:39.421+0000] {dagbag.py:538} INFO - Filling up the DagBag from /home/airflow/.local/lib/python3.8/site-packages/airflow/example_dags/example_task_group_decorator.py
[2026-01-09T12:15:39.448+0000] {processor.py:840} INFO - DAG(s) 'example_task_group_decorator' retrieved from /home/airflow/.local/lib/python3.8/site-packages/airflow/example_dags/example_task_group_decorator.py
[2026-01-09T12:15:39.497+0000] {logging_mixin.py:188} INFO - [2026-01-09T12:15:39.496+0000] {dag.py:3036} INFO - Sync 1 DAGs
[2026-01-09T12:15:39.536+0000] {logging_mixin.py:188} INFO - [2026-01-09T12:15:39.535+0000] {dag.py:3823} INFO - Setting next_dagrun for example_task_group_decorator to 2026-01-08 00:00:00+00:00, run_after=2026-01-09 00:00:00+00:00
[2026-01-09T12:15:39.580+0000] {processor.py:183} INFO - Processing /home/airflow/.local/lib/python3.8/site-packages/airflow/example_dags/example_task_group_decorator.py took 0.167 seconds
[2026-01-09T12:16:09.725+0000] {processor.py:161} INFO - Started process (PID=3862) to work on /home/airflow/.local/lib/python3.8/site-packages/airflow/example_dags/example_task_group_decorator.py
[2026-01-09T12:16:09.727+0000] {processor.py:830} INFO - Processing file /home/airflow/.local/lib/python3.8/site-packages/airflow/example_dags/example_task_group_decorator.py for tasks to queue
[2026-01-09T12:16:09.729+0000] {logging_mixin.py:188} INFO - [2026-01-09T12:16:09.728+0000] {dagbag.py:538} INFO - Filling up the DagBag from /home/airflow/.local/lib/python3.8/site-packages/airflow/example_dags/example_task_group_decorator.py
[2026-01-09T12:16:09.754+0000] {processor.py:840} INFO - DAG(s) 'example_task_group_decorator' retrieved from /home/airflow/.local/lib/python3.8/site-packages/airflow/example_dags/example_task_group_decorator.py
[2026-01-09T12:16:09.809+0000] {logging_mixin.py:188} INFO - [2026-01-09T12:16:09.808+0000] {dag.py:3036} INFO - Sync 1 DAGs
[2026-01-09T12:16:09.851+0000] {logging_mixin.py:188} INFO - [2026-01-09T12:16:09.851+0000] {dag.py:3823} INFO - Setting next_dagrun for example_task_group_decorator to 2026-01-08 00:00:00+00:00, run_after=2026-01-09 00:00:00+00:00
[2026-01-09T12:16:09.901+0000] {processor.py:183} INFO - Processing /home/airflow/.local/lib/python3.8/site-packages/airflow/example_dags/example_task_group_decorator.py took 0.182 seconds
[2026-01-09T12:16:40.184+0000] {processor.py:161} INFO - Started process (PID=4109) to work on /home/airflow/.local/lib/python3.8/site-packages/airflow/example_dags/example_task_group_decorator.py
[2026-01-09T12:16:40.187+0000] {processor.py:830} INFO - Processing file /home/airflow/.local/lib/python3.8/site-packages/airflow/example_dags/example_task_group_decorator.py for tasks to queue
[2026-01-09T12:16:40.189+0000] {logging_mixin.py:188} INFO - [2026-01-09T12:16:40.188+0000] {dagbag.py:538} INFO - Filling up the DagBag from /home/airflow/.local/lib/python3.8/site-packages/airflow/example_dags/example_task_group_decorator.py
[2026-01-09T12:16:40.251+0000] {processor.py:840} INFO - DAG(s) 'example_task_group_decorator' retrieved from /home/airflow/.local/lib/python3.8/site-packages/airflow/example_dags/example_task_group_decorator.py
[2026-01-09T12:16:40.336+0000] {logging_mixin.py:188} INFO - [2026-01-09T12:16:40.335+0000] {dag.py:3036} INFO - Sync 1 DAGs
[2026-01-09T12:16:40.411+0000] {logging_mixin.py:188} INFO - [2026-01-09T12:16:40.410+0000] {dag.py:3823} INFO - Setting next_dagrun for example_task_group_decorator to 2026-01-08 00:00:00+00:00, run_after=2026-01-09 00:00:00+00:00
[2026-01-09T12:16:40.459+0000] {processor.py:183} INFO - Processing /home/airflow/.local/lib/python3.8/site-packages/airflow/example_dags/example_task_group_decorator.py took 0.284 seconds
[2026-01-09T12:17:10.934+0000] {processor.py:161} INFO - Started process (PID=4354) to work on /home/airflow/.local/lib/python3.8/site-packages/airflow/example_dags/example_task_group_decorator.py
[2026-01-09T12:17:10.936+0000] {processor.py:830} INFO - Processing file /home/airflow/.local/lib/python3.8/site-packages/airflow/example_dags/example_task_group_decorator.py for tasks to queue
[2026-01-09T12:17:10.938+0000] {logging_mixin.py:188} INFO - [2026-01-09T12:17:10.937+0000] {dagbag.py:538} INFO - Filling up the DagBag from /home/airflow/.local/lib/python3.8/site-packages/airflow/example_dags/example_task_group_decorator.py
[2026-01-09T12:17:10.974+0000] {processor.py:840} INFO - DAG(s) 'example_task_group_decorator' retrieved from /home/airflow/.local/lib/python3.8/site-packages/airflow/example_dags/example_task_group_decorator.py
[2026-01-09T12:17:11.033+0000] {logging_mixin.py:188} INFO - [2026-01-09T12:17:11.032+0000] {dag.py:3036} INFO - Sync 1 DAGs
[2026-01-09T12:17:11.082+0000] {logging_mixin.py:188} INFO - [2026-01-09T12:17:11.082+0000] {dag.py:3823} INFO - Setting next_dagrun for example_task_group_decorator to 2026-01-08 00:00:00+00:00, run_after=2026-01-09 00:00:00+00:00
[2026-01-09T12:17:11.125+0000] {processor.py:183} INFO - Processing /home/airflow/.local/lib/python3.8/site-packages/airflow/example_dags/example_task_group_decorator.py took 0.197 seconds
[2026-01-09T12:17:41.303+0000] {processor.py:161} INFO - Started process (PID=4601) to work on /home/airflow/.local/lib/python3.8/site-packages/airflow/example_dags/example_task_group_decorator.py
[2026-01-09T12:17:41.306+0000] {processor.py:830} INFO - Processing file /home/airflow/.local/lib/python3.8/site-packages/airflow/example_dags/example_task_group_decorator.py for tasks to queue
[2026-01-09T12:17:41.308+0000] {logging_mixin.py:188} INFO - [2026-01-09T12:17:41.307+0000] {dagbag.py:538} INFO - Filling up the DagBag from /home/airflow/.local/lib/python3.8/site-packages/airflow/example_dags/example_task_group_decorator.py
[2026-01-09T12:17:41.335+0000] {processor.py:840} INFO - DAG(s) 'example_task_group_decorator' retrieved from /home/airflow/.local/lib/python3.8/site-packages/airflow/example_dags/example_task_group_decorator.py
[2026-01-09T12:17:41.378+0000] {logging_mixin.py:188} INFO - [2026-01-09T12:17:41.378+0000] {dag.py:3036} INFO - Sync 1 DAGs
[2026-01-09T12:17:41.412+0000] {logging_mixin.py:188} INFO - [2026-01-09T12:17:41.412+0000] {dag.py:3823} INFO - Setting next_dagrun for example_task_group_decorator to 2026-01-08 00:00:00+00:00, run_after=2026-01-09 00:00:00+00:00
[2026-01-09T12:17:41.455+0000] {processor.py:183} INFO - Processing /home/airflow/.local/lib/python3.8/site-packages/airflow/example_dags/example_task_group_decorator.py took 0.162 seconds
[2026-01-09T12:18:12.175+0000] {processor.py:161} INFO - Started process (PID=4848) to work on /home/airflow/.local/lib/python3.8/site-packages/airflow/example_dags/example_task_group_decorator.py
[2026-01-09T12:18:12.177+0000] {processor.py:830} INFO - Processing file /home/airflow/.local/lib/python3.8/site-packages/airflow/example_dags/example_task_group_decorator.py for tasks to queue
[2026-01-09T12:18:12.178+0000] {logging_mixin.py:188} INFO - [2026-01-09T12:18:12.178+0000] {dagbag.py:538} INFO - Filling up the DagBag from /home/airflow/.local/lib/python3.8/site-packages/airflow/example_dags/example_task_group_decorator.py
[2026-01-09T12:18:12.211+0000] {processor.py:840} INFO - DAG(s) 'example_task_group_decorator' retrieved from /home/airflow/.local/lib/python3.8/site-packages/airflow/example_dags/example_task_group_decorator.py
[2026-01-09T12:18:12.263+0000] {logging_mixin.py:188} INFO - [2026-01-09T12:18:12.263+0000] {dag.py:3036} INFO - Sync 1 DAGs
[2026-01-09T12:18:12.309+0000] {logging_mixin.py:188} INFO - [2026-01-09T12:18:12.308+0000] {dag.py:3823} INFO - Setting next_dagrun for example_task_group_decorator to 2026-01-08 00:00:00+00:00, run_after=2026-01-09 00:00:00+00:00
[2026-01-09T12:18:12.366+0000] {processor.py:183} INFO - Processing /home/airflow/.local/lib/python3.8/site-packages/airflow/example_dags/example_task_group_decorator.py took 0.198 seconds
[2026-01-09T12:18:42.722+0000] {processor.py:161} INFO - Started process (PID=5095) to work on /home/airflow/.local/lib/python3.8/site-packages/airflow/example_dags/example_task_group_decorator.py
[2026-01-09T12:18:42.727+0000] {processor.py:830} INFO - Processing file /home/airflow/.local/lib/python3.8/site-packages/airflow/example_dags/example_task_group_decorator.py for tasks to queue
[2026-01-09T12:18:42.730+0000] {logging_mixin.py:188} INFO - [2026-01-09T12:18:42.729+0000] {dagbag.py:538} INFO - Filling up the DagBag from /home/airflow/.local/lib/python3.8/site-packages/airflow/example_dags/example_task_group_decorator.py
[2026-01-09T12:18:42.768+0000] {processor.py:840} INFO - DAG(s) 'example_task_group_decorator' retrieved from /home/airflow/.local/lib/python3.8/site-packages/airflow/example_dags/example_task_group_decorator.py
[2026-01-09T12:18:42.824+0000] {logging_mixin.py:188} INFO - [2026-01-09T12:18:42.823+0000] {dag.py:3036} INFO - Sync 1 DAGs
[2026-01-09T12:18:42.865+0000] {logging_mixin.py:188} INFO - [2026-01-09T12:18:42.864+0000] {dag.py:3823} INFO - Setting next_dagrun for example_task_group_decorator to 2026-01-08 00:00:00+00:00, run_after=2026-01-09 00:00:00+00:00
[2026-01-09T12:18:42.912+0000] {processor.py:183} INFO - Processing /home/airflow/.local/lib/python3.8/site-packages/airflow/example_dags/example_task_group_decorator.py took 0.198 seconds
[2026-01-09T12:19:13.045+0000] {processor.py:161} INFO - Started process (PID=5342) to work on /home/airflow/.local/lib/python3.8/site-packages/airflow/example_dags/example_task_group_decorator.py
[2026-01-09T12:19:13.046+0000] {processor.py:830} INFO - Processing file /home/airflow/.local/lib/python3.8/site-packages/airflow/example_dags/example_task_group_decorator.py for tasks to queue
[2026-01-09T12:19:13.048+0000] {logging_mixin.py:188} INFO - [2026-01-09T12:19:13.047+0000] {dagbag.py:538} INFO - Filling up the DagBag from /home/airflow/.local/lib/python3.8/site-packages/airflow/example_dags/example_task_group_decorator.py
[2026-01-09T12:19:13.077+0000] {processor.py:840} INFO - DAG(s) 'example_task_group_decorator' retrieved from /home/airflow/.local/lib/python3.8/site-packages/airflow/example_dags/example_task_group_decorator.py
[2026-01-09T12:19:13.125+0000] {logging_mixin.py:188} INFO - [2026-01-09T12:19:13.124+0000] {dag.py:3036} INFO - Sync 1 DAGs
[2026-01-09T12:19:13.162+0000] {logging_mixin.py:188} INFO - [2026-01-09T12:19:13.161+0000] {dag.py:3823} INFO - Setting next_dagrun for example_task_group_decorator to 2026-01-08 00:00:00+00:00, run_after=2026-01-09 00:00:00+00:00
[2026-01-09T12:19:13.225+0000] {processor.py:183} INFO - Processing /home/airflow/.local/lib/python3.8/site-packages/airflow/example_dags/example_task_group_decorator.py took 0.188 seconds
[2026-01-09T12:19:44.030+0000] {processor.py:161} INFO - Started process (PID=5589) to work on /home/airflow/.local/lib/python3.8/site-packages/airflow/example_dags/example_task_group_decorator.py
[2026-01-09T12:19:44.032+0000] {processor.py:830} INFO - Processing file /home/airflow/.local/lib/python3.8/site-packages/airflow/example_dags/example_task_group_decorator.py for tasks to queue
[2026-01-09T12:19:44.034+0000] {logging_mixin.py:188} INFO - [2026-01-09T12:19:44.034+0000] {dagbag.py:538} INFO - Filling up the DagBag from /home/airflow/.local/lib/python3.8/site-packages/airflow/example_dags/example_task_group_decorator.py
[2026-01-09T12:19:44.064+0000] {processor.py:840} INFO - DAG(s) 'example_task_group_decorator' retrieved from /home/airflow/.local/lib/python3.8/site-packages/airflow/example_dags/example_task_group_decorator.py
[2026-01-09T12:19:44.117+0000] {logging_mixin.py:188} INFO - [2026-01-09T12:19:44.116+0000] {dag.py:3036} INFO - Sync 1 DAGs
[2026-01-09T12:19:44.158+0000] {logging_mixin.py:188} INFO - [2026-01-09T12:19:44.157+0000] {dag.py:3823} INFO - Setting next_dagrun for example_task_group_decorator to 2026-01-08 00:00:00+00:00, run_after=2026-01-09 00:00:00+00:00
[2026-01-09T12:19:44.203+0000] {processor.py:183} INFO - Processing /home/airflow/.local/lib/python3.8/site-packages/airflow/example_dags/example_task_group_decorator.py took 0.182 seconds
[2026-01-09T12:20:14.672+0000] {processor.py:161} INFO - Started process (PID=5836) to work on /home/airflow/.local/lib/python3.8/site-packages/airflow/example_dags/example_task_group_decorator.py
[2026-01-09T12:20:14.674+0000] {processor.py:830} INFO - Processing file /home/airflow/.local/lib/python3.8/site-packages/airflow/example_dags/example_task_group_decorator.py for tasks to queue
[2026-01-09T12:20:14.676+0000] {logging_mixin.py:188} INFO - [2026-01-09T12:20:14.675+0000] {dagbag.py:538} INFO - Filling up the DagBag from /home/airflow/.local/lib/python3.8/site-packages/airflow/example_dags/example_task_group_decorator.py
[2026-01-09T12:20:14.702+0000] {processor.py:840} INFO - DAG(s) 'example_task_group_decorator' retrieved from /home/airflow/.local/lib/python3.8/site-packages/airflow/example_dags/example_task_group_decorator.py
[2026-01-09T12:20:14.754+0000] {logging_mixin.py:188} INFO - [2026-01-09T12:20:14.753+0000] {dag.py:3036} INFO - Sync 1 DAGs
[2026-01-09T12:20:14.794+0000] {logging_mixin.py:188} INFO - [2026-01-09T12:20:14.794+0000] {dag.py:3823} INFO - Setting next_dagrun for example_task_group_decorator to 2026-01-08 00:00:00+00:00, run_after=2026-01-09 00:00:00+00:00
[2026-01-09T12:20:14.838+0000] {processor.py:183} INFO - Processing /home/airflow/.local/lib/python3.8/site-packages/airflow/example_dags/example_task_group_decorator.py took 0.178 seconds
[2026-01-09T12:20:45.707+0000] {processor.py:161} INFO - Started process (PID=6083) to work on /home/airflow/.local/lib/python3.8/site-packages/airflow/example_dags/example_task_group_decorator.py
[2026-01-09T12:20:45.712+0000] {processor.py:830} INFO - Processing file /home/airflow/.local/lib/python3.8/site-packages/airflow/example_dags/example_task_group_decorator.py for tasks to queue
[2026-01-09T12:20:45.715+0000] {logging_mixin.py:188} INFO - [2026-01-09T12:20:45.714+0000] {dagbag.py:538} INFO - Filling up the DagBag from /home/airflow/.local/lib/python3.8/site-packages/airflow/example_dags/example_task_group_decorator.py
[2026-01-09T12:20:45.741+0000] {processor.py:840} INFO - DAG(s) 'example_task_group_decorator' retrieved from /home/airflow/.local/lib/python3.8/site-packages/airflow/example_dags/example_task_group_decorator.py
[2026-01-09T12:20:45.800+0000] {logging_mixin.py:188} INFO - [2026-01-09T12:20:45.799+0000] {dag.py:3036} INFO - Sync 1 DAGs
[2026-01-09T12:20:45.842+0000] {logging_mixin.py:188} INFO - [2026-01-09T12:20:45.842+0000] {dag.py:3823} INFO - Setting next_dagrun for example_task_group_decorator to 2026-01-08 00:00:00+00:00, run_after=2026-01-09 00:00:00+00:00
[2026-01-09T12:20:45.898+0000] {processor.py:183} INFO - Processing /home/airflow/.local/lib/python3.8/site-packages/airflow/example_dags/example_task_group_decorator.py took 0.196 seconds
[2026-01-09T12:21:16.281+0000] {processor.py:161} INFO - Started process (PID=6330) to work on /home/airflow/.local/lib/python3.8/site-packages/airflow/example_dags/example_task_group_decorator.py
[2026-01-09T12:21:16.284+0000] {processor.py:830} INFO - Processing file /home/airflow/.local/lib/python3.8/site-packages/airflow/example_dags/example_task_group_decorator.py for tasks to queue
[2026-01-09T12:21:16.285+0000] {logging_mixin.py:188} INFO - [2026-01-09T12:21:16.285+0000] {dagbag.py:538} INFO - Filling up the DagBag from /home/airflow/.local/lib/python3.8/site-packages/airflow/example_dags/example_task_group_decorator.py
[2026-01-09T12:21:16.323+0000] {processor.py:840} INFO - DAG(s) 'example_task_group_decorator' retrieved from /home/airflow/.local/lib/python3.8/site-packages/airflow/example_dags/example_task_group_decorator.py
[2026-01-09T12:21:16.374+0000] {logging_mixin.py:188} INFO - [2026-01-09T12:21:16.374+0000] {dag.py:3036} INFO - Sync 1 DAGs
[2026-01-09T12:21:16.419+0000] {logging_mixin.py:188} INFO - [2026-01-09T12:21:16.419+0000] {dag.py:3823} INFO - Setting next_dagrun for example_task_group_decorator to 2026-01-08 00:00:00+00:00, run_after=2026-01-09 00:00:00+00:00
[2026-01-09T12:21:16.463+0000] {processor.py:183} INFO - Processing /home/airflow/.local/lib/python3.8/site-packages/airflow/example_dags/example_task_group_decorator.py took 0.190 seconds
[2026-01-09T12:21:47.096+0000] {processor.py:161} INFO - Started process (PID=6577) to work on /home/airflow/.local/lib/python3.8/site-packages/airflow/example_dags/example_task_group_decorator.py
[2026-01-09T12:21:47.099+0000] {processor.py:830} INFO - Processing file /home/airflow/.local/lib/python3.8/site-packages/airflow/example_dags/example_task_group_decorator.py for tasks to queue
[2026-01-09T12:21:47.101+0000] {logging_mixin.py:188} INFO - [2026-01-09T12:21:47.101+0000] {dagbag.py:538} INFO - Filling up the DagBag from /home/airflow/.local/lib/python3.8/site-packages/airflow/example_dags/example_task_group_decorator.py
[2026-01-09T12:21:47.137+0000] {processor.py:840} INFO - DAG(s) 'example_task_group_decorator' retrieved from /home/airflow/.local/lib/python3.8/site-packages/airflow/example_dags/example_task_group_decorator.py
[2026-01-09T12:21:47.198+0000] {logging_mixin.py:188} INFO - [2026-01-09T12:21:47.197+0000] {dag.py:3036} INFO - Sync 1 DAGs
[2026-01-09T12:21:47.243+0000] {logging_mixin.py:188} INFO - [2026-01-09T12:21:47.242+0000] {dag.py:3823} INFO - Setting next_dagrun for example_task_group_decorator to 2026-01-08 00:00:00+00:00, run_after=2026-01-09 00:00:00+00:00
[2026-01-09T12:21:47.301+0000] {processor.py:183} INFO - Processing /home/airflow/.local/lib/python3.8/site-packages/airflow/example_dags/example_task_group_decorator.py took 0.213 seconds
[2026-01-09T12:22:18.191+0000] {processor.py:161} INFO - Started process (PID=6825) to work on /home/airflow/.local/lib/python3.8/site-packages/airflow/example_dags/example_task_group_decorator.py
[2026-01-09T12:22:18.199+0000] {processor.py:830} INFO - Processing file /home/airflow/.local/lib/python3.8/site-packages/airflow/example_dags/example_task_group_decorator.py for tasks to queue
[2026-01-09T12:22:18.201+0000] {logging_mixin.py:188} INFO - [2026-01-09T12:22:18.200+0000] {dagbag.py:538} INFO - Filling up the DagBag from /home/airflow/.local/lib/python3.8/site-packages/airflow/example_dags/example_task_group_decorator.py
[2026-01-09T12:22:18.230+0000] {processor.py:840} INFO - DAG(s) 'example_task_group_decorator' retrieved from /home/airflow/.local/lib/python3.8/site-packages/airflow/example_dags/example_task_group_decorator.py
[2026-01-09T12:22:18.277+0000] {logging_mixin.py:188} INFO - [2026-01-09T12:22:18.277+0000] {dag.py:3036} INFO - Sync 1 DAGs
[2026-01-09T12:22:18.321+0000] {logging_mixin.py:188} INFO - [2026-01-09T12:22:18.321+0000] {dag.py:3823} INFO - Setting next_dagrun for example_task_group_decorator to 2026-01-08 00:00:00+00:00, run_after=2026-01-09 00:00:00+00:00
[2026-01-09T12:22:18.368+0000] {processor.py:183} INFO - Processing /home/airflow/.local/lib/python3.8/site-packages/airflow/example_dags/example_task_group_decorator.py took 0.185 seconds
[2026-01-09T12:22:48.733+0000] {processor.py:161} INFO - Started process (PID=7072) to work on /home/airflow/.local/lib/python3.8/site-packages/airflow/example_dags/example_task_group_decorator.py
[2026-01-09T12:22:48.735+0000] {processor.py:830} INFO - Processing file /home/airflow/.local/lib/python3.8/site-packages/airflow/example_dags/example_task_group_decorator.py for tasks to queue
[2026-01-09T12:22:48.737+0000] {logging_mixin.py:188} INFO - [2026-01-09T12:22:48.736+0000] {dagbag.py:538} INFO - Filling up the DagBag from /home/airflow/.local/lib/python3.8/site-packages/airflow/example_dags/example_task_group_decorator.py
[2026-01-09T12:22:48.763+0000] {processor.py:840} INFO - DAG(s) 'example_task_group_decorator' retrieved from /home/airflow/.local/lib/python3.8/site-packages/airflow/example_dags/example_task_group_decorator.py
[2026-01-09T12:22:48.809+0000] {logging_mixin.py:188} INFO - [2026-01-09T12:22:48.809+0000] {dag.py:3036} INFO - Sync 1 DAGs
[2026-01-09T12:22:48.850+0000] {logging_mixin.py:188} INFO - [2026-01-09T12:22:48.849+0000] {dag.py:3823} INFO - Setting next_dagrun for example_task_group_decorator to 2026-01-08 00:00:00+00:00, run_after=2026-01-09 00:00:00+00:00
[2026-01-09T12:22:48.895+0000] {processor.py:183} INFO - Processing /home/airflow/.local/lib/python3.8/site-packages/airflow/example_dags/example_task_group_decorator.py took 0.168 seconds
[2026-01-09T12:23:19.025+0000] {processor.py:161} INFO - Started process (PID=7319) to work on /home/airflow/.local/lib/python3.8/site-packages/airflow/example_dags/example_task_group_decorator.py
[2026-01-09T12:23:19.028+0000] {processor.py:830} INFO - Processing file /home/airflow/.local/lib/python3.8/site-packages/airflow/example_dags/example_task_group_decorator.py for tasks to queue
[2026-01-09T12:23:19.030+0000] {logging_mixin.py:188} INFO - [2026-01-09T12:23:19.029+0000] {dagbag.py:538} INFO - Filling up the DagBag from /home/airflow/.local/lib/python3.8/site-packages/airflow/example_dags/example_task_group_decorator.py
[2026-01-09T12:23:19.063+0000] {processor.py:840} INFO - DAG(s) 'example_task_group_decorator' retrieved from /home/airflow/.local/lib/python3.8/site-packages/airflow/example_dags/example_task_group_decorator.py
[2026-01-09T12:23:19.116+0000] {logging_mixin.py:188} INFO - [2026-01-09T12:23:19.115+0000] {dag.py:3036} INFO - Sync 1 DAGs
[2026-01-09T12:23:19.161+0000] {logging_mixin.py:188} INFO - [2026-01-09T12:23:19.160+0000] {dag.py:3823} INFO - Setting next_dagrun for example_task_group_decorator to 2026-01-08 00:00:00+00:00, run_after=2026-01-09 00:00:00+00:00
[2026-01-09T12:23:19.215+0000] {processor.py:183} INFO - Processing /home/airflow/.local/lib/python3.8/site-packages/airflow/example_dags/example_task_group_decorator.py took 0.199 seconds
[2026-01-09T12:23:49.396+0000] {processor.py:161} INFO - Started process (PID=7566) to work on /home/airflow/.local/lib/python3.8/site-packages/airflow/example_dags/example_task_group_decorator.py
[2026-01-09T12:23:49.398+0000] {processor.py:830} INFO - Processing file /home/airflow/.local/lib/python3.8/site-packages/airflow/example_dags/example_task_group_decorator.py for tasks to queue
[2026-01-09T12:23:49.400+0000] {logging_mixin.py:188} INFO - [2026-01-09T12:23:49.399+0000] {dagbag.py:538} INFO - Filling up the DagBag from /home/airflow/.local/lib/python3.8/site-packages/airflow/example_dags/example_task_group_decorator.py
[2026-01-09T12:23:49.428+0000] {processor.py:840} INFO - DAG(s) 'example_task_group_decorator' retrieved from /home/airflow/.local/lib/python3.8/site-packages/airflow/example_dags/example_task_group_decorator.py
[2026-01-09T12:23:49.478+0000] {logging_mixin.py:188} INFO - [2026-01-09T12:23:49.478+0000] {dag.py:3036} INFO - Sync 1 DAGs
[2026-01-09T12:23:49.524+0000] {logging_mixin.py:188} INFO - [2026-01-09T12:23:49.523+0000] {dag.py:3823} INFO - Setting next_dagrun for example_task_group_decorator to 2026-01-08 00:00:00+00:00, run_after=2026-01-09 00:00:00+00:00
[2026-01-09T12:23:49.567+0000] {processor.py:183} INFO - Processing /home/airflow/.local/lib/python3.8/site-packages/airflow/example_dags/example_task_group_decorator.py took 0.178 seconds
[2026-01-09T12:24:19.896+0000] {processor.py:161} INFO - Started process (PID=7814) to work on /home/airflow/.local/lib/python3.8/site-packages/airflow/example_dags/example_task_group_decorator.py
[2026-01-09T12:24:19.898+0000] {processor.py:830} INFO - Processing file /home/airflow/.local/lib/python3.8/site-packages/airflow/example_dags/example_task_group_decorator.py for tasks to queue
[2026-01-09T12:24:19.900+0000] {logging_mixin.py:188} INFO - [2026-01-09T12:24:19.900+0000] {dagbag.py:538} INFO - Filling up the DagBag from /home/airflow/.local/lib/python3.8/site-packages/airflow/example_dags/example_task_group_decorator.py
[2026-01-09T12:24:19.929+0000] {processor.py:840} INFO - DAG(s) 'example_task_group_decorator' retrieved from /home/airflow/.local/lib/python3.8/site-packages/airflow/example_dags/example_task_group_decorator.py
[2026-01-09T12:24:19.980+0000] {logging_mixin.py:188} INFO - [2026-01-09T12:24:19.980+0000] {dag.py:3036} INFO - Sync 1 DAGs
[2026-01-09T12:24:20.023+0000] {logging_mixin.py:188} INFO - [2026-01-09T12:24:20.022+0000] {dag.py:3823} INFO - Setting next_dagrun for example_task_group_decorator to 2026-01-08 00:00:00+00:00, run_after=2026-01-09 00:00:00+00:00
[2026-01-09T12:24:20.067+0000] {processor.py:183} INFO - Processing /home/airflow/.local/lib/python3.8/site-packages/airflow/example_dags/example_task_group_decorator.py took 0.180 seconds
[2026-01-09T12:24:50.460+0000] {processor.py:161} INFO - Started process (PID=8061) to work on /home/airflow/.local/lib/python3.8/site-packages/airflow/example_dags/example_task_group_decorator.py
[2026-01-09T12:24:50.463+0000] {processor.py:830} INFO - Processing file /home/airflow/.local/lib/python3.8/site-packages/airflow/example_dags/example_task_group_decorator.py for tasks to queue
[2026-01-09T12:24:50.465+0000] {logging_mixin.py:188} INFO - [2026-01-09T12:24:50.464+0000] {dagbag.py:538} INFO - Filling up the DagBag from /home/airflow/.local/lib/python3.8/site-packages/airflow/example_dags/example_task_group_decorator.py
[2026-01-09T12:24:50.499+0000] {processor.py:840} INFO - DAG(s) 'example_task_group_decorator' retrieved from /home/airflow/.local/lib/python3.8/site-packages/airflow/example_dags/example_task_group_decorator.py
[2026-01-09T12:24:50.580+0000] {logging_mixin.py:188} INFO - [2026-01-09T12:24:50.580+0000] {dag.py:3036} INFO - Sync 1 DAGs
[2026-01-09T12:24:50.630+0000] {logging_mixin.py:188} INFO - [2026-01-09T12:24:50.629+0000] {dag.py:3823} INFO - Setting next_dagrun for example_task_group_decorator to 2026-01-08 00:00:00+00:00, run_after=2026-01-09 00:00:00+00:00
[2026-01-09T12:24:50.681+0000] {processor.py:183} INFO - Processing /home/airflow/.local/lib/python3.8/site-packages/airflow/example_dags/example_task_group_decorator.py took 0.231 seconds
[2026-01-09T12:25:21.234+0000] {processor.py:161} INFO - Started process (PID=8308) to work on /home/airflow/.local/lib/python3.8/site-packages/airflow/example_dags/example_task_group_decorator.py
[2026-01-09T12:25:21.239+0000] {processor.py:830} INFO - Processing file /home/airflow/.local/lib/python3.8/site-packages/airflow/example_dags/example_task_group_decorator.py for tasks to queue
[2026-01-09T12:25:21.243+0000] {logging_mixin.py:188} INFO - [2026-01-09T12:25:21.242+0000] {dagbag.py:538} INFO - Filling up the DagBag from /home/airflow/.local/lib/python3.8/site-packages/airflow/example_dags/example_task_group_decorator.py
[2026-01-09T12:25:21.284+0000] {processor.py:840} INFO - DAG(s) 'example_task_group_decorator' retrieved from /home/airflow/.local/lib/python3.8/site-packages/airflow/example_dags/example_task_group_decorator.py
[2026-01-09T12:25:21.350+0000] {logging_mixin.py:188} INFO - [2026-01-09T12:25:21.349+0000] {dag.py:3036} INFO - Sync 1 DAGs
[2026-01-09T12:25:21.395+0000] {logging_mixin.py:188} INFO - [2026-01-09T12:25:21.395+0000] {dag.py:3823} INFO - Setting next_dagrun for example_task_group_decorator to 2026-01-08 00:00:00+00:00, run_after=2026-01-09 00:00:00+00:00
[2026-01-09T12:25:21.440+0000] {processor.py:183} INFO - Processing /home/airflow/.local/lib/python3.8/site-packages/airflow/example_dags/example_task_group_decorator.py took 0.215 seconds
[2026-01-09T12:25:51.564+0000] {processor.py:161} INFO - Started process (PID=8556) to work on /home/airflow/.local/lib/python3.8/site-packages/airflow/example_dags/example_task_group_decorator.py
[2026-01-09T12:25:51.565+0000] {processor.py:830} INFO - Processing file /home/airflow/.local/lib/python3.8/site-packages/airflow/example_dags/example_task_group_decorator.py for tasks to queue
[2026-01-09T12:25:51.566+0000] {logging_mixin.py:188} INFO - [2026-01-09T12:25:51.566+0000] {dagbag.py:538} INFO - Filling up the DagBag from /home/airflow/.local/lib/python3.8/site-packages/airflow/example_dags/example_task_group_decorator.py
[2026-01-09T12:25:51.591+0000] {processor.py:840} INFO - DAG(s) 'example_task_group_decorator' retrieved from /home/airflow/.local/lib/python3.8/site-packages/airflow/example_dags/example_task_group_decorator.py
[2026-01-09T12:25:51.634+0000] {logging_mixin.py:188} INFO - [2026-01-09T12:25:51.633+0000] {dag.py:3036} INFO - Sync 1 DAGs
[2026-01-09T12:25:51.672+0000] {logging_mixin.py:188} INFO - [2026-01-09T12:25:51.672+0000] {dag.py:3823} INFO - Setting next_dagrun for example_task_group_decorator to 2026-01-08 00:00:00+00:00, run_after=2026-01-09 00:00:00+00:00
[2026-01-09T12:25:52.201+0000] {processor.py:183} INFO - Processing /home/airflow/.local/lib/python3.8/site-packages/airflow/example_dags/example_task_group_decorator.py took 0.644 seconds
[2026-01-09T12:26:22.479+0000] {processor.py:161} INFO - Started process (PID=8803) to work on /home/airflow/.local/lib/python3.8/site-packages/airflow/example_dags/example_task_group_decorator.py
[2026-01-09T12:26:22.481+0000] {processor.py:830} INFO - Processing file /home/airflow/.local/lib/python3.8/site-packages/airflow/example_dags/example_task_group_decorator.py for tasks to queue
[2026-01-09T12:26:22.483+0000] {logging_mixin.py:188} INFO - [2026-01-09T12:26:22.483+0000] {dagbag.py:538} INFO - Filling up the DagBag from /home/airflow/.local/lib/python3.8/site-packages/airflow/example_dags/example_task_group_decorator.py
[2026-01-09T12:26:22.512+0000] {processor.py:840} INFO - DAG(s) 'example_task_group_decorator' retrieved from /home/airflow/.local/lib/python3.8/site-packages/airflow/example_dags/example_task_group_decorator.py
[2026-01-09T12:26:22.556+0000] {logging_mixin.py:188} INFO - [2026-01-09T12:26:22.555+0000] {dag.py:3036} INFO - Sync 1 DAGs
[2026-01-09T12:26:22.592+0000] {logging_mixin.py:188} INFO - [2026-01-09T12:26:22.591+0000] {dag.py:3823} INFO - Setting next_dagrun for example_task_group_decorator to 2026-01-08 00:00:00+00:00, run_after=2026-01-09 00:00:00+00:00
[2026-01-09T12:26:22.632+0000] {processor.py:183} INFO - Processing /home/airflow/.local/lib/python3.8/site-packages/airflow/example_dags/example_task_group_decorator.py took 0.160 seconds
[2026-01-09T12:26:53.660+0000] {processor.py:161} INFO - Started process (PID=9058) to work on /home/airflow/.local/lib/python3.8/site-packages/airflow/example_dags/example_task_group_decorator.py
[2026-01-09T12:26:53.663+0000] {processor.py:830} INFO - Processing file /home/airflow/.local/lib/python3.8/site-packages/airflow/example_dags/example_task_group_decorator.py for tasks to queue
[2026-01-09T12:26:53.665+0000] {logging_mixin.py:188} INFO - [2026-01-09T12:26:53.664+0000] {dagbag.py:538} INFO - Filling up the DagBag from /home/airflow/.local/lib/python3.8/site-packages/airflow/example_dags/example_task_group_decorator.py
[2026-01-09T12:26:53.694+0000] {processor.py:840} INFO - DAG(s) 'example_task_group_decorator' retrieved from /home/airflow/.local/lib/python3.8/site-packages/airflow/example_dags/example_task_group_decorator.py
[2026-01-09T12:26:53.743+0000] {logging_mixin.py:188} INFO - [2026-01-09T12:26:53.743+0000] {dag.py:3036} INFO - Sync 1 DAGs
[2026-01-09T12:26:53.790+0000] {logging_mixin.py:188} INFO - [2026-01-09T12:26:53.790+0000] {dag.py:3823} INFO - Setting next_dagrun for example_task_group_decorator to 2026-01-08 00:00:00+00:00, run_after=2026-01-09 00:00:00+00:00
[2026-01-09T12:26:53.839+0000] {processor.py:183} INFO - Processing /home/airflow/.local/lib/python3.8/site-packages/airflow/example_dags/example_task_group_decorator.py took 0.185 seconds
[2026-01-09T12:27:23.905+0000] {processor.py:161} INFO - Started process (PID=9305) to work on /home/airflow/.local/lib/python3.8/site-packages/airflow/example_dags/example_task_group_decorator.py
[2026-01-09T12:27:23.908+0000] {processor.py:830} INFO - Processing file /home/airflow/.local/lib/python3.8/site-packages/airflow/example_dags/example_task_group_decorator.py for tasks to queue
[2026-01-09T12:27:23.910+0000] {logging_mixin.py:188} INFO - [2026-01-09T12:27:23.909+0000] {dagbag.py:538} INFO - Filling up the DagBag from /home/airflow/.local/lib/python3.8/site-packages/airflow/example_dags/example_task_group_decorator.py
[2026-01-09T12:27:23.935+0000] {processor.py:840} INFO - DAG(s) 'example_task_group_decorator' retrieved from /home/airflow/.local/lib/python3.8/site-packages/airflow/example_dags/example_task_group_decorator.py
[2026-01-09T12:27:23.986+0000] {logging_mixin.py:188} INFO - [2026-01-09T12:27:23.985+0000] {dag.py:3036} INFO - Sync 1 DAGs
[2026-01-09T12:27:24.030+0000] {logging_mixin.py:188} INFO - [2026-01-09T12:27:24.029+0000] {dag.py:3823} INFO - Setting next_dagrun for example_task_group_decorator to 2026-01-08 00:00:00+00:00, run_after=2026-01-09 00:00:00+00:00
[2026-01-09T12:27:24.074+0000] {processor.py:183} INFO - Processing /home/airflow/.local/lib/python3.8/site-packages/airflow/example_dags/example_task_group_decorator.py took 0.178 seconds
[2026-01-09T12:27:54.166+0000] {processor.py:161} INFO - Started process (PID=9550) to work on /home/airflow/.local/lib/python3.8/site-packages/airflow/example_dags/example_task_group_decorator.py
[2026-01-09T12:27:54.256+0000] {processor.py:830} INFO - Processing file /home/airflow/.local/lib/python3.8/site-packages/airflow/example_dags/example_task_group_decorator.py for tasks to queue
[2026-01-09T12:27:54.259+0000] {logging_mixin.py:188} INFO - [2026-01-09T12:27:54.258+0000] {dagbag.py:538} INFO - Filling up the DagBag from /home/airflow/.local/lib/python3.8/site-packages/airflow/example_dags/example_task_group_decorator.py
[2026-01-09T12:27:54.305+0000] {processor.py:840} INFO - DAG(s) 'example_task_group_decorator' retrieved from /home/airflow/.local/lib/python3.8/site-packages/airflow/example_dags/example_task_group_decorator.py
[2026-01-09T12:27:54.364+0000] {logging_mixin.py:188} INFO - [2026-01-09T12:27:54.363+0000] {dag.py:3036} INFO - Sync 1 DAGs
[2026-01-09T12:27:54.402+0000] {logging_mixin.py:188} INFO - [2026-01-09T12:27:54.402+0000] {dag.py:3823} INFO - Setting next_dagrun for example_task_group_decorator to 2026-01-08 00:00:00+00:00, run_after=2026-01-09 00:00:00+00:00
[2026-01-09T12:27:54.447+0000] {processor.py:183} INFO - Processing /home/airflow/.local/lib/python3.8/site-packages/airflow/example_dags/example_task_group_decorator.py took 0.291 seconds
[2026-01-09T12:28:25.975+0000] {processor.py:161} INFO - Started process (PID=9799) to work on /home/airflow/.local/lib/python3.8/site-packages/airflow/example_dags/example_task_group_decorator.py
[2026-01-09T12:28:25.980+0000] {processor.py:830} INFO - Processing file /home/airflow/.local/lib/python3.8/site-packages/airflow/example_dags/example_task_group_decorator.py for tasks to queue
[2026-01-09T12:28:25.982+0000] {logging_mixin.py:188} INFO - [2026-01-09T12:28:25.982+0000] {dagbag.py:538} INFO - Filling up the DagBag from /home/airflow/.local/lib/python3.8/site-packages/airflow/example_dags/example_task_group_decorator.py
[2026-01-09T12:28:26.007+0000] {processor.py:840} INFO - DAG(s) 'example_task_group_decorator' retrieved from /home/airflow/.local/lib/python3.8/site-packages/airflow/example_dags/example_task_group_decorator.py
[2026-01-09T12:28:26.066+0000] {logging_mixin.py:188} INFO - [2026-01-09T12:28:26.065+0000] {dag.py:3036} INFO - Sync 1 DAGs
[2026-01-09T12:28:26.110+0000] {logging_mixin.py:188} INFO - [2026-01-09T12:28:26.110+0000] {dag.py:3823} INFO - Setting next_dagrun for example_task_group_decorator to 2026-01-08 00:00:00+00:00, run_after=2026-01-09 00:00:00+00:00
[2026-01-09T12:28:26.161+0000] {processor.py:183} INFO - Processing /home/airflow/.local/lib/python3.8/site-packages/airflow/example_dags/example_task_group_decorator.py took 0.194 seconds
[2026-01-09T12:28:56.304+0000] {processor.py:161} INFO - Started process (PID=10044) to work on /home/airflow/.local/lib/python3.8/site-packages/airflow/example_dags/example_task_group_decorator.py
[2026-01-09T12:28:56.314+0000] {processor.py:830} INFO - Processing file /home/airflow/.local/lib/python3.8/site-packages/airflow/example_dags/example_task_group_decorator.py for tasks to queue
[2026-01-09T12:28:56.316+0000] {logging_mixin.py:188} INFO - [2026-01-09T12:28:56.315+0000] {dagbag.py:538} INFO - Filling up the DagBag from /home/airflow/.local/lib/python3.8/site-packages/airflow/example_dags/example_task_group_decorator.py
[2026-01-09T12:28:56.353+0000] {processor.py:840} INFO - DAG(s) 'example_task_group_decorator' retrieved from /home/airflow/.local/lib/python3.8/site-packages/airflow/example_dags/example_task_group_decorator.py
[2026-01-09T12:28:56.416+0000] {logging_mixin.py:188} INFO - [2026-01-09T12:28:56.416+0000] {dag.py:3036} INFO - Sync 1 DAGs
[2026-01-09T12:28:56.464+0000] {logging_mixin.py:188} INFO - [2026-01-09T12:28:56.463+0000] {dag.py:3823} INFO - Setting next_dagrun for example_task_group_decorator to 2026-01-08 00:00:00+00:00, run_after=2026-01-09 00:00:00+00:00
[2026-01-09T12:28:56.520+0000] {processor.py:183} INFO - Processing /home/airflow/.local/lib/python3.8/site-packages/airflow/example_dags/example_task_group_decorator.py took 0.222 seconds
[2026-01-09T12:29:27.234+0000] {processor.py:161} INFO - Started process (PID=10291) to work on /home/airflow/.local/lib/python3.8/site-packages/airflow/example_dags/example_task_group_decorator.py
[2026-01-09T12:29:27.236+0000] {processor.py:830} INFO - Processing file /home/airflow/.local/lib/python3.8/site-packages/airflow/example_dags/example_task_group_decorator.py for tasks to queue
[2026-01-09T12:29:27.237+0000] {logging_mixin.py:188} INFO - [2026-01-09T12:29:27.237+0000] {dagbag.py:538} INFO - Filling up the DagBag from /home/airflow/.local/lib/python3.8/site-packages/airflow/example_dags/example_task_group_decorator.py
[2026-01-09T12:29:27.260+0000] {processor.py:840} INFO - DAG(s) 'example_task_group_decorator' retrieved from /home/airflow/.local/lib/python3.8/site-packages/airflow/example_dags/example_task_group_decorator.py
[2026-01-09T12:29:27.305+0000] {logging_mixin.py:188} INFO - [2026-01-09T12:29:27.304+0000] {dag.py:3036} INFO - Sync 1 DAGs
[2026-01-09T12:29:27.343+0000] {logging_mixin.py:188} INFO - [2026-01-09T12:29:27.342+0000] {dag.py:3823} INFO - Setting next_dagrun for example_task_group_decorator to 2026-01-08 00:00:00+00:00, run_after=2026-01-09 00:00:00+00:00
[2026-01-09T12:29:27.379+0000] {processor.py:183} INFO - Processing /home/airflow/.local/lib/python3.8/site-packages/airflow/example_dags/example_task_group_decorator.py took 0.151 seconds
[2026-01-09T12:29:57.791+0000] {processor.py:161} INFO - Started process (PID=10539) to work on /home/airflow/.local/lib/python3.8/site-packages/airflow/example_dags/example_task_group_decorator.py
[2026-01-09T12:29:57.796+0000] {processor.py:830} INFO - Processing file /home/airflow/.local/lib/python3.8/site-packages/airflow/example_dags/example_task_group_decorator.py for tasks to queue
[2026-01-09T12:29:57.798+0000] {logging_mixin.py:188} INFO - [2026-01-09T12:29:57.798+0000] {dagbag.py:538} INFO - Filling up the DagBag from /home/airflow/.local/lib/python3.8/site-packages/airflow/example_dags/example_task_group_decorator.py
[2026-01-09T12:29:57.849+0000] {processor.py:840} INFO - DAG(s) 'example_task_group_decorator' retrieved from /home/airflow/.local/lib/python3.8/site-packages/airflow/example_dags/example_task_group_decorator.py
[2026-01-09T12:29:57.940+0000] {logging_mixin.py:188} INFO - [2026-01-09T12:29:57.939+0000] {dag.py:3036} INFO - Sync 1 DAGs
[2026-01-09T12:29:58.009+0000] {logging_mixin.py:188} INFO - [2026-01-09T12:29:58.008+0000] {dag.py:3823} INFO - Setting next_dagrun for example_task_group_decorator to 2026-01-08 00:00:00+00:00, run_after=2026-01-09 00:00:00+00:00
[2026-01-09T12:29:58.074+0000] {processor.py:183} INFO - Processing /home/airflow/.local/lib/python3.8/site-packages/airflow/example_dags/example_task_group_decorator.py took 0.289 seconds
[2026-01-09T12:30:28.567+0000] {processor.py:161} INFO - Started process (PID=10786) to work on /home/airflow/.local/lib/python3.8/site-packages/airflow/example_dags/example_task_group_decorator.py
[2026-01-09T12:30:28.569+0000] {processor.py:830} INFO - Processing file /home/airflow/.local/lib/python3.8/site-packages/airflow/example_dags/example_task_group_decorator.py for tasks to queue
[2026-01-09T12:30:28.571+0000] {logging_mixin.py:188} INFO - [2026-01-09T12:30:28.570+0000] {dagbag.py:538} INFO - Filling up the DagBag from /home/airflow/.local/lib/python3.8/site-packages/airflow/example_dags/example_task_group_decorator.py
[2026-01-09T12:30:28.602+0000] {processor.py:840} INFO - DAG(s) 'example_task_group_decorator' retrieved from /home/airflow/.local/lib/python3.8/site-packages/airflow/example_dags/example_task_group_decorator.py
[2026-01-09T12:30:28.664+0000] {logging_mixin.py:188} INFO - [2026-01-09T12:30:28.663+0000] {dag.py:3036} INFO - Sync 1 DAGs
[2026-01-09T12:30:28.713+0000] {logging_mixin.py:188} INFO - [2026-01-09T12:30:28.713+0000] {dag.py:3823} INFO - Setting next_dagrun for example_task_group_decorator to 2026-01-08 00:00:00+00:00, run_after=2026-01-09 00:00:00+00:00
[2026-01-09T12:30:28.759+0000] {processor.py:183} INFO - Processing /home/airflow/.local/lib/python3.8/site-packages/airflow/example_dags/example_task_group_decorator.py took 0.198 seconds
[2026-01-09T12:31:00.112+0000] {processor.py:161} INFO - Started process (PID=11033) to work on /home/airflow/.local/lib/python3.8/site-packages/airflow/example_dags/example_task_group_decorator.py
[2026-01-09T12:31:00.114+0000] {processor.py:830} INFO - Processing file /home/airflow/.local/lib/python3.8/site-packages/airflow/example_dags/example_task_group_decorator.py for tasks to queue
[2026-01-09T12:31:00.115+0000] {logging_mixin.py:188} INFO - [2026-01-09T12:31:00.115+0000] {dagbag.py:538} INFO - Filling up the DagBag from /home/airflow/.local/lib/python3.8/site-packages/airflow/example_dags/example_task_group_decorator.py
[2026-01-09T12:31:00.145+0000] {processor.py:840} INFO - DAG(s) 'example_task_group_decorator' retrieved from /home/airflow/.local/lib/python3.8/site-packages/airflow/example_dags/example_task_group_decorator.py
[2026-01-09T12:31:00.199+0000] {logging_mixin.py:188} INFO - [2026-01-09T12:31:00.199+0000] {dag.py:3036} INFO - Sync 1 DAGs
[2026-01-09T12:31:00.242+0000] {logging_mixin.py:188} INFO - [2026-01-09T12:31:00.242+0000] {dag.py:3823} INFO - Setting next_dagrun for example_task_group_decorator to 2026-01-08 00:00:00+00:00, run_after=2026-01-09 00:00:00+00:00
[2026-01-09T12:31:00.287+0000] {processor.py:183} INFO - Processing /home/airflow/.local/lib/python3.8/site-packages/airflow/example_dags/example_task_group_decorator.py took 0.182 seconds
[2026-01-09T12:31:30.717+0000] {processor.py:161} INFO - Started process (PID=11279) to work on /home/airflow/.local/lib/python3.8/site-packages/airflow/example_dags/example_task_group_decorator.py
[2026-01-09T12:31:30.718+0000] {processor.py:830} INFO - Processing file /home/airflow/.local/lib/python3.8/site-packages/airflow/example_dags/example_task_group_decorator.py for tasks to queue
[2026-01-09T12:31:30.720+0000] {logging_mixin.py:188} INFO - [2026-01-09T12:31:30.719+0000] {dagbag.py:538} INFO - Filling up the DagBag from /home/airflow/.local/lib/python3.8/site-packages/airflow/example_dags/example_task_group_decorator.py
[2026-01-09T12:31:30.749+0000] {processor.py:840} INFO - DAG(s) 'example_task_group_decorator' retrieved from /home/airflow/.local/lib/python3.8/site-packages/airflow/example_dags/example_task_group_decorator.py
[2026-01-09T12:31:30.798+0000] {logging_mixin.py:188} INFO - [2026-01-09T12:31:30.798+0000] {dag.py:3036} INFO - Sync 1 DAGs
[2026-01-09T12:31:30.834+0000] {logging_mixin.py:188} INFO - [2026-01-09T12:31:30.833+0000] {dag.py:3823} INFO - Setting next_dagrun for example_task_group_decorator to 2026-01-08 00:00:00+00:00, run_after=2026-01-09 00:00:00+00:00
[2026-01-09T12:31:30.874+0000] {processor.py:183} INFO - Processing /home/airflow/.local/lib/python3.8/site-packages/airflow/example_dags/example_task_group_decorator.py took 0.163 seconds
[2026-01-09T12:32:01.383+0000] {processor.py:161} INFO - Started process (PID=11526) to work on /home/airflow/.local/lib/python3.8/site-packages/airflow/example_dags/example_task_group_decorator.py
[2026-01-09T12:32:01.385+0000] {processor.py:830} INFO - Processing file /home/airflow/.local/lib/python3.8/site-packages/airflow/example_dags/example_task_group_decorator.py for tasks to queue
[2026-01-09T12:32:01.386+0000] {logging_mixin.py:188} INFO - [2026-01-09T12:32:01.386+0000] {dagbag.py:538} INFO - Filling up the DagBag from /home/airflow/.local/lib/python3.8/site-packages/airflow/example_dags/example_task_group_decorator.py
[2026-01-09T12:32:01.408+0000] {processor.py:840} INFO - DAG(s) 'example_task_group_decorator' retrieved from /home/airflow/.local/lib/python3.8/site-packages/airflow/example_dags/example_task_group_decorator.py
[2026-01-09T12:32:01.452+0000] {logging_mixin.py:188} INFO - [2026-01-09T12:32:01.452+0000] {dag.py:3036} INFO - Sync 1 DAGs
[2026-01-09T12:32:01.494+0000] {logging_mixin.py:188} INFO - [2026-01-09T12:32:01.493+0000] {dag.py:3823} INFO - Setting next_dagrun for example_task_group_decorator to 2026-01-08 00:00:00+00:00, run_after=2026-01-09 00:00:00+00:00
[2026-01-09T12:32:01.537+0000] {processor.py:183} INFO - Processing /home/airflow/.local/lib/python3.8/site-packages/airflow/example_dags/example_task_group_decorator.py took 0.160 seconds
[2026-01-09T12:32:32.818+0000] {processor.py:161} INFO - Started process (PID=11773) to work on /home/airflow/.local/lib/python3.8/site-packages/airflow/example_dags/example_task_group_decorator.py
[2026-01-09T12:32:32.838+0000] {processor.py:830} INFO - Processing file /home/airflow/.local/lib/python3.8/site-packages/airflow/example_dags/example_task_group_decorator.py for tasks to queue
[2026-01-09T12:32:32.840+0000] {logging_mixin.py:188} INFO - [2026-01-09T12:32:32.839+0000] {dagbag.py:538} INFO - Filling up the DagBag from /home/airflow/.local/lib/python3.8/site-packages/airflow/example_dags/example_task_group_decorator.py
[2026-01-09T12:32:32.866+0000] {processor.py:840} INFO - DAG(s) 'example_task_group_decorator' retrieved from /home/airflow/.local/lib/python3.8/site-packages/airflow/example_dags/example_task_group_decorator.py
[2026-01-09T12:32:32.916+0000] {logging_mixin.py:188} INFO - [2026-01-09T12:32:32.916+0000] {dag.py:3036} INFO - Sync 1 DAGs
[2026-01-09T12:32:32.962+0000] {logging_mixin.py:188} INFO - [2026-01-09T12:32:32.962+0000] {dag.py:3823} INFO - Setting next_dagrun for example_task_group_decorator to 2026-01-08 00:00:00+00:00, run_after=2026-01-09 00:00:00+00:00
[2026-01-09T12:32:33.025+0000] {processor.py:183} INFO - Processing /home/airflow/.local/lib/python3.8/site-packages/airflow/example_dags/example_task_group_decorator.py took 0.214 seconds
[2026-01-09T12:33:03.768+0000] {processor.py:161} INFO - Started process (PID=12022) to work on /home/airflow/.local/lib/python3.8/site-packages/airflow/example_dags/example_task_group_decorator.py
[2026-01-09T12:33:03.770+0000] {processor.py:830} INFO - Processing file /home/airflow/.local/lib/python3.8/site-packages/airflow/example_dags/example_task_group_decorator.py for tasks to queue
[2026-01-09T12:33:03.772+0000] {logging_mixin.py:188} INFO - [2026-01-09T12:33:03.771+0000] {dagbag.py:538} INFO - Filling up the DagBag from /home/airflow/.local/lib/python3.8/site-packages/airflow/example_dags/example_task_group_decorator.py
[2026-01-09T12:33:03.800+0000] {processor.py:840} INFO - DAG(s) 'example_task_group_decorator' retrieved from /home/airflow/.local/lib/python3.8/site-packages/airflow/example_dags/example_task_group_decorator.py
[2026-01-09T12:33:03.848+0000] {logging_mixin.py:188} INFO - [2026-01-09T12:33:03.847+0000] {dag.py:3036} INFO - Sync 1 DAGs
[2026-01-09T12:33:03.883+0000] {logging_mixin.py:188} INFO - [2026-01-09T12:33:03.883+0000] {dag.py:3823} INFO - Setting next_dagrun for example_task_group_decorator to 2026-01-08 00:00:00+00:00, run_after=2026-01-09 00:00:00+00:00
[2026-01-09T12:33:03.926+0000] {processor.py:183} INFO - Processing /home/airflow/.local/lib/python3.8/site-packages/airflow/example_dags/example_task_group_decorator.py took 0.164 seconds
[2026-01-09T12:33:34.315+0000] {processor.py:161} INFO - Started process (PID=12267) to work on /home/airflow/.local/lib/python3.8/site-packages/airflow/example_dags/example_task_group_decorator.py
[2026-01-09T12:33:34.317+0000] {processor.py:830} INFO - Processing file /home/airflow/.local/lib/python3.8/site-packages/airflow/example_dags/example_task_group_decorator.py for tasks to queue
[2026-01-09T12:33:34.319+0000] {logging_mixin.py:188} INFO - [2026-01-09T12:33:34.318+0000] {dagbag.py:538} INFO - Filling up the DagBag from /home/airflow/.local/lib/python3.8/site-packages/airflow/example_dags/example_task_group_decorator.py
[2026-01-09T12:33:34.348+0000] {processor.py:840} INFO - DAG(s) 'example_task_group_decorator' retrieved from /home/airflow/.local/lib/python3.8/site-packages/airflow/example_dags/example_task_group_decorator.py
[2026-01-09T12:33:34.396+0000] {logging_mixin.py:188} INFO - [2026-01-09T12:33:34.396+0000] {dag.py:3036} INFO - Sync 1 DAGs
[2026-01-09T12:33:34.437+0000] {logging_mixin.py:188} INFO - [2026-01-09T12:33:34.437+0000] {dag.py:3823} INFO - Setting next_dagrun for example_task_group_decorator to 2026-01-08 00:00:00+00:00, run_after=2026-01-09 00:00:00+00:00
[2026-01-09T12:33:34.495+0000] {processor.py:183} INFO - Processing /home/airflow/.local/lib/python3.8/site-packages/airflow/example_dags/example_task_group_decorator.py took 0.187 seconds
[2026-01-09T12:34:04.914+0000] {processor.py:161} INFO - Started process (PID=12508) to work on /home/airflow/.local/lib/python3.8/site-packages/airflow/example_dags/example_task_group_decorator.py
[2026-01-09T12:34:04.916+0000] {processor.py:830} INFO - Processing file /home/airflow/.local/lib/python3.8/site-packages/airflow/example_dags/example_task_group_decorator.py for tasks to queue
[2026-01-09T12:34:04.917+0000] {logging_mixin.py:188} INFO - [2026-01-09T12:34:04.917+0000] {dagbag.py:538} INFO - Filling up the DagBag from /home/airflow/.local/lib/python3.8/site-packages/airflow/example_dags/example_task_group_decorator.py
[2026-01-09T12:34:04.946+0000] {processor.py:840} INFO - DAG(s) 'example_task_group_decorator' retrieved from /home/airflow/.local/lib/python3.8/site-packages/airflow/example_dags/example_task_group_decorator.py
[2026-01-09T12:34:05.001+0000] {logging_mixin.py:188} INFO - [2026-01-09T12:34:05.001+0000] {dag.py:3036} INFO - Sync 1 DAGs
[2026-01-09T12:34:05.047+0000] {logging_mixin.py:188} INFO - [2026-01-09T12:34:05.046+0000] {dag.py:3823} INFO - Setting next_dagrun for example_task_group_decorator to 2026-01-08 00:00:00+00:00, run_after=2026-01-09 00:00:00+00:00
[2026-01-09T12:34:05.093+0000] {processor.py:183} INFO - Processing /home/airflow/.local/lib/python3.8/site-packages/airflow/example_dags/example_task_group_decorator.py took 0.186 seconds
[2026-01-09T12:34:35.705+0000] {processor.py:161} INFO - Started process (PID=12755) to work on /home/airflow/.local/lib/python3.8/site-packages/airflow/example_dags/example_task_group_decorator.py
[2026-01-09T12:34:35.708+0000] {processor.py:830} INFO - Processing file /home/airflow/.local/lib/python3.8/site-packages/airflow/example_dags/example_task_group_decorator.py for tasks to queue
[2026-01-09T12:34:35.710+0000] {logging_mixin.py:188} INFO - [2026-01-09T12:34:35.709+0000] {dagbag.py:538} INFO - Filling up the DagBag from /home/airflow/.local/lib/python3.8/site-packages/airflow/example_dags/example_task_group_decorator.py
[2026-01-09T12:34:35.747+0000] {processor.py:840} INFO - DAG(s) 'example_task_group_decorator' retrieved from /home/airflow/.local/lib/python3.8/site-packages/airflow/example_dags/example_task_group_decorator.py
[2026-01-09T12:34:35.795+0000] {logging_mixin.py:188} INFO - [2026-01-09T12:34:35.794+0000] {dag.py:3036} INFO - Sync 1 DAGs
[2026-01-09T12:34:35.836+0000] {logging_mixin.py:188} INFO - [2026-01-09T12:34:35.836+0000] {dag.py:3823} INFO - Setting next_dagrun for example_task_group_decorator to 2026-01-08 00:00:00+00:00, run_after=2026-01-09 00:00:00+00:00
[2026-01-09T12:34:35.883+0000] {processor.py:183} INFO - Processing /home/airflow/.local/lib/python3.8/site-packages/airflow/example_dags/example_task_group_decorator.py took 0.186 seconds
[2026-01-09T12:35:06.652+0000] {processor.py:161} INFO - Started process (PID=13002) to work on /home/airflow/.local/lib/python3.8/site-packages/airflow/example_dags/example_task_group_decorator.py
[2026-01-09T12:35:06.654+0000] {processor.py:830} INFO - Processing file /home/airflow/.local/lib/python3.8/site-packages/airflow/example_dags/example_task_group_decorator.py for tasks to queue
[2026-01-09T12:35:06.655+0000] {logging_mixin.py:188} INFO - [2026-01-09T12:35:06.655+0000] {dagbag.py:538} INFO - Filling up the DagBag from /home/airflow/.local/lib/python3.8/site-packages/airflow/example_dags/example_task_group_decorator.py
[2026-01-09T12:35:06.680+0000] {processor.py:840} INFO - DAG(s) 'example_task_group_decorator' retrieved from /home/airflow/.local/lib/python3.8/site-packages/airflow/example_dags/example_task_group_decorator.py
[2026-01-09T12:35:06.722+0000] {logging_mixin.py:188} INFO - [2026-01-09T12:35:06.722+0000] {dag.py:3036} INFO - Sync 1 DAGs
[2026-01-09T12:35:06.758+0000] {logging_mixin.py:188} INFO - [2026-01-09T12:35:06.758+0000] {dag.py:3823} INFO - Setting next_dagrun for example_task_group_decorator to 2026-01-08 00:00:00+00:00, run_after=2026-01-09 00:00:00+00:00
[2026-01-09T12:35:06.799+0000] {processor.py:183} INFO - Processing /home/airflow/.local/lib/python3.8/site-packages/airflow/example_dags/example_task_group_decorator.py took 0.154 seconds
[2026-01-09T12:35:37.291+0000] {processor.py:161} INFO - Started process (PID=13249) to work on /home/airflow/.local/lib/python3.8/site-packages/airflow/example_dags/example_task_group_decorator.py
[2026-01-09T12:35:37.293+0000] {processor.py:830} INFO - Processing file /home/airflow/.local/lib/python3.8/site-packages/airflow/example_dags/example_task_group_decorator.py for tasks to queue
[2026-01-09T12:35:37.294+0000] {logging_mixin.py:188} INFO - [2026-01-09T12:35:37.294+0000] {dagbag.py:538} INFO - Filling up the DagBag from /home/airflow/.local/lib/python3.8/site-packages/airflow/example_dags/example_task_group_decorator.py
[2026-01-09T12:35:37.321+0000] {processor.py:840} INFO - DAG(s) 'example_task_group_decorator' retrieved from /home/airflow/.local/lib/python3.8/site-packages/airflow/example_dags/example_task_group_decorator.py
[2026-01-09T12:35:37.362+0000] {logging_mixin.py:188} INFO - [2026-01-09T12:35:37.362+0000] {dag.py:3036} INFO - Sync 1 DAGs
[2026-01-09T12:35:37.404+0000] {logging_mixin.py:188} INFO - [2026-01-09T12:35:37.404+0000] {dag.py:3823} INFO - Setting next_dagrun for example_task_group_decorator to 2026-01-08 00:00:00+00:00, run_after=2026-01-09 00:00:00+00:00
[2026-01-09T12:35:37.451+0000] {processor.py:183} INFO - Processing /home/airflow/.local/lib/python3.8/site-packages/airflow/example_dags/example_task_group_decorator.py took 0.168 seconds
[2026-01-09T12:36:07.890+0000] {processor.py:161} INFO - Started process (PID=13496) to work on /home/airflow/.local/lib/python3.8/site-packages/airflow/example_dags/example_task_group_decorator.py
[2026-01-09T12:36:07.891+0000] {processor.py:830} INFO - Processing file /home/airflow/.local/lib/python3.8/site-packages/airflow/example_dags/example_task_group_decorator.py for tasks to queue
[2026-01-09T12:36:07.893+0000] {logging_mixin.py:188} INFO - [2026-01-09T12:36:07.892+0000] {dagbag.py:538} INFO - Filling up the DagBag from /home/airflow/.local/lib/python3.8/site-packages/airflow/example_dags/example_task_group_decorator.py
[2026-01-09T12:36:07.918+0000] {processor.py:840} INFO - DAG(s) 'example_task_group_decorator' retrieved from /home/airflow/.local/lib/python3.8/site-packages/airflow/example_dags/example_task_group_decorator.py
[2026-01-09T12:36:07.965+0000] {logging_mixin.py:188} INFO - [2026-01-09T12:36:07.965+0000] {dag.py:3036} INFO - Sync 1 DAGs
[2026-01-09T12:36:08.000+0000] {logging_mixin.py:188} INFO - [2026-01-09T12:36:07.999+0000] {dag.py:3823} INFO - Setting next_dagrun for example_task_group_decorator to 2026-01-08 00:00:00+00:00, run_after=2026-01-09 00:00:00+00:00
[2026-01-09T12:36:08.040+0000] {processor.py:183} INFO - Processing /home/airflow/.local/lib/python3.8/site-packages/airflow/example_dags/example_task_group_decorator.py took 0.156 seconds
[2026-01-09T12:36:38.969+0000] {processor.py:161} INFO - Started process (PID=13743) to work on /home/airflow/.local/lib/python3.8/site-packages/airflow/example_dags/example_task_group_decorator.py
[2026-01-09T12:36:38.972+0000] {processor.py:830} INFO - Processing file /home/airflow/.local/lib/python3.8/site-packages/airflow/example_dags/example_task_group_decorator.py for tasks to queue
[2026-01-09T12:36:38.973+0000] {logging_mixin.py:188} INFO - [2026-01-09T12:36:38.973+0000] {dagbag.py:538} INFO - Filling up the DagBag from /home/airflow/.local/lib/python3.8/site-packages/airflow/example_dags/example_task_group_decorator.py
[2026-01-09T12:36:38.998+0000] {processor.py:840} INFO - DAG(s) 'example_task_group_decorator' retrieved from /home/airflow/.local/lib/python3.8/site-packages/airflow/example_dags/example_task_group_decorator.py
[2026-01-09T12:36:39.045+0000] {logging_mixin.py:188} INFO - [2026-01-09T12:36:39.044+0000] {dag.py:3036} INFO - Sync 1 DAGs
[2026-01-09T12:36:39.091+0000] {logging_mixin.py:188} INFO - [2026-01-09T12:36:39.090+0000] {dag.py:3823} INFO - Setting next_dagrun for example_task_group_decorator to 2026-01-08 00:00:00+00:00, run_after=2026-01-09 00:00:00+00:00
[2026-01-09T12:36:39.130+0000] {processor.py:183} INFO - Processing /home/airflow/.local/lib/python3.8/site-packages/airflow/example_dags/example_task_group_decorator.py took 0.167 seconds
[2026-01-09T12:37:09.724+0000] {processor.py:161} INFO - Started process (PID=13990) to work on /home/airflow/.local/lib/python3.8/site-packages/airflow/example_dags/example_task_group_decorator.py
[2026-01-09T12:37:09.726+0000] {processor.py:830} INFO - Processing file /home/airflow/.local/lib/python3.8/site-packages/airflow/example_dags/example_task_group_decorator.py for tasks to queue
[2026-01-09T12:37:09.728+0000] {logging_mixin.py:188} INFO - [2026-01-09T12:37:09.727+0000] {dagbag.py:538} INFO - Filling up the DagBag from /home/airflow/.local/lib/python3.8/site-packages/airflow/example_dags/example_task_group_decorator.py
[2026-01-09T12:37:09.765+0000] {processor.py:840} INFO - DAG(s) 'example_task_group_decorator' retrieved from /home/airflow/.local/lib/python3.8/site-packages/airflow/example_dags/example_task_group_decorator.py
[2026-01-09T12:37:09.809+0000] {logging_mixin.py:188} INFO - [2026-01-09T12:37:09.809+0000] {dag.py:3036} INFO - Sync 1 DAGs
[2026-01-09T12:37:09.851+0000] {logging_mixin.py:188} INFO - [2026-01-09T12:37:09.851+0000] {dag.py:3823} INFO - Setting next_dagrun for example_task_group_decorator to 2026-01-08 00:00:00+00:00, run_after=2026-01-09 00:00:00+00:00
[2026-01-09T12:37:09.893+0000] {processor.py:183} INFO - Processing /home/airflow/.local/lib/python3.8/site-packages/airflow/example_dags/example_task_group_decorator.py took 0.175 seconds
[2026-01-09T12:37:40.458+0000] {processor.py:161} INFO - Started process (PID=14237) to work on /home/airflow/.local/lib/python3.8/site-packages/airflow/example_dags/example_task_group_decorator.py
[2026-01-09T12:37:40.460+0000] {processor.py:830} INFO - Processing file /home/airflow/.local/lib/python3.8/site-packages/airflow/example_dags/example_task_group_decorator.py for tasks to queue
[2026-01-09T12:37:40.461+0000] {logging_mixin.py:188} INFO - [2026-01-09T12:37:40.461+0000] {dagbag.py:538} INFO - Filling up the DagBag from /home/airflow/.local/lib/python3.8/site-packages/airflow/example_dags/example_task_group_decorator.py
[2026-01-09T12:37:40.491+0000] {processor.py:840} INFO - DAG(s) 'example_task_group_decorator' retrieved from /home/airflow/.local/lib/python3.8/site-packages/airflow/example_dags/example_task_group_decorator.py
[2026-01-09T12:37:40.533+0000] {logging_mixin.py:188} INFO - [2026-01-09T12:37:40.533+0000] {dag.py:3036} INFO - Sync 1 DAGs
[2026-01-09T12:37:40.565+0000] {logging_mixin.py:188} INFO - [2026-01-09T12:37:40.564+0000] {dag.py:3823} INFO - Setting next_dagrun for example_task_group_decorator to 2026-01-08 00:00:00+00:00, run_after=2026-01-09 00:00:00+00:00
[2026-01-09T12:37:40.604+0000] {processor.py:183} INFO - Processing /home/airflow/.local/lib/python3.8/site-packages/airflow/example_dags/example_task_group_decorator.py took 0.153 seconds
[2026-01-09T12:38:10.951+0000] {processor.py:161} INFO - Started process (PID=14484) to work on /home/airflow/.local/lib/python3.8/site-packages/airflow/example_dags/example_task_group_decorator.py
[2026-01-09T12:38:10.954+0000] {processor.py:830} INFO - Processing file /home/airflow/.local/lib/python3.8/site-packages/airflow/example_dags/example_task_group_decorator.py for tasks to queue
[2026-01-09T12:38:10.955+0000] {logging_mixin.py:188} INFO - [2026-01-09T12:38:10.955+0000] {dagbag.py:538} INFO - Filling up the DagBag from /home/airflow/.local/lib/python3.8/site-packages/airflow/example_dags/example_task_group_decorator.py
[2026-01-09T12:38:10.983+0000] {processor.py:840} INFO - DAG(s) 'example_task_group_decorator' retrieved from /home/airflow/.local/lib/python3.8/site-packages/airflow/example_dags/example_task_group_decorator.py
[2026-01-09T12:38:11.030+0000] {logging_mixin.py:188} INFO - [2026-01-09T12:38:11.029+0000] {dag.py:3036} INFO - Sync 1 DAGs
[2026-01-09T12:38:11.076+0000] {logging_mixin.py:188} INFO - [2026-01-09T12:38:11.075+0000] {dag.py:3823} INFO - Setting next_dagrun for example_task_group_decorator to 2026-01-08 00:00:00+00:00, run_after=2026-01-09 00:00:00+00:00
[2026-01-09T12:38:11.120+0000] {processor.py:183} INFO - Processing /home/airflow/.local/lib/python3.8/site-packages/airflow/example_dags/example_task_group_decorator.py took 0.175 seconds
[2026-01-09T12:38:41.525+0000] {processor.py:161} INFO - Started process (PID=14731) to work on /home/airflow/.local/lib/python3.8/site-packages/airflow/example_dags/example_task_group_decorator.py
[2026-01-09T12:38:41.528+0000] {processor.py:830} INFO - Processing file /home/airflow/.local/lib/python3.8/site-packages/airflow/example_dags/example_task_group_decorator.py for tasks to queue
[2026-01-09T12:38:41.529+0000] {logging_mixin.py:188} INFO - [2026-01-09T12:38:41.528+0000] {dagbag.py:538} INFO - Filling up the DagBag from /home/airflow/.local/lib/python3.8/site-packages/airflow/example_dags/example_task_group_decorator.py
[2026-01-09T12:38:41.556+0000] {processor.py:840} INFO - DAG(s) 'example_task_group_decorator' retrieved from /home/airflow/.local/lib/python3.8/site-packages/airflow/example_dags/example_task_group_decorator.py
[2026-01-09T12:38:41.605+0000] {logging_mixin.py:188} INFO - [2026-01-09T12:38:41.604+0000] {dag.py:3036} INFO - Sync 1 DAGs
[2026-01-09T12:38:41.643+0000] {logging_mixin.py:188} INFO - [2026-01-09T12:38:41.643+0000] {dag.py:3823} INFO - Setting next_dagrun for example_task_group_decorator to 2026-01-08 00:00:00+00:00, run_after=2026-01-09 00:00:00+00:00
[2026-01-09T12:38:41.684+0000] {processor.py:183} INFO - Processing /home/airflow/.local/lib/python3.8/site-packages/airflow/example_dags/example_task_group_decorator.py took 0.165 seconds
[2026-01-09T12:39:12.226+0000] {processor.py:161} INFO - Started process (PID=14978) to work on /home/airflow/.local/lib/python3.8/site-packages/airflow/example_dags/example_task_group_decorator.py
[2026-01-09T12:39:12.228+0000] {processor.py:830} INFO - Processing file /home/airflow/.local/lib/python3.8/site-packages/airflow/example_dags/example_task_group_decorator.py for tasks to queue
[2026-01-09T12:39:12.230+0000] {logging_mixin.py:188} INFO - [2026-01-09T12:39:12.229+0000] {dagbag.py:538} INFO - Filling up the DagBag from /home/airflow/.local/lib/python3.8/site-packages/airflow/example_dags/example_task_group_decorator.py
[2026-01-09T12:39:12.259+0000] {processor.py:840} INFO - DAG(s) 'example_task_group_decorator' retrieved from /home/airflow/.local/lib/python3.8/site-packages/airflow/example_dags/example_task_group_decorator.py
[2026-01-09T12:39:12.299+0000] {logging_mixin.py:188} INFO - [2026-01-09T12:39:12.298+0000] {dag.py:3036} INFO - Sync 1 DAGs
[2026-01-09T12:39:12.343+0000] {logging_mixin.py:188} INFO - [2026-01-09T12:39:12.343+0000] {dag.py:3823} INFO - Setting next_dagrun for example_task_group_decorator to 2026-01-08 00:00:00+00:00, run_after=2026-01-09 00:00:00+00:00
[2026-01-09T12:39:12.385+0000] {processor.py:183} INFO - Processing /home/airflow/.local/lib/python3.8/site-packages/airflow/example_dags/example_task_group_decorator.py took 0.165 seconds
[2026-01-09T12:39:43.113+0000] {processor.py:161} INFO - Started process (PID=15225) to work on /home/airflow/.local/lib/python3.8/site-packages/airflow/example_dags/example_task_group_decorator.py
[2026-01-09T12:39:43.116+0000] {processor.py:830} INFO - Processing file /home/airflow/.local/lib/python3.8/site-packages/airflow/example_dags/example_task_group_decorator.py for tasks to queue
[2026-01-09T12:39:43.117+0000] {logging_mixin.py:188} INFO - [2026-01-09T12:39:43.117+0000] {dagbag.py:538} INFO - Filling up the DagBag from /home/airflow/.local/lib/python3.8/site-packages/airflow/example_dags/example_task_group_decorator.py
[2026-01-09T12:39:43.144+0000] {processor.py:840} INFO - DAG(s) 'example_task_group_decorator' retrieved from /home/airflow/.local/lib/python3.8/site-packages/airflow/example_dags/example_task_group_decorator.py
[2026-01-09T12:39:43.194+0000] {logging_mixin.py:188} INFO - [2026-01-09T12:39:43.194+0000] {dag.py:3036} INFO - Sync 1 DAGs
[2026-01-09T12:39:43.424+0000] {logging_mixin.py:188} INFO - [2026-01-09T12:39:43.423+0000] {dag.py:3823} INFO - Setting next_dagrun for example_task_group_decorator to 2026-01-08 00:00:00+00:00, run_after=2026-01-09 00:00:00+00:00
[2026-01-09T12:39:43.469+0000] {processor.py:183} INFO - Processing /home/airflow/.local/lib/python3.8/site-packages/airflow/example_dags/example_task_group_decorator.py took 0.363 seconds
