[2026-01-09T12:08:55.844+0000] {processor.py:161} INFO - Started process (PID=292) to work on /home/airflow/.local/lib/python3.8/site-packages/airflow/example_dags/example_short_circuit_operator.py
[2026-01-09T12:08:55.846+0000] {processor.py:830} INFO - Processing file /home/airflow/.local/lib/python3.8/site-packages/airflow/example_dags/example_short_circuit_operator.py for tasks to queue
[2026-01-09T12:08:55.847+0000] {logging_mixin.py:188} INFO - [2026-01-09T12:08:55.846+0000] {dagbag.py:538} INFO - Filling up the DagBag from /home/airflow/.local/lib/python3.8/site-packages/airflow/example_dags/example_short_circuit_operator.py
[2026-01-09T12:08:55.865+0000] {processor.py:840} INFO - DAG(s) 'example_short_circuit_operator' retrieved from /home/airflow/.local/lib/python3.8/site-packages/airflow/example_dags/example_short_circuit_operator.py
[2026-01-09T12:08:56.026+0000] {logging_mixin.py:188} INFO - [2026-01-09T12:08:56.025+0000] {dag.py:3036} INFO - Sync 1 DAGs
[2026-01-09T12:08:56.061+0000] {logging_mixin.py:188} INFO - [2026-01-09T12:08:56.060+0000] {dag.py:3823} INFO - Setting next_dagrun for example_short_circuit_operator to 2026-01-08 00:00:00+00:00, run_after=2026-01-09 00:00:00+00:00
[2026-01-09T12:08:56.103+0000] {processor.py:183} INFO - Processing /home/airflow/.local/lib/python3.8/site-packages/airflow/example_dags/example_short_circuit_operator.py took 0.266 seconds
[2026-01-09T12:09:26.505+0000] {processor.py:161} INFO - Started process (PID=541) to work on /home/airflow/.local/lib/python3.8/site-packages/airflow/example_dags/example_short_circuit_operator.py
[2026-01-09T12:09:26.508+0000] {processor.py:830} INFO - Processing file /home/airflow/.local/lib/python3.8/site-packages/airflow/example_dags/example_short_circuit_operator.py for tasks to queue
[2026-01-09T12:09:26.509+0000] {logging_mixin.py:188} INFO - [2026-01-09T12:09:26.509+0000] {dagbag.py:538} INFO - Filling up the DagBag from /home/airflow/.local/lib/python3.8/site-packages/airflow/example_dags/example_short_circuit_operator.py
[2026-01-09T12:09:26.524+0000] {processor.py:840} INFO - DAG(s) 'example_short_circuit_operator' retrieved from /home/airflow/.local/lib/python3.8/site-packages/airflow/example_dags/example_short_circuit_operator.py
[2026-01-09T12:09:26.568+0000] {logging_mixin.py:188} INFO - [2026-01-09T12:09:26.567+0000] {dag.py:3036} INFO - Sync 1 DAGs
[2026-01-09T12:09:26.609+0000] {logging_mixin.py:188} INFO - [2026-01-09T12:09:26.608+0000] {dag.py:3823} INFO - Setting next_dagrun for example_short_circuit_operator to 2026-01-08 00:00:00+00:00, run_after=2026-01-09 00:00:00+00:00
[2026-01-09T12:09:26.650+0000] {processor.py:183} INFO - Processing /home/airflow/.local/lib/python3.8/site-packages/airflow/example_dags/example_short_circuit_operator.py took 0.152 seconds
[2026-01-09T12:09:56.828+0000] {processor.py:161} INFO - Started process (PID=786) to work on /home/airflow/.local/lib/python3.8/site-packages/airflow/example_dags/example_short_circuit_operator.py
[2026-01-09T12:09:56.831+0000] {processor.py:830} INFO - Processing file /home/airflow/.local/lib/python3.8/site-packages/airflow/example_dags/example_short_circuit_operator.py for tasks to queue
[2026-01-09T12:09:56.833+0000] {logging_mixin.py:188} INFO - [2026-01-09T12:09:56.832+0000] {dagbag.py:538} INFO - Filling up the DagBag from /home/airflow/.local/lib/python3.8/site-packages/airflow/example_dags/example_short_circuit_operator.py
[2026-01-09T12:09:56.853+0000] {processor.py:840} INFO - DAG(s) 'example_short_circuit_operator' retrieved from /home/airflow/.local/lib/python3.8/site-packages/airflow/example_dags/example_short_circuit_operator.py
[2026-01-09T12:09:56.912+0000] {logging_mixin.py:188} INFO - [2026-01-09T12:09:56.911+0000] {dag.py:3036} INFO - Sync 1 DAGs
[2026-01-09T12:09:56.967+0000] {logging_mixin.py:188} INFO - [2026-01-09T12:09:56.966+0000] {dag.py:3823} INFO - Setting next_dagrun for example_short_circuit_operator to 2026-01-08 00:00:00+00:00, run_after=2026-01-09 00:00:00+00:00
[2026-01-09T12:09:57.019+0000] {processor.py:183} INFO - Processing /home/airflow/.local/lib/python3.8/site-packages/airflow/example_dags/example_short_circuit_operator.py took 0.199 seconds
[2026-01-09T12:10:27.339+0000] {processor.py:161} INFO - Started process (PID=1033) to work on /home/airflow/.local/lib/python3.8/site-packages/airflow/example_dags/example_short_circuit_operator.py
[2026-01-09T12:10:27.342+0000] {processor.py:830} INFO - Processing file /home/airflow/.local/lib/python3.8/site-packages/airflow/example_dags/example_short_circuit_operator.py for tasks to queue
[2026-01-09T12:10:27.345+0000] {logging_mixin.py:188} INFO - [2026-01-09T12:10:27.344+0000] {dagbag.py:538} INFO - Filling up the DagBag from /home/airflow/.local/lib/python3.8/site-packages/airflow/example_dags/example_short_circuit_operator.py
[2026-01-09T12:10:27.359+0000] {processor.py:840} INFO - DAG(s) 'example_short_circuit_operator' retrieved from /home/airflow/.local/lib/python3.8/site-packages/airflow/example_dags/example_short_circuit_operator.py
[2026-01-09T12:10:27.404+0000] {logging_mixin.py:188} INFO - [2026-01-09T12:10:27.403+0000] {dag.py:3036} INFO - Sync 1 DAGs
[2026-01-09T12:10:27.441+0000] {logging_mixin.py:188} INFO - [2026-01-09T12:10:27.440+0000] {dag.py:3823} INFO - Setting next_dagrun for example_short_circuit_operator to 2026-01-08 00:00:00+00:00, run_after=2026-01-09 00:00:00+00:00
[2026-01-09T12:10:27.485+0000] {processor.py:183} INFO - Processing /home/airflow/.local/lib/python3.8/site-packages/airflow/example_dags/example_short_circuit_operator.py took 0.153 seconds
[2026-01-09T12:10:58.417+0000] {processor.py:161} INFO - Started process (PID=1282) to work on /home/airflow/.local/lib/python3.8/site-packages/airflow/example_dags/example_short_circuit_operator.py
[2026-01-09T12:10:58.419+0000] {processor.py:830} INFO - Processing file /home/airflow/.local/lib/python3.8/site-packages/airflow/example_dags/example_short_circuit_operator.py for tasks to queue
[2026-01-09T12:10:58.420+0000] {logging_mixin.py:188} INFO - [2026-01-09T12:10:58.420+0000] {dagbag.py:538} INFO - Filling up the DagBag from /home/airflow/.local/lib/python3.8/site-packages/airflow/example_dags/example_short_circuit_operator.py
[2026-01-09T12:10:58.437+0000] {processor.py:840} INFO - DAG(s) 'example_short_circuit_operator' retrieved from /home/airflow/.local/lib/python3.8/site-packages/airflow/example_dags/example_short_circuit_operator.py
[2026-01-09T12:10:58.491+0000] {logging_mixin.py:188} INFO - [2026-01-09T12:10:58.490+0000] {dag.py:3036} INFO - Sync 1 DAGs
[2026-01-09T12:10:58.531+0000] {logging_mixin.py:188} INFO - [2026-01-09T12:10:58.531+0000] {dag.py:3823} INFO - Setting next_dagrun for example_short_circuit_operator to 2026-01-08 00:00:00+00:00, run_after=2026-01-09 00:00:00+00:00
[2026-01-09T12:10:58.579+0000] {processor.py:183} INFO - Processing /home/airflow/.local/lib/python3.8/site-packages/airflow/example_dags/example_short_circuit_operator.py took 0.170 seconds
[2026-01-09T12:11:29.059+0000] {processor.py:161} INFO - Started process (PID=1527) to work on /home/airflow/.local/lib/python3.8/site-packages/airflow/example_dags/example_short_circuit_operator.py
[2026-01-09T12:11:29.061+0000] {processor.py:830} INFO - Processing file /home/airflow/.local/lib/python3.8/site-packages/airflow/example_dags/example_short_circuit_operator.py for tasks to queue
[2026-01-09T12:11:29.063+0000] {logging_mixin.py:188} INFO - [2026-01-09T12:11:29.063+0000] {dagbag.py:538} INFO - Filling up the DagBag from /home/airflow/.local/lib/python3.8/site-packages/airflow/example_dags/example_short_circuit_operator.py
[2026-01-09T12:11:29.084+0000] {processor.py:840} INFO - DAG(s) 'example_short_circuit_operator' retrieved from /home/airflow/.local/lib/python3.8/site-packages/airflow/example_dags/example_short_circuit_operator.py
[2026-01-09T12:11:29.145+0000] {logging_mixin.py:188} INFO - [2026-01-09T12:11:29.145+0000] {dag.py:3036} INFO - Sync 1 DAGs
[2026-01-09T12:11:29.196+0000] {logging_mixin.py:188} INFO - [2026-01-09T12:11:29.196+0000] {dag.py:3823} INFO - Setting next_dagrun for example_short_circuit_operator to 2026-01-08 00:00:00+00:00, run_after=2026-01-09 00:00:00+00:00
[2026-01-09T12:11:29.248+0000] {processor.py:183} INFO - Processing /home/airflow/.local/lib/python3.8/site-packages/airflow/example_dags/example_short_circuit_operator.py took 0.199 seconds
[2026-01-09T12:12:00.315+0000] {processor.py:161} INFO - Started process (PID=1775) to work on /home/airflow/.local/lib/python3.8/site-packages/airflow/example_dags/example_short_circuit_operator.py
[2026-01-09T12:12:00.318+0000] {processor.py:830} INFO - Processing file /home/airflow/.local/lib/python3.8/site-packages/airflow/example_dags/example_short_circuit_operator.py for tasks to queue
[2026-01-09T12:12:00.320+0000] {logging_mixin.py:188} INFO - [2026-01-09T12:12:00.319+0000] {dagbag.py:538} INFO - Filling up the DagBag from /home/airflow/.local/lib/python3.8/site-packages/airflow/example_dags/example_short_circuit_operator.py
[2026-01-09T12:12:00.336+0000] {processor.py:840} INFO - DAG(s) 'example_short_circuit_operator' retrieved from /home/airflow/.local/lib/python3.8/site-packages/airflow/example_dags/example_short_circuit_operator.py
[2026-01-09T12:12:00.385+0000] {logging_mixin.py:188} INFO - [2026-01-09T12:12:00.384+0000] {dag.py:3036} INFO - Sync 1 DAGs
[2026-01-09T12:12:00.426+0000] {logging_mixin.py:188} INFO - [2026-01-09T12:12:00.426+0000] {dag.py:3823} INFO - Setting next_dagrun for example_short_circuit_operator to 2026-01-08 00:00:00+00:00, run_after=2026-01-09 00:00:00+00:00
[2026-01-09T12:12:00.480+0000] {processor.py:183} INFO - Processing /home/airflow/.local/lib/python3.8/site-packages/airflow/example_dags/example_short_circuit_operator.py took 0.172 seconds
[2026-01-09T12:12:31.018+0000] {processor.py:161} INFO - Started process (PID=2022) to work on /home/airflow/.local/lib/python3.8/site-packages/airflow/example_dags/example_short_circuit_operator.py
[2026-01-09T12:12:31.020+0000] {processor.py:830} INFO - Processing file /home/airflow/.local/lib/python3.8/site-packages/airflow/example_dags/example_short_circuit_operator.py for tasks to queue
[2026-01-09T12:12:31.023+0000] {logging_mixin.py:188} INFO - [2026-01-09T12:12:31.021+0000] {dagbag.py:538} INFO - Filling up the DagBag from /home/airflow/.local/lib/python3.8/site-packages/airflow/example_dags/example_short_circuit_operator.py
[2026-01-09T12:12:31.038+0000] {processor.py:840} INFO - DAG(s) 'example_short_circuit_operator' retrieved from /home/airflow/.local/lib/python3.8/site-packages/airflow/example_dags/example_short_circuit_operator.py
[2026-01-09T12:12:31.080+0000] {logging_mixin.py:188} INFO - [2026-01-09T12:12:31.080+0000] {dag.py:3036} INFO - Sync 1 DAGs
[2026-01-09T12:12:31.119+0000] {logging_mixin.py:188} INFO - [2026-01-09T12:12:31.118+0000] {dag.py:3823} INFO - Setting next_dagrun for example_short_circuit_operator to 2026-01-08 00:00:00+00:00, run_after=2026-01-09 00:00:00+00:00
[2026-01-09T12:12:31.169+0000] {processor.py:183} INFO - Processing /home/airflow/.local/lib/python3.8/site-packages/airflow/example_dags/example_short_circuit_operator.py took 0.157 seconds
[2026-01-09T12:13:01.489+0000] {processor.py:161} INFO - Started process (PID=2271) to work on /home/airflow/.local/lib/python3.8/site-packages/airflow/example_dags/example_short_circuit_operator.py
[2026-01-09T12:13:01.492+0000] {processor.py:830} INFO - Processing file /home/airflow/.local/lib/python3.8/site-packages/airflow/example_dags/example_short_circuit_operator.py for tasks to queue
[2026-01-09T12:13:01.493+0000] {logging_mixin.py:188} INFO - [2026-01-09T12:13:01.492+0000] {dagbag.py:538} INFO - Filling up the DagBag from /home/airflow/.local/lib/python3.8/site-packages/airflow/example_dags/example_short_circuit_operator.py
[2026-01-09T12:13:01.507+0000] {processor.py:840} INFO - DAG(s) 'example_short_circuit_operator' retrieved from /home/airflow/.local/lib/python3.8/site-packages/airflow/example_dags/example_short_circuit_operator.py
[2026-01-09T12:13:01.552+0000] {logging_mixin.py:188} INFO - [2026-01-09T12:13:01.551+0000] {dag.py:3036} INFO - Sync 1 DAGs
[2026-01-09T12:13:01.592+0000] {logging_mixin.py:188} INFO - [2026-01-09T12:13:01.592+0000] {dag.py:3823} INFO - Setting next_dagrun for example_short_circuit_operator to 2026-01-08 00:00:00+00:00, run_after=2026-01-09 00:00:00+00:00
[2026-01-09T12:13:01.632+0000] {processor.py:183} INFO - Processing /home/airflow/.local/lib/python3.8/site-packages/airflow/example_dags/example_short_circuit_operator.py took 0.150 seconds
[2026-01-09T12:13:31.781+0000] {processor.py:161} INFO - Started process (PID=2516) to work on /home/airflow/.local/lib/python3.8/site-packages/airflow/example_dags/example_short_circuit_operator.py
[2026-01-09T12:13:31.783+0000] {processor.py:830} INFO - Processing file /home/airflow/.local/lib/python3.8/site-packages/airflow/example_dags/example_short_circuit_operator.py for tasks to queue
[2026-01-09T12:13:31.785+0000] {logging_mixin.py:188} INFO - [2026-01-09T12:13:31.784+0000] {dagbag.py:538} INFO - Filling up the DagBag from /home/airflow/.local/lib/python3.8/site-packages/airflow/example_dags/example_short_circuit_operator.py
[2026-01-09T12:13:31.807+0000] {processor.py:840} INFO - DAG(s) 'example_short_circuit_operator' retrieved from /home/airflow/.local/lib/python3.8/site-packages/airflow/example_dags/example_short_circuit_operator.py
[2026-01-09T12:13:31.858+0000] {logging_mixin.py:188} INFO - [2026-01-09T12:13:31.858+0000] {dag.py:3036} INFO - Sync 1 DAGs
[2026-01-09T12:13:31.902+0000] {logging_mixin.py:188} INFO - [2026-01-09T12:13:31.901+0000] {dag.py:3823} INFO - Setting next_dagrun for example_short_circuit_operator to 2026-01-08 00:00:00+00:00, run_after=2026-01-09 00:00:00+00:00
[2026-01-09T12:13:31.945+0000] {processor.py:183} INFO - Processing /home/airflow/.local/lib/python3.8/site-packages/airflow/example_dags/example_short_circuit_operator.py took 0.171 seconds
[2026-01-09T12:14:02.290+0000] {processor.py:161} INFO - Started process (PID=2763) to work on /home/airflow/.local/lib/python3.8/site-packages/airflow/example_dags/example_short_circuit_operator.py
[2026-01-09T12:14:02.292+0000] {processor.py:830} INFO - Processing file /home/airflow/.local/lib/python3.8/site-packages/airflow/example_dags/example_short_circuit_operator.py for tasks to queue
[2026-01-09T12:14:02.294+0000] {logging_mixin.py:188} INFO - [2026-01-09T12:14:02.293+0000] {dagbag.py:538} INFO - Filling up the DagBag from /home/airflow/.local/lib/python3.8/site-packages/airflow/example_dags/example_short_circuit_operator.py
[2026-01-09T12:14:02.320+0000] {processor.py:840} INFO - DAG(s) 'example_short_circuit_operator' retrieved from /home/airflow/.local/lib/python3.8/site-packages/airflow/example_dags/example_short_circuit_operator.py
[2026-01-09T12:14:02.371+0000] {logging_mixin.py:188} INFO - [2026-01-09T12:14:02.370+0000] {dag.py:3036} INFO - Sync 1 DAGs
[2026-01-09T12:14:02.411+0000] {logging_mixin.py:188} INFO - [2026-01-09T12:14:02.410+0000] {dag.py:3823} INFO - Setting next_dagrun for example_short_circuit_operator to 2026-01-08 00:00:00+00:00, run_after=2026-01-09 00:00:00+00:00
[2026-01-09T12:14:02.453+0000] {processor.py:183} INFO - Processing /home/airflow/.local/lib/python3.8/site-packages/airflow/example_dags/example_short_circuit_operator.py took 0.169 seconds
[2026-01-09T12:14:32.623+0000] {processor.py:161} INFO - Started process (PID=3010) to work on /home/airflow/.local/lib/python3.8/site-packages/airflow/example_dags/example_short_circuit_operator.py
[2026-01-09T12:14:32.629+0000] {processor.py:830} INFO - Processing file /home/airflow/.local/lib/python3.8/site-packages/airflow/example_dags/example_short_circuit_operator.py for tasks to queue
[2026-01-09T12:14:32.631+0000] {logging_mixin.py:188} INFO - [2026-01-09T12:14:32.631+0000] {dagbag.py:538} INFO - Filling up the DagBag from /home/airflow/.local/lib/python3.8/site-packages/airflow/example_dags/example_short_circuit_operator.py
[2026-01-09T12:14:32.646+0000] {processor.py:840} INFO - DAG(s) 'example_short_circuit_operator' retrieved from /home/airflow/.local/lib/python3.8/site-packages/airflow/example_dags/example_short_circuit_operator.py
[2026-01-09T12:14:32.689+0000] {logging_mixin.py:188} INFO - [2026-01-09T12:14:32.688+0000] {dag.py:3036} INFO - Sync 1 DAGs
[2026-01-09T12:14:32.725+0000] {logging_mixin.py:188} INFO - [2026-01-09T12:14:32.724+0000] {dag.py:3823} INFO - Setting next_dagrun for example_short_circuit_operator to 2026-01-08 00:00:00+00:00, run_after=2026-01-09 00:00:00+00:00
[2026-01-09T12:14:32.767+0000] {processor.py:183} INFO - Processing /home/airflow/.local/lib/python3.8/site-packages/airflow/example_dags/example_short_circuit_operator.py took 0.151 seconds
[2026-01-09T12:15:03.272+0000] {processor.py:161} INFO - Started process (PID=3259) to work on /home/airflow/.local/lib/python3.8/site-packages/airflow/example_dags/example_short_circuit_operator.py
[2026-01-09T12:15:03.274+0000] {processor.py:830} INFO - Processing file /home/airflow/.local/lib/python3.8/site-packages/airflow/example_dags/example_short_circuit_operator.py for tasks to queue
[2026-01-09T12:15:03.276+0000] {logging_mixin.py:188} INFO - [2026-01-09T12:15:03.275+0000] {dagbag.py:538} INFO - Filling up the DagBag from /home/airflow/.local/lib/python3.8/site-packages/airflow/example_dags/example_short_circuit_operator.py
[2026-01-09T12:15:03.293+0000] {processor.py:840} INFO - DAG(s) 'example_short_circuit_operator' retrieved from /home/airflow/.local/lib/python3.8/site-packages/airflow/example_dags/example_short_circuit_operator.py
[2026-01-09T12:15:03.354+0000] {logging_mixin.py:188} INFO - [2026-01-09T12:15:03.353+0000] {dag.py:3036} INFO - Sync 1 DAGs
[2026-01-09T12:15:03.407+0000] {logging_mixin.py:188} INFO - [2026-01-09T12:15:03.407+0000] {dag.py:3823} INFO - Setting next_dagrun for example_short_circuit_operator to 2026-01-08 00:00:00+00:00, run_after=2026-01-09 00:00:00+00:00
[2026-01-09T12:15:03.469+0000] {processor.py:183} INFO - Processing /home/airflow/.local/lib/python3.8/site-packages/airflow/example_dags/example_short_circuit_operator.py took 0.202 seconds
[2026-01-09T12:15:34.224+0000] {processor.py:161} INFO - Started process (PID=3506) to work on /home/airflow/.local/lib/python3.8/site-packages/airflow/example_dags/example_short_circuit_operator.py
[2026-01-09T12:15:34.226+0000] {processor.py:830} INFO - Processing file /home/airflow/.local/lib/python3.8/site-packages/airflow/example_dags/example_short_circuit_operator.py for tasks to queue
[2026-01-09T12:15:34.227+0000] {logging_mixin.py:188} INFO - [2026-01-09T12:15:34.227+0000] {dagbag.py:538} INFO - Filling up the DagBag from /home/airflow/.local/lib/python3.8/site-packages/airflow/example_dags/example_short_circuit_operator.py
[2026-01-09T12:15:34.248+0000] {processor.py:840} INFO - DAG(s) 'example_short_circuit_operator' retrieved from /home/airflow/.local/lib/python3.8/site-packages/airflow/example_dags/example_short_circuit_operator.py
[2026-01-09T12:15:34.298+0000] {logging_mixin.py:188} INFO - [2026-01-09T12:15:34.298+0000] {dag.py:3036} INFO - Sync 1 DAGs
[2026-01-09T12:15:34.335+0000] {logging_mixin.py:188} INFO - [2026-01-09T12:15:34.335+0000] {dag.py:3823} INFO - Setting next_dagrun for example_short_circuit_operator to 2026-01-08 00:00:00+00:00, run_after=2026-01-09 00:00:00+00:00
[2026-01-09T12:15:34.376+0000] {processor.py:183} INFO - Processing /home/airflow/.local/lib/python3.8/site-packages/airflow/example_dags/example_short_circuit_operator.py took 0.157 seconds
[2026-01-09T12:16:04.516+0000] {processor.py:161} INFO - Started process (PID=3750) to work on /home/airflow/.local/lib/python3.8/site-packages/airflow/example_dags/example_short_circuit_operator.py
[2026-01-09T12:16:04.518+0000] {processor.py:830} INFO - Processing file /home/airflow/.local/lib/python3.8/site-packages/airflow/example_dags/example_short_circuit_operator.py for tasks to queue
[2026-01-09T12:16:04.520+0000] {logging_mixin.py:188} INFO - [2026-01-09T12:16:04.519+0000] {dagbag.py:538} INFO - Filling up the DagBag from /home/airflow/.local/lib/python3.8/site-packages/airflow/example_dags/example_short_circuit_operator.py
[2026-01-09T12:16:04.533+0000] {processor.py:840} INFO - DAG(s) 'example_short_circuit_operator' retrieved from /home/airflow/.local/lib/python3.8/site-packages/airflow/example_dags/example_short_circuit_operator.py
[2026-01-09T12:16:04.583+0000] {logging_mixin.py:188} INFO - [2026-01-09T12:16:04.583+0000] {dag.py:3036} INFO - Sync 1 DAGs
[2026-01-09T12:16:04.624+0000] {logging_mixin.py:188} INFO - [2026-01-09T12:16:04.624+0000] {dag.py:3823} INFO - Setting next_dagrun for example_short_circuit_operator to 2026-01-08 00:00:00+00:00, run_after=2026-01-09 00:00:00+00:00
[2026-01-09T12:16:04.666+0000] {processor.py:183} INFO - Processing /home/airflow/.local/lib/python3.8/site-packages/airflow/example_dags/example_short_circuit_operator.py took 0.157 seconds
[2026-01-09T12:16:35.353+0000] {processor.py:161} INFO - Started process (PID=3999) to work on /home/airflow/.local/lib/python3.8/site-packages/airflow/example_dags/example_short_circuit_operator.py
[2026-01-09T12:16:35.354+0000] {processor.py:830} INFO - Processing file /home/airflow/.local/lib/python3.8/site-packages/airflow/example_dags/example_short_circuit_operator.py for tasks to queue
[2026-01-09T12:16:35.356+0000] {logging_mixin.py:188} INFO - [2026-01-09T12:16:35.355+0000] {dagbag.py:538} INFO - Filling up the DagBag from /home/airflow/.local/lib/python3.8/site-packages/airflow/example_dags/example_short_circuit_operator.py
[2026-01-09T12:16:35.369+0000] {processor.py:840} INFO - DAG(s) 'example_short_circuit_operator' retrieved from /home/airflow/.local/lib/python3.8/site-packages/airflow/example_dags/example_short_circuit_operator.py
[2026-01-09T12:16:35.413+0000] {logging_mixin.py:188} INFO - [2026-01-09T12:16:35.413+0000] {dag.py:3036} INFO - Sync 1 DAGs
[2026-01-09T12:16:35.461+0000] {logging_mixin.py:188} INFO - [2026-01-09T12:16:35.460+0000] {dag.py:3823} INFO - Setting next_dagrun for example_short_circuit_operator to 2026-01-08 00:00:00+00:00, run_after=2026-01-09 00:00:00+00:00
[2026-01-09T12:16:35.507+0000] {processor.py:183} INFO - Processing /home/airflow/.local/lib/python3.8/site-packages/airflow/example_dags/example_short_circuit_operator.py took 0.161 seconds
[2026-01-09T12:17:05.906+0000] {processor.py:161} INFO - Started process (PID=4246) to work on /home/airflow/.local/lib/python3.8/site-packages/airflow/example_dags/example_short_circuit_operator.py
[2026-01-09T12:17:05.908+0000] {processor.py:830} INFO - Processing file /home/airflow/.local/lib/python3.8/site-packages/airflow/example_dags/example_short_circuit_operator.py for tasks to queue
[2026-01-09T12:17:05.910+0000] {logging_mixin.py:188} INFO - [2026-01-09T12:17:05.909+0000] {dagbag.py:538} INFO - Filling up the DagBag from /home/airflow/.local/lib/python3.8/site-packages/airflow/example_dags/example_short_circuit_operator.py
[2026-01-09T12:17:05.924+0000] {processor.py:840} INFO - DAG(s) 'example_short_circuit_operator' retrieved from /home/airflow/.local/lib/python3.8/site-packages/airflow/example_dags/example_short_circuit_operator.py
[2026-01-09T12:17:05.967+0000] {logging_mixin.py:188} INFO - [2026-01-09T12:17:05.967+0000] {dag.py:3036} INFO - Sync 1 DAGs
[2026-01-09T12:17:06.012+0000] {logging_mixin.py:188} INFO - [2026-01-09T12:17:06.011+0000] {dag.py:3823} INFO - Setting next_dagrun for example_short_circuit_operator to 2026-01-08 00:00:00+00:00, run_after=2026-01-09 00:00:00+00:00
[2026-01-09T12:17:06.060+0000] {processor.py:183} INFO - Processing /home/airflow/.local/lib/python3.8/site-packages/airflow/example_dags/example_short_circuit_operator.py took 0.160 seconds
[2026-01-09T12:17:36.398+0000] {processor.py:161} INFO - Started process (PID=4493) to work on /home/airflow/.local/lib/python3.8/site-packages/airflow/example_dags/example_short_circuit_operator.py
[2026-01-09T12:17:36.400+0000] {processor.py:830} INFO - Processing file /home/airflow/.local/lib/python3.8/site-packages/airflow/example_dags/example_short_circuit_operator.py for tasks to queue
[2026-01-09T12:17:36.401+0000] {logging_mixin.py:188} INFO - [2026-01-09T12:17:36.401+0000] {dagbag.py:538} INFO - Filling up the DagBag from /home/airflow/.local/lib/python3.8/site-packages/airflow/example_dags/example_short_circuit_operator.py
[2026-01-09T12:17:36.413+0000] {processor.py:840} INFO - DAG(s) 'example_short_circuit_operator' retrieved from /home/airflow/.local/lib/python3.8/site-packages/airflow/example_dags/example_short_circuit_operator.py
[2026-01-09T12:17:36.461+0000] {logging_mixin.py:188} INFO - [2026-01-09T12:17:36.460+0000] {dag.py:3036} INFO - Sync 1 DAGs
[2026-01-09T12:17:36.496+0000] {logging_mixin.py:188} INFO - [2026-01-09T12:17:36.495+0000] {dag.py:3823} INFO - Setting next_dagrun for example_short_circuit_operator to 2026-01-08 00:00:00+00:00, run_after=2026-01-09 00:00:00+00:00
[2026-01-09T12:17:36.531+0000] {processor.py:183} INFO - Processing /home/airflow/.local/lib/python3.8/site-packages/airflow/example_dags/example_short_circuit_operator.py took 0.139 seconds
[2026-01-09T12:18:07.501+0000] {processor.py:161} INFO - Started process (PID=4740) to work on /home/airflow/.local/lib/python3.8/site-packages/airflow/example_dags/example_short_circuit_operator.py
[2026-01-09T12:18:07.503+0000] {processor.py:830} INFO - Processing file /home/airflow/.local/lib/python3.8/site-packages/airflow/example_dags/example_short_circuit_operator.py for tasks to queue
[2026-01-09T12:18:07.505+0000] {logging_mixin.py:188} INFO - [2026-01-09T12:18:07.504+0000] {dagbag.py:538} INFO - Filling up the DagBag from /home/airflow/.local/lib/python3.8/site-packages/airflow/example_dags/example_short_circuit_operator.py
[2026-01-09T12:18:07.520+0000] {processor.py:840} INFO - DAG(s) 'example_short_circuit_operator' retrieved from /home/airflow/.local/lib/python3.8/site-packages/airflow/example_dags/example_short_circuit_operator.py
[2026-01-09T12:18:07.574+0000] {logging_mixin.py:188} INFO - [2026-01-09T12:18:07.574+0000] {dag.py:3036} INFO - Sync 1 DAGs
[2026-01-09T12:18:07.622+0000] {logging_mixin.py:188} INFO - [2026-01-09T12:18:07.621+0000] {dag.py:3823} INFO - Setting next_dagrun for example_short_circuit_operator to 2026-01-08 00:00:00+00:00, run_after=2026-01-09 00:00:00+00:00
[2026-01-09T12:18:07.672+0000] {processor.py:183} INFO - Processing /home/airflow/.local/lib/python3.8/site-packages/airflow/example_dags/example_short_circuit_operator.py took 0.177 seconds
[2026-01-09T12:18:37.903+0000] {processor.py:161} INFO - Started process (PID=4985) to work on /home/airflow/.local/lib/python3.8/site-packages/airflow/example_dags/example_short_circuit_operator.py
[2026-01-09T12:18:37.905+0000] {processor.py:830} INFO - Processing file /home/airflow/.local/lib/python3.8/site-packages/airflow/example_dags/example_short_circuit_operator.py for tasks to queue
[2026-01-09T12:18:37.906+0000] {logging_mixin.py:188} INFO - [2026-01-09T12:18:37.906+0000] {dagbag.py:538} INFO - Filling up the DagBag from /home/airflow/.local/lib/python3.8/site-packages/airflow/example_dags/example_short_circuit_operator.py
[2026-01-09T12:18:37.926+0000] {processor.py:840} INFO - DAG(s) 'example_short_circuit_operator' retrieved from /home/airflow/.local/lib/python3.8/site-packages/airflow/example_dags/example_short_circuit_operator.py
[2026-01-09T12:18:37.980+0000] {logging_mixin.py:188} INFO - [2026-01-09T12:18:37.980+0000] {dag.py:3036} INFO - Sync 1 DAGs
[2026-01-09T12:18:38.020+0000] {logging_mixin.py:188} INFO - [2026-01-09T12:18:38.020+0000] {dag.py:3823} INFO - Setting next_dagrun for example_short_circuit_operator to 2026-01-08 00:00:00+00:00, run_after=2026-01-09 00:00:00+00:00
[2026-01-09T12:18:38.067+0000] {processor.py:183} INFO - Processing /home/airflow/.local/lib/python3.8/site-packages/airflow/example_dags/example_short_circuit_operator.py took 0.170 seconds
[2026-01-09T12:19:08.369+0000] {processor.py:161} INFO - Started process (PID=5232) to work on /home/airflow/.local/lib/python3.8/site-packages/airflow/example_dags/example_short_circuit_operator.py
[2026-01-09T12:19:08.372+0000] {processor.py:830} INFO - Processing file /home/airflow/.local/lib/python3.8/site-packages/airflow/example_dags/example_short_circuit_operator.py for tasks to queue
[2026-01-09T12:19:08.374+0000] {logging_mixin.py:188} INFO - [2026-01-09T12:19:08.374+0000] {dagbag.py:538} INFO - Filling up the DagBag from /home/airflow/.local/lib/python3.8/site-packages/airflow/example_dags/example_short_circuit_operator.py
[2026-01-09T12:19:08.394+0000] {processor.py:840} INFO - DAG(s) 'example_short_circuit_operator' retrieved from /home/airflow/.local/lib/python3.8/site-packages/airflow/example_dags/example_short_circuit_operator.py
[2026-01-09T12:19:08.450+0000] {logging_mixin.py:188} INFO - [2026-01-09T12:19:08.450+0000] {dag.py:3036} INFO - Sync 1 DAGs
[2026-01-09T12:19:08.499+0000] {logging_mixin.py:188} INFO - [2026-01-09T12:19:08.499+0000] {dag.py:3823} INFO - Setting next_dagrun for example_short_circuit_operator to 2026-01-08 00:00:00+00:00, run_after=2026-01-09 00:00:00+00:00
[2026-01-09T12:19:08.561+0000] {processor.py:183} INFO - Processing /home/airflow/.local/lib/python3.8/site-packages/airflow/example_dags/example_short_circuit_operator.py took 0.200 seconds
[2026-01-09T12:19:38.979+0000] {processor.py:161} INFO - Started process (PID=5474) to work on /home/airflow/.local/lib/python3.8/site-packages/airflow/example_dags/example_short_circuit_operator.py
[2026-01-09T12:19:38.982+0000] {processor.py:830} INFO - Processing file /home/airflow/.local/lib/python3.8/site-packages/airflow/example_dags/example_short_circuit_operator.py for tasks to queue
[2026-01-09T12:19:38.984+0000] {logging_mixin.py:188} INFO - [2026-01-09T12:19:38.984+0000] {dagbag.py:538} INFO - Filling up the DagBag from /home/airflow/.local/lib/python3.8/site-packages/airflow/example_dags/example_short_circuit_operator.py
[2026-01-09T12:19:39.002+0000] {processor.py:840} INFO - DAG(s) 'example_short_circuit_operator' retrieved from /home/airflow/.local/lib/python3.8/site-packages/airflow/example_dags/example_short_circuit_operator.py
[2026-01-09T12:19:39.053+0000] {logging_mixin.py:188} INFO - [2026-01-09T12:19:39.052+0000] {dag.py:3036} INFO - Sync 1 DAGs
[2026-01-09T12:19:39.099+0000] {logging_mixin.py:188} INFO - [2026-01-09T12:19:39.098+0000] {dag.py:3823} INFO - Setting next_dagrun for example_short_circuit_operator to 2026-01-08 00:00:00+00:00, run_after=2026-01-09 00:00:00+00:00
[2026-01-09T12:19:39.148+0000] {processor.py:183} INFO - Processing /home/airflow/.local/lib/python3.8/site-packages/airflow/example_dags/example_short_circuit_operator.py took 0.178 seconds
[2026-01-09T12:20:10.130+0000] {processor.py:161} INFO - Started process (PID=5728) to work on /home/airflow/.local/lib/python3.8/site-packages/airflow/example_dags/example_short_circuit_operator.py
[2026-01-09T12:20:10.139+0000] {processor.py:830} INFO - Processing file /home/airflow/.local/lib/python3.8/site-packages/airflow/example_dags/example_short_circuit_operator.py for tasks to queue
[2026-01-09T12:20:10.140+0000] {logging_mixin.py:188} INFO - [2026-01-09T12:20:10.140+0000] {dagbag.py:538} INFO - Filling up the DagBag from /home/airflow/.local/lib/python3.8/site-packages/airflow/example_dags/example_short_circuit_operator.py
[2026-01-09T12:20:10.156+0000] {processor.py:840} INFO - DAG(s) 'example_short_circuit_operator' retrieved from /home/airflow/.local/lib/python3.8/site-packages/airflow/example_dags/example_short_circuit_operator.py
[2026-01-09T12:20:10.202+0000] {logging_mixin.py:188} INFO - [2026-01-09T12:20:10.201+0000] {dag.py:3036} INFO - Sync 1 DAGs
[2026-01-09T12:20:10.259+0000] {logging_mixin.py:188} INFO - [2026-01-09T12:20:10.258+0000] {dag.py:3823} INFO - Setting next_dagrun for example_short_circuit_operator to 2026-01-08 00:00:00+00:00, run_after=2026-01-09 00:00:00+00:00
[2026-01-09T12:20:10.298+0000] {processor.py:183} INFO - Processing /home/airflow/.local/lib/python3.8/site-packages/airflow/example_dags/example_short_circuit_operator.py took 0.175 seconds
[2026-01-09T12:20:40.561+0000] {processor.py:161} INFO - Started process (PID=5973) to work on /home/airflow/.local/lib/python3.8/site-packages/airflow/example_dags/example_short_circuit_operator.py
[2026-01-09T12:20:40.570+0000] {processor.py:830} INFO - Processing file /home/airflow/.local/lib/python3.8/site-packages/airflow/example_dags/example_short_circuit_operator.py for tasks to queue
[2026-01-09T12:20:40.572+0000] {logging_mixin.py:188} INFO - [2026-01-09T12:20:40.571+0000] {dagbag.py:538} INFO - Filling up the DagBag from /home/airflow/.local/lib/python3.8/site-packages/airflow/example_dags/example_short_circuit_operator.py
[2026-01-09T12:20:40.587+0000] {processor.py:840} INFO - DAG(s) 'example_short_circuit_operator' retrieved from /home/airflow/.local/lib/python3.8/site-packages/airflow/example_dags/example_short_circuit_operator.py
[2026-01-09T12:20:40.669+0000] {logging_mixin.py:188} INFO - [2026-01-09T12:20:40.669+0000] {dag.py:3036} INFO - Sync 1 DAGs
[2026-01-09T12:20:40.743+0000] {logging_mixin.py:188} INFO - [2026-01-09T12:20:40.743+0000] {dag.py:3823} INFO - Setting next_dagrun for example_short_circuit_operator to 2026-01-08 00:00:00+00:00, run_after=2026-01-09 00:00:00+00:00
[2026-01-09T12:20:40.821+0000] {processor.py:183} INFO - Processing /home/airflow/.local/lib/python3.8/site-packages/airflow/example_dags/example_short_circuit_operator.py took 0.267 seconds
[2026-01-09T12:21:11.145+0000] {processor.py:161} INFO - Started process (PID=6220) to work on /home/airflow/.local/lib/python3.8/site-packages/airflow/example_dags/example_short_circuit_operator.py
[2026-01-09T12:21:11.156+0000] {processor.py:830} INFO - Processing file /home/airflow/.local/lib/python3.8/site-packages/airflow/example_dags/example_short_circuit_operator.py for tasks to queue
[2026-01-09T12:21:11.157+0000] {logging_mixin.py:188} INFO - [2026-01-09T12:21:11.157+0000] {dagbag.py:538} INFO - Filling up the DagBag from /home/airflow/.local/lib/python3.8/site-packages/airflow/example_dags/example_short_circuit_operator.py
[2026-01-09T12:21:11.174+0000] {processor.py:840} INFO - DAG(s) 'example_short_circuit_operator' retrieved from /home/airflow/.local/lib/python3.8/site-packages/airflow/example_dags/example_short_circuit_operator.py
[2026-01-09T12:21:11.223+0000] {logging_mixin.py:188} INFO - [2026-01-09T12:21:11.223+0000] {dag.py:3036} INFO - Sync 1 DAGs
[2026-01-09T12:21:11.265+0000] {logging_mixin.py:188} INFO - [2026-01-09T12:21:11.264+0000] {dag.py:3823} INFO - Setting next_dagrun for example_short_circuit_operator to 2026-01-08 00:00:00+00:00, run_after=2026-01-09 00:00:00+00:00
[2026-01-09T12:21:11.306+0000] {processor.py:183} INFO - Processing /home/airflow/.local/lib/python3.8/site-packages/airflow/example_dags/example_short_circuit_operator.py took 0.168 seconds
[2026-01-09T12:21:41.706+0000] {processor.py:161} INFO - Started process (PID=6462) to work on /home/airflow/.local/lib/python3.8/site-packages/airflow/example_dags/example_short_circuit_operator.py
[2026-01-09T12:21:41.709+0000] {processor.py:830} INFO - Processing file /home/airflow/.local/lib/python3.8/site-packages/airflow/example_dags/example_short_circuit_operator.py for tasks to queue
[2026-01-09T12:21:41.712+0000] {logging_mixin.py:188} INFO - [2026-01-09T12:21:41.711+0000] {dagbag.py:538} INFO - Filling up the DagBag from /home/airflow/.local/lib/python3.8/site-packages/airflow/example_dags/example_short_circuit_operator.py
[2026-01-09T12:21:41.739+0000] {processor.py:840} INFO - DAG(s) 'example_short_circuit_operator' retrieved from /home/airflow/.local/lib/python3.8/site-packages/airflow/example_dags/example_short_circuit_operator.py
[2026-01-09T12:21:41.815+0000] {logging_mixin.py:188} INFO - [2026-01-09T12:21:41.815+0000] {dag.py:3036} INFO - Sync 1 DAGs
[2026-01-09T12:21:41.908+0000] {logging_mixin.py:188} INFO - [2026-01-09T12:21:41.907+0000] {dag.py:3823} INFO - Setting next_dagrun for example_short_circuit_operator to 2026-01-08 00:00:00+00:00, run_after=2026-01-09 00:00:00+00:00
[2026-01-09T12:21:41.989+0000] {processor.py:183} INFO - Processing /home/airflow/.local/lib/python3.8/site-packages/airflow/example_dags/example_short_circuit_operator.py took 0.293 seconds
[2026-01-09T12:22:12.137+0000] {processor.py:161} INFO - Started process (PID=6712) to work on /home/airflow/.local/lib/python3.8/site-packages/airflow/example_dags/example_short_circuit_operator.py
[2026-01-09T12:22:12.140+0000] {processor.py:830} INFO - Processing file /home/airflow/.local/lib/python3.8/site-packages/airflow/example_dags/example_short_circuit_operator.py for tasks to queue
[2026-01-09T12:22:12.141+0000] {logging_mixin.py:188} INFO - [2026-01-09T12:22:12.141+0000] {dagbag.py:538} INFO - Filling up the DagBag from /home/airflow/.local/lib/python3.8/site-packages/airflow/example_dags/example_short_circuit_operator.py
[2026-01-09T12:22:12.156+0000] {processor.py:840} INFO - DAG(s) 'example_short_circuit_operator' retrieved from /home/airflow/.local/lib/python3.8/site-packages/airflow/example_dags/example_short_circuit_operator.py
[2026-01-09T12:22:12.208+0000] {logging_mixin.py:188} INFO - [2026-01-09T12:22:12.207+0000] {dag.py:3036} INFO - Sync 1 DAGs
[2026-01-09T12:22:12.249+0000] {logging_mixin.py:188} INFO - [2026-01-09T12:22:12.248+0000] {dag.py:3823} INFO - Setting next_dagrun for example_short_circuit_operator to 2026-01-08 00:00:00+00:00, run_after=2026-01-09 00:00:00+00:00
[2026-01-09T12:22:12.312+0000] {processor.py:183} INFO - Processing /home/airflow/.local/lib/python3.8/site-packages/airflow/example_dags/example_short_circuit_operator.py took 0.185 seconds
[2026-01-09T12:22:42.402+0000] {processor.py:161} INFO - Started process (PID=6957) to work on /home/airflow/.local/lib/python3.8/site-packages/airflow/example_dags/example_short_circuit_operator.py
[2026-01-09T12:22:42.405+0000] {processor.py:830} INFO - Processing file /home/airflow/.local/lib/python3.8/site-packages/airflow/example_dags/example_short_circuit_operator.py for tasks to queue
[2026-01-09T12:22:42.407+0000] {logging_mixin.py:188} INFO - [2026-01-09T12:22:42.406+0000] {dagbag.py:538} INFO - Filling up the DagBag from /home/airflow/.local/lib/python3.8/site-packages/airflow/example_dags/example_short_circuit_operator.py
[2026-01-09T12:22:42.426+0000] {processor.py:840} INFO - DAG(s) 'example_short_circuit_operator' retrieved from /home/airflow/.local/lib/python3.8/site-packages/airflow/example_dags/example_short_circuit_operator.py
[2026-01-09T12:22:42.476+0000] {logging_mixin.py:188} INFO - [2026-01-09T12:22:42.476+0000] {dag.py:3036} INFO - Sync 1 DAGs
[2026-01-09T12:22:42.523+0000] {logging_mixin.py:188} INFO - [2026-01-09T12:22:42.522+0000] {dag.py:3823} INFO - Setting next_dagrun for example_short_circuit_operator to 2026-01-08 00:00:00+00:00, run_after=2026-01-09 00:00:00+00:00
[2026-01-09T12:22:42.570+0000] {processor.py:183} INFO - Processing /home/airflow/.local/lib/python3.8/site-packages/airflow/example_dags/example_short_circuit_operator.py took 0.176 seconds
[2026-01-09T12:23:12.732+0000] {processor.py:161} INFO - Started process (PID=7204) to work on /home/airflow/.local/lib/python3.8/site-packages/airflow/example_dags/example_short_circuit_operator.py
[2026-01-09T12:23:12.736+0000] {processor.py:830} INFO - Processing file /home/airflow/.local/lib/python3.8/site-packages/airflow/example_dags/example_short_circuit_operator.py for tasks to queue
[2026-01-09T12:23:12.737+0000] {logging_mixin.py:188} INFO - [2026-01-09T12:23:12.737+0000] {dagbag.py:538} INFO - Filling up the DagBag from /home/airflow/.local/lib/python3.8/site-packages/airflow/example_dags/example_short_circuit_operator.py
[2026-01-09T12:23:12.753+0000] {processor.py:840} INFO - DAG(s) 'example_short_circuit_operator' retrieved from /home/airflow/.local/lib/python3.8/site-packages/airflow/example_dags/example_short_circuit_operator.py
[2026-01-09T12:23:12.797+0000] {logging_mixin.py:188} INFO - [2026-01-09T12:23:12.797+0000] {dag.py:3036} INFO - Sync 1 DAGs
[2026-01-09T12:23:12.835+0000] {logging_mixin.py:188} INFO - [2026-01-09T12:23:12.834+0000] {dag.py:3823} INFO - Setting next_dagrun for example_short_circuit_operator to 2026-01-08 00:00:00+00:00, run_after=2026-01-09 00:00:00+00:00
[2026-01-09T12:23:12.880+0000] {processor.py:183} INFO - Processing /home/airflow/.local/lib/python3.8/site-packages/airflow/example_dags/example_short_circuit_operator.py took 0.155 seconds
[2026-01-09T12:23:43.096+0000] {processor.py:161} INFO - Started process (PID=7451) to work on /home/airflow/.local/lib/python3.8/site-packages/airflow/example_dags/example_short_circuit_operator.py
[2026-01-09T12:23:43.099+0000] {processor.py:830} INFO - Processing file /home/airflow/.local/lib/python3.8/site-packages/airflow/example_dags/example_short_circuit_operator.py for tasks to queue
[2026-01-09T12:23:43.101+0000] {logging_mixin.py:188} INFO - [2026-01-09T12:23:43.100+0000] {dagbag.py:538} INFO - Filling up the DagBag from /home/airflow/.local/lib/python3.8/site-packages/airflow/example_dags/example_short_circuit_operator.py
[2026-01-09T12:23:43.120+0000] {processor.py:840} INFO - DAG(s) 'example_short_circuit_operator' retrieved from /home/airflow/.local/lib/python3.8/site-packages/airflow/example_dags/example_short_circuit_operator.py
[2026-01-09T12:23:43.168+0000] {logging_mixin.py:188} INFO - [2026-01-09T12:23:43.167+0000] {dag.py:3036} INFO - Sync 1 DAGs
[2026-01-09T12:23:43.212+0000] {logging_mixin.py:188} INFO - [2026-01-09T12:23:43.212+0000] {dag.py:3823} INFO - Setting next_dagrun for example_short_circuit_operator to 2026-01-08 00:00:00+00:00, run_after=2026-01-09 00:00:00+00:00
[2026-01-09T12:23:43.260+0000] {processor.py:183} INFO - Processing /home/airflow/.local/lib/python3.8/site-packages/airflow/example_dags/example_short_circuit_operator.py took 0.170 seconds
[2026-01-09T12:24:13.889+0000] {processor.py:161} INFO - Started process (PID=7699) to work on /home/airflow/.local/lib/python3.8/site-packages/airflow/example_dags/example_short_circuit_operator.py
[2026-01-09T12:24:13.893+0000] {processor.py:830} INFO - Processing file /home/airflow/.local/lib/python3.8/site-packages/airflow/example_dags/example_short_circuit_operator.py for tasks to queue
[2026-01-09T12:24:13.896+0000] {logging_mixin.py:188} INFO - [2026-01-09T12:24:13.895+0000] {dagbag.py:538} INFO - Filling up the DagBag from /home/airflow/.local/lib/python3.8/site-packages/airflow/example_dags/example_short_circuit_operator.py
[2026-01-09T12:24:13.912+0000] {processor.py:840} INFO - DAG(s) 'example_short_circuit_operator' retrieved from /home/airflow/.local/lib/python3.8/site-packages/airflow/example_dags/example_short_circuit_operator.py
[2026-01-09T12:24:13.968+0000] {logging_mixin.py:188} INFO - [2026-01-09T12:24:13.968+0000] {dag.py:3036} INFO - Sync 1 DAGs
[2026-01-09T12:24:14.016+0000] {logging_mixin.py:188} INFO - [2026-01-09T12:24:14.015+0000] {dag.py:3823} INFO - Setting next_dagrun for example_short_circuit_operator to 2026-01-08 00:00:00+00:00, run_after=2026-01-09 00:00:00+00:00
[2026-01-09T12:24:14.059+0000] {processor.py:183} INFO - Processing /home/airflow/.local/lib/python3.8/site-packages/airflow/example_dags/example_short_circuit_operator.py took 0.178 seconds
[2026-01-09T12:24:44.406+0000] {processor.py:161} INFO - Started process (PID=7946) to work on /home/airflow/.local/lib/python3.8/site-packages/airflow/example_dags/example_short_circuit_operator.py
[2026-01-09T12:24:44.412+0000] {processor.py:830} INFO - Processing file /home/airflow/.local/lib/python3.8/site-packages/airflow/example_dags/example_short_circuit_operator.py for tasks to queue
[2026-01-09T12:24:44.414+0000] {logging_mixin.py:188} INFO - [2026-01-09T12:24:44.413+0000] {dagbag.py:538} INFO - Filling up the DagBag from /home/airflow/.local/lib/python3.8/site-packages/airflow/example_dags/example_short_circuit_operator.py
[2026-01-09T12:24:44.439+0000] {processor.py:840} INFO - DAG(s) 'example_short_circuit_operator' retrieved from /home/airflow/.local/lib/python3.8/site-packages/airflow/example_dags/example_short_circuit_operator.py
[2026-01-09T12:24:44.493+0000] {logging_mixin.py:188} INFO - [2026-01-09T12:24:44.492+0000] {dag.py:3036} INFO - Sync 1 DAGs
[2026-01-09T12:24:44.539+0000] {logging_mixin.py:188} INFO - [2026-01-09T12:24:44.538+0000] {dag.py:3823} INFO - Setting next_dagrun for example_short_circuit_operator to 2026-01-08 00:00:00+00:00, run_after=2026-01-09 00:00:00+00:00
[2026-01-09T12:24:44.593+0000] {processor.py:183} INFO - Processing /home/airflow/.local/lib/python3.8/site-packages/airflow/example_dags/example_short_circuit_operator.py took 0.197 seconds
[2026-01-09T12:25:15.398+0000] {processor.py:161} INFO - Started process (PID=8193) to work on /home/airflow/.local/lib/python3.8/site-packages/airflow/example_dags/example_short_circuit_operator.py
[2026-01-09T12:25:15.401+0000] {processor.py:830} INFO - Processing file /home/airflow/.local/lib/python3.8/site-packages/airflow/example_dags/example_short_circuit_operator.py for tasks to queue
[2026-01-09T12:25:15.404+0000] {logging_mixin.py:188} INFO - [2026-01-09T12:25:15.403+0000] {dagbag.py:538} INFO - Filling up the DagBag from /home/airflow/.local/lib/python3.8/site-packages/airflow/example_dags/example_short_circuit_operator.py
[2026-01-09T12:25:15.425+0000] {processor.py:840} INFO - DAG(s) 'example_short_circuit_operator' retrieved from /home/airflow/.local/lib/python3.8/site-packages/airflow/example_dags/example_short_circuit_operator.py
[2026-01-09T12:25:15.470+0000] {logging_mixin.py:188} INFO - [2026-01-09T12:25:15.469+0000] {dag.py:3036} INFO - Sync 1 DAGs
[2026-01-09T12:25:15.508+0000] {logging_mixin.py:188} INFO - [2026-01-09T12:25:15.508+0000] {dag.py:3823} INFO - Setting next_dagrun for example_short_circuit_operator to 2026-01-08 00:00:00+00:00, run_after=2026-01-09 00:00:00+00:00
[2026-01-09T12:25:15.548+0000] {processor.py:183} INFO - Processing /home/airflow/.local/lib/python3.8/site-packages/airflow/example_dags/example_short_circuit_operator.py took 0.157 seconds
[2026-01-09T12:25:46.178+0000] {processor.py:161} INFO - Started process (PID=8441) to work on /home/airflow/.local/lib/python3.8/site-packages/airflow/example_dags/example_short_circuit_operator.py
[2026-01-09T12:25:46.180+0000] {processor.py:830} INFO - Processing file /home/airflow/.local/lib/python3.8/site-packages/airflow/example_dags/example_short_circuit_operator.py for tasks to queue
[2026-01-09T12:25:46.182+0000] {logging_mixin.py:188} INFO - [2026-01-09T12:25:46.181+0000] {dagbag.py:538} INFO - Filling up the DagBag from /home/airflow/.local/lib/python3.8/site-packages/airflow/example_dags/example_short_circuit_operator.py
[2026-01-09T12:25:46.200+0000] {processor.py:840} INFO - DAG(s) 'example_short_circuit_operator' retrieved from /home/airflow/.local/lib/python3.8/site-packages/airflow/example_dags/example_short_circuit_operator.py
[2026-01-09T12:25:46.243+0000] {logging_mixin.py:188} INFO - [2026-01-09T12:25:46.242+0000] {dag.py:3036} INFO - Sync 1 DAGs
[2026-01-09T12:25:46.280+0000] {logging_mixin.py:188} INFO - [2026-01-09T12:25:46.280+0000] {dag.py:3823} INFO - Setting next_dagrun for example_short_circuit_operator to 2026-01-08 00:00:00+00:00, run_after=2026-01-09 00:00:00+00:00
[2026-01-09T12:25:46.322+0000] {processor.py:183} INFO - Processing /home/airflow/.local/lib/python3.8/site-packages/airflow/example_dags/example_short_circuit_operator.py took 0.153 seconds
[2026-01-09T12:26:17.148+0000] {processor.py:161} INFO - Started process (PID=8688) to work on /home/airflow/.local/lib/python3.8/site-packages/airflow/example_dags/example_short_circuit_operator.py
[2026-01-09T12:26:17.151+0000] {processor.py:830} INFO - Processing file /home/airflow/.local/lib/python3.8/site-packages/airflow/example_dags/example_short_circuit_operator.py for tasks to queue
[2026-01-09T12:26:17.153+0000] {logging_mixin.py:188} INFO - [2026-01-09T12:26:17.152+0000] {dagbag.py:538} INFO - Filling up the DagBag from /home/airflow/.local/lib/python3.8/site-packages/airflow/example_dags/example_short_circuit_operator.py
[2026-01-09T12:26:17.172+0000] {processor.py:840} INFO - DAG(s) 'example_short_circuit_operator' retrieved from /home/airflow/.local/lib/python3.8/site-packages/airflow/example_dags/example_short_circuit_operator.py
[2026-01-09T12:26:17.212+0000] {logging_mixin.py:188} INFO - [2026-01-09T12:26:17.212+0000] {dag.py:3036} INFO - Sync 1 DAGs
[2026-01-09T12:26:17.246+0000] {logging_mixin.py:188} INFO - [2026-01-09T12:26:17.245+0000] {dag.py:3823} INFO - Setting next_dagrun for example_short_circuit_operator to 2026-01-08 00:00:00+00:00, run_after=2026-01-09 00:00:00+00:00
[2026-01-09T12:26:17.286+0000] {processor.py:183} INFO - Processing /home/airflow/.local/lib/python3.8/site-packages/airflow/example_dags/example_short_circuit_operator.py took 0.145 seconds
[2026-01-09T12:26:48.331+0000] {processor.py:161} INFO - Started process (PID=8935) to work on /home/airflow/.local/lib/python3.8/site-packages/airflow/example_dags/example_short_circuit_operator.py
[2026-01-09T12:26:48.353+0000] {processor.py:830} INFO - Processing file /home/airflow/.local/lib/python3.8/site-packages/airflow/example_dags/example_short_circuit_operator.py for tasks to queue
[2026-01-09T12:26:48.355+0000] {logging_mixin.py:188} INFO - [2026-01-09T12:26:48.354+0000] {dagbag.py:538} INFO - Filling up the DagBag from /home/airflow/.local/lib/python3.8/site-packages/airflow/example_dags/example_short_circuit_operator.py
[2026-01-09T12:26:48.373+0000] {processor.py:840} INFO - DAG(s) 'example_short_circuit_operator' retrieved from /home/airflow/.local/lib/python3.8/site-packages/airflow/example_dags/example_short_circuit_operator.py
[2026-01-09T12:26:48.423+0000] {logging_mixin.py:188} INFO - [2026-01-09T12:26:48.422+0000] {dag.py:3036} INFO - Sync 1 DAGs
[2026-01-09T12:26:48.460+0000] {logging_mixin.py:188} INFO - [2026-01-09T12:26:48.460+0000] {dag.py:3823} INFO - Setting next_dagrun for example_short_circuit_operator to 2026-01-08 00:00:00+00:00, run_after=2026-01-09 00:00:00+00:00
[2026-01-09T12:26:48.502+0000] {processor.py:183} INFO - Processing /home/airflow/.local/lib/python3.8/site-packages/airflow/example_dags/example_short_circuit_operator.py took 0.177 seconds
[2026-01-09T12:27:18.782+0000] {processor.py:161} INFO - Started process (PID=9182) to work on /home/airflow/.local/lib/python3.8/site-packages/airflow/example_dags/example_short_circuit_operator.py
[2026-01-09T12:27:18.787+0000] {processor.py:830} INFO - Processing file /home/airflow/.local/lib/python3.8/site-packages/airflow/example_dags/example_short_circuit_operator.py for tasks to queue
[2026-01-09T12:27:18.789+0000] {logging_mixin.py:188} INFO - [2026-01-09T12:27:18.788+0000] {dagbag.py:538} INFO - Filling up the DagBag from /home/airflow/.local/lib/python3.8/site-packages/airflow/example_dags/example_short_circuit_operator.py
[2026-01-09T12:27:18.803+0000] {processor.py:840} INFO - DAG(s) 'example_short_circuit_operator' retrieved from /home/airflow/.local/lib/python3.8/site-packages/airflow/example_dags/example_short_circuit_operator.py
[2026-01-09T12:27:18.846+0000] {logging_mixin.py:188} INFO - [2026-01-09T12:27:18.846+0000] {dag.py:3036} INFO - Sync 1 DAGs
[2026-01-09T12:27:18.887+0000] {logging_mixin.py:188} INFO - [2026-01-09T12:27:18.886+0000] {dag.py:3823} INFO - Setting next_dagrun for example_short_circuit_operator to 2026-01-08 00:00:00+00:00, run_after=2026-01-09 00:00:00+00:00
[2026-01-09T12:27:18.956+0000] {processor.py:183} INFO - Processing /home/airflow/.local/lib/python3.8/site-packages/airflow/example_dags/example_short_circuit_operator.py took 0.181 seconds
[2026-01-09T12:27:49.681+0000] {processor.py:161} INFO - Started process (PID=9423) to work on /home/airflow/.local/lib/python3.8/site-packages/airflow/example_dags/example_short_circuit_operator.py
[2026-01-09T12:27:49.683+0000] {processor.py:830} INFO - Processing file /home/airflow/.local/lib/python3.8/site-packages/airflow/example_dags/example_short_circuit_operator.py for tasks to queue
[2026-01-09T12:27:49.687+0000] {logging_mixin.py:188} INFO - [2026-01-09T12:27:49.685+0000] {dagbag.py:538} INFO - Filling up the DagBag from /home/airflow/.local/lib/python3.8/site-packages/airflow/example_dags/example_short_circuit_operator.py
[2026-01-09T12:27:49.706+0000] {processor.py:840} INFO - DAG(s) 'example_short_circuit_operator' retrieved from /home/airflow/.local/lib/python3.8/site-packages/airflow/example_dags/example_short_circuit_operator.py
[2026-01-09T12:27:49.750+0000] {logging_mixin.py:188} INFO - [2026-01-09T12:27:49.749+0000] {dag.py:3036} INFO - Sync 1 DAGs
[2026-01-09T12:27:49.788+0000] {logging_mixin.py:188} INFO - [2026-01-09T12:27:49.788+0000] {dag.py:3823} INFO - Setting next_dagrun for example_short_circuit_operator to 2026-01-08 00:00:00+00:00, run_after=2026-01-09 00:00:00+00:00
[2026-01-09T12:27:49.829+0000] {processor.py:183} INFO - Processing /home/airflow/.local/lib/python3.8/site-packages/airflow/example_dags/example_short_circuit_operator.py took 0.154 seconds
[2026-01-09T12:28:20.539+0000] {processor.py:161} INFO - Started process (PID=9670) to work on /home/airflow/.local/lib/python3.8/site-packages/airflow/example_dags/example_short_circuit_operator.py
[2026-01-09T12:28:20.543+0000] {processor.py:830} INFO - Processing file /home/airflow/.local/lib/python3.8/site-packages/airflow/example_dags/example_short_circuit_operator.py for tasks to queue
[2026-01-09T12:28:20.544+0000] {logging_mixin.py:188} INFO - [2026-01-09T12:28:20.544+0000] {dagbag.py:538} INFO - Filling up the DagBag from /home/airflow/.local/lib/python3.8/site-packages/airflow/example_dags/example_short_circuit_operator.py
[2026-01-09T12:28:20.558+0000] {processor.py:840} INFO - DAG(s) 'example_short_circuit_operator' retrieved from /home/airflow/.local/lib/python3.8/site-packages/airflow/example_dags/example_short_circuit_operator.py
[2026-01-09T12:28:20.600+0000] {logging_mixin.py:188} INFO - [2026-01-09T12:28:20.599+0000] {dag.py:3036} INFO - Sync 1 DAGs
[2026-01-09T12:28:20.638+0000] {logging_mixin.py:188} INFO - [2026-01-09T12:28:20.638+0000] {dag.py:3823} INFO - Setting next_dagrun for example_short_circuit_operator to 2026-01-08 00:00:00+00:00, run_after=2026-01-09 00:00:00+00:00
[2026-01-09T12:28:20.681+0000] {processor.py:183} INFO - Processing /home/airflow/.local/lib/python3.8/site-packages/airflow/example_dags/example_short_circuit_operator.py took 0.150 seconds
[2026-01-09T12:28:51.152+0000] {processor.py:161} INFO - Started process (PID=9917) to work on /home/airflow/.local/lib/python3.8/site-packages/airflow/example_dags/example_short_circuit_operator.py
[2026-01-09T12:28:51.156+0000] {processor.py:830} INFO - Processing file /home/airflow/.local/lib/python3.8/site-packages/airflow/example_dags/example_short_circuit_operator.py for tasks to queue
[2026-01-09T12:28:51.158+0000] {logging_mixin.py:188} INFO - [2026-01-09T12:28:51.158+0000] {dagbag.py:538} INFO - Filling up the DagBag from /home/airflow/.local/lib/python3.8/site-packages/airflow/example_dags/example_short_circuit_operator.py
[2026-01-09T12:28:51.193+0000] {processor.py:840} INFO - DAG(s) 'example_short_circuit_operator' retrieved from /home/airflow/.local/lib/python3.8/site-packages/airflow/example_dags/example_short_circuit_operator.py
[2026-01-09T12:28:51.269+0000] {logging_mixin.py:188} INFO - [2026-01-09T12:28:51.269+0000] {dag.py:3036} INFO - Sync 1 DAGs
[2026-01-09T12:28:51.335+0000] {logging_mixin.py:188} INFO - [2026-01-09T12:28:51.335+0000] {dag.py:3823} INFO - Setting next_dagrun for example_short_circuit_operator to 2026-01-08 00:00:00+00:00, run_after=2026-01-09 00:00:00+00:00
[2026-01-09T12:28:51.398+0000] {processor.py:183} INFO - Processing /home/airflow/.local/lib/python3.8/site-packages/airflow/example_dags/example_short_circuit_operator.py took 0.261 seconds
[2026-01-09T12:29:21.708+0000] {processor.py:161} INFO - Started process (PID=10164) to work on /home/airflow/.local/lib/python3.8/site-packages/airflow/example_dags/example_short_circuit_operator.py
[2026-01-09T12:29:21.710+0000] {processor.py:830} INFO - Processing file /home/airflow/.local/lib/python3.8/site-packages/airflow/example_dags/example_short_circuit_operator.py for tasks to queue
[2026-01-09T12:29:21.712+0000] {logging_mixin.py:188} INFO - [2026-01-09T12:29:21.711+0000] {dagbag.py:538} INFO - Filling up the DagBag from /home/airflow/.local/lib/python3.8/site-packages/airflow/example_dags/example_short_circuit_operator.py
[2026-01-09T12:29:21.725+0000] {processor.py:840} INFO - DAG(s) 'example_short_circuit_operator' retrieved from /home/airflow/.local/lib/python3.8/site-packages/airflow/example_dags/example_short_circuit_operator.py
[2026-01-09T12:29:21.773+0000] {logging_mixin.py:188} INFO - [2026-01-09T12:29:21.773+0000] {dag.py:3036} INFO - Sync 1 DAGs
[2026-01-09T12:29:21.815+0000] {logging_mixin.py:188} INFO - [2026-01-09T12:29:21.814+0000] {dag.py:3823} INFO - Setting next_dagrun for example_short_circuit_operator to 2026-01-08 00:00:00+00:00, run_after=2026-01-09 00:00:00+00:00
[2026-01-09T12:29:21.854+0000] {processor.py:183} INFO - Processing /home/airflow/.local/lib/python3.8/site-packages/airflow/example_dags/example_short_circuit_operator.py took 0.152 seconds
[2026-01-09T12:29:52.589+0000] {processor.py:161} INFO - Started process (PID=10411) to work on /home/airflow/.local/lib/python3.8/site-packages/airflow/example_dags/example_short_circuit_operator.py
[2026-01-09T12:29:52.593+0000] {processor.py:830} INFO - Processing file /home/airflow/.local/lib/python3.8/site-packages/airflow/example_dags/example_short_circuit_operator.py for tasks to queue
[2026-01-09T12:29:52.596+0000] {logging_mixin.py:188} INFO - [2026-01-09T12:29:52.595+0000] {dagbag.py:538} INFO - Filling up the DagBag from /home/airflow/.local/lib/python3.8/site-packages/airflow/example_dags/example_short_circuit_operator.py
[2026-01-09T12:29:52.620+0000] {processor.py:840} INFO - DAG(s) 'example_short_circuit_operator' retrieved from /home/airflow/.local/lib/python3.8/site-packages/airflow/example_dags/example_short_circuit_operator.py
[2026-01-09T12:29:52.675+0000] {logging_mixin.py:188} INFO - [2026-01-09T12:29:52.674+0000] {dag.py:3036} INFO - Sync 1 DAGs
[2026-01-09T12:29:52.720+0000] {logging_mixin.py:188} INFO - [2026-01-09T12:29:52.720+0000] {dag.py:3823} INFO - Setting next_dagrun for example_short_circuit_operator to 2026-01-08 00:00:00+00:00, run_after=2026-01-09 00:00:00+00:00
[2026-01-09T12:29:52.781+0000] {processor.py:183} INFO - Processing /home/airflow/.local/lib/python3.8/site-packages/airflow/example_dags/example_short_circuit_operator.py took 0.199 seconds
[2026-01-09T12:30:23.576+0000] {processor.py:161} INFO - Started process (PID=10665) to work on /home/airflow/.local/lib/python3.8/site-packages/airflow/example_dags/example_short_circuit_operator.py
[2026-01-09T12:30:23.579+0000] {processor.py:830} INFO - Processing file /home/airflow/.local/lib/python3.8/site-packages/airflow/example_dags/example_short_circuit_operator.py for tasks to queue
[2026-01-09T12:30:23.581+0000] {logging_mixin.py:188} INFO - [2026-01-09T12:30:23.580+0000] {dagbag.py:538} INFO - Filling up the DagBag from /home/airflow/.local/lib/python3.8/site-packages/airflow/example_dags/example_short_circuit_operator.py
[2026-01-09T12:30:23.595+0000] {processor.py:840} INFO - DAG(s) 'example_short_circuit_operator' retrieved from /home/airflow/.local/lib/python3.8/site-packages/airflow/example_dags/example_short_circuit_operator.py
[2026-01-09T12:30:23.639+0000] {logging_mixin.py:188} INFO - [2026-01-09T12:30:23.638+0000] {dag.py:3036} INFO - Sync 1 DAGs
[2026-01-09T12:30:23.676+0000] {logging_mixin.py:188} INFO - [2026-01-09T12:30:23.676+0000] {dag.py:3823} INFO - Setting next_dagrun for example_short_circuit_operator to 2026-01-08 00:00:00+00:00, run_after=2026-01-09 00:00:00+00:00
[2026-01-09T12:30:23.724+0000] {processor.py:183} INFO - Processing /home/airflow/.local/lib/python3.8/site-packages/airflow/example_dags/example_short_circuit_operator.py took 0.154 seconds
[2026-01-09T12:30:54.476+0000] {processor.py:161} INFO - Started process (PID=10912) to work on /home/airflow/.local/lib/python3.8/site-packages/airflow/example_dags/example_short_circuit_operator.py
[2026-01-09T12:30:54.478+0000] {processor.py:830} INFO - Processing file /home/airflow/.local/lib/python3.8/site-packages/airflow/example_dags/example_short_circuit_operator.py for tasks to queue
[2026-01-09T12:30:54.480+0000] {logging_mixin.py:188} INFO - [2026-01-09T12:30:54.480+0000] {dagbag.py:538} INFO - Filling up the DagBag from /home/airflow/.local/lib/python3.8/site-packages/airflow/example_dags/example_short_circuit_operator.py
[2026-01-09T12:30:54.496+0000] {processor.py:840} INFO - DAG(s) 'example_short_circuit_operator' retrieved from /home/airflow/.local/lib/python3.8/site-packages/airflow/example_dags/example_short_circuit_operator.py
[2026-01-09T12:30:54.535+0000] {logging_mixin.py:188} INFO - [2026-01-09T12:30:54.535+0000] {dag.py:3036} INFO - Sync 1 DAGs
[2026-01-09T12:30:54.572+0000] {logging_mixin.py:188} INFO - [2026-01-09T12:30:54.571+0000] {dag.py:3823} INFO - Setting next_dagrun for example_short_circuit_operator to 2026-01-08 00:00:00+00:00, run_after=2026-01-09 00:00:00+00:00
[2026-01-09T12:30:54.617+0000] {processor.py:183} INFO - Processing /home/airflow/.local/lib/python3.8/site-packages/airflow/example_dags/example_short_circuit_operator.py took 0.148 seconds
[2026-01-09T12:31:25.411+0000] {processor.py:161} INFO - Started process (PID=11158) to work on /home/airflow/.local/lib/python3.8/site-packages/airflow/example_dags/example_short_circuit_operator.py
[2026-01-09T12:31:25.414+0000] {processor.py:830} INFO - Processing file /home/airflow/.local/lib/python3.8/site-packages/airflow/example_dags/example_short_circuit_operator.py for tasks to queue
[2026-01-09T12:31:25.416+0000] {logging_mixin.py:188} INFO - [2026-01-09T12:31:25.415+0000] {dagbag.py:538} INFO - Filling up the DagBag from /home/airflow/.local/lib/python3.8/site-packages/airflow/example_dags/example_short_circuit_operator.py
[2026-01-09T12:31:25.442+0000] {processor.py:840} INFO - DAG(s) 'example_short_circuit_operator' retrieved from /home/airflow/.local/lib/python3.8/site-packages/airflow/example_dags/example_short_circuit_operator.py
[2026-01-09T12:31:25.510+0000] {logging_mixin.py:188} INFO - [2026-01-09T12:31:25.509+0000] {dag.py:3036} INFO - Sync 1 DAGs
[2026-01-09T12:31:25.559+0000] {logging_mixin.py:188} INFO - [2026-01-09T12:31:25.559+0000] {dag.py:3823} INFO - Setting next_dagrun for example_short_circuit_operator to 2026-01-08 00:00:00+00:00, run_after=2026-01-09 00:00:00+00:00
[2026-01-09T12:31:25.613+0000] {processor.py:183} INFO - Processing /home/airflow/.local/lib/python3.8/site-packages/airflow/example_dags/example_short_circuit_operator.py took 0.215 seconds
[2026-01-09T12:31:56.071+0000] {processor.py:161} INFO - Started process (PID=11405) to work on /home/airflow/.local/lib/python3.8/site-packages/airflow/example_dags/example_short_circuit_operator.py
[2026-01-09T12:31:56.073+0000] {processor.py:830} INFO - Processing file /home/airflow/.local/lib/python3.8/site-packages/airflow/example_dags/example_short_circuit_operator.py for tasks to queue
[2026-01-09T12:31:56.074+0000] {logging_mixin.py:188} INFO - [2026-01-09T12:31:56.074+0000] {dagbag.py:538} INFO - Filling up the DagBag from /home/airflow/.local/lib/python3.8/site-packages/airflow/example_dags/example_short_circuit_operator.py
[2026-01-09T12:31:56.087+0000] {processor.py:840} INFO - DAG(s) 'example_short_circuit_operator' retrieved from /home/airflow/.local/lib/python3.8/site-packages/airflow/example_dags/example_short_circuit_operator.py
[2026-01-09T12:31:56.132+0000] {logging_mixin.py:188} INFO - [2026-01-09T12:31:56.131+0000] {dag.py:3036} INFO - Sync 1 DAGs
[2026-01-09T12:31:56.173+0000] {logging_mixin.py:188} INFO - [2026-01-09T12:31:56.173+0000] {dag.py:3823} INFO - Setting next_dagrun for example_short_circuit_operator to 2026-01-08 00:00:00+00:00, run_after=2026-01-09 00:00:00+00:00
[2026-01-09T12:31:56.215+0000] {processor.py:183} INFO - Processing /home/airflow/.local/lib/python3.8/site-packages/airflow/example_dags/example_short_circuit_operator.py took 0.149 seconds
[2026-01-09T12:32:27.097+0000] {processor.py:161} INFO - Started process (PID=11652) to work on /home/airflow/.local/lib/python3.8/site-packages/airflow/example_dags/example_short_circuit_operator.py
[2026-01-09T12:32:27.099+0000] {processor.py:830} INFO - Processing file /home/airflow/.local/lib/python3.8/site-packages/airflow/example_dags/example_short_circuit_operator.py for tasks to queue
[2026-01-09T12:32:27.100+0000] {logging_mixin.py:188} INFO - [2026-01-09T12:32:27.100+0000] {dagbag.py:538} INFO - Filling up the DagBag from /home/airflow/.local/lib/python3.8/site-packages/airflow/example_dags/example_short_circuit_operator.py
[2026-01-09T12:32:27.117+0000] {processor.py:840} INFO - DAG(s) 'example_short_circuit_operator' retrieved from /home/airflow/.local/lib/python3.8/site-packages/airflow/example_dags/example_short_circuit_operator.py
[2026-01-09T12:32:27.171+0000] {logging_mixin.py:188} INFO - [2026-01-09T12:32:27.170+0000] {dag.py:3036} INFO - Sync 1 DAGs
[2026-01-09T12:32:27.213+0000] {logging_mixin.py:188} INFO - [2026-01-09T12:32:27.212+0000] {dag.py:3823} INFO - Setting next_dagrun for example_short_circuit_operator to 2026-01-08 00:00:00+00:00, run_after=2026-01-09 00:00:00+00:00
[2026-01-09T12:32:27.259+0000] {processor.py:183} INFO - Processing /home/airflow/.local/lib/python3.8/site-packages/airflow/example_dags/example_short_circuit_operator.py took 0.170 seconds
[2026-01-09T12:32:57.638+0000] {processor.py:161} INFO - Started process (PID=11899) to work on /home/airflow/.local/lib/python3.8/site-packages/airflow/example_dags/example_short_circuit_operator.py
[2026-01-09T12:32:57.639+0000] {processor.py:830} INFO - Processing file /home/airflow/.local/lib/python3.8/site-packages/airflow/example_dags/example_short_circuit_operator.py for tasks to queue
[2026-01-09T12:32:57.641+0000] {logging_mixin.py:188} INFO - [2026-01-09T12:32:57.640+0000] {dagbag.py:538} INFO - Filling up the DagBag from /home/airflow/.local/lib/python3.8/site-packages/airflow/example_dags/example_short_circuit_operator.py
[2026-01-09T12:32:57.657+0000] {processor.py:840} INFO - DAG(s) 'example_short_circuit_operator' retrieved from /home/airflow/.local/lib/python3.8/site-packages/airflow/example_dags/example_short_circuit_operator.py
[2026-01-09T12:32:57.704+0000] {logging_mixin.py:188} INFO - [2026-01-09T12:32:57.704+0000] {dag.py:3036} INFO - Sync 1 DAGs
[2026-01-09T12:32:57.743+0000] {logging_mixin.py:188} INFO - [2026-01-09T12:32:57.742+0000] {dag.py:3823} INFO - Setting next_dagrun for example_short_circuit_operator to 2026-01-08 00:00:00+00:00, run_after=2026-01-09 00:00:00+00:00
[2026-01-09T12:32:57.788+0000] {processor.py:183} INFO - Processing /home/airflow/.local/lib/python3.8/site-packages/airflow/example_dags/example_short_circuit_operator.py took 0.157 seconds
[2026-01-09T12:33:28.196+0000] {processor.py:161} INFO - Started process (PID=12146) to work on /home/airflow/.local/lib/python3.8/site-packages/airflow/example_dags/example_short_circuit_operator.py
[2026-01-09T12:33:28.199+0000] {processor.py:830} INFO - Processing file /home/airflow/.local/lib/python3.8/site-packages/airflow/example_dags/example_short_circuit_operator.py for tasks to queue
[2026-01-09T12:33:28.201+0000] {logging_mixin.py:188} INFO - [2026-01-09T12:33:28.201+0000] {dagbag.py:538} INFO - Filling up the DagBag from /home/airflow/.local/lib/python3.8/site-packages/airflow/example_dags/example_short_circuit_operator.py
[2026-01-09T12:33:28.218+0000] {processor.py:840} INFO - DAG(s) 'example_short_circuit_operator' retrieved from /home/airflow/.local/lib/python3.8/site-packages/airflow/example_dags/example_short_circuit_operator.py
[2026-01-09T12:33:28.264+0000] {logging_mixin.py:188} INFO - [2026-01-09T12:33:28.264+0000] {dag.py:3036} INFO - Sync 1 DAGs
[2026-01-09T12:33:28.303+0000] {logging_mixin.py:188} INFO - [2026-01-09T12:33:28.302+0000] {dag.py:3823} INFO - Setting next_dagrun for example_short_circuit_operator to 2026-01-08 00:00:00+00:00, run_after=2026-01-09 00:00:00+00:00
[2026-01-09T12:33:28.347+0000] {processor.py:183} INFO - Processing /home/airflow/.local/lib/python3.8/site-packages/airflow/example_dags/example_short_circuit_operator.py took 0.158 seconds
[2026-01-09T12:33:59.106+0000] {processor.py:161} INFO - Started process (PID=12393) to work on /home/airflow/.local/lib/python3.8/site-packages/airflow/example_dags/example_short_circuit_operator.py
[2026-01-09T12:33:59.108+0000] {processor.py:830} INFO - Processing file /home/airflow/.local/lib/python3.8/site-packages/airflow/example_dags/example_short_circuit_operator.py for tasks to queue
[2026-01-09T12:33:59.109+0000] {logging_mixin.py:188} INFO - [2026-01-09T12:33:59.109+0000] {dagbag.py:538} INFO - Filling up the DagBag from /home/airflow/.local/lib/python3.8/site-packages/airflow/example_dags/example_short_circuit_operator.py
[2026-01-09T12:33:59.128+0000] {processor.py:840} INFO - DAG(s) 'example_short_circuit_operator' retrieved from /home/airflow/.local/lib/python3.8/site-packages/airflow/example_dags/example_short_circuit_operator.py
[2026-01-09T12:33:59.175+0000] {logging_mixin.py:188} INFO - [2026-01-09T12:33:59.174+0000] {dag.py:3036} INFO - Sync 1 DAGs
[2026-01-09T12:33:59.215+0000] {logging_mixin.py:188} INFO - [2026-01-09T12:33:59.215+0000] {dag.py:3823} INFO - Setting next_dagrun for example_short_circuit_operator to 2026-01-08 00:00:00+00:00, run_after=2026-01-09 00:00:00+00:00
[2026-01-09T12:33:59.261+0000] {processor.py:183} INFO - Processing /home/airflow/.local/lib/python3.8/site-packages/airflow/example_dags/example_short_circuit_operator.py took 0.160 seconds
[2026-01-09T12:34:29.617+0000] {processor.py:161} INFO - Started process (PID=12640) to work on /home/airflow/.local/lib/python3.8/site-packages/airflow/example_dags/example_short_circuit_operator.py
[2026-01-09T12:34:29.619+0000] {processor.py:830} INFO - Processing file /home/airflow/.local/lib/python3.8/site-packages/airflow/example_dags/example_short_circuit_operator.py for tasks to queue
[2026-01-09T12:34:29.621+0000] {logging_mixin.py:188} INFO - [2026-01-09T12:34:29.621+0000] {dagbag.py:538} INFO - Filling up the DagBag from /home/airflow/.local/lib/python3.8/site-packages/airflow/example_dags/example_short_circuit_operator.py
[2026-01-09T12:34:29.638+0000] {processor.py:840} INFO - DAG(s) 'example_short_circuit_operator' retrieved from /home/airflow/.local/lib/python3.8/site-packages/airflow/example_dags/example_short_circuit_operator.py
[2026-01-09T12:34:29.695+0000] {logging_mixin.py:188} INFO - [2026-01-09T12:34:29.694+0000] {dag.py:3036} INFO - Sync 1 DAGs
[2026-01-09T12:34:29.751+0000] {logging_mixin.py:188} INFO - [2026-01-09T12:34:29.750+0000] {dag.py:3823} INFO - Setting next_dagrun for example_short_circuit_operator to 2026-01-08 00:00:00+00:00, run_after=2026-01-09 00:00:00+00:00
[2026-01-09T12:34:29.806+0000] {processor.py:183} INFO - Processing /home/airflow/.local/lib/python3.8/site-packages/airflow/example_dags/example_short_circuit_operator.py took 0.198 seconds
[2026-01-09T12:35:00.191+0000] {processor.py:161} INFO - Started process (PID=12887) to work on /home/airflow/.local/lib/python3.8/site-packages/airflow/example_dags/example_short_circuit_operator.py
[2026-01-09T12:35:00.192+0000] {processor.py:830} INFO - Processing file /home/airflow/.local/lib/python3.8/site-packages/airflow/example_dags/example_short_circuit_operator.py for tasks to queue
[2026-01-09T12:35:00.194+0000] {logging_mixin.py:188} INFO - [2026-01-09T12:35:00.193+0000] {dagbag.py:538} INFO - Filling up the DagBag from /home/airflow/.local/lib/python3.8/site-packages/airflow/example_dags/example_short_circuit_operator.py
[2026-01-09T12:35:00.209+0000] {processor.py:840} INFO - DAG(s) 'example_short_circuit_operator' retrieved from /home/airflow/.local/lib/python3.8/site-packages/airflow/example_dags/example_short_circuit_operator.py
[2026-01-09T12:35:00.255+0000] {logging_mixin.py:188} INFO - [2026-01-09T12:35:00.255+0000] {dag.py:3036} INFO - Sync 1 DAGs
[2026-01-09T12:35:00.293+0000] {logging_mixin.py:188} INFO - [2026-01-09T12:35:00.292+0000] {dag.py:3823} INFO - Setting next_dagrun for example_short_circuit_operator to 2026-01-08 00:00:00+00:00, run_after=2026-01-09 00:00:00+00:00
[2026-01-09T12:35:00.336+0000] {processor.py:183} INFO - Processing /home/airflow/.local/lib/python3.8/site-packages/airflow/example_dags/example_short_circuit_operator.py took 0.152 seconds
[2026-01-09T12:35:30.719+0000] {processor.py:161} INFO - Started process (PID=13134) to work on /home/airflow/.local/lib/python3.8/site-packages/airflow/example_dags/example_short_circuit_operator.py
[2026-01-09T12:35:30.723+0000] {processor.py:830} INFO - Processing file /home/airflow/.local/lib/python3.8/site-packages/airflow/example_dags/example_short_circuit_operator.py for tasks to queue
[2026-01-09T12:35:30.726+0000] {logging_mixin.py:188} INFO - [2026-01-09T12:35:30.725+0000] {dagbag.py:538} INFO - Filling up the DagBag from /home/airflow/.local/lib/python3.8/site-packages/airflow/example_dags/example_short_circuit_operator.py
[2026-01-09T12:35:30.754+0000] {processor.py:840} INFO - DAG(s) 'example_short_circuit_operator' retrieved from /home/airflow/.local/lib/python3.8/site-packages/airflow/example_dags/example_short_circuit_operator.py
[2026-01-09T12:35:30.810+0000] {logging_mixin.py:188} INFO - [2026-01-09T12:35:30.809+0000] {dag.py:3036} INFO - Sync 1 DAGs
[2026-01-09T12:35:30.859+0000] {logging_mixin.py:188} INFO - [2026-01-09T12:35:30.858+0000] {dag.py:3823} INFO - Setting next_dagrun for example_short_circuit_operator to 2026-01-08 00:00:00+00:00, run_after=2026-01-09 00:00:00+00:00
[2026-01-09T12:35:30.901+0000] {processor.py:183} INFO - Processing /home/airflow/.local/lib/python3.8/site-packages/airflow/example_dags/example_short_circuit_operator.py took 0.190 seconds
[2026-01-09T12:36:01.664+0000] {processor.py:161} INFO - Started process (PID=13381) to work on /home/airflow/.local/lib/python3.8/site-packages/airflow/example_dags/example_short_circuit_operator.py
[2026-01-09T12:36:01.668+0000] {processor.py:830} INFO - Processing file /home/airflow/.local/lib/python3.8/site-packages/airflow/example_dags/example_short_circuit_operator.py for tasks to queue
[2026-01-09T12:36:01.670+0000] {logging_mixin.py:188} INFO - [2026-01-09T12:36:01.670+0000] {dagbag.py:538} INFO - Filling up the DagBag from /home/airflow/.local/lib/python3.8/site-packages/airflow/example_dags/example_short_circuit_operator.py
[2026-01-09T12:36:01.688+0000] {processor.py:840} INFO - DAG(s) 'example_short_circuit_operator' retrieved from /home/airflow/.local/lib/python3.8/site-packages/airflow/example_dags/example_short_circuit_operator.py
[2026-01-09T12:36:01.736+0000] {logging_mixin.py:188} INFO - [2026-01-09T12:36:01.735+0000] {dag.py:3036} INFO - Sync 1 DAGs
[2026-01-09T12:36:01.783+0000] {logging_mixin.py:188} INFO - [2026-01-09T12:36:01.782+0000] {dag.py:3823} INFO - Setting next_dagrun for example_short_circuit_operator to 2026-01-08 00:00:00+00:00, run_after=2026-01-09 00:00:00+00:00
[2026-01-09T12:36:01.883+0000] {processor.py:183} INFO - Processing /home/airflow/.local/lib/python3.8/site-packages/airflow/example_dags/example_short_circuit_operator.py took 0.228 seconds
[2026-01-09T12:36:32.208+0000] {processor.py:161} INFO - Started process (PID=13628) to work on /home/airflow/.local/lib/python3.8/site-packages/airflow/example_dags/example_short_circuit_operator.py
[2026-01-09T12:36:32.211+0000] {processor.py:830} INFO - Processing file /home/airflow/.local/lib/python3.8/site-packages/airflow/example_dags/example_short_circuit_operator.py for tasks to queue
[2026-01-09T12:36:32.213+0000] {logging_mixin.py:188} INFO - [2026-01-09T12:36:32.213+0000] {dagbag.py:538} INFO - Filling up the DagBag from /home/airflow/.local/lib/python3.8/site-packages/airflow/example_dags/example_short_circuit_operator.py
[2026-01-09T12:36:32.229+0000] {processor.py:840} INFO - DAG(s) 'example_short_circuit_operator' retrieved from /home/airflow/.local/lib/python3.8/site-packages/airflow/example_dags/example_short_circuit_operator.py
[2026-01-09T12:36:32.277+0000] {logging_mixin.py:188} INFO - [2026-01-09T12:36:32.277+0000] {dag.py:3036} INFO - Sync 1 DAGs
[2026-01-09T12:36:32.321+0000] {logging_mixin.py:188} INFO - [2026-01-09T12:36:32.320+0000] {dag.py:3823} INFO - Setting next_dagrun for example_short_circuit_operator to 2026-01-08 00:00:00+00:00, run_after=2026-01-09 00:00:00+00:00
[2026-01-09T12:36:32.382+0000] {processor.py:183} INFO - Processing /home/airflow/.local/lib/python3.8/site-packages/airflow/example_dags/example_short_circuit_operator.py took 0.182 seconds
[2026-01-09T12:37:02.644+0000] {processor.py:161} INFO - Started process (PID=13877) to work on /home/airflow/.local/lib/python3.8/site-packages/airflow/example_dags/example_short_circuit_operator.py
[2026-01-09T12:37:02.645+0000] {processor.py:830} INFO - Processing file /home/airflow/.local/lib/python3.8/site-packages/airflow/example_dags/example_short_circuit_operator.py for tasks to queue
[2026-01-09T12:37:02.647+0000] {logging_mixin.py:188} INFO - [2026-01-09T12:37:02.646+0000] {dagbag.py:538} INFO - Filling up the DagBag from /home/airflow/.local/lib/python3.8/site-packages/airflow/example_dags/example_short_circuit_operator.py
[2026-01-09T12:37:02.661+0000] {processor.py:840} INFO - DAG(s) 'example_short_circuit_operator' retrieved from /home/airflow/.local/lib/python3.8/site-packages/airflow/example_dags/example_short_circuit_operator.py
[2026-01-09T12:37:02.711+0000] {logging_mixin.py:188} INFO - [2026-01-09T12:37:02.710+0000] {dag.py:3036} INFO - Sync 1 DAGs
[2026-01-09T12:37:02.760+0000] {logging_mixin.py:188} INFO - [2026-01-09T12:37:02.760+0000] {dag.py:3823} INFO - Setting next_dagrun for example_short_circuit_operator to 2026-01-08 00:00:00+00:00, run_after=2026-01-09 00:00:00+00:00
[2026-01-09T12:37:02.805+0000] {processor.py:183} INFO - Processing /home/airflow/.local/lib/python3.8/site-packages/airflow/example_dags/example_short_circuit_operator.py took 0.169 seconds
[2026-01-09T12:37:32.922+0000] {processor.py:161} INFO - Started process (PID=14122) to work on /home/airflow/.local/lib/python3.8/site-packages/airflow/example_dags/example_short_circuit_operator.py
[2026-01-09T12:37:32.925+0000] {processor.py:830} INFO - Processing file /home/airflow/.local/lib/python3.8/site-packages/airflow/example_dags/example_short_circuit_operator.py for tasks to queue
[2026-01-09T12:37:32.927+0000] {logging_mixin.py:188} INFO - [2026-01-09T12:37:32.926+0000] {dagbag.py:538} INFO - Filling up the DagBag from /home/airflow/.local/lib/python3.8/site-packages/airflow/example_dags/example_short_circuit_operator.py
[2026-01-09T12:37:32.943+0000] {processor.py:840} INFO - DAG(s) 'example_short_circuit_operator' retrieved from /home/airflow/.local/lib/python3.8/site-packages/airflow/example_dags/example_short_circuit_operator.py
[2026-01-09T12:37:32.980+0000] {logging_mixin.py:188} INFO - [2026-01-09T12:37:32.979+0000] {dag.py:3036} INFO - Sync 1 DAGs
[2026-01-09T12:37:33.015+0000] {logging_mixin.py:188} INFO - [2026-01-09T12:37:33.014+0000] {dag.py:3823} INFO - Setting next_dagrun for example_short_circuit_operator to 2026-01-08 00:00:00+00:00, run_after=2026-01-09 00:00:00+00:00
[2026-01-09T12:37:33.061+0000] {processor.py:183} INFO - Processing /home/airflow/.local/lib/python3.8/site-packages/airflow/example_dags/example_short_circuit_operator.py took 0.146 seconds
[2026-01-09T12:38:03.627+0000] {processor.py:161} INFO - Started process (PID=14369) to work on /home/airflow/.local/lib/python3.8/site-packages/airflow/example_dags/example_short_circuit_operator.py
[2026-01-09T12:38:03.628+0000] {processor.py:830} INFO - Processing file /home/airflow/.local/lib/python3.8/site-packages/airflow/example_dags/example_short_circuit_operator.py for tasks to queue
[2026-01-09T12:38:03.629+0000] {logging_mixin.py:188} INFO - [2026-01-09T12:38:03.629+0000] {dagbag.py:538} INFO - Filling up the DagBag from /home/airflow/.local/lib/python3.8/site-packages/airflow/example_dags/example_short_circuit_operator.py
[2026-01-09T12:38:03.643+0000] {processor.py:840} INFO - DAG(s) 'example_short_circuit_operator' retrieved from /home/airflow/.local/lib/python3.8/site-packages/airflow/example_dags/example_short_circuit_operator.py
[2026-01-09T12:38:03.689+0000] {logging_mixin.py:188} INFO - [2026-01-09T12:38:03.688+0000] {dag.py:3036} INFO - Sync 1 DAGs
[2026-01-09T12:38:03.737+0000] {logging_mixin.py:188} INFO - [2026-01-09T12:38:03.737+0000] {dag.py:3823} INFO - Setting next_dagrun for example_short_circuit_operator to 2026-01-08 00:00:00+00:00, run_after=2026-01-09 00:00:00+00:00
[2026-01-09T12:38:03.784+0000] {processor.py:183} INFO - Processing /home/airflow/.local/lib/python3.8/site-packages/airflow/example_dags/example_short_circuit_operator.py took 0.162 seconds
[2026-01-09T12:38:33.989+0000] {processor.py:161} INFO - Started process (PID=14616) to work on /home/airflow/.local/lib/python3.8/site-packages/airflow/example_dags/example_short_circuit_operator.py
[2026-01-09T12:38:33.992+0000] {processor.py:830} INFO - Processing file /home/airflow/.local/lib/python3.8/site-packages/airflow/example_dags/example_short_circuit_operator.py for tasks to queue
[2026-01-09T12:38:33.993+0000] {logging_mixin.py:188} INFO - [2026-01-09T12:38:33.993+0000] {dagbag.py:538} INFO - Filling up the DagBag from /home/airflow/.local/lib/python3.8/site-packages/airflow/example_dags/example_short_circuit_operator.py
[2026-01-09T12:38:34.009+0000] {processor.py:840} INFO - DAG(s) 'example_short_circuit_operator' retrieved from /home/airflow/.local/lib/python3.8/site-packages/airflow/example_dags/example_short_circuit_operator.py
[2026-01-09T12:38:34.056+0000] {logging_mixin.py:188} INFO - [2026-01-09T12:38:34.056+0000] {dag.py:3036} INFO - Sync 1 DAGs
[2026-01-09T12:38:34.095+0000] {logging_mixin.py:188} INFO - [2026-01-09T12:38:34.094+0000] {dag.py:3823} INFO - Setting next_dagrun for example_short_circuit_operator to 2026-01-08 00:00:00+00:00, run_after=2026-01-09 00:00:00+00:00
[2026-01-09T12:38:34.134+0000] {processor.py:183} INFO - Processing /home/airflow/.local/lib/python3.8/site-packages/airflow/example_dags/example_short_circuit_operator.py took 0.152 seconds
[2026-01-09T12:39:04.717+0000] {processor.py:161} INFO - Started process (PID=14863) to work on /home/airflow/.local/lib/python3.8/site-packages/airflow/example_dags/example_short_circuit_operator.py
[2026-01-09T12:39:04.741+0000] {processor.py:830} INFO - Processing file /home/airflow/.local/lib/python3.8/site-packages/airflow/example_dags/example_short_circuit_operator.py for tasks to queue
[2026-01-09T12:39:04.744+0000] {logging_mixin.py:188} INFO - [2026-01-09T12:39:04.743+0000] {dagbag.py:538} INFO - Filling up the DagBag from /home/airflow/.local/lib/python3.8/site-packages/airflow/example_dags/example_short_circuit_operator.py
[2026-01-09T12:39:04.781+0000] {processor.py:840} INFO - DAG(s) 'example_short_circuit_operator' retrieved from /home/airflow/.local/lib/python3.8/site-packages/airflow/example_dags/example_short_circuit_operator.py
[2026-01-09T12:39:04.834+0000] {logging_mixin.py:188} INFO - [2026-01-09T12:39:04.833+0000] {dag.py:3036} INFO - Sync 1 DAGs
[2026-01-09T12:39:05.049+0000] {logging_mixin.py:188} INFO - [2026-01-09T12:39:05.049+0000] {dag.py:3823} INFO - Setting next_dagrun for example_short_circuit_operator to 2026-01-08 00:00:00+00:00, run_after=2026-01-09 00:00:00+00:00
[2026-01-09T12:39:05.088+0000] {processor.py:183} INFO - Processing /home/airflow/.local/lib/python3.8/site-packages/airflow/example_dags/example_short_circuit_operator.py took 0.386 seconds
[2026-01-09T12:39:35.572+0000] {processor.py:161} INFO - Started process (PID=15110) to work on /home/airflow/.local/lib/python3.8/site-packages/airflow/example_dags/example_short_circuit_operator.py
[2026-01-09T12:39:35.575+0000] {processor.py:830} INFO - Processing file /home/airflow/.local/lib/python3.8/site-packages/airflow/example_dags/example_short_circuit_operator.py for tasks to queue
[2026-01-09T12:39:35.576+0000] {logging_mixin.py:188} INFO - [2026-01-09T12:39:35.576+0000] {dagbag.py:538} INFO - Filling up the DagBag from /home/airflow/.local/lib/python3.8/site-packages/airflow/example_dags/example_short_circuit_operator.py
[2026-01-09T12:39:35.592+0000] {processor.py:840} INFO - DAG(s) 'example_short_circuit_operator' retrieved from /home/airflow/.local/lib/python3.8/site-packages/airflow/example_dags/example_short_circuit_operator.py
[2026-01-09T12:39:35.633+0000] {logging_mixin.py:188} INFO - [2026-01-09T12:39:35.632+0000] {dag.py:3036} INFO - Sync 1 DAGs
[2026-01-09T12:39:35.671+0000] {logging_mixin.py:188} INFO - [2026-01-09T12:39:35.670+0000] {dag.py:3823} INFO - Setting next_dagrun for example_short_circuit_operator to 2026-01-08 00:00:00+00:00, run_after=2026-01-09 00:00:00+00:00
[2026-01-09T12:39:35.708+0000] {processor.py:183} INFO - Processing /home/airflow/.local/lib/python3.8/site-packages/airflow/example_dags/example_short_circuit_operator.py took 0.142 seconds
