[2026-01-09T12:08:56.164+0000] {processor.py:161} INFO - Started process (PID=302) to work on /home/airflow/.local/lib/python3.8/site-packages/airflow/example_dags/example_branch_operator.py
[2026-01-09T12:08:56.166+0000] {processor.py:830} INFO - Processing file /home/airflow/.local/lib/python3.8/site-packages/airflow/example_dags/example_branch_operator.py for tasks to queue
[2026-01-09T12:08:56.168+0000] {logging_mixin.py:188} INFO - [2026-01-09T12:08:56.167+0000] {dagbag.py:538} INFO - Filling up the DagBag from /home/airflow/.local/lib/python3.8/site-packages/airflow/example_dags/example_branch_operator.py
[2026-01-09T12:08:56.207+0000] {processor.py:840} INFO - DAG(s) 'example_branch_operator' retrieved from /home/airflow/.local/lib/python3.8/site-packages/airflow/example_dags/example_branch_operator.py
[2026-01-09T12:08:56.409+0000] {logging_mixin.py:188} INFO - [2026-01-09T12:08:56.408+0000] {dag.py:3036} INFO - Sync 1 DAGs
[2026-01-09T12:08:56.446+0000] {logging_mixin.py:188} INFO - [2026-01-09T12:08:56.446+0000] {dag.py:3823} INFO - Setting next_dagrun for example_branch_operator to 2026-01-08 00:00:00+00:00, run_after=2026-01-09 00:00:00+00:00
[2026-01-09T12:08:56.497+0000] {processor.py:183} INFO - Processing /home/airflow/.local/lib/python3.8/site-packages/airflow/example_dags/example_branch_operator.py took 0.341 seconds
[2026-01-09T12:09:26.703+0000] {processor.py:161} INFO - Started process (PID=551) to work on /home/airflow/.local/lib/python3.8/site-packages/airflow/example_dags/example_branch_operator.py
[2026-01-09T12:09:26.705+0000] {processor.py:830} INFO - Processing file /home/airflow/.local/lib/python3.8/site-packages/airflow/example_dags/example_branch_operator.py for tasks to queue
[2026-01-09T12:09:26.707+0000] {logging_mixin.py:188} INFO - [2026-01-09T12:09:26.706+0000] {dagbag.py:538} INFO - Filling up the DagBag from /home/airflow/.local/lib/python3.8/site-packages/airflow/example_dags/example_branch_operator.py
[2026-01-09T12:09:26.732+0000] {processor.py:840} INFO - DAG(s) 'example_branch_operator' retrieved from /home/airflow/.local/lib/python3.8/site-packages/airflow/example_dags/example_branch_operator.py
[2026-01-09T12:09:26.783+0000] {logging_mixin.py:188} INFO - [2026-01-09T12:09:26.783+0000] {dag.py:3036} INFO - Sync 1 DAGs
[2026-01-09T12:09:26.823+0000] {logging_mixin.py:188} INFO - [2026-01-09T12:09:26.823+0000] {dag.py:3823} INFO - Setting next_dagrun for example_branch_operator to 2026-01-08 00:00:00+00:00, run_after=2026-01-09 00:00:00+00:00
[2026-01-09T12:09:26.858+0000] {processor.py:183} INFO - Processing /home/airflow/.local/lib/python3.8/site-packages/airflow/example_dags/example_branch_operator.py took 0.161 seconds
[2026-01-09T12:09:57.299+0000] {processor.py:161} INFO - Started process (PID=798) to work on /home/airflow/.local/lib/python3.8/site-packages/airflow/example_dags/example_branch_operator.py
[2026-01-09T12:09:57.302+0000] {processor.py:830} INFO - Processing file /home/airflow/.local/lib/python3.8/site-packages/airflow/example_dags/example_branch_operator.py for tasks to queue
[2026-01-09T12:09:57.305+0000] {logging_mixin.py:188} INFO - [2026-01-09T12:09:57.304+0000] {dagbag.py:538} INFO - Filling up the DagBag from /home/airflow/.local/lib/python3.8/site-packages/airflow/example_dags/example_branch_operator.py
[2026-01-09T12:09:57.344+0000] {processor.py:840} INFO - DAG(s) 'example_branch_operator' retrieved from /home/airflow/.local/lib/python3.8/site-packages/airflow/example_dags/example_branch_operator.py
[2026-01-09T12:09:57.404+0000] {logging_mixin.py:188} INFO - [2026-01-09T12:09:57.404+0000] {dag.py:3036} INFO - Sync 1 DAGs
[2026-01-09T12:09:57.507+0000] {logging_mixin.py:188} INFO - [2026-01-09T12:09:57.506+0000] {dag.py:3823} INFO - Setting next_dagrun for example_branch_operator to 2026-01-08 00:00:00+00:00, run_after=2026-01-09 00:00:00+00:00
[2026-01-09T12:09:57.556+0000] {processor.py:183} INFO - Processing /home/airflow/.local/lib/python3.8/site-packages/airflow/example_dags/example_branch_operator.py took 0.265 seconds
[2026-01-09T12:10:27.677+0000] {processor.py:161} INFO - Started process (PID=1045) to work on /home/airflow/.local/lib/python3.8/site-packages/airflow/example_dags/example_branch_operator.py
[2026-01-09T12:10:27.679+0000] {processor.py:830} INFO - Processing file /home/airflow/.local/lib/python3.8/site-packages/airflow/example_dags/example_branch_operator.py for tasks to queue
[2026-01-09T12:10:27.681+0000] {logging_mixin.py:188} INFO - [2026-01-09T12:10:27.680+0000] {dagbag.py:538} INFO - Filling up the DagBag from /home/airflow/.local/lib/python3.8/site-packages/airflow/example_dags/example_branch_operator.py
[2026-01-09T12:10:27.711+0000] {processor.py:840} INFO - DAG(s) 'example_branch_operator' retrieved from /home/airflow/.local/lib/python3.8/site-packages/airflow/example_dags/example_branch_operator.py
[2026-01-09T12:10:27.765+0000] {logging_mixin.py:188} INFO - [2026-01-09T12:10:27.764+0000] {dag.py:3036} INFO - Sync 1 DAGs
[2026-01-09T12:10:27.803+0000] {logging_mixin.py:188} INFO - [2026-01-09T12:10:27.803+0000] {dag.py:3823} INFO - Setting next_dagrun for example_branch_operator to 2026-01-08 00:00:00+00:00, run_after=2026-01-09 00:00:00+00:00
[2026-01-09T12:10:27.843+0000] {processor.py:183} INFO - Processing /home/airflow/.local/lib/python3.8/site-packages/airflow/example_dags/example_branch_operator.py took 0.173 seconds
[2026-01-09T12:10:58.658+0000] {processor.py:161} INFO - Started process (PID=1290) to work on /home/airflow/.local/lib/python3.8/site-packages/airflow/example_dags/example_branch_operator.py
[2026-01-09T12:10:58.662+0000] {processor.py:830} INFO - Processing file /home/airflow/.local/lib/python3.8/site-packages/airflow/example_dags/example_branch_operator.py for tasks to queue
[2026-01-09T12:10:58.664+0000] {logging_mixin.py:188} INFO - [2026-01-09T12:10:58.663+0000] {dagbag.py:538} INFO - Filling up the DagBag from /home/airflow/.local/lib/python3.8/site-packages/airflow/example_dags/example_branch_operator.py
[2026-01-09T12:10:58.697+0000] {processor.py:840} INFO - DAG(s) 'example_branch_operator' retrieved from /home/airflow/.local/lib/python3.8/site-packages/airflow/example_dags/example_branch_operator.py
[2026-01-09T12:10:58.760+0000] {logging_mixin.py:188} INFO - [2026-01-09T12:10:58.759+0000] {dag.py:3036} INFO - Sync 1 DAGs
[2026-01-09T12:10:58.807+0000] {logging_mixin.py:188} INFO - [2026-01-09T12:10:58.806+0000] {dag.py:3823} INFO - Setting next_dagrun for example_branch_operator to 2026-01-08 00:00:00+00:00, run_after=2026-01-09 00:00:00+00:00
[2026-01-09T12:10:58.857+0000] {processor.py:183} INFO - Processing /home/airflow/.local/lib/python3.8/site-packages/airflow/example_dags/example_branch_operator.py took 0.208 seconds
[2026-01-09T12:11:29.320+0000] {processor.py:161} INFO - Started process (PID=1537) to work on /home/airflow/.local/lib/python3.8/site-packages/airflow/example_dags/example_branch_operator.py
[2026-01-09T12:11:29.323+0000] {processor.py:830} INFO - Processing file /home/airflow/.local/lib/python3.8/site-packages/airflow/example_dags/example_branch_operator.py for tasks to queue
[2026-01-09T12:11:29.325+0000] {logging_mixin.py:188} INFO - [2026-01-09T12:11:29.324+0000] {dagbag.py:538} INFO - Filling up the DagBag from /home/airflow/.local/lib/python3.8/site-packages/airflow/example_dags/example_branch_operator.py
[2026-01-09T12:11:29.363+0000] {processor.py:840} INFO - DAG(s) 'example_branch_operator' retrieved from /home/airflow/.local/lib/python3.8/site-packages/airflow/example_dags/example_branch_operator.py
[2026-01-09T12:11:29.423+0000] {logging_mixin.py:188} INFO - [2026-01-09T12:11:29.423+0000] {dag.py:3036} INFO - Sync 1 DAGs
[2026-01-09T12:11:29.472+0000] {logging_mixin.py:188} INFO - [2026-01-09T12:11:29.472+0000] {dag.py:3823} INFO - Setting next_dagrun for example_branch_operator to 2026-01-08 00:00:00+00:00, run_after=2026-01-09 00:00:00+00:00
[2026-01-09T12:11:29.525+0000] {processor.py:183} INFO - Processing /home/airflow/.local/lib/python3.8/site-packages/airflow/example_dags/example_branch_operator.py took 0.212 seconds
[2026-01-09T12:12:00.552+0000] {processor.py:161} INFO - Started process (PID=1785) to work on /home/airflow/.local/lib/python3.8/site-packages/airflow/example_dags/example_branch_operator.py
[2026-01-09T12:12:00.555+0000] {processor.py:830} INFO - Processing file /home/airflow/.local/lib/python3.8/site-packages/airflow/example_dags/example_branch_operator.py for tasks to queue
[2026-01-09T12:12:00.557+0000] {logging_mixin.py:188} INFO - [2026-01-09T12:12:00.556+0000] {dagbag.py:538} INFO - Filling up the DagBag from /home/airflow/.local/lib/python3.8/site-packages/airflow/example_dags/example_branch_operator.py
[2026-01-09T12:12:00.600+0000] {processor.py:840} INFO - DAG(s) 'example_branch_operator' retrieved from /home/airflow/.local/lib/python3.8/site-packages/airflow/example_dags/example_branch_operator.py
[2026-01-09T12:12:00.674+0000] {logging_mixin.py:188} INFO - [2026-01-09T12:12:00.673+0000] {dag.py:3036} INFO - Sync 1 DAGs
[2026-01-09T12:12:00.728+0000] {logging_mixin.py:188} INFO - [2026-01-09T12:12:00.728+0000] {dag.py:3823} INFO - Setting next_dagrun for example_branch_operator to 2026-01-08 00:00:00+00:00, run_after=2026-01-09 00:00:00+00:00
[2026-01-09T12:12:00.800+0000] {processor.py:183} INFO - Processing /home/airflow/.local/lib/python3.8/site-packages/airflow/example_dags/example_branch_operator.py took 0.257 seconds
[2026-01-09T12:12:31.234+0000] {processor.py:161} INFO - Started process (PID=2032) to work on /home/airflow/.local/lib/python3.8/site-packages/airflow/example_dags/example_branch_operator.py
[2026-01-09T12:12:31.237+0000] {processor.py:830} INFO - Processing file /home/airflow/.local/lib/python3.8/site-packages/airflow/example_dags/example_branch_operator.py for tasks to queue
[2026-01-09T12:12:31.239+0000] {logging_mixin.py:188} INFO - [2026-01-09T12:12:31.238+0000] {dagbag.py:538} INFO - Filling up the DagBag from /home/airflow/.local/lib/python3.8/site-packages/airflow/example_dags/example_branch_operator.py
[2026-01-09T12:12:31.273+0000] {processor.py:840} INFO - DAG(s) 'example_branch_operator' retrieved from /home/airflow/.local/lib/python3.8/site-packages/airflow/example_dags/example_branch_operator.py
[2026-01-09T12:12:31.334+0000] {logging_mixin.py:188} INFO - [2026-01-09T12:12:31.333+0000] {dag.py:3036} INFO - Sync 1 DAGs
[2026-01-09T12:12:31.376+0000] {logging_mixin.py:188} INFO - [2026-01-09T12:12:31.375+0000] {dag.py:3823} INFO - Setting next_dagrun for example_branch_operator to 2026-01-08 00:00:00+00:00, run_after=2026-01-09 00:00:00+00:00
[2026-01-09T12:12:31.418+0000] {processor.py:183} INFO - Processing /home/airflow/.local/lib/python3.8/site-packages/airflow/example_dags/example_branch_operator.py took 0.190 seconds
[2026-01-09T12:13:01.701+0000] {processor.py:161} INFO - Started process (PID=2279) to work on /home/airflow/.local/lib/python3.8/site-packages/airflow/example_dags/example_branch_operator.py
[2026-01-09T12:13:01.703+0000] {processor.py:830} INFO - Processing file /home/airflow/.local/lib/python3.8/site-packages/airflow/example_dags/example_branch_operator.py for tasks to queue
[2026-01-09T12:13:01.705+0000] {logging_mixin.py:188} INFO - [2026-01-09T12:13:01.704+0000] {dagbag.py:538} INFO - Filling up the DagBag from /home/airflow/.local/lib/python3.8/site-packages/airflow/example_dags/example_branch_operator.py
[2026-01-09T12:13:01.731+0000] {processor.py:840} INFO - DAG(s) 'example_branch_operator' retrieved from /home/airflow/.local/lib/python3.8/site-packages/airflow/example_dags/example_branch_operator.py
[2026-01-09T12:13:01.783+0000] {logging_mixin.py:188} INFO - [2026-01-09T12:13:01.782+0000] {dag.py:3036} INFO - Sync 1 DAGs
[2026-01-09T12:13:01.823+0000] {logging_mixin.py:188} INFO - [2026-01-09T12:13:01.822+0000] {dag.py:3823} INFO - Setting next_dagrun for example_branch_operator to 2026-01-08 00:00:00+00:00, run_after=2026-01-09 00:00:00+00:00
[2026-01-09T12:13:01.866+0000] {processor.py:183} INFO - Processing /home/airflow/.local/lib/python3.8/site-packages/airflow/example_dags/example_branch_operator.py took 0.172 seconds
[2026-01-09T12:13:32.011+0000] {processor.py:161} INFO - Started process (PID=2526) to work on /home/airflow/.local/lib/python3.8/site-packages/airflow/example_dags/example_branch_operator.py
[2026-01-09T12:13:32.013+0000] {processor.py:830} INFO - Processing file /home/airflow/.local/lib/python3.8/site-packages/airflow/example_dags/example_branch_operator.py for tasks to queue
[2026-01-09T12:13:32.014+0000] {logging_mixin.py:188} INFO - [2026-01-09T12:13:32.014+0000] {dagbag.py:538} INFO - Filling up the DagBag from /home/airflow/.local/lib/python3.8/site-packages/airflow/example_dags/example_branch_operator.py
[2026-01-09T12:13:32.049+0000] {processor.py:840} INFO - DAG(s) 'example_branch_operator' retrieved from /home/airflow/.local/lib/python3.8/site-packages/airflow/example_dags/example_branch_operator.py
[2026-01-09T12:13:32.109+0000] {logging_mixin.py:188} INFO - [2026-01-09T12:13:32.108+0000] {dag.py:3036} INFO - Sync 1 DAGs
[2026-01-09T12:13:32.150+0000] {logging_mixin.py:188} INFO - [2026-01-09T12:13:32.149+0000] {dag.py:3823} INFO - Setting next_dagrun for example_branch_operator to 2026-01-08 00:00:00+00:00, run_after=2026-01-09 00:00:00+00:00
[2026-01-09T12:13:32.194+0000] {processor.py:183} INFO - Processing /home/airflow/.local/lib/python3.8/site-packages/airflow/example_dags/example_branch_operator.py took 0.189 seconds
[2026-01-09T12:14:02.510+0000] {processor.py:161} INFO - Started process (PID=2773) to work on /home/airflow/.local/lib/python3.8/site-packages/airflow/example_dags/example_branch_operator.py
[2026-01-09T12:14:02.512+0000] {processor.py:830} INFO - Processing file /home/airflow/.local/lib/python3.8/site-packages/airflow/example_dags/example_branch_operator.py for tasks to queue
[2026-01-09T12:14:02.515+0000] {logging_mixin.py:188} INFO - [2026-01-09T12:14:02.514+0000] {dagbag.py:538} INFO - Filling up the DagBag from /home/airflow/.local/lib/python3.8/site-packages/airflow/example_dags/example_branch_operator.py
[2026-01-09T12:14:02.551+0000] {processor.py:840} INFO - DAG(s) 'example_branch_operator' retrieved from /home/airflow/.local/lib/python3.8/site-packages/airflow/example_dags/example_branch_operator.py
[2026-01-09T12:14:02.610+0000] {logging_mixin.py:188} INFO - [2026-01-09T12:14:02.610+0000] {dag.py:3036} INFO - Sync 1 DAGs
[2026-01-09T12:14:02.651+0000] {logging_mixin.py:188} INFO - [2026-01-09T12:14:02.651+0000] {dag.py:3823} INFO - Setting next_dagrun for example_branch_operator to 2026-01-08 00:00:00+00:00, run_after=2026-01-09 00:00:00+00:00
[2026-01-09T12:14:02.701+0000] {processor.py:183} INFO - Processing /home/airflow/.local/lib/python3.8/site-packages/airflow/example_dags/example_branch_operator.py took 0.197 seconds
[2026-01-09T12:14:32.834+0000] {processor.py:161} INFO - Started process (PID=3020) to work on /home/airflow/.local/lib/python3.8/site-packages/airflow/example_dags/example_branch_operator.py
[2026-01-09T12:14:32.836+0000] {processor.py:830} INFO - Processing file /home/airflow/.local/lib/python3.8/site-packages/airflow/example_dags/example_branch_operator.py for tasks to queue
[2026-01-09T12:14:32.837+0000] {logging_mixin.py:188} INFO - [2026-01-09T12:14:32.837+0000] {dagbag.py:538} INFO - Filling up the DagBag from /home/airflow/.local/lib/python3.8/site-packages/airflow/example_dags/example_branch_operator.py
[2026-01-09T12:14:32.866+0000] {processor.py:840} INFO - DAG(s) 'example_branch_operator' retrieved from /home/airflow/.local/lib/python3.8/site-packages/airflow/example_dags/example_branch_operator.py
[2026-01-09T12:14:32.918+0000] {logging_mixin.py:188} INFO - [2026-01-09T12:14:32.918+0000] {dag.py:3036} INFO - Sync 1 DAGs
[2026-01-09T12:14:32.960+0000] {logging_mixin.py:188} INFO - [2026-01-09T12:14:32.959+0000] {dag.py:3823} INFO - Setting next_dagrun for example_branch_operator to 2026-01-08 00:00:00+00:00, run_after=2026-01-09 00:00:00+00:00
[2026-01-09T12:14:33.008+0000] {processor.py:183} INFO - Processing /home/airflow/.local/lib/python3.8/site-packages/airflow/example_dags/example_branch_operator.py took 0.181 seconds
[2026-01-09T12:15:03.594+0000] {processor.py:161} INFO - Started process (PID=3267) to work on /home/airflow/.local/lib/python3.8/site-packages/airflow/example_dags/example_branch_operator.py
[2026-01-09T12:15:03.603+0000] {processor.py:830} INFO - Processing file /home/airflow/.local/lib/python3.8/site-packages/airflow/example_dags/example_branch_operator.py for tasks to queue
[2026-01-09T12:15:03.606+0000] {logging_mixin.py:188} INFO - [2026-01-09T12:15:03.605+0000] {dagbag.py:538} INFO - Filling up the DagBag from /home/airflow/.local/lib/python3.8/site-packages/airflow/example_dags/example_branch_operator.py
[2026-01-09T12:15:03.738+0000] {processor.py:840} INFO - DAG(s) 'example_branch_operator' retrieved from /home/airflow/.local/lib/python3.8/site-packages/airflow/example_dags/example_branch_operator.py
[2026-01-09T12:15:03.824+0000] {logging_mixin.py:188} INFO - [2026-01-09T12:15:03.823+0000] {dag.py:3036} INFO - Sync 1 DAGs
[2026-01-09T12:15:03.946+0000] {logging_mixin.py:188} INFO - [2026-01-09T12:15:03.935+0000] {dag.py:3823} INFO - Setting next_dagrun for example_branch_operator to 2026-01-08 00:00:00+00:00, run_after=2026-01-09 00:00:00+00:00
[2026-01-09T12:15:04.101+0000] {processor.py:183} INFO - Processing /home/airflow/.local/lib/python3.8/site-packages/airflow/example_dags/example_branch_operator.py took 0.525 seconds
[2026-01-09T12:15:34.625+0000] {processor.py:161} INFO - Started process (PID=3516) to work on /home/airflow/.local/lib/python3.8/site-packages/airflow/example_dags/example_branch_operator.py
[2026-01-09T12:15:34.627+0000] {processor.py:830} INFO - Processing file /home/airflow/.local/lib/python3.8/site-packages/airflow/example_dags/example_branch_operator.py for tasks to queue
[2026-01-09T12:15:34.629+0000] {logging_mixin.py:188} INFO - [2026-01-09T12:15:34.628+0000] {dagbag.py:538} INFO - Filling up the DagBag from /home/airflow/.local/lib/python3.8/site-packages/airflow/example_dags/example_branch_operator.py
[2026-01-09T12:15:34.662+0000] {processor.py:840} INFO - DAG(s) 'example_branch_operator' retrieved from /home/airflow/.local/lib/python3.8/site-packages/airflow/example_dags/example_branch_operator.py
[2026-01-09T12:15:34.716+0000] {logging_mixin.py:188} INFO - [2026-01-09T12:15:34.715+0000] {dag.py:3036} INFO - Sync 1 DAGs
[2026-01-09T12:15:34.750+0000] {logging_mixin.py:188} INFO - [2026-01-09T12:15:34.750+0000] {dag.py:3823} INFO - Setting next_dagrun for example_branch_operator to 2026-01-08 00:00:00+00:00, run_after=2026-01-09 00:00:00+00:00
[2026-01-09T12:15:34.794+0000] {processor.py:183} INFO - Processing /home/airflow/.local/lib/python3.8/site-packages/airflow/example_dags/example_branch_operator.py took 0.176 seconds
[2026-01-09T12:16:04.903+0000] {processor.py:161} INFO - Started process (PID=3762) to work on /home/airflow/.local/lib/python3.8/site-packages/airflow/example_dags/example_branch_operator.py
[2026-01-09T12:16:04.905+0000] {processor.py:830} INFO - Processing file /home/airflow/.local/lib/python3.8/site-packages/airflow/example_dags/example_branch_operator.py for tasks to queue
[2026-01-09T12:16:04.907+0000] {logging_mixin.py:188} INFO - [2026-01-09T12:16:04.906+0000] {dagbag.py:538} INFO - Filling up the DagBag from /home/airflow/.local/lib/python3.8/site-packages/airflow/example_dags/example_branch_operator.py
[2026-01-09T12:16:04.942+0000] {processor.py:840} INFO - DAG(s) 'example_branch_operator' retrieved from /home/airflow/.local/lib/python3.8/site-packages/airflow/example_dags/example_branch_operator.py
[2026-01-09T12:16:04.993+0000] {logging_mixin.py:188} INFO - [2026-01-09T12:16:04.992+0000] {dag.py:3036} INFO - Sync 1 DAGs
[2026-01-09T12:16:05.032+0000] {logging_mixin.py:188} INFO - [2026-01-09T12:16:05.031+0000] {dag.py:3823} INFO - Setting next_dagrun for example_branch_operator to 2026-01-08 00:00:00+00:00, run_after=2026-01-09 00:00:00+00:00
[2026-01-09T12:16:05.074+0000] {processor.py:183} INFO - Processing /home/airflow/.local/lib/python3.8/site-packages/airflow/example_dags/example_branch_operator.py took 0.180 seconds
[2026-01-09T12:16:35.582+0000] {processor.py:161} INFO - Started process (PID=4007) to work on /home/airflow/.local/lib/python3.8/site-packages/airflow/example_dags/example_branch_operator.py
[2026-01-09T12:16:35.584+0000] {processor.py:830} INFO - Processing file /home/airflow/.local/lib/python3.8/site-packages/airflow/example_dags/example_branch_operator.py for tasks to queue
[2026-01-09T12:16:35.585+0000] {logging_mixin.py:188} INFO - [2026-01-09T12:16:35.585+0000] {dagbag.py:538} INFO - Filling up the DagBag from /home/airflow/.local/lib/python3.8/site-packages/airflow/example_dags/example_branch_operator.py
[2026-01-09T12:16:35.616+0000] {processor.py:840} INFO - DAG(s) 'example_branch_operator' retrieved from /home/airflow/.local/lib/python3.8/site-packages/airflow/example_dags/example_branch_operator.py
[2026-01-09T12:16:35.668+0000] {logging_mixin.py:188} INFO - [2026-01-09T12:16:35.668+0000] {dag.py:3036} INFO - Sync 1 DAGs
[2026-01-09T12:16:35.710+0000] {logging_mixin.py:188} INFO - [2026-01-09T12:16:35.709+0000] {dag.py:3823} INFO - Setting next_dagrun for example_branch_operator to 2026-01-08 00:00:00+00:00, run_after=2026-01-09 00:00:00+00:00
[2026-01-09T12:16:35.763+0000] {processor.py:183} INFO - Processing /home/airflow/.local/lib/python3.8/site-packages/airflow/example_dags/example_branch_operator.py took 0.188 seconds
[2026-01-09T12:17:06.134+0000] {processor.py:161} INFO - Started process (PID=4256) to work on /home/airflow/.local/lib/python3.8/site-packages/airflow/example_dags/example_branch_operator.py
[2026-01-09T12:17:06.137+0000] {processor.py:830} INFO - Processing file /home/airflow/.local/lib/python3.8/site-packages/airflow/example_dags/example_branch_operator.py for tasks to queue
[2026-01-09T12:17:06.139+0000] {logging_mixin.py:188} INFO - [2026-01-09T12:17:06.138+0000] {dagbag.py:538} INFO - Filling up the DagBag from /home/airflow/.local/lib/python3.8/site-packages/airflow/example_dags/example_branch_operator.py
[2026-01-09T12:17:06.170+0000] {processor.py:840} INFO - DAG(s) 'example_branch_operator' retrieved from /home/airflow/.local/lib/python3.8/site-packages/airflow/example_dags/example_branch_operator.py
[2026-01-09T12:17:06.226+0000] {logging_mixin.py:188} INFO - [2026-01-09T12:17:06.225+0000] {dag.py:3036} INFO - Sync 1 DAGs
[2026-01-09T12:17:06.270+0000] {logging_mixin.py:188} INFO - [2026-01-09T12:17:06.270+0000] {dag.py:3823} INFO - Setting next_dagrun for example_branch_operator to 2026-01-08 00:00:00+00:00, run_after=2026-01-09 00:00:00+00:00
[2026-01-09T12:17:06.318+0000] {processor.py:183} INFO - Processing /home/airflow/.local/lib/python3.8/site-packages/airflow/example_dags/example_branch_operator.py took 0.192 seconds
[2026-01-09T12:17:36.597+0000] {processor.py:161} INFO - Started process (PID=4501) to work on /home/airflow/.local/lib/python3.8/site-packages/airflow/example_dags/example_branch_operator.py
[2026-01-09T12:17:36.599+0000] {processor.py:830} INFO - Processing file /home/airflow/.local/lib/python3.8/site-packages/airflow/example_dags/example_branch_operator.py for tasks to queue
[2026-01-09T12:17:36.600+0000] {logging_mixin.py:188} INFO - [2026-01-09T12:17:36.599+0000] {dagbag.py:538} INFO - Filling up the DagBag from /home/airflow/.local/lib/python3.8/site-packages/airflow/example_dags/example_branch_operator.py
[2026-01-09T12:17:36.627+0000] {processor.py:840} INFO - DAG(s) 'example_branch_operator' retrieved from /home/airflow/.local/lib/python3.8/site-packages/airflow/example_dags/example_branch_operator.py
[2026-01-09T12:17:36.692+0000] {logging_mixin.py:188} INFO - [2026-01-09T12:17:36.691+0000] {dag.py:3036} INFO - Sync 1 DAGs
[2026-01-09T12:17:36.739+0000] {logging_mixin.py:188} INFO - [2026-01-09T12:17:36.738+0000] {dag.py:3823} INFO - Setting next_dagrun for example_branch_operator to 2026-01-08 00:00:00+00:00, run_after=2026-01-09 00:00:00+00:00
[2026-01-09T12:17:36.786+0000] {processor.py:183} INFO - Processing /home/airflow/.local/lib/python3.8/site-packages/airflow/example_dags/example_branch_operator.py took 0.195 seconds
[2026-01-09T12:18:07.757+0000] {processor.py:161} INFO - Started process (PID=4749) to work on /home/airflow/.local/lib/python3.8/site-packages/airflow/example_dags/example_branch_operator.py
[2026-01-09T12:18:07.772+0000] {processor.py:830} INFO - Processing file /home/airflow/.local/lib/python3.8/site-packages/airflow/example_dags/example_branch_operator.py for tasks to queue
[2026-01-09T12:18:07.773+0000] {logging_mixin.py:188} INFO - [2026-01-09T12:18:07.773+0000] {dagbag.py:538} INFO - Filling up the DagBag from /home/airflow/.local/lib/python3.8/site-packages/airflow/example_dags/example_branch_operator.py
[2026-01-09T12:18:07.805+0000] {processor.py:840} INFO - DAG(s) 'example_branch_operator' retrieved from /home/airflow/.local/lib/python3.8/site-packages/airflow/example_dags/example_branch_operator.py
[2026-01-09T12:18:07.857+0000] {logging_mixin.py:188} INFO - [2026-01-09T12:18:07.856+0000] {dag.py:3036} INFO - Sync 1 DAGs
[2026-01-09T12:18:07.900+0000] {logging_mixin.py:188} INFO - [2026-01-09T12:18:07.900+0000] {dag.py:3823} INFO - Setting next_dagrun for example_branch_operator to 2026-01-08 00:00:00+00:00, run_after=2026-01-09 00:00:00+00:00
[2026-01-09T12:18:07.946+0000] {processor.py:183} INFO - Processing /home/airflow/.local/lib/python3.8/site-packages/airflow/example_dags/example_branch_operator.py took 0.197 seconds
[2026-01-09T12:18:38.362+0000] {processor.py:161} INFO - Started process (PID=4997) to work on /home/airflow/.local/lib/python3.8/site-packages/airflow/example_dags/example_branch_operator.py
[2026-01-09T12:18:38.364+0000] {processor.py:830} INFO - Processing file /home/airflow/.local/lib/python3.8/site-packages/airflow/example_dags/example_branch_operator.py for tasks to queue
[2026-01-09T12:18:38.366+0000] {logging_mixin.py:188} INFO - [2026-01-09T12:18:38.365+0000] {dagbag.py:538} INFO - Filling up the DagBag from /home/airflow/.local/lib/python3.8/site-packages/airflow/example_dags/example_branch_operator.py
[2026-01-09T12:18:38.400+0000] {processor.py:840} INFO - DAG(s) 'example_branch_operator' retrieved from /home/airflow/.local/lib/python3.8/site-packages/airflow/example_dags/example_branch_operator.py
[2026-01-09T12:18:38.512+0000] {logging_mixin.py:188} INFO - [2026-01-09T12:18:38.512+0000] {dag.py:3036} INFO - Sync 1 DAGs
[2026-01-09T12:18:38.562+0000] {logging_mixin.py:188} INFO - [2026-01-09T12:18:38.561+0000] {dag.py:3823} INFO - Setting next_dagrun for example_branch_operator to 2026-01-08 00:00:00+00:00, run_after=2026-01-09 00:00:00+00:00
[2026-01-09T12:18:38.612+0000] {processor.py:183} INFO - Processing /home/airflow/.local/lib/python3.8/site-packages/airflow/example_dags/example_branch_operator.py took 0.257 seconds
[2026-01-09T12:19:08.864+0000] {processor.py:161} INFO - Started process (PID=5244) to work on /home/airflow/.local/lib/python3.8/site-packages/airflow/example_dags/example_branch_operator.py
[2026-01-09T12:19:08.866+0000] {processor.py:830} INFO - Processing file /home/airflow/.local/lib/python3.8/site-packages/airflow/example_dags/example_branch_operator.py for tasks to queue
[2026-01-09T12:19:08.868+0000] {logging_mixin.py:188} INFO - [2026-01-09T12:19:08.867+0000] {dagbag.py:538} INFO - Filling up the DagBag from /home/airflow/.local/lib/python3.8/site-packages/airflow/example_dags/example_branch_operator.py
[2026-01-09T12:19:08.911+0000] {processor.py:840} INFO - DAG(s) 'example_branch_operator' retrieved from /home/airflow/.local/lib/python3.8/site-packages/airflow/example_dags/example_branch_operator.py
[2026-01-09T12:19:08.982+0000] {logging_mixin.py:188} INFO - [2026-01-09T12:19:08.982+0000] {dag.py:3036} INFO - Sync 1 DAGs
[2026-01-09T12:19:09.032+0000] {logging_mixin.py:188} INFO - [2026-01-09T12:19:09.031+0000] {dag.py:3823} INFO - Setting next_dagrun for example_branch_operator to 2026-01-08 00:00:00+00:00, run_after=2026-01-09 00:00:00+00:00
[2026-01-09T12:19:09.085+0000] {processor.py:183} INFO - Processing /home/airflow/.local/lib/python3.8/site-packages/airflow/example_dags/example_branch_operator.py took 0.228 seconds
[2026-01-09T12:19:39.478+0000] {processor.py:161} INFO - Started process (PID=5489) to work on /home/airflow/.local/lib/python3.8/site-packages/airflow/example_dags/example_branch_operator.py
[2026-01-09T12:19:39.485+0000] {processor.py:830} INFO - Processing file /home/airflow/.local/lib/python3.8/site-packages/airflow/example_dags/example_branch_operator.py for tasks to queue
[2026-01-09T12:19:39.489+0000] {logging_mixin.py:188} INFO - [2026-01-09T12:19:39.488+0000] {dagbag.py:538} INFO - Filling up the DagBag from /home/airflow/.local/lib/python3.8/site-packages/airflow/example_dags/example_branch_operator.py
[2026-01-09T12:19:39.524+0000] {processor.py:840} INFO - DAG(s) 'example_branch_operator' retrieved from /home/airflow/.local/lib/python3.8/site-packages/airflow/example_dags/example_branch_operator.py
[2026-01-09T12:19:39.583+0000] {logging_mixin.py:188} INFO - [2026-01-09T12:19:39.582+0000] {dag.py:3036} INFO - Sync 1 DAGs
[2026-01-09T12:19:39.626+0000] {logging_mixin.py:188} INFO - [2026-01-09T12:19:39.625+0000] {dag.py:3823} INFO - Setting next_dagrun for example_branch_operator to 2026-01-08 00:00:00+00:00, run_after=2026-01-09 00:00:00+00:00
[2026-01-09T12:19:39.672+0000] {processor.py:183} INFO - Processing /home/airflow/.local/lib/python3.8/site-packages/airflow/example_dags/example_branch_operator.py took 0.205 seconds
[2026-01-09T12:20:10.370+0000] {processor.py:161} INFO - Started process (PID=5738) to work on /home/airflow/.local/lib/python3.8/site-packages/airflow/example_dags/example_branch_operator.py
[2026-01-09T12:20:10.372+0000] {processor.py:830} INFO - Processing file /home/airflow/.local/lib/python3.8/site-packages/airflow/example_dags/example_branch_operator.py for tasks to queue
[2026-01-09T12:20:10.374+0000] {logging_mixin.py:188} INFO - [2026-01-09T12:20:10.373+0000] {dagbag.py:538} INFO - Filling up the DagBag from /home/airflow/.local/lib/python3.8/site-packages/airflow/example_dags/example_branch_operator.py
[2026-01-09T12:20:10.416+0000] {processor.py:840} INFO - DAG(s) 'example_branch_operator' retrieved from /home/airflow/.local/lib/python3.8/site-packages/airflow/example_dags/example_branch_operator.py
[2026-01-09T12:20:10.481+0000] {logging_mixin.py:188} INFO - [2026-01-09T12:20:10.481+0000] {dag.py:3036} INFO - Sync 1 DAGs
[2026-01-09T12:20:10.529+0000] {logging_mixin.py:188} INFO - [2026-01-09T12:20:10.528+0000] {dag.py:3823} INFO - Setting next_dagrun for example_branch_operator to 2026-01-08 00:00:00+00:00, run_after=2026-01-09 00:00:00+00:00
[2026-01-09T12:20:10.574+0000] {processor.py:183} INFO - Processing /home/airflow/.local/lib/python3.8/site-packages/airflow/example_dags/example_branch_operator.py took 0.212 seconds
[2026-01-09T12:20:40.940+0000] {processor.py:161} INFO - Started process (PID=5983) to work on /home/airflow/.local/lib/python3.8/site-packages/airflow/example_dags/example_branch_operator.py
[2026-01-09T12:20:40.944+0000] {processor.py:830} INFO - Processing file /home/airflow/.local/lib/python3.8/site-packages/airflow/example_dags/example_branch_operator.py for tasks to queue
[2026-01-09T12:20:40.947+0000] {logging_mixin.py:188} INFO - [2026-01-09T12:20:40.946+0000] {dagbag.py:538} INFO - Filling up the DagBag from /home/airflow/.local/lib/python3.8/site-packages/airflow/example_dags/example_branch_operator.py
[2026-01-09T12:20:41.027+0000] {processor.py:840} INFO - DAG(s) 'example_branch_operator' retrieved from /home/airflow/.local/lib/python3.8/site-packages/airflow/example_dags/example_branch_operator.py
[2026-01-09T12:20:41.184+0000] {logging_mixin.py:188} INFO - [2026-01-09T12:20:41.183+0000] {dag.py:3036} INFO - Sync 1 DAGs
[2026-01-09T12:20:41.288+0000] {logging_mixin.py:188} INFO - [2026-01-09T12:20:41.287+0000] {dag.py:3823} INFO - Setting next_dagrun for example_branch_operator to 2026-01-08 00:00:00+00:00, run_after=2026-01-09 00:00:00+00:00
[2026-01-09T12:20:41.370+0000] {processor.py:183} INFO - Processing /home/airflow/.local/lib/python3.8/site-packages/airflow/example_dags/example_branch_operator.py took 0.438 seconds
[2026-01-09T12:21:11.605+0000] {processor.py:161} INFO - Started process (PID=6232) to work on /home/airflow/.local/lib/python3.8/site-packages/airflow/example_dags/example_branch_operator.py
[2026-01-09T12:21:11.608+0000] {processor.py:830} INFO - Processing file /home/airflow/.local/lib/python3.8/site-packages/airflow/example_dags/example_branch_operator.py for tasks to queue
[2026-01-09T12:21:11.609+0000] {logging_mixin.py:188} INFO - [2026-01-09T12:21:11.608+0000] {dagbag.py:538} INFO - Filling up the DagBag from /home/airflow/.local/lib/python3.8/site-packages/airflow/example_dags/example_branch_operator.py
[2026-01-09T12:21:11.637+0000] {processor.py:840} INFO - DAG(s) 'example_branch_operator' retrieved from /home/airflow/.local/lib/python3.8/site-packages/airflow/example_dags/example_branch_operator.py
[2026-01-09T12:21:11.578+0000] {logging_mixin.py:188} INFO - [2026-01-09T12:21:11.578+0000] {dag.py:3036} INFO - Sync 1 DAGs
[2026-01-09T12:21:11.622+0000] {logging_mixin.py:188} INFO - [2026-01-09T12:21:11.621+0000] {dag.py:3823} INFO - Setting next_dagrun for example_branch_operator to 2026-01-08 00:00:00+00:00, run_after=2026-01-09 00:00:00+00:00
[2026-01-09T12:21:11.662+0000] {processor.py:183} INFO - Processing /home/airflow/.local/lib/python3.8/site-packages/airflow/example_dags/example_branch_operator.py took 0.184 seconds
[2026-01-09T12:21:42.422+0000] {processor.py:161} INFO - Started process (PID=6477) to work on /home/airflow/.local/lib/python3.8/site-packages/airflow/example_dags/example_branch_operator.py
[2026-01-09T12:21:42.425+0000] {processor.py:830} INFO - Processing file /home/airflow/.local/lib/python3.8/site-packages/airflow/example_dags/example_branch_operator.py for tasks to queue
[2026-01-09T12:21:42.430+0000] {logging_mixin.py:188} INFO - [2026-01-09T12:21:42.428+0000] {dagbag.py:538} INFO - Filling up the DagBag from /home/airflow/.local/lib/python3.8/site-packages/airflow/example_dags/example_branch_operator.py
[2026-01-09T12:21:42.480+0000] {processor.py:840} INFO - DAG(s) 'example_branch_operator' retrieved from /home/airflow/.local/lib/python3.8/site-packages/airflow/example_dags/example_branch_operator.py
[2026-01-09T12:21:42.554+0000] {logging_mixin.py:188} INFO - [2026-01-09T12:21:42.553+0000] {dag.py:3036} INFO - Sync 1 DAGs
[2026-01-09T12:21:42.625+0000] {logging_mixin.py:188} INFO - [2026-01-09T12:21:42.624+0000] {dag.py:3823} INFO - Setting next_dagrun for example_branch_operator to 2026-01-08 00:00:00+00:00, run_after=2026-01-09 00:00:00+00:00
[2026-01-09T12:21:42.695+0000] {processor.py:183} INFO - Processing /home/airflow/.local/lib/python3.8/site-packages/airflow/example_dags/example_branch_operator.py took 0.284 seconds
[2026-01-09T12:22:13.404+0000] {processor.py:161} INFO - Started process (PID=6725) to work on /home/airflow/.local/lib/python3.8/site-packages/airflow/example_dags/example_branch_operator.py
[2026-01-09T12:22:13.429+0000] {processor.py:830} INFO - Processing file /home/airflow/.local/lib/python3.8/site-packages/airflow/example_dags/example_branch_operator.py for tasks to queue
[2026-01-09T12:22:13.432+0000] {logging_mixin.py:188} INFO - [2026-01-09T12:22:13.431+0000] {dagbag.py:538} INFO - Filling up the DagBag from /home/airflow/.local/lib/python3.8/site-packages/airflow/example_dags/example_branch_operator.py
[2026-01-09T12:22:13.462+0000] {processor.py:840} INFO - DAG(s) 'example_branch_operator' retrieved from /home/airflow/.local/lib/python3.8/site-packages/airflow/example_dags/example_branch_operator.py
[2026-01-09T12:22:13.516+0000] {logging_mixin.py:188} INFO - [2026-01-09T12:22:13.516+0000] {dag.py:3036} INFO - Sync 1 DAGs
[2026-01-09T12:22:13.556+0000] {logging_mixin.py:188} INFO - [2026-01-09T12:22:13.556+0000] {dag.py:3823} INFO - Setting next_dagrun for example_branch_operator to 2026-01-08 00:00:00+00:00, run_after=2026-01-09 00:00:00+00:00
[2026-01-09T12:22:13.601+0000] {processor.py:183} INFO - Processing /home/airflow/.local/lib/python3.8/site-packages/airflow/example_dags/example_branch_operator.py took 0.204 seconds
[2026-01-09T12:22:43.752+0000] {processor.py:161} INFO - Started process (PID=6972) to work on /home/airflow/.local/lib/python3.8/site-packages/airflow/example_dags/example_branch_operator.py
[2026-01-09T12:22:43.755+0000] {processor.py:830} INFO - Processing file /home/airflow/.local/lib/python3.8/site-packages/airflow/example_dags/example_branch_operator.py for tasks to queue
[2026-01-09T12:22:43.756+0000] {logging_mixin.py:188} INFO - [2026-01-09T12:22:43.756+0000] {dagbag.py:538} INFO - Filling up the DagBag from /home/airflow/.local/lib/python3.8/site-packages/airflow/example_dags/example_branch_operator.py
[2026-01-09T12:22:43.792+0000] {processor.py:840} INFO - DAG(s) 'example_branch_operator' retrieved from /home/airflow/.local/lib/python3.8/site-packages/airflow/example_dags/example_branch_operator.py
[2026-01-09T12:22:43.856+0000] {logging_mixin.py:188} INFO - [2026-01-09T12:22:43.856+0000] {dag.py:3036} INFO - Sync 1 DAGs
[2026-01-09T12:22:43.901+0000] {logging_mixin.py:188} INFO - [2026-01-09T12:22:43.900+0000] {dag.py:3823} INFO - Setting next_dagrun for example_branch_operator to 2026-01-08 00:00:00+00:00, run_after=2026-01-09 00:00:00+00:00
[2026-01-09T12:22:43.954+0000] {processor.py:183} INFO - Processing /home/airflow/.local/lib/python3.8/site-packages/airflow/example_dags/example_branch_operator.py took 0.210 seconds
[2026-01-09T12:23:14.033+0000] {processor.py:161} INFO - Started process (PID=7216) to work on /home/airflow/.local/lib/python3.8/site-packages/airflow/example_dags/example_branch_operator.py
[2026-01-09T12:23:14.035+0000] {processor.py:830} INFO - Processing file /home/airflow/.local/lib/python3.8/site-packages/airflow/example_dags/example_branch_operator.py for tasks to queue
[2026-01-09T12:23:14.036+0000] {logging_mixin.py:188} INFO - [2026-01-09T12:23:14.036+0000] {dagbag.py:538} INFO - Filling up the DagBag from /home/airflow/.local/lib/python3.8/site-packages/airflow/example_dags/example_branch_operator.py
[2026-01-09T12:23:14.067+0000] {processor.py:840} INFO - DAG(s) 'example_branch_operator' retrieved from /home/airflow/.local/lib/python3.8/site-packages/airflow/example_dags/example_branch_operator.py
[2026-01-09T12:23:14.120+0000] {logging_mixin.py:188} INFO - [2026-01-09T12:23:14.119+0000] {dag.py:3036} INFO - Sync 1 DAGs
[2026-01-09T12:23:14.198+0000] {logging_mixin.py:188} INFO - [2026-01-09T12:23:14.198+0000] {dag.py:3823} INFO - Setting next_dagrun for example_branch_operator to 2026-01-08 00:00:00+00:00, run_after=2026-01-09 00:00:00+00:00
[2026-01-09T12:23:14.249+0000] {processor.py:183} INFO - Processing /home/airflow/.local/lib/python3.8/site-packages/airflow/example_dags/example_branch_operator.py took 0.223 seconds
[2026-01-09T12:23:44.334+0000] {processor.py:161} INFO - Started process (PID=7461) to work on /home/airflow/.local/lib/python3.8/site-packages/airflow/example_dags/example_branch_operator.py
[2026-01-09T12:23:44.342+0000] {processor.py:830} INFO - Processing file /home/airflow/.local/lib/python3.8/site-packages/airflow/example_dags/example_branch_operator.py for tasks to queue
[2026-01-09T12:23:44.344+0000] {logging_mixin.py:188} INFO - [2026-01-09T12:23:44.343+0000] {dagbag.py:538} INFO - Filling up the DagBag from /home/airflow/.local/lib/python3.8/site-packages/airflow/example_dags/example_branch_operator.py
[2026-01-09T12:23:44.384+0000] {processor.py:840} INFO - DAG(s) 'example_branch_operator' retrieved from /home/airflow/.local/lib/python3.8/site-packages/airflow/example_dags/example_branch_operator.py
[2026-01-09T12:23:44.434+0000] {logging_mixin.py:188} INFO - [2026-01-09T12:23:44.433+0000] {dag.py:3036} INFO - Sync 1 DAGs
[2026-01-09T12:23:44.473+0000] {logging_mixin.py:188} INFO - [2026-01-09T12:23:44.472+0000] {dag.py:3823} INFO - Setting next_dagrun for example_branch_operator to 2026-01-08 00:00:00+00:00, run_after=2026-01-09 00:00:00+00:00
[2026-01-09T12:23:44.518+0000] {processor.py:183} INFO - Processing /home/airflow/.local/lib/python3.8/site-packages/airflow/example_dags/example_branch_operator.py took 0.191 seconds
[2026-01-09T12:24:14.976+0000] {processor.py:161} INFO - Started process (PID=7709) to work on /home/airflow/.local/lib/python3.8/site-packages/airflow/example_dags/example_branch_operator.py
[2026-01-09T12:24:14.978+0000] {processor.py:830} INFO - Processing file /home/airflow/.local/lib/python3.8/site-packages/airflow/example_dags/example_branch_operator.py for tasks to queue
[2026-01-09T12:24:14.980+0000] {logging_mixin.py:188} INFO - [2026-01-09T12:24:14.980+0000] {dagbag.py:538} INFO - Filling up the DagBag from /home/airflow/.local/lib/python3.8/site-packages/airflow/example_dags/example_branch_operator.py
[2026-01-09T12:24:15.018+0000] {processor.py:840} INFO - DAG(s) 'example_branch_operator' retrieved from /home/airflow/.local/lib/python3.8/site-packages/airflow/example_dags/example_branch_operator.py
[2026-01-09T12:24:15.092+0000] {logging_mixin.py:188} INFO - [2026-01-09T12:24:15.091+0000] {dag.py:3036} INFO - Sync 1 DAGs
[2026-01-09T12:24:15.142+0000] {logging_mixin.py:188} INFO - [2026-01-09T12:24:15.141+0000] {dag.py:3823} INFO - Setting next_dagrun for example_branch_operator to 2026-01-08 00:00:00+00:00, run_after=2026-01-09 00:00:00+00:00
[2026-01-09T12:24:15.195+0000] {processor.py:183} INFO - Processing /home/airflow/.local/lib/python3.8/site-packages/airflow/example_dags/example_branch_operator.py took 0.227 seconds
[2026-01-09T12:24:45.506+0000] {processor.py:161} INFO - Started process (PID=7956) to work on /home/airflow/.local/lib/python3.8/site-packages/airflow/example_dags/example_branch_operator.py
[2026-01-09T12:24:45.508+0000] {processor.py:830} INFO - Processing file /home/airflow/.local/lib/python3.8/site-packages/airflow/example_dags/example_branch_operator.py for tasks to queue
[2026-01-09T12:24:45.511+0000] {logging_mixin.py:188} INFO - [2026-01-09T12:24:45.510+0000] {dagbag.py:538} INFO - Filling up the DagBag from /home/airflow/.local/lib/python3.8/site-packages/airflow/example_dags/example_branch_operator.py
[2026-01-09T12:24:45.552+0000] {processor.py:840} INFO - DAG(s) 'example_branch_operator' retrieved from /home/airflow/.local/lib/python3.8/site-packages/airflow/example_dags/example_branch_operator.py
[2026-01-09T12:24:45.610+0000] {logging_mixin.py:188} INFO - [2026-01-09T12:24:45.610+0000] {dag.py:3036} INFO - Sync 1 DAGs
[2026-01-09T12:24:45.652+0000] {logging_mixin.py:188} INFO - [2026-01-09T12:24:45.651+0000] {dag.py:3823} INFO - Setting next_dagrun for example_branch_operator to 2026-01-08 00:00:00+00:00, run_after=2026-01-09 00:00:00+00:00
[2026-01-09T12:24:45.698+0000] {processor.py:183} INFO - Processing /home/airflow/.local/lib/python3.8/site-packages/airflow/example_dags/example_branch_operator.py took 0.200 seconds
[2026-01-09T12:25:16.482+0000] {processor.py:161} INFO - Started process (PID=8203) to work on /home/airflow/.local/lib/python3.8/site-packages/airflow/example_dags/example_branch_operator.py
[2026-01-09T12:25:16.484+0000] {processor.py:830} INFO - Processing file /home/airflow/.local/lib/python3.8/site-packages/airflow/example_dags/example_branch_operator.py for tasks to queue
[2026-01-09T12:25:16.487+0000] {logging_mixin.py:188} INFO - [2026-01-09T12:25:16.486+0000] {dagbag.py:538} INFO - Filling up the DagBag from /home/airflow/.local/lib/python3.8/site-packages/airflow/example_dags/example_branch_operator.py
[2026-01-09T12:25:16.530+0000] {processor.py:840} INFO - DAG(s) 'example_branch_operator' retrieved from /home/airflow/.local/lib/python3.8/site-packages/airflow/example_dags/example_branch_operator.py
[2026-01-09T12:25:16.596+0000] {logging_mixin.py:188} INFO - [2026-01-09T12:25:16.595+0000] {dag.py:3036} INFO - Sync 1 DAGs
[2026-01-09T12:25:16.637+0000] {logging_mixin.py:188} INFO - [2026-01-09T12:25:16.637+0000] {dag.py:3823} INFO - Setting next_dagrun for example_branch_operator to 2026-01-08 00:00:00+00:00, run_after=2026-01-09 00:00:00+00:00
[2026-01-09T12:25:16.682+0000] {processor.py:183} INFO - Processing /home/airflow/.local/lib/python3.8/site-packages/airflow/example_dags/example_branch_operator.py took 0.206 seconds
[2026-01-09T12:25:47.256+0000] {processor.py:161} INFO - Started process (PID=8451) to work on /home/airflow/.local/lib/python3.8/site-packages/airflow/example_dags/example_branch_operator.py
[2026-01-09T12:25:47.258+0000] {processor.py:830} INFO - Processing file /home/airflow/.local/lib/python3.8/site-packages/airflow/example_dags/example_branch_operator.py for tasks to queue
[2026-01-09T12:25:47.260+0000] {logging_mixin.py:188} INFO - [2026-01-09T12:25:47.259+0000] {dagbag.py:538} INFO - Filling up the DagBag from /home/airflow/.local/lib/python3.8/site-packages/airflow/example_dags/example_branch_operator.py
[2026-01-09T12:25:47.291+0000] {processor.py:840} INFO - DAG(s) 'example_branch_operator' retrieved from /home/airflow/.local/lib/python3.8/site-packages/airflow/example_dags/example_branch_operator.py
[2026-01-09T12:25:47.341+0000] {logging_mixin.py:188} INFO - [2026-01-09T12:25:47.341+0000] {dag.py:3036} INFO - Sync 1 DAGs
[2026-01-09T12:25:47.382+0000] {logging_mixin.py:188} INFO - [2026-01-09T12:25:47.382+0000] {dag.py:3823} INFO - Setting next_dagrun for example_branch_operator to 2026-01-08 00:00:00+00:00, run_after=2026-01-09 00:00:00+00:00
[2026-01-09T12:25:47.426+0000] {processor.py:183} INFO - Processing /home/airflow/.local/lib/python3.8/site-packages/airflow/example_dags/example_branch_operator.py took 0.176 seconds
[2026-01-09T12:26:18.208+0000] {processor.py:161} INFO - Started process (PID=8698) to work on /home/airflow/.local/lib/python3.8/site-packages/airflow/example_dags/example_branch_operator.py
[2026-01-09T12:26:18.211+0000] {processor.py:830} INFO - Processing file /home/airflow/.local/lib/python3.8/site-packages/airflow/example_dags/example_branch_operator.py for tasks to queue
[2026-01-09T12:26:18.212+0000] {logging_mixin.py:188} INFO - [2026-01-09T12:26:18.212+0000] {dagbag.py:538} INFO - Filling up the DagBag from /home/airflow/.local/lib/python3.8/site-packages/airflow/example_dags/example_branch_operator.py
[2026-01-09T12:26:18.245+0000] {processor.py:840} INFO - DAG(s) 'example_branch_operator' retrieved from /home/airflow/.local/lib/python3.8/site-packages/airflow/example_dags/example_branch_operator.py
[2026-01-09T12:26:18.309+0000] {logging_mixin.py:188} INFO - [2026-01-09T12:26:18.308+0000] {dag.py:3036} INFO - Sync 1 DAGs
[2026-01-09T12:26:18.352+0000] {logging_mixin.py:188} INFO - [2026-01-09T12:26:18.352+0000] {dag.py:3823} INFO - Setting next_dagrun for example_branch_operator to 2026-01-08 00:00:00+00:00, run_after=2026-01-09 00:00:00+00:00
[2026-01-09T12:26:18.393+0000] {processor.py:183} INFO - Processing /home/airflow/.local/lib/python3.8/site-packages/airflow/example_dags/example_branch_operator.py took 0.192 seconds
[2026-01-09T12:26:48.571+0000] {processor.py:161} INFO - Started process (PID=8945) to work on /home/airflow/.local/lib/python3.8/site-packages/airflow/example_dags/example_branch_operator.py
[2026-01-09T12:26:48.573+0000] {processor.py:830} INFO - Processing file /home/airflow/.local/lib/python3.8/site-packages/airflow/example_dags/example_branch_operator.py for tasks to queue
[2026-01-09T12:26:48.575+0000] {logging_mixin.py:188} INFO - [2026-01-09T12:26:48.574+0000] {dagbag.py:538} INFO - Filling up the DagBag from /home/airflow/.local/lib/python3.8/site-packages/airflow/example_dags/example_branch_operator.py
[2026-01-09T12:26:48.613+0000] {processor.py:840} INFO - DAG(s) 'example_branch_operator' retrieved from /home/airflow/.local/lib/python3.8/site-packages/airflow/example_dags/example_branch_operator.py
[2026-01-09T12:26:48.672+0000] {logging_mixin.py:188} INFO - [2026-01-09T12:26:48.672+0000] {dag.py:3036} INFO - Sync 1 DAGs
[2026-01-09T12:26:48.711+0000] {logging_mixin.py:188} INFO - [2026-01-09T12:26:48.711+0000] {dag.py:3823} INFO - Setting next_dagrun for example_branch_operator to 2026-01-08 00:00:00+00:00, run_after=2026-01-09 00:00:00+00:00
[2026-01-09T12:26:48.754+0000] {processor.py:183} INFO - Processing /home/airflow/.local/lib/python3.8/site-packages/airflow/example_dags/example_branch_operator.py took 0.191 seconds
[2026-01-09T12:27:19.044+0000] {processor.py:161} INFO - Started process (PID=9192) to work on /home/airflow/.local/lib/python3.8/site-packages/airflow/example_dags/example_branch_operator.py
[2026-01-09T12:27:19.046+0000] {processor.py:830} INFO - Processing file /home/airflow/.local/lib/python3.8/site-packages/airflow/example_dags/example_branch_operator.py for tasks to queue
[2026-01-09T12:27:19.048+0000] {logging_mixin.py:188} INFO - [2026-01-09T12:27:19.047+0000] {dagbag.py:538} INFO - Filling up the DagBag from /home/airflow/.local/lib/python3.8/site-packages/airflow/example_dags/example_branch_operator.py
[2026-01-09T12:27:19.079+0000] {processor.py:840} INFO - DAG(s) 'example_branch_operator' retrieved from /home/airflow/.local/lib/python3.8/site-packages/airflow/example_dags/example_branch_operator.py
[2026-01-09T12:27:19.130+0000] {logging_mixin.py:188} INFO - [2026-01-09T12:27:19.130+0000] {dag.py:3036} INFO - Sync 1 DAGs
[2026-01-09T12:27:19.170+0000] {logging_mixin.py:188} INFO - [2026-01-09T12:27:19.170+0000] {dag.py:3823} INFO - Setting next_dagrun for example_branch_operator to 2026-01-08 00:00:00+00:00, run_after=2026-01-09 00:00:00+00:00
[2026-01-09T12:27:19.217+0000] {processor.py:183} INFO - Processing /home/airflow/.local/lib/python3.8/site-packages/airflow/example_dags/example_branch_operator.py took 0.179 seconds
[2026-01-09T12:27:49.881+0000] {processor.py:161} INFO - Started process (PID=9433) to work on /home/airflow/.local/lib/python3.8/site-packages/airflow/example_dags/example_branch_operator.py
[2026-01-09T12:27:49.884+0000] {processor.py:830} INFO - Processing file /home/airflow/.local/lib/python3.8/site-packages/airflow/example_dags/example_branch_operator.py for tasks to queue
[2026-01-09T12:27:49.885+0000] {logging_mixin.py:188} INFO - [2026-01-09T12:27:49.885+0000] {dagbag.py:538} INFO - Filling up the DagBag from /home/airflow/.local/lib/python3.8/site-packages/airflow/example_dags/example_branch_operator.py
[2026-01-09T12:27:49.914+0000] {processor.py:840} INFO - DAG(s) 'example_branch_operator' retrieved from /home/airflow/.local/lib/python3.8/site-packages/airflow/example_dags/example_branch_operator.py
[2026-01-09T12:27:49.962+0000] {logging_mixin.py:188} INFO - [2026-01-09T12:27:49.961+0000] {dag.py:3036} INFO - Sync 1 DAGs
[2026-01-09T12:27:50.001+0000] {logging_mixin.py:188} INFO - [2026-01-09T12:27:50.001+0000] {dag.py:3823} INFO - Setting next_dagrun for example_branch_operator to 2026-01-08 00:00:00+00:00, run_after=2026-01-09 00:00:00+00:00
[2026-01-09T12:27:50.042+0000] {processor.py:183} INFO - Processing /home/airflow/.local/lib/python3.8/site-packages/airflow/example_dags/example_branch_operator.py took 0.166 seconds
[2026-01-09T12:28:20.741+0000] {processor.py:161} INFO - Started process (PID=9682) to work on /home/airflow/.local/lib/python3.8/site-packages/airflow/example_dags/example_branch_operator.py
[2026-01-09T12:28:20.743+0000] {processor.py:830} INFO - Processing file /home/airflow/.local/lib/python3.8/site-packages/airflow/example_dags/example_branch_operator.py for tasks to queue
[2026-01-09T12:28:20.745+0000] {logging_mixin.py:188} INFO - [2026-01-09T12:28:20.744+0000] {dagbag.py:538} INFO - Filling up the DagBag from /home/airflow/.local/lib/python3.8/site-packages/airflow/example_dags/example_branch_operator.py
[2026-01-09T12:28:20.774+0000] {processor.py:840} INFO - DAG(s) 'example_branch_operator' retrieved from /home/airflow/.local/lib/python3.8/site-packages/airflow/example_dags/example_branch_operator.py
[2026-01-09T12:28:20.823+0000] {logging_mixin.py:188} INFO - [2026-01-09T12:28:20.822+0000] {dag.py:3036} INFO - Sync 1 DAGs
[2026-01-09T12:28:20.859+0000] {logging_mixin.py:188} INFO - [2026-01-09T12:28:20.859+0000] {dag.py:3823} INFO - Setting next_dagrun for example_branch_operator to 2026-01-08 00:00:00+00:00, run_after=2026-01-09 00:00:00+00:00
[2026-01-09T12:28:20.899+0000] {processor.py:183} INFO - Processing /home/airflow/.local/lib/python3.8/site-packages/airflow/example_dags/example_branch_operator.py took 0.165 seconds
[2026-01-09T12:28:51.483+0000] {processor.py:161} INFO - Started process (PID=9927) to work on /home/airflow/.local/lib/python3.8/site-packages/airflow/example_dags/example_branch_operator.py
[2026-01-09T12:28:51.487+0000] {processor.py:830} INFO - Processing file /home/airflow/.local/lib/python3.8/site-packages/airflow/example_dags/example_branch_operator.py for tasks to queue
[2026-01-09T12:28:51.489+0000] {logging_mixin.py:188} INFO - [2026-01-09T12:28:51.489+0000] {dagbag.py:538} INFO - Filling up the DagBag from /home/airflow/.local/lib/python3.8/site-packages/airflow/example_dags/example_branch_operator.py
[2026-01-09T12:28:51.542+0000] {processor.py:840} INFO - DAG(s) 'example_branch_operator' retrieved from /home/airflow/.local/lib/python3.8/site-packages/airflow/example_dags/example_branch_operator.py
[2026-01-09T12:28:51.624+0000] {logging_mixin.py:188} INFO - [2026-01-09T12:28:51.623+0000] {dag.py:3036} INFO - Sync 1 DAGs
[2026-01-09T12:28:51.674+0000] {logging_mixin.py:188} INFO - [2026-01-09T12:28:51.673+0000] {dag.py:3823} INFO - Setting next_dagrun for example_branch_operator to 2026-01-08 00:00:00+00:00, run_after=2026-01-09 00:00:00+00:00
[2026-01-09T12:28:51.731+0000] {processor.py:183} INFO - Processing /home/airflow/.local/lib/python3.8/site-packages/airflow/example_dags/example_branch_operator.py took 0.259 seconds
[2026-01-09T12:29:21.915+0000] {processor.py:161} INFO - Started process (PID=10174) to work on /home/airflow/.local/lib/python3.8/site-packages/airflow/example_dags/example_branch_operator.py
[2026-01-09T12:29:21.917+0000] {processor.py:830} INFO - Processing file /home/airflow/.local/lib/python3.8/site-packages/airflow/example_dags/example_branch_operator.py for tasks to queue
[2026-01-09T12:29:21.918+0000] {logging_mixin.py:188} INFO - [2026-01-09T12:29:21.918+0000] {dagbag.py:538} INFO - Filling up the DagBag from /home/airflow/.local/lib/python3.8/site-packages/airflow/example_dags/example_branch_operator.py
[2026-01-09T12:29:21.949+0000] {processor.py:840} INFO - DAG(s) 'example_branch_operator' retrieved from /home/airflow/.local/lib/python3.8/site-packages/airflow/example_dags/example_branch_operator.py
[2026-01-09T12:29:22.000+0000] {logging_mixin.py:188} INFO - [2026-01-09T12:29:22.000+0000] {dag.py:3036} INFO - Sync 1 DAGs
[2026-01-09T12:29:22.041+0000] {logging_mixin.py:188} INFO - [2026-01-09T12:29:22.041+0000] {dag.py:3823} INFO - Setting next_dagrun for example_branch_operator to 2026-01-08 00:00:00+00:00, run_after=2026-01-09 00:00:00+00:00
[2026-01-09T12:29:22.084+0000] {processor.py:183} INFO - Processing /home/airflow/.local/lib/python3.8/site-packages/airflow/example_dags/example_branch_operator.py took 0.175 seconds
[2026-01-09T12:29:52.853+0000] {processor.py:161} INFO - Started process (PID=10421) to work on /home/airflow/.local/lib/python3.8/site-packages/airflow/example_dags/example_branch_operator.py
[2026-01-09T12:29:52.858+0000] {processor.py:830} INFO - Processing file /home/airflow/.local/lib/python3.8/site-packages/airflow/example_dags/example_branch_operator.py for tasks to queue
[2026-01-09T12:29:52.860+0000] {logging_mixin.py:188} INFO - [2026-01-09T12:29:52.859+0000] {dagbag.py:538} INFO - Filling up the DagBag from /home/airflow/.local/lib/python3.8/site-packages/airflow/example_dags/example_branch_operator.py
[2026-01-09T12:29:52.904+0000] {processor.py:840} INFO - DAG(s) 'example_branch_operator' retrieved from /home/airflow/.local/lib/python3.8/site-packages/airflow/example_dags/example_branch_operator.py
[2026-01-09T12:29:52.971+0000] {logging_mixin.py:188} INFO - [2026-01-09T12:29:52.970+0000] {dag.py:3036} INFO - Sync 1 DAGs
[2026-01-09T12:29:53.035+0000] {logging_mixin.py:188} INFO - [2026-01-09T12:29:53.034+0000] {dag.py:3823} INFO - Setting next_dagrun for example_branch_operator to 2026-01-08 00:00:00+00:00, run_after=2026-01-09 00:00:00+00:00
[2026-01-09T12:29:53.104+0000] {processor.py:183} INFO - Processing /home/airflow/.local/lib/python3.8/site-packages/airflow/example_dags/example_branch_operator.py took 0.258 seconds
[2026-01-09T12:30:23.778+0000] {processor.py:161} INFO - Started process (PID=10675) to work on /home/airflow/.local/lib/python3.8/site-packages/airflow/example_dags/example_branch_operator.py
[2026-01-09T12:30:23.825+0000] {processor.py:830} INFO - Processing file /home/airflow/.local/lib/python3.8/site-packages/airflow/example_dags/example_branch_operator.py for tasks to queue
[2026-01-09T12:30:23.829+0000] {logging_mixin.py:188} INFO - [2026-01-09T12:30:23.828+0000] {dagbag.py:538} INFO - Filling up the DagBag from /home/airflow/.local/lib/python3.8/site-packages/airflow/example_dags/example_branch_operator.py
[2026-01-09T12:30:23.862+0000] {processor.py:840} INFO - DAG(s) 'example_branch_operator' retrieved from /home/airflow/.local/lib/python3.8/site-packages/airflow/example_dags/example_branch_operator.py
[2026-01-09T12:30:23.918+0000] {logging_mixin.py:188} INFO - [2026-01-09T12:30:23.918+0000] {dag.py:3036} INFO - Sync 1 DAGs
[2026-01-09T12:30:23.961+0000] {logging_mixin.py:188} INFO - [2026-01-09T12:30:23.960+0000] {dag.py:3823} INFO - Setting next_dagrun for example_branch_operator to 2026-01-08 00:00:00+00:00, run_after=2026-01-09 00:00:00+00:00
[2026-01-09T12:30:24.012+0000] {processor.py:183} INFO - Processing /home/airflow/.local/lib/python3.8/site-packages/airflow/example_dags/example_branch_operator.py took 0.240 seconds
[2026-01-09T12:30:54.682+0000] {processor.py:161} INFO - Started process (PID=10922) to work on /home/airflow/.local/lib/python3.8/site-packages/airflow/example_dags/example_branch_operator.py
[2026-01-09T12:30:54.684+0000] {processor.py:830} INFO - Processing file /home/airflow/.local/lib/python3.8/site-packages/airflow/example_dags/example_branch_operator.py for tasks to queue
[2026-01-09T12:30:54.687+0000] {logging_mixin.py:188} INFO - [2026-01-09T12:30:54.686+0000] {dagbag.py:538} INFO - Filling up the DagBag from /home/airflow/.local/lib/python3.8/site-packages/airflow/example_dags/example_branch_operator.py
[2026-01-09T12:30:54.724+0000] {processor.py:840} INFO - DAG(s) 'example_branch_operator' retrieved from /home/airflow/.local/lib/python3.8/site-packages/airflow/example_dags/example_branch_operator.py
[2026-01-09T12:30:54.789+0000] {logging_mixin.py:188} INFO - [2026-01-09T12:30:54.789+0000] {dag.py:3036} INFO - Sync 1 DAGs
[2026-01-09T12:30:54.840+0000] {logging_mixin.py:188} INFO - [2026-01-09T12:30:54.839+0000] {dag.py:3823} INFO - Setting next_dagrun for example_branch_operator to 2026-01-08 00:00:00+00:00, run_after=2026-01-09 00:00:00+00:00
[2026-01-09T12:30:54.890+0000] {processor.py:183} INFO - Processing /home/airflow/.local/lib/python3.8/site-packages/airflow/example_dags/example_branch_operator.py took 0.216 seconds
[2026-01-09T12:31:25.676+0000] {processor.py:161} INFO - Started process (PID=11168) to work on /home/airflow/.local/lib/python3.8/site-packages/airflow/example_dags/example_branch_operator.py
[2026-01-09T12:31:25.677+0000] {processor.py:830} INFO - Processing file /home/airflow/.local/lib/python3.8/site-packages/airflow/example_dags/example_branch_operator.py for tasks to queue
[2026-01-09T12:31:25.679+0000] {logging_mixin.py:188} INFO - [2026-01-09T12:31:25.679+0000] {dagbag.py:538} INFO - Filling up the DagBag from /home/airflow/.local/lib/python3.8/site-packages/airflow/example_dags/example_branch_operator.py
[2026-01-09T12:31:25.711+0000] {processor.py:840} INFO - DAG(s) 'example_branch_operator' retrieved from /home/airflow/.local/lib/python3.8/site-packages/airflow/example_dags/example_branch_operator.py
[2026-01-09T12:31:25.769+0000] {logging_mixin.py:188} INFO - [2026-01-09T12:31:25.768+0000] {dag.py:3036} INFO - Sync 1 DAGs
[2026-01-09T12:31:25.810+0000] {logging_mixin.py:188} INFO - [2026-01-09T12:31:25.810+0000] {dag.py:3823} INFO - Setting next_dagrun for example_branch_operator to 2026-01-08 00:00:00+00:00, run_after=2026-01-09 00:00:00+00:00
[2026-01-09T12:31:25.855+0000] {processor.py:183} INFO - Processing /home/airflow/.local/lib/python3.8/site-packages/airflow/example_dags/example_branch_operator.py took 0.186 seconds
[2026-01-09T12:31:56.273+0000] {processor.py:161} INFO - Started process (PID=11415) to work on /home/airflow/.local/lib/python3.8/site-packages/airflow/example_dags/example_branch_operator.py
[2026-01-09T12:31:56.276+0000] {processor.py:830} INFO - Processing file /home/airflow/.local/lib/python3.8/site-packages/airflow/example_dags/example_branch_operator.py for tasks to queue
[2026-01-09T12:31:56.277+0000] {logging_mixin.py:188} INFO - [2026-01-09T12:31:56.277+0000] {dagbag.py:538} INFO - Filling up the DagBag from /home/airflow/.local/lib/python3.8/site-packages/airflow/example_dags/example_branch_operator.py
[2026-01-09T12:31:56.308+0000] {processor.py:840} INFO - DAG(s) 'example_branch_operator' retrieved from /home/airflow/.local/lib/python3.8/site-packages/airflow/example_dags/example_branch_operator.py
[2026-01-09T12:31:56.357+0000] {logging_mixin.py:188} INFO - [2026-01-09T12:31:56.357+0000] {dag.py:3036} INFO - Sync 1 DAGs
[2026-01-09T12:31:56.405+0000] {logging_mixin.py:188} INFO - [2026-01-09T12:31:56.405+0000] {dag.py:3823} INFO - Setting next_dagrun for example_branch_operator to 2026-01-08 00:00:00+00:00, run_after=2026-01-09 00:00:00+00:00
[2026-01-09T12:31:56.444+0000] {processor.py:183} INFO - Processing /home/airflow/.local/lib/python3.8/site-packages/airflow/example_dags/example_branch_operator.py took 0.177 seconds
[2026-01-09T12:32:27.328+0000] {processor.py:161} INFO - Started process (PID=11662) to work on /home/airflow/.local/lib/python3.8/site-packages/airflow/example_dags/example_branch_operator.py
[2026-01-09T12:32:27.331+0000] {processor.py:830} INFO - Processing file /home/airflow/.local/lib/python3.8/site-packages/airflow/example_dags/example_branch_operator.py for tasks to queue
[2026-01-09T12:32:27.332+0000] {logging_mixin.py:188} INFO - [2026-01-09T12:32:27.332+0000] {dagbag.py:538} INFO - Filling up the DagBag from /home/airflow/.local/lib/python3.8/site-packages/airflow/example_dags/example_branch_operator.py
[2026-01-09T12:32:27.383+0000] {processor.py:840} INFO - DAG(s) 'example_branch_operator' retrieved from /home/airflow/.local/lib/python3.8/site-packages/airflow/example_dags/example_branch_operator.py
[2026-01-09T12:32:27.464+0000] {logging_mixin.py:188} INFO - [2026-01-09T12:32:27.463+0000] {dag.py:3036} INFO - Sync 1 DAGs
[2026-01-09T12:32:27.522+0000] {logging_mixin.py:188} INFO - [2026-01-09T12:32:27.521+0000] {dag.py:3823} INFO - Setting next_dagrun for example_branch_operator to 2026-01-08 00:00:00+00:00, run_after=2026-01-09 00:00:00+00:00
[2026-01-09T12:32:27.570+0000] {processor.py:183} INFO - Processing /home/airflow/.local/lib/python3.8/site-packages/airflow/example_dags/example_branch_operator.py took 0.250 seconds
[2026-01-09T12:32:57.848+0000] {processor.py:161} INFO - Started process (PID=11909) to work on /home/airflow/.local/lib/python3.8/site-packages/airflow/example_dags/example_branch_operator.py
[2026-01-09T12:32:57.850+0000] {processor.py:830} INFO - Processing file /home/airflow/.local/lib/python3.8/site-packages/airflow/example_dags/example_branch_operator.py for tasks to queue
[2026-01-09T12:32:57.851+0000] {logging_mixin.py:188} INFO - [2026-01-09T12:32:57.851+0000] {dagbag.py:538} INFO - Filling up the DagBag from /home/airflow/.local/lib/python3.8/site-packages/airflow/example_dags/example_branch_operator.py
[2026-01-09T12:32:57.883+0000] {processor.py:840} INFO - DAG(s) 'example_branch_operator' retrieved from /home/airflow/.local/lib/python3.8/site-packages/airflow/example_dags/example_branch_operator.py
[2026-01-09T12:32:57.942+0000] {logging_mixin.py:188} INFO - [2026-01-09T12:32:57.942+0000] {dag.py:3036} INFO - Sync 1 DAGs
[2026-01-09T12:32:57.990+0000] {logging_mixin.py:188} INFO - [2026-01-09T12:32:57.990+0000] {dag.py:3823} INFO - Setting next_dagrun for example_branch_operator to 2026-01-08 00:00:00+00:00, run_after=2026-01-09 00:00:00+00:00
[2026-01-09T12:32:58.038+0000] {processor.py:183} INFO - Processing /home/airflow/.local/lib/python3.8/site-packages/airflow/example_dags/example_branch_operator.py took 0.197 seconds
[2026-01-09T12:33:28.410+0000] {processor.py:161} INFO - Started process (PID=12156) to work on /home/airflow/.local/lib/python3.8/site-packages/airflow/example_dags/example_branch_operator.py
[2026-01-09T12:33:28.413+0000] {processor.py:830} INFO - Processing file /home/airflow/.local/lib/python3.8/site-packages/airflow/example_dags/example_branch_operator.py for tasks to queue
[2026-01-09T12:33:28.414+0000] {logging_mixin.py:188} INFO - [2026-01-09T12:33:28.414+0000] {dagbag.py:538} INFO - Filling up the DagBag from /home/airflow/.local/lib/python3.8/site-packages/airflow/example_dags/example_branch_operator.py
[2026-01-09T12:33:28.443+0000] {processor.py:840} INFO - DAG(s) 'example_branch_operator' retrieved from /home/airflow/.local/lib/python3.8/site-packages/airflow/example_dags/example_branch_operator.py
[2026-01-09T12:33:28.494+0000] {logging_mixin.py:188} INFO - [2026-01-09T12:33:28.493+0000] {dag.py:3036} INFO - Sync 1 DAGs
[2026-01-09T12:33:28.533+0000] {logging_mixin.py:188} INFO - [2026-01-09T12:33:28.533+0000] {dag.py:3823} INFO - Setting next_dagrun for example_branch_operator to 2026-01-08 00:00:00+00:00, run_after=2026-01-09 00:00:00+00:00
[2026-01-09T12:33:28.575+0000] {processor.py:183} INFO - Processing /home/airflow/.local/lib/python3.8/site-packages/airflow/example_dags/example_branch_operator.py took 0.171 seconds
[2026-01-09T12:33:59.321+0000] {processor.py:161} INFO - Started process (PID=12403) to work on /home/airflow/.local/lib/python3.8/site-packages/airflow/example_dags/example_branch_operator.py
[2026-01-09T12:33:59.323+0000] {processor.py:830} INFO - Processing file /home/airflow/.local/lib/python3.8/site-packages/airflow/example_dags/example_branch_operator.py for tasks to queue
[2026-01-09T12:33:59.325+0000] {logging_mixin.py:188} INFO - [2026-01-09T12:33:59.324+0000] {dagbag.py:538} INFO - Filling up the DagBag from /home/airflow/.local/lib/python3.8/site-packages/airflow/example_dags/example_branch_operator.py
[2026-01-09T12:33:59.364+0000] {processor.py:840} INFO - DAG(s) 'example_branch_operator' retrieved from /home/airflow/.local/lib/python3.8/site-packages/airflow/example_dags/example_branch_operator.py
[2026-01-09T12:33:59.418+0000] {logging_mixin.py:188} INFO - [2026-01-09T12:33:59.417+0000] {dag.py:3036} INFO - Sync 1 DAGs
[2026-01-09T12:33:59.461+0000] {logging_mixin.py:188} INFO - [2026-01-09T12:33:59.461+0000] {dag.py:3823} INFO - Setting next_dagrun for example_branch_operator to 2026-01-08 00:00:00+00:00, run_after=2026-01-09 00:00:00+00:00
[2026-01-09T12:33:59.503+0000] {processor.py:183} INFO - Processing /home/airflow/.local/lib/python3.8/site-packages/airflow/example_dags/example_branch_operator.py took 0.189 seconds
[2026-01-09T12:34:29.880+0000] {processor.py:161} INFO - Started process (PID=12650) to work on /home/airflow/.local/lib/python3.8/site-packages/airflow/example_dags/example_branch_operator.py
[2026-01-09T12:34:29.890+0000] {processor.py:830} INFO - Processing file /home/airflow/.local/lib/python3.8/site-packages/airflow/example_dags/example_branch_operator.py for tasks to queue
[2026-01-09T12:34:29.893+0000] {logging_mixin.py:188} INFO - [2026-01-09T12:34:29.892+0000] {dagbag.py:538} INFO - Filling up the DagBag from /home/airflow/.local/lib/python3.8/site-packages/airflow/example_dags/example_branch_operator.py
[2026-01-09T12:34:29.932+0000] {processor.py:840} INFO - DAG(s) 'example_branch_operator' retrieved from /home/airflow/.local/lib/python3.8/site-packages/airflow/example_dags/example_branch_operator.py
[2026-01-09T12:34:30.004+0000] {logging_mixin.py:188} INFO - [2026-01-09T12:34:30.003+0000] {dag.py:3036} INFO - Sync 1 DAGs
[2026-01-09T12:34:30.075+0000] {logging_mixin.py:188} INFO - [2026-01-09T12:34:30.074+0000] {dag.py:3823} INFO - Setting next_dagrun for example_branch_operator to 2026-01-08 00:00:00+00:00, run_after=2026-01-09 00:00:00+00:00
[2026-01-09T12:34:30.127+0000] {processor.py:183} INFO - Processing /home/airflow/.local/lib/python3.8/site-packages/airflow/example_dags/example_branch_operator.py took 0.260 seconds
[2026-01-09T12:35:00.401+0000] {processor.py:161} INFO - Started process (PID=12897) to work on /home/airflow/.local/lib/python3.8/site-packages/airflow/example_dags/example_branch_operator.py
[2026-01-09T12:35:00.402+0000] {processor.py:830} INFO - Processing file /home/airflow/.local/lib/python3.8/site-packages/airflow/example_dags/example_branch_operator.py for tasks to queue
[2026-01-09T12:35:00.404+0000] {logging_mixin.py:188} INFO - [2026-01-09T12:35:00.403+0000] {dagbag.py:538} INFO - Filling up the DagBag from /home/airflow/.local/lib/python3.8/site-packages/airflow/example_dags/example_branch_operator.py
[2026-01-09T12:35:00.441+0000] {processor.py:840} INFO - DAG(s) 'example_branch_operator' retrieved from /home/airflow/.local/lib/python3.8/site-packages/airflow/example_dags/example_branch_operator.py
[2026-01-09T12:35:00.507+0000] {logging_mixin.py:188} INFO - [2026-01-09T12:35:00.507+0000] {dag.py:3036} INFO - Sync 1 DAGs
[2026-01-09T12:35:00.573+0000] {logging_mixin.py:188} INFO - [2026-01-09T12:35:00.572+0000] {dag.py:3823} INFO - Setting next_dagrun for example_branch_operator to 2026-01-08 00:00:00+00:00, run_after=2026-01-09 00:00:00+00:00
[2026-01-09T12:35:00.616+0000] {processor.py:183} INFO - Processing /home/airflow/.local/lib/python3.8/site-packages/airflow/example_dags/example_branch_operator.py took 0.221 seconds
[2026-01-09T12:35:30.961+0000] {processor.py:161} INFO - Started process (PID=13144) to work on /home/airflow/.local/lib/python3.8/site-packages/airflow/example_dags/example_branch_operator.py
[2026-01-09T12:35:30.964+0000] {processor.py:830} INFO - Processing file /home/airflow/.local/lib/python3.8/site-packages/airflow/example_dags/example_branch_operator.py for tasks to queue
[2026-01-09T12:35:30.966+0000] {logging_mixin.py:188} INFO - [2026-01-09T12:35:30.966+0000] {dagbag.py:538} INFO - Filling up the DagBag from /home/airflow/.local/lib/python3.8/site-packages/airflow/example_dags/example_branch_operator.py
[2026-01-09T12:35:30.996+0000] {processor.py:840} INFO - DAG(s) 'example_branch_operator' retrieved from /home/airflow/.local/lib/python3.8/site-packages/airflow/example_dags/example_branch_operator.py
[2026-01-09T12:35:31.053+0000] {logging_mixin.py:188} INFO - [2026-01-09T12:35:31.053+0000] {dag.py:3036} INFO - Sync 1 DAGs
[2026-01-09T12:35:31.097+0000] {logging_mixin.py:188} INFO - [2026-01-09T12:35:31.096+0000] {dag.py:3823} INFO - Setting next_dagrun for example_branch_operator to 2026-01-08 00:00:00+00:00, run_after=2026-01-09 00:00:00+00:00
[2026-01-09T12:35:31.139+0000] {processor.py:183} INFO - Processing /home/airflow/.local/lib/python3.8/site-packages/airflow/example_dags/example_branch_operator.py took 0.184 seconds
[2026-01-09T12:36:01.944+0000] {processor.py:161} INFO - Started process (PID=13391) to work on /home/airflow/.local/lib/python3.8/site-packages/airflow/example_dags/example_branch_operator.py
[2026-01-09T12:36:01.946+0000] {processor.py:830} INFO - Processing file /home/airflow/.local/lib/python3.8/site-packages/airflow/example_dags/example_branch_operator.py for tasks to queue
[2026-01-09T12:36:01.947+0000] {logging_mixin.py:188} INFO - [2026-01-09T12:36:01.947+0000] {dagbag.py:538} INFO - Filling up the DagBag from /home/airflow/.local/lib/python3.8/site-packages/airflow/example_dags/example_branch_operator.py
[2026-01-09T12:36:01.976+0000] {processor.py:840} INFO - DAG(s) 'example_branch_operator' retrieved from /home/airflow/.local/lib/python3.8/site-packages/airflow/example_dags/example_branch_operator.py
[2026-01-09T12:36:02.031+0000] {logging_mixin.py:188} INFO - [2026-01-09T12:36:02.030+0000] {dag.py:3036} INFO - Sync 1 DAGs
[2026-01-09T12:36:02.100+0000] {logging_mixin.py:188} INFO - [2026-01-09T12:36:02.099+0000] {dag.py:3823} INFO - Setting next_dagrun for example_branch_operator to 2026-01-08 00:00:00+00:00, run_after=2026-01-09 00:00:00+00:00
[2026-01-09T12:36:02.155+0000] {processor.py:183} INFO - Processing /home/airflow/.local/lib/python3.8/site-packages/airflow/example_dags/example_branch_operator.py took 0.217 seconds
[2026-01-09T12:36:32.445+0000] {processor.py:161} INFO - Started process (PID=13638) to work on /home/airflow/.local/lib/python3.8/site-packages/airflow/example_dags/example_branch_operator.py
[2026-01-09T12:36:32.447+0000] {processor.py:830} INFO - Processing file /home/airflow/.local/lib/python3.8/site-packages/airflow/example_dags/example_branch_operator.py for tasks to queue
[2026-01-09T12:36:32.449+0000] {logging_mixin.py:188} INFO - [2026-01-09T12:36:32.449+0000] {dagbag.py:538} INFO - Filling up the DagBag from /home/airflow/.local/lib/python3.8/site-packages/airflow/example_dags/example_branch_operator.py
[2026-01-09T12:36:32.481+0000] {processor.py:840} INFO - DAG(s) 'example_branch_operator' retrieved from /home/airflow/.local/lib/python3.8/site-packages/airflow/example_dags/example_branch_operator.py
[2026-01-09T12:36:32.534+0000] {logging_mixin.py:188} INFO - [2026-01-09T12:36:32.534+0000] {dag.py:3036} INFO - Sync 1 DAGs
[2026-01-09T12:36:32.577+0000] {logging_mixin.py:188} INFO - [2026-01-09T12:36:32.576+0000] {dag.py:3823} INFO - Setting next_dagrun for example_branch_operator to 2026-01-08 00:00:00+00:00, run_after=2026-01-09 00:00:00+00:00
[2026-01-09T12:36:32.625+0000] {processor.py:183} INFO - Processing /home/airflow/.local/lib/python3.8/site-packages/airflow/example_dags/example_branch_operator.py took 0.188 seconds
[2026-01-09T12:37:02.862+0000] {processor.py:161} INFO - Started process (PID=13887) to work on /home/airflow/.local/lib/python3.8/site-packages/airflow/example_dags/example_branch_operator.py
[2026-01-09T12:37:02.863+0000] {processor.py:830} INFO - Processing file /home/airflow/.local/lib/python3.8/site-packages/airflow/example_dags/example_branch_operator.py for tasks to queue
[2026-01-09T12:37:02.864+0000] {logging_mixin.py:188} INFO - [2026-01-09T12:37:02.864+0000] {dagbag.py:538} INFO - Filling up the DagBag from /home/airflow/.local/lib/python3.8/site-packages/airflow/example_dags/example_branch_operator.py
[2026-01-09T12:37:02.894+0000] {processor.py:840} INFO - DAG(s) 'example_branch_operator' retrieved from /home/airflow/.local/lib/python3.8/site-packages/airflow/example_dags/example_branch_operator.py
[2026-01-09T12:37:02.945+0000] {logging_mixin.py:188} INFO - [2026-01-09T12:37:02.945+0000] {dag.py:3036} INFO - Sync 1 DAGs
[2026-01-09T12:37:02.989+0000] {logging_mixin.py:188} INFO - [2026-01-09T12:37:02.989+0000] {dag.py:3823} INFO - Setting next_dagrun for example_branch_operator to 2026-01-08 00:00:00+00:00, run_after=2026-01-09 00:00:00+00:00
[2026-01-09T12:37:03.031+0000] {processor.py:183} INFO - Processing /home/airflow/.local/lib/python3.8/site-packages/airflow/example_dags/example_branch_operator.py took 0.175 seconds
[2026-01-09T12:37:33.116+0000] {processor.py:161} INFO - Started process (PID=14132) to work on /home/airflow/.local/lib/python3.8/site-packages/airflow/example_dags/example_branch_operator.py
[2026-01-09T12:37:33.118+0000] {processor.py:830} INFO - Processing file /home/airflow/.local/lib/python3.8/site-packages/airflow/example_dags/example_branch_operator.py for tasks to queue
[2026-01-09T12:37:33.120+0000] {logging_mixin.py:188} INFO - [2026-01-09T12:37:33.119+0000] {dagbag.py:538} INFO - Filling up the DagBag from /home/airflow/.local/lib/python3.8/site-packages/airflow/example_dags/example_branch_operator.py
[2026-01-09T12:37:33.148+0000] {processor.py:840} INFO - DAG(s) 'example_branch_operator' retrieved from /home/airflow/.local/lib/python3.8/site-packages/airflow/example_dags/example_branch_operator.py
[2026-01-09T12:37:33.195+0000] {logging_mixin.py:188} INFO - [2026-01-09T12:37:33.195+0000] {dag.py:3036} INFO - Sync 1 DAGs
[2026-01-09T12:37:33.233+0000] {logging_mixin.py:188} INFO - [2026-01-09T12:37:33.232+0000] {dag.py:3823} INFO - Setting next_dagrun for example_branch_operator to 2026-01-08 00:00:00+00:00, run_after=2026-01-09 00:00:00+00:00
[2026-01-09T12:37:33.275+0000] {processor.py:183} INFO - Processing /home/airflow/.local/lib/python3.8/site-packages/airflow/example_dags/example_branch_operator.py took 0.165 seconds
[2026-01-09T12:38:03.859+0000] {processor.py:161} INFO - Started process (PID=14379) to work on /home/airflow/.local/lib/python3.8/site-packages/airflow/example_dags/example_branch_operator.py
[2026-01-09T12:38:03.860+0000] {processor.py:830} INFO - Processing file /home/airflow/.local/lib/python3.8/site-packages/airflow/example_dags/example_branch_operator.py for tasks to queue
[2026-01-09T12:38:03.862+0000] {logging_mixin.py:188} INFO - [2026-01-09T12:38:03.861+0000] {dagbag.py:538} INFO - Filling up the DagBag from /home/airflow/.local/lib/python3.8/site-packages/airflow/example_dags/example_branch_operator.py
[2026-01-09T12:38:03.894+0000] {processor.py:840} INFO - DAG(s) 'example_branch_operator' retrieved from /home/airflow/.local/lib/python3.8/site-packages/airflow/example_dags/example_branch_operator.py
[2026-01-09T12:38:03.946+0000] {logging_mixin.py:188} INFO - [2026-01-09T12:38:03.945+0000] {dag.py:3036} INFO - Sync 1 DAGs
[2026-01-09T12:38:03.984+0000] {logging_mixin.py:188} INFO - [2026-01-09T12:38:03.984+0000] {dag.py:3823} INFO - Setting next_dagrun for example_branch_operator to 2026-01-08 00:00:00+00:00, run_after=2026-01-09 00:00:00+00:00
[2026-01-09T12:38:04.034+0000] {processor.py:183} INFO - Processing /home/airflow/.local/lib/python3.8/site-packages/airflow/example_dags/example_branch_operator.py took 0.183 seconds
[2026-01-09T12:38:34.186+0000] {processor.py:161} INFO - Started process (PID=14626) to work on /home/airflow/.local/lib/python3.8/site-packages/airflow/example_dags/example_branch_operator.py
[2026-01-09T12:38:34.189+0000] {processor.py:830} INFO - Processing file /home/airflow/.local/lib/python3.8/site-packages/airflow/example_dags/example_branch_operator.py for tasks to queue
[2026-01-09T12:38:34.191+0000] {logging_mixin.py:188} INFO - [2026-01-09T12:38:34.191+0000] {dagbag.py:538} INFO - Filling up the DagBag from /home/airflow/.local/lib/python3.8/site-packages/airflow/example_dags/example_branch_operator.py
[2026-01-09T12:38:34.224+0000] {processor.py:840} INFO - DAG(s) 'example_branch_operator' retrieved from /home/airflow/.local/lib/python3.8/site-packages/airflow/example_dags/example_branch_operator.py
[2026-01-09T12:38:34.275+0000] {logging_mixin.py:188} INFO - [2026-01-09T12:38:34.275+0000] {dag.py:3036} INFO - Sync 1 DAGs
[2026-01-09T12:38:34.313+0000] {logging_mixin.py:188} INFO - [2026-01-09T12:38:34.312+0000] {dag.py:3823} INFO - Setting next_dagrun for example_branch_operator to 2026-01-08 00:00:00+00:00, run_after=2026-01-09 00:00:00+00:00
[2026-01-09T12:38:34.356+0000] {processor.py:183} INFO - Processing /home/airflow/.local/lib/python3.8/site-packages/airflow/example_dags/example_branch_operator.py took 0.177 seconds
[2026-01-09T12:39:05.080+0000] {processor.py:161} INFO - Started process (PID=14873) to work on /home/airflow/.local/lib/python3.8/site-packages/airflow/example_dags/example_branch_operator.py
[2026-01-09T12:39:05.082+0000] {processor.py:830} INFO - Processing file /home/airflow/.local/lib/python3.8/site-packages/airflow/example_dags/example_branch_operator.py for tasks to queue
[2026-01-09T12:39:05.084+0000] {logging_mixin.py:188} INFO - [2026-01-09T12:39:05.083+0000] {dagbag.py:538} INFO - Filling up the DagBag from /home/airflow/.local/lib/python3.8/site-packages/airflow/example_dags/example_branch_operator.py
[2026-01-09T12:39:05.113+0000] {processor.py:840} INFO - DAG(s) 'example_branch_operator' retrieved from /home/airflow/.local/lib/python3.8/site-packages/airflow/example_dags/example_branch_operator.py
[2026-01-09T12:39:05.165+0000] {logging_mixin.py:188} INFO - [2026-01-09T12:39:05.165+0000] {dag.py:3036} INFO - Sync 1 DAGs
[2026-01-09T12:39:05.201+0000] {logging_mixin.py:188} INFO - [2026-01-09T12:39:05.201+0000] {dag.py:3823} INFO - Setting next_dagrun for example_branch_operator to 2026-01-08 00:00:00+00:00, run_after=2026-01-09 00:00:00+00:00
[2026-01-09T12:39:05.242+0000] {processor.py:183} INFO - Processing /home/airflow/.local/lib/python3.8/site-packages/airflow/example_dags/example_branch_operator.py took 0.168 seconds
[2026-01-09T12:39:35.773+0000] {processor.py:161} INFO - Started process (PID=15120) to work on /home/airflow/.local/lib/python3.8/site-packages/airflow/example_dags/example_branch_operator.py
[2026-01-09T12:39:35.775+0000] {processor.py:830} INFO - Processing file /home/airflow/.local/lib/python3.8/site-packages/airflow/example_dags/example_branch_operator.py for tasks to queue
[2026-01-09T12:39:35.777+0000] {logging_mixin.py:188} INFO - [2026-01-09T12:39:35.777+0000] {dagbag.py:538} INFO - Filling up the DagBag from /home/airflow/.local/lib/python3.8/site-packages/airflow/example_dags/example_branch_operator.py
[2026-01-09T12:39:35.807+0000] {processor.py:840} INFO - DAG(s) 'example_branch_operator' retrieved from /home/airflow/.local/lib/python3.8/site-packages/airflow/example_dags/example_branch_operator.py
[2026-01-09T12:39:35.852+0000] {logging_mixin.py:188} INFO - [2026-01-09T12:39:35.852+0000] {dag.py:3036} INFO - Sync 1 DAGs
[2026-01-09T12:39:35.891+0000] {logging_mixin.py:188} INFO - [2026-01-09T12:39:35.890+0000] {dag.py:3823} INFO - Setting next_dagrun for example_branch_operator to 2026-01-08 00:00:00+00:00, run_after=2026-01-09 00:00:00+00:00
[2026-01-09T12:39:36.122+0000] {processor.py:183} INFO - Processing /home/airflow/.local/lib/python3.8/site-packages/airflow/example_dags/example_branch_operator.py took 0.358 seconds
