[2026-01-09T12:08:59.738+0000] {processor.py:161} INFO - Started process (PID=384) to work on /home/airflow/.local/lib/python3.8/site-packages/airflow/example_dags/example_skip_dag.py
[2026-01-09T12:08:59.739+0000] {processor.py:830} INFO - Processing file /home/airflow/.local/lib/python3.8/site-packages/airflow/example_dags/example_skip_dag.py for tasks to queue
[2026-01-09T12:08:59.741+0000] {logging_mixin.py:188} INFO - [2026-01-09T12:08:59.740+0000] {dagbag.py:538} INFO - Filling up the DagBag from /home/airflow/.local/lib/python3.8/site-packages/airflow/example_dags/example_skip_dag.py
[2026-01-09T12:08:59.752+0000] {processor.py:840} INFO - DAG(s) 'example_skip_dag' retrieved from /home/airflow/.local/lib/python3.8/site-packages/airflow/example_dags/example_skip_dag.py
[2026-01-09T12:08:59.926+0000] {logging_mixin.py:188} INFO - [2026-01-09T12:08:59.926+0000] {dag.py:3036} INFO - Sync 1 DAGs
[2026-01-09T12:08:59.964+0000] {logging_mixin.py:188} INFO - [2026-01-09T12:08:59.963+0000] {dag.py:3823} INFO - Setting next_dagrun for example_skip_dag to 2026-01-08 00:00:00+00:00, run_after=2026-01-09 00:00:00+00:00
[2026-01-09T12:09:00.010+0000] {processor.py:183} INFO - Processing /home/airflow/.local/lib/python3.8/site-packages/airflow/example_dags/example_skip_dag.py took 0.277 seconds
[2026-01-09T12:09:30.828+0000] {processor.py:161} INFO - Started process (PID=631) to work on /home/airflow/.local/lib/python3.8/site-packages/airflow/example_dags/example_skip_dag.py
[2026-01-09T12:09:30.839+0000] {processor.py:830} INFO - Processing file /home/airflow/.local/lib/python3.8/site-packages/airflow/example_dags/example_skip_dag.py for tasks to queue
[2026-01-09T12:09:30.841+0000] {logging_mixin.py:188} INFO - [2026-01-09T12:09:30.840+0000] {dagbag.py:538} INFO - Filling up the DagBag from /home/airflow/.local/lib/python3.8/site-packages/airflow/example_dags/example_skip_dag.py
[2026-01-09T12:09:30.864+0000] {processor.py:840} INFO - DAG(s) 'example_skip_dag' retrieved from /home/airflow/.local/lib/python3.8/site-packages/airflow/example_dags/example_skip_dag.py
[2026-01-09T12:09:30.923+0000] {logging_mixin.py:188} INFO - [2026-01-09T12:09:30.923+0000] {dag.py:3036} INFO - Sync 1 DAGs
[2026-01-09T12:09:30.965+0000] {logging_mixin.py:188} INFO - [2026-01-09T12:09:30.964+0000] {dag.py:3823} INFO - Setting next_dagrun for example_skip_dag to 2026-01-08 00:00:00+00:00, run_after=2026-01-09 00:00:00+00:00
[2026-01-09T12:09:31.004+0000] {processor.py:183} INFO - Processing /home/airflow/.local/lib/python3.8/site-packages/airflow/example_dags/example_skip_dag.py took 0.197 seconds
[2026-01-09T12:10:01.240+0000] {processor.py:161} INFO - Started process (PID=878) to work on /home/airflow/.local/lib/python3.8/site-packages/airflow/example_dags/example_skip_dag.py
[2026-01-09T12:10:01.243+0000] {processor.py:830} INFO - Processing file /home/airflow/.local/lib/python3.8/site-packages/airflow/example_dags/example_skip_dag.py for tasks to queue
[2026-01-09T12:10:01.244+0000] {logging_mixin.py:188} INFO - [2026-01-09T12:10:01.244+0000] {dagbag.py:538} INFO - Filling up the DagBag from /home/airflow/.local/lib/python3.8/site-packages/airflow/example_dags/example_skip_dag.py
[2026-01-09T12:10:01.259+0000] {processor.py:840} INFO - DAG(s) 'example_skip_dag' retrieved from /home/airflow/.local/lib/python3.8/site-packages/airflow/example_dags/example_skip_dag.py
[2026-01-09T12:10:01.306+0000] {logging_mixin.py:188} INFO - [2026-01-09T12:10:01.305+0000] {dag.py:3036} INFO - Sync 1 DAGs
[2026-01-09T12:10:01.354+0000] {logging_mixin.py:188} INFO - [2026-01-09T12:10:01.354+0000] {dag.py:3823} INFO - Setting next_dagrun for example_skip_dag to 2026-01-08 00:00:00+00:00, run_after=2026-01-09 00:00:00+00:00
[2026-01-09T12:10:01.402+0000] {processor.py:183} INFO - Processing /home/airflow/.local/lib/python3.8/site-packages/airflow/example_dags/example_skip_dag.py took 0.170 seconds
[2026-01-09T12:10:31.855+0000] {processor.py:161} INFO - Started process (PID=1125) to work on /home/airflow/.local/lib/python3.8/site-packages/airflow/example_dags/example_skip_dag.py
[2026-01-09T12:10:31.858+0000] {processor.py:830} INFO - Processing file /home/airflow/.local/lib/python3.8/site-packages/airflow/example_dags/example_skip_dag.py for tasks to queue
[2026-01-09T12:10:31.861+0000] {logging_mixin.py:188} INFO - [2026-01-09T12:10:31.860+0000] {dagbag.py:538} INFO - Filling up the DagBag from /home/airflow/.local/lib/python3.8/site-packages/airflow/example_dags/example_skip_dag.py
[2026-01-09T12:10:31.874+0000] {processor.py:840} INFO - DAG(s) 'example_skip_dag' retrieved from /home/airflow/.local/lib/python3.8/site-packages/airflow/example_dags/example_skip_dag.py
[2026-01-09T12:10:31.983+0000] {logging_mixin.py:188} INFO - [2026-01-09T12:10:31.983+0000] {dag.py:3036} INFO - Sync 1 DAGs
[2026-01-09T12:10:32.080+0000] {logging_mixin.py:188} INFO - [2026-01-09T12:10:32.080+0000] {dag.py:3823} INFO - Setting next_dagrun for example_skip_dag to 2026-01-08 00:00:00+00:00, run_after=2026-01-09 00:00:00+00:00
[2026-01-09T12:10:32.136+0000] {processor.py:183} INFO - Processing /home/airflow/.local/lib/python3.8/site-packages/airflow/example_dags/example_skip_dag.py took 0.292 seconds
[2026-01-09T12:11:02.242+0000] {processor.py:161} INFO - Started process (PID=1372) to work on /home/airflow/.local/lib/python3.8/site-packages/airflow/example_dags/example_skip_dag.py
[2026-01-09T12:11:02.245+0000] {processor.py:830} INFO - Processing file /home/airflow/.local/lib/python3.8/site-packages/airflow/example_dags/example_skip_dag.py for tasks to queue
[2026-01-09T12:11:02.247+0000] {logging_mixin.py:188} INFO - [2026-01-09T12:11:02.246+0000] {dagbag.py:538} INFO - Filling up the DagBag from /home/airflow/.local/lib/python3.8/site-packages/airflow/example_dags/example_skip_dag.py
[2026-01-09T12:11:02.263+0000] {processor.py:840} INFO - DAG(s) 'example_skip_dag' retrieved from /home/airflow/.local/lib/python3.8/site-packages/airflow/example_dags/example_skip_dag.py
[2026-01-09T12:11:02.317+0000] {logging_mixin.py:188} INFO - [2026-01-09T12:11:02.316+0000] {dag.py:3036} INFO - Sync 1 DAGs
[2026-01-09T12:11:02.365+0000] {logging_mixin.py:188} INFO - [2026-01-09T12:11:02.364+0000] {dag.py:3823} INFO - Setting next_dagrun for example_skip_dag to 2026-01-08 00:00:00+00:00, run_after=2026-01-09 00:00:00+00:00
[2026-01-09T12:11:02.415+0000] {processor.py:183} INFO - Processing /home/airflow/.local/lib/python3.8/site-packages/airflow/example_dags/example_skip_dag.py took 0.182 seconds
[2026-01-09T12:11:32.893+0000] {processor.py:161} INFO - Started process (PID=1619) to work on /home/airflow/.local/lib/python3.8/site-packages/airflow/example_dags/example_skip_dag.py
[2026-01-09T12:11:32.896+0000] {processor.py:830} INFO - Processing file /home/airflow/.local/lib/python3.8/site-packages/airflow/example_dags/example_skip_dag.py for tasks to queue
[2026-01-09T12:11:32.898+0000] {logging_mixin.py:188} INFO - [2026-01-09T12:11:32.897+0000] {dagbag.py:538} INFO - Filling up the DagBag from /home/airflow/.local/lib/python3.8/site-packages/airflow/example_dags/example_skip_dag.py
[2026-01-09T12:11:32.913+0000] {processor.py:840} INFO - DAG(s) 'example_skip_dag' retrieved from /home/airflow/.local/lib/python3.8/site-packages/airflow/example_dags/example_skip_dag.py
[2026-01-09T12:11:32.961+0000] {logging_mixin.py:188} INFO - [2026-01-09T12:11:32.960+0000] {dag.py:3036} INFO - Sync 1 DAGs
[2026-01-09T12:11:33.005+0000] {logging_mixin.py:188} INFO - [2026-01-09T12:11:33.004+0000] {dag.py:3823} INFO - Setting next_dagrun for example_skip_dag to 2026-01-08 00:00:00+00:00, run_after=2026-01-09 00:00:00+00:00
[2026-01-09T12:11:33.070+0000] {processor.py:183} INFO - Processing /home/airflow/.local/lib/python3.8/site-packages/airflow/example_dags/example_skip_dag.py took 0.185 seconds
[2026-01-09T12:12:03.141+0000] {processor.py:161} INFO - Started process (PID=1865) to work on /home/airflow/.local/lib/python3.8/site-packages/airflow/example_dags/example_skip_dag.py
[2026-01-09T12:12:03.169+0000] {processor.py:830} INFO - Processing file /home/airflow/.local/lib/python3.8/site-packages/airflow/example_dags/example_skip_dag.py for tasks to queue
[2026-01-09T12:12:03.172+0000] {logging_mixin.py:188} INFO - [2026-01-09T12:12:03.170+0000] {dagbag.py:538} INFO - Filling up the DagBag from /home/airflow/.local/lib/python3.8/site-packages/airflow/example_dags/example_skip_dag.py
[2026-01-09T12:12:03.191+0000] {processor.py:840} INFO - DAG(s) 'example_skip_dag' retrieved from /home/airflow/.local/lib/python3.8/site-packages/airflow/example_dags/example_skip_dag.py
[2026-01-09T12:12:03.242+0000] {logging_mixin.py:188} INFO - [2026-01-09T12:12:03.241+0000] {dag.py:3036} INFO - Sync 1 DAGs
[2026-01-09T12:12:03.292+0000] {logging_mixin.py:188} INFO - [2026-01-09T12:12:03.291+0000] {dag.py:3823} INFO - Setting next_dagrun for example_skip_dag to 2026-01-08 00:00:00+00:00, run_after=2026-01-09 00:00:00+00:00
[2026-01-09T12:12:03.342+0000] {processor.py:183} INFO - Processing /home/airflow/.local/lib/python3.8/site-packages/airflow/example_dags/example_skip_dag.py took 0.209 seconds
[2026-01-09T12:12:34.130+0000] {processor.py:161} INFO - Started process (PID=2114) to work on /home/airflow/.local/lib/python3.8/site-packages/airflow/example_dags/example_skip_dag.py
[2026-01-09T12:12:34.133+0000] {processor.py:830} INFO - Processing file /home/airflow/.local/lib/python3.8/site-packages/airflow/example_dags/example_skip_dag.py for tasks to queue
[2026-01-09T12:12:34.134+0000] {logging_mixin.py:188} INFO - [2026-01-09T12:12:34.134+0000] {dagbag.py:538} INFO - Filling up the DagBag from /home/airflow/.local/lib/python3.8/site-packages/airflow/example_dags/example_skip_dag.py
[2026-01-09T12:12:34.147+0000] {processor.py:840} INFO - DAG(s) 'example_skip_dag' retrieved from /home/airflow/.local/lib/python3.8/site-packages/airflow/example_dags/example_skip_dag.py
[2026-01-09T12:12:34.188+0000] {logging_mixin.py:188} INFO - [2026-01-09T12:12:34.187+0000] {dag.py:3036} INFO - Sync 1 DAGs
[2026-01-09T12:12:34.222+0000] {logging_mixin.py:188} INFO - [2026-01-09T12:12:34.221+0000] {dag.py:3823} INFO - Setting next_dagrun for example_skip_dag to 2026-01-08 00:00:00+00:00, run_after=2026-01-09 00:00:00+00:00
[2026-01-09T12:12:34.258+0000] {processor.py:183} INFO - Processing /home/airflow/.local/lib/python3.8/site-packages/airflow/example_dags/example_skip_dag.py took 0.134 seconds
[2026-01-09T12:13:04.919+0000] {processor.py:161} INFO - Started process (PID=2361) to work on /home/airflow/.local/lib/python3.8/site-packages/airflow/example_dags/example_skip_dag.py
[2026-01-09T12:13:04.939+0000] {processor.py:830} INFO - Processing file /home/airflow/.local/lib/python3.8/site-packages/airflow/example_dags/example_skip_dag.py for tasks to queue
[2026-01-09T12:13:04.942+0000] {logging_mixin.py:188} INFO - [2026-01-09T12:13:04.941+0000] {dagbag.py:538} INFO - Filling up the DagBag from /home/airflow/.local/lib/python3.8/site-packages/airflow/example_dags/example_skip_dag.py
[2026-01-09T12:13:04.958+0000] {processor.py:840} INFO - DAG(s) 'example_skip_dag' retrieved from /home/airflow/.local/lib/python3.8/site-packages/airflow/example_dags/example_skip_dag.py
[2026-01-09T12:13:05.012+0000] {logging_mixin.py:188} INFO - [2026-01-09T12:13:05.012+0000] {dag.py:3036} INFO - Sync 1 DAGs
[2026-01-09T12:13:05.054+0000] {logging_mixin.py:188} INFO - [2026-01-09T12:13:05.053+0000] {dag.py:3823} INFO - Setting next_dagrun for example_skip_dag to 2026-01-08 00:00:00+00:00, run_after=2026-01-09 00:00:00+00:00
[2026-01-09T12:13:05.126+0000] {processor.py:183} INFO - Processing /home/airflow/.local/lib/python3.8/site-packages/airflow/example_dags/example_skip_dag.py took 0.214 seconds
[2026-01-09T12:13:35.941+0000] {processor.py:161} INFO - Started process (PID=2608) to work on /home/airflow/.local/lib/python3.8/site-packages/airflow/example_dags/example_skip_dag.py
[2026-01-09T12:13:35.942+0000] {processor.py:830} INFO - Processing file /home/airflow/.local/lib/python3.8/site-packages/airflow/example_dags/example_skip_dag.py for tasks to queue
[2026-01-09T12:13:35.944+0000] {logging_mixin.py:188} INFO - [2026-01-09T12:13:35.943+0000] {dagbag.py:538} INFO - Filling up the DagBag from /home/airflow/.local/lib/python3.8/site-packages/airflow/example_dags/example_skip_dag.py
[2026-01-09T12:13:35.955+0000] {processor.py:840} INFO - DAG(s) 'example_skip_dag' retrieved from /home/airflow/.local/lib/python3.8/site-packages/airflow/example_dags/example_skip_dag.py
[2026-01-09T12:13:35.993+0000] {logging_mixin.py:188} INFO - [2026-01-09T12:13:35.993+0000] {dag.py:3036} INFO - Sync 1 DAGs
[2026-01-09T12:13:36.031+0000] {logging_mixin.py:188} INFO - [2026-01-09T12:13:36.031+0000] {dag.py:3823} INFO - Setting next_dagrun for example_skip_dag to 2026-01-08 00:00:00+00:00, run_after=2026-01-09 00:00:00+00:00
[2026-01-09T12:13:36.077+0000] {processor.py:183} INFO - Processing /home/airflow/.local/lib/python3.8/site-packages/airflow/example_dags/example_skip_dag.py took 0.143 seconds
[2026-01-09T12:14:06.284+0000] {processor.py:161} INFO - Started process (PID=2855) to work on /home/airflow/.local/lib/python3.8/site-packages/airflow/example_dags/example_skip_dag.py
[2026-01-09T12:14:06.288+0000] {processor.py:830} INFO - Processing file /home/airflow/.local/lib/python3.8/site-packages/airflow/example_dags/example_skip_dag.py for tasks to queue
[2026-01-09T12:14:06.290+0000] {logging_mixin.py:188} INFO - [2026-01-09T12:14:06.289+0000] {dagbag.py:538} INFO - Filling up the DagBag from /home/airflow/.local/lib/python3.8/site-packages/airflow/example_dags/example_skip_dag.py
[2026-01-09T12:14:06.309+0000] {processor.py:840} INFO - DAG(s) 'example_skip_dag' retrieved from /home/airflow/.local/lib/python3.8/site-packages/airflow/example_dags/example_skip_dag.py
[2026-01-09T12:14:06.353+0000] {logging_mixin.py:188} INFO - [2026-01-09T12:14:06.353+0000] {dag.py:3036} INFO - Sync 1 DAGs
[2026-01-09T12:14:06.393+0000] {logging_mixin.py:188} INFO - [2026-01-09T12:14:06.392+0000] {dag.py:3823} INFO - Setting next_dagrun for example_skip_dag to 2026-01-08 00:00:00+00:00, run_after=2026-01-09 00:00:00+00:00
[2026-01-09T12:14:06.439+0000] {processor.py:183} INFO - Processing /home/airflow/.local/lib/python3.8/site-packages/airflow/example_dags/example_skip_dag.py took 0.162 seconds
[2026-01-09T12:14:36.610+0000] {processor.py:161} INFO - Started process (PID=3100) to work on /home/airflow/.local/lib/python3.8/site-packages/airflow/example_dags/example_skip_dag.py
[2026-01-09T12:14:36.612+0000] {processor.py:830} INFO - Processing file /home/airflow/.local/lib/python3.8/site-packages/airflow/example_dags/example_skip_dag.py for tasks to queue
[2026-01-09T12:14:36.614+0000] {logging_mixin.py:188} INFO - [2026-01-09T12:14:36.614+0000] {dagbag.py:538} INFO - Filling up the DagBag from /home/airflow/.local/lib/python3.8/site-packages/airflow/example_dags/example_skip_dag.py
[2026-01-09T12:14:36.631+0000] {processor.py:840} INFO - DAG(s) 'example_skip_dag' retrieved from /home/airflow/.local/lib/python3.8/site-packages/airflow/example_dags/example_skip_dag.py
[2026-01-09T12:14:36.670+0000] {logging_mixin.py:188} INFO - [2026-01-09T12:14:36.669+0000] {dag.py:3036} INFO - Sync 1 DAGs
[2026-01-09T12:14:36.706+0000] {logging_mixin.py:188} INFO - [2026-01-09T12:14:36.706+0000] {dag.py:3823} INFO - Setting next_dagrun for example_skip_dag to 2026-01-08 00:00:00+00:00, run_after=2026-01-09 00:00:00+00:00
[2026-01-09T12:14:36.746+0000] {processor.py:183} INFO - Processing /home/airflow/.local/lib/python3.8/site-packages/airflow/example_dags/example_skip_dag.py took 0.145 seconds
[2026-01-09T12:15:07.984+0000] {processor.py:161} INFO - Started process (PID=3349) to work on /home/airflow/.local/lib/python3.8/site-packages/airflow/example_dags/example_skip_dag.py
[2026-01-09T12:15:08.027+0000] {processor.py:830} INFO - Processing file /home/airflow/.local/lib/python3.8/site-packages/airflow/example_dags/example_skip_dag.py for tasks to queue
[2026-01-09T12:15:08.029+0000] {logging_mixin.py:188} INFO - [2026-01-09T12:15:08.028+0000] {dagbag.py:538} INFO - Filling up the DagBag from /home/airflow/.local/lib/python3.8/site-packages/airflow/example_dags/example_skip_dag.py
[2026-01-09T12:15:08.128+0000] {processor.py:840} INFO - DAG(s) 'example_skip_dag' retrieved from /home/airflow/.local/lib/python3.8/site-packages/airflow/example_dags/example_skip_dag.py
[2026-01-09T12:15:08.212+0000] {logging_mixin.py:188} INFO - [2026-01-09T12:15:08.211+0000] {dag.py:3036} INFO - Sync 1 DAGs
[2026-01-09T12:15:08.294+0000] {logging_mixin.py:188} INFO - [2026-01-09T12:15:08.293+0000] {dag.py:3823} INFO - Setting next_dagrun for example_skip_dag to 2026-01-08 00:00:00+00:00, run_after=2026-01-09 00:00:00+00:00
[2026-01-09T12:15:08.509+0000] {processor.py:183} INFO - Processing /home/airflow/.local/lib/python3.8/site-packages/airflow/example_dags/example_skip_dag.py took 0.533 seconds
[2026-01-09T12:15:38.756+0000] {processor.py:161} INFO - Started process (PID=3601) to work on /home/airflow/.local/lib/python3.8/site-packages/airflow/example_dags/example_skip_dag.py
[2026-01-09T12:15:38.758+0000] {processor.py:830} INFO - Processing file /home/airflow/.local/lib/python3.8/site-packages/airflow/example_dags/example_skip_dag.py for tasks to queue
[2026-01-09T12:15:38.759+0000] {logging_mixin.py:188} INFO - [2026-01-09T12:15:38.759+0000] {dagbag.py:538} INFO - Filling up the DagBag from /home/airflow/.local/lib/python3.8/site-packages/airflow/example_dags/example_skip_dag.py
[2026-01-09T12:15:38.775+0000] {processor.py:840} INFO - DAG(s) 'example_skip_dag' retrieved from /home/airflow/.local/lib/python3.8/site-packages/airflow/example_dags/example_skip_dag.py
[2026-01-09T12:15:38.814+0000] {logging_mixin.py:188} INFO - [2026-01-09T12:15:38.814+0000] {dag.py:3036} INFO - Sync 1 DAGs
[2026-01-09T12:15:38.856+0000] {logging_mixin.py:188} INFO - [2026-01-09T12:15:38.856+0000] {dag.py:3823} INFO - Setting next_dagrun for example_skip_dag to 2026-01-08 00:00:00+00:00, run_after=2026-01-09 00:00:00+00:00
[2026-01-09T12:15:38.904+0000] {processor.py:183} INFO - Processing /home/airflow/.local/lib/python3.8/site-packages/airflow/example_dags/example_skip_dag.py took 0.156 seconds
[2026-01-09T12:16:09.068+0000] {processor.py:161} INFO - Started process (PID=3847) to work on /home/airflow/.local/lib/python3.8/site-packages/airflow/example_dags/example_skip_dag.py
[2026-01-09T12:16:09.071+0000] {processor.py:830} INFO - Processing file /home/airflow/.local/lib/python3.8/site-packages/airflow/example_dags/example_skip_dag.py for tasks to queue
[2026-01-09T12:16:09.072+0000] {logging_mixin.py:188} INFO - [2026-01-09T12:16:09.072+0000] {dagbag.py:538} INFO - Filling up the DagBag from /home/airflow/.local/lib/python3.8/site-packages/airflow/example_dags/example_skip_dag.py
[2026-01-09T12:16:09.084+0000] {processor.py:840} INFO - DAG(s) 'example_skip_dag' retrieved from /home/airflow/.local/lib/python3.8/site-packages/airflow/example_dags/example_skip_dag.py
[2026-01-09T12:16:09.125+0000] {logging_mixin.py:188} INFO - [2026-01-09T12:16:09.125+0000] {dag.py:3036} INFO - Sync 1 DAGs
[2026-01-09T12:16:09.166+0000] {logging_mixin.py:188} INFO - [2026-01-09T12:16:09.166+0000] {dag.py:3823} INFO - Setting next_dagrun for example_skip_dag to 2026-01-08 00:00:00+00:00, run_after=2026-01-09 00:00:00+00:00
[2026-01-09T12:16:09.203+0000] {processor.py:183} INFO - Processing /home/airflow/.local/lib/python3.8/site-packages/airflow/example_dags/example_skip_dag.py took 0.142 seconds
[2026-01-09T12:16:39.333+0000] {processor.py:161} INFO - Started process (PID=4092) to work on /home/airflow/.local/lib/python3.8/site-packages/airflow/example_dags/example_skip_dag.py
[2026-01-09T12:16:39.336+0000] {processor.py:830} INFO - Processing file /home/airflow/.local/lib/python3.8/site-packages/airflow/example_dags/example_skip_dag.py for tasks to queue
[2026-01-09T12:16:39.338+0000] {logging_mixin.py:188} INFO - [2026-01-09T12:16:39.337+0000] {dagbag.py:538} INFO - Filling up the DagBag from /home/airflow/.local/lib/python3.8/site-packages/airflow/example_dags/example_skip_dag.py
[2026-01-09T12:16:39.356+0000] {processor.py:840} INFO - DAG(s) 'example_skip_dag' retrieved from /home/airflow/.local/lib/python3.8/site-packages/airflow/example_dags/example_skip_dag.py
[2026-01-09T12:16:39.397+0000] {logging_mixin.py:188} INFO - [2026-01-09T12:16:39.397+0000] {dag.py:3036} INFO - Sync 1 DAGs
[2026-01-09T12:16:39.434+0000] {logging_mixin.py:188} INFO - [2026-01-09T12:16:39.434+0000] {dag.py:3823} INFO - Setting next_dagrun for example_skip_dag to 2026-01-08 00:00:00+00:00, run_after=2026-01-09 00:00:00+00:00
[2026-01-09T12:16:39.509+0000] {processor.py:183} INFO - Processing /home/airflow/.local/lib/python3.8/site-packages/airflow/example_dags/example_skip_dag.py took 0.185 seconds
[2026-01-09T12:17:09.710+0000] {processor.py:161} INFO - Started process (PID=4341) to work on /home/airflow/.local/lib/python3.8/site-packages/airflow/example_dags/example_skip_dag.py
[2026-01-09T12:17:09.715+0000] {processor.py:830} INFO - Processing file /home/airflow/.local/lib/python3.8/site-packages/airflow/example_dags/example_skip_dag.py for tasks to queue
[2026-01-09T12:17:09.717+0000] {logging_mixin.py:188} INFO - [2026-01-09T12:17:09.716+0000] {dagbag.py:538} INFO - Filling up the DagBag from /home/airflow/.local/lib/python3.8/site-packages/airflow/example_dags/example_skip_dag.py
[2026-01-09T12:17:09.730+0000] {processor.py:840} INFO - DAG(s) 'example_skip_dag' retrieved from /home/airflow/.local/lib/python3.8/site-packages/airflow/example_dags/example_skip_dag.py
[2026-01-09T12:17:09.768+0000] {logging_mixin.py:188} INFO - [2026-01-09T12:17:09.768+0000] {dag.py:3036} INFO - Sync 1 DAGs
[2026-01-09T12:17:09.802+0000] {logging_mixin.py:188} INFO - [2026-01-09T12:17:09.801+0000] {dag.py:3823} INFO - Setting next_dagrun for example_skip_dag to 2026-01-08 00:00:00+00:00, run_after=2026-01-09 00:00:00+00:00
[2026-01-09T12:17:09.842+0000] {processor.py:183} INFO - Processing /home/airflow/.local/lib/python3.8/site-packages/airflow/example_dags/example_skip_dag.py took 0.138 seconds
[2026-01-09T12:17:39.906+0000] {processor.py:161} INFO - Started process (PID=4588) to work on /home/airflow/.local/lib/python3.8/site-packages/airflow/example_dags/example_skip_dag.py
[2026-01-09T12:17:39.908+0000] {processor.py:830} INFO - Processing file /home/airflow/.local/lib/python3.8/site-packages/airflow/example_dags/example_skip_dag.py for tasks to queue
[2026-01-09T12:17:39.909+0000] {logging_mixin.py:188} INFO - [2026-01-09T12:17:39.909+0000] {dagbag.py:538} INFO - Filling up the DagBag from /home/airflow/.local/lib/python3.8/site-packages/airflow/example_dags/example_skip_dag.py
[2026-01-09T12:17:39.921+0000] {processor.py:840} INFO - DAG(s) 'example_skip_dag' retrieved from /home/airflow/.local/lib/python3.8/site-packages/airflow/example_dags/example_skip_dag.py
[2026-01-09T12:17:39.962+0000] {logging_mixin.py:188} INFO - [2026-01-09T12:17:39.962+0000] {dag.py:3036} INFO - Sync 1 DAGs
[2026-01-09T12:17:39.996+0000] {logging_mixin.py:188} INFO - [2026-01-09T12:17:39.995+0000] {dag.py:3823} INFO - Setting next_dagrun for example_skip_dag to 2026-01-08 00:00:00+00:00, run_after=2026-01-09 00:00:00+00:00
[2026-01-09T12:17:40.033+0000] {processor.py:183} INFO - Processing /home/airflow/.local/lib/python3.8/site-packages/airflow/example_dags/example_skip_dag.py took 0.134 seconds
[2026-01-09T12:18:10.845+0000] {processor.py:161} INFO - Started process (PID=4828) to work on /home/airflow/.local/lib/python3.8/site-packages/airflow/example_dags/example_skip_dag.py
[2026-01-09T12:18:10.850+0000] {processor.py:830} INFO - Processing file /home/airflow/.local/lib/python3.8/site-packages/airflow/example_dags/example_skip_dag.py for tasks to queue
[2026-01-09T12:18:10.852+0000] {logging_mixin.py:188} INFO - [2026-01-09T12:18:10.851+0000] {dagbag.py:538} INFO - Filling up the DagBag from /home/airflow/.local/lib/python3.8/site-packages/airflow/example_dags/example_skip_dag.py
[2026-01-09T12:18:10.867+0000] {processor.py:840} INFO - DAG(s) 'example_skip_dag' retrieved from /home/airflow/.local/lib/python3.8/site-packages/airflow/example_dags/example_skip_dag.py
[2026-01-09T12:18:10.914+0000] {logging_mixin.py:188} INFO - [2026-01-09T12:18:10.914+0000] {dag.py:3036} INFO - Sync 1 DAGs
[2026-01-09T12:18:10.961+0000] {logging_mixin.py:188} INFO - [2026-01-09T12:18:10.961+0000] {dag.py:3823} INFO - Setting next_dagrun for example_skip_dag to 2026-01-08 00:00:00+00:00, run_after=2026-01-09 00:00:00+00:00
[2026-01-09T12:18:11.007+0000] {processor.py:183} INFO - Processing /home/airflow/.local/lib/python3.8/site-packages/airflow/example_dags/example_skip_dag.py took 0.169 seconds
[2026-01-09T12:18:41.529+0000] {processor.py:161} INFO - Started process (PID=5075) to work on /home/airflow/.local/lib/python3.8/site-packages/airflow/example_dags/example_skip_dag.py
[2026-01-09T12:18:41.531+0000] {processor.py:830} INFO - Processing file /home/airflow/.local/lib/python3.8/site-packages/airflow/example_dags/example_skip_dag.py for tasks to queue
[2026-01-09T12:18:41.533+0000] {logging_mixin.py:188} INFO - [2026-01-09T12:18:41.532+0000] {dagbag.py:538} INFO - Filling up the DagBag from /home/airflow/.local/lib/python3.8/site-packages/airflow/example_dags/example_skip_dag.py
[2026-01-09T12:18:41.549+0000] {processor.py:840} INFO - DAG(s) 'example_skip_dag' retrieved from /home/airflow/.local/lib/python3.8/site-packages/airflow/example_dags/example_skip_dag.py
[2026-01-09T12:18:41.597+0000] {logging_mixin.py:188} INFO - [2026-01-09T12:18:41.596+0000] {dag.py:3036} INFO - Sync 1 DAGs
[2026-01-09T12:18:41.637+0000] {logging_mixin.py:188} INFO - [2026-01-09T12:18:41.637+0000] {dag.py:3823} INFO - Setting next_dagrun for example_skip_dag to 2026-01-08 00:00:00+00:00, run_after=2026-01-09 00:00:00+00:00
[2026-01-09T12:18:41.690+0000] {processor.py:183} INFO - Processing /home/airflow/.local/lib/python3.8/site-packages/airflow/example_dags/example_skip_dag.py took 0.171 seconds
[2026-01-09T12:19:11.891+0000] {processor.py:161} INFO - Started process (PID=5322) to work on /home/airflow/.local/lib/python3.8/site-packages/airflow/example_dags/example_skip_dag.py
[2026-01-09T12:19:11.893+0000] {processor.py:830} INFO - Processing file /home/airflow/.local/lib/python3.8/site-packages/airflow/example_dags/example_skip_dag.py for tasks to queue
[2026-01-09T12:19:11.894+0000] {logging_mixin.py:188} INFO - [2026-01-09T12:19:11.893+0000] {dagbag.py:538} INFO - Filling up the DagBag from /home/airflow/.local/lib/python3.8/site-packages/airflow/example_dags/example_skip_dag.py
[2026-01-09T12:19:11.906+0000] {processor.py:840} INFO - DAG(s) 'example_skip_dag' retrieved from /home/airflow/.local/lib/python3.8/site-packages/airflow/example_dags/example_skip_dag.py
[2026-01-09T12:19:11.952+0000] {logging_mixin.py:188} INFO - [2026-01-09T12:19:11.952+0000] {dag.py:3036} INFO - Sync 1 DAGs
[2026-01-09T12:19:11.989+0000] {logging_mixin.py:188} INFO - [2026-01-09T12:19:11.988+0000] {dag.py:3823} INFO - Setting next_dagrun for example_skip_dag to 2026-01-08 00:00:00+00:00, run_after=2026-01-09 00:00:00+00:00
[2026-01-09T12:19:12.035+0000] {processor.py:183} INFO - Processing /home/airflow/.local/lib/python3.8/site-packages/airflow/example_dags/example_skip_dag.py took 0.152 seconds
[2026-01-09T12:19:42.744+0000] {processor.py:161} INFO - Started process (PID=5571) to work on /home/airflow/.local/lib/python3.8/site-packages/airflow/example_dags/example_skip_dag.py
[2026-01-09T12:19:42.748+0000] {processor.py:830} INFO - Processing file /home/airflow/.local/lib/python3.8/site-packages/airflow/example_dags/example_skip_dag.py for tasks to queue
[2026-01-09T12:19:42.751+0000] {logging_mixin.py:188} INFO - [2026-01-09T12:19:42.750+0000] {dagbag.py:538} INFO - Filling up the DagBag from /home/airflow/.local/lib/python3.8/site-packages/airflow/example_dags/example_skip_dag.py
[2026-01-09T12:19:42.768+0000] {processor.py:840} INFO - DAG(s) 'example_skip_dag' retrieved from /home/airflow/.local/lib/python3.8/site-packages/airflow/example_dags/example_skip_dag.py
[2026-01-09T12:19:42.816+0000] {logging_mixin.py:188} INFO - [2026-01-09T12:19:42.815+0000] {dag.py:3036} INFO - Sync 1 DAGs
[2026-01-09T12:19:42.863+0000] {logging_mixin.py:188} INFO - [2026-01-09T12:19:42.862+0000] {dag.py:3823} INFO - Setting next_dagrun for example_skip_dag to 2026-01-08 00:00:00+00:00, run_after=2026-01-09 00:00:00+00:00
[2026-01-09T12:19:42.909+0000] {processor.py:183} INFO - Processing /home/airflow/.local/lib/python3.8/site-packages/airflow/example_dags/example_skip_dag.py took 0.171 seconds
[2026-01-09T12:20:13.322+0000] {processor.py:161} INFO - Started process (PID=5816) to work on /home/airflow/.local/lib/python3.8/site-packages/airflow/example_dags/example_skip_dag.py
[2026-01-09T12:20:13.325+0000] {processor.py:830} INFO - Processing file /home/airflow/.local/lib/python3.8/site-packages/airflow/example_dags/example_skip_dag.py for tasks to queue
[2026-01-09T12:20:13.327+0000] {logging_mixin.py:188} INFO - [2026-01-09T12:20:13.326+0000] {dagbag.py:538} INFO - Filling up the DagBag from /home/airflow/.local/lib/python3.8/site-packages/airflow/example_dags/example_skip_dag.py
[2026-01-09T12:20:13.345+0000] {processor.py:840} INFO - DAG(s) 'example_skip_dag' retrieved from /home/airflow/.local/lib/python3.8/site-packages/airflow/example_dags/example_skip_dag.py
[2026-01-09T12:20:13.393+0000] {logging_mixin.py:188} INFO - [2026-01-09T12:20:13.392+0000] {dag.py:3036} INFO - Sync 1 DAGs
[2026-01-09T12:20:13.440+0000] {logging_mixin.py:188} INFO - [2026-01-09T12:20:13.440+0000] {dag.py:3823} INFO - Setting next_dagrun for example_skip_dag to 2026-01-08 00:00:00+00:00, run_after=2026-01-09 00:00:00+00:00
[2026-01-09T12:20:13.478+0000] {processor.py:183} INFO - Processing /home/airflow/.local/lib/python3.8/site-packages/airflow/example_dags/example_skip_dag.py took 0.166 seconds
[2026-01-09T12:20:44.304+0000] {processor.py:161} INFO - Started process (PID=6063) to work on /home/airflow/.local/lib/python3.8/site-packages/airflow/example_dags/example_skip_dag.py
[2026-01-09T12:20:44.306+0000] {processor.py:830} INFO - Processing file /home/airflow/.local/lib/python3.8/site-packages/airflow/example_dags/example_skip_dag.py for tasks to queue
[2026-01-09T12:20:44.309+0000] {logging_mixin.py:188} INFO - [2026-01-09T12:20:44.308+0000] {dagbag.py:538} INFO - Filling up the DagBag from /home/airflow/.local/lib/python3.8/site-packages/airflow/example_dags/example_skip_dag.py
[2026-01-09T12:20:44.327+0000] {processor.py:840} INFO - DAG(s) 'example_skip_dag' retrieved from /home/airflow/.local/lib/python3.8/site-packages/airflow/example_dags/example_skip_dag.py
[2026-01-09T12:20:44.385+0000] {logging_mixin.py:188} INFO - [2026-01-09T12:20:44.384+0000] {dag.py:3036} INFO - Sync 1 DAGs
[2026-01-09T12:20:44.439+0000] {logging_mixin.py:188} INFO - [2026-01-09T12:20:44.438+0000] {dag.py:3823} INFO - Setting next_dagrun for example_skip_dag to 2026-01-08 00:00:00+00:00, run_after=2026-01-09 00:00:00+00:00
[2026-01-09T12:20:44.487+0000] {processor.py:183} INFO - Processing /home/airflow/.local/lib/python3.8/site-packages/airflow/example_dags/example_skip_dag.py took 0.190 seconds
[2026-01-09T12:21:14.953+0000] {processor.py:161} INFO - Started process (PID=6310) to work on /home/airflow/.local/lib/python3.8/site-packages/airflow/example_dags/example_skip_dag.py
[2026-01-09T12:21:14.955+0000] {processor.py:830} INFO - Processing file /home/airflow/.local/lib/python3.8/site-packages/airflow/example_dags/example_skip_dag.py for tasks to queue
[2026-01-09T12:21:14.957+0000] {logging_mixin.py:188} INFO - [2026-01-09T12:21:14.957+0000] {dagbag.py:538} INFO - Filling up the DagBag from /home/airflow/.local/lib/python3.8/site-packages/airflow/example_dags/example_skip_dag.py
[2026-01-09T12:21:14.970+0000] {processor.py:840} INFO - DAG(s) 'example_skip_dag' retrieved from /home/airflow/.local/lib/python3.8/site-packages/airflow/example_dags/example_skip_dag.py
[2026-01-09T12:21:15.016+0000] {logging_mixin.py:188} INFO - [2026-01-09T12:21:15.015+0000] {dag.py:3036} INFO - Sync 1 DAGs
[2026-01-09T12:21:15.058+0000] {logging_mixin.py:188} INFO - [2026-01-09T12:21:15.057+0000] {dag.py:3823} INFO - Setting next_dagrun for example_skip_dag to 2026-01-08 00:00:00+00:00, run_after=2026-01-09 00:00:00+00:00
[2026-01-09T12:21:15.100+0000] {processor.py:183} INFO - Processing /home/airflow/.local/lib/python3.8/site-packages/airflow/example_dags/example_skip_dag.py took 0.155 seconds
[2026-01-09T12:21:45.654+0000] {processor.py:161} INFO - Started process (PID=6557) to work on /home/airflow/.local/lib/python3.8/site-packages/airflow/example_dags/example_skip_dag.py
[2026-01-09T12:21:45.656+0000] {processor.py:830} INFO - Processing file /home/airflow/.local/lib/python3.8/site-packages/airflow/example_dags/example_skip_dag.py for tasks to queue
[2026-01-09T12:21:45.658+0000] {logging_mixin.py:188} INFO - [2026-01-09T12:21:45.657+0000] {dagbag.py:538} INFO - Filling up the DagBag from /home/airflow/.local/lib/python3.8/site-packages/airflow/example_dags/example_skip_dag.py
[2026-01-09T12:21:45.672+0000] {processor.py:840} INFO - DAG(s) 'example_skip_dag' retrieved from /home/airflow/.local/lib/python3.8/site-packages/airflow/example_dags/example_skip_dag.py
[2026-01-09T12:21:45.718+0000] {logging_mixin.py:188} INFO - [2026-01-09T12:21:45.718+0000] {dag.py:3036} INFO - Sync 1 DAGs
[2026-01-09T12:21:45.767+0000] {logging_mixin.py:188} INFO - [2026-01-09T12:21:45.766+0000] {dag.py:3823} INFO - Setting next_dagrun for example_skip_dag to 2026-01-08 00:00:00+00:00, run_after=2026-01-09 00:00:00+00:00
[2026-01-09T12:21:45.813+0000] {processor.py:183} INFO - Processing /home/airflow/.local/lib/python3.8/site-packages/airflow/example_dags/example_skip_dag.py took 0.166 seconds
[2026-01-09T12:22:16.917+0000] {processor.py:161} INFO - Started process (PID=6807) to work on /home/airflow/.local/lib/python3.8/site-packages/airflow/example_dags/example_skip_dag.py
[2026-01-09T12:22:16.919+0000] {processor.py:830} INFO - Processing file /home/airflow/.local/lib/python3.8/site-packages/airflow/example_dags/example_skip_dag.py for tasks to queue
[2026-01-09T12:22:16.920+0000] {logging_mixin.py:188} INFO - [2026-01-09T12:22:16.920+0000] {dagbag.py:538} INFO - Filling up the DagBag from /home/airflow/.local/lib/python3.8/site-packages/airflow/example_dags/example_skip_dag.py
[2026-01-09T12:22:16.933+0000] {processor.py:840} INFO - DAG(s) 'example_skip_dag' retrieved from /home/airflow/.local/lib/python3.8/site-packages/airflow/example_dags/example_skip_dag.py
[2026-01-09T12:22:16.978+0000] {logging_mixin.py:188} INFO - [2026-01-09T12:22:16.977+0000] {dag.py:3036} INFO - Sync 1 DAGs
[2026-01-09T12:22:17.018+0000] {logging_mixin.py:188} INFO - [2026-01-09T12:22:17.018+0000] {dag.py:3823} INFO - Setting next_dagrun for example_skip_dag to 2026-01-08 00:00:00+00:00, run_after=2026-01-09 00:00:00+00:00
[2026-01-09T12:22:17.063+0000] {processor.py:183} INFO - Processing /home/airflow/.local/lib/python3.8/site-packages/airflow/example_dags/example_skip_dag.py took 0.152 seconds
[2026-01-09T12:22:47.383+0000] {processor.py:161} INFO - Started process (PID=7052) to work on /home/airflow/.local/lib/python3.8/site-packages/airflow/example_dags/example_skip_dag.py
[2026-01-09T12:22:47.386+0000] {processor.py:830} INFO - Processing file /home/airflow/.local/lib/python3.8/site-packages/airflow/example_dags/example_skip_dag.py for tasks to queue
[2026-01-09T12:22:47.390+0000] {logging_mixin.py:188} INFO - [2026-01-09T12:22:47.389+0000] {dagbag.py:538} INFO - Filling up the DagBag from /home/airflow/.local/lib/python3.8/site-packages/airflow/example_dags/example_skip_dag.py
[2026-01-09T12:22:47.410+0000] {processor.py:840} INFO - DAG(s) 'example_skip_dag' retrieved from /home/airflow/.local/lib/python3.8/site-packages/airflow/example_dags/example_skip_dag.py
[2026-01-09T12:22:47.468+0000] {logging_mixin.py:188} INFO - [2026-01-09T12:22:47.468+0000] {dag.py:3036} INFO - Sync 1 DAGs
[2026-01-09T12:22:47.527+0000] {logging_mixin.py:188} INFO - [2026-01-09T12:22:47.526+0000] {dag.py:3823} INFO - Setting next_dagrun for example_skip_dag to 2026-01-08 00:00:00+00:00, run_after=2026-01-09 00:00:00+00:00
[2026-01-09T12:22:47.577+0000] {processor.py:183} INFO - Processing /home/airflow/.local/lib/python3.8/site-packages/airflow/example_dags/example_skip_dag.py took 0.202 seconds
[2026-01-09T12:23:17.696+0000] {processor.py:161} INFO - Started process (PID=7299) to work on /home/airflow/.local/lib/python3.8/site-packages/airflow/example_dags/example_skip_dag.py
[2026-01-09T12:23:17.698+0000] {processor.py:830} INFO - Processing file /home/airflow/.local/lib/python3.8/site-packages/airflow/example_dags/example_skip_dag.py for tasks to queue
[2026-01-09T12:23:17.700+0000] {logging_mixin.py:188} INFO - [2026-01-09T12:23:17.700+0000] {dagbag.py:538} INFO - Filling up the DagBag from /home/airflow/.local/lib/python3.8/site-packages/airflow/example_dags/example_skip_dag.py
[2026-01-09T12:23:17.718+0000] {processor.py:840} INFO - DAG(s) 'example_skip_dag' retrieved from /home/airflow/.local/lib/python3.8/site-packages/airflow/example_dags/example_skip_dag.py
[2026-01-09T12:23:17.765+0000] {logging_mixin.py:188} INFO - [2026-01-09T12:23:17.765+0000] {dag.py:3036} INFO - Sync 1 DAGs
[2026-01-09T12:23:17.811+0000] {logging_mixin.py:188} INFO - [2026-01-09T12:23:17.810+0000] {dag.py:3823} INFO - Setting next_dagrun for example_skip_dag to 2026-01-08 00:00:00+00:00, run_after=2026-01-09 00:00:00+00:00
[2026-01-09T12:23:17.857+0000] {processor.py:183} INFO - Processing /home/airflow/.local/lib/python3.8/site-packages/airflow/example_dags/example_skip_dag.py took 0.168 seconds
[2026-01-09T12:23:48.936+0000] {processor.py:161} INFO - Started process (PID=7546) to work on /home/airflow/.local/lib/python3.8/site-packages/airflow/example_dags/example_skip_dag.py
[2026-01-09T12:23:48.945+0000] {processor.py:830} INFO - Processing file /home/airflow/.local/lib/python3.8/site-packages/airflow/example_dags/example_skip_dag.py for tasks to queue
[2026-01-09T12:23:48.947+0000] {logging_mixin.py:188} INFO - [2026-01-09T12:23:48.946+0000] {dagbag.py:538} INFO - Filling up the DagBag from /home/airflow/.local/lib/python3.8/site-packages/airflow/example_dags/example_skip_dag.py
[2026-01-09T12:23:48.965+0000] {processor.py:840} INFO - DAG(s) 'example_skip_dag' retrieved from /home/airflow/.local/lib/python3.8/site-packages/airflow/example_dags/example_skip_dag.py
[2026-01-09T12:23:49.009+0000] {logging_mixin.py:188} INFO - [2026-01-09T12:23:49.009+0000] {dag.py:3036} INFO - Sync 1 DAGs
[2026-01-09T12:23:49.050+0000] {logging_mixin.py:188} INFO - [2026-01-09T12:23:49.050+0000] {dag.py:3823} INFO - Setting next_dagrun for example_skip_dag to 2026-01-08 00:00:00+00:00, run_after=2026-01-09 00:00:00+00:00
[2026-01-09T12:23:49.093+0000] {processor.py:183} INFO - Processing /home/airflow/.local/lib/python3.8/site-packages/airflow/example_dags/example_skip_dag.py took 0.164 seconds
[2026-01-09T12:24:19.470+0000] {processor.py:161} INFO - Started process (PID=7796) to work on /home/airflow/.local/lib/python3.8/site-packages/airflow/example_dags/example_skip_dag.py
[2026-01-09T12:24:19.472+0000] {processor.py:830} INFO - Processing file /home/airflow/.local/lib/python3.8/site-packages/airflow/example_dags/example_skip_dag.py for tasks to queue
[2026-01-09T12:24:19.474+0000] {logging_mixin.py:188} INFO - [2026-01-09T12:24:19.474+0000] {dagbag.py:538} INFO - Filling up the DagBag from /home/airflow/.local/lib/python3.8/site-packages/airflow/example_dags/example_skip_dag.py
[2026-01-09T12:24:19.487+0000] {processor.py:840} INFO - DAG(s) 'example_skip_dag' retrieved from /home/airflow/.local/lib/python3.8/site-packages/airflow/example_dags/example_skip_dag.py
[2026-01-09T12:24:19.538+0000] {logging_mixin.py:188} INFO - [2026-01-09T12:24:19.538+0000] {dag.py:3036} INFO - Sync 1 DAGs
[2026-01-09T12:24:19.584+0000] {logging_mixin.py:188} INFO - [2026-01-09T12:24:19.583+0000] {dag.py:3823} INFO - Setting next_dagrun for example_skip_dag to 2026-01-08 00:00:00+00:00, run_after=2026-01-09 00:00:00+00:00
[2026-01-09T12:24:19.631+0000] {processor.py:183} INFO - Processing /home/airflow/.local/lib/python3.8/site-packages/airflow/example_dags/example_skip_dag.py took 0.168 seconds
[2026-01-09T12:24:49.974+0000] {processor.py:161} INFO - Started process (PID=8043) to work on /home/airflow/.local/lib/python3.8/site-packages/airflow/example_dags/example_skip_dag.py
[2026-01-09T12:24:49.980+0000] {processor.py:830} INFO - Processing file /home/airflow/.local/lib/python3.8/site-packages/airflow/example_dags/example_skip_dag.py for tasks to queue
[2026-01-09T12:24:49.982+0000] {logging_mixin.py:188} INFO - [2026-01-09T12:24:49.982+0000] {dagbag.py:538} INFO - Filling up the DagBag from /home/airflow/.local/lib/python3.8/site-packages/airflow/example_dags/example_skip_dag.py
[2026-01-09T12:24:49.995+0000] {processor.py:840} INFO - DAG(s) 'example_skip_dag' retrieved from /home/airflow/.local/lib/python3.8/site-packages/airflow/example_dags/example_skip_dag.py
[2026-01-09T12:24:50.044+0000] {logging_mixin.py:188} INFO - [2026-01-09T12:24:50.044+0000] {dag.py:3036} INFO - Sync 1 DAGs
[2026-01-09T12:24:50.090+0000] {logging_mixin.py:188} INFO - [2026-01-09T12:24:50.089+0000] {dag.py:3823} INFO - Setting next_dagrun for example_skip_dag to 2026-01-08 00:00:00+00:00, run_after=2026-01-09 00:00:00+00:00
[2026-01-09T12:24:50.147+0000] {processor.py:183} INFO - Processing /home/airflow/.local/lib/python3.8/site-packages/airflow/example_dags/example_skip_dag.py took 0.182 seconds
[2026-01-09T12:25:20.774+0000] {processor.py:161} INFO - Started process (PID=8288) to work on /home/airflow/.local/lib/python3.8/site-packages/airflow/example_dags/example_skip_dag.py
[2026-01-09T12:25:20.776+0000] {processor.py:830} INFO - Processing file /home/airflow/.local/lib/python3.8/site-packages/airflow/example_dags/example_skip_dag.py for tasks to queue
[2026-01-09T12:25:20.778+0000] {logging_mixin.py:188} INFO - [2026-01-09T12:25:20.778+0000] {dagbag.py:538} INFO - Filling up the DagBag from /home/airflow/.local/lib/python3.8/site-packages/airflow/example_dags/example_skip_dag.py
[2026-01-09T12:25:20.793+0000] {processor.py:840} INFO - DAG(s) 'example_skip_dag' retrieved from /home/airflow/.local/lib/python3.8/site-packages/airflow/example_dags/example_skip_dag.py
[2026-01-09T12:25:20.844+0000] {logging_mixin.py:188} INFO - [2026-01-09T12:25:20.843+0000] {dag.py:3036} INFO - Sync 1 DAGs
[2026-01-09T12:25:20.890+0000] {logging_mixin.py:188} INFO - [2026-01-09T12:25:20.889+0000] {dag.py:3823} INFO - Setting next_dagrun for example_skip_dag to 2026-01-08 00:00:00+00:00, run_after=2026-01-09 00:00:00+00:00
[2026-01-09T12:25:20.938+0000] {processor.py:183} INFO - Processing /home/airflow/.local/lib/python3.8/site-packages/airflow/example_dags/example_skip_dag.py took 0.171 seconds
[2026-01-09T12:25:51.185+0000] {processor.py:161} INFO - Started process (PID=8536) to work on /home/airflow/.local/lib/python3.8/site-packages/airflow/example_dags/example_skip_dag.py
[2026-01-09T12:25:51.186+0000] {processor.py:830} INFO - Processing file /home/airflow/.local/lib/python3.8/site-packages/airflow/example_dags/example_skip_dag.py for tasks to queue
[2026-01-09T12:25:51.187+0000] {logging_mixin.py:188} INFO - [2026-01-09T12:25:51.187+0000] {dagbag.py:538} INFO - Filling up the DagBag from /home/airflow/.local/lib/python3.8/site-packages/airflow/example_dags/example_skip_dag.py
[2026-01-09T12:25:51.200+0000] {processor.py:840} INFO - DAG(s) 'example_skip_dag' retrieved from /home/airflow/.local/lib/python3.8/site-packages/airflow/example_dags/example_skip_dag.py
[2026-01-09T12:25:51.237+0000] {logging_mixin.py:188} INFO - [2026-01-09T12:25:51.237+0000] {dag.py:3036} INFO - Sync 1 DAGs
[2026-01-09T12:25:51.279+0000] {logging_mixin.py:188} INFO - [2026-01-09T12:25:51.278+0000] {dag.py:3823} INFO - Setting next_dagrun for example_skip_dag to 2026-01-08 00:00:00+00:00, run_after=2026-01-09 00:00:00+00:00
[2026-01-09T12:25:51.330+0000] {processor.py:183} INFO - Processing /home/airflow/.local/lib/python3.8/site-packages/airflow/example_dags/example_skip_dag.py took 0.152 seconds
[2026-01-09T12:26:22.086+0000] {processor.py:161} INFO - Started process (PID=8785) to work on /home/airflow/.local/lib/python3.8/site-packages/airflow/example_dags/example_skip_dag.py
[2026-01-09T12:26:22.088+0000] {processor.py:830} INFO - Processing file /home/airflow/.local/lib/python3.8/site-packages/airflow/example_dags/example_skip_dag.py for tasks to queue
[2026-01-09T12:26:22.090+0000] {logging_mixin.py:188} INFO - [2026-01-09T12:26:22.090+0000] {dagbag.py:538} INFO - Filling up the DagBag from /home/airflow/.local/lib/python3.8/site-packages/airflow/example_dags/example_skip_dag.py
[2026-01-09T12:26:22.105+0000] {processor.py:840} INFO - DAG(s) 'example_skip_dag' retrieved from /home/airflow/.local/lib/python3.8/site-packages/airflow/example_dags/example_skip_dag.py
[2026-01-09T12:26:22.145+0000] {logging_mixin.py:188} INFO - [2026-01-09T12:26:22.144+0000] {dag.py:3036} INFO - Sync 1 DAGs
[2026-01-09T12:26:22.188+0000] {logging_mixin.py:188} INFO - [2026-01-09T12:26:22.188+0000] {dag.py:3823} INFO - Setting next_dagrun for example_skip_dag to 2026-01-08 00:00:00+00:00, run_after=2026-01-09 00:00:00+00:00
[2026-01-09T12:26:22.232+0000] {processor.py:183} INFO - Processing /home/airflow/.local/lib/python3.8/site-packages/airflow/example_dags/example_skip_dag.py took 0.152 seconds
[2026-01-09T12:26:52.956+0000] {processor.py:161} INFO - Started process (PID=9032) to work on /home/airflow/.local/lib/python3.8/site-packages/airflow/example_dags/example_skip_dag.py
[2026-01-09T12:26:52.962+0000] {processor.py:830} INFO - Processing file /home/airflow/.local/lib/python3.8/site-packages/airflow/example_dags/example_skip_dag.py for tasks to queue
[2026-01-09T12:26:52.963+0000] {logging_mixin.py:188} INFO - [2026-01-09T12:26:52.963+0000] {dagbag.py:538} INFO - Filling up the DagBag from /home/airflow/.local/lib/python3.8/site-packages/airflow/example_dags/example_skip_dag.py
[2026-01-09T12:26:52.976+0000] {processor.py:840} INFO - DAG(s) 'example_skip_dag' retrieved from /home/airflow/.local/lib/python3.8/site-packages/airflow/example_dags/example_skip_dag.py
[2026-01-09T12:26:53.024+0000] {logging_mixin.py:188} INFO - [2026-01-09T12:26:53.022+0000] {dag.py:3036} INFO - Sync 1 DAGs
[2026-01-09T12:26:53.067+0000] {logging_mixin.py:188} INFO - [2026-01-09T12:26:53.066+0000] {dag.py:3823} INFO - Setting next_dagrun for example_skip_dag to 2026-01-08 00:00:00+00:00, run_after=2026-01-09 00:00:00+00:00
[2026-01-09T12:26:53.113+0000] {processor.py:183} INFO - Processing /home/airflow/.local/lib/python3.8/site-packages/airflow/example_dags/example_skip_dag.py took 0.165 seconds
[2026-01-09T12:27:23.285+0000] {processor.py:161} INFO - Started process (PID=9279) to work on /home/airflow/.local/lib/python3.8/site-packages/airflow/example_dags/example_skip_dag.py
[2026-01-09T12:27:23.288+0000] {processor.py:830} INFO - Processing file /home/airflow/.local/lib/python3.8/site-packages/airflow/example_dags/example_skip_dag.py for tasks to queue
[2026-01-09T12:27:23.290+0000] {logging_mixin.py:188} INFO - [2026-01-09T12:27:23.289+0000] {dagbag.py:538} INFO - Filling up the DagBag from /home/airflow/.local/lib/python3.8/site-packages/airflow/example_dags/example_skip_dag.py
[2026-01-09T12:27:23.303+0000] {processor.py:840} INFO - DAG(s) 'example_skip_dag' retrieved from /home/airflow/.local/lib/python3.8/site-packages/airflow/example_dags/example_skip_dag.py
[2026-01-09T12:27:23.345+0000] {logging_mixin.py:188} INFO - [2026-01-09T12:27:23.344+0000] {dag.py:3036} INFO - Sync 1 DAGs
[2026-01-09T12:27:23.385+0000] {logging_mixin.py:188} INFO - [2026-01-09T12:27:23.385+0000] {dag.py:3823} INFO - Setting next_dagrun for example_skip_dag to 2026-01-08 00:00:00+00:00, run_after=2026-01-09 00:00:00+00:00
[2026-01-09T12:27:23.428+0000] {processor.py:183} INFO - Processing /home/airflow/.local/lib/python3.8/site-packages/airflow/example_dags/example_skip_dag.py took 0.150 seconds
[2026-01-09T12:27:53.755+0000] {processor.py:161} INFO - Started process (PID=9530) to work on /home/airflow/.local/lib/python3.8/site-packages/airflow/example_dags/example_skip_dag.py
[2026-01-09T12:27:53.757+0000] {processor.py:830} INFO - Processing file /home/airflow/.local/lib/python3.8/site-packages/airflow/example_dags/example_skip_dag.py for tasks to queue
[2026-01-09T12:27:53.759+0000] {logging_mixin.py:188} INFO - [2026-01-09T12:27:53.758+0000] {dagbag.py:538} INFO - Filling up the DagBag from /home/airflow/.local/lib/python3.8/site-packages/airflow/example_dags/example_skip_dag.py
[2026-01-09T12:27:53.772+0000] {processor.py:840} INFO - DAG(s) 'example_skip_dag' retrieved from /home/airflow/.local/lib/python3.8/site-packages/airflow/example_dags/example_skip_dag.py
[2026-01-09T12:27:53.812+0000] {logging_mixin.py:188} INFO - [2026-01-09T12:27:53.812+0000] {dag.py:3036} INFO - Sync 1 DAGs
[2026-01-09T12:27:53.850+0000] {logging_mixin.py:188} INFO - [2026-01-09T12:27:53.849+0000] {dag.py:3823} INFO - Setting next_dagrun for example_skip_dag to 2026-01-08 00:00:00+00:00, run_after=2026-01-09 00:00:00+00:00
[2026-01-09T12:27:53.895+0000] {processor.py:183} INFO - Processing /home/airflow/.local/lib/python3.8/site-packages/airflow/example_dags/example_skip_dag.py took 0.146 seconds
[2026-01-09T12:28:25.351+0000] {processor.py:161} INFO - Started process (PID=9777) to work on /home/airflow/.local/lib/python3.8/site-packages/airflow/example_dags/example_skip_dag.py
[2026-01-09T12:28:25.354+0000] {processor.py:830} INFO - Processing file /home/airflow/.local/lib/python3.8/site-packages/airflow/example_dags/example_skip_dag.py for tasks to queue
[2026-01-09T12:28:25.356+0000] {logging_mixin.py:188} INFO - [2026-01-09T12:28:25.355+0000] {dagbag.py:538} INFO - Filling up the DagBag from /home/airflow/.local/lib/python3.8/site-packages/airflow/example_dags/example_skip_dag.py
[2026-01-09T12:28:25.374+0000] {processor.py:840} INFO - DAG(s) 'example_skip_dag' retrieved from /home/airflow/.local/lib/python3.8/site-packages/airflow/example_dags/example_skip_dag.py
[2026-01-09T12:28:25.418+0000] {logging_mixin.py:188} INFO - [2026-01-09T12:28:25.418+0000] {dag.py:3036} INFO - Sync 1 DAGs
[2026-01-09T12:28:25.457+0000] {logging_mixin.py:188} INFO - [2026-01-09T12:28:25.457+0000] {dag.py:3823} INFO - Setting next_dagrun for example_skip_dag to 2026-01-08 00:00:00+00:00, run_after=2026-01-09 00:00:00+00:00
[2026-01-09T12:28:25.497+0000] {processor.py:183} INFO - Processing /home/airflow/.local/lib/python3.8/site-packages/airflow/example_dags/example_skip_dag.py took 0.152 seconds
[2026-01-09T12:28:55.869+0000] {processor.py:161} INFO - Started process (PID=10024) to work on /home/airflow/.local/lib/python3.8/site-packages/airflow/example_dags/example_skip_dag.py
[2026-01-09T12:28:55.872+0000] {processor.py:830} INFO - Processing file /home/airflow/.local/lib/python3.8/site-packages/airflow/example_dags/example_skip_dag.py for tasks to queue
[2026-01-09T12:28:55.874+0000] {logging_mixin.py:188} INFO - [2026-01-09T12:28:55.873+0000] {dagbag.py:538} INFO - Filling up the DagBag from /home/airflow/.local/lib/python3.8/site-packages/airflow/example_dags/example_skip_dag.py
[2026-01-09T12:28:55.890+0000] {processor.py:840} INFO - DAG(s) 'example_skip_dag' retrieved from /home/airflow/.local/lib/python3.8/site-packages/airflow/example_dags/example_skip_dag.py
[2026-01-09T12:28:55.936+0000] {logging_mixin.py:188} INFO - [2026-01-09T12:28:55.936+0000] {dag.py:3036} INFO - Sync 1 DAGs
[2026-01-09T12:28:55.981+0000] {logging_mixin.py:188} INFO - [2026-01-09T12:28:55.980+0000] {dag.py:3823} INFO - Setting next_dagrun for example_skip_dag to 2026-01-08 00:00:00+00:00, run_after=2026-01-09 00:00:00+00:00
[2026-01-09T12:28:56.027+0000] {processor.py:183} INFO - Processing /home/airflow/.local/lib/python3.8/site-packages/airflow/example_dags/example_skip_dag.py took 0.166 seconds
[2026-01-09T12:29:26.855+0000] {processor.py:161} INFO - Started process (PID=10271) to work on /home/airflow/.local/lib/python3.8/site-packages/airflow/example_dags/example_skip_dag.py
[2026-01-09T12:29:26.857+0000] {processor.py:830} INFO - Processing file /home/airflow/.local/lib/python3.8/site-packages/airflow/example_dags/example_skip_dag.py for tasks to queue
[2026-01-09T12:29:26.858+0000] {logging_mixin.py:188} INFO - [2026-01-09T12:29:26.858+0000] {dagbag.py:538} INFO - Filling up the DagBag from /home/airflow/.local/lib/python3.8/site-packages/airflow/example_dags/example_skip_dag.py
[2026-01-09T12:29:26.873+0000] {processor.py:840} INFO - DAG(s) 'example_skip_dag' retrieved from /home/airflow/.local/lib/python3.8/site-packages/airflow/example_dags/example_skip_dag.py
[2026-01-09T12:29:26.915+0000] {logging_mixin.py:188} INFO - [2026-01-09T12:29:26.915+0000] {dag.py:3036} INFO - Sync 1 DAGs
[2026-01-09T12:29:26.953+0000] {logging_mixin.py:188} INFO - [2026-01-09T12:29:26.952+0000] {dag.py:3823} INFO - Setting next_dagrun for example_skip_dag to 2026-01-08 00:00:00+00:00, run_after=2026-01-09 00:00:00+00:00
[2026-01-09T12:29:26.999+0000] {processor.py:183} INFO - Processing /home/airflow/.local/lib/python3.8/site-packages/airflow/example_dags/example_skip_dag.py took 0.151 seconds
[2026-01-09T12:29:57.358+0000] {processor.py:161} INFO - Started process (PID=10519) to work on /home/airflow/.local/lib/python3.8/site-packages/airflow/example_dags/example_skip_dag.py
[2026-01-09T12:29:57.360+0000] {processor.py:830} INFO - Processing file /home/airflow/.local/lib/python3.8/site-packages/airflow/example_dags/example_skip_dag.py for tasks to queue
[2026-01-09T12:29:57.362+0000] {logging_mixin.py:188} INFO - [2026-01-09T12:29:57.361+0000] {dagbag.py:538} INFO - Filling up the DagBag from /home/airflow/.local/lib/python3.8/site-packages/airflow/example_dags/example_skip_dag.py
[2026-01-09T12:29:57.374+0000] {processor.py:840} INFO - DAG(s) 'example_skip_dag' retrieved from /home/airflow/.local/lib/python3.8/site-packages/airflow/example_dags/example_skip_dag.py
[2026-01-09T12:29:57.416+0000] {logging_mixin.py:188} INFO - [2026-01-09T12:29:57.415+0000] {dag.py:3036} INFO - Sync 1 DAGs
[2026-01-09T12:29:57.455+0000] {logging_mixin.py:188} INFO - [2026-01-09T12:29:57.455+0000] {dag.py:3823} INFO - Setting next_dagrun for example_skip_dag to 2026-01-08 00:00:00+00:00, run_after=2026-01-09 00:00:00+00:00
[2026-01-09T12:29:57.491+0000] {processor.py:183} INFO - Processing /home/airflow/.local/lib/python3.8/site-packages/airflow/example_dags/example_skip_dag.py took 0.139 seconds
[2026-01-09T12:30:28.206+0000] {processor.py:161} INFO - Started process (PID=10768) to work on /home/airflow/.local/lib/python3.8/site-packages/airflow/example_dags/example_skip_dag.py
[2026-01-09T12:30:28.208+0000] {processor.py:830} INFO - Processing file /home/airflow/.local/lib/python3.8/site-packages/airflow/example_dags/example_skip_dag.py for tasks to queue
[2026-01-09T12:30:28.211+0000] {logging_mixin.py:188} INFO - [2026-01-09T12:30:28.209+0000] {dagbag.py:538} INFO - Filling up the DagBag from /home/airflow/.local/lib/python3.8/site-packages/airflow/example_dags/example_skip_dag.py
[2026-01-09T12:30:28.224+0000] {processor.py:840} INFO - DAG(s) 'example_skip_dag' retrieved from /home/airflow/.local/lib/python3.8/site-packages/airflow/example_dags/example_skip_dag.py
[2026-01-09T12:30:28.264+0000] {logging_mixin.py:188} INFO - [2026-01-09T12:30:28.264+0000] {dag.py:3036} INFO - Sync 1 DAGs
[2026-01-09T12:30:28.307+0000] {logging_mixin.py:188} INFO - [2026-01-09T12:30:28.306+0000] {dag.py:3823} INFO - Setting next_dagrun for example_skip_dag to 2026-01-08 00:00:00+00:00, run_after=2026-01-09 00:00:00+00:00
[2026-01-09T12:30:28.354+0000] {processor.py:183} INFO - Processing /home/airflow/.local/lib/python3.8/site-packages/airflow/example_dags/example_skip_dag.py took 0.153 seconds
[2026-01-09T12:30:59.719+0000] {processor.py:161} INFO - Started process (PID=11013) to work on /home/airflow/.local/lib/python3.8/site-packages/airflow/example_dags/example_skip_dag.py
[2026-01-09T12:30:59.721+0000] {processor.py:830} INFO - Processing file /home/airflow/.local/lib/python3.8/site-packages/airflow/example_dags/example_skip_dag.py for tasks to queue
[2026-01-09T12:30:59.723+0000] {logging_mixin.py:188} INFO - [2026-01-09T12:30:59.722+0000] {dagbag.py:538} INFO - Filling up the DagBag from /home/airflow/.local/lib/python3.8/site-packages/airflow/example_dags/example_skip_dag.py
[2026-01-09T12:30:59.734+0000] {processor.py:840} INFO - DAG(s) 'example_skip_dag' retrieved from /home/airflow/.local/lib/python3.8/site-packages/airflow/example_dags/example_skip_dag.py
[2026-01-09T12:30:59.773+0000] {logging_mixin.py:188} INFO - [2026-01-09T12:30:59.772+0000] {dag.py:3036} INFO - Sync 1 DAGs
[2026-01-09T12:30:59.813+0000] {logging_mixin.py:188} INFO - [2026-01-09T12:30:59.812+0000] {dag.py:3823} INFO - Setting next_dagrun for example_skip_dag to 2026-01-08 00:00:00+00:00, run_after=2026-01-09 00:00:00+00:00
[2026-01-09T12:30:59.859+0000] {processor.py:183} INFO - Processing /home/airflow/.local/lib/python3.8/site-packages/airflow/example_dags/example_skip_dag.py took 0.146 seconds
[2026-01-09T12:31:30.369+0000] {processor.py:161} INFO - Started process (PID=11259) to work on /home/airflow/.local/lib/python3.8/site-packages/airflow/example_dags/example_skip_dag.py
[2026-01-09T12:31:30.370+0000] {processor.py:830} INFO - Processing file /home/airflow/.local/lib/python3.8/site-packages/airflow/example_dags/example_skip_dag.py for tasks to queue
[2026-01-09T12:31:30.371+0000] {logging_mixin.py:188} INFO - [2026-01-09T12:31:30.371+0000] {dagbag.py:538} INFO - Filling up the DagBag from /home/airflow/.local/lib/python3.8/site-packages/airflow/example_dags/example_skip_dag.py
[2026-01-09T12:31:30.384+0000] {processor.py:840} INFO - DAG(s) 'example_skip_dag' retrieved from /home/airflow/.local/lib/python3.8/site-packages/airflow/example_dags/example_skip_dag.py
[2026-01-09T12:31:30.424+0000] {logging_mixin.py:188} INFO - [2026-01-09T12:31:30.423+0000] {dag.py:3036} INFO - Sync 1 DAGs
[2026-01-09T12:31:30.459+0000] {logging_mixin.py:188} INFO - [2026-01-09T12:31:30.459+0000] {dag.py:3823} INFO - Setting next_dagrun for example_skip_dag to 2026-01-08 00:00:00+00:00, run_after=2026-01-09 00:00:00+00:00
[2026-01-09T12:31:30.500+0000] {processor.py:183} INFO - Processing /home/airflow/.local/lib/python3.8/site-packages/airflow/example_dags/example_skip_dag.py took 0.139 seconds
[2026-01-09T12:32:01.034+0000] {processor.py:161} INFO - Started process (PID=11506) to work on /home/airflow/.local/lib/python3.8/site-packages/airflow/example_dags/example_skip_dag.py
[2026-01-09T12:32:01.036+0000] {processor.py:830} INFO - Processing file /home/airflow/.local/lib/python3.8/site-packages/airflow/example_dags/example_skip_dag.py for tasks to queue
[2026-01-09T12:32:01.038+0000] {logging_mixin.py:188} INFO - [2026-01-09T12:32:01.038+0000] {dagbag.py:538} INFO - Filling up the DagBag from /home/airflow/.local/lib/python3.8/site-packages/airflow/example_dags/example_skip_dag.py
[2026-01-09T12:32:01.050+0000] {processor.py:840} INFO - DAG(s) 'example_skip_dag' retrieved from /home/airflow/.local/lib/python3.8/site-packages/airflow/example_dags/example_skip_dag.py
[2026-01-09T12:32:01.090+0000] {logging_mixin.py:188} INFO - [2026-01-09T12:32:01.089+0000] {dag.py:3036} INFO - Sync 1 DAGs
[2026-01-09T12:32:01.124+0000] {logging_mixin.py:188} INFO - [2026-01-09T12:32:01.124+0000] {dag.py:3823} INFO - Setting next_dagrun for example_skip_dag to 2026-01-08 00:00:00+00:00, run_after=2026-01-09 00:00:00+00:00
[2026-01-09T12:32:01.166+0000] {processor.py:183} INFO - Processing /home/airflow/.local/lib/python3.8/site-packages/airflow/example_dags/example_skip_dag.py took 0.137 seconds
[2026-01-09T12:32:32.288+0000] {processor.py:161} INFO - Started process (PID=11753) to work on /home/airflow/.local/lib/python3.8/site-packages/airflow/example_dags/example_skip_dag.py
[2026-01-09T12:32:32.298+0000] {processor.py:830} INFO - Processing file /home/airflow/.local/lib/python3.8/site-packages/airflow/example_dags/example_skip_dag.py for tasks to queue
[2026-01-09T12:32:32.300+0000] {logging_mixin.py:188} INFO - [2026-01-09T12:32:32.299+0000] {dagbag.py:538} INFO - Filling up the DagBag from /home/airflow/.local/lib/python3.8/site-packages/airflow/example_dags/example_skip_dag.py
[2026-01-09T12:32:32.313+0000] {processor.py:840} INFO - DAG(s) 'example_skip_dag' retrieved from /home/airflow/.local/lib/python3.8/site-packages/airflow/example_dags/example_skip_dag.py
[2026-01-09T12:32:32.360+0000] {logging_mixin.py:188} INFO - [2026-01-09T12:32:32.360+0000] {dag.py:3036} INFO - Sync 1 DAGs
[2026-01-09T12:32:32.410+0000] {logging_mixin.py:188} INFO - [2026-01-09T12:32:32.409+0000] {dag.py:3823} INFO - Setting next_dagrun for example_skip_dag to 2026-01-08 00:00:00+00:00, run_after=2026-01-09 00:00:00+00:00
[2026-01-09T12:32:32.475+0000] {processor.py:183} INFO - Processing /home/airflow/.local/lib/python3.8/site-packages/airflow/example_dags/example_skip_dag.py took 0.195 seconds
[2026-01-09T12:33:02.874+0000] {processor.py:161} INFO - Started process (PID=11999) to work on /home/airflow/.local/lib/python3.8/site-packages/airflow/example_dags/example_skip_dag.py
[2026-01-09T12:33:02.876+0000] {processor.py:830} INFO - Processing file /home/airflow/.local/lib/python3.8/site-packages/airflow/example_dags/example_skip_dag.py for tasks to queue
[2026-01-09T12:33:02.878+0000] {logging_mixin.py:188} INFO - [2026-01-09T12:33:02.878+0000] {dagbag.py:538} INFO - Filling up the DagBag from /home/airflow/.local/lib/python3.8/site-packages/airflow/example_dags/example_skip_dag.py
[2026-01-09T12:33:02.892+0000] {processor.py:840} INFO - DAG(s) 'example_skip_dag' retrieved from /home/airflow/.local/lib/python3.8/site-packages/airflow/example_dags/example_skip_dag.py
[2026-01-09T12:33:02.937+0000] {logging_mixin.py:188} INFO - [2026-01-09T12:33:02.936+0000] {dag.py:3036} INFO - Sync 1 DAGs
[2026-01-09T12:33:02.981+0000] {logging_mixin.py:188} INFO - [2026-01-09T12:33:02.981+0000] {dag.py:3823} INFO - Setting next_dagrun for example_skip_dag to 2026-01-08 00:00:00+00:00, run_after=2026-01-09 00:00:00+00:00
[2026-01-09T12:33:03.032+0000] {processor.py:183} INFO - Processing /home/airflow/.local/lib/python3.8/site-packages/airflow/example_dags/example_skip_dag.py took 0.166 seconds
[2026-01-09T12:33:33.299+0000] {processor.py:161} INFO - Started process (PID=12241) to work on /home/airflow/.local/lib/python3.8/site-packages/airflow/example_dags/example_skip_dag.py
[2026-01-09T12:33:33.301+0000] {processor.py:830} INFO - Processing file /home/airflow/.local/lib/python3.8/site-packages/airflow/example_dags/example_skip_dag.py for tasks to queue
[2026-01-09T12:33:33.303+0000] {logging_mixin.py:188} INFO - [2026-01-09T12:33:33.303+0000] {dagbag.py:538} INFO - Filling up the DagBag from /home/airflow/.local/lib/python3.8/site-packages/airflow/example_dags/example_skip_dag.py
[2026-01-09T12:33:33.319+0000] {processor.py:840} INFO - DAG(s) 'example_skip_dag' retrieved from /home/airflow/.local/lib/python3.8/site-packages/airflow/example_dags/example_skip_dag.py
[2026-01-09T12:33:33.364+0000] {logging_mixin.py:188} INFO - [2026-01-09T12:33:33.364+0000] {dag.py:3036} INFO - Sync 1 DAGs
[2026-01-09T12:33:33.404+0000] {logging_mixin.py:188} INFO - [2026-01-09T12:33:33.404+0000] {dag.py:3823} INFO - Setting next_dagrun for example_skip_dag to 2026-01-08 00:00:00+00:00, run_after=2026-01-09 00:00:00+00:00
[2026-01-09T12:33:33.448+0000] {processor.py:183} INFO - Processing /home/airflow/.local/lib/python3.8/site-packages/airflow/example_dags/example_skip_dag.py took 0.157 seconds
[2026-01-09T12:34:03.626+0000] {processor.py:161} INFO - Started process (PID=12488) to work on /home/airflow/.local/lib/python3.8/site-packages/airflow/example_dags/example_skip_dag.py
[2026-01-09T12:34:03.628+0000] {processor.py:830} INFO - Processing file /home/airflow/.local/lib/python3.8/site-packages/airflow/example_dags/example_skip_dag.py for tasks to queue
[2026-01-09T12:34:03.629+0000] {logging_mixin.py:188} INFO - [2026-01-09T12:34:03.629+0000] {dagbag.py:538} INFO - Filling up the DagBag from /home/airflow/.local/lib/python3.8/site-packages/airflow/example_dags/example_skip_dag.py
[2026-01-09T12:34:03.641+0000] {processor.py:840} INFO - DAG(s) 'example_skip_dag' retrieved from /home/airflow/.local/lib/python3.8/site-packages/airflow/example_dags/example_skip_dag.py
[2026-01-09T12:34:03.684+0000] {logging_mixin.py:188} INFO - [2026-01-09T12:34:03.684+0000] {dag.py:3036} INFO - Sync 1 DAGs
[2026-01-09T12:34:03.724+0000] {logging_mixin.py:188} INFO - [2026-01-09T12:34:03.723+0000] {dag.py:3823} INFO - Setting next_dagrun for example_skip_dag to 2026-01-08 00:00:00+00:00, run_after=2026-01-09 00:00:00+00:00
[2026-01-09T12:34:03.770+0000] {processor.py:183} INFO - Processing /home/airflow/.local/lib/python3.8/site-packages/airflow/example_dags/example_skip_dag.py took 0.152 seconds
[2026-01-09T12:34:34.409+0000] {processor.py:161} INFO - Started process (PID=12735) to work on /home/airflow/.local/lib/python3.8/site-packages/airflow/example_dags/example_skip_dag.py
[2026-01-09T12:34:34.411+0000] {processor.py:830} INFO - Processing file /home/airflow/.local/lib/python3.8/site-packages/airflow/example_dags/example_skip_dag.py for tasks to queue
[2026-01-09T12:34:34.413+0000] {logging_mixin.py:188} INFO - [2026-01-09T12:34:34.413+0000] {dagbag.py:538} INFO - Filling up the DagBag from /home/airflow/.local/lib/python3.8/site-packages/airflow/example_dags/example_skip_dag.py
[2026-01-09T12:34:34.432+0000] {processor.py:840} INFO - DAG(s) 'example_skip_dag' retrieved from /home/airflow/.local/lib/python3.8/site-packages/airflow/example_dags/example_skip_dag.py
[2026-01-09T12:34:34.477+0000] {logging_mixin.py:188} INFO - [2026-01-09T12:34:34.477+0000] {dag.py:3036} INFO - Sync 1 DAGs
[2026-01-09T12:34:34.514+0000] {logging_mixin.py:188} INFO - [2026-01-09T12:34:34.513+0000] {dag.py:3823} INFO - Setting next_dagrun for example_skip_dag to 2026-01-08 00:00:00+00:00, run_after=2026-01-09 00:00:00+00:00
[2026-01-09T12:34:34.556+0000] {processor.py:183} INFO - Processing /home/airflow/.local/lib/python3.8/site-packages/airflow/example_dags/example_skip_dag.py took 0.155 seconds
[2026-01-09T12:35:05.314+0000] {processor.py:161} INFO - Started process (PID=12982) to work on /home/airflow/.local/lib/python3.8/site-packages/airflow/example_dags/example_skip_dag.py
[2026-01-09T12:35:05.316+0000] {processor.py:830} INFO - Processing file /home/airflow/.local/lib/python3.8/site-packages/airflow/example_dags/example_skip_dag.py for tasks to queue
[2026-01-09T12:35:05.317+0000] {logging_mixin.py:188} INFO - [2026-01-09T12:35:05.317+0000] {dagbag.py:538} INFO - Filling up the DagBag from /home/airflow/.local/lib/python3.8/site-packages/airflow/example_dags/example_skip_dag.py
[2026-01-09T12:35:05.328+0000] {processor.py:840} INFO - DAG(s) 'example_skip_dag' retrieved from /home/airflow/.local/lib/python3.8/site-packages/airflow/example_dags/example_skip_dag.py
[2026-01-09T12:35:05.366+0000] {logging_mixin.py:188} INFO - [2026-01-09T12:35:05.366+0000] {dag.py:3036} INFO - Sync 1 DAGs
[2026-01-09T12:35:05.405+0000] {logging_mixin.py:188} INFO - [2026-01-09T12:35:05.405+0000] {dag.py:3823} INFO - Setting next_dagrun for example_skip_dag to 2026-01-08 00:00:00+00:00, run_after=2026-01-09 00:00:00+00:00
[2026-01-09T12:35:05.446+0000] {processor.py:183} INFO - Processing /home/airflow/.local/lib/python3.8/site-packages/airflow/example_dags/example_skip_dag.py took 0.137 seconds
[2026-01-09T12:35:36.031+0000] {processor.py:161} INFO - Started process (PID=13231) to work on /home/airflow/.local/lib/python3.8/site-packages/airflow/example_dags/example_skip_dag.py
[2026-01-09T12:35:36.033+0000] {processor.py:830} INFO - Processing file /home/airflow/.local/lib/python3.8/site-packages/airflow/example_dags/example_skip_dag.py for tasks to queue
[2026-01-09T12:35:36.035+0000] {logging_mixin.py:188} INFO - [2026-01-09T12:35:36.034+0000] {dagbag.py:538} INFO - Filling up the DagBag from /home/airflow/.local/lib/python3.8/site-packages/airflow/example_dags/example_skip_dag.py
[2026-01-09T12:35:36.049+0000] {processor.py:840} INFO - DAG(s) 'example_skip_dag' retrieved from /home/airflow/.local/lib/python3.8/site-packages/airflow/example_dags/example_skip_dag.py
[2026-01-09T12:35:36.086+0000] {logging_mixin.py:188} INFO - [2026-01-09T12:35:36.085+0000] {dag.py:3036} INFO - Sync 1 DAGs
[2026-01-09T12:35:36.123+0000] {logging_mixin.py:188} INFO - [2026-01-09T12:35:36.122+0000] {dag.py:3823} INFO - Setting next_dagrun for example_skip_dag to 2026-01-08 00:00:00+00:00, run_after=2026-01-09 00:00:00+00:00
[2026-01-09T12:35:36.167+0000] {processor.py:183} INFO - Processing /home/airflow/.local/lib/python3.8/site-packages/airflow/example_dags/example_skip_dag.py took 0.142 seconds
[2026-01-09T12:36:06.690+0000] {processor.py:161} INFO - Started process (PID=13476) to work on /home/airflow/.local/lib/python3.8/site-packages/airflow/example_dags/example_skip_dag.py
[2026-01-09T12:36:06.692+0000] {processor.py:830} INFO - Processing file /home/airflow/.local/lib/python3.8/site-packages/airflow/example_dags/example_skip_dag.py for tasks to queue
[2026-01-09T12:36:06.693+0000] {logging_mixin.py:188} INFO - [2026-01-09T12:36:06.693+0000] {dagbag.py:538} INFO - Filling up the DagBag from /home/airflow/.local/lib/python3.8/site-packages/airflow/example_dags/example_skip_dag.py
[2026-01-09T12:36:06.706+0000] {processor.py:840} INFO - DAG(s) 'example_skip_dag' retrieved from /home/airflow/.local/lib/python3.8/site-packages/airflow/example_dags/example_skip_dag.py
[2026-01-09T12:36:06.757+0000] {logging_mixin.py:188} INFO - [2026-01-09T12:36:06.757+0000] {dag.py:3036} INFO - Sync 1 DAGs
[2026-01-09T12:36:06.801+0000] {logging_mixin.py:188} INFO - [2026-01-09T12:36:06.801+0000] {dag.py:3823} INFO - Setting next_dagrun for example_skip_dag to 2026-01-08 00:00:00+00:00, run_after=2026-01-09 00:00:00+00:00
[2026-01-09T12:36:06.863+0000] {processor.py:183} INFO - Processing /home/airflow/.local/lib/python3.8/site-packages/airflow/example_dags/example_skip_dag.py took 0.179 seconds
[2026-01-09T12:36:37.703+0000] {processor.py:161} INFO - Started process (PID=13723) to work on /home/airflow/.local/lib/python3.8/site-packages/airflow/example_dags/example_skip_dag.py
[2026-01-09T12:36:37.710+0000] {processor.py:830} INFO - Processing file /home/airflow/.local/lib/python3.8/site-packages/airflow/example_dags/example_skip_dag.py for tasks to queue
[2026-01-09T12:36:37.712+0000] {logging_mixin.py:188} INFO - [2026-01-09T12:36:37.711+0000] {dagbag.py:538} INFO - Filling up the DagBag from /home/airflow/.local/lib/python3.8/site-packages/airflow/example_dags/example_skip_dag.py
[2026-01-09T12:36:37.732+0000] {processor.py:840} INFO - DAG(s) 'example_skip_dag' retrieved from /home/airflow/.local/lib/python3.8/site-packages/airflow/example_dags/example_skip_dag.py
[2026-01-09T12:36:37.681+0000] {logging_mixin.py:188} INFO - [2026-01-09T12:36:37.680+0000] {dag.py:3036} INFO - Sync 1 DAGs
[2026-01-09T12:36:37.738+0000] {logging_mixin.py:188} INFO - [2026-01-09T12:36:37.737+0000] {dag.py:3823} INFO - Setting next_dagrun for example_skip_dag to 2026-01-08 00:00:00+00:00, run_after=2026-01-09 00:00:00+00:00
[2026-01-09T12:36:37.787+0000] {processor.py:183} INFO - Processing /home/airflow/.local/lib/python3.8/site-packages/airflow/example_dags/example_skip_dag.py took 0.226 seconds
[2026-01-09T12:37:08.343+0000] {processor.py:161} INFO - Started process (PID=13972) to work on /home/airflow/.local/lib/python3.8/site-packages/airflow/example_dags/example_skip_dag.py
[2026-01-09T12:37:08.345+0000] {processor.py:830} INFO - Processing file /home/airflow/.local/lib/python3.8/site-packages/airflow/example_dags/example_skip_dag.py for tasks to queue
[2026-01-09T12:37:08.346+0000] {logging_mixin.py:188} INFO - [2026-01-09T12:37:08.345+0000] {dagbag.py:538} INFO - Filling up the DagBag from /home/airflow/.local/lib/python3.8/site-packages/airflow/example_dags/example_skip_dag.py
[2026-01-09T12:37:08.356+0000] {processor.py:840} INFO - DAG(s) 'example_skip_dag' retrieved from /home/airflow/.local/lib/python3.8/site-packages/airflow/example_dags/example_skip_dag.py
[2026-01-09T12:37:08.397+0000] {logging_mixin.py:188} INFO - [2026-01-09T12:37:08.396+0000] {dag.py:3036} INFO - Sync 1 DAGs
[2026-01-09T12:37:08.431+0000] {logging_mixin.py:188} INFO - [2026-01-09T12:37:08.430+0000] {dag.py:3823} INFO - Setting next_dagrun for example_skip_dag to 2026-01-08 00:00:00+00:00, run_after=2026-01-09 00:00:00+00:00
[2026-01-09T12:37:08.466+0000] {processor.py:183} INFO - Processing /home/airflow/.local/lib/python3.8/site-packages/airflow/example_dags/example_skip_dag.py took 0.128 seconds
[2026-01-09T12:37:39.077+0000] {processor.py:161} INFO - Started process (PID=14219) to work on /home/airflow/.local/lib/python3.8/site-packages/airflow/example_dags/example_skip_dag.py
[2026-01-09T12:37:39.079+0000] {processor.py:830} INFO - Processing file /home/airflow/.local/lib/python3.8/site-packages/airflow/example_dags/example_skip_dag.py for tasks to queue
[2026-01-09T12:37:39.080+0000] {logging_mixin.py:188} INFO - [2026-01-09T12:37:39.080+0000] {dagbag.py:538} INFO - Filling up the DagBag from /home/airflow/.local/lib/python3.8/site-packages/airflow/example_dags/example_skip_dag.py
[2026-01-09T12:37:39.091+0000] {processor.py:840} INFO - DAG(s) 'example_skip_dag' retrieved from /home/airflow/.local/lib/python3.8/site-packages/airflow/example_dags/example_skip_dag.py
[2026-01-09T12:37:39.130+0000] {logging_mixin.py:188} INFO - [2026-01-09T12:37:39.130+0000] {dag.py:3036} INFO - Sync 1 DAGs
[2026-01-09T12:37:39.162+0000] {logging_mixin.py:188} INFO - [2026-01-09T12:37:39.161+0000] {dag.py:3823} INFO - Setting next_dagrun for example_skip_dag to 2026-01-08 00:00:00+00:00, run_after=2026-01-09 00:00:00+00:00
[2026-01-09T12:37:39.195+0000] {processor.py:183} INFO - Processing /home/airflow/.local/lib/python3.8/site-packages/airflow/example_dags/example_skip_dag.py took 0.124 seconds
[2026-01-09T12:38:09.610+0000] {processor.py:161} INFO - Started process (PID=14464) to work on /home/airflow/.local/lib/python3.8/site-packages/airflow/example_dags/example_skip_dag.py
[2026-01-09T12:38:09.612+0000] {processor.py:830} INFO - Processing file /home/airflow/.local/lib/python3.8/site-packages/airflow/example_dags/example_skip_dag.py for tasks to queue
[2026-01-09T12:38:09.613+0000] {logging_mixin.py:188} INFO - [2026-01-09T12:38:09.613+0000] {dagbag.py:538} INFO - Filling up the DagBag from /home/airflow/.local/lib/python3.8/site-packages/airflow/example_dags/example_skip_dag.py
[2026-01-09T12:38:09.625+0000] {processor.py:840} INFO - DAG(s) 'example_skip_dag' retrieved from /home/airflow/.local/lib/python3.8/site-packages/airflow/example_dags/example_skip_dag.py
[2026-01-09T12:38:09.669+0000] {logging_mixin.py:188} INFO - [2026-01-09T12:38:09.669+0000] {dag.py:3036} INFO - Sync 1 DAGs
[2026-01-09T12:38:09.705+0000] {logging_mixin.py:188} INFO - [2026-01-09T12:38:09.704+0000] {dag.py:3823} INFO - Setting next_dagrun for example_skip_dag to 2026-01-08 00:00:00+00:00, run_after=2026-01-09 00:00:00+00:00
[2026-01-09T12:38:09.744+0000] {processor.py:183} INFO - Processing /home/airflow/.local/lib/python3.8/site-packages/airflow/example_dags/example_skip_dag.py took 0.139 seconds
[2026-01-09T12:38:40.252+0000] {processor.py:161} INFO - Started process (PID=14711) to work on /home/airflow/.local/lib/python3.8/site-packages/airflow/example_dags/example_skip_dag.py
[2026-01-09T12:38:40.264+0000] {processor.py:830} INFO - Processing file /home/airflow/.local/lib/python3.8/site-packages/airflow/example_dags/example_skip_dag.py for tasks to queue
[2026-01-09T12:38:40.266+0000] {logging_mixin.py:188} INFO - [2026-01-09T12:38:40.266+0000] {dagbag.py:538} INFO - Filling up the DagBag from /home/airflow/.local/lib/python3.8/site-packages/airflow/example_dags/example_skip_dag.py
[2026-01-09T12:38:40.281+0000] {processor.py:840} INFO - DAG(s) 'example_skip_dag' retrieved from /home/airflow/.local/lib/python3.8/site-packages/airflow/example_dags/example_skip_dag.py
[2026-01-09T12:38:40.316+0000] {logging_mixin.py:188} INFO - [2026-01-09T12:38:40.316+0000] {dag.py:3036} INFO - Sync 1 DAGs
[2026-01-09T12:38:40.351+0000] {logging_mixin.py:188} INFO - [2026-01-09T12:38:40.351+0000] {dag.py:3823} INFO - Setting next_dagrun for example_skip_dag to 2026-01-08 00:00:00+00:00, run_after=2026-01-09 00:00:00+00:00
[2026-01-09T12:38:40.390+0000] {processor.py:183} INFO - Processing /home/airflow/.local/lib/python3.8/site-packages/airflow/example_dags/example_skip_dag.py took 0.144 seconds
[2026-01-09T12:39:10.804+0000] {processor.py:161} INFO - Started process (PID=14958) to work on /home/airflow/.local/lib/python3.8/site-packages/airflow/example_dags/example_skip_dag.py
[2026-01-09T12:39:10.806+0000] {processor.py:830} INFO - Processing file /home/airflow/.local/lib/python3.8/site-packages/airflow/example_dags/example_skip_dag.py for tasks to queue
[2026-01-09T12:39:10.808+0000] {logging_mixin.py:188} INFO - [2026-01-09T12:39:10.807+0000] {dagbag.py:538} INFO - Filling up the DagBag from /home/airflow/.local/lib/python3.8/site-packages/airflow/example_dags/example_skip_dag.py
[2026-01-09T12:39:10.820+0000] {processor.py:840} INFO - DAG(s) 'example_skip_dag' retrieved from /home/airflow/.local/lib/python3.8/site-packages/airflow/example_dags/example_skip_dag.py
[2026-01-09T12:39:10.869+0000] {logging_mixin.py:188} INFO - [2026-01-09T12:39:10.868+0000] {dag.py:3036} INFO - Sync 1 DAGs
[2026-01-09T12:39:10.907+0000] {logging_mixin.py:188} INFO - [2026-01-09T12:39:10.907+0000] {dag.py:3823} INFO - Setting next_dagrun for example_skip_dag to 2026-01-08 00:00:00+00:00, run_after=2026-01-09 00:00:00+00:00
[2026-01-09T12:39:10.951+0000] {processor.py:183} INFO - Processing /home/airflow/.local/lib/python3.8/site-packages/airflow/example_dags/example_skip_dag.py took 0.152 seconds
[2026-01-09T12:39:41.284+0000] {processor.py:161} INFO - Started process (PID=15205) to work on /home/airflow/.local/lib/python3.8/site-packages/airflow/example_dags/example_skip_dag.py
[2026-01-09T12:39:41.286+0000] {processor.py:830} INFO - Processing file /home/airflow/.local/lib/python3.8/site-packages/airflow/example_dags/example_skip_dag.py for tasks to queue
[2026-01-09T12:39:41.288+0000] {logging_mixin.py:188} INFO - [2026-01-09T12:39:41.287+0000] {dagbag.py:538} INFO - Filling up the DagBag from /home/airflow/.local/lib/python3.8/site-packages/airflow/example_dags/example_skip_dag.py
[2026-01-09T12:39:41.300+0000] {processor.py:840} INFO - DAG(s) 'example_skip_dag' retrieved from /home/airflow/.local/lib/python3.8/site-packages/airflow/example_dags/example_skip_dag.py
[2026-01-09T12:39:41.344+0000] {logging_mixin.py:188} INFO - [2026-01-09T12:39:41.344+0000] {dag.py:3036} INFO - Sync 1 DAGs
[2026-01-09T12:39:41.585+0000] {logging_mixin.py:188} INFO - [2026-01-09T12:39:41.585+0000] {dag.py:3823} INFO - Setting next_dagrun for example_skip_dag to 2026-01-08 00:00:00+00:00, run_after=2026-01-09 00:00:00+00:00
[2026-01-09T12:39:41.630+0000] {processor.py:183} INFO - Processing /home/airflow/.local/lib/python3.8/site-packages/airflow/example_dags/example_skip_dag.py took 0.353 seconds
