[2026-01-09T12:09:00.227+0000] {processor.py:161} INFO - Started process (PID=392) to work on /home/airflow/.local/lib/python3.8/site-packages/airflow/example_dags/tutorial_objectstorage.py
[2026-01-09T12:09:00.229+0000] {processor.py:830} INFO - Processing file /home/airflow/.local/lib/python3.8/site-packages/airflow/example_dags/tutorial_objectstorage.py for tasks to queue
[2026-01-09T12:09:00.231+0000] {logging_mixin.py:188} INFO - [2026-01-09T12:09:00.230+0000] {dagbag.py:538} INFO - Filling up the DagBag from /home/airflow/.local/lib/python3.8/site-packages/airflow/example_dags/tutorial_objectstorage.py
[2026-01-09T12:09:00.247+0000] {processor.py:840} INFO - DAG(s) 'tutorial_objectstorage' retrieved from /home/airflow/.local/lib/python3.8/site-packages/airflow/example_dags/tutorial_objectstorage.py
[2026-01-09T12:09:00.433+0000] {logging_mixin.py:188} INFO - [2026-01-09T12:09:00.432+0000] {dag.py:3036} INFO - Sync 1 DAGs
[2026-01-09T12:09:00.461+0000] {logging_mixin.py:188} INFO - [2026-01-09T12:09:00.461+0000] {dag.py:3823} INFO - Setting next_dagrun for tutorial_objectstorage to None, run_after=None
[2026-01-09T12:09:00.522+0000] {processor.py:183} INFO - Processing /home/airflow/.local/lib/python3.8/site-packages/airflow/example_dags/tutorial_objectstorage.py took 0.303 seconds
[2026-01-09T12:09:31.053+0000] {processor.py:161} INFO - Started process (PID=641) to work on /home/airflow/.local/lib/python3.8/site-packages/airflow/example_dags/tutorial_objectstorage.py
[2026-01-09T12:09:31.056+0000] {processor.py:830} INFO - Processing file /home/airflow/.local/lib/python3.8/site-packages/airflow/example_dags/tutorial_objectstorage.py for tasks to queue
[2026-01-09T12:09:31.057+0000] {logging_mixin.py:188} INFO - [2026-01-09T12:09:31.057+0000] {dagbag.py:538} INFO - Filling up the DagBag from /home/airflow/.local/lib/python3.8/site-packages/airflow/example_dags/tutorial_objectstorage.py
[2026-01-09T12:09:31.073+0000] {processor.py:840} INFO - DAG(s) 'tutorial_objectstorage' retrieved from /home/airflow/.local/lib/python3.8/site-packages/airflow/example_dags/tutorial_objectstorage.py
[2026-01-09T12:09:31.112+0000] {logging_mixin.py:188} INFO - [2026-01-09T12:09:31.111+0000] {dag.py:3036} INFO - Sync 1 DAGs
[2026-01-09T12:09:31.131+0000] {logging_mixin.py:188} INFO - [2026-01-09T12:09:31.130+0000] {dag.py:3823} INFO - Setting next_dagrun for tutorial_objectstorage to None, run_after=None
[2026-01-09T12:09:31.168+0000] {processor.py:183} INFO - Processing /home/airflow/.local/lib/python3.8/site-packages/airflow/example_dags/tutorial_objectstorage.py took 0.122 seconds
[2026-01-09T12:10:01.451+0000] {processor.py:161} INFO - Started process (PID=888) to work on /home/airflow/.local/lib/python3.8/site-packages/airflow/example_dags/tutorial_objectstorage.py
[2026-01-09T12:10:01.453+0000] {processor.py:830} INFO - Processing file /home/airflow/.local/lib/python3.8/site-packages/airflow/example_dags/tutorial_objectstorage.py for tasks to queue
[2026-01-09T12:10:01.454+0000] {logging_mixin.py:188} INFO - [2026-01-09T12:10:01.453+0000] {dagbag.py:538} INFO - Filling up the DagBag from /home/airflow/.local/lib/python3.8/site-packages/airflow/example_dags/tutorial_objectstorage.py
[2026-01-09T12:10:01.466+0000] {processor.py:840} INFO - DAG(s) 'tutorial_objectstorage' retrieved from /home/airflow/.local/lib/python3.8/site-packages/airflow/example_dags/tutorial_objectstorage.py
[2026-01-09T12:10:01.501+0000] {logging_mixin.py:188} INFO - [2026-01-09T12:10:01.501+0000] {dag.py:3036} INFO - Sync 1 DAGs
[2026-01-09T12:10:01.523+0000] {logging_mixin.py:188} INFO - [2026-01-09T12:10:01.522+0000] {dag.py:3823} INFO - Setting next_dagrun for tutorial_objectstorage to None, run_after=None
[2026-01-09T12:10:01.561+0000] {processor.py:183} INFO - Processing /home/airflow/.local/lib/python3.8/site-packages/airflow/example_dags/tutorial_objectstorage.py took 0.117 seconds
[2026-01-09T12:10:32.210+0000] {processor.py:161} INFO - Started process (PID=1133) to work on /home/airflow/.local/lib/python3.8/site-packages/airflow/example_dags/tutorial_objectstorage.py
[2026-01-09T12:10:32.213+0000] {processor.py:830} INFO - Processing file /home/airflow/.local/lib/python3.8/site-packages/airflow/example_dags/tutorial_objectstorage.py for tasks to queue
[2026-01-09T12:10:32.215+0000] {logging_mixin.py:188} INFO - [2026-01-09T12:10:32.214+0000] {dagbag.py:538} INFO - Filling up the DagBag from /home/airflow/.local/lib/python3.8/site-packages/airflow/example_dags/tutorial_objectstorage.py
[2026-01-09T12:10:32.228+0000] {processor.py:840} INFO - DAG(s) 'tutorial_objectstorage' retrieved from /home/airflow/.local/lib/python3.8/site-packages/airflow/example_dags/tutorial_objectstorage.py
[2026-01-09T12:10:32.274+0000] {logging_mixin.py:188} INFO - [2026-01-09T12:10:32.274+0000] {dag.py:3036} INFO - Sync 1 DAGs
[2026-01-09T12:10:32.298+0000] {logging_mixin.py:188} INFO - [2026-01-09T12:10:32.298+0000] {dag.py:3823} INFO - Setting next_dagrun for tutorial_objectstorage to None, run_after=None
[2026-01-09T12:10:32.348+0000] {processor.py:183} INFO - Processing /home/airflow/.local/lib/python3.8/site-packages/airflow/example_dags/tutorial_objectstorage.py took 0.144 seconds
[2026-01-09T12:11:02.495+0000] {processor.py:161} INFO - Started process (PID=1380) to work on /home/airflow/.local/lib/python3.8/site-packages/airflow/example_dags/tutorial_objectstorage.py
[2026-01-09T12:11:02.498+0000] {processor.py:830} INFO - Processing file /home/airflow/.local/lib/python3.8/site-packages/airflow/example_dags/tutorial_objectstorage.py for tasks to queue
[2026-01-09T12:11:02.500+0000] {logging_mixin.py:188} INFO - [2026-01-09T12:11:02.499+0000] {dagbag.py:538} INFO - Filling up the DagBag from /home/airflow/.local/lib/python3.8/site-packages/airflow/example_dags/tutorial_objectstorage.py
[2026-01-09T12:11:02.515+0000] {processor.py:840} INFO - DAG(s) 'tutorial_objectstorage' retrieved from /home/airflow/.local/lib/python3.8/site-packages/airflow/example_dags/tutorial_objectstorage.py
[2026-01-09T12:11:02.564+0000] {logging_mixin.py:188} INFO - [2026-01-09T12:11:02.564+0000] {dag.py:3036} INFO - Sync 1 DAGs
[2026-01-09T12:11:02.601+0000] {logging_mixin.py:188} INFO - [2026-01-09T12:11:02.600+0000] {dag.py:3823} INFO - Setting next_dagrun for tutorial_objectstorage to None, run_after=None
[2026-01-09T12:11:02.655+0000] {processor.py:183} INFO - Processing /home/airflow/.local/lib/python3.8/site-packages/airflow/example_dags/tutorial_objectstorage.py took 0.169 seconds
[2026-01-09T12:11:33.115+0000] {processor.py:161} INFO - Started process (PID=1629) to work on /home/airflow/.local/lib/python3.8/site-packages/airflow/example_dags/tutorial_objectstorage.py
[2026-01-09T12:11:33.118+0000] {processor.py:830} INFO - Processing file /home/airflow/.local/lib/python3.8/site-packages/airflow/example_dags/tutorial_objectstorage.py for tasks to queue
[2026-01-09T12:11:33.119+0000] {logging_mixin.py:188} INFO - [2026-01-09T12:11:33.119+0000] {dagbag.py:538} INFO - Filling up the DagBag from /home/airflow/.local/lib/python3.8/site-packages/airflow/example_dags/tutorial_objectstorage.py
[2026-01-09T12:11:33.133+0000] {processor.py:840} INFO - DAG(s) 'tutorial_objectstorage' retrieved from /home/airflow/.local/lib/python3.8/site-packages/airflow/example_dags/tutorial_objectstorage.py
[2026-01-09T12:11:33.178+0000] {logging_mixin.py:188} INFO - [2026-01-09T12:11:33.177+0000] {dag.py:3036} INFO - Sync 1 DAGs
[2026-01-09T12:11:33.201+0000] {logging_mixin.py:188} INFO - [2026-01-09T12:11:33.200+0000] {dag.py:3823} INFO - Setting next_dagrun for tutorial_objectstorage to None, run_after=None
[2026-01-09T12:11:33.254+0000] {processor.py:183} INFO - Processing /home/airflow/.local/lib/python3.8/site-packages/airflow/example_dags/tutorial_objectstorage.py took 0.146 seconds
[2026-01-09T12:12:03.416+0000] {processor.py:161} INFO - Started process (PID=1875) to work on /home/airflow/.local/lib/python3.8/site-packages/airflow/example_dags/tutorial_objectstorage.py
[2026-01-09T12:12:03.418+0000] {processor.py:830} INFO - Processing file /home/airflow/.local/lib/python3.8/site-packages/airflow/example_dags/tutorial_objectstorage.py for tasks to queue
[2026-01-09T12:12:03.423+0000] {logging_mixin.py:188} INFO - [2026-01-09T12:12:03.419+0000] {dagbag.py:538} INFO - Filling up the DagBag from /home/airflow/.local/lib/python3.8/site-packages/airflow/example_dags/tutorial_objectstorage.py
[2026-01-09T12:12:03.441+0000] {processor.py:840} INFO - DAG(s) 'tutorial_objectstorage' retrieved from /home/airflow/.local/lib/python3.8/site-packages/airflow/example_dags/tutorial_objectstorage.py
[2026-01-09T12:12:03.498+0000] {logging_mixin.py:188} INFO - [2026-01-09T12:12:03.498+0000] {dag.py:3036} INFO - Sync 1 DAGs
[2026-01-09T12:12:03.527+0000] {logging_mixin.py:188} INFO - [2026-01-09T12:12:03.527+0000] {dag.py:3823} INFO - Setting next_dagrun for tutorial_objectstorage to None, run_after=None
[2026-01-09T12:12:03.581+0000] {processor.py:183} INFO - Processing /home/airflow/.local/lib/python3.8/site-packages/airflow/example_dags/tutorial_objectstorage.py took 0.172 seconds
[2026-01-09T12:12:34.320+0000] {processor.py:161} INFO - Started process (PID=2122) to work on /home/airflow/.local/lib/python3.8/site-packages/airflow/example_dags/tutorial_objectstorage.py
[2026-01-09T12:12:34.322+0000] {processor.py:830} INFO - Processing file /home/airflow/.local/lib/python3.8/site-packages/airflow/example_dags/tutorial_objectstorage.py for tasks to queue
[2026-01-09T12:12:34.323+0000] {logging_mixin.py:188} INFO - [2026-01-09T12:12:34.323+0000] {dagbag.py:538} INFO - Filling up the DagBag from /home/airflow/.local/lib/python3.8/site-packages/airflow/example_dags/tutorial_objectstorage.py
[2026-01-09T12:12:34.335+0000] {processor.py:840} INFO - DAG(s) 'tutorial_objectstorage' retrieved from /home/airflow/.local/lib/python3.8/site-packages/airflow/example_dags/tutorial_objectstorage.py
[2026-01-09T12:12:34.376+0000] {logging_mixin.py:188} INFO - [2026-01-09T12:12:34.376+0000] {dag.py:3036} INFO - Sync 1 DAGs
[2026-01-09T12:12:34.402+0000] {logging_mixin.py:188} INFO - [2026-01-09T12:12:34.401+0000] {dag.py:3823} INFO - Setting next_dagrun for tutorial_objectstorage to None, run_after=None
[2026-01-09T12:12:34.444+0000] {processor.py:183} INFO - Processing /home/airflow/.local/lib/python3.8/site-packages/airflow/example_dags/tutorial_objectstorage.py took 0.129 seconds
[2026-01-09T12:13:05.205+0000] {processor.py:161} INFO - Started process (PID=2369) to work on /home/airflow/.local/lib/python3.8/site-packages/airflow/example_dags/tutorial_objectstorage.py
[2026-01-09T12:13:05.207+0000] {processor.py:830} INFO - Processing file /home/airflow/.local/lib/python3.8/site-packages/airflow/example_dags/tutorial_objectstorage.py for tasks to queue
[2026-01-09T12:13:05.209+0000] {logging_mixin.py:188} INFO - [2026-01-09T12:13:05.208+0000] {dagbag.py:538} INFO - Filling up the DagBag from /home/airflow/.local/lib/python3.8/site-packages/airflow/example_dags/tutorial_objectstorage.py
[2026-01-09T12:13:05.229+0000] {processor.py:840} INFO - DAG(s) 'tutorial_objectstorage' retrieved from /home/airflow/.local/lib/python3.8/site-packages/airflow/example_dags/tutorial_objectstorage.py
[2026-01-09T12:13:05.284+0000] {logging_mixin.py:188} INFO - [2026-01-09T12:13:05.283+0000] {dag.py:3036} INFO - Sync 1 DAGs
[2026-01-09T12:13:05.309+0000] {logging_mixin.py:188} INFO - [2026-01-09T12:13:05.308+0000] {dag.py:3823} INFO - Setting next_dagrun for tutorial_objectstorage to None, run_after=None
[2026-01-09T12:13:05.356+0000] {processor.py:183} INFO - Processing /home/airflow/.local/lib/python3.8/site-packages/airflow/example_dags/tutorial_objectstorage.py took 0.157 seconds
[2026-01-09T12:13:36.133+0000] {processor.py:161} INFO - Started process (PID=2616) to work on /home/airflow/.local/lib/python3.8/site-packages/airflow/example_dags/tutorial_objectstorage.py
[2026-01-09T12:13:36.134+0000] {processor.py:830} INFO - Processing file /home/airflow/.local/lib/python3.8/site-packages/airflow/example_dags/tutorial_objectstorage.py for tasks to queue
[2026-01-09T12:13:36.136+0000] {logging_mixin.py:188} INFO - [2026-01-09T12:13:36.135+0000] {dagbag.py:538} INFO - Filling up the DagBag from /home/airflow/.local/lib/python3.8/site-packages/airflow/example_dags/tutorial_objectstorage.py
[2026-01-09T12:13:36.156+0000] {processor.py:840} INFO - DAG(s) 'tutorial_objectstorage' retrieved from /home/airflow/.local/lib/python3.8/site-packages/airflow/example_dags/tutorial_objectstorage.py
[2026-01-09T12:13:36.192+0000] {logging_mixin.py:188} INFO - [2026-01-09T12:13:36.191+0000] {dag.py:3036} INFO - Sync 1 DAGs
[2026-01-09T12:13:36.211+0000] {logging_mixin.py:188} INFO - [2026-01-09T12:13:36.211+0000] {dag.py:3823} INFO - Setting next_dagrun for tutorial_objectstorage to None, run_after=None
[2026-01-09T12:13:36.254+0000] {processor.py:183} INFO - Processing /home/airflow/.local/lib/python3.8/site-packages/airflow/example_dags/tutorial_objectstorage.py took 0.128 seconds
[2026-01-09T12:14:06.501+0000] {processor.py:161} INFO - Started process (PID=2865) to work on /home/airflow/.local/lib/python3.8/site-packages/airflow/example_dags/tutorial_objectstorage.py
[2026-01-09T12:14:06.511+0000] {processor.py:830} INFO - Processing file /home/airflow/.local/lib/python3.8/site-packages/airflow/example_dags/tutorial_objectstorage.py for tasks to queue
[2026-01-09T12:14:06.513+0000] {logging_mixin.py:188} INFO - [2026-01-09T12:14:06.512+0000] {dagbag.py:538} INFO - Filling up the DagBag from /home/airflow/.local/lib/python3.8/site-packages/airflow/example_dags/tutorial_objectstorage.py
[2026-01-09T12:14:06.527+0000] {processor.py:840} INFO - DAG(s) 'tutorial_objectstorage' retrieved from /home/airflow/.local/lib/python3.8/site-packages/airflow/example_dags/tutorial_objectstorage.py
[2026-01-09T12:14:06.565+0000] {logging_mixin.py:188} INFO - [2026-01-09T12:14:06.564+0000] {dag.py:3036} INFO - Sync 1 DAGs
[2026-01-09T12:14:06.587+0000] {logging_mixin.py:188} INFO - [2026-01-09T12:14:06.586+0000] {dag.py:3823} INFO - Setting next_dagrun for tutorial_objectstorage to None, run_after=None
[2026-01-09T12:14:06.635+0000] {processor.py:183} INFO - Processing /home/airflow/.local/lib/python3.8/site-packages/airflow/example_dags/tutorial_objectstorage.py took 0.140 seconds
[2026-01-09T12:14:36.800+0000] {processor.py:161} INFO - Started process (PID=3110) to work on /home/airflow/.local/lib/python3.8/site-packages/airflow/example_dags/tutorial_objectstorage.py
[2026-01-09T12:14:36.802+0000] {processor.py:830} INFO - Processing file /home/airflow/.local/lib/python3.8/site-packages/airflow/example_dags/tutorial_objectstorage.py for tasks to queue
[2026-01-09T12:14:36.804+0000] {logging_mixin.py:188} INFO - [2026-01-09T12:14:36.803+0000] {dagbag.py:538} INFO - Filling up the DagBag from /home/airflow/.local/lib/python3.8/site-packages/airflow/example_dags/tutorial_objectstorage.py
[2026-01-09T12:14:36.816+0000] {processor.py:840} INFO - DAG(s) 'tutorial_objectstorage' retrieved from /home/airflow/.local/lib/python3.8/site-packages/airflow/example_dags/tutorial_objectstorage.py
[2026-01-09T12:14:36.851+0000] {logging_mixin.py:188} INFO - [2026-01-09T12:14:36.850+0000] {dag.py:3036} INFO - Sync 1 DAGs
[2026-01-09T12:14:36.871+0000] {logging_mixin.py:188} INFO - [2026-01-09T12:14:36.871+0000] {dag.py:3823} INFO - Setting next_dagrun for tutorial_objectstorage to None, run_after=None
[2026-01-09T12:14:36.911+0000] {processor.py:183} INFO - Processing /home/airflow/.local/lib/python3.8/site-packages/airflow/example_dags/tutorial_objectstorage.py took 0.116 seconds
[2026-01-09T12:15:08.522+0000] {processor.py:161} INFO - Started process (PID=3357) to work on /home/airflow/.local/lib/python3.8/site-packages/airflow/example_dags/tutorial_objectstorage.py
[2026-01-09T12:15:08.548+0000] {processor.py:830} INFO - Processing file /home/airflow/.local/lib/python3.8/site-packages/airflow/example_dags/tutorial_objectstorage.py for tasks to queue
[2026-01-09T12:15:08.551+0000] {logging_mixin.py:188} INFO - [2026-01-09T12:15:08.550+0000] {dagbag.py:538} INFO - Filling up the DagBag from /home/airflow/.local/lib/python3.8/site-packages/airflow/example_dags/tutorial_objectstorage.py
[2026-01-09T12:15:08.592+0000] {processor.py:840} INFO - DAG(s) 'tutorial_objectstorage' retrieved from /home/airflow/.local/lib/python3.8/site-packages/airflow/example_dags/tutorial_objectstorage.py
[2026-01-09T12:15:08.668+0000] {logging_mixin.py:188} INFO - [2026-01-09T12:15:08.667+0000] {dag.py:3036} INFO - Sync 1 DAGs
[2026-01-09T12:15:08.714+0000] {logging_mixin.py:188} INFO - [2026-01-09T12:15:08.714+0000] {dag.py:3823} INFO - Setting next_dagrun for tutorial_objectstorage to None, run_after=None
[2026-01-09T12:15:08.861+0000] {processor.py:183} INFO - Processing /home/airflow/.local/lib/python3.8/site-packages/airflow/example_dags/tutorial_objectstorage.py took 0.349 seconds
[2026-01-09T12:15:38.968+0000] {processor.py:161} INFO - Started process (PID=3606) to work on /home/airflow/.local/lib/python3.8/site-packages/airflow/example_dags/tutorial_objectstorage.py
[2026-01-09T12:15:38.969+0000] {processor.py:830} INFO - Processing file /home/airflow/.local/lib/python3.8/site-packages/airflow/example_dags/tutorial_objectstorage.py for tasks to queue
[2026-01-09T12:15:38.970+0000] {logging_mixin.py:188} INFO - [2026-01-09T12:15:38.970+0000] {dagbag.py:538} INFO - Filling up the DagBag from /home/airflow/.local/lib/python3.8/site-packages/airflow/example_dags/tutorial_objectstorage.py
[2026-01-09T12:15:38.983+0000] {processor.py:840} INFO - DAG(s) 'tutorial_objectstorage' retrieved from /home/airflow/.local/lib/python3.8/site-packages/airflow/example_dags/tutorial_objectstorage.py
[2026-01-09T12:15:39.031+0000] {logging_mixin.py:188} INFO - [2026-01-09T12:15:39.031+0000] {dag.py:3036} INFO - Sync 1 DAGs
[2026-01-09T12:15:39.055+0000] {logging_mixin.py:188} INFO - [2026-01-09T12:15:39.055+0000] {dag.py:3823} INFO - Setting next_dagrun for tutorial_objectstorage to None, run_after=None
[2026-01-09T12:15:39.100+0000] {processor.py:183} INFO - Processing /home/airflow/.local/lib/python3.8/site-packages/airflow/example_dags/tutorial_objectstorage.py took 0.139 seconds
[2026-01-09T12:16:09.260+0000] {processor.py:161} INFO - Started process (PID=3852) to work on /home/airflow/.local/lib/python3.8/site-packages/airflow/example_dags/tutorial_objectstorage.py
[2026-01-09T12:16:09.263+0000] {processor.py:830} INFO - Processing file /home/airflow/.local/lib/python3.8/site-packages/airflow/example_dags/tutorial_objectstorage.py for tasks to queue
[2026-01-09T12:16:09.264+0000] {logging_mixin.py:188} INFO - [2026-01-09T12:16:09.264+0000] {dagbag.py:538} INFO - Filling up the DagBag from /home/airflow/.local/lib/python3.8/site-packages/airflow/example_dags/tutorial_objectstorage.py
[2026-01-09T12:16:09.279+0000] {processor.py:840} INFO - DAG(s) 'tutorial_objectstorage' retrieved from /home/airflow/.local/lib/python3.8/site-packages/airflow/example_dags/tutorial_objectstorage.py
[2026-01-09T12:16:09.321+0000] {logging_mixin.py:188} INFO - [2026-01-09T12:16:09.321+0000] {dag.py:3036} INFO - Sync 1 DAGs
[2026-01-09T12:16:09.341+0000] {logging_mixin.py:188} INFO - [2026-01-09T12:16:09.341+0000] {dag.py:3823} INFO - Setting next_dagrun for tutorial_objectstorage to None, run_after=None
[2026-01-09T12:16:09.382+0000] {processor.py:183} INFO - Processing /home/airflow/.local/lib/python3.8/site-packages/airflow/example_dags/tutorial_objectstorage.py took 0.130 seconds
[2026-01-09T12:16:39.605+0000] {processor.py:161} INFO - Started process (PID=4099) to work on /home/airflow/.local/lib/python3.8/site-packages/airflow/example_dags/tutorial_objectstorage.py
[2026-01-09T12:16:39.608+0000] {processor.py:830} INFO - Processing file /home/airflow/.local/lib/python3.8/site-packages/airflow/example_dags/tutorial_objectstorage.py for tasks to queue
[2026-01-09T12:16:39.610+0000] {logging_mixin.py:188} INFO - [2026-01-09T12:16:39.609+0000] {dagbag.py:538} INFO - Filling up the DagBag from /home/airflow/.local/lib/python3.8/site-packages/airflow/example_dags/tutorial_objectstorage.py
[2026-01-09T12:16:39.628+0000] {processor.py:840} INFO - DAG(s) 'tutorial_objectstorage' retrieved from /home/airflow/.local/lib/python3.8/site-packages/airflow/example_dags/tutorial_objectstorage.py
[2026-01-09T12:16:39.677+0000] {logging_mixin.py:188} INFO - [2026-01-09T12:16:39.676+0000] {dag.py:3036} INFO - Sync 1 DAGs
[2026-01-09T12:16:39.718+0000] {logging_mixin.py:188} INFO - [2026-01-09T12:16:39.718+0000] {dag.py:3823} INFO - Setting next_dagrun for tutorial_objectstorage to None, run_after=None
[2026-01-09T12:16:39.787+0000] {processor.py:183} INFO - Processing /home/airflow/.local/lib/python3.8/site-packages/airflow/example_dags/tutorial_objectstorage.py took 0.193 seconds
[2026-01-09T12:17:09.898+0000] {processor.py:161} INFO - Started process (PID=4346) to work on /home/airflow/.local/lib/python3.8/site-packages/airflow/example_dags/tutorial_objectstorage.py
[2026-01-09T12:17:09.901+0000] {processor.py:830} INFO - Processing file /home/airflow/.local/lib/python3.8/site-packages/airflow/example_dags/tutorial_objectstorage.py for tasks to queue
[2026-01-09T12:17:09.903+0000] {logging_mixin.py:188} INFO - [2026-01-09T12:17:09.903+0000] {dagbag.py:538} INFO - Filling up the DagBag from /home/airflow/.local/lib/python3.8/site-packages/airflow/example_dags/tutorial_objectstorage.py
[2026-01-09T12:17:09.920+0000] {processor.py:840} INFO - DAG(s) 'tutorial_objectstorage' retrieved from /home/airflow/.local/lib/python3.8/site-packages/airflow/example_dags/tutorial_objectstorage.py
[2026-01-09T12:17:09.958+0000] {logging_mixin.py:188} INFO - [2026-01-09T12:17:09.958+0000] {dag.py:3036} INFO - Sync 1 DAGs
[2026-01-09T12:17:09.980+0000] {logging_mixin.py:188} INFO - [2026-01-09T12:17:09.980+0000] {dag.py:3823} INFO - Setting next_dagrun for tutorial_objectstorage to None, run_after=None
[2026-01-09T12:17:10.027+0000] {processor.py:183} INFO - Processing /home/airflow/.local/lib/python3.8/site-packages/airflow/example_dags/tutorial_objectstorage.py took 0.136 seconds
[2026-01-09T12:17:40.092+0000] {processor.py:161} INFO - Started process (PID=4593) to work on /home/airflow/.local/lib/python3.8/site-packages/airflow/example_dags/tutorial_objectstorage.py
[2026-01-09T12:17:40.095+0000] {processor.py:830} INFO - Processing file /home/airflow/.local/lib/python3.8/site-packages/airflow/example_dags/tutorial_objectstorage.py for tasks to queue
[2026-01-09T12:17:40.096+0000] {logging_mixin.py:188} INFO - [2026-01-09T12:17:40.096+0000] {dagbag.py:538} INFO - Filling up the DagBag from /home/airflow/.local/lib/python3.8/site-packages/airflow/example_dags/tutorial_objectstorage.py
[2026-01-09T12:17:40.109+0000] {processor.py:840} INFO - DAG(s) 'tutorial_objectstorage' retrieved from /home/airflow/.local/lib/python3.8/site-packages/airflow/example_dags/tutorial_objectstorage.py
[2026-01-09T12:17:40.149+0000] {logging_mixin.py:188} INFO - [2026-01-09T12:17:40.148+0000] {dag.py:3036} INFO - Sync 1 DAGs
[2026-01-09T12:17:40.171+0000] {logging_mixin.py:188} INFO - [2026-01-09T12:17:40.170+0000] {dag.py:3823} INFO - Setting next_dagrun for tutorial_objectstorage to None, run_after=None
[2026-01-09T12:17:40.221+0000] {processor.py:183} INFO - Processing /home/airflow/.local/lib/python3.8/site-packages/airflow/example_dags/tutorial_objectstorage.py took 0.136 seconds
[2026-01-09T12:18:11.074+0000] {processor.py:161} INFO - Started process (PID=4838) to work on /home/airflow/.local/lib/python3.8/site-packages/airflow/example_dags/tutorial_objectstorage.py
[2026-01-09T12:18:11.077+0000] {processor.py:830} INFO - Processing file /home/airflow/.local/lib/python3.8/site-packages/airflow/example_dags/tutorial_objectstorage.py for tasks to queue
[2026-01-09T12:18:11.079+0000] {logging_mixin.py:188} INFO - [2026-01-09T12:18:11.078+0000] {dagbag.py:538} INFO - Filling up the DagBag from /home/airflow/.local/lib/python3.8/site-packages/airflow/example_dags/tutorial_objectstorage.py
[2026-01-09T12:18:11.099+0000] {processor.py:840} INFO - DAG(s) 'tutorial_objectstorage' retrieved from /home/airflow/.local/lib/python3.8/site-packages/airflow/example_dags/tutorial_objectstorage.py
[2026-01-09T12:18:11.140+0000] {logging_mixin.py:188} INFO - [2026-01-09T12:18:11.139+0000] {dag.py:3036} INFO - Sync 1 DAGs
[2026-01-09T12:18:11.164+0000] {logging_mixin.py:188} INFO - [2026-01-09T12:18:11.163+0000] {dag.py:3823} INFO - Setting next_dagrun for tutorial_objectstorage to None, run_after=None
[2026-01-09T12:18:11.207+0000] {processor.py:183} INFO - Processing /home/airflow/.local/lib/python3.8/site-packages/airflow/example_dags/tutorial_objectstorage.py took 0.140 seconds
[2026-01-09T12:18:41.770+0000] {processor.py:161} INFO - Started process (PID=5085) to work on /home/airflow/.local/lib/python3.8/site-packages/airflow/example_dags/tutorial_objectstorage.py
[2026-01-09T12:18:41.775+0000] {processor.py:830} INFO - Processing file /home/airflow/.local/lib/python3.8/site-packages/airflow/example_dags/tutorial_objectstorage.py for tasks to queue
[2026-01-09T12:18:41.778+0000] {logging_mixin.py:188} INFO - [2026-01-09T12:18:41.777+0000] {dagbag.py:538} INFO - Filling up the DagBag from /home/airflow/.local/lib/python3.8/site-packages/airflow/example_dags/tutorial_objectstorage.py
[2026-01-09T12:18:41.796+0000] {processor.py:840} INFO - DAG(s) 'tutorial_objectstorage' retrieved from /home/airflow/.local/lib/python3.8/site-packages/airflow/example_dags/tutorial_objectstorage.py
[2026-01-09T12:18:41.838+0000] {logging_mixin.py:188} INFO - [2026-01-09T12:18:41.837+0000] {dag.py:3036} INFO - Sync 1 DAGs
[2026-01-09T12:18:41.865+0000] {logging_mixin.py:188} INFO - [2026-01-09T12:18:41.864+0000] {dag.py:3823} INFO - Setting next_dagrun for tutorial_objectstorage to None, run_after=None
[2026-01-09T12:18:41.913+0000] {processor.py:183} INFO - Processing /home/airflow/.local/lib/python3.8/site-packages/airflow/example_dags/tutorial_objectstorage.py took 0.151 seconds
[2026-01-09T12:19:12.094+0000] {processor.py:161} INFO - Started process (PID=5332) to work on /home/airflow/.local/lib/python3.8/site-packages/airflow/example_dags/tutorial_objectstorage.py
[2026-01-09T12:19:12.096+0000] {processor.py:830} INFO - Processing file /home/airflow/.local/lib/python3.8/site-packages/airflow/example_dags/tutorial_objectstorage.py for tasks to queue
[2026-01-09T12:19:12.097+0000] {logging_mixin.py:188} INFO - [2026-01-09T12:19:12.097+0000] {dagbag.py:538} INFO - Filling up the DagBag from /home/airflow/.local/lib/python3.8/site-packages/airflow/example_dags/tutorial_objectstorage.py
[2026-01-09T12:19:12.110+0000] {processor.py:840} INFO - DAG(s) 'tutorial_objectstorage' retrieved from /home/airflow/.local/lib/python3.8/site-packages/airflow/example_dags/tutorial_objectstorage.py
[2026-01-09T12:19:12.032+0000] {logging_mixin.py:188} INFO - [2026-01-09T12:19:12.032+0000] {dag.py:3036} INFO - Sync 1 DAGs
[2026-01-09T12:19:12.051+0000] {logging_mixin.py:188} INFO - [2026-01-09T12:19:12.051+0000] {dag.py:3823} INFO - Setting next_dagrun for tutorial_objectstorage to None, run_after=None
[2026-01-09T12:19:12.093+0000] {processor.py:183} INFO - Processing /home/airflow/.local/lib/python3.8/site-packages/airflow/example_dags/tutorial_objectstorage.py took 0.120 seconds
[2026-01-09T12:19:42.971+0000] {processor.py:161} INFO - Started process (PID=5581) to work on /home/airflow/.local/lib/python3.8/site-packages/airflow/example_dags/tutorial_objectstorage.py
[2026-01-09T12:19:42.973+0000] {processor.py:830} INFO - Processing file /home/airflow/.local/lib/python3.8/site-packages/airflow/example_dags/tutorial_objectstorage.py for tasks to queue
[2026-01-09T12:19:42.975+0000] {logging_mixin.py:188} INFO - [2026-01-09T12:19:42.974+0000] {dagbag.py:538} INFO - Filling up the DagBag from /home/airflow/.local/lib/python3.8/site-packages/airflow/example_dags/tutorial_objectstorage.py
[2026-01-09T12:19:42.990+0000] {processor.py:840} INFO - DAG(s) 'tutorial_objectstorage' retrieved from /home/airflow/.local/lib/python3.8/site-packages/airflow/example_dags/tutorial_objectstorage.py
[2026-01-09T12:19:43.028+0000] {logging_mixin.py:188} INFO - [2026-01-09T12:19:43.028+0000] {dag.py:3036} INFO - Sync 1 DAGs
[2026-01-09T12:19:43.050+0000] {logging_mixin.py:188} INFO - [2026-01-09T12:19:43.049+0000] {dag.py:3823} INFO - Setting next_dagrun for tutorial_objectstorage to None, run_after=None
[2026-01-09T12:19:43.094+0000] {processor.py:183} INFO - Processing /home/airflow/.local/lib/python3.8/site-packages/airflow/example_dags/tutorial_objectstorage.py took 0.131 seconds
[2026-01-09T12:20:13.547+0000] {processor.py:161} INFO - Started process (PID=5826) to work on /home/airflow/.local/lib/python3.8/site-packages/airflow/example_dags/tutorial_objectstorage.py
[2026-01-09T12:20:13.550+0000] {processor.py:830} INFO - Processing file /home/airflow/.local/lib/python3.8/site-packages/airflow/example_dags/tutorial_objectstorage.py for tasks to queue
[2026-01-09T12:20:13.552+0000] {logging_mixin.py:188} INFO - [2026-01-09T12:20:13.551+0000] {dagbag.py:538} INFO - Filling up the DagBag from /home/airflow/.local/lib/python3.8/site-packages/airflow/example_dags/tutorial_objectstorage.py
[2026-01-09T12:20:13.570+0000] {processor.py:840} INFO - DAG(s) 'tutorial_objectstorage' retrieved from /home/airflow/.local/lib/python3.8/site-packages/airflow/example_dags/tutorial_objectstorage.py
[2026-01-09T12:20:13.621+0000] {logging_mixin.py:188} INFO - [2026-01-09T12:20:13.620+0000] {dag.py:3036} INFO - Sync 1 DAGs
[2026-01-09T12:20:13.647+0000] {logging_mixin.py:188} INFO - [2026-01-09T12:20:13.646+0000] {dag.py:3823} INFO - Setting next_dagrun for tutorial_objectstorage to None, run_after=None
[2026-01-09T12:20:13.706+0000] {processor.py:183} INFO - Processing /home/airflow/.local/lib/python3.8/site-packages/airflow/example_dags/tutorial_objectstorage.py took 0.166 seconds
[2026-01-09T12:20:44.559+0000] {processor.py:161} INFO - Started process (PID=6073) to work on /home/airflow/.local/lib/python3.8/site-packages/airflow/example_dags/tutorial_objectstorage.py
[2026-01-09T12:20:44.569+0000] {processor.py:830} INFO - Processing file /home/airflow/.local/lib/python3.8/site-packages/airflow/example_dags/tutorial_objectstorage.py for tasks to queue
[2026-01-09T12:20:44.571+0000] {logging_mixin.py:188} INFO - [2026-01-09T12:20:44.570+0000] {dagbag.py:538} INFO - Filling up the DagBag from /home/airflow/.local/lib/python3.8/site-packages/airflow/example_dags/tutorial_objectstorage.py
[2026-01-09T12:20:44.591+0000] {processor.py:840} INFO - DAG(s) 'tutorial_objectstorage' retrieved from /home/airflow/.local/lib/python3.8/site-packages/airflow/example_dags/tutorial_objectstorage.py
[2026-01-09T12:20:44.653+0000] {logging_mixin.py:188} INFO - [2026-01-09T12:20:44.653+0000] {dag.py:3036} INFO - Sync 1 DAGs
[2026-01-09T12:20:44.691+0000] {logging_mixin.py:188} INFO - [2026-01-09T12:20:44.690+0000] {dag.py:3823} INFO - Setting next_dagrun for tutorial_objectstorage to None, run_after=None
[2026-01-09T12:20:44.739+0000] {processor.py:183} INFO - Processing /home/airflow/.local/lib/python3.8/site-packages/airflow/example_dags/tutorial_objectstorage.py took 0.190 seconds
[2026-01-09T12:21:15.174+0000] {processor.py:161} INFO - Started process (PID=6320) to work on /home/airflow/.local/lib/python3.8/site-packages/airflow/example_dags/tutorial_objectstorage.py
[2026-01-09T12:21:15.176+0000] {processor.py:830} INFO - Processing file /home/airflow/.local/lib/python3.8/site-packages/airflow/example_dags/tutorial_objectstorage.py for tasks to queue
[2026-01-09T12:21:15.180+0000] {logging_mixin.py:188} INFO - [2026-01-09T12:21:15.179+0000] {dagbag.py:538} INFO - Filling up the DagBag from /home/airflow/.local/lib/python3.8/site-packages/airflow/example_dags/tutorial_objectstorage.py
[2026-01-09T12:21:15.198+0000] {processor.py:840} INFO - DAG(s) 'tutorial_objectstorage' retrieved from /home/airflow/.local/lib/python3.8/site-packages/airflow/example_dags/tutorial_objectstorage.py
[2026-01-09T12:21:15.241+0000] {logging_mixin.py:188} INFO - [2026-01-09T12:21:15.241+0000] {dag.py:3036} INFO - Sync 1 DAGs
[2026-01-09T12:21:15.263+0000] {logging_mixin.py:188} INFO - [2026-01-09T12:21:15.263+0000] {dag.py:3823} INFO - Setting next_dagrun for tutorial_objectstorage to None, run_after=None
[2026-01-09T12:21:15.307+0000] {processor.py:183} INFO - Processing /home/airflow/.local/lib/python3.8/site-packages/airflow/example_dags/tutorial_objectstorage.py took 0.140 seconds
[2026-01-09T12:21:45.886+0000] {processor.py:161} INFO - Started process (PID=6567) to work on /home/airflow/.local/lib/python3.8/site-packages/airflow/example_dags/tutorial_objectstorage.py
[2026-01-09T12:21:45.889+0000] {processor.py:830} INFO - Processing file /home/airflow/.local/lib/python3.8/site-packages/airflow/example_dags/tutorial_objectstorage.py for tasks to queue
[2026-01-09T12:21:45.890+0000] {logging_mixin.py:188} INFO - [2026-01-09T12:21:45.890+0000] {dagbag.py:538} INFO - Filling up the DagBag from /home/airflow/.local/lib/python3.8/site-packages/airflow/example_dags/tutorial_objectstorage.py
[2026-01-09T12:21:45.909+0000] {processor.py:840} INFO - DAG(s) 'tutorial_objectstorage' retrieved from /home/airflow/.local/lib/python3.8/site-packages/airflow/example_dags/tutorial_objectstorage.py
[2026-01-09T12:21:45.954+0000] {logging_mixin.py:188} INFO - [2026-01-09T12:21:45.954+0000] {dag.py:3036} INFO - Sync 1 DAGs
[2026-01-09T12:21:45.979+0000] {logging_mixin.py:188} INFO - [2026-01-09T12:21:45.978+0000] {dag.py:3823} INFO - Setting next_dagrun for tutorial_objectstorage to None, run_after=None
[2026-01-09T12:21:46.029+0000] {processor.py:183} INFO - Processing /home/airflow/.local/lib/python3.8/site-packages/airflow/example_dags/tutorial_objectstorage.py took 0.151 seconds
[2026-01-09T12:22:17.126+0000] {processor.py:161} INFO - Started process (PID=6815) to work on /home/airflow/.local/lib/python3.8/site-packages/airflow/example_dags/tutorial_objectstorage.py
[2026-01-09T12:22:17.130+0000] {processor.py:830} INFO - Processing file /home/airflow/.local/lib/python3.8/site-packages/airflow/example_dags/tutorial_objectstorage.py for tasks to queue
[2026-01-09T12:22:17.132+0000] {logging_mixin.py:188} INFO - [2026-01-09T12:22:17.131+0000] {dagbag.py:538} INFO - Filling up the DagBag from /home/airflow/.local/lib/python3.8/site-packages/airflow/example_dags/tutorial_objectstorage.py
[2026-01-09T12:22:17.149+0000] {processor.py:840} INFO - DAG(s) 'tutorial_objectstorage' retrieved from /home/airflow/.local/lib/python3.8/site-packages/airflow/example_dags/tutorial_objectstorage.py
[2026-01-09T12:22:17.192+0000] {logging_mixin.py:188} INFO - [2026-01-09T12:22:17.191+0000] {dag.py:3036} INFO - Sync 1 DAGs
[2026-01-09T12:22:17.214+0000] {logging_mixin.py:188} INFO - [2026-01-09T12:22:17.214+0000] {dag.py:3823} INFO - Setting next_dagrun for tutorial_objectstorage to None, run_after=None
[2026-01-09T12:22:17.265+0000] {processor.py:183} INFO - Processing /home/airflow/.local/lib/python3.8/site-packages/airflow/example_dags/tutorial_objectstorage.py took 0.147 seconds
[2026-01-09T12:22:47.643+0000] {processor.py:161} INFO - Started process (PID=7062) to work on /home/airflow/.local/lib/python3.8/site-packages/airflow/example_dags/tutorial_objectstorage.py
[2026-01-09T12:22:47.646+0000] {processor.py:830} INFO - Processing file /home/airflow/.local/lib/python3.8/site-packages/airflow/example_dags/tutorial_objectstorage.py for tasks to queue
[2026-01-09T12:22:47.650+0000] {logging_mixin.py:188} INFO - [2026-01-09T12:22:47.649+0000] {dagbag.py:538} INFO - Filling up the DagBag from /home/airflow/.local/lib/python3.8/site-packages/airflow/example_dags/tutorial_objectstorage.py
[2026-01-09T12:22:47.669+0000] {processor.py:840} INFO - DAG(s) 'tutorial_objectstorage' retrieved from /home/airflow/.local/lib/python3.8/site-packages/airflow/example_dags/tutorial_objectstorage.py
[2026-01-09T12:22:47.708+0000] {logging_mixin.py:188} INFO - [2026-01-09T12:22:47.707+0000] {dag.py:3036} INFO - Sync 1 DAGs
[2026-01-09T12:22:47.731+0000] {logging_mixin.py:188} INFO - [2026-01-09T12:22:47.730+0000] {dag.py:3823} INFO - Setting next_dagrun for tutorial_objectstorage to None, run_after=None
[2026-01-09T12:22:47.772+0000] {processor.py:183} INFO - Processing /home/airflow/.local/lib/python3.8/site-packages/airflow/example_dags/tutorial_objectstorage.py took 0.136 seconds
[2026-01-09T12:23:17.920+0000] {processor.py:161} INFO - Started process (PID=7309) to work on /home/airflow/.local/lib/python3.8/site-packages/airflow/example_dags/tutorial_objectstorage.py
[2026-01-09T12:23:17.923+0000] {processor.py:830} INFO - Processing file /home/airflow/.local/lib/python3.8/site-packages/airflow/example_dags/tutorial_objectstorage.py for tasks to queue
[2026-01-09T12:23:17.925+0000] {logging_mixin.py:188} INFO - [2026-01-09T12:23:17.925+0000] {dagbag.py:538} INFO - Filling up the DagBag from /home/airflow/.local/lib/python3.8/site-packages/airflow/example_dags/tutorial_objectstorage.py
[2026-01-09T12:23:17.939+0000] {processor.py:840} INFO - DAG(s) 'tutorial_objectstorage' retrieved from /home/airflow/.local/lib/python3.8/site-packages/airflow/example_dags/tutorial_objectstorage.py
[2026-01-09T12:23:17.982+0000] {logging_mixin.py:188} INFO - [2026-01-09T12:23:17.981+0000] {dag.py:3036} INFO - Sync 1 DAGs
[2026-01-09T12:23:18.006+0000] {logging_mixin.py:188} INFO - [2026-01-09T12:23:18.006+0000] {dag.py:3823} INFO - Setting next_dagrun for tutorial_objectstorage to None, run_after=None
[2026-01-09T12:23:18.059+0000] {processor.py:183} INFO - Processing /home/airflow/.local/lib/python3.8/site-packages/airflow/example_dags/tutorial_objectstorage.py took 0.146 seconds
[2026-01-09T12:23:49.157+0000] {processor.py:161} INFO - Started process (PID=7556) to work on /home/airflow/.local/lib/python3.8/site-packages/airflow/example_dags/tutorial_objectstorage.py
[2026-01-09T12:23:49.159+0000] {processor.py:830} INFO - Processing file /home/airflow/.local/lib/python3.8/site-packages/airflow/example_dags/tutorial_objectstorage.py for tasks to queue
[2026-01-09T12:23:49.161+0000] {logging_mixin.py:188} INFO - [2026-01-09T12:23:49.160+0000] {dagbag.py:538} INFO - Filling up the DagBag from /home/airflow/.local/lib/python3.8/site-packages/airflow/example_dags/tutorial_objectstorage.py
[2026-01-09T12:23:49.192+0000] {processor.py:840} INFO - DAG(s) 'tutorial_objectstorage' retrieved from /home/airflow/.local/lib/python3.8/site-packages/airflow/example_dags/tutorial_objectstorage.py
[2026-01-09T12:23:49.248+0000] {logging_mixin.py:188} INFO - [2026-01-09T12:23:49.248+0000] {dag.py:3036} INFO - Sync 1 DAGs
[2026-01-09T12:23:49.271+0000] {logging_mixin.py:188} INFO - [2026-01-09T12:23:49.271+0000] {dag.py:3823} INFO - Setting next_dagrun for tutorial_objectstorage to None, run_after=None
[2026-01-09T12:23:49.321+0000] {processor.py:183} INFO - Processing /home/airflow/.local/lib/python3.8/site-packages/airflow/example_dags/tutorial_objectstorage.py took 0.171 seconds
[2026-01-09T12:24:19.692+0000] {processor.py:161} INFO - Started process (PID=7806) to work on /home/airflow/.local/lib/python3.8/site-packages/airflow/example_dags/tutorial_objectstorage.py
[2026-01-09T12:24:19.695+0000] {processor.py:830} INFO - Processing file /home/airflow/.local/lib/python3.8/site-packages/airflow/example_dags/tutorial_objectstorage.py for tasks to queue
[2026-01-09T12:24:19.696+0000] {logging_mixin.py:188} INFO - [2026-01-09T12:24:19.695+0000] {dagbag.py:538} INFO - Filling up the DagBag from /home/airflow/.local/lib/python3.8/site-packages/airflow/example_dags/tutorial_objectstorage.py
[2026-01-09T12:24:19.711+0000] {processor.py:840} INFO - DAG(s) 'tutorial_objectstorage' retrieved from /home/airflow/.local/lib/python3.8/site-packages/airflow/example_dags/tutorial_objectstorage.py
[2026-01-09T12:24:19.753+0000] {logging_mixin.py:188} INFO - [2026-01-09T12:24:19.752+0000] {dag.py:3036} INFO - Sync 1 DAGs
[2026-01-09T12:24:19.774+0000] {logging_mixin.py:188} INFO - [2026-01-09T12:24:19.774+0000] {dag.py:3823} INFO - Setting next_dagrun for tutorial_objectstorage to None, run_after=None
[2026-01-09T12:24:19.822+0000] {processor.py:183} INFO - Processing /home/airflow/.local/lib/python3.8/site-packages/airflow/example_dags/tutorial_objectstorage.py took 0.136 seconds
[2026-01-09T12:24:50.220+0000] {processor.py:161} INFO - Started process (PID=8053) to work on /home/airflow/.local/lib/python3.8/site-packages/airflow/example_dags/tutorial_objectstorage.py
[2026-01-09T12:24:50.222+0000] {processor.py:830} INFO - Processing file /home/airflow/.local/lib/python3.8/site-packages/airflow/example_dags/tutorial_objectstorage.py for tasks to queue
[2026-01-09T12:24:50.224+0000] {logging_mixin.py:188} INFO - [2026-01-09T12:24:50.224+0000] {dagbag.py:538} INFO - Filling up the DagBag from /home/airflow/.local/lib/python3.8/site-packages/airflow/example_dags/tutorial_objectstorage.py
[2026-01-09T12:24:50.240+0000] {processor.py:840} INFO - DAG(s) 'tutorial_objectstorage' retrieved from /home/airflow/.local/lib/python3.8/site-packages/airflow/example_dags/tutorial_objectstorage.py
[2026-01-09T12:24:50.297+0000] {logging_mixin.py:188} INFO - [2026-01-09T12:24:50.297+0000] {dag.py:3036} INFO - Sync 1 DAGs
[2026-01-09T12:24:50.324+0000] {logging_mixin.py:188} INFO - [2026-01-09T12:24:50.323+0000] {dag.py:3823} INFO - Setting next_dagrun for tutorial_objectstorage to None, run_after=None
[2026-01-09T12:24:50.376+0000] {processor.py:183} INFO - Processing /home/airflow/.local/lib/python3.8/site-packages/airflow/example_dags/tutorial_objectstorage.py took 0.163 seconds
[2026-01-09T12:25:21.010+0000] {processor.py:161} INFO - Started process (PID=8298) to work on /home/airflow/.local/lib/python3.8/site-packages/airflow/example_dags/tutorial_objectstorage.py
[2026-01-09T12:25:21.015+0000] {processor.py:830} INFO - Processing file /home/airflow/.local/lib/python3.8/site-packages/airflow/example_dags/tutorial_objectstorage.py for tasks to queue
[2026-01-09T12:25:21.017+0000] {logging_mixin.py:188} INFO - [2026-01-09T12:25:21.017+0000] {dagbag.py:538} INFO - Filling up the DagBag from /home/airflow/.local/lib/python3.8/site-packages/airflow/example_dags/tutorial_objectstorage.py
[2026-01-09T12:25:21.033+0000] {processor.py:840} INFO - DAG(s) 'tutorial_objectstorage' retrieved from /home/airflow/.local/lib/python3.8/site-packages/airflow/example_dags/tutorial_objectstorage.py
[2026-01-09T12:25:21.076+0000] {logging_mixin.py:188} INFO - [2026-01-09T12:25:21.075+0000] {dag.py:3036} INFO - Sync 1 DAGs
[2026-01-09T12:25:21.111+0000] {logging_mixin.py:188} INFO - [2026-01-09T12:25:21.111+0000] {dag.py:3823} INFO - Setting next_dagrun for tutorial_objectstorage to None, run_after=None
[2026-01-09T12:25:21.162+0000] {processor.py:183} INFO - Processing /home/airflow/.local/lib/python3.8/site-packages/airflow/example_dags/tutorial_objectstorage.py took 0.160 seconds
[2026-01-09T12:25:51.388+0000] {processor.py:161} INFO - Started process (PID=8546) to work on /home/airflow/.local/lib/python3.8/site-packages/airflow/example_dags/tutorial_objectstorage.py
[2026-01-09T12:25:51.389+0000] {processor.py:830} INFO - Processing file /home/airflow/.local/lib/python3.8/site-packages/airflow/example_dags/tutorial_objectstorage.py for tasks to queue
[2026-01-09T12:25:51.391+0000] {logging_mixin.py:188} INFO - [2026-01-09T12:25:51.390+0000] {dagbag.py:538} INFO - Filling up the DagBag from /home/airflow/.local/lib/python3.8/site-packages/airflow/example_dags/tutorial_objectstorage.py
[2026-01-09T12:25:51.403+0000] {processor.py:840} INFO - DAG(s) 'tutorial_objectstorage' retrieved from /home/airflow/.local/lib/python3.8/site-packages/airflow/example_dags/tutorial_objectstorage.py
[2026-01-09T12:25:51.439+0000] {logging_mixin.py:188} INFO - [2026-01-09T12:25:51.438+0000] {dag.py:3036} INFO - Sync 1 DAGs
[2026-01-09T12:25:51.459+0000] {logging_mixin.py:188} INFO - [2026-01-09T12:25:51.459+0000] {dag.py:3823} INFO - Setting next_dagrun for tutorial_objectstorage to None, run_after=None
[2026-01-09T12:25:51.509+0000] {processor.py:183} INFO - Processing /home/airflow/.local/lib/python3.8/site-packages/airflow/example_dags/tutorial_objectstorage.py took 0.127 seconds
[2026-01-09T12:26:22.293+0000] {processor.py:161} INFO - Started process (PID=8793) to work on /home/airflow/.local/lib/python3.8/site-packages/airflow/example_dags/tutorial_objectstorage.py
[2026-01-09T12:26:22.296+0000] {processor.py:830} INFO - Processing file /home/airflow/.local/lib/python3.8/site-packages/airflow/example_dags/tutorial_objectstorage.py for tasks to queue
[2026-01-09T12:26:22.298+0000] {logging_mixin.py:188} INFO - [2026-01-09T12:26:22.297+0000] {dagbag.py:538} INFO - Filling up the DagBag from /home/airflow/.local/lib/python3.8/site-packages/airflow/example_dags/tutorial_objectstorage.py
[2026-01-09T12:26:22.314+0000] {processor.py:840} INFO - DAG(s) 'tutorial_objectstorage' retrieved from /home/airflow/.local/lib/python3.8/site-packages/airflow/example_dags/tutorial_objectstorage.py
[2026-01-09T12:26:22.351+0000] {logging_mixin.py:188} INFO - [2026-01-09T12:26:22.351+0000] {dag.py:3036} INFO - Sync 1 DAGs
[2026-01-09T12:26:22.373+0000] {logging_mixin.py:188} INFO - [2026-01-09T12:26:22.372+0000] {dag.py:3823} INFO - Setting next_dagrun for tutorial_objectstorage to None, run_after=None
[2026-01-09T12:26:22.421+0000] {processor.py:183} INFO - Processing /home/airflow/.local/lib/python3.8/site-packages/airflow/example_dags/tutorial_objectstorage.py took 0.134 seconds
[2026-01-09T12:26:53.195+0000] {processor.py:161} INFO - Started process (PID=9040) to work on /home/airflow/.local/lib/python3.8/site-packages/airflow/example_dags/tutorial_objectstorage.py
[2026-01-09T12:26:53.199+0000] {processor.py:830} INFO - Processing file /home/airflow/.local/lib/python3.8/site-packages/airflow/example_dags/tutorial_objectstorage.py for tasks to queue
[2026-01-09T12:26:53.201+0000] {logging_mixin.py:188} INFO - [2026-01-09T12:26:53.200+0000] {dagbag.py:538} INFO - Filling up the DagBag from /home/airflow/.local/lib/python3.8/site-packages/airflow/example_dags/tutorial_objectstorage.py
[2026-01-09T12:26:53.217+0000] {processor.py:840} INFO - DAG(s) 'tutorial_objectstorage' retrieved from /home/airflow/.local/lib/python3.8/site-packages/airflow/example_dags/tutorial_objectstorage.py
[2026-01-09T12:26:53.261+0000] {logging_mixin.py:188} INFO - [2026-01-09T12:26:53.260+0000] {dag.py:3036} INFO - Sync 1 DAGs
[2026-01-09T12:26:53.286+0000] {logging_mixin.py:188} INFO - [2026-01-09T12:26:53.285+0000] {dag.py:3823} INFO - Setting next_dagrun for tutorial_objectstorage to None, run_after=None
[2026-01-09T12:26:53.333+0000] {processor.py:183} INFO - Processing /home/airflow/.local/lib/python3.8/site-packages/airflow/example_dags/tutorial_objectstorage.py took 0.145 seconds
[2026-01-09T12:27:23.495+0000] {processor.py:161} INFO - Started process (PID=9293) to work on /home/airflow/.local/lib/python3.8/site-packages/airflow/example_dags/tutorial_objectstorage.py
[2026-01-09T12:27:23.497+0000] {processor.py:830} INFO - Processing file /home/airflow/.local/lib/python3.8/site-packages/airflow/example_dags/tutorial_objectstorage.py for tasks to queue
[2026-01-09T12:27:23.498+0000] {logging_mixin.py:188} INFO - [2026-01-09T12:27:23.498+0000] {dagbag.py:538} INFO - Filling up the DagBag from /home/airflow/.local/lib/python3.8/site-packages/airflow/example_dags/tutorial_objectstorage.py
[2026-01-09T12:27:23.512+0000] {processor.py:840} INFO - DAG(s) 'tutorial_objectstorage' retrieved from /home/airflow/.local/lib/python3.8/site-packages/airflow/example_dags/tutorial_objectstorage.py
[2026-01-09T12:27:23.549+0000] {logging_mixin.py:188} INFO - [2026-01-09T12:27:23.548+0000] {dag.py:3036} INFO - Sync 1 DAGs
[2026-01-09T12:27:23.569+0000] {logging_mixin.py:188} INFO - [2026-01-09T12:27:23.569+0000] {dag.py:3823} INFO - Setting next_dagrun for tutorial_objectstorage to None, run_after=None
[2026-01-09T12:27:23.617+0000] {processor.py:183} INFO - Processing /home/airflow/.local/lib/python3.8/site-packages/airflow/example_dags/tutorial_objectstorage.py took 0.128 seconds
[2026-01-09T12:27:53.951+0000] {processor.py:161} INFO - Started process (PID=9540) to work on /home/airflow/.local/lib/python3.8/site-packages/airflow/example_dags/tutorial_objectstorage.py
[2026-01-09T12:27:53.953+0000] {processor.py:830} INFO - Processing file /home/airflow/.local/lib/python3.8/site-packages/airflow/example_dags/tutorial_objectstorage.py for tasks to queue
[2026-01-09T12:27:53.955+0000] {logging_mixin.py:188} INFO - [2026-01-09T12:27:53.954+0000] {dagbag.py:538} INFO - Filling up the DagBag from /home/airflow/.local/lib/python3.8/site-packages/airflow/example_dags/tutorial_objectstorage.py
[2026-01-09T12:27:53.971+0000] {processor.py:840} INFO - DAG(s) 'tutorial_objectstorage' retrieved from /home/airflow/.local/lib/python3.8/site-packages/airflow/example_dags/tutorial_objectstorage.py
[2026-01-09T12:27:54.014+0000] {logging_mixin.py:188} INFO - [2026-01-09T12:27:54.013+0000] {dag.py:3036} INFO - Sync 1 DAGs
[2026-01-09T12:27:54.037+0000] {logging_mixin.py:188} INFO - [2026-01-09T12:27:54.036+0000] {dag.py:3823} INFO - Setting next_dagrun for tutorial_objectstorage to None, run_after=None
[2026-01-09T12:27:54.087+0000] {processor.py:183} INFO - Processing /home/airflow/.local/lib/python3.8/site-packages/airflow/example_dags/tutorial_objectstorage.py took 0.142 seconds
[2026-01-09T12:28:25.563+0000] {processor.py:161} INFO - Started process (PID=9787) to work on /home/airflow/.local/lib/python3.8/site-packages/airflow/example_dags/tutorial_objectstorage.py
[2026-01-09T12:28:25.565+0000] {processor.py:830} INFO - Processing file /home/airflow/.local/lib/python3.8/site-packages/airflow/example_dags/tutorial_objectstorage.py for tasks to queue
[2026-01-09T12:28:25.567+0000] {logging_mixin.py:188} INFO - [2026-01-09T12:28:25.566+0000] {dagbag.py:538} INFO - Filling up the DagBag from /home/airflow/.local/lib/python3.8/site-packages/airflow/example_dags/tutorial_objectstorage.py
[2026-01-09T12:28:25.582+0000] {processor.py:840} INFO - DAG(s) 'tutorial_objectstorage' retrieved from /home/airflow/.local/lib/python3.8/site-packages/airflow/example_dags/tutorial_objectstorage.py
[2026-01-09T12:28:25.627+0000] {logging_mixin.py:188} INFO - [2026-01-09T12:28:25.627+0000] {dag.py:3036} INFO - Sync 1 DAGs
[2026-01-09T12:28:25.649+0000] {logging_mixin.py:188} INFO - [2026-01-09T12:28:25.649+0000] {dag.py:3823} INFO - Setting next_dagrun for tutorial_objectstorage to None, run_after=None
[2026-01-09T12:28:25.692+0000] {processor.py:183} INFO - Processing /home/airflow/.local/lib/python3.8/site-packages/airflow/example_dags/tutorial_objectstorage.py took 0.136 seconds
[2026-01-09T12:28:56.093+0000] {processor.py:161} INFO - Started process (PID=10034) to work on /home/airflow/.local/lib/python3.8/site-packages/airflow/example_dags/tutorial_objectstorage.py
[2026-01-09T12:28:56.096+0000] {processor.py:830} INFO - Processing file /home/airflow/.local/lib/python3.8/site-packages/airflow/example_dags/tutorial_objectstorage.py for tasks to queue
[2026-01-09T12:28:56.098+0000] {logging_mixin.py:188} INFO - [2026-01-09T12:28:56.098+0000] {dagbag.py:538} INFO - Filling up the DagBag from /home/airflow/.local/lib/python3.8/site-packages/airflow/example_dags/tutorial_objectstorage.py
[2026-01-09T12:28:56.117+0000] {processor.py:840} INFO - DAG(s) 'tutorial_objectstorage' retrieved from /home/airflow/.local/lib/python3.8/site-packages/airflow/example_dags/tutorial_objectstorage.py
[2026-01-09T12:28:56.165+0000] {logging_mixin.py:188} INFO - [2026-01-09T12:28:56.164+0000] {dag.py:3036} INFO - Sync 1 DAGs
[2026-01-09T12:28:56.192+0000] {logging_mixin.py:188} INFO - [2026-01-09T12:28:56.191+0000] {dag.py:3823} INFO - Setting next_dagrun for tutorial_objectstorage to None, run_after=None
[2026-01-09T12:28:56.238+0000] {processor.py:183} INFO - Processing /home/airflow/.local/lib/python3.8/site-packages/airflow/example_dags/tutorial_objectstorage.py took 0.153 seconds
[2026-01-09T12:29:27.058+0000] {processor.py:161} INFO - Started process (PID=10281) to work on /home/airflow/.local/lib/python3.8/site-packages/airflow/example_dags/tutorial_objectstorage.py
[2026-01-09T12:29:27.060+0000] {processor.py:830} INFO - Processing file /home/airflow/.local/lib/python3.8/site-packages/airflow/example_dags/tutorial_objectstorage.py for tasks to queue
[2026-01-09T12:29:27.062+0000] {logging_mixin.py:188} INFO - [2026-01-09T12:29:27.061+0000] {dagbag.py:538} INFO - Filling up the DagBag from /home/airflow/.local/lib/python3.8/site-packages/airflow/example_dags/tutorial_objectstorage.py
[2026-01-09T12:29:27.078+0000] {processor.py:840} INFO - DAG(s) 'tutorial_objectstorage' retrieved from /home/airflow/.local/lib/python3.8/site-packages/airflow/example_dags/tutorial_objectstorage.py
[2026-01-09T12:29:27.117+0000] {logging_mixin.py:188} INFO - [2026-01-09T12:29:27.117+0000] {dag.py:3036} INFO - Sync 1 DAGs
[2026-01-09T12:29:27.139+0000] {logging_mixin.py:188} INFO - [2026-01-09T12:29:27.139+0000] {dag.py:3823} INFO - Setting next_dagrun for tutorial_objectstorage to None, run_after=None
[2026-01-09T12:29:27.179+0000] {processor.py:183} INFO - Processing /home/airflow/.local/lib/python3.8/site-packages/airflow/example_dags/tutorial_objectstorage.py took 0.128 seconds
[2026-01-09T12:29:57.558+0000] {processor.py:161} INFO - Started process (PID=10529) to work on /home/airflow/.local/lib/python3.8/site-packages/airflow/example_dags/tutorial_objectstorage.py
[2026-01-09T12:29:57.561+0000] {processor.py:830} INFO - Processing file /home/airflow/.local/lib/python3.8/site-packages/airflow/example_dags/tutorial_objectstorage.py for tasks to queue
[2026-01-09T12:29:57.563+0000] {logging_mixin.py:188} INFO - [2026-01-09T12:29:57.562+0000] {dagbag.py:538} INFO - Filling up the DagBag from /home/airflow/.local/lib/python3.8/site-packages/airflow/example_dags/tutorial_objectstorage.py
[2026-01-09T12:29:57.581+0000] {processor.py:840} INFO - DAG(s) 'tutorial_objectstorage' retrieved from /home/airflow/.local/lib/python3.8/site-packages/airflow/example_dags/tutorial_objectstorage.py
[2026-01-09T12:29:57.636+0000] {logging_mixin.py:188} INFO - [2026-01-09T12:29:57.636+0000] {dag.py:3036} INFO - Sync 1 DAGs
[2026-01-09T12:29:57.666+0000] {logging_mixin.py:188} INFO - [2026-01-09T12:29:57.666+0000] {dag.py:3823} INFO - Setting next_dagrun for tutorial_objectstorage to None, run_after=None
[2026-01-09T12:29:57.719+0000] {processor.py:183} INFO - Processing /home/airflow/.local/lib/python3.8/site-packages/airflow/example_dags/tutorial_objectstorage.py took 0.171 seconds
[2026-01-09T12:30:28.410+0000] {processor.py:161} INFO - Started process (PID=10778) to work on /home/airflow/.local/lib/python3.8/site-packages/airflow/example_dags/tutorial_objectstorage.py
[2026-01-09T12:30:28.413+0000] {processor.py:830} INFO - Processing file /home/airflow/.local/lib/python3.8/site-packages/airflow/example_dags/tutorial_objectstorage.py for tasks to queue
[2026-01-09T12:30:28.414+0000] {logging_mixin.py:188} INFO - [2026-01-09T12:30:28.414+0000] {dagbag.py:538} INFO - Filling up the DagBag from /home/airflow/.local/lib/python3.8/site-packages/airflow/example_dags/tutorial_objectstorage.py
[2026-01-09T12:30:28.425+0000] {processor.py:840} INFO - DAG(s) 'tutorial_objectstorage' retrieved from /home/airflow/.local/lib/python3.8/site-packages/airflow/example_dags/tutorial_objectstorage.py
[2026-01-09T12:30:28.459+0000] {logging_mixin.py:188} INFO - [2026-01-09T12:30:28.458+0000] {dag.py:3036} INFO - Sync 1 DAGs
[2026-01-09T12:30:28.476+0000] {logging_mixin.py:188} INFO - [2026-01-09T12:30:28.476+0000] {dag.py:3823} INFO - Setting next_dagrun for tutorial_objectstorage to None, run_after=None
[2026-01-09T12:30:28.514+0000] {processor.py:183} INFO - Processing /home/airflow/.local/lib/python3.8/site-packages/airflow/example_dags/tutorial_objectstorage.py took 0.110 seconds
[2026-01-09T12:30:59.915+0000] {processor.py:161} INFO - Started process (PID=11023) to work on /home/airflow/.local/lib/python3.8/site-packages/airflow/example_dags/tutorial_objectstorage.py
[2026-01-09T12:30:59.917+0000] {processor.py:830} INFO - Processing file /home/airflow/.local/lib/python3.8/site-packages/airflow/example_dags/tutorial_objectstorage.py for tasks to queue
[2026-01-09T12:30:59.919+0000] {logging_mixin.py:188} INFO - [2026-01-09T12:30:59.918+0000] {dagbag.py:538} INFO - Filling up the DagBag from /home/airflow/.local/lib/python3.8/site-packages/airflow/example_dags/tutorial_objectstorage.py
[2026-01-09T12:30:59.934+0000] {processor.py:840} INFO - DAG(s) 'tutorial_objectstorage' retrieved from /home/airflow/.local/lib/python3.8/site-packages/airflow/example_dags/tutorial_objectstorage.py
[2026-01-09T12:30:59.970+0000] {logging_mixin.py:188} INFO - [2026-01-09T12:30:59.970+0000] {dag.py:3036} INFO - Sync 1 DAGs
[2026-01-09T12:30:59.996+0000] {logging_mixin.py:188} INFO - [2026-01-09T12:30:59.996+0000] {dag.py:3823} INFO - Setting next_dagrun for tutorial_objectstorage to None, run_after=None
[2026-01-09T12:31:00.052+0000] {processor.py:183} INFO - Processing /home/airflow/.local/lib/python3.8/site-packages/airflow/example_dags/tutorial_objectstorage.py took 0.143 seconds
[2026-01-09T12:31:30.554+0000] {processor.py:161} INFO - Started process (PID=11269) to work on /home/airflow/.local/lib/python3.8/site-packages/airflow/example_dags/tutorial_objectstorage.py
[2026-01-09T12:31:30.556+0000] {processor.py:830} INFO - Processing file /home/airflow/.local/lib/python3.8/site-packages/airflow/example_dags/tutorial_objectstorage.py for tasks to queue
[2026-01-09T12:31:30.557+0000] {logging_mixin.py:188} INFO - [2026-01-09T12:31:30.557+0000] {dagbag.py:538} INFO - Filling up the DagBag from /home/airflow/.local/lib/python3.8/site-packages/airflow/example_dags/tutorial_objectstorage.py
[2026-01-09T12:31:30.569+0000] {processor.py:840} INFO - DAG(s) 'tutorial_objectstorage' retrieved from /home/airflow/.local/lib/python3.8/site-packages/airflow/example_dags/tutorial_objectstorage.py
[2026-01-09T12:31:30.603+0000] {logging_mixin.py:188} INFO - [2026-01-09T12:31:30.603+0000] {dag.py:3036} INFO - Sync 1 DAGs
[2026-01-09T12:31:30.623+0000] {logging_mixin.py:188} INFO - [2026-01-09T12:31:30.623+0000] {dag.py:3823} INFO - Setting next_dagrun for tutorial_objectstorage to None, run_after=None
[2026-01-09T12:31:30.663+0000] {processor.py:183} INFO - Processing /home/airflow/.local/lib/python3.8/site-packages/airflow/example_dags/tutorial_objectstorage.py took 0.114 seconds
[2026-01-09T12:32:01.219+0000] {processor.py:161} INFO - Started process (PID=11516) to work on /home/airflow/.local/lib/python3.8/site-packages/airflow/example_dags/tutorial_objectstorage.py
[2026-01-09T12:32:01.221+0000] {processor.py:830} INFO - Processing file /home/airflow/.local/lib/python3.8/site-packages/airflow/example_dags/tutorial_objectstorage.py for tasks to queue
[2026-01-09T12:32:01.223+0000] {logging_mixin.py:188} INFO - [2026-01-09T12:32:01.222+0000] {dagbag.py:538} INFO - Filling up the DagBag from /home/airflow/.local/lib/python3.8/site-packages/airflow/example_dags/tutorial_objectstorage.py
[2026-01-09T12:32:01.235+0000] {processor.py:840} INFO - DAG(s) 'tutorial_objectstorage' retrieved from /home/airflow/.local/lib/python3.8/site-packages/airflow/example_dags/tutorial_objectstorage.py
[2026-01-09T12:32:01.268+0000] {logging_mixin.py:188} INFO - [2026-01-09T12:32:01.268+0000] {dag.py:3036} INFO - Sync 1 DAGs
[2026-01-09T12:32:01.286+0000] {logging_mixin.py:188} INFO - [2026-01-09T12:32:01.286+0000] {dag.py:3823} INFO - Setting next_dagrun for tutorial_objectstorage to None, run_after=None
[2026-01-09T12:32:01.329+0000] {processor.py:183} INFO - Processing /home/airflow/.local/lib/python3.8/site-packages/airflow/example_dags/tutorial_objectstorage.py took 0.115 seconds
[2026-01-09T12:32:32.538+0000] {processor.py:161} INFO - Started process (PID=11763) to work on /home/airflow/.local/lib/python3.8/site-packages/airflow/example_dags/tutorial_objectstorage.py
[2026-01-09T12:32:32.547+0000] {processor.py:830} INFO - Processing file /home/airflow/.local/lib/python3.8/site-packages/airflow/example_dags/tutorial_objectstorage.py for tasks to queue
[2026-01-09T12:32:32.549+0000] {logging_mixin.py:188} INFO - [2026-01-09T12:32:32.548+0000] {dagbag.py:538} INFO - Filling up the DagBag from /home/airflow/.local/lib/python3.8/site-packages/airflow/example_dags/tutorial_objectstorage.py
[2026-01-09T12:32:32.569+0000] {processor.py:840} INFO - DAG(s) 'tutorial_objectstorage' retrieved from /home/airflow/.local/lib/python3.8/site-packages/airflow/example_dags/tutorial_objectstorage.py
[2026-01-09T12:32:32.616+0000] {logging_mixin.py:188} INFO - [2026-01-09T12:32:32.616+0000] {dag.py:3036} INFO - Sync 1 DAGs
[2026-01-09T12:32:32.663+0000] {logging_mixin.py:188} INFO - [2026-01-09T12:32:32.662+0000] {dag.py:3823} INFO - Setting next_dagrun for tutorial_objectstorage to None, run_after=None
[2026-01-09T12:32:32.750+0000] {processor.py:183} INFO - Processing /home/airflow/.local/lib/python3.8/site-packages/airflow/example_dags/tutorial_objectstorage.py took 0.220 seconds
[2026-01-09T12:33:03.300+0000] {processor.py:161} INFO - Started process (PID=12010) to work on /home/airflow/.local/lib/python3.8/site-packages/airflow/example_dags/tutorial_objectstorage.py
[2026-01-09T12:33:03.301+0000] {processor.py:830} INFO - Processing file /home/airflow/.local/lib/python3.8/site-packages/airflow/example_dags/tutorial_objectstorage.py for tasks to queue
[2026-01-09T12:33:03.303+0000] {logging_mixin.py:188} INFO - [2026-01-09T12:33:03.302+0000] {dagbag.py:538} INFO - Filling up the DagBag from /home/airflow/.local/lib/python3.8/site-packages/airflow/example_dags/tutorial_objectstorage.py
[2026-01-09T12:33:03.319+0000] {processor.py:840} INFO - DAG(s) 'tutorial_objectstorage' retrieved from /home/airflow/.local/lib/python3.8/site-packages/airflow/example_dags/tutorial_objectstorage.py
[2026-01-09T12:33:03.366+0000] {logging_mixin.py:188} INFO - [2026-01-09T12:33:03.366+0000] {dag.py:3036} INFO - Sync 1 DAGs
[2026-01-09T12:33:03.392+0000] {logging_mixin.py:188} INFO - [2026-01-09T12:33:03.392+0000] {dag.py:3823} INFO - Setting next_dagrun for tutorial_objectstorage to None, run_after=None
[2026-01-09T12:33:03.444+0000] {processor.py:183} INFO - Processing /home/airflow/.local/lib/python3.8/site-packages/airflow/example_dags/tutorial_objectstorage.py took 0.152 seconds
[2026-01-09T12:33:33.509+0000] {processor.py:161} INFO - Started process (PID=12251) to work on /home/airflow/.local/lib/python3.8/site-packages/airflow/example_dags/tutorial_objectstorage.py
[2026-01-09T12:33:33.511+0000] {processor.py:830} INFO - Processing file /home/airflow/.local/lib/python3.8/site-packages/airflow/example_dags/tutorial_objectstorage.py for tasks to queue
[2026-01-09T12:33:33.512+0000] {logging_mixin.py:188} INFO - [2026-01-09T12:33:33.512+0000] {dagbag.py:538} INFO - Filling up the DagBag from /home/airflow/.local/lib/python3.8/site-packages/airflow/example_dags/tutorial_objectstorage.py
[2026-01-09T12:33:33.525+0000] {processor.py:840} INFO - DAG(s) 'tutorial_objectstorage' retrieved from /home/airflow/.local/lib/python3.8/site-packages/airflow/example_dags/tutorial_objectstorage.py
[2026-01-09T12:33:33.563+0000] {logging_mixin.py:188} INFO - [2026-01-09T12:33:33.563+0000] {dag.py:3036} INFO - Sync 1 DAGs
[2026-01-09T12:33:33.584+0000] {logging_mixin.py:188} INFO - [2026-01-09T12:33:33.583+0000] {dag.py:3823} INFO - Setting next_dagrun for tutorial_objectstorage to None, run_after=None
[2026-01-09T12:33:33.626+0000] {processor.py:183} INFO - Processing /home/airflow/.local/lib/python3.8/site-packages/airflow/example_dags/tutorial_objectstorage.py took 0.124 seconds
[2026-01-09T12:34:03.829+0000] {processor.py:161} INFO - Started process (PID=12498) to work on /home/airflow/.local/lib/python3.8/site-packages/airflow/example_dags/tutorial_objectstorage.py
[2026-01-09T12:34:03.831+0000] {processor.py:830} INFO - Processing file /home/airflow/.local/lib/python3.8/site-packages/airflow/example_dags/tutorial_objectstorage.py for tasks to queue
[2026-01-09T12:34:03.832+0000] {logging_mixin.py:188} INFO - [2026-01-09T12:34:03.832+0000] {dagbag.py:538} INFO - Filling up the DagBag from /home/airflow/.local/lib/python3.8/site-packages/airflow/example_dags/tutorial_objectstorage.py
[2026-01-09T12:34:03.846+0000] {processor.py:840} INFO - DAG(s) 'tutorial_objectstorage' retrieved from /home/airflow/.local/lib/python3.8/site-packages/airflow/example_dags/tutorial_objectstorage.py
[2026-01-09T12:34:03.886+0000] {logging_mixin.py:188} INFO - [2026-01-09T12:34:03.885+0000] {dag.py:3036} INFO - Sync 1 DAGs
[2026-01-09T12:34:03.907+0000] {logging_mixin.py:188} INFO - [2026-01-09T12:34:03.907+0000] {dag.py:3823} INFO - Setting next_dagrun for tutorial_objectstorage to None, run_after=None
[2026-01-09T12:34:03.946+0000] {processor.py:183} INFO - Processing /home/airflow/.local/lib/python3.8/site-packages/airflow/example_dags/tutorial_objectstorage.py took 0.124 seconds
[2026-01-09T12:34:34.619+0000] {processor.py:161} INFO - Started process (PID=12745) to work on /home/airflow/.local/lib/python3.8/site-packages/airflow/example_dags/tutorial_objectstorage.py
[2026-01-09T12:34:34.622+0000] {processor.py:830} INFO - Processing file /home/airflow/.local/lib/python3.8/site-packages/airflow/example_dags/tutorial_objectstorage.py for tasks to queue
[2026-01-09T12:34:34.624+0000] {logging_mixin.py:188} INFO - [2026-01-09T12:34:34.623+0000] {dagbag.py:538} INFO - Filling up the DagBag from /home/airflow/.local/lib/python3.8/site-packages/airflow/example_dags/tutorial_objectstorage.py
[2026-01-09T12:34:34.636+0000] {processor.py:840} INFO - DAG(s) 'tutorial_objectstorage' retrieved from /home/airflow/.local/lib/python3.8/site-packages/airflow/example_dags/tutorial_objectstorage.py
[2026-01-09T12:34:34.671+0000] {logging_mixin.py:188} INFO - [2026-01-09T12:34:34.671+0000] {dag.py:3036} INFO - Sync 1 DAGs
[2026-01-09T12:34:34.689+0000] {logging_mixin.py:188} INFO - [2026-01-09T12:34:34.689+0000] {dag.py:3823} INFO - Setting next_dagrun for tutorial_objectstorage to None, run_after=None
[2026-01-09T12:34:34.728+0000] {processor.py:183} INFO - Processing /home/airflow/.local/lib/python3.8/site-packages/airflow/example_dags/tutorial_objectstorage.py took 0.115 seconds
[2026-01-09T12:35:05.505+0000] {processor.py:161} INFO - Started process (PID=12992) to work on /home/airflow/.local/lib/python3.8/site-packages/airflow/example_dags/tutorial_objectstorage.py
[2026-01-09T12:35:05.507+0000] {processor.py:830} INFO - Processing file /home/airflow/.local/lib/python3.8/site-packages/airflow/example_dags/tutorial_objectstorage.py for tasks to queue
[2026-01-09T12:35:05.509+0000] {logging_mixin.py:188} INFO - [2026-01-09T12:35:05.508+0000] {dagbag.py:538} INFO - Filling up the DagBag from /home/airflow/.local/lib/python3.8/site-packages/airflow/example_dags/tutorial_objectstorage.py
[2026-01-09T12:35:05.522+0000] {processor.py:840} INFO - DAG(s) 'tutorial_objectstorage' retrieved from /home/airflow/.local/lib/python3.8/site-packages/airflow/example_dags/tutorial_objectstorage.py
[2026-01-09T12:35:05.559+0000] {logging_mixin.py:188} INFO - [2026-01-09T12:35:05.559+0000] {dag.py:3036} INFO - Sync 1 DAGs
[2026-01-09T12:35:05.579+0000] {logging_mixin.py:188} INFO - [2026-01-09T12:35:05.579+0000] {dag.py:3823} INFO - Setting next_dagrun for tutorial_objectstorage to None, run_after=None
[2026-01-09T12:35:05.622+0000] {processor.py:183} INFO - Processing /home/airflow/.local/lib/python3.8/site-packages/airflow/example_dags/tutorial_objectstorage.py took 0.124 seconds
[2026-01-09T12:35:36.228+0000] {processor.py:161} INFO - Started process (PID=13239) to work on /home/airflow/.local/lib/python3.8/site-packages/airflow/example_dags/tutorial_objectstorage.py
[2026-01-09T12:35:36.233+0000] {processor.py:830} INFO - Processing file /home/airflow/.local/lib/python3.8/site-packages/airflow/example_dags/tutorial_objectstorage.py for tasks to queue
[2026-01-09T12:35:36.235+0000] {logging_mixin.py:188} INFO - [2026-01-09T12:35:36.234+0000] {dagbag.py:538} INFO - Filling up the DagBag from /home/airflow/.local/lib/python3.8/site-packages/airflow/example_dags/tutorial_objectstorage.py
[2026-01-09T12:35:36.249+0000] {processor.py:840} INFO - DAG(s) 'tutorial_objectstorage' retrieved from /home/airflow/.local/lib/python3.8/site-packages/airflow/example_dags/tutorial_objectstorage.py
[2026-01-09T12:35:36.285+0000] {logging_mixin.py:188} INFO - [2026-01-09T12:35:36.284+0000] {dag.py:3036} INFO - Sync 1 DAGs
[2026-01-09T12:35:36.309+0000] {logging_mixin.py:188} INFO - [2026-01-09T12:35:36.308+0000] {dag.py:3823} INFO - Setting next_dagrun for tutorial_objectstorage to None, run_after=None
[2026-01-09T12:35:36.351+0000] {processor.py:183} INFO - Processing /home/airflow/.local/lib/python3.8/site-packages/airflow/example_dags/tutorial_objectstorage.py took 0.133 seconds
[2026-01-09T12:36:06.921+0000] {processor.py:161} INFO - Started process (PID=13486) to work on /home/airflow/.local/lib/python3.8/site-packages/airflow/example_dags/tutorial_objectstorage.py
[2026-01-09T12:36:06.922+0000] {processor.py:830} INFO - Processing file /home/airflow/.local/lib/python3.8/site-packages/airflow/example_dags/tutorial_objectstorage.py for tasks to queue
[2026-01-09T12:36:06.924+0000] {logging_mixin.py:188} INFO - [2026-01-09T12:36:06.923+0000] {dagbag.py:538} INFO - Filling up the DagBag from /home/airflow/.local/lib/python3.8/site-packages/airflow/example_dags/tutorial_objectstorage.py
[2026-01-09T12:36:06.936+0000] {processor.py:840} INFO - DAG(s) 'tutorial_objectstorage' retrieved from /home/airflow/.local/lib/python3.8/site-packages/airflow/example_dags/tutorial_objectstorage.py
[2026-01-09T12:36:06.976+0000] {logging_mixin.py:188} INFO - [2026-01-09T12:36:06.975+0000] {dag.py:3036} INFO - Sync 1 DAGs
[2026-01-09T12:36:06.995+0000] {logging_mixin.py:188} INFO - [2026-01-09T12:36:06.995+0000] {dag.py:3823} INFO - Setting next_dagrun for tutorial_objectstorage to None, run_after=None
[2026-01-09T12:36:07.047+0000] {processor.py:183} INFO - Processing /home/airflow/.local/lib/python3.8/site-packages/airflow/example_dags/tutorial_objectstorage.py took 0.132 seconds
[2026-01-09T12:36:37.871+0000] {processor.py:161} INFO - Started process (PID=13733) to work on /home/airflow/.local/lib/python3.8/site-packages/airflow/example_dags/tutorial_objectstorage.py
[2026-01-09T12:36:37.874+0000] {processor.py:830} INFO - Processing file /home/airflow/.local/lib/python3.8/site-packages/airflow/example_dags/tutorial_objectstorage.py for tasks to queue
[2026-01-09T12:36:37.875+0000] {logging_mixin.py:188} INFO - [2026-01-09T12:36:37.875+0000] {dagbag.py:538} INFO - Filling up the DagBag from /home/airflow/.local/lib/python3.8/site-packages/airflow/example_dags/tutorial_objectstorage.py
[2026-01-09T12:36:37.891+0000] {processor.py:840} INFO - DAG(s) 'tutorial_objectstorage' retrieved from /home/airflow/.local/lib/python3.8/site-packages/airflow/example_dags/tutorial_objectstorage.py
[2026-01-09T12:36:37.937+0000] {logging_mixin.py:188} INFO - [2026-01-09T12:36:37.936+0000] {dag.py:3036} INFO - Sync 1 DAGs
[2026-01-09T12:36:37.966+0000] {logging_mixin.py:188} INFO - [2026-01-09T12:36:37.965+0000] {dag.py:3823} INFO - Setting next_dagrun for tutorial_objectstorage to None, run_after=None
[2026-01-09T12:36:38.018+0000] {processor.py:183} INFO - Processing /home/airflow/.local/lib/python3.8/site-packages/airflow/example_dags/tutorial_objectstorage.py took 0.154 seconds
[2026-01-09T12:37:08.534+0000] {processor.py:161} INFO - Started process (PID=13980) to work on /home/airflow/.local/lib/python3.8/site-packages/airflow/example_dags/tutorial_objectstorage.py
[2026-01-09T12:37:08.536+0000] {processor.py:830} INFO - Processing file /home/airflow/.local/lib/python3.8/site-packages/airflow/example_dags/tutorial_objectstorage.py for tasks to queue
[2026-01-09T12:37:08.537+0000] {logging_mixin.py:188} INFO - [2026-01-09T12:37:08.537+0000] {dagbag.py:538} INFO - Filling up the DagBag from /home/airflow/.local/lib/python3.8/site-packages/airflow/example_dags/tutorial_objectstorage.py
[2026-01-09T12:37:08.549+0000] {processor.py:840} INFO - DAG(s) 'tutorial_objectstorage' retrieved from /home/airflow/.local/lib/python3.8/site-packages/airflow/example_dags/tutorial_objectstorage.py
[2026-01-09T12:37:08.586+0000] {logging_mixin.py:188} INFO - [2026-01-09T12:37:08.585+0000] {dag.py:3036} INFO - Sync 1 DAGs
[2026-01-09T12:37:08.603+0000] {logging_mixin.py:188} INFO - [2026-01-09T12:37:08.603+0000] {dag.py:3823} INFO - Setting next_dagrun for tutorial_objectstorage to None, run_after=None
[2026-01-09T12:37:08.645+0000] {processor.py:183} INFO - Processing /home/airflow/.local/lib/python3.8/site-packages/airflow/example_dags/tutorial_objectstorage.py took 0.116 seconds
[2026-01-09T12:37:39.262+0000] {processor.py:161} INFO - Started process (PID=14227) to work on /home/airflow/.local/lib/python3.8/site-packages/airflow/example_dags/tutorial_objectstorage.py
[2026-01-09T12:37:39.270+0000] {processor.py:830} INFO - Processing file /home/airflow/.local/lib/python3.8/site-packages/airflow/example_dags/tutorial_objectstorage.py for tasks to queue
[2026-01-09T12:37:39.272+0000] {logging_mixin.py:188} INFO - [2026-01-09T12:37:39.271+0000] {dagbag.py:538} INFO - Filling up the DagBag from /home/airflow/.local/lib/python3.8/site-packages/airflow/example_dags/tutorial_objectstorage.py
[2026-01-09T12:37:39.283+0000] {processor.py:840} INFO - DAG(s) 'tutorial_objectstorage' retrieved from /home/airflow/.local/lib/python3.8/site-packages/airflow/example_dags/tutorial_objectstorage.py
[2026-01-09T12:37:39.321+0000] {logging_mixin.py:188} INFO - [2026-01-09T12:37:39.320+0000] {dag.py:3036} INFO - Sync 1 DAGs
[2026-01-09T12:37:39.340+0000] {logging_mixin.py:188} INFO - [2026-01-09T12:37:39.340+0000] {dag.py:3823} INFO - Setting next_dagrun for tutorial_objectstorage to None, run_after=None
[2026-01-09T12:37:39.375+0000] {processor.py:183} INFO - Processing /home/airflow/.local/lib/python3.8/site-packages/airflow/example_dags/tutorial_objectstorage.py took 0.120 seconds
[2026-01-09T12:38:09.807+0000] {processor.py:161} INFO - Started process (PID=14474) to work on /home/airflow/.local/lib/python3.8/site-packages/airflow/example_dags/tutorial_objectstorage.py
[2026-01-09T12:38:09.808+0000] {processor.py:830} INFO - Processing file /home/airflow/.local/lib/python3.8/site-packages/airflow/example_dags/tutorial_objectstorage.py for tasks to queue
[2026-01-09T12:38:09.810+0000] {logging_mixin.py:188} INFO - [2026-01-09T12:38:09.809+0000] {dagbag.py:538} INFO - Filling up the DagBag from /home/airflow/.local/lib/python3.8/site-packages/airflow/example_dags/tutorial_objectstorage.py
[2026-01-09T12:38:09.822+0000] {processor.py:840} INFO - DAG(s) 'tutorial_objectstorage' retrieved from /home/airflow/.local/lib/python3.8/site-packages/airflow/example_dags/tutorial_objectstorage.py
[2026-01-09T12:38:09.859+0000] {logging_mixin.py:188} INFO - [2026-01-09T12:38:09.859+0000] {dag.py:3036} INFO - Sync 1 DAGs
[2026-01-09T12:38:09.879+0000] {logging_mixin.py:188} INFO - [2026-01-09T12:38:09.879+0000] {dag.py:3823} INFO - Setting next_dagrun for tutorial_objectstorage to None, run_after=None
[2026-01-09T12:38:09.922+0000] {processor.py:183} INFO - Processing /home/airflow/.local/lib/python3.8/site-packages/airflow/example_dags/tutorial_objectstorage.py took 0.123 seconds
[2026-01-09T12:38:40.445+0000] {processor.py:161} INFO - Started process (PID=14721) to work on /home/airflow/.local/lib/python3.8/site-packages/airflow/example_dags/tutorial_objectstorage.py
[2026-01-09T12:38:40.448+0000] {processor.py:830} INFO - Processing file /home/airflow/.local/lib/python3.8/site-packages/airflow/example_dags/tutorial_objectstorage.py for tasks to queue
[2026-01-09T12:38:40.450+0000] {logging_mixin.py:188} INFO - [2026-01-09T12:38:40.449+0000] {dagbag.py:538} INFO - Filling up the DagBag from /home/airflow/.local/lib/python3.8/site-packages/airflow/example_dags/tutorial_objectstorage.py
[2026-01-09T12:38:40.467+0000] {processor.py:840} INFO - DAG(s) 'tutorial_objectstorage' retrieved from /home/airflow/.local/lib/python3.8/site-packages/airflow/example_dags/tutorial_objectstorage.py
[2026-01-09T12:38:40.502+0000] {logging_mixin.py:188} INFO - [2026-01-09T12:38:40.502+0000] {dag.py:3036} INFO - Sync 1 DAGs
[2026-01-09T12:38:40.520+0000] {logging_mixin.py:188} INFO - [2026-01-09T12:38:40.520+0000] {dag.py:3823} INFO - Setting next_dagrun for tutorial_objectstorage to None, run_after=None
[2026-01-09T12:38:40.559+0000] {processor.py:183} INFO - Processing /home/airflow/.local/lib/python3.8/site-packages/airflow/example_dags/tutorial_objectstorage.py took 0.120 seconds
[2026-01-09T12:39:11.072+0000] {processor.py:161} INFO - Started process (PID=14968) to work on /home/airflow/.local/lib/python3.8/site-packages/airflow/example_dags/tutorial_objectstorage.py
[2026-01-09T12:39:11.074+0000] {processor.py:830} INFO - Processing file /home/airflow/.local/lib/python3.8/site-packages/airflow/example_dags/tutorial_objectstorage.py for tasks to queue
[2026-01-09T12:39:11.075+0000] {logging_mixin.py:188} INFO - [2026-01-09T12:39:11.075+0000] {dagbag.py:538} INFO - Filling up the DagBag from /home/airflow/.local/lib/python3.8/site-packages/airflow/example_dags/tutorial_objectstorage.py
[2026-01-09T12:39:11.091+0000] {processor.py:840} INFO - DAG(s) 'tutorial_objectstorage' retrieved from /home/airflow/.local/lib/python3.8/site-packages/airflow/example_dags/tutorial_objectstorage.py
[2026-01-09T12:39:11.124+0000] {logging_mixin.py:188} INFO - [2026-01-09T12:39:11.123+0000] {dag.py:3036} INFO - Sync 1 DAGs
[2026-01-09T12:39:11.141+0000] {logging_mixin.py:188} INFO - [2026-01-09T12:39:11.141+0000] {dag.py:3823} INFO - Setting next_dagrun for tutorial_objectstorage to None, run_after=None
[2026-01-09T12:39:11.180+0000] {processor.py:183} INFO - Processing /home/airflow/.local/lib/python3.8/site-packages/airflow/example_dags/tutorial_objectstorage.py took 0.115 seconds
[2026-01-09T12:39:41.877+0000] {processor.py:161} INFO - Started process (PID=15215) to work on /home/airflow/.local/lib/python3.8/site-packages/airflow/example_dags/tutorial_objectstorage.py
[2026-01-09T12:39:41.880+0000] {processor.py:830} INFO - Processing file /home/airflow/.local/lib/python3.8/site-packages/airflow/example_dags/tutorial_objectstorage.py for tasks to queue
[2026-01-09T12:39:41.882+0000] {logging_mixin.py:188} INFO - [2026-01-09T12:39:41.881+0000] {dagbag.py:538} INFO - Filling up the DagBag from /home/airflow/.local/lib/python3.8/site-packages/airflow/example_dags/tutorial_objectstorage.py
[2026-01-09T12:39:41.899+0000] {processor.py:840} INFO - DAG(s) 'tutorial_objectstorage' retrieved from /home/airflow/.local/lib/python3.8/site-packages/airflow/example_dags/tutorial_objectstorage.py
[2026-01-09T12:39:41.942+0000] {logging_mixin.py:188} INFO - [2026-01-09T12:39:41.942+0000] {dag.py:3036} INFO - Sync 1 DAGs
[2026-01-09T12:39:41.963+0000] {logging_mixin.py:188} INFO - [2026-01-09T12:39:41.963+0000] {dag.py:3823} INFO - Setting next_dagrun for tutorial_objectstorage to None, run_after=None
[2026-01-09T12:39:42.208+0000] {processor.py:183} INFO - Processing /home/airflow/.local/lib/python3.8/site-packages/airflow/example_dags/tutorial_objectstorage.py took 0.339 seconds
