[2026-01-09T12:08:52.477+0000] {processor.py:161} INFO - Started process (PID=216) to work on /home/airflow/.local/lib/python3.8/site-packages/airflow/example_dags/tutorial_taskflow_api_virtualenv.py
[2026-01-09T12:08:52.479+0000] {processor.py:830} INFO - Processing file /home/airflow/.local/lib/python3.8/site-packages/airflow/example_dags/tutorial_taskflow_api_virtualenv.py for tasks to queue
[2026-01-09T12:08:52.481+0000] {logging_mixin.py:188} INFO - [2026-01-09T12:08:52.481+0000] {dagbag.py:538} INFO - Filling up the DagBag from /home/airflow/.local/lib/python3.8/site-packages/airflow/example_dags/tutorial_taskflow_api_virtualenv.py
[2026-01-09T12:08:52.517+0000] {processor.py:840} INFO - DAG(s) 'tutorial_taskflow_api_virtualenv' retrieved from /home/airflow/.local/lib/python3.8/site-packages/airflow/example_dags/tutorial_taskflow_api_virtualenv.py
[2026-01-09T12:08:52.727+0000] {logging_mixin.py:188} INFO - [2026-01-09T12:08:52.726+0000] {dag.py:3036} INFO - Sync 1 DAGs
[2026-01-09T12:08:52.744+0000] {logging_mixin.py:188} INFO - [2026-01-09T12:08:52.743+0000] {dag.py:3823} INFO - Setting next_dagrun for tutorial_taskflow_api_virtualenv to None, run_after=None
[2026-01-09T12:08:52.802+0000] {processor.py:183} INFO - Processing /home/airflow/.local/lib/python3.8/site-packages/airflow/example_dags/tutorial_taskflow_api_virtualenv.py took 0.335 seconds
[2026-01-09T12:09:23.587+0000] {processor.py:161} INFO - Started process (PID=463) to work on /home/airflow/.local/lib/python3.8/site-packages/airflow/example_dags/tutorial_taskflow_api_virtualenv.py
[2026-01-09T12:09:23.598+0000] {processor.py:830} INFO - Processing file /home/airflow/.local/lib/python3.8/site-packages/airflow/example_dags/tutorial_taskflow_api_virtualenv.py for tasks to queue
[2026-01-09T12:09:23.601+0000] {logging_mixin.py:188} INFO - [2026-01-09T12:09:23.600+0000] {dagbag.py:538} INFO - Filling up the DagBag from /home/airflow/.local/lib/python3.8/site-packages/airflow/example_dags/tutorial_taskflow_api_virtualenv.py
[2026-01-09T12:09:23.629+0000] {processor.py:840} INFO - DAG(s) 'tutorial_taskflow_api_virtualenv' retrieved from /home/airflow/.local/lib/python3.8/site-packages/airflow/example_dags/tutorial_taskflow_api_virtualenv.py
[2026-01-09T12:09:23.706+0000] {logging_mixin.py:188} INFO - [2026-01-09T12:09:23.705+0000] {dag.py:3036} INFO - Sync 1 DAGs
[2026-01-09T12:09:23.727+0000] {logging_mixin.py:188} INFO - [2026-01-09T12:09:23.727+0000] {dag.py:3823} INFO - Setting next_dagrun for tutorial_taskflow_api_virtualenv to None, run_after=None
[2026-01-09T12:09:23.769+0000] {processor.py:183} INFO - Processing /home/airflow/.local/lib/python3.8/site-packages/airflow/example_dags/tutorial_taskflow_api_virtualenv.py took 0.189 seconds
[2026-01-09T12:09:54.301+0000] {processor.py:161} INFO - Started process (PID=716) to work on /home/airflow/.local/lib/python3.8/site-packages/airflow/example_dags/tutorial_taskflow_api_virtualenv.py
[2026-01-09T12:09:54.308+0000] {processor.py:830} INFO - Processing file /home/airflow/.local/lib/python3.8/site-packages/airflow/example_dags/tutorial_taskflow_api_virtualenv.py for tasks to queue
[2026-01-09T12:09:54.311+0000] {logging_mixin.py:188} INFO - [2026-01-09T12:09:54.310+0000] {dagbag.py:538} INFO - Filling up the DagBag from /home/airflow/.local/lib/python3.8/site-packages/airflow/example_dags/tutorial_taskflow_api_virtualenv.py
[2026-01-09T12:09:54.376+0000] {processor.py:840} INFO - DAG(s) 'tutorial_taskflow_api_virtualenv' retrieved from /home/airflow/.local/lib/python3.8/site-packages/airflow/example_dags/tutorial_taskflow_api_virtualenv.py
[2026-01-09T12:09:54.518+0000] {logging_mixin.py:188} INFO - [2026-01-09T12:09:54.517+0000] {dag.py:3036} INFO - Sync 1 DAGs
[2026-01-09T12:09:54.575+0000] {logging_mixin.py:188} INFO - [2026-01-09T12:09:54.575+0000] {dag.py:3823} INFO - Setting next_dagrun for tutorial_taskflow_api_virtualenv to None, run_after=None
[2026-01-09T12:09:54.625+0000] {processor.py:183} INFO - Processing /home/airflow/.local/lib/python3.8/site-packages/airflow/example_dags/tutorial_taskflow_api_virtualenv.py took 0.331 seconds
[2026-01-09T12:10:24.730+0000] {processor.py:161} INFO - Started process (PID=963) to work on /home/airflow/.local/lib/python3.8/site-packages/airflow/example_dags/tutorial_taskflow_api_virtualenv.py
[2026-01-09T12:10:24.732+0000] {processor.py:830} INFO - Processing file /home/airflow/.local/lib/python3.8/site-packages/airflow/example_dags/tutorial_taskflow_api_virtualenv.py for tasks to queue
[2026-01-09T12:10:24.734+0000] {logging_mixin.py:188} INFO - [2026-01-09T12:10:24.733+0000] {dagbag.py:538} INFO - Filling up the DagBag from /home/airflow/.local/lib/python3.8/site-packages/airflow/example_dags/tutorial_taskflow_api_virtualenv.py
[2026-01-09T12:10:24.752+0000] {processor.py:840} INFO - DAG(s) 'tutorial_taskflow_api_virtualenv' retrieved from /home/airflow/.local/lib/python3.8/site-packages/airflow/example_dags/tutorial_taskflow_api_virtualenv.py
[2026-01-09T12:10:24.791+0000] {logging_mixin.py:188} INFO - [2026-01-09T12:10:24.790+0000] {dag.py:3036} INFO - Sync 1 DAGs
[2026-01-09T12:10:24.813+0000] {logging_mixin.py:188} INFO - [2026-01-09T12:10:24.812+0000] {dag.py:3823} INFO - Setting next_dagrun for tutorial_taskflow_api_virtualenv to None, run_after=None
[2026-01-09T12:10:24.849+0000] {processor.py:183} INFO - Processing /home/airflow/.local/lib/python3.8/site-packages/airflow/example_dags/tutorial_taskflow_api_virtualenv.py took 0.126 seconds
[2026-01-09T12:10:55.320+0000] {processor.py:161} INFO - Started process (PID=1210) to work on /home/airflow/.local/lib/python3.8/site-packages/airflow/example_dags/tutorial_taskflow_api_virtualenv.py
[2026-01-09T12:10:55.327+0000] {processor.py:830} INFO - Processing file /home/airflow/.local/lib/python3.8/site-packages/airflow/example_dags/tutorial_taskflow_api_virtualenv.py for tasks to queue
[2026-01-09T12:10:55.331+0000] {logging_mixin.py:188} INFO - [2026-01-09T12:10:55.329+0000] {dagbag.py:538} INFO - Filling up the DagBag from /home/airflow/.local/lib/python3.8/site-packages/airflow/example_dags/tutorial_taskflow_api_virtualenv.py
[2026-01-09T12:10:55.358+0000] {processor.py:840} INFO - DAG(s) 'tutorial_taskflow_api_virtualenv' retrieved from /home/airflow/.local/lib/python3.8/site-packages/airflow/example_dags/tutorial_taskflow_api_virtualenv.py
[2026-01-09T12:10:55.411+0000] {logging_mixin.py:188} INFO - [2026-01-09T12:10:55.410+0000] {dag.py:3036} INFO - Sync 1 DAGs
[2026-01-09T12:10:55.436+0000] {logging_mixin.py:188} INFO - [2026-01-09T12:10:55.436+0000] {dag.py:3823} INFO - Setting next_dagrun for tutorial_taskflow_api_virtualenv to None, run_after=None
[2026-01-09T12:10:55.492+0000] {processor.py:183} INFO - Processing /home/airflow/.local/lib/python3.8/site-packages/airflow/example_dags/tutorial_taskflow_api_virtualenv.py took 0.182 seconds
[2026-01-09T12:11:25.811+0000] {processor.py:161} INFO - Started process (PID=1457) to work on /home/airflow/.local/lib/python3.8/site-packages/airflow/example_dags/tutorial_taskflow_api_virtualenv.py
[2026-01-09T12:11:25.813+0000] {processor.py:830} INFO - Processing file /home/airflow/.local/lib/python3.8/site-packages/airflow/example_dags/tutorial_taskflow_api_virtualenv.py for tasks to queue
[2026-01-09T12:11:25.815+0000] {logging_mixin.py:188} INFO - [2026-01-09T12:11:25.814+0000] {dagbag.py:538} INFO - Filling up the DagBag from /home/airflow/.local/lib/python3.8/site-packages/airflow/example_dags/tutorial_taskflow_api_virtualenv.py
[2026-01-09T12:11:25.835+0000] {processor.py:840} INFO - DAG(s) 'tutorial_taskflow_api_virtualenv' retrieved from /home/airflow/.local/lib/python3.8/site-packages/airflow/example_dags/tutorial_taskflow_api_virtualenv.py
[2026-01-09T12:11:25.879+0000] {logging_mixin.py:188} INFO - [2026-01-09T12:11:25.879+0000] {dag.py:3036} INFO - Sync 1 DAGs
[2026-01-09T12:11:25.902+0000] {logging_mixin.py:188} INFO - [2026-01-09T12:11:25.901+0000] {dag.py:3823} INFO - Setting next_dagrun for tutorial_taskflow_api_virtualenv to None, run_after=None
[2026-01-09T12:11:25.955+0000] {processor.py:183} INFO - Processing /home/airflow/.local/lib/python3.8/site-packages/airflow/example_dags/tutorial_taskflow_api_virtualenv.py took 0.152 seconds
[2026-01-09T12:11:56.129+0000] {processor.py:161} INFO - Started process (PID=1705) to work on /home/airflow/.local/lib/python3.8/site-packages/airflow/example_dags/tutorial_taskflow_api_virtualenv.py
[2026-01-09T12:11:56.131+0000] {processor.py:830} INFO - Processing file /home/airflow/.local/lib/python3.8/site-packages/airflow/example_dags/tutorial_taskflow_api_virtualenv.py for tasks to queue
[2026-01-09T12:11:56.133+0000] {logging_mixin.py:188} INFO - [2026-01-09T12:11:56.132+0000] {dagbag.py:538} INFO - Filling up the DagBag from /home/airflow/.local/lib/python3.8/site-packages/airflow/example_dags/tutorial_taskflow_api_virtualenv.py
[2026-01-09T12:11:56.154+0000] {processor.py:840} INFO - DAG(s) 'tutorial_taskflow_api_virtualenv' retrieved from /home/airflow/.local/lib/python3.8/site-packages/airflow/example_dags/tutorial_taskflow_api_virtualenv.py
[2026-01-09T12:11:56.198+0000] {logging_mixin.py:188} INFO - [2026-01-09T12:11:56.198+0000] {dag.py:3036} INFO - Sync 1 DAGs
[2026-01-09T12:11:56.225+0000] {logging_mixin.py:188} INFO - [2026-01-09T12:11:56.224+0000] {dag.py:3823} INFO - Setting next_dagrun for tutorial_taskflow_api_virtualenv to None, run_after=None
[2026-01-09T12:11:56.275+0000] {processor.py:183} INFO - Processing /home/airflow/.local/lib/python3.8/site-packages/airflow/example_dags/tutorial_taskflow_api_virtualenv.py took 0.152 seconds
[2026-01-09T12:12:27.022+0000] {processor.py:161} INFO - Started process (PID=1952) to work on /home/airflow/.local/lib/python3.8/site-packages/airflow/example_dags/tutorial_taskflow_api_virtualenv.py
[2026-01-09T12:12:27.025+0000] {processor.py:830} INFO - Processing file /home/airflow/.local/lib/python3.8/site-packages/airflow/example_dags/tutorial_taskflow_api_virtualenv.py for tasks to queue
[2026-01-09T12:12:27.027+0000] {logging_mixin.py:188} INFO - [2026-01-09T12:12:27.026+0000] {dagbag.py:538} INFO - Filling up the DagBag from /home/airflow/.local/lib/python3.8/site-packages/airflow/example_dags/tutorial_taskflow_api_virtualenv.py
[2026-01-09T12:12:27.060+0000] {processor.py:840} INFO - DAG(s) 'tutorial_taskflow_api_virtualenv' retrieved from /home/airflow/.local/lib/python3.8/site-packages/airflow/example_dags/tutorial_taskflow_api_virtualenv.py
[2026-01-09T12:12:27.115+0000] {logging_mixin.py:188} INFO - [2026-01-09T12:12:27.115+0000] {dag.py:3036} INFO - Sync 1 DAGs
[2026-01-09T12:12:27.148+0000] {logging_mixin.py:188} INFO - [2026-01-09T12:12:27.148+0000] {dag.py:3823} INFO - Setting next_dagrun for tutorial_taskflow_api_virtualenv to None, run_after=None
[2026-01-09T12:12:27.227+0000] {processor.py:183} INFO - Processing /home/airflow/.local/lib/python3.8/site-packages/airflow/example_dags/tutorial_taskflow_api_virtualenv.py took 0.212 seconds
[2026-01-09T12:12:57.681+0000] {processor.py:161} INFO - Started process (PID=2199) to work on /home/airflow/.local/lib/python3.8/site-packages/airflow/example_dags/tutorial_taskflow_api_virtualenv.py
[2026-01-09T12:12:57.685+0000] {processor.py:830} INFO - Processing file /home/airflow/.local/lib/python3.8/site-packages/airflow/example_dags/tutorial_taskflow_api_virtualenv.py for tasks to queue
[2026-01-09T12:12:57.688+0000] {logging_mixin.py:188} INFO - [2026-01-09T12:12:57.687+0000] {dagbag.py:538} INFO - Filling up the DagBag from /home/airflow/.local/lib/python3.8/site-packages/airflow/example_dags/tutorial_taskflow_api_virtualenv.py
[2026-01-09T12:12:57.709+0000] {processor.py:840} INFO - DAG(s) 'tutorial_taskflow_api_virtualenv' retrieved from /home/airflow/.local/lib/python3.8/site-packages/airflow/example_dags/tutorial_taskflow_api_virtualenv.py
[2026-01-09T12:12:57.750+0000] {logging_mixin.py:188} INFO - [2026-01-09T12:12:57.750+0000] {dag.py:3036} INFO - Sync 1 DAGs
[2026-01-09T12:12:57.774+0000] {logging_mixin.py:188} INFO - [2026-01-09T12:12:57.773+0000] {dag.py:3823} INFO - Setting next_dagrun for tutorial_taskflow_api_virtualenv to None, run_after=None
[2026-01-09T12:12:57.815+0000] {processor.py:183} INFO - Processing /home/airflow/.local/lib/python3.8/site-packages/airflow/example_dags/tutorial_taskflow_api_virtualenv.py took 0.141 seconds
[2026-01-09T12:13:27.914+0000] {processor.py:161} INFO - Started process (PID=2446) to work on /home/airflow/.local/lib/python3.8/site-packages/airflow/example_dags/tutorial_taskflow_api_virtualenv.py
[2026-01-09T12:13:27.916+0000] {processor.py:830} INFO - Processing file /home/airflow/.local/lib/python3.8/site-packages/airflow/example_dags/tutorial_taskflow_api_virtualenv.py for tasks to queue
[2026-01-09T12:13:27.918+0000] {logging_mixin.py:188} INFO - [2026-01-09T12:13:27.918+0000] {dagbag.py:538} INFO - Filling up the DagBag from /home/airflow/.local/lib/python3.8/site-packages/airflow/example_dags/tutorial_taskflow_api_virtualenv.py
[2026-01-09T12:13:27.938+0000] {processor.py:840} INFO - DAG(s) 'tutorial_taskflow_api_virtualenv' retrieved from /home/airflow/.local/lib/python3.8/site-packages/airflow/example_dags/tutorial_taskflow_api_virtualenv.py
[2026-01-09T12:13:27.981+0000] {logging_mixin.py:188} INFO - [2026-01-09T12:13:27.981+0000] {dag.py:3036} INFO - Sync 1 DAGs
[2026-01-09T12:13:28.001+0000] {logging_mixin.py:188} INFO - [2026-01-09T12:13:28.001+0000] {dag.py:3823} INFO - Setting next_dagrun for tutorial_taskflow_api_virtualenv to None, run_after=None
[2026-01-09T12:13:28.044+0000] {processor.py:183} INFO - Processing /home/airflow/.local/lib/python3.8/site-packages/airflow/example_dags/tutorial_taskflow_api_virtualenv.py took 0.136 seconds
[2026-01-09T12:13:58.294+0000] {processor.py:161} INFO - Started process (PID=2693) to work on /home/airflow/.local/lib/python3.8/site-packages/airflow/example_dags/tutorial_taskflow_api_virtualenv.py
[2026-01-09T12:13:58.306+0000] {processor.py:830} INFO - Processing file /home/airflow/.local/lib/python3.8/site-packages/airflow/example_dags/tutorial_taskflow_api_virtualenv.py for tasks to queue
[2026-01-09T12:13:58.307+0000] {logging_mixin.py:188} INFO - [2026-01-09T12:13:58.307+0000] {dagbag.py:538} INFO - Filling up the DagBag from /home/airflow/.local/lib/python3.8/site-packages/airflow/example_dags/tutorial_taskflow_api_virtualenv.py
[2026-01-09T12:13:58.327+0000] {processor.py:840} INFO - DAG(s) 'tutorial_taskflow_api_virtualenv' retrieved from /home/airflow/.local/lib/python3.8/site-packages/airflow/example_dags/tutorial_taskflow_api_virtualenv.py
[2026-01-09T12:13:58.371+0000] {logging_mixin.py:188} INFO - [2026-01-09T12:13:58.371+0000] {dag.py:3036} INFO - Sync 1 DAGs
[2026-01-09T12:13:58.396+0000] {logging_mixin.py:188} INFO - [2026-01-09T12:13:58.395+0000] {dag.py:3823} INFO - Setting next_dagrun for tutorial_taskflow_api_virtualenv to None, run_after=None
[2026-01-09T12:13:58.454+0000] {processor.py:183} INFO - Processing /home/airflow/.local/lib/python3.8/site-packages/airflow/example_dags/tutorial_taskflow_api_virtualenv.py took 0.166 seconds
[2026-01-09T12:14:28.641+0000] {processor.py:161} INFO - Started process (PID=2940) to work on /home/airflow/.local/lib/python3.8/site-packages/airflow/example_dags/tutorial_taskflow_api_virtualenv.py
[2026-01-09T12:14:28.648+0000] {processor.py:830} INFO - Processing file /home/airflow/.local/lib/python3.8/site-packages/airflow/example_dags/tutorial_taskflow_api_virtualenv.py for tasks to queue
[2026-01-09T12:14:28.650+0000] {logging_mixin.py:188} INFO - [2026-01-09T12:14:28.650+0000] {dagbag.py:538} INFO - Filling up the DagBag from /home/airflow/.local/lib/python3.8/site-packages/airflow/example_dags/tutorial_taskflow_api_virtualenv.py
[2026-01-09T12:14:28.677+0000] {processor.py:840} INFO - DAG(s) 'tutorial_taskflow_api_virtualenv' retrieved from /home/airflow/.local/lib/python3.8/site-packages/airflow/example_dags/tutorial_taskflow_api_virtualenv.py
[2026-01-09T12:14:28.726+0000] {logging_mixin.py:188} INFO - [2026-01-09T12:14:28.725+0000] {dag.py:3036} INFO - Sync 1 DAGs
[2026-01-09T12:14:28.751+0000] {logging_mixin.py:188} INFO - [2026-01-09T12:14:28.750+0000] {dag.py:3823} INFO - Setting next_dagrun for tutorial_taskflow_api_virtualenv to None, run_after=None
[2026-01-09T12:14:28.801+0000] {processor.py:183} INFO - Processing /home/airflow/.local/lib/python3.8/site-packages/airflow/example_dags/tutorial_taskflow_api_virtualenv.py took 0.168 seconds
[2026-01-09T12:14:59.052+0000] {processor.py:161} INFO - Started process (PID=3187) to work on /home/airflow/.local/lib/python3.8/site-packages/airflow/example_dags/tutorial_taskflow_api_virtualenv.py
[2026-01-09T12:14:59.054+0000] {processor.py:830} INFO - Processing file /home/airflow/.local/lib/python3.8/site-packages/airflow/example_dags/tutorial_taskflow_api_virtualenv.py for tasks to queue
[2026-01-09T12:14:59.056+0000] {logging_mixin.py:188} INFO - [2026-01-09T12:14:59.055+0000] {dagbag.py:538} INFO - Filling up the DagBag from /home/airflow/.local/lib/python3.8/site-packages/airflow/example_dags/tutorial_taskflow_api_virtualenv.py
[2026-01-09T12:14:59.078+0000] {processor.py:840} INFO - DAG(s) 'tutorial_taskflow_api_virtualenv' retrieved from /home/airflow/.local/lib/python3.8/site-packages/airflow/example_dags/tutorial_taskflow_api_virtualenv.py
[2026-01-09T12:14:59.133+0000] {logging_mixin.py:188} INFO - [2026-01-09T12:14:59.132+0000] {dag.py:3036} INFO - Sync 1 DAGs
[2026-01-09T12:14:59.176+0000] {logging_mixin.py:188} INFO - [2026-01-09T12:14:59.176+0000] {dag.py:3823} INFO - Setting next_dagrun for tutorial_taskflow_api_virtualenv to None, run_after=None
[2026-01-09T12:14:59.245+0000] {processor.py:183} INFO - Processing /home/airflow/.local/lib/python3.8/site-packages/airflow/example_dags/tutorial_taskflow_api_virtualenv.py took 0.200 seconds
[2026-01-09T12:15:29.346+0000] {processor.py:161} INFO - Started process (PID=3434) to work on /home/airflow/.local/lib/python3.8/site-packages/airflow/example_dags/tutorial_taskflow_api_virtualenv.py
[2026-01-09T12:15:29.349+0000] {processor.py:830} INFO - Processing file /home/airflow/.local/lib/python3.8/site-packages/airflow/example_dags/tutorial_taskflow_api_virtualenv.py for tasks to queue
[2026-01-09T12:15:29.351+0000] {logging_mixin.py:188} INFO - [2026-01-09T12:15:29.350+0000] {dagbag.py:538} INFO - Filling up the DagBag from /home/airflow/.local/lib/python3.8/site-packages/airflow/example_dags/tutorial_taskflow_api_virtualenv.py
[2026-01-09T12:15:29.374+0000] {processor.py:840} INFO - DAG(s) 'tutorial_taskflow_api_virtualenv' retrieved from /home/airflow/.local/lib/python3.8/site-packages/airflow/example_dags/tutorial_taskflow_api_virtualenv.py
[2026-01-09T12:15:29.416+0000] {logging_mixin.py:188} INFO - [2026-01-09T12:15:29.415+0000] {dag.py:3036} INFO - Sync 1 DAGs
[2026-01-09T12:15:29.440+0000] {logging_mixin.py:188} INFO - [2026-01-09T12:15:29.439+0000] {dag.py:3823} INFO - Setting next_dagrun for tutorial_taskflow_api_virtualenv to None, run_after=None
[2026-01-09T12:15:29.489+0000] {processor.py:183} INFO - Processing /home/airflow/.local/lib/python3.8/site-packages/airflow/example_dags/tutorial_taskflow_api_virtualenv.py took 0.151 seconds
[2026-01-09T12:15:59.982+0000] {processor.py:161} INFO - Started process (PID=3682) to work on /home/airflow/.local/lib/python3.8/site-packages/airflow/example_dags/tutorial_taskflow_api_virtualenv.py
[2026-01-09T12:15:59.983+0000] {processor.py:830} INFO - Processing file /home/airflow/.local/lib/python3.8/site-packages/airflow/example_dags/tutorial_taskflow_api_virtualenv.py for tasks to queue
[2026-01-09T12:15:59.984+0000] {logging_mixin.py:188} INFO - [2026-01-09T12:15:59.984+0000] {dagbag.py:538} INFO - Filling up the DagBag from /home/airflow/.local/lib/python3.8/site-packages/airflow/example_dags/tutorial_taskflow_api_virtualenv.py
[2026-01-09T12:16:00.000+0000] {processor.py:840} INFO - DAG(s) 'tutorial_taskflow_api_virtualenv' retrieved from /home/airflow/.local/lib/python3.8/site-packages/airflow/example_dags/tutorial_taskflow_api_virtualenv.py
[2026-01-09T12:16:00.040+0000] {logging_mixin.py:188} INFO - [2026-01-09T12:16:00.040+0000] {dag.py:3036} INFO - Sync 1 DAGs
[2026-01-09T12:16:00.059+0000] {logging_mixin.py:188} INFO - [2026-01-09T12:16:00.059+0000] {dag.py:3823} INFO - Setting next_dagrun for tutorial_taskflow_api_virtualenv to None, run_after=None
[2026-01-09T12:16:00.096+0000] {processor.py:183} INFO - Processing /home/airflow/.local/lib/python3.8/site-packages/airflow/example_dags/tutorial_taskflow_api_virtualenv.py took 0.121 seconds
[2026-01-09T12:16:30.499+0000] {processor.py:161} INFO - Started process (PID=3929) to work on /home/airflow/.local/lib/python3.8/site-packages/airflow/example_dags/tutorial_taskflow_api_virtualenv.py
[2026-01-09T12:16:30.501+0000] {processor.py:830} INFO - Processing file /home/airflow/.local/lib/python3.8/site-packages/airflow/example_dags/tutorial_taskflow_api_virtualenv.py for tasks to queue
[2026-01-09T12:16:30.502+0000] {logging_mixin.py:188} INFO - [2026-01-09T12:16:30.502+0000] {dagbag.py:538} INFO - Filling up the DagBag from /home/airflow/.local/lib/python3.8/site-packages/airflow/example_dags/tutorial_taskflow_api_virtualenv.py
[2026-01-09T12:16:30.518+0000] {processor.py:840} INFO - DAG(s) 'tutorial_taskflow_api_virtualenv' retrieved from /home/airflow/.local/lib/python3.8/site-packages/airflow/example_dags/tutorial_taskflow_api_virtualenv.py
[2026-01-09T12:16:30.552+0000] {logging_mixin.py:188} INFO - [2026-01-09T12:16:30.552+0000] {dag.py:3036} INFO - Sync 1 DAGs
[2026-01-09T12:16:30.571+0000] {logging_mixin.py:188} INFO - [2026-01-09T12:16:30.570+0000] {dag.py:3823} INFO - Setting next_dagrun for tutorial_taskflow_api_virtualenv to None, run_after=None
[2026-01-09T12:16:30.606+0000] {processor.py:183} INFO - Processing /home/airflow/.local/lib/python3.8/site-packages/airflow/example_dags/tutorial_taskflow_api_virtualenv.py took 0.113 seconds
[2026-01-09T12:17:01.367+0000] {processor.py:161} INFO - Started process (PID=4174) to work on /home/airflow/.local/lib/python3.8/site-packages/airflow/example_dags/tutorial_taskflow_api_virtualenv.py
[2026-01-09T12:17:01.368+0000] {processor.py:830} INFO - Processing file /home/airflow/.local/lib/python3.8/site-packages/airflow/example_dags/tutorial_taskflow_api_virtualenv.py for tasks to queue
[2026-01-09T12:17:01.370+0000] {logging_mixin.py:188} INFO - [2026-01-09T12:17:01.369+0000] {dagbag.py:538} INFO - Filling up the DagBag from /home/airflow/.local/lib/python3.8/site-packages/airflow/example_dags/tutorial_taskflow_api_virtualenv.py
[2026-01-09T12:17:01.386+0000] {processor.py:840} INFO - DAG(s) 'tutorial_taskflow_api_virtualenv' retrieved from /home/airflow/.local/lib/python3.8/site-packages/airflow/example_dags/tutorial_taskflow_api_virtualenv.py
[2026-01-09T12:17:01.424+0000] {logging_mixin.py:188} INFO - [2026-01-09T12:17:01.424+0000] {dag.py:3036} INFO - Sync 1 DAGs
[2026-01-09T12:17:01.446+0000] {logging_mixin.py:188} INFO - [2026-01-09T12:17:01.446+0000] {dag.py:3823} INFO - Setting next_dagrun for tutorial_taskflow_api_virtualenv to None, run_after=None
[2026-01-09T12:17:01.489+0000] {processor.py:183} INFO - Processing /home/airflow/.local/lib/python3.8/site-packages/airflow/example_dags/tutorial_taskflow_api_virtualenv.py took 0.128 seconds
[2026-01-09T12:17:31.841+0000] {processor.py:161} INFO - Started process (PID=4421) to work on /home/airflow/.local/lib/python3.8/site-packages/airflow/example_dags/tutorial_taskflow_api_virtualenv.py
[2026-01-09T12:17:31.842+0000] {processor.py:830} INFO - Processing file /home/airflow/.local/lib/python3.8/site-packages/airflow/example_dags/tutorial_taskflow_api_virtualenv.py for tasks to queue
[2026-01-09T12:17:31.844+0000] {logging_mixin.py:188} INFO - [2026-01-09T12:17:31.844+0000] {dagbag.py:538} INFO - Filling up the DagBag from /home/airflow/.local/lib/python3.8/site-packages/airflow/example_dags/tutorial_taskflow_api_virtualenv.py
[2026-01-09T12:17:31.861+0000] {processor.py:840} INFO - DAG(s) 'tutorial_taskflow_api_virtualenv' retrieved from /home/airflow/.local/lib/python3.8/site-packages/airflow/example_dags/tutorial_taskflow_api_virtualenv.py
[2026-01-09T12:17:31.905+0000] {logging_mixin.py:188} INFO - [2026-01-09T12:17:31.905+0000] {dag.py:3036} INFO - Sync 1 DAGs
[2026-01-09T12:17:31.929+0000] {logging_mixin.py:188} INFO - [2026-01-09T12:17:31.928+0000] {dag.py:3823} INFO - Setting next_dagrun for tutorial_taskflow_api_virtualenv to None, run_after=None
[2026-01-09T12:17:31.971+0000] {processor.py:183} INFO - Processing /home/airflow/.local/lib/python3.8/site-packages/airflow/example_dags/tutorial_taskflow_api_virtualenv.py took 0.137 seconds
[2026-01-09T12:18:02.642+0000] {processor.py:161} INFO - Started process (PID=4668) to work on /home/airflow/.local/lib/python3.8/site-packages/airflow/example_dags/tutorial_taskflow_api_virtualenv.py
[2026-01-09T12:18:02.645+0000] {processor.py:830} INFO - Processing file /home/airflow/.local/lib/python3.8/site-packages/airflow/example_dags/tutorial_taskflow_api_virtualenv.py for tasks to queue
[2026-01-09T12:18:02.648+0000] {logging_mixin.py:188} INFO - [2026-01-09T12:18:02.647+0000] {dagbag.py:538} INFO - Filling up the DagBag from /home/airflow/.local/lib/python3.8/site-packages/airflow/example_dags/tutorial_taskflow_api_virtualenv.py
[2026-01-09T12:18:02.672+0000] {processor.py:840} INFO - DAG(s) 'tutorial_taskflow_api_virtualenv' retrieved from /home/airflow/.local/lib/python3.8/site-packages/airflow/example_dags/tutorial_taskflow_api_virtualenv.py
[2026-01-09T12:18:02.718+0000] {logging_mixin.py:188} INFO - [2026-01-09T12:18:02.717+0000] {dag.py:3036} INFO - Sync 1 DAGs
[2026-01-09T12:18:02.741+0000] {logging_mixin.py:188} INFO - [2026-01-09T12:18:02.741+0000] {dag.py:3823} INFO - Setting next_dagrun for tutorial_taskflow_api_virtualenv to None, run_after=None
[2026-01-09T12:18:02.794+0000] {processor.py:183} INFO - Processing /home/airflow/.local/lib/python3.8/site-packages/airflow/example_dags/tutorial_taskflow_api_virtualenv.py took 0.158 seconds
[2026-01-09T12:18:33.236+0000] {processor.py:161} INFO - Started process (PID=4917) to work on /home/airflow/.local/lib/python3.8/site-packages/airflow/example_dags/tutorial_taskflow_api_virtualenv.py
[2026-01-09T12:18:33.239+0000] {processor.py:830} INFO - Processing file /home/airflow/.local/lib/python3.8/site-packages/airflow/example_dags/tutorial_taskflow_api_virtualenv.py for tasks to queue
[2026-01-09T12:18:33.241+0000] {logging_mixin.py:188} INFO - [2026-01-09T12:18:33.240+0000] {dagbag.py:538} INFO - Filling up the DagBag from /home/airflow/.local/lib/python3.8/site-packages/airflow/example_dags/tutorial_taskflow_api_virtualenv.py
[2026-01-09T12:18:33.258+0000] {processor.py:840} INFO - DAG(s) 'tutorial_taskflow_api_virtualenv' retrieved from /home/airflow/.local/lib/python3.8/site-packages/airflow/example_dags/tutorial_taskflow_api_virtualenv.py
[2026-01-09T12:18:33.301+0000] {logging_mixin.py:188} INFO - [2026-01-09T12:18:33.300+0000] {dag.py:3036} INFO - Sync 1 DAGs
[2026-01-09T12:18:33.323+0000] {logging_mixin.py:188} INFO - [2026-01-09T12:18:33.323+0000] {dag.py:3823} INFO - Setting next_dagrun for tutorial_taskflow_api_virtualenv to None, run_after=None
[2026-01-09T12:18:33.366+0000] {processor.py:183} INFO - Processing /home/airflow/.local/lib/python3.8/site-packages/airflow/example_dags/tutorial_taskflow_api_virtualenv.py took 0.137 seconds
[2026-01-09T12:19:03.967+0000] {processor.py:161} INFO - Started process (PID=5162) to work on /home/airflow/.local/lib/python3.8/site-packages/airflow/example_dags/tutorial_taskflow_api_virtualenv.py
[2026-01-09T12:19:03.969+0000] {processor.py:830} INFO - Processing file /home/airflow/.local/lib/python3.8/site-packages/airflow/example_dags/tutorial_taskflow_api_virtualenv.py for tasks to queue
[2026-01-09T12:19:03.970+0000] {logging_mixin.py:188} INFO - [2026-01-09T12:19:03.970+0000] {dagbag.py:538} INFO - Filling up the DagBag from /home/airflow/.local/lib/python3.8/site-packages/airflow/example_dags/tutorial_taskflow_api_virtualenv.py
[2026-01-09T12:19:03.990+0000] {processor.py:840} INFO - DAG(s) 'tutorial_taskflow_api_virtualenv' retrieved from /home/airflow/.local/lib/python3.8/site-packages/airflow/example_dags/tutorial_taskflow_api_virtualenv.py
[2026-01-09T12:19:04.050+0000] {logging_mixin.py:188} INFO - [2026-01-09T12:19:04.049+0000] {dag.py:3036} INFO - Sync 1 DAGs
[2026-01-09T12:19:04.074+0000] {logging_mixin.py:188} INFO - [2026-01-09T12:19:04.074+0000] {dag.py:3823} INFO - Setting next_dagrun for tutorial_taskflow_api_virtualenv to None, run_after=None
[2026-01-09T12:19:04.126+0000] {processor.py:183} INFO - Processing /home/airflow/.local/lib/python3.8/site-packages/airflow/example_dags/tutorial_taskflow_api_virtualenv.py took 0.166 seconds
[2026-01-09T12:19:34.567+0000] {processor.py:161} INFO - Started process (PID=5411) to work on /home/airflow/.local/lib/python3.8/site-packages/airflow/example_dags/tutorial_taskflow_api_virtualenv.py
[2026-01-09T12:19:34.572+0000] {processor.py:830} INFO - Processing file /home/airflow/.local/lib/python3.8/site-packages/airflow/example_dags/tutorial_taskflow_api_virtualenv.py for tasks to queue
[2026-01-09T12:19:34.574+0000] {logging_mixin.py:188} INFO - [2026-01-09T12:19:34.574+0000] {dagbag.py:538} INFO - Filling up the DagBag from /home/airflow/.local/lib/python3.8/site-packages/airflow/example_dags/tutorial_taskflow_api_virtualenv.py
[2026-01-09T12:19:34.605+0000] {processor.py:840} INFO - DAG(s) 'tutorial_taskflow_api_virtualenv' retrieved from /home/airflow/.local/lib/python3.8/site-packages/airflow/example_dags/tutorial_taskflow_api_virtualenv.py
[2026-01-09T12:19:34.665+0000] {logging_mixin.py:188} INFO - [2026-01-09T12:19:34.664+0000] {dag.py:3036} INFO - Sync 1 DAGs
[2026-01-09T12:19:34.696+0000] {logging_mixin.py:188} INFO - [2026-01-09T12:19:34.696+0000] {dag.py:3823} INFO - Setting next_dagrun for tutorial_taskflow_api_virtualenv to None, run_after=None
[2026-01-09T12:19:34.766+0000] {processor.py:183} INFO - Processing /home/airflow/.local/lib/python3.8/site-packages/airflow/example_dags/tutorial_taskflow_api_virtualenv.py took 0.206 seconds
[2026-01-09T12:20:05.580+0000] {processor.py:161} INFO - Started process (PID=5656) to work on /home/airflow/.local/lib/python3.8/site-packages/airflow/example_dags/tutorial_taskflow_api_virtualenv.py
[2026-01-09T12:20:05.583+0000] {processor.py:830} INFO - Processing file /home/airflow/.local/lib/python3.8/site-packages/airflow/example_dags/tutorial_taskflow_api_virtualenv.py for tasks to queue
[2026-01-09T12:20:05.586+0000] {logging_mixin.py:188} INFO - [2026-01-09T12:20:05.585+0000] {dagbag.py:538} INFO - Filling up the DagBag from /home/airflow/.local/lib/python3.8/site-packages/airflow/example_dags/tutorial_taskflow_api_virtualenv.py
[2026-01-09T12:20:05.606+0000] {processor.py:840} INFO - DAG(s) 'tutorial_taskflow_api_virtualenv' retrieved from /home/airflow/.local/lib/python3.8/site-packages/airflow/example_dags/tutorial_taskflow_api_virtualenv.py
[2026-01-09T12:20:05.659+0000] {logging_mixin.py:188} INFO - [2026-01-09T12:20:05.658+0000] {dag.py:3036} INFO - Sync 1 DAGs
[2026-01-09T12:20:05.687+0000] {logging_mixin.py:188} INFO - [2026-01-09T12:20:05.686+0000] {dag.py:3823} INFO - Setting next_dagrun for tutorial_taskflow_api_virtualenv to None, run_after=None
[2026-01-09T12:20:05.747+0000] {processor.py:183} INFO - Processing /home/airflow/.local/lib/python3.8/site-packages/airflow/example_dags/tutorial_taskflow_api_virtualenv.py took 0.176 seconds
[2026-01-09T12:20:36.632+0000] {processor.py:161} INFO - Started process (PID=5903) to work on /home/airflow/.local/lib/python3.8/site-packages/airflow/example_dags/tutorial_taskflow_api_virtualenv.py
[2026-01-09T12:20:36.635+0000] {processor.py:830} INFO - Processing file /home/airflow/.local/lib/python3.8/site-packages/airflow/example_dags/tutorial_taskflow_api_virtualenv.py for tasks to queue
[2026-01-09T12:20:36.641+0000] {logging_mixin.py:188} INFO - [2026-01-09T12:20:36.639+0000] {dagbag.py:538} INFO - Filling up the DagBag from /home/airflow/.local/lib/python3.8/site-packages/airflow/example_dags/tutorial_taskflow_api_virtualenv.py
[2026-01-09T12:20:36.671+0000] {processor.py:840} INFO - DAG(s) 'tutorial_taskflow_api_virtualenv' retrieved from /home/airflow/.local/lib/python3.8/site-packages/airflow/example_dags/tutorial_taskflow_api_virtualenv.py
[2026-01-09T12:20:36.720+0000] {logging_mixin.py:188} INFO - [2026-01-09T12:20:36.720+0000] {dag.py:3036} INFO - Sync 1 DAGs
[2026-01-09T12:20:36.743+0000] {logging_mixin.py:188} INFO - [2026-01-09T12:20:36.743+0000] {dag.py:3823} INFO - Setting next_dagrun for tutorial_taskflow_api_virtualenv to None, run_after=None
[2026-01-09T12:20:36.827+0000] {processor.py:183} INFO - Processing /home/airflow/.local/lib/python3.8/site-packages/airflow/example_dags/tutorial_taskflow_api_virtualenv.py took 0.204 seconds
[2026-01-09T12:21:07.118+0000] {processor.py:161} INFO - Started process (PID=6150) to work on /home/airflow/.local/lib/python3.8/site-packages/airflow/example_dags/tutorial_taskflow_api_virtualenv.py
[2026-01-09T12:21:07.129+0000] {processor.py:830} INFO - Processing file /home/airflow/.local/lib/python3.8/site-packages/airflow/example_dags/tutorial_taskflow_api_virtualenv.py for tasks to queue
[2026-01-09T12:21:07.131+0000] {logging_mixin.py:188} INFO - [2026-01-09T12:21:07.130+0000] {dagbag.py:538} INFO - Filling up the DagBag from /home/airflow/.local/lib/python3.8/site-packages/airflow/example_dags/tutorial_taskflow_api_virtualenv.py
[2026-01-09T12:21:07.159+0000] {processor.py:840} INFO - DAG(s) 'tutorial_taskflow_api_virtualenv' retrieved from /home/airflow/.local/lib/python3.8/site-packages/airflow/example_dags/tutorial_taskflow_api_virtualenv.py
[2026-01-09T12:21:07.210+0000] {logging_mixin.py:188} INFO - [2026-01-09T12:21:07.210+0000] {dag.py:3036} INFO - Sync 1 DAGs
[2026-01-09T12:21:07.251+0000] {logging_mixin.py:188} INFO - [2026-01-09T12:21:07.250+0000] {dag.py:3823} INFO - Setting next_dagrun for tutorial_taskflow_api_virtualenv to None, run_after=None
[2026-01-09T12:21:07.321+0000] {processor.py:183} INFO - Processing /home/airflow/.local/lib/python3.8/site-packages/airflow/example_dags/tutorial_taskflow_api_virtualenv.py took 0.214 seconds
[2026-01-09T12:21:37.485+0000] {processor.py:161} INFO - Started process (PID=6397) to work on /home/airflow/.local/lib/python3.8/site-packages/airflow/example_dags/tutorial_taskflow_api_virtualenv.py
[2026-01-09T12:21:37.491+0000] {processor.py:830} INFO - Processing file /home/airflow/.local/lib/python3.8/site-packages/airflow/example_dags/tutorial_taskflow_api_virtualenv.py for tasks to queue
[2026-01-09T12:21:37.493+0000] {logging_mixin.py:188} INFO - [2026-01-09T12:21:37.492+0000] {dagbag.py:538} INFO - Filling up the DagBag from /home/airflow/.local/lib/python3.8/site-packages/airflow/example_dags/tutorial_taskflow_api_virtualenv.py
[2026-01-09T12:21:37.522+0000] {processor.py:840} INFO - DAG(s) 'tutorial_taskflow_api_virtualenv' retrieved from /home/airflow/.local/lib/python3.8/site-packages/airflow/example_dags/tutorial_taskflow_api_virtualenv.py
[2026-01-09T12:21:37.575+0000] {logging_mixin.py:188} INFO - [2026-01-09T12:21:37.574+0000] {dag.py:3036} INFO - Sync 1 DAGs
[2026-01-09T12:21:37.613+0000] {logging_mixin.py:188} INFO - [2026-01-09T12:21:37.612+0000] {dag.py:3823} INFO - Setting next_dagrun for tutorial_taskflow_api_virtualenv to None, run_after=None
[2026-01-09T12:21:37.721+0000] {processor.py:183} INFO - Processing /home/airflow/.local/lib/python3.8/site-packages/airflow/example_dags/tutorial_taskflow_api_virtualenv.py took 0.244 seconds
[2026-01-09T12:22:08.222+0000] {processor.py:161} INFO - Started process (PID=6645) to work on /home/airflow/.local/lib/python3.8/site-packages/airflow/example_dags/tutorial_taskflow_api_virtualenv.py
[2026-01-09T12:22:08.224+0000] {processor.py:830} INFO - Processing file /home/airflow/.local/lib/python3.8/site-packages/airflow/example_dags/tutorial_taskflow_api_virtualenv.py for tasks to queue
[2026-01-09T12:22:08.226+0000] {logging_mixin.py:188} INFO - [2026-01-09T12:22:08.225+0000] {dagbag.py:538} INFO - Filling up the DagBag from /home/airflow/.local/lib/python3.8/site-packages/airflow/example_dags/tutorial_taskflow_api_virtualenv.py
[2026-01-09T12:22:08.248+0000] {processor.py:840} INFO - DAG(s) 'tutorial_taskflow_api_virtualenv' retrieved from /home/airflow/.local/lib/python3.8/site-packages/airflow/example_dags/tutorial_taskflow_api_virtualenv.py
[2026-01-09T12:22:08.295+0000] {logging_mixin.py:188} INFO - [2026-01-09T12:22:08.294+0000] {dag.py:3036} INFO - Sync 1 DAGs
[2026-01-09T12:22:08.321+0000] {logging_mixin.py:188} INFO - [2026-01-09T12:22:08.321+0000] {dag.py:3823} INFO - Setting next_dagrun for tutorial_taskflow_api_virtualenv to None, run_after=None
[2026-01-09T12:22:08.375+0000] {processor.py:183} INFO - Processing /home/airflow/.local/lib/python3.8/site-packages/airflow/example_dags/tutorial_taskflow_api_virtualenv.py took 0.163 seconds
[2026-01-09T12:22:38.497+0000] {processor.py:161} INFO - Started process (PID=6892) to work on /home/airflow/.local/lib/python3.8/site-packages/airflow/example_dags/tutorial_taskflow_api_virtualenv.py
[2026-01-09T12:22:38.500+0000] {processor.py:830} INFO - Processing file /home/airflow/.local/lib/python3.8/site-packages/airflow/example_dags/tutorial_taskflow_api_virtualenv.py for tasks to queue
[2026-01-09T12:22:38.502+0000] {logging_mixin.py:188} INFO - [2026-01-09T12:22:38.501+0000] {dagbag.py:538} INFO - Filling up the DagBag from /home/airflow/.local/lib/python3.8/site-packages/airflow/example_dags/tutorial_taskflow_api_virtualenv.py
[2026-01-09T12:22:38.526+0000] {processor.py:840} INFO - DAG(s) 'tutorial_taskflow_api_virtualenv' retrieved from /home/airflow/.local/lib/python3.8/site-packages/airflow/example_dags/tutorial_taskflow_api_virtualenv.py
[2026-01-09T12:22:38.575+0000] {logging_mixin.py:188} INFO - [2026-01-09T12:22:38.574+0000] {dag.py:3036} INFO - Sync 1 DAGs
[2026-01-09T12:22:38.602+0000] {logging_mixin.py:188} INFO - [2026-01-09T12:22:38.602+0000] {dag.py:3823} INFO - Setting next_dagrun for tutorial_taskflow_api_virtualenv to None, run_after=None
[2026-01-09T12:22:38.763+0000] {processor.py:183} INFO - Processing /home/airflow/.local/lib/python3.8/site-packages/airflow/example_dags/tutorial_taskflow_api_virtualenv.py took 0.274 seconds
[2026-01-09T12:23:09.111+0000] {processor.py:161} INFO - Started process (PID=7139) to work on /home/airflow/.local/lib/python3.8/site-packages/airflow/example_dags/tutorial_taskflow_api_virtualenv.py
[2026-01-09T12:23:09.114+0000] {processor.py:830} INFO - Processing file /home/airflow/.local/lib/python3.8/site-packages/airflow/example_dags/tutorial_taskflow_api_virtualenv.py for tasks to queue
[2026-01-09T12:23:09.115+0000] {logging_mixin.py:188} INFO - [2026-01-09T12:23:09.115+0000] {dagbag.py:538} INFO - Filling up the DagBag from /home/airflow/.local/lib/python3.8/site-packages/airflow/example_dags/tutorial_taskflow_api_virtualenv.py
[2026-01-09T12:23:09.137+0000] {processor.py:840} INFO - DAG(s) 'tutorial_taskflow_api_virtualenv' retrieved from /home/airflow/.local/lib/python3.8/site-packages/airflow/example_dags/tutorial_taskflow_api_virtualenv.py
[2026-01-09T12:23:09.180+0000] {logging_mixin.py:188} INFO - [2026-01-09T12:23:09.180+0000] {dag.py:3036} INFO - Sync 1 DAGs
[2026-01-09T12:23:09.203+0000] {logging_mixin.py:188} INFO - [2026-01-09T12:23:09.203+0000] {dag.py:3823} INFO - Setting next_dagrun for tutorial_taskflow_api_virtualenv to None, run_after=None
[2026-01-09T12:23:09.257+0000] {processor.py:183} INFO - Processing /home/airflow/.local/lib/python3.8/site-packages/airflow/example_dags/tutorial_taskflow_api_virtualenv.py took 0.153 seconds
[2026-01-09T12:23:40.746+0000] {processor.py:161} INFO - Started process (PID=7386) to work on /home/airflow/.local/lib/python3.8/site-packages/airflow/example_dags/tutorial_taskflow_api_virtualenv.py
[2026-01-09T12:23:40.749+0000] {processor.py:830} INFO - Processing file /home/airflow/.local/lib/python3.8/site-packages/airflow/example_dags/tutorial_taskflow_api_virtualenv.py for tasks to queue
[2026-01-09T12:23:40.751+0000] {logging_mixin.py:188} INFO - [2026-01-09T12:23:40.750+0000] {dagbag.py:538} INFO - Filling up the DagBag from /home/airflow/.local/lib/python3.8/site-packages/airflow/example_dags/tutorial_taskflow_api_virtualenv.py
[2026-01-09T12:23:40.778+0000] {processor.py:840} INFO - DAG(s) 'tutorial_taskflow_api_virtualenv' retrieved from /home/airflow/.local/lib/python3.8/site-packages/airflow/example_dags/tutorial_taskflow_api_virtualenv.py
[2026-01-09T12:23:40.837+0000] {logging_mixin.py:188} INFO - [2026-01-09T12:23:40.836+0000] {dag.py:3036} INFO - Sync 1 DAGs
[2026-01-09T12:23:40.863+0000] {logging_mixin.py:188} INFO - [2026-01-09T12:23:40.863+0000] {dag.py:3823} INFO - Setting next_dagrun for tutorial_taskflow_api_virtualenv to None, run_after=None
[2026-01-09T12:23:40.916+0000] {processor.py:183} INFO - Processing /home/airflow/.local/lib/python3.8/site-packages/airflow/example_dags/tutorial_taskflow_api_virtualenv.py took 0.177 seconds
[2026-01-09T12:24:11.061+0000] {processor.py:161} INFO - Started process (PID=7634) to work on /home/airflow/.local/lib/python3.8/site-packages/airflow/example_dags/tutorial_taskflow_api_virtualenv.py
[2026-01-09T12:24:11.063+0000] {processor.py:830} INFO - Processing file /home/airflow/.local/lib/python3.8/site-packages/airflow/example_dags/tutorial_taskflow_api_virtualenv.py for tasks to queue
[2026-01-09T12:24:11.065+0000] {logging_mixin.py:188} INFO - [2026-01-09T12:24:11.064+0000] {dagbag.py:538} INFO - Filling up the DagBag from /home/airflow/.local/lib/python3.8/site-packages/airflow/example_dags/tutorial_taskflow_api_virtualenv.py
[2026-01-09T12:24:11.086+0000] {processor.py:840} INFO - DAG(s) 'tutorial_taskflow_api_virtualenv' retrieved from /home/airflow/.local/lib/python3.8/site-packages/airflow/example_dags/tutorial_taskflow_api_virtualenv.py
[2026-01-09T12:24:11.133+0000] {logging_mixin.py:188} INFO - [2026-01-09T12:24:11.132+0000] {dag.py:3036} INFO - Sync 1 DAGs
[2026-01-09T12:24:11.165+0000] {logging_mixin.py:188} INFO - [2026-01-09T12:24:11.165+0000] {dag.py:3823} INFO - Setting next_dagrun for tutorial_taskflow_api_virtualenv to None, run_after=None
[2026-01-09T12:24:11.210+0000] {processor.py:183} INFO - Processing /home/airflow/.local/lib/python3.8/site-packages/airflow/example_dags/tutorial_taskflow_api_virtualenv.py took 0.156 seconds
[2026-01-09T12:24:41.469+0000] {processor.py:161} INFO - Started process (PID=7877) to work on /home/airflow/.local/lib/python3.8/site-packages/airflow/example_dags/tutorial_taskflow_api_virtualenv.py
[2026-01-09T12:24:41.472+0000] {processor.py:830} INFO - Processing file /home/airflow/.local/lib/python3.8/site-packages/airflow/example_dags/tutorial_taskflow_api_virtualenv.py for tasks to queue
[2026-01-09T12:24:41.474+0000] {logging_mixin.py:188} INFO - [2026-01-09T12:24:41.473+0000] {dagbag.py:538} INFO - Filling up the DagBag from /home/airflow/.local/lib/python3.8/site-packages/airflow/example_dags/tutorial_taskflow_api_virtualenv.py
[2026-01-09T12:24:41.497+0000] {processor.py:840} INFO - DAG(s) 'tutorial_taskflow_api_virtualenv' retrieved from /home/airflow/.local/lib/python3.8/site-packages/airflow/example_dags/tutorial_taskflow_api_virtualenv.py
[2026-01-09T12:24:41.546+0000] {logging_mixin.py:188} INFO - [2026-01-09T12:24:41.546+0000] {dag.py:3036} INFO - Sync 1 DAGs
[2026-01-09T12:24:41.571+0000] {logging_mixin.py:188} INFO - [2026-01-09T12:24:41.570+0000] {dag.py:3823} INFO - Setting next_dagrun for tutorial_taskflow_api_virtualenv to None, run_after=None
[2026-01-09T12:24:41.614+0000] {processor.py:183} INFO - Processing /home/airflow/.local/lib/python3.8/site-packages/airflow/example_dags/tutorial_taskflow_api_virtualenv.py took 0.151 seconds
[2026-01-09T12:25:11.740+0000] {processor.py:161} INFO - Started process (PID=8122) to work on /home/airflow/.local/lib/python3.8/site-packages/airflow/example_dags/tutorial_taskflow_api_virtualenv.py
[2026-01-09T12:25:11.742+0000] {processor.py:830} INFO - Processing file /home/airflow/.local/lib/python3.8/site-packages/airflow/example_dags/tutorial_taskflow_api_virtualenv.py for tasks to queue
[2026-01-09T12:25:11.744+0000] {logging_mixin.py:188} INFO - [2026-01-09T12:25:11.743+0000] {dagbag.py:538} INFO - Filling up the DagBag from /home/airflow/.local/lib/python3.8/site-packages/airflow/example_dags/tutorial_taskflow_api_virtualenv.py
[2026-01-09T12:25:11.764+0000] {processor.py:840} INFO - DAG(s) 'tutorial_taskflow_api_virtualenv' retrieved from /home/airflow/.local/lib/python3.8/site-packages/airflow/example_dags/tutorial_taskflow_api_virtualenv.py
[2026-01-09T12:25:11.806+0000] {logging_mixin.py:188} INFO - [2026-01-09T12:25:11.806+0000] {dag.py:3036} INFO - Sync 1 DAGs
[2026-01-09T12:25:11.834+0000] {logging_mixin.py:188} INFO - [2026-01-09T12:25:11.833+0000] {dag.py:3823} INFO - Setting next_dagrun for tutorial_taskflow_api_virtualenv to None, run_after=None
[2026-01-09T12:25:11.883+0000] {processor.py:183} INFO - Processing /home/airflow/.local/lib/python3.8/site-packages/airflow/example_dags/tutorial_taskflow_api_virtualenv.py took 0.155 seconds
[2026-01-09T12:25:42.207+0000] {processor.py:161} INFO - Started process (PID=8370) to work on /home/airflow/.local/lib/python3.8/site-packages/airflow/example_dags/tutorial_taskflow_api_virtualenv.py
[2026-01-09T12:25:42.250+0000] {processor.py:830} INFO - Processing file /home/airflow/.local/lib/python3.8/site-packages/airflow/example_dags/tutorial_taskflow_api_virtualenv.py for tasks to queue
[2026-01-09T12:25:42.251+0000] {logging_mixin.py:188} INFO - [2026-01-09T12:25:42.251+0000] {dagbag.py:538} INFO - Filling up the DagBag from /home/airflow/.local/lib/python3.8/site-packages/airflow/example_dags/tutorial_taskflow_api_virtualenv.py
[2026-01-09T12:25:42.279+0000] {processor.py:840} INFO - DAG(s) 'tutorial_taskflow_api_virtualenv' retrieved from /home/airflow/.local/lib/python3.8/site-packages/airflow/example_dags/tutorial_taskflow_api_virtualenv.py
[2026-01-09T12:25:42.318+0000] {logging_mixin.py:188} INFO - [2026-01-09T12:25:42.318+0000] {dag.py:3036} INFO - Sync 1 DAGs
[2026-01-09T12:25:42.341+0000] {logging_mixin.py:188} INFO - [2026-01-09T12:25:42.341+0000] {dag.py:3823} INFO - Setting next_dagrun for tutorial_taskflow_api_virtualenv to None, run_after=None
[2026-01-09T12:25:42.388+0000] {processor.py:183} INFO - Processing /home/airflow/.local/lib/python3.8/site-packages/airflow/example_dags/tutorial_taskflow_api_virtualenv.py took 0.211 seconds
[2026-01-09T12:26:13.031+0000] {processor.py:161} INFO - Started process (PID=8617) to work on /home/airflow/.local/lib/python3.8/site-packages/airflow/example_dags/tutorial_taskflow_api_virtualenv.py
[2026-01-09T12:26:13.040+0000] {processor.py:830} INFO - Processing file /home/airflow/.local/lib/python3.8/site-packages/airflow/example_dags/tutorial_taskflow_api_virtualenv.py for tasks to queue
[2026-01-09T12:26:13.042+0000] {logging_mixin.py:188} INFO - [2026-01-09T12:26:13.041+0000] {dagbag.py:538} INFO - Filling up the DagBag from /home/airflow/.local/lib/python3.8/site-packages/airflow/example_dags/tutorial_taskflow_api_virtualenv.py
[2026-01-09T12:26:13.063+0000] {processor.py:840} INFO - DAG(s) 'tutorial_taskflow_api_virtualenv' retrieved from /home/airflow/.local/lib/python3.8/site-packages/airflow/example_dags/tutorial_taskflow_api_virtualenv.py
[2026-01-09T12:26:13.103+0000] {logging_mixin.py:188} INFO - [2026-01-09T12:26:13.103+0000] {dag.py:3036} INFO - Sync 1 DAGs
[2026-01-09T12:26:13.124+0000] {logging_mixin.py:188} INFO - [2026-01-09T12:26:13.124+0000] {dag.py:3823} INFO - Setting next_dagrun for tutorial_taskflow_api_virtualenv to None, run_after=None
[2026-01-09T12:26:13.172+0000] {processor.py:183} INFO - Processing /home/airflow/.local/lib/python3.8/site-packages/airflow/example_dags/tutorial_taskflow_api_virtualenv.py took 0.147 seconds
[2026-01-09T12:26:43.438+0000] {processor.py:161} INFO - Started process (PID=8864) to work on /home/airflow/.local/lib/python3.8/site-packages/airflow/example_dags/tutorial_taskflow_api_virtualenv.py
[2026-01-09T12:26:43.441+0000] {processor.py:830} INFO - Processing file /home/airflow/.local/lib/python3.8/site-packages/airflow/example_dags/tutorial_taskflow_api_virtualenv.py for tasks to queue
[2026-01-09T12:26:43.443+0000] {logging_mixin.py:188} INFO - [2026-01-09T12:26:43.442+0000] {dagbag.py:538} INFO - Filling up the DagBag from /home/airflow/.local/lib/python3.8/site-packages/airflow/example_dags/tutorial_taskflow_api_virtualenv.py
[2026-01-09T12:26:43.471+0000] {processor.py:840} INFO - DAG(s) 'tutorial_taskflow_api_virtualenv' retrieved from /home/airflow/.local/lib/python3.8/site-packages/airflow/example_dags/tutorial_taskflow_api_virtualenv.py
[2026-01-09T12:26:43.517+0000] {logging_mixin.py:188} INFO - [2026-01-09T12:26:43.517+0000] {dag.py:3036} INFO - Sync 1 DAGs
[2026-01-09T12:26:43.540+0000] {logging_mixin.py:188} INFO - [2026-01-09T12:26:43.540+0000] {dag.py:3823} INFO - Setting next_dagrun for tutorial_taskflow_api_virtualenv to None, run_after=None
[2026-01-09T12:26:43.672+0000] {processor.py:183} INFO - Processing /home/airflow/.local/lib/python3.8/site-packages/airflow/example_dags/tutorial_taskflow_api_virtualenv.py took 0.242 seconds
[2026-01-09T12:27:14.513+0000] {processor.py:161} INFO - Started process (PID=9111) to work on /home/airflow/.local/lib/python3.8/site-packages/airflow/example_dags/tutorial_taskflow_api_virtualenv.py
[2026-01-09T12:27:14.520+0000] {processor.py:830} INFO - Processing file /home/airflow/.local/lib/python3.8/site-packages/airflow/example_dags/tutorial_taskflow_api_virtualenv.py for tasks to queue
[2026-01-09T12:27:14.521+0000] {logging_mixin.py:188} INFO - [2026-01-09T12:27:14.521+0000] {dagbag.py:538} INFO - Filling up the DagBag from /home/airflow/.local/lib/python3.8/site-packages/airflow/example_dags/tutorial_taskflow_api_virtualenv.py
[2026-01-09T12:27:14.540+0000] {processor.py:840} INFO - DAG(s) 'tutorial_taskflow_api_virtualenv' retrieved from /home/airflow/.local/lib/python3.8/site-packages/airflow/example_dags/tutorial_taskflow_api_virtualenv.py
[2026-01-09T12:27:14.579+0000] {logging_mixin.py:188} INFO - [2026-01-09T12:27:14.578+0000] {dag.py:3036} INFO - Sync 1 DAGs
[2026-01-09T12:27:14.598+0000] {logging_mixin.py:188} INFO - [2026-01-09T12:27:14.598+0000] {dag.py:3823} INFO - Setting next_dagrun for tutorial_taskflow_api_virtualenv to None, run_after=None
[2026-01-09T12:27:14.642+0000] {processor.py:183} INFO - Processing /home/airflow/.local/lib/python3.8/site-packages/airflow/example_dags/tutorial_taskflow_api_virtualenv.py took 0.136 seconds
[2026-01-09T12:27:45.280+0000] {processor.py:161} INFO - Started process (PID=9358) to work on /home/airflow/.local/lib/python3.8/site-packages/airflow/example_dags/tutorial_taskflow_api_virtualenv.py
[2026-01-09T12:27:45.283+0000] {processor.py:830} INFO - Processing file /home/airflow/.local/lib/python3.8/site-packages/airflow/example_dags/tutorial_taskflow_api_virtualenv.py for tasks to queue
[2026-01-09T12:27:45.285+0000] {logging_mixin.py:188} INFO - [2026-01-09T12:27:45.284+0000] {dagbag.py:538} INFO - Filling up the DagBag from /home/airflow/.local/lib/python3.8/site-packages/airflow/example_dags/tutorial_taskflow_api_virtualenv.py
[2026-01-09T12:27:45.310+0000] {processor.py:840} INFO - DAG(s) 'tutorial_taskflow_api_virtualenv' retrieved from /home/airflow/.local/lib/python3.8/site-packages/airflow/example_dags/tutorial_taskflow_api_virtualenv.py
[2026-01-09T12:27:45.353+0000] {logging_mixin.py:188} INFO - [2026-01-09T12:27:45.353+0000] {dag.py:3036} INFO - Sync 1 DAGs
[2026-01-09T12:27:45.375+0000] {logging_mixin.py:188} INFO - [2026-01-09T12:27:45.374+0000] {dag.py:3823} INFO - Setting next_dagrun for tutorial_taskflow_api_virtualenv to None, run_after=None
[2026-01-09T12:27:45.423+0000] {processor.py:183} INFO - Processing /home/airflow/.local/lib/python3.8/site-packages/airflow/example_dags/tutorial_taskflow_api_virtualenv.py took 0.150 seconds
[2026-01-09T12:28:16.065+0000] {processor.py:161} INFO - Started process (PID=9605) to work on /home/airflow/.local/lib/python3.8/site-packages/airflow/example_dags/tutorial_taskflow_api_virtualenv.py
[2026-01-09T12:28:16.067+0000] {processor.py:830} INFO - Processing file /home/airflow/.local/lib/python3.8/site-packages/airflow/example_dags/tutorial_taskflow_api_virtualenv.py for tasks to queue
[2026-01-09T12:28:16.070+0000] {logging_mixin.py:188} INFO - [2026-01-09T12:28:16.069+0000] {dagbag.py:538} INFO - Filling up the DagBag from /home/airflow/.local/lib/python3.8/site-packages/airflow/example_dags/tutorial_taskflow_api_virtualenv.py
[2026-01-09T12:28:16.094+0000] {processor.py:840} INFO - DAG(s) 'tutorial_taskflow_api_virtualenv' retrieved from /home/airflow/.local/lib/python3.8/site-packages/airflow/example_dags/tutorial_taskflow_api_virtualenv.py
[2026-01-09T12:28:16.138+0000] {logging_mixin.py:188} INFO - [2026-01-09T12:28:16.137+0000] {dag.py:3036} INFO - Sync 1 DAGs
[2026-01-09T12:28:16.159+0000] {logging_mixin.py:188} INFO - [2026-01-09T12:28:16.159+0000] {dag.py:3823} INFO - Setting next_dagrun for tutorial_taskflow_api_virtualenv to None, run_after=None
[2026-01-09T12:28:16.213+0000] {processor.py:183} INFO - Processing /home/airflow/.local/lib/python3.8/site-packages/airflow/example_dags/tutorial_taskflow_api_virtualenv.py took 0.155 seconds
[2026-01-09T12:28:46.774+0000] {processor.py:161} INFO - Started process (PID=9852) to work on /home/airflow/.local/lib/python3.8/site-packages/airflow/example_dags/tutorial_taskflow_api_virtualenv.py
[2026-01-09T12:28:46.777+0000] {processor.py:830} INFO - Processing file /home/airflow/.local/lib/python3.8/site-packages/airflow/example_dags/tutorial_taskflow_api_virtualenv.py for tasks to queue
[2026-01-09T12:28:46.779+0000] {logging_mixin.py:188} INFO - [2026-01-09T12:28:46.778+0000] {dagbag.py:538} INFO - Filling up the DagBag from /home/airflow/.local/lib/python3.8/site-packages/airflow/example_dags/tutorial_taskflow_api_virtualenv.py
[2026-01-09T12:28:46.820+0000] {processor.py:840} INFO - DAG(s) 'tutorial_taskflow_api_virtualenv' retrieved from /home/airflow/.local/lib/python3.8/site-packages/airflow/example_dags/tutorial_taskflow_api_virtualenv.py
[2026-01-09T12:28:46.892+0000] {logging_mixin.py:188} INFO - [2026-01-09T12:28:46.891+0000] {dag.py:3036} INFO - Sync 1 DAGs
[2026-01-09T12:28:46.968+0000] {logging_mixin.py:188} INFO - [2026-01-09T12:28:46.967+0000] {dag.py:3823} INFO - Setting next_dagrun for tutorial_taskflow_api_virtualenv to None, run_after=None
[2026-01-09T12:28:47.031+0000] {processor.py:183} INFO - Processing /home/airflow/.local/lib/python3.8/site-packages/airflow/example_dags/tutorial_taskflow_api_virtualenv.py took 0.268 seconds
[2026-01-09T12:29:17.253+0000] {processor.py:161} INFO - Started process (PID=10099) to work on /home/airflow/.local/lib/python3.8/site-packages/airflow/example_dags/tutorial_taskflow_api_virtualenv.py
[2026-01-09T12:29:17.255+0000] {processor.py:830} INFO - Processing file /home/airflow/.local/lib/python3.8/site-packages/airflow/example_dags/tutorial_taskflow_api_virtualenv.py for tasks to queue
[2026-01-09T12:29:17.257+0000] {logging_mixin.py:188} INFO - [2026-01-09T12:29:17.256+0000] {dagbag.py:538} INFO - Filling up the DagBag from /home/airflow/.local/lib/python3.8/site-packages/airflow/example_dags/tutorial_taskflow_api_virtualenv.py
[2026-01-09T12:29:17.275+0000] {processor.py:840} INFO - DAG(s) 'tutorial_taskflow_api_virtualenv' retrieved from /home/airflow/.local/lib/python3.8/site-packages/airflow/example_dags/tutorial_taskflow_api_virtualenv.py
[2026-01-09T12:29:17.319+0000] {logging_mixin.py:188} INFO - [2026-01-09T12:29:17.319+0000] {dag.py:3036} INFO - Sync 1 DAGs
[2026-01-09T12:29:17.339+0000] {logging_mixin.py:188} INFO - [2026-01-09T12:29:17.338+0000] {dag.py:3823} INFO - Setting next_dagrun for tutorial_taskflow_api_virtualenv to None, run_after=None
[2026-01-09T12:29:17.379+0000] {processor.py:183} INFO - Processing /home/airflow/.local/lib/python3.8/site-packages/airflow/example_dags/tutorial_taskflow_api_virtualenv.py took 0.133 seconds
[2026-01-09T12:29:48.116+0000] {processor.py:161} INFO - Started process (PID=10346) to work on /home/airflow/.local/lib/python3.8/site-packages/airflow/example_dags/tutorial_taskflow_api_virtualenv.py
[2026-01-09T12:29:48.118+0000] {processor.py:830} INFO - Processing file /home/airflow/.local/lib/python3.8/site-packages/airflow/example_dags/tutorial_taskflow_api_virtualenv.py for tasks to queue
[2026-01-09T12:29:48.119+0000] {logging_mixin.py:188} INFO - [2026-01-09T12:29:48.119+0000] {dagbag.py:538} INFO - Filling up the DagBag from /home/airflow/.local/lib/python3.8/site-packages/airflow/example_dags/tutorial_taskflow_api_virtualenv.py
[2026-01-09T12:29:48.139+0000] {processor.py:840} INFO - DAG(s) 'tutorial_taskflow_api_virtualenv' retrieved from /home/airflow/.local/lib/python3.8/site-packages/airflow/example_dags/tutorial_taskflow_api_virtualenv.py
[2026-01-09T12:29:48.187+0000] {logging_mixin.py:188} INFO - [2026-01-09T12:29:48.186+0000] {dag.py:3036} INFO - Sync 1 DAGs
[2026-01-09T12:29:48.225+0000] {logging_mixin.py:188} INFO - [2026-01-09T12:29:48.224+0000] {dag.py:3823} INFO - Setting next_dagrun for tutorial_taskflow_api_virtualenv to None, run_after=None
[2026-01-09T12:29:48.275+0000] {processor.py:183} INFO - Processing /home/airflow/.local/lib/python3.8/site-packages/airflow/example_dags/tutorial_taskflow_api_virtualenv.py took 0.166 seconds
[2026-01-09T12:30:18.897+0000] {processor.py:161} INFO - Started process (PID=10594) to work on /home/airflow/.local/lib/python3.8/site-packages/airflow/example_dags/tutorial_taskflow_api_virtualenv.py
[2026-01-09T12:30:18.899+0000] {processor.py:830} INFO - Processing file /home/airflow/.local/lib/python3.8/site-packages/airflow/example_dags/tutorial_taskflow_api_virtualenv.py for tasks to queue
[2026-01-09T12:30:18.901+0000] {logging_mixin.py:188} INFO - [2026-01-09T12:30:18.900+0000] {dagbag.py:538} INFO - Filling up the DagBag from /home/airflow/.local/lib/python3.8/site-packages/airflow/example_dags/tutorial_taskflow_api_virtualenv.py
[2026-01-09T12:30:18.924+0000] {processor.py:840} INFO - DAG(s) 'tutorial_taskflow_api_virtualenv' retrieved from /home/airflow/.local/lib/python3.8/site-packages/airflow/example_dags/tutorial_taskflow_api_virtualenv.py
[2026-01-09T12:30:18.981+0000] {logging_mixin.py:188} INFO - [2026-01-09T12:30:18.980+0000] {dag.py:3036} INFO - Sync 1 DAGs
[2026-01-09T12:30:19.005+0000] {logging_mixin.py:188} INFO - [2026-01-09T12:30:19.005+0000] {dag.py:3823} INFO - Setting next_dagrun for tutorial_taskflow_api_virtualenv to None, run_after=None
[2026-01-09T12:30:19.063+0000] {processor.py:183} INFO - Processing /home/airflow/.local/lib/python3.8/site-packages/airflow/example_dags/tutorial_taskflow_api_virtualenv.py took 0.172 seconds
[2026-01-09T12:30:49.574+0000] {processor.py:161} INFO - Started process (PID=10841) to work on /home/airflow/.local/lib/python3.8/site-packages/airflow/example_dags/tutorial_taskflow_api_virtualenv.py
[2026-01-09T12:30:49.577+0000] {processor.py:830} INFO - Processing file /home/airflow/.local/lib/python3.8/site-packages/airflow/example_dags/tutorial_taskflow_api_virtualenv.py for tasks to queue
[2026-01-09T12:30:49.578+0000] {logging_mixin.py:188} INFO - [2026-01-09T12:30:49.578+0000] {dagbag.py:538} INFO - Filling up the DagBag from /home/airflow/.local/lib/python3.8/site-packages/airflow/example_dags/tutorial_taskflow_api_virtualenv.py
[2026-01-09T12:30:49.599+0000] {processor.py:840} INFO - DAG(s) 'tutorial_taskflow_api_virtualenv' retrieved from /home/airflow/.local/lib/python3.8/site-packages/airflow/example_dags/tutorial_taskflow_api_virtualenv.py
[2026-01-09T12:30:49.635+0000] {logging_mixin.py:188} INFO - [2026-01-09T12:30:49.634+0000] {dag.py:3036} INFO - Sync 1 DAGs
[2026-01-09T12:30:49.659+0000] {logging_mixin.py:188} INFO - [2026-01-09T12:30:49.658+0000] {dag.py:3823} INFO - Setting next_dagrun for tutorial_taskflow_api_virtualenv to None, run_after=None
[2026-01-09T12:30:49.699+0000] {processor.py:183} INFO - Processing /home/airflow/.local/lib/python3.8/site-packages/airflow/example_dags/tutorial_taskflow_api_virtualenv.py took 0.132 seconds
[2026-01-09T12:31:19.969+0000] {processor.py:161} INFO - Started process (PID=11088) to work on /home/airflow/.local/lib/python3.8/site-packages/airflow/example_dags/tutorial_taskflow_api_virtualenv.py
[2026-01-09T12:31:19.971+0000] {processor.py:830} INFO - Processing file /home/airflow/.local/lib/python3.8/site-packages/airflow/example_dags/tutorial_taskflow_api_virtualenv.py for tasks to queue
[2026-01-09T12:31:19.973+0000] {logging_mixin.py:188} INFO - [2026-01-09T12:31:19.972+0000] {dagbag.py:538} INFO - Filling up the DagBag from /home/airflow/.local/lib/python3.8/site-packages/airflow/example_dags/tutorial_taskflow_api_virtualenv.py
[2026-01-09T12:31:19.996+0000] {processor.py:840} INFO - DAG(s) 'tutorial_taskflow_api_virtualenv' retrieved from /home/airflow/.local/lib/python3.8/site-packages/airflow/example_dags/tutorial_taskflow_api_virtualenv.py
[2026-01-09T12:31:20.051+0000] {logging_mixin.py:188} INFO - [2026-01-09T12:31:20.051+0000] {dag.py:3036} INFO - Sync 1 DAGs
[2026-01-09T12:31:20.075+0000] {logging_mixin.py:188} INFO - [2026-01-09T12:31:20.075+0000] {dag.py:3823} INFO - Setting next_dagrun for tutorial_taskflow_api_virtualenv to None, run_after=None
[2026-01-09T12:31:20.130+0000] {processor.py:183} INFO - Processing /home/airflow/.local/lib/python3.8/site-packages/airflow/example_dags/tutorial_taskflow_api_virtualenv.py took 0.169 seconds
[2026-01-09T12:31:50.620+0000] {processor.py:161} INFO - Started process (PID=11334) to work on /home/airflow/.local/lib/python3.8/site-packages/airflow/example_dags/tutorial_taskflow_api_virtualenv.py
[2026-01-09T12:31:50.623+0000] {processor.py:830} INFO - Processing file /home/airflow/.local/lib/python3.8/site-packages/airflow/example_dags/tutorial_taskflow_api_virtualenv.py for tasks to queue
[2026-01-09T12:31:50.624+0000] {logging_mixin.py:188} INFO - [2026-01-09T12:31:50.624+0000] {dagbag.py:538} INFO - Filling up the DagBag from /home/airflow/.local/lib/python3.8/site-packages/airflow/example_dags/tutorial_taskflow_api_virtualenv.py
[2026-01-09T12:31:50.644+0000] {processor.py:840} INFO - DAG(s) 'tutorial_taskflow_api_virtualenv' retrieved from /home/airflow/.local/lib/python3.8/site-packages/airflow/example_dags/tutorial_taskflow_api_virtualenv.py
[2026-01-09T12:31:50.684+0000] {logging_mixin.py:188} INFO - [2026-01-09T12:31:50.684+0000] {dag.py:3036} INFO - Sync 1 DAGs
[2026-01-09T12:31:50.703+0000] {logging_mixin.py:188} INFO - [2026-01-09T12:31:50.702+0000] {dag.py:3823} INFO - Setting next_dagrun for tutorial_taskflow_api_virtualenv to None, run_after=None
[2026-01-09T12:31:50.741+0000] {processor.py:183} INFO - Processing /home/airflow/.local/lib/python3.8/site-packages/airflow/example_dags/tutorial_taskflow_api_virtualenv.py took 0.127 seconds
[2026-01-09T12:32:21.285+0000] {processor.py:161} INFO - Started process (PID=11581) to work on /home/airflow/.local/lib/python3.8/site-packages/airflow/example_dags/tutorial_taskflow_api_virtualenv.py
[2026-01-09T12:32:21.289+0000] {processor.py:830} INFO - Processing file /home/airflow/.local/lib/python3.8/site-packages/airflow/example_dags/tutorial_taskflow_api_virtualenv.py for tasks to queue
[2026-01-09T12:32:21.292+0000] {logging_mixin.py:188} INFO - [2026-01-09T12:32:21.291+0000] {dagbag.py:538} INFO - Filling up the DagBag from /home/airflow/.local/lib/python3.8/site-packages/airflow/example_dags/tutorial_taskflow_api_virtualenv.py
[2026-01-09T12:32:21.335+0000] {processor.py:840} INFO - DAG(s) 'tutorial_taskflow_api_virtualenv' retrieved from /home/airflow/.local/lib/python3.8/site-packages/airflow/example_dags/tutorial_taskflow_api_virtualenv.py
[2026-01-09T12:32:21.432+0000] {logging_mixin.py:188} INFO - [2026-01-09T12:32:21.432+0000] {dag.py:3036} INFO - Sync 1 DAGs
[2026-01-09T12:32:21.466+0000] {logging_mixin.py:188} INFO - [2026-01-09T12:32:21.465+0000] {dag.py:3823} INFO - Setting next_dagrun for tutorial_taskflow_api_virtualenv to None, run_after=None
[2026-01-09T12:32:21.578+0000] {processor.py:183} INFO - Processing /home/airflow/.local/lib/python3.8/site-packages/airflow/example_dags/tutorial_taskflow_api_virtualenv.py took 0.308 seconds
[2026-01-09T12:32:51.892+0000] {processor.py:161} INFO - Started process (PID=11828) to work on /home/airflow/.local/lib/python3.8/site-packages/airflow/example_dags/tutorial_taskflow_api_virtualenv.py
[2026-01-09T12:32:51.894+0000] {processor.py:830} INFO - Processing file /home/airflow/.local/lib/python3.8/site-packages/airflow/example_dags/tutorial_taskflow_api_virtualenv.py for tasks to queue
[2026-01-09T12:32:51.896+0000] {logging_mixin.py:188} INFO - [2026-01-09T12:32:51.896+0000] {dagbag.py:538} INFO - Filling up the DagBag from /home/airflow/.local/lib/python3.8/site-packages/airflow/example_dags/tutorial_taskflow_api_virtualenv.py
[2026-01-09T12:32:51.919+0000] {processor.py:840} INFO - DAG(s) 'tutorial_taskflow_api_virtualenv' retrieved from /home/airflow/.local/lib/python3.8/site-packages/airflow/example_dags/tutorial_taskflow_api_virtualenv.py
[2026-01-09T12:32:51.973+0000] {logging_mixin.py:188} INFO - [2026-01-09T12:32:51.972+0000] {dag.py:3036} INFO - Sync 1 DAGs
[2026-01-09T12:32:51.997+0000] {logging_mixin.py:188} INFO - [2026-01-09T12:32:51.997+0000] {dag.py:3823} INFO - Setting next_dagrun for tutorial_taskflow_api_virtualenv to None, run_after=None
[2026-01-09T12:32:52.043+0000] {processor.py:183} INFO - Processing /home/airflow/.local/lib/python3.8/site-packages/airflow/example_dags/tutorial_taskflow_api_virtualenv.py took 0.160 seconds
[2026-01-09T12:33:22.478+0000] {processor.py:161} INFO - Started process (PID=12075) to work on /home/airflow/.local/lib/python3.8/site-packages/airflow/example_dags/tutorial_taskflow_api_virtualenv.py
[2026-01-09T12:33:22.480+0000] {processor.py:830} INFO - Processing file /home/airflow/.local/lib/python3.8/site-packages/airflow/example_dags/tutorial_taskflow_api_virtualenv.py for tasks to queue
[2026-01-09T12:33:22.481+0000] {logging_mixin.py:188} INFO - [2026-01-09T12:33:22.481+0000] {dagbag.py:538} INFO - Filling up the DagBag from /home/airflow/.local/lib/python3.8/site-packages/airflow/example_dags/tutorial_taskflow_api_virtualenv.py
[2026-01-09T12:33:22.500+0000] {processor.py:840} INFO - DAG(s) 'tutorial_taskflow_api_virtualenv' retrieved from /home/airflow/.local/lib/python3.8/site-packages/airflow/example_dags/tutorial_taskflow_api_virtualenv.py
[2026-01-09T12:33:22.543+0000] {logging_mixin.py:188} INFO - [2026-01-09T12:33:22.543+0000] {dag.py:3036} INFO - Sync 1 DAGs
[2026-01-09T12:33:22.570+0000] {logging_mixin.py:188} INFO - [2026-01-09T12:33:22.569+0000] {dag.py:3823} INFO - Setting next_dagrun for tutorial_taskflow_api_virtualenv to None, run_after=None
[2026-01-09T12:33:22.618+0000] {processor.py:183} INFO - Processing /home/airflow/.local/lib/python3.8/site-packages/airflow/example_dags/tutorial_taskflow_api_virtualenv.py took 0.147 seconds
[2026-01-09T12:33:53.288+0000] {processor.py:161} INFO - Started process (PID=12328) to work on /home/airflow/.local/lib/python3.8/site-packages/airflow/example_dags/tutorial_taskflow_api_virtualenv.py
[2026-01-09T12:33:53.291+0000] {processor.py:830} INFO - Processing file /home/airflow/.local/lib/python3.8/site-packages/airflow/example_dags/tutorial_taskflow_api_virtualenv.py for tasks to queue
[2026-01-09T12:33:53.295+0000] {logging_mixin.py:188} INFO - [2026-01-09T12:33:53.295+0000] {dagbag.py:538} INFO - Filling up the DagBag from /home/airflow/.local/lib/python3.8/site-packages/airflow/example_dags/tutorial_taskflow_api_virtualenv.py
[2026-01-09T12:33:53.316+0000] {processor.py:840} INFO - DAG(s) 'tutorial_taskflow_api_virtualenv' retrieved from /home/airflow/.local/lib/python3.8/site-packages/airflow/example_dags/tutorial_taskflow_api_virtualenv.py
[2026-01-09T12:33:53.361+0000] {logging_mixin.py:188} INFO - [2026-01-09T12:33:53.361+0000] {dag.py:3036} INFO - Sync 1 DAGs
[2026-01-09T12:33:53.389+0000] {logging_mixin.py:188} INFO - [2026-01-09T12:33:53.389+0000] {dag.py:3823} INFO - Setting next_dagrun for tutorial_taskflow_api_virtualenv to None, run_after=None
[2026-01-09T12:33:53.438+0000] {processor.py:183} INFO - Processing /home/airflow/.local/lib/python3.8/site-packages/airflow/example_dags/tutorial_taskflow_api_virtualenv.py took 0.159 seconds
[2026-01-09T12:34:23.774+0000] {processor.py:161} INFO - Started process (PID=12575) to work on /home/airflow/.local/lib/python3.8/site-packages/airflow/example_dags/tutorial_taskflow_api_virtualenv.py
[2026-01-09T12:34:23.775+0000] {processor.py:830} INFO - Processing file /home/airflow/.local/lib/python3.8/site-packages/airflow/example_dags/tutorial_taskflow_api_virtualenv.py for tasks to queue
[2026-01-09T12:34:23.777+0000] {logging_mixin.py:188} INFO - [2026-01-09T12:34:23.777+0000] {dagbag.py:538} INFO - Filling up the DagBag from /home/airflow/.local/lib/python3.8/site-packages/airflow/example_dags/tutorial_taskflow_api_virtualenv.py
[2026-01-09T12:34:23.800+0000] {processor.py:840} INFO - DAG(s) 'tutorial_taskflow_api_virtualenv' retrieved from /home/airflow/.local/lib/python3.8/site-packages/airflow/example_dags/tutorial_taskflow_api_virtualenv.py
[2026-01-09T12:34:23.843+0000] {logging_mixin.py:188} INFO - [2026-01-09T12:34:23.842+0000] {dag.py:3036} INFO - Sync 1 DAGs
[2026-01-09T12:34:23.865+0000] {logging_mixin.py:188} INFO - [2026-01-09T12:34:23.865+0000] {dag.py:3823} INFO - Setting next_dagrun for tutorial_taskflow_api_virtualenv to None, run_after=None
[2026-01-09T12:34:23.927+0000] {processor.py:183} INFO - Processing /home/airflow/.local/lib/python3.8/site-packages/airflow/example_dags/tutorial_taskflow_api_virtualenv.py took 0.165 seconds
[2026-01-09T12:34:54.575+0000] {processor.py:161} INFO - Started process (PID=12822) to work on /home/airflow/.local/lib/python3.8/site-packages/airflow/example_dags/tutorial_taskflow_api_virtualenv.py
[2026-01-09T12:34:54.578+0000] {processor.py:830} INFO - Processing file /home/airflow/.local/lib/python3.8/site-packages/airflow/example_dags/tutorial_taskflow_api_virtualenv.py for tasks to queue
[2026-01-09T12:34:54.579+0000] {logging_mixin.py:188} INFO - [2026-01-09T12:34:54.579+0000] {dagbag.py:538} INFO - Filling up the DagBag from /home/airflow/.local/lib/python3.8/site-packages/airflow/example_dags/tutorial_taskflow_api_virtualenv.py
[2026-01-09T12:34:54.599+0000] {processor.py:840} INFO - DAG(s) 'tutorial_taskflow_api_virtualenv' retrieved from /home/airflow/.local/lib/python3.8/site-packages/airflow/example_dags/tutorial_taskflow_api_virtualenv.py
[2026-01-09T12:34:54.639+0000] {logging_mixin.py:188} INFO - [2026-01-09T12:34:54.638+0000] {dag.py:3036} INFO - Sync 1 DAGs
[2026-01-09T12:34:54.660+0000] {logging_mixin.py:188} INFO - [2026-01-09T12:34:54.659+0000] {dag.py:3823} INFO - Setting next_dagrun for tutorial_taskflow_api_virtualenv to None, run_after=None
[2026-01-09T12:34:54.706+0000] {processor.py:183} INFO - Processing /home/airflow/.local/lib/python3.8/site-packages/airflow/example_dags/tutorial_taskflow_api_virtualenv.py took 0.137 seconds
[2026-01-09T12:35:25.232+0000] {processor.py:161} INFO - Started process (PID=13069) to work on /home/airflow/.local/lib/python3.8/site-packages/airflow/example_dags/tutorial_taskflow_api_virtualenv.py
[2026-01-09T12:35:25.234+0000] {processor.py:830} INFO - Processing file /home/airflow/.local/lib/python3.8/site-packages/airflow/example_dags/tutorial_taskflow_api_virtualenv.py for tasks to queue
[2026-01-09T12:35:25.236+0000] {logging_mixin.py:188} INFO - [2026-01-09T12:35:25.235+0000] {dagbag.py:538} INFO - Filling up the DagBag from /home/airflow/.local/lib/python3.8/site-packages/airflow/example_dags/tutorial_taskflow_api_virtualenv.py
[2026-01-09T12:35:25.263+0000] {processor.py:840} INFO - DAG(s) 'tutorial_taskflow_api_virtualenv' retrieved from /home/airflow/.local/lib/python3.8/site-packages/airflow/example_dags/tutorial_taskflow_api_virtualenv.py
[2026-01-09T12:35:25.327+0000] {logging_mixin.py:188} INFO - [2026-01-09T12:35:25.326+0000] {dag.py:3036} INFO - Sync 1 DAGs
[2026-01-09T12:35:25.354+0000] {logging_mixin.py:188} INFO - [2026-01-09T12:35:25.353+0000] {dag.py:3823} INFO - Setting next_dagrun for tutorial_taskflow_api_virtualenv to None, run_after=None
[2026-01-09T12:35:25.407+0000] {processor.py:183} INFO - Processing /home/airflow/.local/lib/python3.8/site-packages/airflow/example_dags/tutorial_taskflow_api_virtualenv.py took 0.183 seconds
[2026-01-09T12:35:55.836+0000] {processor.py:161} INFO - Started process (PID=13316) to work on /home/airflow/.local/lib/python3.8/site-packages/airflow/example_dags/tutorial_taskflow_api_virtualenv.py
[2026-01-09T12:35:55.838+0000] {processor.py:830} INFO - Processing file /home/airflow/.local/lib/python3.8/site-packages/airflow/example_dags/tutorial_taskflow_api_virtualenv.py for tasks to queue
[2026-01-09T12:35:55.840+0000] {logging_mixin.py:188} INFO - [2026-01-09T12:35:55.839+0000] {dagbag.py:538} INFO - Filling up the DagBag from /home/airflow/.local/lib/python3.8/site-packages/airflow/example_dags/tutorial_taskflow_api_virtualenv.py
[2026-01-09T12:35:55.860+0000] {processor.py:840} INFO - DAG(s) 'tutorial_taskflow_api_virtualenv' retrieved from /home/airflow/.local/lib/python3.8/site-packages/airflow/example_dags/tutorial_taskflow_api_virtualenv.py
[2026-01-09T12:35:55.902+0000] {logging_mixin.py:188} INFO - [2026-01-09T12:35:55.901+0000] {dag.py:3036} INFO - Sync 1 DAGs
[2026-01-09T12:35:55.925+0000] {logging_mixin.py:188} INFO - [2026-01-09T12:35:55.924+0000] {dag.py:3823} INFO - Setting next_dagrun for tutorial_taskflow_api_virtualenv to None, run_after=None
[2026-01-09T12:35:55.972+0000] {processor.py:183} INFO - Processing /home/airflow/.local/lib/python3.8/site-packages/airflow/example_dags/tutorial_taskflow_api_virtualenv.py took 0.143 seconds
[2026-01-09T12:36:26.690+0000] {processor.py:161} INFO - Started process (PID=13563) to work on /home/airflow/.local/lib/python3.8/site-packages/airflow/example_dags/tutorial_taskflow_api_virtualenv.py
[2026-01-09T12:36:26.691+0000] {processor.py:830} INFO - Processing file /home/airflow/.local/lib/python3.8/site-packages/airflow/example_dags/tutorial_taskflow_api_virtualenv.py for tasks to queue
[2026-01-09T12:36:26.693+0000] {logging_mixin.py:188} INFO - [2026-01-09T12:36:26.692+0000] {dagbag.py:538} INFO - Filling up the DagBag from /home/airflow/.local/lib/python3.8/site-packages/airflow/example_dags/tutorial_taskflow_api_virtualenv.py
[2026-01-09T12:36:26.714+0000] {processor.py:840} INFO - DAG(s) 'tutorial_taskflow_api_virtualenv' retrieved from /home/airflow/.local/lib/python3.8/site-packages/airflow/example_dags/tutorial_taskflow_api_virtualenv.py
[2026-01-09T12:36:26.754+0000] {logging_mixin.py:188} INFO - [2026-01-09T12:36:26.753+0000] {dag.py:3036} INFO - Sync 1 DAGs
[2026-01-09T12:36:26.777+0000] {logging_mixin.py:188} INFO - [2026-01-09T12:36:26.777+0000] {dag.py:3823} INFO - Setting next_dagrun for tutorial_taskflow_api_virtualenv to None, run_after=None
[2026-01-09T12:36:26.842+0000] {processor.py:183} INFO - Processing /home/airflow/.local/lib/python3.8/site-packages/airflow/example_dags/tutorial_taskflow_api_virtualenv.py took 0.159 seconds
[2026-01-09T12:36:57.049+0000] {processor.py:161} INFO - Started process (PID=13810) to work on /home/airflow/.local/lib/python3.8/site-packages/airflow/example_dags/tutorial_taskflow_api_virtualenv.py
[2026-01-09T12:36:57.053+0000] {processor.py:830} INFO - Processing file /home/airflow/.local/lib/python3.8/site-packages/airflow/example_dags/tutorial_taskflow_api_virtualenv.py for tasks to queue
[2026-01-09T12:36:57.054+0000] {logging_mixin.py:188} INFO - [2026-01-09T12:36:57.054+0000] {dagbag.py:538} INFO - Filling up the DagBag from /home/airflow/.local/lib/python3.8/site-packages/airflow/example_dags/tutorial_taskflow_api_virtualenv.py
[2026-01-09T12:36:57.070+0000] {processor.py:840} INFO - DAG(s) 'tutorial_taskflow_api_virtualenv' retrieved from /home/airflow/.local/lib/python3.8/site-packages/airflow/example_dags/tutorial_taskflow_api_virtualenv.py
[2026-01-09T12:36:57.109+0000] {logging_mixin.py:188} INFO - [2026-01-09T12:36:57.109+0000] {dag.py:3036} INFO - Sync 1 DAGs
[2026-01-09T12:36:57.131+0000] {logging_mixin.py:188} INFO - [2026-01-09T12:36:57.131+0000] {dag.py:3823} INFO - Setting next_dagrun for tutorial_taskflow_api_virtualenv to None, run_after=None
[2026-01-09T12:36:57.180+0000] {processor.py:183} INFO - Processing /home/airflow/.local/lib/python3.8/site-packages/airflow/example_dags/tutorial_taskflow_api_virtualenv.py took 0.137 seconds
[2026-01-09T12:37:27.520+0000] {processor.py:161} INFO - Started process (PID=14057) to work on /home/airflow/.local/lib/python3.8/site-packages/airflow/example_dags/tutorial_taskflow_api_virtualenv.py
[2026-01-09T12:37:27.522+0000] {processor.py:830} INFO - Processing file /home/airflow/.local/lib/python3.8/site-packages/airflow/example_dags/tutorial_taskflow_api_virtualenv.py for tasks to queue
[2026-01-09T12:37:27.524+0000] {logging_mixin.py:188} INFO - [2026-01-09T12:37:27.523+0000] {dagbag.py:538} INFO - Filling up the DagBag from /home/airflow/.local/lib/python3.8/site-packages/airflow/example_dags/tutorial_taskflow_api_virtualenv.py
[2026-01-09T12:37:27.544+0000] {processor.py:840} INFO - DAG(s) 'tutorial_taskflow_api_virtualenv' retrieved from /home/airflow/.local/lib/python3.8/site-packages/airflow/example_dags/tutorial_taskflow_api_virtualenv.py
[2026-01-09T12:37:27.590+0000] {logging_mixin.py:188} INFO - [2026-01-09T12:37:27.590+0000] {dag.py:3036} INFO - Sync 1 DAGs
[2026-01-09T12:37:27.617+0000] {logging_mixin.py:188} INFO - [2026-01-09T12:37:27.617+0000] {dag.py:3823} INFO - Setting next_dagrun for tutorial_taskflow_api_virtualenv to None, run_after=None
[2026-01-09T12:37:27.659+0000] {processor.py:183} INFO - Processing /home/airflow/.local/lib/python3.8/site-packages/airflow/example_dags/tutorial_taskflow_api_virtualenv.py took 0.148 seconds
[2026-01-09T12:37:58.205+0000] {processor.py:161} INFO - Started process (PID=14304) to work on /home/airflow/.local/lib/python3.8/site-packages/airflow/example_dags/tutorial_taskflow_api_virtualenv.py
[2026-01-09T12:37:58.207+0000] {processor.py:830} INFO - Processing file /home/airflow/.local/lib/python3.8/site-packages/airflow/example_dags/tutorial_taskflow_api_virtualenv.py for tasks to queue
[2026-01-09T12:37:58.209+0000] {logging_mixin.py:188} INFO - [2026-01-09T12:37:58.208+0000] {dagbag.py:538} INFO - Filling up the DagBag from /home/airflow/.local/lib/python3.8/site-packages/airflow/example_dags/tutorial_taskflow_api_virtualenv.py
[2026-01-09T12:37:58.228+0000] {processor.py:840} INFO - DAG(s) 'tutorial_taskflow_api_virtualenv' retrieved from /home/airflow/.local/lib/python3.8/site-packages/airflow/example_dags/tutorial_taskflow_api_virtualenv.py
[2026-01-09T12:37:58.266+0000] {logging_mixin.py:188} INFO - [2026-01-09T12:37:58.266+0000] {dag.py:3036} INFO - Sync 1 DAGs
[2026-01-09T12:37:58.287+0000] {logging_mixin.py:188} INFO - [2026-01-09T12:37:58.287+0000] {dag.py:3823} INFO - Setting next_dagrun for tutorial_taskflow_api_virtualenv to None, run_after=None
[2026-01-09T12:37:58.324+0000] {processor.py:183} INFO - Processing /home/airflow/.local/lib/python3.8/site-packages/airflow/example_dags/tutorial_taskflow_api_virtualenv.py took 0.126 seconds
[2026-01-09T12:38:28.976+0000] {processor.py:161} INFO - Started process (PID=14551) to work on /home/airflow/.local/lib/python3.8/site-packages/airflow/example_dags/tutorial_taskflow_api_virtualenv.py
[2026-01-09T12:38:28.982+0000] {processor.py:830} INFO - Processing file /home/airflow/.local/lib/python3.8/site-packages/airflow/example_dags/tutorial_taskflow_api_virtualenv.py for tasks to queue
[2026-01-09T12:38:28.984+0000] {logging_mixin.py:188} INFO - [2026-01-09T12:38:28.983+0000] {dagbag.py:538} INFO - Filling up the DagBag from /home/airflow/.local/lib/python3.8/site-packages/airflow/example_dags/tutorial_taskflow_api_virtualenv.py
[2026-01-09T12:38:29.007+0000] {processor.py:840} INFO - DAG(s) 'tutorial_taskflow_api_virtualenv' retrieved from /home/airflow/.local/lib/python3.8/site-packages/airflow/example_dags/tutorial_taskflow_api_virtualenv.py
[2026-01-09T12:38:29.051+0000] {logging_mixin.py:188} INFO - [2026-01-09T12:38:29.051+0000] {dag.py:3036} INFO - Sync 1 DAGs
[2026-01-09T12:38:29.073+0000] {logging_mixin.py:188} INFO - [2026-01-09T12:38:29.073+0000] {dag.py:3823} INFO - Setting next_dagrun for tutorial_taskflow_api_virtualenv to None, run_after=None
[2026-01-09T12:38:29.128+0000] {processor.py:183} INFO - Processing /home/airflow/.local/lib/python3.8/site-packages/airflow/example_dags/tutorial_taskflow_api_virtualenv.py took 0.158 seconds
[2026-01-09T12:38:59.578+0000] {processor.py:161} INFO - Started process (PID=14798) to work on /home/airflow/.local/lib/python3.8/site-packages/airflow/example_dags/tutorial_taskflow_api_virtualenv.py
[2026-01-09T12:38:59.581+0000] {processor.py:830} INFO - Processing file /home/airflow/.local/lib/python3.8/site-packages/airflow/example_dags/tutorial_taskflow_api_virtualenv.py for tasks to queue
[2026-01-09T12:38:59.583+0000] {logging_mixin.py:188} INFO - [2026-01-09T12:38:59.582+0000] {dagbag.py:538} INFO - Filling up the DagBag from /home/airflow/.local/lib/python3.8/site-packages/airflow/example_dags/tutorial_taskflow_api_virtualenv.py
[2026-01-09T12:38:59.604+0000] {processor.py:840} INFO - DAG(s) 'tutorial_taskflow_api_virtualenv' retrieved from /home/airflow/.local/lib/python3.8/site-packages/airflow/example_dags/tutorial_taskflow_api_virtualenv.py
[2026-01-09T12:38:59.645+0000] {logging_mixin.py:188} INFO - [2026-01-09T12:38:59.645+0000] {dag.py:3036} INFO - Sync 1 DAGs
[2026-01-09T12:38:59.669+0000] {logging_mixin.py:188} INFO - [2026-01-09T12:38:59.669+0000] {dag.py:3823} INFO - Setting next_dagrun for tutorial_taskflow_api_virtualenv to None, run_after=None
[2026-01-09T12:38:59.718+0000] {processor.py:183} INFO - Processing /home/airflow/.local/lib/python3.8/site-packages/airflow/example_dags/tutorial_taskflow_api_virtualenv.py took 0.149 seconds
[2026-01-09T12:39:29.904+0000] {processor.py:161} INFO - Started process (PID=15045) to work on /home/airflow/.local/lib/python3.8/site-packages/airflow/example_dags/tutorial_taskflow_api_virtualenv.py
[2026-01-09T12:39:29.907+0000] {processor.py:830} INFO - Processing file /home/airflow/.local/lib/python3.8/site-packages/airflow/example_dags/tutorial_taskflow_api_virtualenv.py for tasks to queue
[2026-01-09T12:39:29.909+0000] {logging_mixin.py:188} INFO - [2026-01-09T12:39:29.908+0000] {dagbag.py:538} INFO - Filling up the DagBag from /home/airflow/.local/lib/python3.8/site-packages/airflow/example_dags/tutorial_taskflow_api_virtualenv.py
[2026-01-09T12:39:29.929+0000] {processor.py:840} INFO - DAG(s) 'tutorial_taskflow_api_virtualenv' retrieved from /home/airflow/.local/lib/python3.8/site-packages/airflow/example_dags/tutorial_taskflow_api_virtualenv.py
[2026-01-09T12:39:29.973+0000] {logging_mixin.py:188} INFO - [2026-01-09T12:39:29.972+0000] {dag.py:3036} INFO - Sync 1 DAGs
[2026-01-09T12:39:29.993+0000] {logging_mixin.py:188} INFO - [2026-01-09T12:39:29.993+0000] {dag.py:3823} INFO - Setting next_dagrun for tutorial_taskflow_api_virtualenv to None, run_after=None
[2026-01-09T12:39:30.038+0000] {processor.py:183} INFO - Processing /home/airflow/.local/lib/python3.8/site-packages/airflow/example_dags/tutorial_taskflow_api_virtualenv.py took 0.142 seconds
